number of parameters 4891722
Epoch 1
-------------------------------
loss: 2.364070  [    0/200000]
loss: 2.258806  [ 6400/200000]
loss: 2.222665  [12800/200000]
loss: 2.164983  [19200/200000]
loss: 2.072713  [25600/200000]
loss: 2.147425  [32000/200000]
loss: 2.033631  [38400/200000]
loss: 2.346285  [44800/200000]
loss: 2.173959  [51200/200000]
loss: 2.060640  [57600/200000]
loss: 2.049807  [64000/200000]
loss: 2.164781  [70400/200000]
loss: 2.012719  [76800/200000]
loss: 2.040288  [83200/200000]
loss: 2.020572  [89600/200000]
loss: 1.921483  [96000/200000]
loss: 2.105999  [102400/200000]
loss: 2.075180  [108800/200000]
loss: 2.040364  [115200/200000]
loss: 1.971445  [121600/200000]
loss: 1.920795  [128000/200000]
loss: 2.121548  [134400/200000]
loss: 1.947827  [140800/200000]
loss: 2.195417  [147200/200000]
loss: 2.133426  [153600/200000]
loss: 2.012034  [160000/200000]
loss: 1.823664  [166400/200000]
loss: 2.079305  [172800/200000]
loss: 2.087063  [179200/200000]
loss: 2.049273  [185600/200000]
loss: 2.028534  [192000/200000]
loss: 2.002100  [198400/200000]
Test Error: 
 Accuracy: 52.5%, Avg loss: 1.308524 

Epoch 2
-------------------------------
loss: 1.825638  [    0/200000]
loss: 2.024813  [ 6400/200000]
loss: 2.170210  [12800/200000]
loss: 1.994392  [19200/200000]
loss: 1.976358  [25600/200000]
loss: 2.156088  [32000/200000]
loss: 1.981091  [38400/200000]
loss: 2.076912  [44800/200000]
loss: 1.954450  [51200/200000]
loss: 1.899495  [57600/200000]
loss: 1.932287  [64000/200000]
loss: 1.926330  [70400/200000]
loss: 2.033339  [76800/200000]
loss: 1.902491  [83200/200000]
loss: 2.093260  [89600/200000]
loss: 1.905416  [96000/200000]
loss: 2.028170  [102400/200000]
loss: 1.915921  [108800/200000]
loss: 1.892710  [115200/200000]
loss: 2.141555  [121600/200000]
loss: 2.085228  [128000/200000]
loss: 1.926804  [134400/200000]
loss: 1.973993  [140800/200000]
loss: 1.635198  [147200/200000]
loss: 2.036207  [153600/200000]
loss: 1.851210  [160000/200000]
loss: 1.751600  [166400/200000]
loss: 1.950958  [172800/200000]
loss: 1.858665  [179200/200000]
loss: 1.747212  [185600/200000]
loss: 1.884483  [192000/200000]
loss: 1.857300  [198400/200000]
Test Error: 
 Accuracy: 60.4%, Avg loss: 1.187552 

Epoch 3
-------------------------------
loss: 2.016642  [    0/200000]
loss: 1.823355  [ 6400/200000]
loss: 1.908778  [12800/200000]
loss: 1.756883  [19200/200000]
loss: 1.869316  [25600/200000]
loss: 1.942066  [32000/200000]
loss: 1.833002  [38400/200000]
loss: 2.067550  [44800/200000]
loss: 2.024795  [51200/200000]
loss: 1.928359  [57600/200000]
loss: 1.904778  [64000/200000]
loss: 1.741085  [70400/200000]
loss: 1.694293  [76800/200000]
loss: 1.722981  [83200/200000]
loss: 1.988820  [89600/200000]
loss: 1.778074  [96000/200000]
loss: 1.793588  [102400/200000]
loss: 1.889787  [108800/200000]
loss: 1.999276  [115200/200000]
loss: 1.749504  [121600/200000]
loss: 1.871921  [128000/200000]
loss: 1.842381  [134400/200000]
loss: 1.821959  [140800/200000]
loss: 1.591708  [147200/200000]
loss: 1.809549  [153600/200000]
loss: 1.702632  [160000/200000]
loss: 1.923259  [166400/200000]
loss: 1.861400  [172800/200000]
loss: 1.846250  [179200/200000]
loss: 1.700908  [185600/200000]
loss: 1.832654  [192000/200000]
loss: 1.780083  [198400/200000]
Test Error: 
 Accuracy: 70.8%, Avg loss: 0.824108 

Epoch 4
-------------------------------
loss: 1.660354  [    0/200000]
loss: 1.818385  [ 6400/200000]
loss: 1.819939  [12800/200000]
loss: 1.642784  [19200/200000]
loss: 1.837793  [25600/200000]
loss: 1.875985  [32000/200000]
loss: 1.988619  [38400/200000]
loss: 1.806503  [44800/200000]
loss: 1.758056  [51200/200000]
loss: 1.849610  [57600/200000]
loss: 1.683475  [64000/200000]
loss: 1.742311  [70400/200000]
loss: 1.871506  [76800/200000]
loss: 1.792853  [83200/200000]
loss: 1.777891  [89600/200000]
loss: 1.806178  [96000/200000]
loss: 1.900041  [102400/200000]
loss: 1.731346  [108800/200000]
loss: 1.992008  [115200/200000]
loss: 1.700577  [121600/200000]
loss: 1.713032  [128000/200000]
loss: 1.749143  [134400/200000]
loss: 1.414597  [140800/200000]
loss: 1.833820  [147200/200000]
loss: 2.050309  [153600/200000]
loss: 1.804423  [160000/200000]
loss: 1.782285  [166400/200000]
loss: 1.846828  [172800/200000]
loss: 1.834698  [179200/200000]
loss: 1.784123  [185600/200000]
loss: 1.741143  [192000/200000]
loss: 1.769421  [198400/200000]
Test Error: 
 Accuracy: 75.4%, Avg loss: 0.711678 

Epoch 5
-------------------------------
loss: 1.628232  [    0/200000]
loss: 1.773052  [ 6400/200000]
loss: 1.622337  [12800/200000]
loss: 1.911436  [19200/200000]
loss: 1.929702  [25600/200000]
loss: 1.581651  [32000/200000]
loss: 1.714394  [38400/200000]
loss: 1.679475  [44800/200000]
loss: 1.799346  [51200/200000]
loss: 1.673648  [57600/200000]
loss: 1.566422  [64000/200000]
loss: 1.750529  [70400/200000]
loss: 1.779429  [76800/200000]
loss: 1.744249  [83200/200000]
loss: 1.838976  [89600/200000]
loss: 1.820441  [96000/200000]
loss: 1.727479  [102400/200000]
loss: 1.667511  [108800/200000]
loss: 1.827663  [115200/200000]
loss: 1.740530  [121600/200000]
loss: 1.701014  [128000/200000]
loss: 1.816831  [134400/200000]
loss: 1.849219  [140800/200000]
loss: 1.962652  [147200/200000]
loss: 1.752293  [153600/200000]
loss: 1.886932  [160000/200000]
loss: 1.803307  [166400/200000]
loss: 1.606711  [172800/200000]
loss: 1.599635  [179200/200000]
loss: 1.772115  [185600/200000]
loss: 1.742349  [192000/200000]
loss: 1.762953  [198400/200000]
Test Error: 
 Accuracy: 77.3%, Avg loss: 0.649795 

Epoch 6
-------------------------------
loss: 1.791346  [    0/200000]
loss: 1.778369  [ 6400/200000]
loss: 1.679256  [12800/200000]
loss: 1.708520  [19200/200000]
loss: 1.534883  [25600/200000]
loss: 1.691316  [32000/200000]
loss: 1.566996  [38400/200000]
loss: 1.468120  [44800/200000]
loss: 1.569504  [51200/200000]
loss: 1.906977  [57600/200000]
loss: 1.408345  [64000/200000]
loss: 1.608460  [70400/200000]
loss: 1.595697  [76800/200000]
loss: 1.695986  [83200/200000]
loss: 1.679303  [89600/200000]
loss: 1.581532  [96000/200000]
loss: 1.756691  [102400/200000]
loss: 1.450542  [108800/200000]
loss: 1.959476  [115200/200000]
loss: 1.811528  [121600/200000]
loss: 1.786160  [128000/200000]
loss: 1.511337  [134400/200000]
loss: 1.560316  [140800/200000]
loss: 1.587773  [147200/200000]
loss: 1.678691  [153600/200000]
loss: 1.628072  [160000/200000]
loss: 1.453725  [166400/200000]
loss: 1.559066  [172800/200000]
loss: 1.731883  [179200/200000]
loss: 1.515951  [185600/200000]
loss: 1.588714  [192000/200000]
loss: 1.592170  [198400/200000]
Test Error: 
 Accuracy: 80.2%, Avg loss: 0.578379 

Epoch 7
-------------------------------
loss: 1.465685  [    0/200000]
loss: 1.681336  [ 6400/200000]
loss: 1.637590  [12800/200000]
loss: 1.509205  [19200/200000]
loss: 1.525965  [25600/200000]
loss: 1.288784  [32000/200000]
loss: 1.410032  [38400/200000]
loss: 1.581676  [44800/200000]
loss: 1.769222  [51200/200000]
loss: 1.566331  [57600/200000]
loss: 1.542750  [64000/200000]
loss: 1.345783  [70400/200000]
loss: 1.542613  [76800/200000]
loss: 1.463681  [83200/200000]
loss: 1.481120  [89600/200000]
loss: 1.798511  [96000/200000]
loss: 1.711063  [102400/200000]
loss: 1.527696  [108800/200000]
loss: 1.685544  [115200/200000]
loss: 1.752392  [121600/200000]
loss: 1.660702  [128000/200000]
loss: 1.635792  [134400/200000]
loss: 1.621016  [140800/200000]
loss: 1.520014  [147200/200000]
loss: 1.830643  [153600/200000]
loss: 1.606727  [160000/200000]
loss: 1.744585  [166400/200000]
loss: 1.585839  [172800/200000]
loss: 1.624207  [179200/200000]
loss: 1.658486  [185600/200000]
loss: 1.627379  [192000/200000]
loss: 1.620584  [198400/200000]
Test Error: 
 Accuracy: 80.3%, Avg loss: 0.570975 

Epoch 8
-------------------------------
loss: 1.603728  [    0/200000]
loss: 1.516872  [ 6400/200000]
loss: 1.587536  [12800/200000]
loss: 1.456894  [19200/200000]
loss: 1.448769  [25600/200000]
loss: 1.287588  [32000/200000]
loss: 1.460650  [38400/200000]
loss: 1.318987  [44800/200000]
loss: 1.674433  [51200/200000]
loss: 1.448102  [57600/200000]
loss: 1.650396  [64000/200000]
loss: 1.501154  [70400/200000]
loss: 1.543214  [76800/200000]
loss: 1.589683  [83200/200000]
loss: 1.553725  [89600/200000]
loss: 1.687059  [96000/200000]
loss: 1.744471  [102400/200000]
loss: 1.423800  [108800/200000]
loss: 1.666109  [115200/200000]
loss: 1.446630  [121600/200000]
loss: 1.734542  [128000/200000]
loss: 1.639325  [134400/200000]
loss: 1.374721  [140800/200000]
loss: 1.568274  [147200/200000]
loss: 1.790676  [153600/200000]
loss: 1.752883  [160000/200000]
loss: 1.512464  [166400/200000]
loss: 1.467152  [172800/200000]
loss: 1.700882  [179200/200000]
loss: 1.825098  [185600/200000]
loss: 1.545352  [192000/200000]
loss: 1.586831  [198400/200000]
Test Error: 
 Accuracy: 81.7%, Avg loss: 0.541773 

Epoch 9
-------------------------------
loss: 1.599244  [    0/200000]
loss: 1.475856  [ 6400/200000]
loss: 1.470790  [12800/200000]
loss: 1.325430  [19200/200000]
loss: 1.802847  [25600/200000]
loss: 1.405400  [32000/200000]
loss: 1.577126  [38400/200000]
loss: 1.564882  [44800/200000]
loss: 1.442688  [51200/200000]
loss: 1.339939  [57600/200000]
loss: 1.667391  [64000/200000]
loss: 1.667837  [70400/200000]
loss: 1.731202  [76800/200000]
loss: 1.472056  [83200/200000]
loss: 1.775254  [89600/200000]
loss: 1.519104  [96000/200000]
loss: 1.467453  [102400/200000]
loss: 1.320629  [108800/200000]
loss: 1.539147  [115200/200000]
loss: 1.499267  [121600/200000]
loss: 1.460203  [128000/200000]
loss: 1.464323  [134400/200000]
loss: 1.582742  [140800/200000]
loss: 1.588919  [147200/200000]
loss: 1.585644  [153600/200000]
loss: 1.648855  [160000/200000]
loss: 1.580041  [166400/200000]
loss: 1.662208  [172800/200000]
loss: 1.602754  [179200/200000]
loss: 1.564873  [185600/200000]
loss: 1.475056  [192000/200000]
loss: 1.301229  [198400/200000]
Test Error: 
 Accuracy: 82.8%, Avg loss: 0.505520 

Epoch 10
-------------------------------
loss: 1.585778  [    0/200000]
loss: 1.631786  [ 6400/200000]
loss: 1.496140  [12800/200000]
loss: 1.412644  [19200/200000]
loss: 1.346040  [25600/200000]
loss: 1.326636  [32000/200000]
loss: 1.420934  [38400/200000]
loss: 1.714070  [44800/200000]
loss: 1.359111  [51200/200000]
loss: 1.361992  [57600/200000]
loss: 1.374796  [64000/200000]
loss: 1.135356  [70400/200000]
loss: 1.431060  [76800/200000]
loss: 1.353069  [83200/200000]
loss: 1.533047  [89600/200000]
loss: 1.390666  [96000/200000]
loss: 1.536869  [102400/200000]
loss: 1.706179  [108800/200000]
loss: 1.580540  [115200/200000]
loss: 1.268021  [121600/200000]
loss: 1.607854  [128000/200000]
loss: 1.143739  [134400/200000]
loss: 1.491739  [140800/200000]
loss: 1.437180  [147200/200000]
loss: 1.468094  [153600/200000]
loss: 1.360007  [160000/200000]
loss: 1.116470  [166400/200000]
loss: 1.435296  [172800/200000]
loss: 1.598277  [179200/200000]
loss: 1.353872  [185600/200000]
loss: 1.464172  [192000/200000]
loss: 1.226110  [198400/200000]
Test Error: 
 Accuracy: 83.5%, Avg loss: 0.506639 

Epoch 11
-------------------------------
loss: 1.212246  [    0/200000]
loss: 1.278314  [ 6400/200000]
loss: 1.409426  [12800/200000]
loss: 1.304698  [19200/200000]
loss: 1.360263  [25600/200000]
loss: 1.366858  [32000/200000]
loss: 1.124600  [38400/200000]
loss: 1.485954  [44800/200000]
loss: 1.230880  [51200/200000]
loss: 1.244651  [57600/200000]
loss: 1.308006  [64000/200000]
loss: 1.179453  [70400/200000]
loss: 1.459347  [76800/200000]
loss: 1.378707  [83200/200000]
loss: 1.281907  [89600/200000]
loss: 1.449822  [96000/200000]
loss: 1.260113  [102400/200000]
loss: 1.140725  [108800/200000]
loss: 1.305619  [115200/200000]
loss: 1.094725  [121600/200000]
loss: 1.238818  [128000/200000]
loss: 1.292851  [134400/200000]
loss: 1.500570  [140800/200000]
loss: 1.327453  [147200/200000]
loss: 1.432392  [153600/200000]
loss: 1.412201  [160000/200000]
loss: 1.493986  [166400/200000]
loss: 1.542552  [172800/200000]
loss: 1.413777  [179200/200000]
loss: 1.363126  [185600/200000]
loss: 1.455684  [192000/200000]
loss: 1.203245  [198400/200000]
Test Error: 
 Accuracy: 83.3%, Avg loss: 0.548821 

Epoch 12
-------------------------------
loss: 1.390692  [    0/200000]
loss: 1.320153  [ 6400/200000]
loss: 1.190758  [12800/200000]
loss: 1.196563  [19200/200000]
loss: 1.198767  [25600/200000]
loss: 1.183501  [32000/200000]
loss: 1.302009  [38400/200000]
loss: 1.041022  [44800/200000]
loss: 1.286574  [51200/200000]
loss: 1.264270  [57600/200000]
loss: 1.436794  [64000/200000]
loss: 1.382511  [70400/200000]
loss: 1.114693  [76800/200000]
loss: 1.219662  [83200/200000]
loss: 1.011309  [89600/200000]
loss: 1.395854  [96000/200000]
loss: 1.159425  [102400/200000]
loss: 1.188287  [108800/200000]
loss: 1.211392  [115200/200000]
loss: 1.241858  [121600/200000]
loss: 1.021717  [128000/200000]
loss: 1.172619  [134400/200000]
loss: 1.206211  [140800/200000]
loss: 1.251091  [147200/200000]
loss: 1.342366  [153600/200000]
loss: 1.206385  [160000/200000]
loss: 1.457860  [166400/200000]
loss: 1.218701  [172800/200000]
loss: 1.023459  [179200/200000]
loss: 1.391934  [185600/200000]
loss: 1.326188  [192000/200000]
loss: 1.149115  [198400/200000]
Test Error: 
 Accuracy: 84.3%, Avg loss: 0.528347 

Epoch 13
-------------------------------
loss: 1.039855  [    0/200000]
loss: 0.953459  [ 6400/200000]
loss: 1.160498  [12800/200000]
loss: 1.230122  [19200/200000]
loss: 1.091890  [25600/200000]
loss: 1.252889  [32000/200000]
loss: 1.257367  [38400/200000]
loss: 1.303891  [44800/200000]
loss: 1.303219  [51200/200000]
loss: 1.257161  [57600/200000]
loss: 1.117802  [64000/200000]
loss: 1.235108  [70400/200000]
loss: 1.248255  [76800/200000]
loss: 1.305941  [83200/200000]
loss: 1.049508  [89600/200000]
loss: 1.149098  [96000/200000]
loss: 1.081462  [102400/200000]
loss: 1.301207  [108800/200000]
loss: 1.121536  [115200/200000]
loss: 1.191000  [121600/200000]
loss: 1.331386  [128000/200000]
loss: 1.282633  [134400/200000]
loss: 0.842132  [140800/200000]
loss: 0.893126  [147200/200000]
loss: 1.248328  [153600/200000]
loss: 1.212800  [160000/200000]
loss: 1.015827  [166400/200000]
loss: 1.134418  [172800/200000]
loss: 1.175028  [179200/200000]
loss: 1.091962  [185600/200000]
loss: 1.297852  [192000/200000]
loss: 1.091201  [198400/200000]
Test Error: 
 Accuracy: 84.2%, Avg loss: 0.562200 

Epoch 14
-------------------------------
loss: 0.881569  [    0/200000]
loss: 0.826021  [ 6400/200000]
loss: 0.913833  [12800/200000]
loss: 0.938110  [19200/200000]
loss: 0.713281  [25600/200000]
loss: 0.899206  [32000/200000]
loss: 1.080925  [38400/200000]
loss: 0.973020  [44800/200000]
loss: 0.870870  [51200/200000]
loss: 1.032119  [57600/200000]
loss: 0.705908  [64000/200000]
loss: 0.787474  [70400/200000]
loss: 1.008145  [76800/200000]
loss: 0.937687  [83200/200000]
loss: 1.243878  [89600/200000]
loss: 0.940396  [96000/200000]
loss: 1.055397  [102400/200000]
loss: 0.933216  [108800/200000]
loss: 1.187666  [115200/200000]
loss: 1.109687  [121600/200000]
loss: 0.963739  [128000/200000]
loss: 0.853244  [134400/200000]
loss: 0.849256  [140800/200000]
loss: 1.067822  [147200/200000]
loss: 0.903827  [153600/200000]
loss: 1.095294  [160000/200000]
loss: 0.940286  [166400/200000]
loss: 1.100275  [172800/200000]
loss: 0.818452  [179200/200000]
loss: 0.936656  [185600/200000]
loss: 0.962980  [192000/200000]
loss: 0.865027  [198400/200000]
Test Error: 
 Accuracy: 84.0%, Avg loss: 0.597837 

Epoch 15
-------------------------------
loss: 0.857996  [    0/200000]
loss: 0.630181  [ 6400/200000]
loss: 0.546577  [12800/200000]
loss: 0.803331  [19200/200000]
loss: 0.668924  [25600/200000]
loss: 0.770382  [32000/200000]
loss: 0.708907  [38400/200000]
loss: 0.690176  [44800/200000]
loss: 0.965560  [51200/200000]
loss: 0.703453  [57600/200000]
loss: 0.974635  [64000/200000]
loss: 0.737971  [70400/200000]
loss: 0.855799  [76800/200000]
loss: 0.790985  [83200/200000]
loss: 0.890113  [89600/200000]
loss: 0.501488  [96000/200000]
loss: 0.692269  [102400/200000]
loss: 0.669529  [108800/200000]
loss: 0.681829  [115200/200000]
loss: 0.626296  [121600/200000]
loss: 0.777358  [128000/200000]
loss: 1.001238  [134400/200000]
loss: 0.976846  [140800/200000]
loss: 0.776580  [147200/200000]
loss: 0.701910  [153600/200000]
loss: 0.824933  [160000/200000]
loss: 0.803324  [166400/200000]
loss: 0.780674  [172800/200000]
loss: 0.872029  [179200/200000]
loss: 0.827207  [185600/200000]
loss: 0.717608  [192000/200000]
loss: 0.847622  [198400/200000]
Test Error: 
 Accuracy: 83.6%, Avg loss: 0.669757 

Epoch 16
-------------------------------
loss: 0.351273  [    0/200000]
loss: 0.605984  [ 6400/200000]
loss: 0.451182  [12800/200000]
loss: 0.450186  [19200/200000]
loss: 0.507006  [25600/200000]
loss: 0.519349  [32000/200000]
loss: 0.434157  [38400/200000]
loss: 0.680342  [44800/200000]
loss: 0.477627  [51200/200000]
loss: 0.511447  [57600/200000]
loss: 0.483573  [64000/200000]
loss: 0.600633  [70400/200000]
loss: 0.418165  [76800/200000]
loss: 0.582368  [83200/200000]
loss: 0.649168  [89600/200000]
loss: 0.686996  [96000/200000]
loss: 0.516882  [102400/200000]
loss: 0.526168  [108800/200000]
loss: 0.618737  [115200/200000]
loss: 0.732521  [121600/200000]
loss: 0.809971  [128000/200000]
loss: 0.610755  [134400/200000]
loss: 0.661343  [140800/200000]
loss: 0.676269  [147200/200000]
loss: 0.726044  [153600/200000]
loss: 0.664708  [160000/200000]
loss: 0.553765  [166400/200000]
loss: 0.622909  [172800/200000]
loss: 0.583326  [179200/200000]
loss: 0.616040  [185600/200000]
loss: 0.534673  [192000/200000]
loss: 0.702966  [198400/200000]
Test Error: 
 Accuracy: 83.1%, Avg loss: 0.716248 

Epoch 17
-------------------------------
loss: 0.557279  [    0/200000]
loss: 0.314328  [ 6400/200000]
loss: 0.260178  [12800/200000]
loss: 0.331403  [19200/200000]
loss: 0.455322  [25600/200000]
loss: 0.423966  [32000/200000]
loss: 0.281368  [38400/200000]
loss: 0.502542  [44800/200000]
loss: 0.390466  [51200/200000]
loss: 0.550548  [57600/200000]
loss: 0.431907  [64000/200000]
loss: 0.487415  [70400/200000]
loss: 0.328028  [76800/200000]
loss: 0.413514  [83200/200000]
loss: 0.324897  [89600/200000]
loss: 0.375426  [96000/200000]
loss: 0.465655  [102400/200000]
loss: 0.603571  [108800/200000]
loss: 0.485698  [115200/200000]
loss: 0.594781  [121600/200000]
loss: 0.402423  [128000/200000]
loss: 0.357022  [134400/200000]
loss: 0.526217  [140800/200000]
loss: 0.578718  [147200/200000]
loss: 0.570920  [153600/200000]
loss: 0.638075  [160000/200000]
loss: 0.492218  [166400/200000]
loss: 0.574298  [172800/200000]
loss: 0.607465  [179200/200000]
loss: 0.571325  [185600/200000]
loss: 0.450048  [192000/200000]
loss: 0.453237  [198400/200000]
Test Error: 
 Accuracy: 82.8%, Avg loss: 0.798909 

Epoch 18
-------------------------------
loss: 0.234011  [    0/200000]
loss: 0.384315  [ 6400/200000]
loss: 0.242638  [12800/200000]
loss: 0.297521  [19200/200000]
loss: 0.334651  [25600/200000]
loss: 0.144269  [32000/200000]
loss: 0.275468  [38400/200000]
loss: 0.280996  [44800/200000]
loss: 0.300103  [51200/200000]
loss: 0.350504  [57600/200000]
loss: 0.277764  [64000/200000]
loss: 0.229490  [70400/200000]
loss: 0.336108  [76800/200000]
loss: 0.243418  [83200/200000]
loss: 0.328818  [89600/200000]
loss: 0.536753  [96000/200000]
loss: 0.395819  [102400/200000]
loss: 0.226859  [108800/200000]
loss: 0.501198  [115200/200000]
loss: 0.392035  [121600/200000]
loss: 0.339984  [128000/200000]
loss: 0.611236  [134400/200000]
loss: 0.376574  [140800/200000]
loss: 0.313812  [147200/200000]
loss: 0.473358  [153600/200000]
loss: 0.686633  [160000/200000]
loss: 0.468341  [166400/200000]
loss: 0.498506  [172800/200000]
loss: 0.401839  [179200/200000]
loss: 0.302781  [185600/200000]
loss: 0.461905  [192000/200000]
loss: 0.440270  [198400/200000]
Test Error: 
 Accuracy: 82.0%, Avg loss: 0.825504 

Epoch 19
-------------------------------
loss: 0.226415  [    0/200000]
loss: 0.139439  [ 6400/200000]
loss: 0.207866  [12800/200000]
loss: 0.213537  [19200/200000]
loss: 0.331024  [25600/200000]
loss: 0.205276  [32000/200000]
loss: 0.219988  [38400/200000]
loss: 0.300107  [44800/200000]
loss: 0.214577  [51200/200000]
loss: 0.370881  [57600/200000]
loss: 0.227620  [64000/200000]
loss: 0.198385  [70400/200000]
loss: 0.184866  [76800/200000]
loss: 0.322599  [83200/200000]
loss: 0.235574  [89600/200000]
loss: 0.409962  [96000/200000]
loss: 0.443779  [102400/200000]
loss: 0.255450  [108800/200000]
loss: 0.268532  [115200/200000]
loss: 0.320147  [121600/200000]
loss: 0.343970  [128000/200000]
loss: 0.393373  [134400/200000]
loss: 0.354385  [140800/200000]
loss: 0.389593  [147200/200000]
loss: 0.179725  [153600/200000]
loss: 0.234896  [160000/200000]
loss: 0.332210  [166400/200000]
loss: 0.518213  [172800/200000]
loss: 0.406169  [179200/200000]
loss: 0.326160  [185600/200000]
loss: 0.364119  [192000/200000]
loss: 0.244933  [198400/200000]
Test Error: 
 Accuracy: 82.5%, Avg loss: 0.873036 

Epoch 20
-------------------------------
loss: 0.154956  [    0/200000]
loss: 0.198526  [ 6400/200000]
loss: 0.077058  [12800/200000]
loss: 0.199592  [19200/200000]
loss: 0.143180  [25600/200000]
loss: 0.178312  [32000/200000]
loss: 0.080800  [38400/200000]
loss: 0.169494  [44800/200000]
loss: 0.211255  [51200/200000]
loss: 0.123742  [57600/200000]
loss: 0.227121  [64000/200000]
loss: 0.351235  [70400/200000]
loss: 0.374015  [76800/200000]
loss: 0.278662  [83200/200000]
loss: 0.445129  [89600/200000]
loss: 0.149870  [96000/200000]
loss: 0.225274  [102400/200000]
loss: 0.296338  [108800/200000]
loss: 0.216835  [115200/200000]
loss: 0.149097  [121600/200000]
loss: 0.366135  [128000/200000]
loss: 0.234328  [134400/200000]
loss: 0.320954  [140800/200000]
loss: 0.285439  [147200/200000]
loss: 0.242656  [153600/200000]
loss: 0.241467  [160000/200000]
loss: 0.182904  [166400/200000]
loss: 0.179914  [172800/200000]
loss: 0.356642  [179200/200000]
loss: 0.358896  [185600/200000]
loss: 0.280666  [192000/200000]
loss: 0.369284  [198400/200000]
Test Error: 
 Accuracy: 82.6%, Avg loss: 0.959130 

Epoch 21
-------------------------------
loss: 0.145747  [    0/200000]
loss: 0.143034  [ 6400/200000]
loss: 0.151144  [12800/200000]
loss: 0.077718  [19200/200000]
loss: 0.114628  [25600/200000]
loss: 0.209145  [32000/200000]
loss: 0.398870  [38400/200000]
loss: 0.225729  [44800/200000]
loss: 0.242123  [51200/200000]
loss: 0.196572  [57600/200000]
loss: 0.214692  [64000/200000]
loss: 0.186208  [70400/200000]
loss: 0.213607  [76800/200000]
loss: 0.258455  [83200/200000]
loss: 0.128507  [89600/200000]
loss: 0.194395  [96000/200000]
loss: 0.280836  [102400/200000]
loss: 0.378403  [108800/200000]
loss: 0.091126  [115200/200000]
loss: 0.228692  [121600/200000]
loss: 0.156615  [128000/200000]
loss: 0.116825  [134400/200000]
loss: 0.359043  [140800/200000]
loss: 0.333925  [147200/200000]
loss: 0.150752  [153600/200000]
loss: 0.235469  [160000/200000]
loss: 0.211017  [166400/200000]
loss: 0.159894  [172800/200000]
loss: 0.389938  [179200/200000]
loss: 0.138380  [185600/200000]
loss: 0.242791  [192000/200000]
loss: 0.270087  [198400/200000]
Test Error: 
 Accuracy: 82.5%, Avg loss: 0.954870 

Epoch 22
-------------------------------
loss: 0.210398  [    0/200000]
loss: 0.102152  [ 6400/200000]
loss: 0.065350  [12800/200000]
loss: 0.141995  [19200/200000]
loss: 0.090927  [25600/200000]
loss: 0.213002  [32000/200000]
loss: 0.086930  [38400/200000]
loss: 0.093912  [44800/200000]
loss: 0.306892  [51200/200000]
loss: 0.127719  [57600/200000]
loss: 0.205907  [64000/200000]
loss: 0.302598  [70400/200000]
loss: 0.144046  [76800/200000]
loss: 0.122989  [83200/200000]
loss: 0.185669  [89600/200000]
loss: 0.291473  [96000/200000]
loss: 0.116581  [102400/200000]
loss: 0.189327  [108800/200000]
loss: 0.180362  [115200/200000]
loss: 0.201333  [121600/200000]
loss: 0.396593  [128000/200000]
loss: 0.121784  [134400/200000]
loss: 0.207303  [140800/200000]
loss: 0.173419  [147200/200000]
loss: 0.181732  [153600/200000]
loss: 0.130765  [160000/200000]
loss: 0.363742  [166400/200000]
loss: 0.110392  [172800/200000]
loss: 0.121768  [179200/200000]
loss: 0.153397  [185600/200000]
loss: 0.357336  [192000/200000]
loss: 0.298937  [198400/200000]
Test Error: 
 Accuracy: 81.9%, Avg loss: 0.997697 

Epoch 23
-------------------------------
loss: 0.116837  [    0/200000]
loss: 0.144812  [ 6400/200000]
loss: 0.064892  [12800/200000]
loss: 0.120598  [19200/200000]
loss: 0.101665  [25600/200000]
loss: 0.248227  [32000/200000]
loss: 0.113184  [38400/200000]
loss: 0.156667  [44800/200000]
loss: 0.117264  [51200/200000]
loss: 0.180624  [57600/200000]
loss: 0.176178  [64000/200000]
loss: 0.172767  [70400/200000]
loss: 0.209921  [76800/200000]
loss: 0.268811  [83200/200000]
loss: 0.154472  [89600/200000]
loss: 0.162462  [96000/200000]
loss: 0.201790  [102400/200000]
loss: 0.184883  [108800/200000]
loss: 0.214710  [115200/200000]
loss: 0.353551  [121600/200000]
loss: 0.210528  [128000/200000]
loss: 0.229709  [134400/200000]
loss: 0.191186  [140800/200000]
loss: 0.234554  [147200/200000]
loss: 0.222220  [153600/200000]
loss: 0.172963  [160000/200000]
loss: 0.205291  [166400/200000]
loss: 0.315349  [172800/200000]
loss: 0.385988  [179200/200000]
loss: 0.307287  [185600/200000]
loss: 0.196813  [192000/200000]
loss: 0.146240  [198400/200000]
Test Error: 
 Accuracy: 82.3%, Avg loss: 0.997248 

Epoch 24
-------------------------------
loss: 0.071758  [    0/200000]
loss: 0.129068  [ 6400/200000]
loss: 0.126326  [12800/200000]
loss: 0.028652  [19200/200000]
loss: 0.118952  [25600/200000]
loss: 0.046171  [32000/200000]
loss: 0.099630  [38400/200000]
loss: 0.105266  [44800/200000]
loss: 0.198677  [51200/200000]
loss: 0.378058  [57600/200000]
loss: 0.139961  [64000/200000]
loss: 0.110645  [70400/200000]
loss: 0.100567  [76800/200000]
loss: 0.159832  [83200/200000]
loss: 0.136485  [89600/200000]
loss: 0.104348  [96000/200000]
loss: 0.144773  [102400/200000]
loss: 0.198369  [108800/200000]
loss: 0.070751  [115200/200000]
loss: 0.201228  [121600/200000]
loss: 0.228723  [128000/200000]
loss: 0.143017  [134400/200000]
loss: 0.321486  [140800/200000]
loss: 0.200098  [147200/200000]
loss: 0.137825  [153600/200000]
loss: 0.238822  [160000/200000]
loss: 0.302943  [166400/200000]
loss: 0.285160  [172800/200000]
loss: 0.186400  [179200/200000]
loss: 0.139104  [185600/200000]
loss: 0.218301  [192000/200000]
loss: 0.175125  [198400/200000]
Test Error: 
 Accuracy: 82.1%, Avg loss: 1.010681 

Epoch 25
-------------------------------
loss: 0.079565  [    0/200000]
loss: 0.031915  [ 6400/200000]
loss: 0.071010  [12800/200000]
loss: 0.189833  [19200/200000]
loss: 0.043354  [25600/200000]
loss: 0.057234  [32000/200000]
loss: 0.119681  [38400/200000]
loss: 0.161590  [44800/200000]
loss: 0.097735  [51200/200000]
loss: 0.155596  [57600/200000]
loss: 0.157150  [64000/200000]
loss: 0.106791  [70400/200000]
loss: 0.195100  [76800/200000]
loss: 0.183778  [83200/200000]
loss: 0.246975  [89600/200000]
loss: 0.237175  [96000/200000]
loss: 0.086342  [102400/200000]
loss: 0.156016  [108800/200000]
loss: 0.131824  [115200/200000]
loss: 0.185011  [121600/200000]
loss: 0.363341  [128000/200000]
loss: 0.146022  [134400/200000]
loss: 0.094335  [140800/200000]
loss: 0.124942  [147200/200000]
loss: 0.171540  [153600/200000]
loss: 0.238273  [160000/200000]
loss: 0.163400  [166400/200000]
loss: 0.280688  [172800/200000]
loss: 0.170270  [179200/200000]
loss: 0.153719  [185600/200000]
loss: 0.235729  [192000/200000]
loss: 0.037481  [198400/200000]
Test Error: 
 Accuracy: 82.6%, Avg loss: 1.017005 

Epoch 26
-------------------------------
loss: 0.130708  [    0/200000]
loss: 0.064556  [ 6400/200000]
loss: 0.191680  [12800/200000]
loss: 0.160493  [19200/200000]
loss: 0.186915  [25600/200000]
loss: 0.081603  [32000/200000]
loss: 0.090768  [38400/200000]
loss: 0.123824  [44800/200000]
loss: 0.167484  [51200/200000]
loss: 0.223431  [57600/200000]
loss: 0.106991  [64000/200000]
loss: 0.068664  [70400/200000]
loss: 0.149044  [76800/200000]
loss: 0.258748  [83200/200000]
loss: 0.129633  [89600/200000]
loss: 0.129301  [96000/200000]
loss: 0.135347  [102400/200000]
loss: 0.211131  [108800/200000]
loss: 0.041864  [115200/200000]
loss: 0.111964  [121600/200000]
loss: 0.136539  [128000/200000]
loss: 0.174257  [134400/200000]
loss: 0.093214  [140800/200000]
loss: 0.148563  [147200/200000]
loss: 0.184510  [153600/200000]
loss: 0.169314  [160000/200000]
loss: 0.126929  [166400/200000]
loss: 0.220172  [172800/200000]
loss: 0.183006  [179200/200000]
loss: 0.063982  [185600/200000]
loss: 0.115232  [192000/200000]
loss: 0.095108  [198400/200000]
Test Error: 
 Accuracy: 82.1%, Avg loss: 1.026532 

Epoch 27
-------------------------------
loss: 0.063978  [    0/200000]
loss: 0.034014  [ 6400/200000]
loss: 0.110250  [12800/200000]
loss: 0.058616  [19200/200000]
loss: 0.093871  [25600/200000]
loss: 0.105415  [32000/200000]
loss: 0.119062  [38400/200000]
loss: 0.103464  [44800/200000]
loss: 0.202555  [51200/200000]
loss: 0.076617  [57600/200000]
loss: 0.163986  [64000/200000]
loss: 0.095735  [70400/200000]
loss: 0.090913  [76800/200000]
loss: 0.191420  [83200/200000]
loss: 0.074430  [89600/200000]
loss: 0.054516  [96000/200000]
loss: 0.147064  [102400/200000]
loss: 0.152427  [108800/200000]
loss: 0.202930  [115200/200000]
loss: 0.299889  [121600/200000]
loss: 0.130255  [128000/200000]
loss: 0.184503  [134400/200000]
loss: 0.209129  [140800/200000]
loss: 0.196279  [147200/200000]
loss: 0.148158  [153600/200000]
loss: 0.205147  [160000/200000]
loss: 0.280473  [166400/200000]
loss: 0.149610  [172800/200000]
loss: 0.038992  [179200/200000]
loss: 0.223216  [185600/200000]
loss: 0.231664  [192000/200000]
loss: 0.222231  [198400/200000]
Test Error: 
 Accuracy: 82.9%, Avg loss: 1.004293 

Epoch 28
-------------------------------
loss: 0.174759  [    0/200000]
loss: 0.042053  [ 6400/200000]
loss: 0.152403  [12800/200000]
loss: 0.082483  [19200/200000]
loss: 0.068360  [25600/200000]
loss: 0.090484  [32000/200000]
loss: 0.103154  [38400/200000]
loss: 0.072143  [44800/200000]
loss: 0.163636  [51200/200000]
loss: 0.227315  [57600/200000]
loss: 0.264106  [64000/200000]
loss: 0.064721  [70400/200000]
loss: 0.156942  [76800/200000]
loss: 0.142360  [83200/200000]
loss: 0.113933  [89600/200000]
loss: 0.091493  [96000/200000]
loss: 0.164486  [102400/200000]
loss: 0.198654  [108800/200000]
loss: 0.115534  [115200/200000]
loss: 0.270825  [121600/200000]
loss: 0.092635  [128000/200000]
loss: 0.104037  [134400/200000]
loss: 0.043441  [140800/200000]
loss: 0.114885  [147200/200000]
loss: 0.155779  [153600/200000]
loss: 0.279244  [160000/200000]
loss: 0.190045  [166400/200000]
loss: 0.123947  [172800/200000]
loss: 0.082218  [179200/200000]
loss: 0.172076  [185600/200000]
loss: 0.123069  [192000/200000]
loss: 0.162891  [198400/200000]
Test Error: 
 Accuracy: 82.4%, Avg loss: 1.026641 

Epoch 29
-------------------------------
loss: 0.065376  [    0/200000]
loss: 0.127765  [ 6400/200000]
loss: 0.159623  [12800/200000]
loss: 0.146122  [19200/200000]
loss: 0.038962  [25600/200000]
loss: 0.028533  [32000/200000]
loss: 0.073475  [38400/200000]
loss: 0.056925  [44800/200000]
loss: 0.081387  [51200/200000]
loss: 0.071241  [57600/200000]
loss: 0.139349  [64000/200000]
loss: 0.038262  [70400/200000]
loss: 0.207500  [76800/200000]
loss: 0.086117  [83200/200000]
loss: 0.088093  [89600/200000]
loss: 0.191282  [96000/200000]
loss: 0.134479  [102400/200000]
loss: 0.133600  [108800/200000]
loss: 0.173703  [115200/200000]
loss: 0.255347  [121600/200000]
loss: 0.089343  [128000/200000]
loss: 0.233997  [134400/200000]
loss: 0.256855  [140800/200000]
loss: 0.342262  [147200/200000]
loss: 0.074456  [153600/200000]
loss: 0.157819  [160000/200000]
loss: 0.215005  [166400/200000]
loss: 0.188816  [172800/200000]
loss: 0.069226  [179200/200000]
loss: 0.122227  [185600/200000]
loss: 0.085943  [192000/200000]
loss: 0.142673  [198400/200000]
Test Error: 
 Accuracy: 82.4%, Avg loss: 1.037562 

Epoch 30
-------------------------------
loss: 0.073736  [    0/200000]
loss: 0.039414  [ 6400/200000]
loss: 0.049190  [12800/200000]
loss: 0.125508  [19200/200000]
loss: 0.042342  [25600/200000]
loss: 0.156289  [32000/200000]
loss: 0.051257  [38400/200000]
loss: 0.079292  [44800/200000]
loss: 0.115220  [51200/200000]
loss: 0.072914  [57600/200000]
loss: 0.018622  [64000/200000]
loss: 0.098791  [70400/200000]
loss: 0.168014  [76800/200000]
loss: 0.129814  [83200/200000]
loss: 0.146183  [89600/200000]
loss: 0.102283  [96000/200000]
loss: 0.095334  [102400/200000]
loss: 0.166901  [108800/200000]
loss: 0.104179  [115200/200000]
loss: 0.102662  [121600/200000]
loss: 0.072371  [128000/200000]
loss: 0.078842  [134400/200000]
loss: 0.244086  [140800/200000]
loss: 0.197671  [147200/200000]
loss: 0.110645  [153600/200000]
loss: 0.201563  [160000/200000]
loss: 0.158821  [166400/200000]
loss: 0.188955  [172800/200000]
loss: 0.161488  [179200/200000]
loss: 0.120751  [185600/200000]
loss: 0.280468  [192000/200000]
loss: 0.038123  [198400/200000]
Test Error: 
 Accuracy: 83.2%, Avg loss: 1.043405 

Done!
max accuracy 84.34
average accuracy 82.83800000000002
