number of parameters 4891722
Epoch 1
-------------------------------
loss: 2.360013  [    0/50000]
loss: 2.065707  [ 6400/50000]
loss: 1.987869  [12800/50000]
loss: 1.774668  [19200/50000]
loss: 1.785811  [25600/50000]
loss: 1.866096  [32000/50000]
loss: 1.662618  [38400/50000]
loss: 1.517693  [44800/50000]
Test Error: 
 Accuracy: 41.7%, Avg loss: 1.591673 

Epoch 2
-------------------------------
loss: 1.499559  [    0/50000]
loss: 1.570436  [ 6400/50000]
loss: 1.391265  [12800/50000]
loss: 1.352843  [19200/50000]
loss: 1.571244  [25600/50000]
loss: 1.313005  [32000/50000]
loss: 1.440606  [38400/50000]
loss: 1.317451  [44800/50000]
Test Error: 
 Accuracy: 48.2%, Avg loss: 1.425475 

Epoch 3
-------------------------------
loss: 1.374444  [    0/50000]
loss: 1.148619  [ 6400/50000]
loss: 1.114863  [12800/50000]
loss: 1.347830  [19200/50000]
loss: 1.094853  [25600/50000]
loss: 1.326977  [32000/50000]
loss: 0.973459  [38400/50000]
loss: 1.137125  [44800/50000]
Test Error: 
 Accuracy: 52.0%, Avg loss: 1.347614 

Epoch 4
-------------------------------
loss: 1.283168  [    0/50000]
loss: 1.131190  [ 6400/50000]
loss: 0.992086  [12800/50000]
loss: 1.023203  [19200/50000]
loss: 0.941569  [25600/50000]
loss: 0.957178  [32000/50000]
loss: 1.006907  [38400/50000]
loss: 1.008663  [44800/50000]
Test Error: 
 Accuracy: 42.0%, Avg loss: 1.831129 

Epoch 5
-------------------------------
loss: 1.247903  [    0/50000]
loss: 1.001409  [ 6400/50000]
loss: 0.874289  [12800/50000]
loss: 0.939031  [19200/50000]
loss: 0.791443  [25600/50000]
loss: 1.058798  [32000/50000]
loss: 0.885894  [38400/50000]
loss: 0.923419  [44800/50000]
Test Error: 
 Accuracy: 52.4%, Avg loss: 1.390814 

Epoch 6
-------------------------------
loss: 0.926153  [    0/50000]
loss: 0.833360  [ 6400/50000]
loss: 0.956518  [12800/50000]
loss: 0.940403  [19200/50000]
loss: 1.001544  [25600/50000]
loss: 0.686696  [32000/50000]
loss: 0.716044  [38400/50000]
loss: 0.953363  [44800/50000]
Test Error: 
 Accuracy: 52.5%, Avg loss: 1.485332 

Epoch 7
-------------------------------
loss: 0.960871  [    0/50000]
loss: 0.756141  [ 6400/50000]
loss: 0.953486  [12800/50000]
loss: 0.602350  [19200/50000]
loss: 0.834365  [25600/50000]
loss: 0.821584  [32000/50000]
loss: 0.738400  [38400/50000]
loss: 0.683700  [44800/50000]
Test Error: 
 Accuracy: 62.1%, Avg loss: 1.113690 

Epoch 8
-------------------------------
loss: 0.675641  [    0/50000]
loss: 0.779438  [ 6400/50000]
loss: 0.859978  [12800/50000]
loss: 0.698242  [19200/50000]
loss: 0.732365  [25600/50000]
loss: 0.656582  [32000/50000]
loss: 0.669427  [38400/50000]
loss: 0.922467  [44800/50000]
Test Error: 
 Accuracy: 64.6%, Avg loss: 1.008617 

Epoch 9
-------------------------------
loss: 0.705382  [    0/50000]
loss: 0.566218  [ 6400/50000]
loss: 0.637338  [12800/50000]
loss: 0.611812  [19200/50000]
loss: 0.804246  [25600/50000]
loss: 0.816188  [32000/50000]
loss: 0.768749  [38400/50000]
loss: 0.592226  [44800/50000]
Test Error: 
 Accuracy: 62.8%, Avg loss: 1.086691 

Epoch 10
-------------------------------
loss: 0.431379  [    0/50000]
loss: 0.398960  [ 6400/50000]
loss: 0.532518  [12800/50000]
loss: 0.671138  [19200/50000]
loss: 0.585419  [25600/50000]
loss: 0.589828  [32000/50000]
loss: 0.599060  [38400/50000]
loss: 0.772680  [44800/50000]
Test Error: 
 Accuracy: 67.6%, Avg loss: 0.926090 

Epoch 11
-------------------------------
loss: 0.553203  [    0/50000]
loss: 0.610350  [ 6400/50000]
loss: 0.456468  [12800/50000]
loss: 0.489935  [19200/50000]
loss: 0.631184  [25600/50000]
loss: 0.490107  [32000/50000]
loss: 0.646948  [38400/50000]
loss: 0.416592  [44800/50000]
Test Error: 
 Accuracy: 54.9%, Avg loss: 1.481894 

Epoch 12
-------------------------------
loss: 0.636337  [    0/50000]
loss: 0.639991  [ 6400/50000]
loss: 0.341346  [12800/50000]
loss: 0.566973  [19200/50000]
loss: 0.395715  [25600/50000]
loss: 0.508425  [32000/50000]
loss: 0.556192  [38400/50000]
loss: 0.370019  [44800/50000]
Test Error: 
 Accuracy: 72.1%, Avg loss: 0.820775 

Epoch 13
-------------------------------
loss: 0.397238  [    0/50000]
loss: 0.410278  [ 6400/50000]
loss: 0.700512  [12800/50000]
loss: 0.475662  [19200/50000]
loss: 0.563461  [25600/50000]
loss: 0.358956  [32000/50000]
loss: 0.517183  [38400/50000]
loss: 0.502012  [44800/50000]
Test Error: 
 Accuracy: 50.7%, Avg loss: 1.875093 

Epoch 14
-------------------------------
loss: 0.452437  [    0/50000]
loss: 0.471290  [ 6400/50000]
loss: 0.292616  [12800/50000]
loss: 0.415665  [19200/50000]
loss: 0.396759  [25600/50000]
loss: 0.318434  [32000/50000]
loss: 0.337249  [38400/50000]
loss: 0.501783  [44800/50000]
Test Error: 
 Accuracy: 37.4%, Avg loss: 3.125115 

Epoch 15
-------------------------------
loss: 0.363506  [    0/50000]
loss: 0.445783  [ 6400/50000]
loss: 0.310507  [12800/50000]
loss: 0.603814  [19200/50000]
loss: 0.379041  [25600/50000]
loss: 0.263782  [32000/50000]
loss: 0.512273  [38400/50000]
loss: 0.278565  [44800/50000]
Test Error: 
 Accuracy: 61.5%, Avg loss: 1.417096 

Epoch 16
-------------------------------
loss: 0.528648  [    0/50000]
loss: 0.280196  [ 6400/50000]
loss: 0.214882  [12800/50000]
loss: 0.358162  [19200/50000]
loss: 0.225053  [25600/50000]
loss: 0.371126  [32000/50000]
loss: 0.479110  [38400/50000]
loss: 0.285671  [44800/50000]
Test Error: 
 Accuracy: 57.7%, Avg loss: 1.641885 

Epoch 17
-------------------------------
loss: 0.311576  [    0/50000]
loss: 0.422593  [ 6400/50000]
loss: 0.234800  [12800/50000]
loss: 0.256282  [19200/50000]
loss: 0.428067  [25600/50000]
loss: 0.258261  [32000/50000]
loss: 0.305673  [38400/50000]
loss: 0.220545  [44800/50000]
Test Error: 
 Accuracy: 64.5%, Avg loss: 1.251651 

Epoch 18
-------------------------------
loss: 0.307647  [    0/50000]
loss: 0.411576  [ 6400/50000]
loss: 0.212004  [12800/50000]
loss: 0.138972  [19200/50000]
loss: 0.258445  [25600/50000]
loss: 0.188587  [32000/50000]
loss: 0.214038  [38400/50000]
loss: 0.270241  [44800/50000]
Test Error: 
 Accuracy: 63.9%, Avg loss: 1.367435 

Epoch 19
-------------------------------
loss: 0.289906  [    0/50000]
loss: 0.224338  [ 6400/50000]
loss: 0.180798  [12800/50000]
loss: 0.238865  [19200/50000]
loss: 0.233232  [25600/50000]
loss: 0.178303  [32000/50000]
loss: 0.193982  [38400/50000]
loss: 0.366670  [44800/50000]
Test Error: 
 Accuracy: 38.7%, Avg loss: 4.912392 

Epoch 20
-------------------------------
loss: 0.315003  [    0/50000]
loss: 0.117420  [ 6400/50000]
loss: 0.159442  [12800/50000]
loss: 0.098082  [19200/50000]
loss: 0.190220  [25600/50000]
loss: 0.142879  [32000/50000]
loss: 0.242878  [38400/50000]
loss: 0.190684  [44800/50000]
Test Error: 
 Accuracy: 65.1%, Avg loss: 1.389200 

Epoch 21
-------------------------------
loss: 0.221225  [    0/50000]
loss: 0.132269  [ 6400/50000]
loss: 0.126251  [12800/50000]
loss: 0.223457  [19200/50000]
loss: 0.130795  [25600/50000]
loss: 0.148678  [32000/50000]
loss: 0.150385  [38400/50000]
loss: 0.138167  [44800/50000]
Test Error: 
 Accuracy: 44.2%, Avg loss: 4.197919 

Epoch 22
-------------------------------
loss: 0.231570  [    0/50000]
loss: 0.161931  [ 6400/50000]
loss: 0.106259  [12800/50000]
loss: 0.119601  [19200/50000]
loss: 0.110219  [25600/50000]
loss: 0.166156  [32000/50000]
loss: 0.168655  [38400/50000]
loss: 0.202324  [44800/50000]
Test Error: 
 Accuracy: 48.9%, Avg loss: 3.486862 

Epoch 23
-------------------------------
loss: 0.217495  [    0/50000]
loss: 0.088166  [ 6400/50000]
loss: 0.099331  [12800/50000]
loss: 0.104460  [19200/50000]
loss: 0.097626  [25600/50000]
loss: 0.101332  [32000/50000]
loss: 0.069955  [38400/50000]
loss: 0.103221  [44800/50000]
Test Error: 
 Accuracy: 31.8%, Avg loss: 4.631798 

Epoch 24
-------------------------------
loss: 0.597859  [    0/50000]
loss: 0.105328  [ 6400/50000]
loss: 0.147180  [12800/50000]
loss: 0.088493  [19200/50000]
loss: 0.036083  [25600/50000]
loss: 0.095765  [32000/50000]
loss: 0.086434  [38400/50000]
loss: 0.045465  [44800/50000]
Test Error: 
 Accuracy: 69.7%, Avg loss: 1.189702 

Epoch 25
-------------------------------
loss: 0.163381  [    0/50000]
loss: 0.124629  [ 6400/50000]
loss: 0.067640  [12800/50000]
loss: 0.068930  [19200/50000]
loss: 0.066323  [25600/50000]
loss: 0.044941  [32000/50000]
loss: 0.038741  [38400/50000]
loss: 0.079410  [44800/50000]
Test Error: 
 Accuracy: 67.3%, Avg loss: 1.372455 

Epoch 26
-------------------------------
loss: 0.085286  [    0/50000]
loss: 0.063685  [ 6400/50000]
loss: 0.020698  [12800/50000]
loss: 0.026950  [19200/50000]
loss: 0.040998  [25600/50000]
loss: 0.039894  [32000/50000]
loss: 0.102278  [38400/50000]
loss: 0.080927  [44800/50000]
Test Error: 
 Accuracy: 69.5%, Avg loss: 1.233990 

Epoch 27
-------------------------------
loss: 0.151857  [    0/50000]
loss: 0.030942  [ 6400/50000]
loss: 0.017975  [12800/50000]
loss: 0.031072  [19200/50000]
loss: 0.084979  [25600/50000]
loss: 0.039056  [32000/50000]
loss: 0.124898  [38400/50000]
loss: 0.057724  [44800/50000]
Test Error: 
 Accuracy: 69.7%, Avg loss: 1.201872 

Epoch 28
-------------------------------
loss: 0.077736  [    0/50000]
loss: 0.049535  [ 6400/50000]
loss: 0.069572  [12800/50000]
loss: 0.098863  [19200/50000]
loss: 0.037381  [25600/50000]
loss: 0.060164  [32000/50000]
loss: 0.043648  [38400/50000]
loss: 0.029489  [44800/50000]
Test Error: 
 Accuracy: 74.4%, Avg loss: 1.029361 

Epoch 29
-------------------------------
loss: 0.050260  [    0/50000]
loss: 0.052463  [ 6400/50000]
loss: 0.073039  [12800/50000]
loss: 0.022526  [19200/50000]
loss: 0.016961  [25600/50000]
loss: 0.036846  [32000/50000]
loss: 0.040209  [38400/50000]
loss: 0.014173  [44800/50000]
Test Error: 
 Accuracy: 73.0%, Avg loss: 1.031157 

Epoch 30
-------------------------------
loss: 0.046687  [    0/50000]
loss: 0.006159  [ 6400/50000]
loss: 0.055937  [12800/50000]
loss: 0.066862  [19200/50000]
loss: 0.023109  [25600/50000]
loss: 0.019824  [32000/50000]
loss: 0.011914  [38400/50000]
loss: 0.048819  [44800/50000]
Test Error: 
 Accuracy: 52.9%, Avg loss: 2.983504 

Done!
max accuracy 74.44
average accuracy 58.39200000000001
