number of parameters 4891722
Epoch 1
-------------------------------
loss: 2.492055  [    0/50000]
loss: 1.824717  [ 6400/50000]
loss: 1.768143  [12800/50000]
loss: 1.488733  [19200/50000]
loss: 1.657446  [25600/50000]
loss: 1.179604  [32000/50000]
loss: 1.192309  [38400/50000]
loss: 1.049873  [44800/50000]
Test Error: 
 Accuracy: 47.2%, Avg loss: 1.606629 

Epoch 2
-------------------------------
loss: 1.046690  [    0/50000]
loss: 0.920145  [ 6400/50000]
loss: 0.932830  [12800/50000]
loss: 0.980255  [19200/50000]
loss: 0.757778  [25600/50000]
loss: 0.922474  [32000/50000]
loss: 1.139551  [38400/50000]
loss: 0.860866  [44800/50000]
Test Error: 
 Accuracy: 66.8%, Avg loss: 0.964012 

Epoch 3
-------------------------------
loss: 0.739391  [    0/50000]
loss: 0.773338  [ 6400/50000]
loss: 0.648223  [12800/50000]
loss: 0.758534  [19200/50000]
loss: 0.615963  [25600/50000]
loss: 0.650779  [32000/50000]
loss: 0.820994  [38400/50000]
loss: 0.648938  [44800/50000]
Test Error: 
 Accuracy: 74.9%, Avg loss: 0.731673 

Epoch 4
-------------------------------
loss: 0.628823  [    0/50000]
loss: 0.566763  [ 6400/50000]
loss: 0.666032  [12800/50000]
loss: 0.610183  [19200/50000]
loss: 0.398065  [25600/50000]
loss: 0.745095  [32000/50000]
loss: 0.473247  [38400/50000]
loss: 0.499945  [44800/50000]
Test Error: 
 Accuracy: 72.8%, Avg loss: 0.785841 

Epoch 5
-------------------------------
loss: 0.526400  [    0/50000]
loss: 0.644283  [ 6400/50000]
loss: 0.452664  [12800/50000]
loss: 0.778962  [19200/50000]
loss: 0.576195  [25600/50000]
loss: 0.376090  [32000/50000]
loss: 0.345124  [38400/50000]
loss: 0.479583  [44800/50000]
Test Error: 
 Accuracy: 77.4%, Avg loss: 0.655134 

Epoch 6
-------------------------------
loss: 0.353724  [    0/50000]
loss: 0.370328  [ 6400/50000]
loss: 0.930164  [12800/50000]
loss: 0.316001  [19200/50000]
loss: 0.408300  [25600/50000]
loss: 0.417005  [32000/50000]
loss: 0.605858  [38400/50000]
loss: 0.406290  [44800/50000]
Test Error: 
 Accuracy: 79.8%, Avg loss: 0.595620 

Epoch 7
-------------------------------
loss: 0.305728  [    0/50000]
loss: 0.481318  [ 6400/50000]
loss: 0.378130  [12800/50000]
loss: 0.249616  [19200/50000]
loss: 0.498599  [25600/50000]
loss: 0.461224  [32000/50000]
loss: 0.459526  [38400/50000]
loss: 0.516982  [44800/50000]
Test Error: 
 Accuracy: 77.8%, Avg loss: 0.644795 

Epoch 8
-------------------------------
loss: 0.238442  [    0/50000]
loss: 0.254909  [ 6400/50000]
loss: 0.278337  [12800/50000]
loss: 0.242118  [19200/50000]
loss: 0.257179  [25600/50000]
loss: 0.310958  [32000/50000]
loss: 0.325057  [38400/50000]
loss: 0.396599  [44800/50000]
Test Error: 
 Accuracy: 81.3%, Avg loss: 0.551357 

Epoch 9
-------------------------------
loss: 0.243270  [    0/50000]
loss: 0.189297  [ 6400/50000]
loss: 0.280964  [12800/50000]
loss: 0.201290  [19200/50000]
loss: 0.227540  [25600/50000]
loss: 0.373787  [32000/50000]
loss: 0.396406  [38400/50000]
loss: 0.578317  [44800/50000]
Test Error: 
 Accuracy: 83.3%, Avg loss: 0.499891 

Epoch 10
-------------------------------
loss: 0.392920  [    0/50000]
loss: 0.115695  [ 6400/50000]
loss: 0.274338  [12800/50000]
loss: 0.269868  [19200/50000]
loss: 0.187743  [25600/50000]
loss: 0.151288  [32000/50000]
loss: 0.268544  [38400/50000]
loss: 0.310408  [44800/50000]
Test Error: 
 Accuracy: 83.4%, Avg loss: 0.515574 

Epoch 11
-------------------------------
loss: 0.501074  [    0/50000]
loss: 0.156434  [ 6400/50000]
loss: 0.604818  [12800/50000]
loss: 0.188784  [19200/50000]
loss: 0.319900  [25600/50000]
loss: 0.188008  [32000/50000]
loss: 0.208975  [38400/50000]
loss: 0.525884  [44800/50000]
Test Error: 
 Accuracy: 84.8%, Avg loss: 0.472297 

Epoch 12
-------------------------------
loss: 0.396013  [    0/50000]
loss: 0.163665  [ 6400/50000]
loss: 0.143146  [12800/50000]
loss: 0.175589  [19200/50000]
loss: 0.145653  [25600/50000]
loss: 0.242900  [32000/50000]
loss: 0.244743  [38400/50000]
loss: 0.188469  [44800/50000]
Test Error: 
 Accuracy: 85.1%, Avg loss: 0.445376 

Epoch 13
-------------------------------
loss: 0.248959  [    0/50000]
loss: 0.172335  [ 6400/50000]
loss: 0.139435  [12800/50000]
loss: 0.194023  [19200/50000]
loss: 0.385955  [25600/50000]
loss: 0.201990  [32000/50000]
loss: 0.329099  [38400/50000]
loss: 0.113908  [44800/50000]
Test Error: 
 Accuracy: 85.7%, Avg loss: 0.439635 

Epoch 14
-------------------------------
loss: 0.173680  [    0/50000]
loss: 0.112632  [ 6400/50000]
loss: 0.120689  [12800/50000]
loss: 0.193279  [19200/50000]
loss: 0.305544  [25600/50000]
loss: 0.100178  [32000/50000]
loss: 0.169544  [38400/50000]
loss: 0.272740  [44800/50000]
Test Error: 
 Accuracy: 84.7%, Avg loss: 0.497072 

Epoch 15
-------------------------------
loss: 0.113290  [    0/50000]
loss: 0.102672  [ 6400/50000]
loss: 0.171225  [12800/50000]
loss: 0.217079  [19200/50000]
loss: 0.138346  [25600/50000]
loss: 0.096010  [32000/50000]
loss: 0.147842  [38400/50000]
loss: 0.170888  [44800/50000]
Test Error: 
 Accuracy: 83.6%, Avg loss: 0.534240 

Epoch 16
-------------------------------
loss: 0.166899  [    0/50000]
loss: 0.126147  [ 6400/50000]
loss: 0.302825  [12800/50000]
loss: 0.129151  [19200/50000]
loss: 0.143360  [25600/50000]
loss: 0.188668  [32000/50000]
loss: 0.311547  [38400/50000]
loss: 0.243655  [44800/50000]
Test Error: 
 Accuracy: 86.2%, Avg loss: 0.453233 

Epoch 17
-------------------------------
loss: 0.080218  [    0/50000]
loss: 0.040221  [ 6400/50000]
loss: 0.071376  [12800/50000]
loss: 0.125282  [19200/50000]
loss: 0.230375  [25600/50000]
loss: 0.075712  [32000/50000]
loss: 0.170077  [38400/50000]
loss: 0.033462  [44800/50000]
Test Error: 
 Accuracy: 82.4%, Avg loss: 0.621626 

Epoch 18
-------------------------------
loss: 0.107262  [    0/50000]
loss: 0.091991  [ 6400/50000]
loss: 0.097803  [12800/50000]
loss: 0.169657  [19200/50000]
loss: 0.278918  [25600/50000]
loss: 0.131731  [32000/50000]
loss: 0.207378  [38400/50000]
loss: 0.159039  [44800/50000]
Test Error: 
 Accuracy: 84.2%, Avg loss: 0.557137 

Epoch 19
-------------------------------
loss: 0.071634  [    0/50000]
loss: 0.075532  [ 6400/50000]
loss: 0.104707  [12800/50000]
loss: 0.168001  [19200/50000]
loss: 0.100000  [25600/50000]
loss: 0.163439  [32000/50000]
loss: 0.183511  [38400/50000]
loss: 0.147200  [44800/50000]
Test Error: 
 Accuracy: 84.7%, Avg loss: 0.543603 

Epoch 20
-------------------------------
loss: 0.124979  [    0/50000]
loss: 0.151330  [ 6400/50000]
loss: 0.086096  [12800/50000]
loss: 0.085721  [19200/50000]
loss: 0.052851  [25600/50000]
loss: 0.143398  [32000/50000]
loss: 0.190676  [38400/50000]
loss: 0.131092  [44800/50000]
Test Error: 
 Accuracy: 86.3%, Avg loss: 0.472261 

Epoch 21
-------------------------------
loss: 0.062686  [    0/50000]
loss: 0.088217  [ 6400/50000]
loss: 0.038813  [12800/50000]
loss: 0.025544  [19200/50000]
loss: 0.246242  [25600/50000]
loss: 0.058192  [32000/50000]
loss: 0.070414  [38400/50000]
loss: 0.114198  [44800/50000]
Test Error: 
 Accuracy: 82.9%, Avg loss: 0.630700 

Epoch 22
-------------------------------
loss: 0.096696  [    0/50000]
loss: 0.071442  [ 6400/50000]
loss: 0.125359  [12800/50000]
loss: 0.122426  [19200/50000]
loss: 0.362979  [25600/50000]
loss: 0.082549  [32000/50000]
loss: 0.158224  [38400/50000]
loss: 0.319337  [44800/50000]
Test Error: 
 Accuracy: 83.5%, Avg loss: 0.620065 

Epoch 23
-------------------------------
loss: 0.188751  [    0/50000]
loss: 0.079251  [ 6400/50000]
loss: 0.051340  [12800/50000]
loss: 0.056294  [19200/50000]
loss: 0.040088  [25600/50000]
loss: 0.044362  [32000/50000]
loss: 0.215272  [38400/50000]
loss: 0.132970  [44800/50000]
Test Error: 
 Accuracy: 85.4%, Avg loss: 0.553487 

Epoch 24
-------------------------------
loss: 0.101706  [    0/50000]
loss: 0.089472  [ 6400/50000]
loss: 0.075350  [12800/50000]
loss: 0.229711  [19200/50000]
loss: 0.053882  [25600/50000]
loss: 0.107994  [32000/50000]
loss: 0.109779  [38400/50000]
loss: 0.211432  [44800/50000]
Test Error: 
 Accuracy: 85.2%, Avg loss: 0.541593 

Epoch 25
-------------------------------
loss: 0.051478  [    0/50000]
loss: 0.243758  [ 6400/50000]
loss: 0.044284  [12800/50000]
loss: 0.023213  [19200/50000]
loss: 0.039217  [25600/50000]
loss: 0.117058  [32000/50000]
loss: 0.095581  [38400/50000]
loss: 0.051390  [44800/50000]
Test Error: 
 Accuracy: 84.5%, Avg loss: 0.573830 

Epoch 26
-------------------------------
loss: 0.165753  [    0/50000]
loss: 0.088000  [ 6400/50000]
loss: 0.035443  [12800/50000]
loss: 0.014605  [19200/50000]
loss: 0.064948  [25600/50000]
loss: 0.035812  [32000/50000]
loss: 0.133443  [38400/50000]
loss: 0.062716  [44800/50000]
Test Error: 
 Accuracy: 85.4%, Avg loss: 0.515635 

Epoch 27
-------------------------------
loss: 0.103930  [    0/50000]
loss: 0.074024  [ 6400/50000]
loss: 0.055213  [12800/50000]
loss: 0.016348  [19200/50000]
loss: 0.064713  [25600/50000]
loss: 0.088895  [32000/50000]
loss: 0.087531  [38400/50000]
loss: 0.233576  [44800/50000]
Test Error: 
 Accuracy: 83.7%, Avg loss: 0.605144 

Epoch 28
-------------------------------
loss: 0.063967  [    0/50000]
loss: 0.067524  [ 6400/50000]
loss: 0.024629  [12800/50000]
loss: 0.128968  [19200/50000]
loss: 0.240678  [25600/50000]
loss: 0.114866  [32000/50000]
loss: 0.079832  [38400/50000]
loss: 0.069938  [44800/50000]
Test Error: 
 Accuracy: 85.3%, Avg loss: 0.539639 

Epoch 29
-------------------------------
loss: 0.052124  [    0/50000]
loss: 0.050567  [ 6400/50000]
loss: 0.064735  [12800/50000]
loss: 0.034627  [19200/50000]
loss: 0.189392  [25600/50000]
loss: 0.097539  [32000/50000]
loss: 0.054521  [38400/50000]
loss: 0.057026  [44800/50000]
Test Error: 
 Accuracy: 83.7%, Avg loss: 0.657041 

Epoch 30
-------------------------------
loss: 0.038917  [    0/50000]
loss: 0.016182  [ 6400/50000]
loss: 0.019778  [12800/50000]
loss: 0.067438  [19200/50000]
loss: 0.048260  [25600/50000]
loss: 0.079069  [32000/50000]
loss: 0.189450  [38400/50000]
loss: 0.216322  [44800/50000]
Test Error: 
 Accuracy: 84.5%, Avg loss: 0.580811 

Done!
max accuracy 86.33
average accuracy 84.59700000000001
