command config
N= 4
B= [5 5 5 5]
C1= 64
F= [3 3 3 3]
K= [1, 1, 1, 1]
P= 4
number of parameters 29986122
Epoch 1
-------------------------------
loss: 2.612001  [    0/50000]
loss: 2.057321  [ 6400/50000]
loss: 1.930265  [12800/50000]
loss: 1.755101  [19200/50000]
loss: 1.503484  [25600/50000]
loss: 1.506613  [32000/50000]
loss: 1.375614  [38400/50000]
loss: 1.553450  [44800/50000]
Test Error: 
 Accuracy: 45.3%, Avg loss: 1.509758 

Epoch 2
-------------------------------
loss: 1.420225  [    0/50000]
loss: 1.361882  [ 6400/50000]
loss: 1.093992  [12800/50000]
loss: 1.407934  [19200/50000]
loss: 0.940483  [25600/50000]
loss: 0.806491  [32000/50000]
loss: 1.013787  [38400/50000]
loss: 0.949955  [44800/50000]
Test Error: 
 Accuracy: 64.9%, Avg loss: 0.981949 

Epoch 3
-------------------------------
loss: 0.937258  [    0/50000]
loss: 0.796483  [ 6400/50000]
loss: 0.838243  [12800/50000]
loss: 1.197536  [19200/50000]
loss: 1.104645  [25600/50000]
loss: 0.709436  [32000/50000]
loss: 0.926500  [38400/50000]
loss: 0.882907  [44800/50000]
Test Error: 
 Accuracy: 72.9%, Avg loss: 0.786457 

Epoch 4
-------------------------------
loss: 0.644975  [    0/50000]
loss: 0.808538  [ 6400/50000]
loss: 0.623214  [12800/50000]
loss: 0.571976  [19200/50000]
loss: 0.448717  [25600/50000]
loss: 0.559872  [32000/50000]
loss: 0.482787  [38400/50000]
loss: 0.721835  [44800/50000]
Test Error: 
 Accuracy: 75.8%, Avg loss: 0.696861 

Epoch 5
-------------------------------
loss: 0.658077  [    0/50000]
loss: 0.603134  [ 6400/50000]
loss: 0.299285  [12800/50000]
loss: 0.690792  [19200/50000]
loss: 0.575477  [25600/50000]
loss: 0.781017  [32000/50000]
loss: 0.360942  [38400/50000]
loss: 0.449217  [44800/50000]
Test Error: 
 Accuracy: 80.5%, Avg loss: 0.563944 

Epoch 6
-------------------------------
loss: 0.625884  [    0/50000]
loss: 0.389149  [ 6400/50000]
loss: 0.317307  [12800/50000]
loss: 0.628520  [19200/50000]
loss: 0.706747  [25600/50000]
loss: 0.589461  [32000/50000]
loss: 0.308226  [38400/50000]
loss: 0.456490  [44800/50000]
Test Error: 
 Accuracy: 79.8%, Avg loss: 0.592596 

Epoch 7
-------------------------------
loss: 0.317867  [    0/50000]
loss: 0.349760  [ 6400/50000]
loss: 0.277299  [12800/50000]
loss: 0.400207  [19200/50000]
loss: 0.390900  [25600/50000]
loss: 0.577858  [32000/50000]
loss: 0.441713  [38400/50000]
loss: 0.469100  [44800/50000]
Test Error: 
 Accuracy: 82.3%, Avg loss: 0.550746 

Epoch 8
-------------------------------
loss: 0.248995  [    0/50000]
loss: 0.184467  [ 6400/50000]
loss: 0.339061  [12800/50000]
loss: 0.206850  [19200/50000]
loss: 0.377177  [25600/50000]
loss: 0.317254  [32000/50000]
loss: 0.136395  [38400/50000]
loss: 0.237279  [44800/50000]
Test Error: 
 Accuracy: 82.1%, Avg loss: 0.590047 

Epoch 9
-------------------------------
loss: 0.193092  [    0/50000]
loss: 0.098505  [ 6400/50000]
loss: 0.165719  [12800/50000]
loss: 0.108506  [19200/50000]
loss: 0.354003  [25600/50000]
loss: 0.232216  [32000/50000]
loss: 0.178116  [38400/50000]
loss: 0.129189  [44800/50000]
Test Error: 
 Accuracy: 82.5%, Avg loss: 0.612856 

Epoch 10
-------------------------------
loss: 0.082765  [    0/50000]
loss: 0.122416  [ 6400/50000]
loss: 0.030866  [12800/50000]
loss: 0.110750  [19200/50000]
loss: 0.168173  [25600/50000]
loss: 0.173143  [32000/50000]
loss: 0.185841  [38400/50000]
loss: 0.191200  [44800/50000]
Test Error: 
 Accuracy: 83.3%, Avg loss: 0.594084 

Epoch 11
-------------------------------
loss: 0.072048  [    0/50000]
loss: 0.075303  [ 6400/50000]
loss: 0.086051  [12800/50000]
loss: 0.049858  [19200/50000]
loss: 0.069412  [25600/50000]
loss: 0.035808  [32000/50000]
loss: 0.071644  [38400/50000]
loss: 0.087992  [44800/50000]
Test Error: 
 Accuracy: 83.2%, Avg loss: 0.685703 

Epoch 12
-------------------------------
loss: 0.096829  [    0/50000]
loss: 0.045410  [ 6400/50000]
loss: 0.068146  [12800/50000]
loss: 0.201686  [19200/50000]
loss: 0.133418  [25600/50000]
loss: 0.054441  [32000/50000]
loss: 0.079590  [38400/50000]
loss: 0.092525  [44800/50000]
Test Error: 
 Accuracy: 83.0%, Avg loss: 0.768142 

Epoch 13
-------------------------------
loss: 0.040198  [    0/50000]
loss: 0.042617  [ 6400/50000]
loss: 0.018383  [12800/50000]
loss: 0.049101  [19200/50000]
loss: 0.134464  [25600/50000]
loss: 0.085814  [32000/50000]
loss: 0.121985  [38400/50000]
loss: 0.102793  [44800/50000]
Test Error: 
 Accuracy: 84.2%, Avg loss: 0.686361 

Epoch 14
-------------------------------
loss: 0.009374  [    0/50000]
loss: 0.125417  [ 6400/50000]
loss: 0.124129  [12800/50000]
loss: 0.020307  [19200/50000]
loss: 0.005815  [25600/50000]
loss: 0.188897  [32000/50000]
loss: 0.026023  [38400/50000]
loss: 0.016182  [44800/50000]
Test Error: 
 Accuracy: 83.5%, Avg loss: 0.702567 

Epoch 15
-------------------------------
loss: 0.007255  [    0/50000]
loss: 0.056131  [ 6400/50000]
loss: 0.023526  [12800/50000]
loss: 0.100650  [19200/50000]
loss: 0.032555  [25600/50000]
loss: 0.025214  [32000/50000]
loss: 0.107270  [38400/50000]
loss: 0.016234  [44800/50000]
Test Error: 
 Accuracy: 83.8%, Avg loss: 0.715280 

Epoch 16
-------------------------------
loss: 0.152060  [    0/50000]
loss: 0.075201  [ 6400/50000]
loss: 0.018613  [12800/50000]
loss: 0.027863  [19200/50000]
loss: 0.031973  [25600/50000]
loss: 0.075520  [32000/50000]
loss: 0.062379  [38400/50000]
loss: 0.040262  [44800/50000]
Test Error: 
 Accuracy: 83.2%, Avg loss: 0.832205 

Epoch 17
-------------------------------
loss: 0.005493  [    0/50000]
loss: 0.017548  [ 6400/50000]
loss: 0.015000  [12800/50000]
loss: 0.018287  [19200/50000]
loss: 0.058574  [25600/50000]
loss: 0.006132  [32000/50000]
loss: 0.027856  [38400/50000]
loss: 0.081760  [44800/50000]
Test Error: 
 Accuracy: 83.1%, Avg loss: 0.806438 

Epoch 18
-------------------------------
loss: 0.005199  [    0/50000]
loss: 0.006821  [ 6400/50000]
loss: 0.022201  [12800/50000]
loss: 0.041040  [19200/50000]
loss: 0.107311  [25600/50000]
loss: 0.037118  [32000/50000]
loss: 0.020811  [38400/50000]
loss: 0.021634  [44800/50000]
Test Error: 
 Accuracy: 83.6%, Avg loss: 0.806021 

Epoch 19
-------------------------------
loss: 0.061388  [    0/50000]
loss: 0.006876  [ 6400/50000]
loss: 0.039053  [12800/50000]
loss: 0.008437  [19200/50000]
loss: 0.022055  [25600/50000]
loss: 0.005633  [32000/50000]
loss: 0.058964  [38400/50000]
loss: 0.017266  [44800/50000]
Test Error: 
 Accuracy: 85.4%, Avg loss: 0.713839 

Epoch 20
-------------------------------
loss: 0.022083  [    0/50000]
loss: 0.002521  [ 6400/50000]
loss: 0.005196  [12800/50000]
loss: 0.011503  [19200/50000]
loss: 0.055779  [25600/50000]
loss: 0.003327  [32000/50000]
loss: 0.055260  [38400/50000]
loss: 0.092310  [44800/50000]
Test Error: 
 Accuracy: 84.8%, Avg loss: 0.737166 

Epoch 21
-------------------------------
loss: 0.009435  [    0/50000]
loss: 0.001578  [ 6400/50000]
loss: 0.010783  [12800/50000]
loss: 0.023395  [19200/50000]
loss: 0.001571  [25600/50000]
loss: 0.012794  [32000/50000]
loss: 0.004373  [38400/50000]
loss: 0.008159  [44800/50000]
Test Error: 
 Accuracy: 84.1%, Avg loss: 0.812492 

Epoch 22
-------------------------------
loss: 0.085413  [    0/50000]
loss: 0.058098  [ 6400/50000]
loss: 0.006268  [12800/50000]
loss: 0.001887  [19200/50000]
loss: 0.004736  [25600/50000]
loss: 0.072755  [32000/50000]
loss: 0.001486  [38400/50000]
loss: 0.046342  [44800/50000]
Test Error: 
 Accuracy: 83.5%, Avg loss: 0.810708 

Epoch 23
-------------------------------
loss: 0.057204  [    0/50000]
loss: 0.002029  [ 6400/50000]
loss: 0.050735  [12800/50000]
loss: 0.132334  [19200/50000]
loss: 0.009274  [25600/50000]
loss: 0.039930  [32000/50000]
loss: 0.040159  [38400/50000]
loss: 0.035680  [44800/50000]
Test Error: 
 Accuracy: 83.9%, Avg loss: 0.856036 

Epoch 24
-------------------------------
loss: 0.047023  [    0/50000]
loss: 0.003476  [ 6400/50000]
loss: 0.024963  [12800/50000]
loss: 0.006628  [19200/50000]
loss: 0.044616  [25600/50000]
loss: 0.040293  [32000/50000]
loss: 0.065494  [38400/50000]
loss: 0.011810  [44800/50000]
Test Error: 
 Accuracy: 84.5%, Avg loss: 0.796744 

Epoch 25
-------------------------------
loss: 0.038015  [    0/50000]
loss: 0.001841  [ 6400/50000]
loss: 0.010242  [12800/50000]
loss: 0.003635  [19200/50000]
loss: 0.095327  [25600/50000]
loss: 0.028982  [32000/50000]
loss: 0.014948  [38400/50000]
loss: 0.075074  [44800/50000]
Test Error: 
 Accuracy: 84.2%, Avg loss: 0.789511 

Epoch 26
-------------------------------
loss: 0.001895  [    0/50000]
loss: 0.033847  [ 6400/50000]
loss: 0.001682  [12800/50000]
loss: 0.033697  [19200/50000]
loss: 0.052334  [25600/50000]
loss: 0.005724  [32000/50000]
loss: 0.000540  [38400/50000]
loss: 0.015770  [44800/50000]
Test Error: 
 Accuracy: 84.3%, Avg loss: 0.840134 

Epoch 27
-------------------------------
loss: 0.001620  [    0/50000]
loss: 0.001384  [ 6400/50000]
loss: 0.023241  [12800/50000]
loss: 0.008443  [19200/50000]
loss: 0.023958  [25600/50000]
loss: 0.012378  [32000/50000]
loss: 0.047124  [38400/50000]
loss: 0.005916  [44800/50000]
Test Error: 
 Accuracy: 84.2%, Avg loss: 0.829907 

Epoch 28
-------------------------------
loss: 0.004947  [    0/50000]
loss: 0.007332  [ 6400/50000]
loss: 0.002540  [12800/50000]
loss: 0.000332  [19200/50000]
loss: 0.010129  [25600/50000]
loss: 0.028334  [32000/50000]
loss: 0.028160  [38400/50000]
loss: 0.007774  [44800/50000]
Test Error: 
 Accuracy: 84.0%, Avg loss: 0.841433 

Epoch 29
-------------------------------
loss: 0.066758  [    0/50000]
loss: 0.001710  [ 6400/50000]
loss: 0.009288  [12800/50000]
loss: 0.006920  [19200/50000]
loss: 0.010737  [25600/50000]
loss: 0.027913  [32000/50000]
loss: 0.022097  [38400/50000]
loss: 0.019210  [44800/50000]
Test Error: 
 Accuracy: 84.9%, Avg loss: 0.774146 

Epoch 30
-------------------------------
loss: 0.003111  [    0/50000]
loss: 0.003430  [ 6400/50000]
loss: 0.020327  [12800/50000]
loss: 0.004054  [19200/50000]
loss: 0.027678  [25600/50000]
loss: 0.001748  [32000/50000]
loss: 0.002002  [38400/50000]
loss: 0.000740  [44800/50000]
Test Error: 
 Accuracy: 84.5%, Avg loss: 0.893424 

Done!
max accuracy 85.41
average accuracy 83.993
