command config
N= 3
B= [2 2 2]
C1= 16
F= [3 3 3]
K= [1, 1, 1]
P= 8
number of parameters 175258
Epoch 1
-------------------------------
loss: 2.361081  [    0/50000]
loss: 1.554745  [ 6400/50000]
loss: 1.252467  [12800/50000]
loss: 1.415110  [19200/50000]
loss: 1.034708  [25600/50000]
loss: 1.280446  [32000/50000]
loss: 1.254789  [38400/50000]
loss: 0.931483  [44800/50000]
Test Error: 
 Accuracy: 53.2%, Avg loss: 1.280134 

Epoch 2
-------------------------------
loss: 1.203271  [    0/50000]
loss: 0.901305  [ 6400/50000]
loss: 0.801699  [12800/50000]
loss: 0.903687  [19200/50000]
loss: 0.901873  [25600/50000]
loss: 0.830465  [32000/50000]
loss: 1.142278  [38400/50000]
loss: 0.816922  [44800/50000]
Test Error: 
 Accuracy: 66.7%, Avg loss: 0.938586 

Epoch 3
-------------------------------
loss: 0.652047  [    0/50000]
loss: 0.562125  [ 6400/50000]
loss: 0.690275  [12800/50000]
loss: 0.879201  [19200/50000]
loss: 0.575498  [25600/50000]
loss: 0.829138  [32000/50000]
loss: 0.840790  [38400/50000]
loss: 0.852906  [44800/50000]
Test Error: 
 Accuracy: 69.2%, Avg loss: 0.909345 

Epoch 4
-------------------------------
loss: 0.729114  [    0/50000]
loss: 0.637522  [ 6400/50000]
loss: 0.514572  [12800/50000]
loss: 0.814805  [19200/50000]
loss: 0.451119  [25600/50000]
loss: 0.820542  [32000/50000]
loss: 0.560741  [38400/50000]
loss: 0.503675  [44800/50000]
Test Error: 
 Accuracy: 71.7%, Avg loss: 0.833101 

Epoch 5
-------------------------------
loss: 0.615750  [    0/50000]
loss: 0.652100  [ 6400/50000]
loss: 0.671439  [12800/50000]
loss: 0.681857  [19200/50000]
loss: 0.624986  [25600/50000]
loss: 0.593359  [32000/50000]
loss: 0.630920  [38400/50000]
loss: 0.556629  [44800/50000]
Test Error: 
 Accuracy: 75.0%, Avg loss: 0.717215 

Epoch 6
-------------------------------
loss: 0.661496  [    0/50000]
loss: 0.408369  [ 6400/50000]
loss: 0.496846  [12800/50000]
loss: 0.428252  [19200/50000]
loss: 0.683989  [25600/50000]
loss: 0.308706  [32000/50000]
loss: 0.526876  [38400/50000]
loss: 0.585169  [44800/50000]
Test Error: 
 Accuracy: 77.5%, Avg loss: 0.651364 

Epoch 7
-------------------------------
loss: 0.415841  [    0/50000]
loss: 0.319682  [ 6400/50000]
loss: 0.534850  [12800/50000]
loss: 0.400623  [19200/50000]
loss: 0.310808  [25600/50000]
loss: 0.553231  [32000/50000]
loss: 0.399852  [38400/50000]
loss: 0.441636  [44800/50000]
Test Error: 
 Accuracy: 79.5%, Avg loss: 0.607910 

Epoch 8
-------------------------------
loss: 0.285985  [    0/50000]
loss: 0.433756  [ 6400/50000]
loss: 0.390082  [12800/50000]
loss: 0.379021  [19200/50000]
loss: 0.555143  [25600/50000]
loss: 0.398339  [32000/50000]
loss: 0.403044  [38400/50000]
loss: 0.236784  [44800/50000]
Test Error: 
 Accuracy: 78.3%, Avg loss: 0.642638 

Epoch 9
-------------------------------
loss: 0.328066  [    0/50000]
loss: 0.287738  [ 6400/50000]
loss: 0.378826  [12800/50000]
loss: 0.331909  [19200/50000]
loss: 0.366363  [25600/50000]
loss: 0.559812  [32000/50000]
loss: 0.441464  [38400/50000]
loss: 0.275916  [44800/50000]
Test Error: 
 Accuracy: 80.3%, Avg loss: 0.594016 

Epoch 10
-------------------------------
loss: 0.219854  [    0/50000]
loss: 0.388127  [ 6400/50000]
loss: 0.339318  [12800/50000]
loss: 0.367954  [19200/50000]
loss: 0.333680  [25600/50000]
loss: 0.427488  [32000/50000]
loss: 0.232824  [38400/50000]
loss: 0.301084  [44800/50000]
Test Error: 
 Accuracy: 80.1%, Avg loss: 0.593759 

Epoch 11
-------------------------------
loss: 0.292833  [    0/50000]
loss: 0.309565  [ 6400/50000]
loss: 0.198630  [12800/50000]
loss: 0.294724  [19200/50000]
loss: 0.408949  [25600/50000]
loss: 0.230884  [32000/50000]
loss: 0.190088  [38400/50000]
loss: 0.298261  [44800/50000]
Test Error: 
 Accuracy: 80.4%, Avg loss: 0.626651 

Epoch 12
-------------------------------
loss: 0.498585  [    0/50000]
loss: 0.274024  [ 6400/50000]
loss: 0.269295  [12800/50000]
loss: 0.192375  [19200/50000]
loss: 0.287710  [25600/50000]
loss: 0.342549  [32000/50000]
loss: 0.297576  [38400/50000]
loss: 0.221605  [44800/50000]
Test Error: 
 Accuracy: 78.7%, Avg loss: 0.685917 

Epoch 13
-------------------------------
loss: 0.188867  [    0/50000]
loss: 0.295524  [ 6400/50000]
loss: 0.228317  [12800/50000]
loss: 0.242594  [19200/50000]
loss: 0.235148  [25600/50000]
loss: 0.192360  [32000/50000]
loss: 0.170381  [38400/50000]
loss: 0.308260  [44800/50000]
Test Error: 
 Accuracy: 78.6%, Avg loss: 0.715576 

Epoch 14
-------------------------------
loss: 0.264578  [    0/50000]
loss: 0.106294  [ 6400/50000]
loss: 0.232596  [12800/50000]
loss: 0.172924  [19200/50000]
loss: 0.251490  [25600/50000]
loss: 0.301824  [32000/50000]
loss: 0.239435  [38400/50000]
loss: 0.109998  [44800/50000]
Test Error: 
 Accuracy: 80.1%, Avg loss: 0.679951 

Epoch 15
-------------------------------
loss: 0.055609  [    0/50000]
loss: 0.103422  [ 6400/50000]
loss: 0.366337  [12800/50000]
loss: 0.206145  [19200/50000]
loss: 0.274725  [25600/50000]
loss: 0.198216  [32000/50000]
loss: 0.142055  [38400/50000]
loss: 0.172217  [44800/50000]
Test Error: 
 Accuracy: 79.9%, Avg loss: 0.712637 

Epoch 16
-------------------------------
loss: 0.218178  [    0/50000]
loss: 0.213523  [ 6400/50000]
loss: 0.230779  [12800/50000]
loss: 0.106707  [19200/50000]
loss: 0.220040  [25600/50000]
loss: 0.116147  [32000/50000]
loss: 0.136478  [38400/50000]
loss: 0.310883  [44800/50000]
Test Error: 
 Accuracy: 79.8%, Avg loss: 0.731080 

Epoch 17
-------------------------------
loss: 0.275154  [    0/50000]
loss: 0.137777  [ 6400/50000]
loss: 0.128617  [12800/50000]
loss: 0.075294  [19200/50000]
loss: 0.252905  [25600/50000]
loss: 0.155298  [32000/50000]
loss: 0.226469  [38400/50000]
loss: 0.144718  [44800/50000]
Test Error: 
 Accuracy: 78.6%, Avg loss: 0.806698 

Epoch 18
-------------------------------
loss: 0.078043  [    0/50000]
loss: 0.186927  [ 6400/50000]
loss: 0.115477  [12800/50000]
loss: 0.078429  [19200/50000]
loss: 0.098158  [25600/50000]
loss: 0.152350  [32000/50000]
loss: 0.131227  [38400/50000]
loss: 0.204388  [44800/50000]
Test Error: 
 Accuracy: 79.1%, Avg loss: 0.786858 

Epoch 19
-------------------------------
loss: 0.081348  [    0/50000]
loss: 0.075062  [ 6400/50000]
loss: 0.096904  [12800/50000]
loss: 0.062432  [19200/50000]
loss: 0.155116  [25600/50000]
loss: 0.136631  [32000/50000]
loss: 0.273821  [38400/50000]
loss: 0.144025  [44800/50000]
Test Error: 
 Accuracy: 80.2%, Avg loss: 0.760126 

Epoch 20
-------------------------------
loss: 0.095632  [    0/50000]
loss: 0.108172  [ 6400/50000]
loss: 0.130226  [12800/50000]
loss: 0.160473  [19200/50000]
loss: 0.054426  [25600/50000]
loss: 0.129950  [32000/50000]
loss: 0.029129  [38400/50000]
loss: 0.115952  [44800/50000]
Test Error: 
 Accuracy: 79.5%, Avg loss: 0.847453 

Epoch 21
-------------------------------
loss: 0.037155  [    0/50000]
loss: 0.070604  [ 6400/50000]
loss: 0.088865  [12800/50000]
loss: 0.119665  [19200/50000]
loss: 0.149756  [25600/50000]
loss: 0.166268  [32000/50000]
loss: 0.118099  [38400/50000]
loss: 0.229786  [44800/50000]
Test Error: 
 Accuracy: 78.9%, Avg loss: 0.888302 

Epoch 22
-------------------------------
loss: 0.061623  [    0/50000]
loss: 0.060479  [ 6400/50000]
loss: 0.059373  [12800/50000]
loss: 0.067253  [19200/50000]
loss: 0.076369  [25600/50000]
loss: 0.076873  [32000/50000]
loss: 0.179691  [38400/50000]
loss: 0.055559  [44800/50000]
Test Error: 
 Accuracy: 78.4%, Avg loss: 0.909888 

Epoch 23
-------------------------------
loss: 0.062229  [    0/50000]
loss: 0.031438  [ 6400/50000]
loss: 0.098497  [12800/50000]
loss: 0.103335  [19200/50000]
loss: 0.020099  [25600/50000]
loss: 0.062599  [32000/50000]
loss: 0.092942  [38400/50000]
loss: 0.105583  [44800/50000]
Test Error: 
 Accuracy: 79.5%, Avg loss: 0.934708 

Epoch 24
-------------------------------
loss: 0.015679  [    0/50000]
loss: 0.113536  [ 6400/50000]
loss: 0.093690  [12800/50000]
loss: 0.119251  [19200/50000]
loss: 0.070711  [25600/50000]
loss: 0.068694  [32000/50000]
loss: 0.120461  [38400/50000]
loss: 0.156003  [44800/50000]
Test Error: 
 Accuracy: 76.9%, Avg loss: 1.074918 

Epoch 25
-------------------------------
loss: 0.129122  [    0/50000]
loss: 0.102737  [ 6400/50000]
loss: 0.079216  [12800/50000]
loss: 0.081912  [19200/50000]
loss: 0.118643  [25600/50000]
loss: 0.163007  [32000/50000]
loss: 0.188524  [38400/50000]
loss: 0.034254  [44800/50000]
Test Error: 
 Accuracy: 80.8%, Avg loss: 0.879934 

Epoch 26
-------------------------------
loss: 0.053890  [    0/50000]
loss: 0.031878  [ 6400/50000]
loss: 0.059395  [12800/50000]
loss: 0.055567  [19200/50000]
loss: 0.075998  [25600/50000]
loss: 0.068575  [32000/50000]
loss: 0.214110  [38400/50000]
loss: 0.068331  [44800/50000]
Test Error: 
 Accuracy: 80.2%, Avg loss: 0.893282 

Epoch 27
-------------------------------
loss: 0.031328  [    0/50000]
loss: 0.031426  [ 6400/50000]
loss: 0.049951  [12800/50000]
loss: 0.046419  [19200/50000]
loss: 0.028825  [25600/50000]
loss: 0.035768  [32000/50000]
loss: 0.177261  [38400/50000]
loss: 0.083918  [44800/50000]
Test Error: 
 Accuracy: 80.2%, Avg loss: 0.880458 

Epoch 28
-------------------------------
loss: 0.049847  [    0/50000]
loss: 0.055713  [ 6400/50000]
loss: 0.040683  [12800/50000]
loss: 0.142330  [19200/50000]
loss: 0.159933  [25600/50000]
loss: 0.044345  [32000/50000]
loss: 0.184353  [38400/50000]
loss: 0.054589  [44800/50000]
Test Error: 
 Accuracy: 80.3%, Avg loss: 0.894129 

Epoch 29
-------------------------------
loss: 0.028811  [    0/50000]
loss: 0.101670  [ 6400/50000]
loss: 0.115333  [12800/50000]
loss: 0.047406  [19200/50000]
loss: 0.053276  [25600/50000]
loss: 0.073816  [32000/50000]
loss: 0.061429  [38400/50000]
loss: 0.023927  [44800/50000]
Test Error: 
 Accuracy: 80.7%, Avg loss: 0.914645 

Epoch 30
-------------------------------
loss: 0.068037  [    0/50000]
loss: 0.033197  [ 6400/50000]
loss: 0.067508  [12800/50000]
loss: 0.053800  [19200/50000]
loss: 0.019180  [25600/50000]
loss: 0.142470  [32000/50000]
loss: 0.067909  [38400/50000]
loss: 0.093184  [44800/50000]
Test Error: 
 Accuracy: 80.5%, Avg loss: 0.929633 

Done!
max accuracy 80.80000000000001
average accuracy 79.579
