command config
N= 4
B= [2 2 2 2]
C1= 64
F= [5 5 5 5]
K= [5, 3, 2, 2]
P= 3
number of parameters 31260746
Epoch 1
-------------------------------
loss: 2.358338  [    0/50000]
loss: 1.850430  [ 6400/50000]
loss: 1.667041  [12800/50000]
loss: 1.537069  [19200/50000]
loss: 1.076413  [25600/50000]
loss: 1.172372  [32000/50000]
loss: 1.246547  [38400/50000]
loss: 1.222814  [44800/50000]
Test Error: 
 Accuracy: 59.6%, Avg loss: 1.161109 

Epoch 2
-------------------------------
loss: 0.884013  [    0/50000]
loss: 0.945675  [ 6400/50000]
loss: 0.907896  [12800/50000]
loss: 1.072360  [19200/50000]
loss: 0.687683  [25600/50000]
loss: 1.075243  [32000/50000]
loss: 1.116404  [38400/50000]
loss: 0.788955  [44800/50000]
Test Error: 
 Accuracy: 72.5%, Avg loss: 0.784039 

Epoch 3
-------------------------------
loss: 0.651588  [    0/50000]
loss: 0.723139  [ 6400/50000]
loss: 0.419196  [12800/50000]
loss: 0.538720  [19200/50000]
loss: 0.426531  [25600/50000]
loss: 0.590625  [32000/50000]
loss: 0.687596  [38400/50000]
loss: 0.647523  [44800/50000]
Test Error: 
 Accuracy: 76.0%, Avg loss: 0.683280 

Epoch 4
-------------------------------
loss: 0.351772  [    0/50000]
loss: 0.535322  [ 6400/50000]
loss: 0.466031  [12800/50000]
loss: 0.465277  [19200/50000]
loss: 0.292695  [25600/50000]
loss: 0.584074  [32000/50000]
loss: 0.337453  [38400/50000]
loss: 0.330510  [44800/50000]
Test Error: 
 Accuracy: 81.0%, Avg loss: 0.548144 

Epoch 5
-------------------------------
loss: 0.325638  [    0/50000]
loss: 0.378761  [ 6400/50000]
loss: 0.194702  [12800/50000]
loss: 0.451668  [19200/50000]
loss: 0.355370  [25600/50000]
loss: 0.329991  [32000/50000]
loss: 0.450620  [38400/50000]
loss: 0.314745  [44800/50000]
Test Error: 
 Accuracy: 80.4%, Avg loss: 0.594329 

Epoch 6
-------------------------------
loss: 0.121183  [    0/50000]
loss: 0.378179  [ 6400/50000]
loss: 0.117243  [12800/50000]
loss: 0.191883  [19200/50000]
loss: 0.279808  [25600/50000]
loss: 0.354989  [32000/50000]
loss: 0.390444  [38400/50000]
loss: 0.360592  [44800/50000]
Test Error: 
 Accuracy: 82.2%, Avg loss: 0.575687 

Epoch 7
-------------------------------
loss: 0.170639  [    0/50000]
loss: 0.169158  [ 6400/50000]
loss: 0.029104  [12800/50000]
loss: 0.122549  [19200/50000]
loss: 0.213283  [25600/50000]
loss: 0.124561  [32000/50000]
loss: 0.126753  [38400/50000]
loss: 0.340035  [44800/50000]
Test Error: 
 Accuracy: 81.9%, Avg loss: 0.652577 

Epoch 8
-------------------------------
loss: 0.166381  [    0/50000]
loss: 0.071293  [ 6400/50000]
loss: 0.083680  [12800/50000]
loss: 0.071023  [19200/50000]
loss: 0.065259  [25600/50000]
loss: 0.062877  [32000/50000]
loss: 0.169317  [38400/50000]
loss: 0.144675  [44800/50000]
Test Error: 
 Accuracy: 83.3%, Avg loss: 0.610612 

Epoch 9
-------------------------------
loss: 0.129711  [    0/50000]
loss: 0.012572  [ 6400/50000]
loss: 0.095283  [12800/50000]
loss: 0.041677  [19200/50000]
loss: 0.034817  [25600/50000]
loss: 0.067391  [32000/50000]
loss: 0.049872  [38400/50000]
loss: 0.045224  [44800/50000]
Test Error: 
 Accuracy: 83.6%, Avg loss: 0.661725 

Epoch 10
-------------------------------
loss: 0.046009  [    0/50000]
loss: 0.042188  [ 6400/50000]
loss: 0.011654  [12800/50000]
loss: 0.100710  [19200/50000]
loss: 0.047152  [25600/50000]
loss: 0.031383  [32000/50000]
loss: 0.049930  [38400/50000]
loss: 0.057063  [44800/50000]
Test Error: 
 Accuracy: 83.0%, Avg loss: 0.755471 

Epoch 11
-------------------------------
loss: 0.022617  [    0/50000]
loss: 0.028947  [ 6400/50000]
loss: 0.088487  [12800/50000]
loss: 0.032676  [19200/50000]
loss: 0.191593  [25600/50000]
loss: 0.022368  [32000/50000]
loss: 0.021682  [38400/50000]
loss: 0.078819  [44800/50000]
Test Error: 
 Accuracy: 83.3%, Avg loss: 0.741038 

Epoch 12
-------------------------------
loss: 0.012814  [    0/50000]
loss: 0.141447  [ 6400/50000]
loss: 0.006152  [12800/50000]
loss: 0.058076  [19200/50000]
loss: 0.063350  [25600/50000]
loss: 0.022113  [32000/50000]
loss: 0.047157  [38400/50000]
loss: 0.081110  [44800/50000]
Test Error: 
 Accuracy: 83.4%, Avg loss: 0.774158 

Epoch 13
-------------------------------
loss: 0.108969  [    0/50000]
loss: 0.010495  [ 6400/50000]
loss: 0.004516  [12800/50000]
loss: 0.001772  [19200/50000]
loss: 0.091976  [25600/50000]
loss: 0.012110  [32000/50000]
loss: 0.008490  [38400/50000]
loss: 0.118309  [44800/50000]
Test Error: 
 Accuracy: 83.9%, Avg loss: 0.784969 

Epoch 14
-------------------------------
loss: 0.004080  [    0/50000]
loss: 0.038376  [ 6400/50000]
loss: 0.041823  [12800/50000]
loss: 0.023109  [19200/50000]
loss: 0.012972  [25600/50000]
loss: 0.035285  [32000/50000]
loss: 0.052581  [38400/50000]
loss: 0.007438  [44800/50000]
Test Error: 
 Accuracy: 83.9%, Avg loss: 0.768633 

Epoch 15
-------------------------------
loss: 0.083006  [    0/50000]
loss: 0.001224  [ 6400/50000]
loss: 0.024357  [12800/50000]
loss: 0.001624  [19200/50000]
loss: 0.044026  [25600/50000]
loss: 0.010533  [32000/50000]
loss: 0.001938  [38400/50000]
loss: 0.015769  [44800/50000]
Test Error: 
 Accuracy: 84.0%, Avg loss: 0.825388 

Epoch 16
-------------------------------
loss: 0.008054  [    0/50000]
loss: 0.094194  [ 6400/50000]
loss: 0.041862  [12800/50000]
loss: 0.104256  [19200/50000]
loss: 0.050439  [25600/50000]
loss: 0.117072  [32000/50000]
loss: 0.012715  [38400/50000]
loss: 0.030575  [44800/50000]
Test Error: 
 Accuracy: 82.4%, Avg loss: 0.923390 

Epoch 17
-------------------------------
loss: 0.003445  [    0/50000]
loss: 0.027888  [ 6400/50000]
loss: 0.023949  [12800/50000]
loss: 0.015354  [19200/50000]
loss: 0.063688  [25600/50000]
loss: 0.020106  [32000/50000]
loss: 0.026566  [38400/50000]
loss: 0.006806  [44800/50000]
Test Error: 
 Accuracy: 83.7%, Avg loss: 0.830954 

Epoch 18
-------------------------------
loss: 0.003806  [    0/50000]
loss: 0.003473  [ 6400/50000]
loss: 0.015614  [12800/50000]
loss: 0.163927  [19200/50000]
loss: 0.003482  [25600/50000]
loss: 0.093128  [32000/50000]
loss: 0.025792  [38400/50000]
loss: 0.050329  [44800/50000]
Test Error: 
 Accuracy: 83.9%, Avg loss: 0.887613 

Epoch 19
-------------------------------
loss: 0.057547  [    0/50000]
loss: 0.028110  [ 6400/50000]
loss: 0.019055  [12800/50000]
loss: 0.004071  [19200/50000]
loss: 0.029143  [25600/50000]
loss: 0.011299  [32000/50000]
loss: 0.005766  [38400/50000]
loss: 0.056059  [44800/50000]
Test Error: 
 Accuracy: 83.8%, Avg loss: 0.881729 

Epoch 20
-------------------------------
loss: 0.002797  [    0/50000]
loss: 0.018040  [ 6400/50000]
loss: 0.009373  [12800/50000]
loss: 0.002805  [19200/50000]
loss: 0.006377  [25600/50000]
loss: 0.000403  [32000/50000]
loss: 0.002250  [38400/50000]
loss: 0.011932  [44800/50000]
Test Error: 
 Accuracy: 83.0%, Avg loss: 0.925703 

Epoch 21
-------------------------------
loss: 0.001951  [    0/50000]
loss: 0.008570  [ 6400/50000]
loss: 0.001616  [12800/50000]
loss: 0.004896  [19200/50000]
loss: 0.097768  [25600/50000]
loss: 0.000491  [32000/50000]
loss: 0.018075  [38400/50000]
loss: 0.025676  [44800/50000]
Test Error: 
 Accuracy: 83.1%, Avg loss: 0.929460 

Epoch 22
-------------------------------
loss: 0.008969  [    0/50000]
loss: 0.081448  [ 6400/50000]
loss: 0.001176  [12800/50000]
loss: 0.015568  [19200/50000]
loss: 0.021296  [25600/50000]
loss: 0.012620  [32000/50000]
loss: 0.008549  [38400/50000]
loss: 0.001154  [44800/50000]
Test Error: 
 Accuracy: 84.7%, Avg loss: 0.881541 

Epoch 23
-------------------------------
loss: 0.001372  [    0/50000]
loss: 0.019996  [ 6400/50000]
loss: 0.001861  [12800/50000]
loss: 0.000589  [19200/50000]
loss: 0.028335  [25600/50000]
loss: 0.001822  [32000/50000]
loss: 0.002162  [38400/50000]
loss: 0.003134  [44800/50000]
Test Error: 
 Accuracy: 84.0%, Avg loss: 0.902133 

Epoch 24
-------------------------------
loss: 0.000481  [    0/50000]
loss: 0.017341  [ 6400/50000]
loss: 0.006548  [12800/50000]
loss: 0.009695  [19200/50000]
loss: 0.001645  [25600/50000]
loss: 0.058317  [32000/50000]
loss: 0.000480  [38400/50000]
loss: 0.004010  [44800/50000]
Test Error: 
 Accuracy: 83.3%, Avg loss: 0.937608 

Epoch 25
-------------------------------
loss: 0.003868  [    0/50000]
loss: 0.001943  [ 6400/50000]
loss: 0.062483  [12800/50000]
loss: 0.000625  [19200/50000]
loss: 0.001711  [25600/50000]
loss: 0.003033  [32000/50000]
loss: 0.001179  [38400/50000]
loss: 0.065698  [44800/50000]
Test Error: 
 Accuracy: 84.3%, Avg loss: 0.872010 

Epoch 26
-------------------------------
loss: 0.002085  [    0/50000]
loss: 0.000976  [ 6400/50000]
loss: 0.001205  [12800/50000]
loss: 0.035128  [19200/50000]
loss: 0.006253  [25600/50000]
loss: 0.002033  [32000/50000]
loss: 0.001055  [38400/50000]
loss: 0.007083  [44800/50000]
Test Error: 
 Accuracy: 83.9%, Avg loss: 0.903261 

Epoch 27
-------------------------------
loss: 0.003523  [    0/50000]
loss: 0.014031  [ 6400/50000]
loss: 0.004216  [12800/50000]
loss: 0.010305  [19200/50000]
loss: 0.010786  [25600/50000]
loss: 0.003034  [32000/50000]
loss: 0.001025  [38400/50000]
loss: 0.006683  [44800/50000]
Test Error: 
 Accuracy: 83.5%, Avg loss: 0.961744 

Epoch 28
-------------------------------
loss: 0.001010  [    0/50000]
loss: 0.005188  [ 6400/50000]
loss: 0.010515  [12800/50000]
loss: 0.073140  [19200/50000]
loss: 0.074295  [25600/50000]
loss: 0.017524  [32000/50000]
loss: 0.002204  [38400/50000]
loss: 0.009468  [44800/50000]
Test Error: 
 Accuracy: 84.1%, Avg loss: 0.958774 

Epoch 29
-------------------------------
loss: 0.001716  [    0/50000]
loss: 0.004097  [ 6400/50000]
loss: 0.001399  [12800/50000]
loss: 0.029388  [19200/50000]
loss: 0.001874  [25600/50000]
loss: 0.011625  [32000/50000]
loss: 0.004643  [38400/50000]
loss: 0.002953  [44800/50000]
Test Error: 
 Accuracy: 84.0%, Avg loss: 0.941733 

Epoch 30
-------------------------------
loss: 0.026260  [    0/50000]
loss: 0.004615  [ 6400/50000]
loss: 0.063866  [12800/50000]
loss: 0.020661  [19200/50000]
loss: 0.021810  [25600/50000]
loss: 0.014194  [32000/50000]
loss: 0.007577  [38400/50000]
loss: 0.007465  [44800/50000]
Test Error: 
 Accuracy: 83.7%, Avg loss: 0.987651 

Done!
max accuracy 84.72
average accuracy 83.703
