command config
N= 4
B= [1 1 1 1]
C1= 64
F= [3 3 3 3]
K= [1, 1, 1, 1]
P= 4
number of parameters 4903242
Epoch 1
-------------------------------
loss: 2.343267  [    0/50000]
loss: 1.612435  [ 6400/50000]
loss: 1.377196  [12800/50000]
loss: 1.072033  [19200/50000]
loss: 0.957550  [25600/50000]
loss: 1.150459  [32000/50000]
loss: 0.838938  [38400/50000]
loss: 0.992143  [44800/50000]
Test Error: 
 Accuracy: 64.5%, Avg loss: 0.990479 

Epoch 2
-------------------------------
loss: 0.919705  [    0/50000]
loss: 0.877516  [ 6400/50000]
loss: 0.758323  [12800/50000]
loss: 0.878520  [19200/50000]
loss: 0.979842  [25600/50000]
loss: 0.755247  [32000/50000]
loss: 0.746707  [38400/50000]
loss: 0.613088  [44800/50000]
Test Error: 
 Accuracy: 66.1%, Avg loss: 1.006899 

Epoch 3
-------------------------------
loss: 0.939384  [    0/50000]
loss: 0.568159  [ 6400/50000]
loss: 0.641272  [12800/50000]
loss: 0.433830  [19200/50000]
loss: 0.460808  [25600/50000]
loss: 0.656216  [32000/50000]
loss: 0.446045  [38400/50000]
loss: 0.425978  [44800/50000]
Test Error: 
 Accuracy: 76.5%, Avg loss: 0.662954 

Epoch 4
-------------------------------
loss: 0.480162  [    0/50000]
loss: 0.362427  [ 6400/50000]
loss: 0.348664  [12800/50000]
loss: 0.505505  [19200/50000]
loss: 0.614383  [25600/50000]
loss: 0.384578  [32000/50000]
loss: 0.345405  [38400/50000]
loss: 0.642010  [44800/50000]
Test Error: 
 Accuracy: 76.0%, Avg loss: 0.752651 

Epoch 5
-------------------------------
loss: 0.278864  [    0/50000]
loss: 0.468291  [ 6400/50000]
loss: 0.248812  [12800/50000]
loss: 0.399784  [19200/50000]
loss: 0.427796  [25600/50000]
loss: 0.256824  [32000/50000]
loss: 0.188470  [38400/50000]
loss: 0.302805  [44800/50000]
Test Error: 
 Accuracy: 78.0%, Avg loss: 0.694690 

Epoch 6
-------------------------------
loss: 0.123884  [    0/50000]
loss: 0.201386  [ 6400/50000]
loss: 0.332063  [12800/50000]
loss: 0.203247  [19200/50000]
loss: 0.196775  [25600/50000]
loss: 0.304451  [32000/50000]
loss: 0.230313  [38400/50000]
loss: 0.328715  [44800/50000]
Test Error: 
 Accuracy: 80.2%, Avg loss: 0.667590 

Epoch 7
-------------------------------
loss: 0.115919  [    0/50000]
loss: 0.122377  [ 6400/50000]
loss: 0.180527  [12800/50000]
loss: 0.160832  [19200/50000]
loss: 0.131217  [25600/50000]
loss: 0.126968  [32000/50000]
loss: 0.049459  [38400/50000]
loss: 0.129504  [44800/50000]
Test Error: 
 Accuracy: 80.7%, Avg loss: 0.716411 

Epoch 8
-------------------------------
loss: 0.092952  [    0/50000]
loss: 0.059200  [ 6400/50000]
loss: 0.034662  [12800/50000]
loss: 0.121747  [19200/50000]
loss: 0.088855  [25600/50000]
loss: 0.081693  [32000/50000]
loss: 0.048344  [38400/50000]
loss: 0.152462  [44800/50000]
Test Error: 
 Accuracy: 80.0%, Avg loss: 0.829420 

Epoch 9
-------------------------------
loss: 0.200392  [    0/50000]
loss: 0.022381  [ 6400/50000]
loss: 0.053187  [12800/50000]
loss: 0.034604  [19200/50000]
loss: 0.092226  [25600/50000]
loss: 0.077231  [32000/50000]
loss: 0.016782  [38400/50000]
loss: 0.089240  [44800/50000]
Test Error: 
 Accuracy: 80.2%, Avg loss: 0.815347 

Epoch 10
-------------------------------
loss: 0.173803  [    0/50000]
loss: 0.039490  [ 6400/50000]
loss: 0.016254  [12800/50000]
loss: 0.045220  [19200/50000]
loss: 0.044006  [25600/50000]
loss: 0.029969  [32000/50000]
loss: 0.137070  [38400/50000]
loss: 0.165096  [44800/50000]
Test Error: 
 Accuracy: 81.2%, Avg loss: 0.823747 

Epoch 11
-------------------------------
loss: 0.090308  [    0/50000]
loss: 0.062368  [ 6400/50000]
loss: 0.084058  [12800/50000]
loss: 0.061043  [19200/50000]
loss: 0.036753  [25600/50000]
loss: 0.021665  [32000/50000]
loss: 0.028532  [38400/50000]
loss: 0.085047  [44800/50000]
Test Error: 
 Accuracy: 78.9%, Avg loss: 1.037027 

Epoch 12
-------------------------------
loss: 0.014188  [    0/50000]
loss: 0.058114  [ 6400/50000]
loss: 0.019741  [12800/50000]
loss: 0.195816  [19200/50000]
loss: 0.035475  [25600/50000]
loss: 0.120159  [32000/50000]
loss: 0.110887  [38400/50000]
loss: 0.015191  [44800/50000]
Test Error: 
 Accuracy: 81.5%, Avg loss: 0.839655 

Epoch 13
-------------------------------
loss: 0.158199  [    0/50000]
loss: 0.001209  [ 6400/50000]
loss: 0.035217  [12800/50000]
loss: 0.069455  [19200/50000]
loss: 0.024010  [25600/50000]
loss: 0.086062  [32000/50000]
loss: 0.021118  [38400/50000]
loss: 0.027919  [44800/50000]
Test Error: 
 Accuracy: 80.0%, Avg loss: 0.923768 

Epoch 14
-------------------------------
loss: 0.040246  [    0/50000]
loss: 0.026714  [ 6400/50000]
loss: 0.023465  [12800/50000]
loss: 0.015024  [19200/50000]
loss: 0.015048  [25600/50000]
loss: 0.028125  [32000/50000]
loss: 0.024186  [38400/50000]
loss: 0.022529  [44800/50000]
Test Error: 
 Accuracy: 82.4%, Avg loss: 0.872930 

Epoch 15
-------------------------------
loss: 0.033979  [    0/50000]
loss: 0.031199  [ 6400/50000]
loss: 0.018266  [12800/50000]
loss: 0.128095  [19200/50000]
loss: 0.008207  [25600/50000]
loss: 0.017633  [32000/50000]
loss: 0.078196  [38400/50000]
loss: 0.040537  [44800/50000]
Test Error: 
 Accuracy: 81.1%, Avg loss: 0.962819 

Epoch 16
-------------------------------
loss: 0.032938  [    0/50000]
loss: 0.073066  [ 6400/50000]
loss: 0.046099  [12800/50000]
loss: 0.048400  [19200/50000]
loss: 0.042643  [25600/50000]
loss: 0.032188  [32000/50000]
loss: 0.051433  [38400/50000]
loss: 0.029535  [44800/50000]
Test Error: 
 Accuracy: 81.8%, Avg loss: 0.861265 

Epoch 17
-------------------------------
loss: 0.016952  [    0/50000]
loss: 0.051593  [ 6400/50000]
loss: 0.032072  [12800/50000]
loss: 0.053199  [19200/50000]
loss: 0.006539  [25600/50000]
loss: 0.014102  [32000/50000]
loss: 0.004772  [38400/50000]
loss: 0.005091  [44800/50000]
Test Error: 
 Accuracy: 80.1%, Avg loss: 1.035860 

Epoch 18
-------------------------------
loss: 0.024798  [    0/50000]
loss: 0.006124  [ 6400/50000]
loss: 0.062651  [12800/50000]
loss: 0.101455  [19200/50000]
loss: 0.029281  [25600/50000]
loss: 0.009653  [32000/50000]
loss: 0.009678  [38400/50000]
loss: 0.026066  [44800/50000]
Test Error: 
 Accuracy: 81.9%, Avg loss: 0.957452 

Epoch 19
-------------------------------
loss: 0.006599  [    0/50000]
loss: 0.012693  [ 6400/50000]
loss: 0.008187  [12800/50000]
loss: 0.012572  [19200/50000]
loss: 0.003574  [25600/50000]
loss: 0.047833  [32000/50000]
loss: 0.269041  [38400/50000]
loss: 0.013242  [44800/50000]
Test Error: 
 Accuracy: 81.7%, Avg loss: 0.965425 

Epoch 20
-------------------------------
loss: 0.007061  [    0/50000]
loss: 0.047858  [ 6400/50000]
loss: 0.030461  [12800/50000]
loss: 0.108757  [19200/50000]
loss: 0.000610  [25600/50000]
loss: 0.008120  [32000/50000]
loss: 0.086554  [38400/50000]
loss: 0.098044  [44800/50000]
Test Error: 
 Accuracy: 81.5%, Avg loss: 0.987786 

Epoch 21
-------------------------------
loss: 0.012915  [    0/50000]
loss: 0.006988  [ 6400/50000]
loss: 0.098266  [12800/50000]
loss: 0.019111  [19200/50000]
loss: 0.013199  [25600/50000]
loss: 0.004123  [32000/50000]
loss: 0.027827  [38400/50000]
loss: 0.031835  [44800/50000]
Test Error: 
 Accuracy: 82.3%, Avg loss: 0.931638 

Epoch 22
-------------------------------
loss: 0.010928  [    0/50000]
loss: 0.013765  [ 6400/50000]
loss: 0.005106  [12800/50000]
loss: 0.015819  [19200/50000]
loss: 0.006792  [25600/50000]
loss: 0.003115  [32000/50000]
loss: 0.007020  [38400/50000]
loss: 0.009548  [44800/50000]
Test Error: 
 Accuracy: 81.3%, Avg loss: 1.064212 

Epoch 23
-------------------------------
loss: 0.010728  [    0/50000]
loss: 0.003960  [ 6400/50000]
loss: 0.023348  [12800/50000]
loss: 0.008539  [19200/50000]
loss: 0.022729  [25600/50000]
loss: 0.004760  [32000/50000]
loss: 0.004271  [38400/50000]
loss: 0.104144  [44800/50000]
Test Error: 
 Accuracy: 79.4%, Avg loss: 1.150594 

Epoch 24
-------------------------------
loss: 0.013615  [    0/50000]
loss: 0.010828  [ 6400/50000]
loss: 0.002754  [12800/50000]
loss: 0.013928  [19200/50000]
loss: 0.005666  [25600/50000]
loss: 0.030291  [32000/50000]
loss: 0.052282  [38400/50000]
loss: 0.002832  [44800/50000]
Test Error: 
 Accuracy: 82.7%, Avg loss: 0.968036 

Epoch 25
-------------------------------
loss: 0.004781  [    0/50000]
loss: 0.003176  [ 6400/50000]
loss: 0.017797  [12800/50000]
loss: 0.025916  [19200/50000]
loss: 0.016293  [25600/50000]
loss: 0.003733  [32000/50000]
loss: 0.055094  [38400/50000]
loss: 0.051497  [44800/50000]
Test Error: 
 Accuracy: 82.7%, Avg loss: 1.052505 

Epoch 26
-------------------------------
loss: 0.002282  [    0/50000]
loss: 0.056438  [ 6400/50000]
loss: 0.009107  [12800/50000]
loss: 0.031909  [19200/50000]
loss: 0.005263  [25600/50000]
loss: 0.028634  [32000/50000]
loss: 0.019619  [38400/50000]
loss: 0.016240  [44800/50000]
Test Error: 
 Accuracy: 81.0%, Avg loss: 1.071806 

Epoch 27
-------------------------------
loss: 0.007906  [    0/50000]
loss: 0.002704  [ 6400/50000]
loss: 0.001566  [12800/50000]
loss: 0.003119  [19200/50000]
loss: 0.010366  [25600/50000]
loss: 0.009890  [32000/50000]
loss: 0.017582  [38400/50000]
loss: 0.013294  [44800/50000]
Test Error: 
 Accuracy: 82.5%, Avg loss: 0.989629 

Epoch 28
-------------------------------
loss: 0.003429  [    0/50000]
loss: 0.001436  [ 6400/50000]
loss: 0.057219  [12800/50000]
loss: 0.006408  [19200/50000]
loss: 0.034650  [25600/50000]
loss: 0.008170  [32000/50000]
loss: 0.009077  [38400/50000]
loss: 0.003391  [44800/50000]
Test Error: 
 Accuracy: 82.1%, Avg loss: 1.028703 

Epoch 29
-------------------------------
loss: 0.000383  [    0/50000]
loss: 0.005918  [ 6400/50000]
loss: 0.007464  [12800/50000]
loss: 0.012100  [19200/50000]
loss: 0.004364  [25600/50000]
loss: 0.005940  [32000/50000]
loss: 0.029737  [38400/50000]
loss: 0.002263  [44800/50000]
Test Error: 
 Accuracy: 82.5%, Avg loss: 1.021323 

Epoch 30
-------------------------------
loss: 0.001765  [    0/50000]
loss: 0.005815  [ 6400/50000]
loss: 0.011979  [12800/50000]
loss: 0.015402  [19200/50000]
loss: 0.008646  [25600/50000]
loss: 0.063979  [32000/50000]
loss: 0.004823  [38400/50000]
loss: 0.026593  [44800/50000]
Test Error: 
 Accuracy: 81.8%, Avg loss: 1.049533 

Done!
max accuracy 82.74000000000001
average accuracy 81.46650000000001
