command config
N= 4
B= [3 3 3 3]
C1= 64
F= [3 3 3 3]
K= [1, 1, 1, 1]
P= 4
number of parameters 17444682
Epoch 1
-------------------------------
loss: 2.418621  [    0/50000]
loss: 1.823704  [ 6400/50000]
loss: 1.250535  [12800/50000]
loss: 1.388382  [19200/50000]
loss: 1.260428  [25600/50000]
loss: 1.197911  [32000/50000]
loss: 1.135272  [38400/50000]
loss: 1.243164  [44800/50000]
Test Error: 
 Accuracy: 58.1%, Avg loss: 1.187970 

Epoch 2
-------------------------------
loss: 0.942097  [    0/50000]
loss: 1.049953  [ 6400/50000]
loss: 1.071889  [12800/50000]
loss: 0.861254  [19200/50000]
loss: 1.046741  [25600/50000]
loss: 0.810503  [32000/50000]
loss: 0.692901  [38400/50000]
loss: 0.832503  [44800/50000]
Test Error: 
 Accuracy: 68.0%, Avg loss: 0.903084 

Epoch 3
-------------------------------
loss: 0.947656  [    0/50000]
loss: 0.388022  [ 6400/50000]
loss: 0.734368  [12800/50000]
loss: 0.407571  [19200/50000]
loss: 0.468839  [25600/50000]
loss: 0.502429  [32000/50000]
loss: 0.614471  [38400/50000]
loss: 0.416495  [44800/50000]
Test Error: 
 Accuracy: 78.1%, Avg loss: 0.641398 

Epoch 4
-------------------------------
loss: 0.443229  [    0/50000]
loss: 0.485389  [ 6400/50000]
loss: 0.485995  [12800/50000]
loss: 0.530250  [19200/50000]
loss: 0.576549  [25600/50000]
loss: 0.279573  [32000/50000]
loss: 0.488986  [38400/50000]
loss: 0.606948  [44800/50000]
Test Error: 
 Accuracy: 80.6%, Avg loss: 0.561183 

Epoch 5
-------------------------------
loss: 0.359884  [    0/50000]
loss: 0.344006  [ 6400/50000]
loss: 0.271377  [12800/50000]
loss: 0.458693  [19200/50000]
loss: 0.501163  [25600/50000]
loss: 0.365798  [32000/50000]
loss: 0.222446  [38400/50000]
loss: 0.643544  [44800/50000]
Test Error: 
 Accuracy: 78.1%, Avg loss: 0.664560 

Epoch 6
-------------------------------
loss: 0.202913  [    0/50000]
loss: 0.299292  [ 6400/50000]
loss: 0.267094  [12800/50000]
loss: 0.213468  [19200/50000]
loss: 0.414026  [25600/50000]
loss: 0.205540  [32000/50000]
loss: 0.326749  [38400/50000]
loss: 0.325450  [44800/50000]
Test Error: 
 Accuracy: 81.9%, Avg loss: 0.539639 

Epoch 7
-------------------------------
loss: 0.238256  [    0/50000]
loss: 0.253987  [ 6400/50000]
loss: 0.113255  [12800/50000]
loss: 0.189546  [19200/50000]
loss: 0.275465  [25600/50000]
loss: 0.294561  [32000/50000]
loss: 0.637466  [38400/50000]
loss: 0.095835  [44800/50000]
Test Error: 
 Accuracy: 84.1%, Avg loss: 0.482179 

Epoch 8
-------------------------------
loss: 0.120447  [    0/50000]
loss: 0.118548  [ 6400/50000]
loss: 0.206591  [12800/50000]
loss: 0.124191  [19200/50000]
loss: 0.264245  [25600/50000]
loss: 0.180027  [32000/50000]
loss: 0.129601  [38400/50000]
loss: 0.432039  [44800/50000]
Test Error: 
 Accuracy: 83.9%, Avg loss: 0.533758 

Epoch 9
-------------------------------
loss: 0.202511  [    0/50000]
loss: 0.091841  [ 6400/50000]
loss: 0.181563  [12800/50000]
loss: 0.166168  [19200/50000]
loss: 0.037546  [25600/50000]
loss: 0.126984  [32000/50000]
loss: 0.158597  [38400/50000]
loss: 0.084842  [44800/50000]
Test Error: 
 Accuracy: 83.8%, Avg loss: 0.612044 

Epoch 10
-------------------------------
loss: 0.099757  [    0/50000]
loss: 0.047560  [ 6400/50000]
loss: 0.066170  [12800/50000]
loss: 0.091517  [19200/50000]
loss: 0.119504  [25600/50000]
loss: 0.186628  [32000/50000]
loss: 0.118106  [38400/50000]
loss: 0.077437  [44800/50000]
Test Error: 
 Accuracy: 83.4%, Avg loss: 0.648432 

Epoch 11
-------------------------------
loss: 0.132871  [    0/50000]
loss: 0.009666  [ 6400/50000]
loss: 0.032818  [12800/50000]
loss: 0.046641  [19200/50000]
loss: 0.030642  [25600/50000]
loss: 0.071579  [32000/50000]
loss: 0.081774  [38400/50000]
loss: 0.024940  [44800/50000]
Test Error: 
 Accuracy: 83.7%, Avg loss: 0.697263 

Epoch 12
-------------------------------
loss: 0.102283  [    0/50000]
loss: 0.035574  [ 6400/50000]
loss: 0.078506  [12800/50000]
loss: 0.026704  [19200/50000]
loss: 0.029020  [25600/50000]
loss: 0.151404  [32000/50000]
loss: 0.259130  [38400/50000]
loss: 0.005213  [44800/50000]
Test Error: 
 Accuracy: 84.2%, Avg loss: 0.676868 

Epoch 13
-------------------------------
loss: 0.084233  [    0/50000]
loss: 0.059514  [ 6400/50000]
loss: 0.101658  [12800/50000]
loss: 0.006599  [19200/50000]
loss: 0.154693  [25600/50000]
loss: 0.023444  [32000/50000]
loss: 0.102009  [38400/50000]
loss: 0.040788  [44800/50000]
Test Error: 
 Accuracy: 83.7%, Avg loss: 0.729230 

Epoch 14
-------------------------------
loss: 0.026829  [    0/50000]
loss: 0.019216  [ 6400/50000]
loss: 0.020352  [12800/50000]
loss: 0.048968  [19200/50000]
loss: 0.047760  [25600/50000]
loss: 0.045193  [32000/50000]
loss: 0.098774  [38400/50000]
loss: 0.006883  [44800/50000]
Test Error: 
 Accuracy: 83.9%, Avg loss: 0.697128 

Epoch 15
-------------------------------
loss: 0.029234  [    0/50000]
loss: 0.135353  [ 6400/50000]
loss: 0.052036  [12800/50000]
loss: 0.014696  [19200/50000]
loss: 0.158411  [25600/50000]
loss: 0.018330  [32000/50000]
loss: 0.048787  [38400/50000]
loss: 0.185890  [44800/50000]
Test Error: 
 Accuracy: 84.5%, Avg loss: 0.721593 

Epoch 16
-------------------------------
loss: 0.033552  [    0/50000]
loss: 0.034072  [ 6400/50000]
loss: 0.010203  [12800/50000]
loss: 0.035543  [19200/50000]
loss: 0.011321  [25600/50000]
loss: 0.015024  [32000/50000]
loss: 0.002684  [38400/50000]
loss: 0.072121  [44800/50000]
Test Error: 
 Accuracy: 84.3%, Avg loss: 0.786292 

Epoch 17
-------------------------------
loss: 0.139135  [    0/50000]
loss: 0.021007  [ 6400/50000]
loss: 0.067206  [12800/50000]
loss: 0.001563  [19200/50000]
loss: 0.031714  [25600/50000]
loss: 0.010326  [32000/50000]
loss: 0.016790  [38400/50000]
loss: 0.032318  [44800/50000]
Test Error: 
 Accuracy: 83.2%, Avg loss: 0.795190 

Epoch 18
-------------------------------
loss: 0.001810  [    0/50000]
loss: 0.046335  [ 6400/50000]
loss: 0.002500  [12800/50000]
loss: 0.005189  [19200/50000]
loss: 0.013411  [25600/50000]
loss: 0.027306  [32000/50000]
loss: 0.046530  [38400/50000]
loss: 0.100414  [44800/50000]
Test Error: 
 Accuracy: 84.2%, Avg loss: 0.736144 

Epoch 19
-------------------------------
loss: 0.004885  [    0/50000]
loss: 0.006303  [ 6400/50000]
loss: 0.029896  [12800/50000]
loss: 0.001977  [19200/50000]
loss: 0.016272  [25600/50000]
loss: 0.020853  [32000/50000]
loss: 0.068397  [38400/50000]
loss: 0.002836  [44800/50000]
Test Error: 
 Accuracy: 82.7%, Avg loss: 0.905941 

Epoch 20
-------------------------------
loss: 0.089712  [    0/50000]
loss: 0.054125  [ 6400/50000]
loss: 0.009242  [12800/50000]
loss: 0.001908  [19200/50000]
loss: 0.000855  [25600/50000]
loss: 0.054555  [32000/50000]
loss: 0.022820  [38400/50000]
loss: 0.046924  [44800/50000]
Test Error: 
 Accuracy: 84.0%, Avg loss: 0.793303 

Epoch 21
-------------------------------
loss: 0.008224  [    0/50000]
loss: 0.048026  [ 6400/50000]
loss: 0.007449  [12800/50000]
loss: 0.037826  [19200/50000]
loss: 0.011322  [25600/50000]
loss: 0.034326  [32000/50000]
loss: 0.043023  [38400/50000]
loss: 0.014464  [44800/50000]
Test Error: 
 Accuracy: 83.7%, Avg loss: 0.794842 

Epoch 22
-------------------------------
loss: 0.056173  [    0/50000]
loss: 0.015668  [ 6400/50000]
loss: 0.014115  [12800/50000]
loss: 0.001225  [19200/50000]
loss: 0.024918  [25600/50000]
loss: 0.009741  [32000/50000]
loss: 0.003254  [38400/50000]
loss: 0.102987  [44800/50000]
Test Error: 
 Accuracy: 84.5%, Avg loss: 0.816694 

Epoch 23
-------------------------------
loss: 0.032075  [    0/50000]
loss: 0.026525  [ 6400/50000]
loss: 0.010876  [12800/50000]
loss: 0.001067  [19200/50000]
loss: 0.037192  [25600/50000]
loss: 0.116592  [32000/50000]
loss: 0.031639  [38400/50000]
loss: 0.014223  [44800/50000]
Test Error: 
 Accuracy: 82.9%, Avg loss: 0.846572 

Epoch 24
-------------------------------
loss: 0.012371  [    0/50000]
loss: 0.065899  [ 6400/50000]
loss: 0.002620  [12800/50000]
loss: 0.017308  [19200/50000]
loss: 0.002872  [25600/50000]
loss: 0.043386  [32000/50000]
loss: 0.001220  [38400/50000]
loss: 0.001945  [44800/50000]
Test Error: 
 Accuracy: 85.2%, Avg loss: 0.753671 

Epoch 25
-------------------------------
loss: 0.004381  [    0/50000]
loss: 0.017176  [ 6400/50000]
loss: 0.001660  [12800/50000]
loss: 0.002868  [19200/50000]
loss: 0.007590  [25600/50000]
loss: 0.069345  [32000/50000]
loss: 0.021993  [38400/50000]
loss: 0.004823  [44800/50000]
Test Error: 
 Accuracy: 85.2%, Avg loss: 0.756088 

Epoch 26
-------------------------------
loss: 0.012760  [    0/50000]
loss: 0.003477  [ 6400/50000]
loss: 0.003270  [12800/50000]
loss: 0.004837  [19200/50000]
loss: 0.022216  [25600/50000]
loss: 0.007244  [32000/50000]
loss: 0.004989  [38400/50000]
loss: 0.065955  [44800/50000]
Test Error: 
 Accuracy: 84.9%, Avg loss: 0.827353 

Epoch 27
-------------------------------
loss: 0.000393  [    0/50000]
loss: 0.001424  [ 6400/50000]
loss: 0.009965  [12800/50000]
loss: 0.060898  [19200/50000]
loss: 0.005707  [25600/50000]
loss: 0.008824  [32000/50000]
loss: 0.077176  [38400/50000]
loss: 0.030891  [44800/50000]
Test Error: 
 Accuracy: 84.6%, Avg loss: 0.817536 

Epoch 28
-------------------------------
loss: 0.014703  [    0/50000]
loss: 0.007738  [ 6400/50000]
loss: 0.018876  [12800/50000]
loss: 0.005149  [19200/50000]
loss: 0.003080  [25600/50000]
loss: 0.037808  [32000/50000]
loss: 0.006465  [38400/50000]
loss: 0.003258  [44800/50000]
Test Error: 
 Accuracy: 85.1%, Avg loss: 0.741468 

Epoch 29
-------------------------------
loss: 0.007058  [    0/50000]
loss: 0.001131  [ 6400/50000]
loss: 0.002789  [12800/50000]
loss: 0.069260  [19200/50000]
loss: 0.004017  [25600/50000]
loss: 0.000848  [32000/50000]
loss: 0.004634  [38400/50000]
loss: 0.009467  [44800/50000]
Test Error: 
 Accuracy: 85.4%, Avg loss: 0.819855 

Epoch 30
-------------------------------
loss: 0.015632  [    0/50000]
loss: 0.021305  [ 6400/50000]
loss: 0.008522  [12800/50000]
loss: 0.022084  [19200/50000]
loss: 0.050961  [25600/50000]
loss: 0.076042  [32000/50000]
loss: 0.008897  [38400/50000]
loss: 0.001681  [44800/50000]
Test Error: 
 Accuracy: 84.4%, Avg loss: 0.860064 

Done!
max accuracy 85.37
average accuracy 84.20400000000001
