command config
N= 4
B= [2 2 2 2]
C1= 16
F= [3 3 3 3]
K= [1, 1, 1, 1]
P= 4
number of parameters 701466
Epoch 1
-------------------------------
loss: 2.549606  [    0/50000]
loss: 1.580203  [ 6400/50000]
loss: 1.424760  [12800/50000]
loss: 1.233117  [19200/50000]
loss: 1.241093  [25600/50000]
loss: 1.164821  [32000/50000]
loss: 1.031624  [38400/50000]
loss: 1.191820  [44800/50000]
Test Error: 
 Accuracy: 60.8%, Avg loss: 1.097186 

Epoch 2
-------------------------------
loss: 0.852832  [    0/50000]
loss: 0.962760  [ 6400/50000]
loss: 1.069635  [12800/50000]
loss: 0.767219  [19200/50000]
loss: 0.804904  [25600/50000]
loss: 0.618794  [32000/50000]
loss: 1.108642  [38400/50000]
loss: 0.587647  [44800/50000]
Test Error: 
 Accuracy: 69.5%, Avg loss: 0.841321 

Epoch 3
-------------------------------
loss: 0.763899  [    0/50000]
loss: 0.801476  [ 6400/50000]
loss: 0.564739  [12800/50000]
loss: 0.481965  [19200/50000]
loss: 0.763537  [25600/50000]
loss: 0.705258  [32000/50000]
loss: 0.641771  [38400/50000]
loss: 0.384271  [44800/50000]
Test Error: 
 Accuracy: 73.2%, Avg loss: 0.775347 

Epoch 4
-------------------------------
loss: 0.502151  [    0/50000]
loss: 0.405252  [ 6400/50000]
loss: 0.577628  [12800/50000]
loss: 0.549604  [19200/50000]
loss: 0.258210  [25600/50000]
loss: 0.395490  [32000/50000]
loss: 0.568047  [38400/50000]
loss: 0.588720  [44800/50000]
Test Error: 
 Accuracy: 75.6%, Avg loss: 0.703766 

Epoch 5
-------------------------------
loss: 0.384703  [    0/50000]
loss: 0.457625  [ 6400/50000]
loss: 0.464477  [12800/50000]
loss: 0.565729  [19200/50000]
loss: 0.484149  [25600/50000]
loss: 0.450080  [32000/50000]
loss: 0.333140  [38400/50000]
loss: 0.436601  [44800/50000]
Test Error: 
 Accuracy: 76.3%, Avg loss: 0.711209 

Epoch 6
-------------------------------
loss: 0.309315  [    0/50000]
loss: 0.209673  [ 6400/50000]
loss: 0.324813  [12800/50000]
loss: 0.405972  [19200/50000]
loss: 0.470010  [25600/50000]
loss: 0.438586  [32000/50000]
loss: 0.568679  [38400/50000]
loss: 0.742120  [44800/50000]
Test Error: 
 Accuracy: 77.9%, Avg loss: 0.676191 

Epoch 7
-------------------------------
loss: 0.259073  [    0/50000]
loss: 0.284855  [ 6400/50000]
loss: 0.212834  [12800/50000]
loss: 0.333318  [19200/50000]
loss: 0.327133  [25600/50000]
loss: 0.301827  [32000/50000]
loss: 0.327270  [38400/50000]
loss: 0.341832  [44800/50000]
Test Error: 
 Accuracy: 77.8%, Avg loss: 0.702069 

Epoch 8
-------------------------------
loss: 0.232059  [    0/50000]
loss: 0.192339  [ 6400/50000]
loss: 0.269604  [12800/50000]
loss: 0.262353  [19200/50000]
loss: 0.319268  [25600/50000]
loss: 0.198869  [32000/50000]
loss: 0.312292  [38400/50000]
loss: 0.330288  [44800/50000]
Test Error: 
 Accuracy: 79.7%, Avg loss: 0.654296 

Epoch 9
-------------------------------
loss: 0.164960  [    0/50000]
loss: 0.198781  [ 6400/50000]
loss: 0.150861  [12800/50000]
loss: 0.209394  [19200/50000]
loss: 0.362742  [25600/50000]
loss: 0.174737  [32000/50000]
loss: 0.189502  [38400/50000]
loss: 0.178139  [44800/50000]
Test Error: 
 Accuracy: 78.6%, Avg loss: 0.738779 

Epoch 10
-------------------------------
loss: 0.168725  [    0/50000]
loss: 0.162442  [ 6400/50000]
loss: 0.084342  [12800/50000]
loss: 0.202596  [19200/50000]
loss: 0.104314  [25600/50000]
loss: 0.289515  [32000/50000]
loss: 0.271637  [38400/50000]
loss: 0.294000  [44800/50000]
Test Error: 
 Accuracy: 78.8%, Avg loss: 0.775917 

Epoch 11
-------------------------------
loss: 0.182742  [    0/50000]
loss: 0.049516  [ 6400/50000]
loss: 0.061231  [12800/50000]
loss: 0.190863  [19200/50000]
loss: 0.099766  [25600/50000]
loss: 0.256874  [32000/50000]
loss: 0.083610  [38400/50000]
loss: 0.109631  [44800/50000]
Test Error: 
 Accuracy: 78.9%, Avg loss: 0.814211 

Epoch 12
-------------------------------
loss: 0.129192  [    0/50000]
loss: 0.131809  [ 6400/50000]
loss: 0.182360  [12800/50000]
loss: 0.076305  [19200/50000]
loss: 0.127297  [25600/50000]
loss: 0.064947  [32000/50000]
loss: 0.082194  [38400/50000]
loss: 0.200224  [44800/50000]
Test Error: 
 Accuracy: 78.4%, Avg loss: 0.880949 

Epoch 13
-------------------------------
loss: 0.028027  [    0/50000]
loss: 0.083002  [ 6400/50000]
loss: 0.056349  [12800/50000]
loss: 0.074610  [19200/50000]
loss: 0.067255  [25600/50000]
loss: 0.049886  [32000/50000]
loss: 0.139711  [38400/50000]
loss: 0.061754  [44800/50000]
Test Error: 
 Accuracy: 79.5%, Avg loss: 0.869733 

Epoch 14
-------------------------------
loss: 0.100828  [    0/50000]
loss: 0.039659  [ 6400/50000]
loss: 0.051065  [12800/50000]
loss: 0.034769  [19200/50000]
loss: 0.162300  [25600/50000]
loss: 0.048131  [32000/50000]
loss: 0.035993  [38400/50000]
loss: 0.116975  [44800/50000]
Test Error: 
 Accuracy: 77.1%, Avg loss: 1.046643 

Epoch 15
-------------------------------
loss: 0.038847  [    0/50000]
loss: 0.058340  [ 6400/50000]
loss: 0.039904  [12800/50000]
loss: 0.029051  [19200/50000]
loss: 0.137611  [25600/50000]
loss: 0.056720  [32000/50000]
loss: 0.015885  [38400/50000]
loss: 0.121648  [44800/50000]
Test Error: 
 Accuracy: 78.7%, Avg loss: 0.966778 

Epoch 16
-------------------------------
loss: 0.006768  [    0/50000]
loss: 0.052964  [ 6400/50000]
loss: 0.069381  [12800/50000]
loss: 0.041237  [19200/50000]
loss: 0.054836  [25600/50000]
loss: 0.128053  [32000/50000]
loss: 0.144340  [38400/50000]
loss: 0.176385  [44800/50000]
Test Error: 
 Accuracy: 79.0%, Avg loss: 1.002068 

Epoch 17
-------------------------------
loss: 0.196580  [    0/50000]
loss: 0.125331  [ 6400/50000]
loss: 0.012264  [12800/50000]
loss: 0.008546  [19200/50000]
loss: 0.071968  [25600/50000]
loss: 0.082813  [32000/50000]
loss: 0.089366  [38400/50000]
loss: 0.074148  [44800/50000]
Test Error: 
 Accuracy: 79.4%, Avg loss: 0.952870 

Epoch 18
-------------------------------
loss: 0.043931  [    0/50000]
loss: 0.047151  [ 6400/50000]
loss: 0.106312  [12800/50000]
loss: 0.060305  [19200/50000]
loss: 0.079225  [25600/50000]
loss: 0.037292  [32000/50000]
loss: 0.082873  [38400/50000]
loss: 0.033368  [44800/50000]
Test Error: 
 Accuracy: 78.8%, Avg loss: 1.059303 

Epoch 19
-------------------------------
loss: 0.046576  [    0/50000]
loss: 0.052240  [ 6400/50000]
loss: 0.065093  [12800/50000]
loss: 0.049789  [19200/50000]
loss: 0.027248  [25600/50000]
loss: 0.056007  [32000/50000]
loss: 0.051677  [38400/50000]
loss: 0.115622  [44800/50000]
Test Error: 
 Accuracy: 78.7%, Avg loss: 1.080390 

Epoch 20
-------------------------------
loss: 0.067688  [    0/50000]
loss: 0.016478  [ 6400/50000]
loss: 0.036651  [12800/50000]
loss: 0.022647  [19200/50000]
loss: 0.049497  [25600/50000]
loss: 0.035317  [32000/50000]
loss: 0.011784  [38400/50000]
loss: 0.079029  [44800/50000]
Test Error: 
 Accuracy: 80.0%, Avg loss: 1.023024 

Epoch 21
-------------------------------
loss: 0.014689  [    0/50000]
loss: 0.030320  [ 6400/50000]
loss: 0.027459  [12800/50000]
loss: 0.038376  [19200/50000]
loss: 0.019700  [25600/50000]
loss: 0.010213  [32000/50000]
loss: 0.011547  [38400/50000]
loss: 0.079497  [44800/50000]
Test Error: 
 Accuracy: 79.6%, Avg loss: 1.034793 

Epoch 22
-------------------------------
loss: 0.206027  [    0/50000]
loss: 0.039248  [ 6400/50000]
loss: 0.005405  [12800/50000]
loss: 0.022552  [19200/50000]
loss: 0.010794  [25600/50000]
loss: 0.071534  [32000/50000]
loss: 0.031449  [38400/50000]
loss: 0.023331  [44800/50000]
Test Error: 
 Accuracy: 79.7%, Avg loss: 1.029637 

Epoch 23
-------------------------------
loss: 0.025356  [    0/50000]
loss: 0.094035  [ 6400/50000]
loss: 0.076787  [12800/50000]
loss: 0.065898  [19200/50000]
loss: 0.147487  [25600/50000]
loss: 0.020795  [32000/50000]
loss: 0.013724  [38400/50000]
loss: 0.008033  [44800/50000]
Test Error: 
 Accuracy: 79.3%, Avg loss: 1.039559 

Epoch 24
-------------------------------
loss: 0.022379  [    0/50000]
loss: 0.076701  [ 6400/50000]
loss: 0.029237  [12800/50000]
loss: 0.104518  [19200/50000]
loss: 0.020849  [25600/50000]
loss: 0.030007  [32000/50000]
loss: 0.087929  [38400/50000]
loss: 0.040644  [44800/50000]
Test Error: 
 Accuracy: 78.9%, Avg loss: 1.113221 

Epoch 25
-------------------------------
loss: 0.008423  [    0/50000]
loss: 0.016018  [ 6400/50000]
loss: 0.024622  [12800/50000]
loss: 0.134446  [19200/50000]
loss: 0.008478  [25600/50000]
loss: 0.025557  [32000/50000]
loss: 0.005096  [38400/50000]
loss: 0.106542  [44800/50000]
Test Error: 
 Accuracy: 80.8%, Avg loss: 1.010571 

Epoch 26
-------------------------------
loss: 0.014242  [    0/50000]
loss: 0.004895  [ 6400/50000]
loss: 0.012686  [12800/50000]
loss: 0.073823  [19200/50000]
loss: 0.031878  [25600/50000]
loss: 0.031980  [32000/50000]
loss: 0.034150  [38400/50000]
loss: 0.125903  [44800/50000]
Test Error: 
 Accuracy: 80.5%, Avg loss: 1.057575 

Epoch 27
-------------------------------
loss: 0.034515  [    0/50000]
loss: 0.053798  [ 6400/50000]
loss: 0.011430  [12800/50000]
loss: 0.008511  [19200/50000]
loss: 0.104867  [25600/50000]
loss: 0.037758  [32000/50000]
loss: 0.077885  [38400/50000]
loss: 0.107083  [44800/50000]
Test Error: 
 Accuracy: 80.4%, Avg loss: 1.092204 

Epoch 28
-------------------------------
loss: 0.036224  [    0/50000]
loss: 0.017930  [ 6400/50000]
loss: 0.023751  [12800/50000]
loss: 0.046739  [19200/50000]
loss: 0.025697  [25600/50000]
loss: 0.004701  [32000/50000]
loss: 0.031302  [38400/50000]
loss: 0.006740  [44800/50000]
Test Error: 
 Accuracy: 78.9%, Avg loss: 1.171350 

Epoch 29
-------------------------------
loss: 0.025001  [    0/50000]
loss: 0.010642  [ 6400/50000]
loss: 0.078648  [12800/50000]
loss: 0.018576  [19200/50000]
loss: 0.017863  [25600/50000]
loss: 0.058825  [32000/50000]
loss: 0.011708  [38400/50000]
loss: 0.039999  [44800/50000]
Test Error: 
 Accuracy: 80.2%, Avg loss: 1.091806 

Epoch 30
-------------------------------
loss: 0.001547  [    0/50000]
loss: 0.010282  [ 6400/50000]
loss: 0.012823  [12800/50000]
loss: 0.009324  [19200/50000]
loss: 0.023558  [25600/50000]
loss: 0.067441  [32000/50000]
loss: 0.006318  [38400/50000]
loss: 0.011368  [44800/50000]
Test Error: 
 Accuracy: 79.9%, Avg loss: 1.180472 

Done!
max accuracy 80.75
average accuracy 79.3495
