command config
N= 4
B= [2 2 2 2]
C1= 64
F= [3 3 3 3]
K= [1, 1, 1, 1]
P= 4
number of parameters 11173962
Epoch 1
-------------------------------
loss: 2.386867  [    0/50000]
loss: 1.548195  [ 6400/50000]
loss: 1.174867  [12800/50000]
loss: 1.236772  [19200/50000]
loss: 1.419909  [25600/50000]
loss: 0.956954  [32000/50000]
loss: 1.053382  [38400/50000]
loss: 1.105415  [44800/50000]
Test Error: 
 Accuracy: 59.4%, Avg loss: 1.193916 

Epoch 2
-------------------------------
loss: 0.907754  [    0/50000]
loss: 0.813555  [ 6400/50000]
loss: 0.750387  [12800/50000]
loss: 0.760924  [19200/50000]
loss: 0.985150  [25600/50000]
loss: 0.924879  [32000/50000]
loss: 0.632101  [38400/50000]
loss: 0.805292  [44800/50000]
Test Error: 
 Accuracy: 67.1%, Avg loss: 0.981144 

Epoch 3
-------------------------------
loss: 0.763224  [    0/50000]
loss: 0.697972  [ 6400/50000]
loss: 0.683879  [12800/50000]
loss: 0.502591  [19200/50000]
loss: 0.677837  [25600/50000]
loss: 0.510049  [32000/50000]
loss: 0.280350  [38400/50000]
loss: 0.587698  [44800/50000]
Test Error: 
 Accuracy: 74.5%, Avg loss: 0.761346 

Epoch 4
-------------------------------
loss: 0.474480  [    0/50000]
loss: 0.350064  [ 6400/50000]
loss: 0.574523  [12800/50000]
loss: 0.387325  [19200/50000]
loss: 0.391281  [25600/50000]
loss: 0.504226  [32000/50000]
loss: 0.465937  [38400/50000]
loss: 0.422322  [44800/50000]
Test Error: 
 Accuracy: 79.8%, Avg loss: 0.598783 

Epoch 5
-------------------------------
loss: 0.416318  [    0/50000]
loss: 0.289456  [ 6400/50000]
loss: 0.312533  [12800/50000]
loss: 0.329633  [19200/50000]
loss: 0.471295  [25600/50000]
loss: 0.483847  [32000/50000]
loss: 0.288594  [38400/50000]
loss: 0.280365  [44800/50000]
Test Error: 
 Accuracy: 81.9%, Avg loss: 0.542336 

Epoch 6
-------------------------------
loss: 0.373284  [    0/50000]
loss: 0.316496  [ 6400/50000]
loss: 0.247923  [12800/50000]
loss: 0.156816  [19200/50000]
loss: 0.215853  [25600/50000]
loss: 0.218377  [32000/50000]
loss: 0.355010  [38400/50000]
loss: 0.337526  [44800/50000]
Test Error: 
 Accuracy: 80.8%, Avg loss: 0.613270 

Epoch 7
-------------------------------
loss: 0.159852  [    0/50000]
loss: 0.158899  [ 6400/50000]
loss: 0.144747  [12800/50000]
loss: 0.196251  [19200/50000]
loss: 0.240040  [25600/50000]
loss: 0.179923  [32000/50000]
loss: 0.182561  [38400/50000]
loss: 0.221499  [44800/50000]
Test Error: 
 Accuracy: 82.7%, Avg loss: 0.570233 

Epoch 8
-------------------------------
loss: 0.159530  [    0/50000]
loss: 0.064556  [ 6400/50000]
loss: 0.099927  [12800/50000]
loss: 0.144389  [19200/50000]
loss: 0.078617  [25600/50000]
loss: 0.103245  [32000/50000]
loss: 0.036744  [38400/50000]
loss: 0.323337  [44800/50000]
Test Error: 
 Accuracy: 82.8%, Avg loss: 0.604767 

Epoch 9
-------------------------------
loss: 0.034892  [    0/50000]
loss: 0.141915  [ 6400/50000]
loss: 0.219803  [12800/50000]
loss: 0.044931  [19200/50000]
loss: 0.030357  [25600/50000]
loss: 0.130226  [32000/50000]
loss: 0.105216  [38400/50000]
loss: 0.042661  [44800/50000]
Test Error: 
 Accuracy: 82.2%, Avg loss: 0.719323 

Epoch 10
-------------------------------
loss: 0.033849  [    0/50000]
loss: 0.152321  [ 6400/50000]
loss: 0.122207  [12800/50000]
loss: 0.082996  [19200/50000]
loss: 0.028288  [25600/50000]
loss: 0.067584  [32000/50000]
loss: 0.049231  [38400/50000]
loss: 0.084834  [44800/50000]
Test Error: 
 Accuracy: 83.7%, Avg loss: 0.631789 

Epoch 11
-------------------------------
loss: 0.022754  [    0/50000]
loss: 0.121125  [ 6400/50000]
loss: 0.037736  [12800/50000]
loss: 0.030880  [19200/50000]
loss: 0.041618  [25600/50000]
loss: 0.023308  [32000/50000]
loss: 0.133780  [38400/50000]
loss: 0.134330  [44800/50000]
Test Error: 
 Accuracy: 82.6%, Avg loss: 0.749377 

Epoch 12
-------------------------------
loss: 0.026662  [    0/50000]
loss: 0.118407  [ 6400/50000]
loss: 0.034064  [12800/50000]
loss: 0.137751  [19200/50000]
loss: 0.094503  [25600/50000]
loss: 0.061205  [32000/50000]
loss: 0.010419  [38400/50000]
loss: 0.041612  [44800/50000]
Test Error: 
 Accuracy: 83.7%, Avg loss: 0.742385 

Epoch 13
-------------------------------
loss: 0.013622  [    0/50000]
loss: 0.010577  [ 6400/50000]
loss: 0.040112  [12800/50000]
loss: 0.056013  [19200/50000]
loss: 0.019757  [25600/50000]
loss: 0.015463  [32000/50000]
loss: 0.037161  [38400/50000]
loss: 0.057523  [44800/50000]
Test Error: 
 Accuracy: 82.8%, Avg loss: 0.808159 

Epoch 14
-------------------------------
loss: 0.070924  [    0/50000]
loss: 0.063643  [ 6400/50000]
loss: 0.031701  [12800/50000]
loss: 0.023982  [19200/50000]
loss: 0.121799  [25600/50000]
loss: 0.063916  [32000/50000]
loss: 0.022968  [38400/50000]
loss: 0.032043  [44800/50000]
Test Error: 
 Accuracy: 82.3%, Avg loss: 0.850675 

Epoch 15
-------------------------------
loss: 0.029083  [    0/50000]
loss: 0.083454  [ 6400/50000]
loss: 0.018211  [12800/50000]
loss: 0.007897  [19200/50000]
loss: 0.053970  [25600/50000]
loss: 0.026322  [32000/50000]
loss: 0.187124  [38400/50000]
loss: 0.116086  [44800/50000]
Test Error: 
 Accuracy: 83.6%, Avg loss: 0.768478 

Epoch 16
-------------------------------
loss: 0.072590  [    0/50000]
loss: 0.003258  [ 6400/50000]
loss: 0.048629  [12800/50000]
loss: 0.008245  [19200/50000]
loss: 0.048931  [25600/50000]
loss: 0.001689  [32000/50000]
loss: 0.008762  [38400/50000]
loss: 0.021720  [44800/50000]
Test Error: 
 Accuracy: 84.5%, Avg loss: 0.735527 

Epoch 17
-------------------------------
loss: 0.094573  [    0/50000]
loss: 0.028013  [ 6400/50000]
loss: 0.025792  [12800/50000]
loss: 0.113932  [19200/50000]
loss: 0.033897  [25600/50000]
loss: 0.050081  [32000/50000]
loss: 0.140995  [38400/50000]
loss: 0.064169  [44800/50000]
Test Error: 
 Accuracy: 83.3%, Avg loss: 0.835089 

Epoch 18
-------------------------------
loss: 0.020035  [    0/50000]
loss: 0.037582  [ 6400/50000]
loss: 0.006003  [12800/50000]
loss: 0.014910  [19200/50000]
loss: 0.053327  [25600/50000]
loss: 0.005870  [32000/50000]
loss: 0.007910  [38400/50000]
loss: 0.093394  [44800/50000]
Test Error: 
 Accuracy: 83.8%, Avg loss: 0.786906 

Epoch 19
-------------------------------
loss: 0.048612  [    0/50000]
loss: 0.057038  [ 6400/50000]
loss: 0.000912  [12800/50000]
loss: 0.021258  [19200/50000]
loss: 0.082690  [25600/50000]
loss: 0.013024  [32000/50000]
loss: 0.025699  [38400/50000]
loss: 0.022316  [44800/50000]
Test Error: 
 Accuracy: 84.8%, Avg loss: 0.791318 

Epoch 20
-------------------------------
loss: 0.012942  [    0/50000]
loss: 0.009983  [ 6400/50000]
loss: 0.013788  [12800/50000]
loss: 0.002928  [19200/50000]
loss: 0.041971  [25600/50000]
loss: 0.040371  [32000/50000]
loss: 0.199346  [38400/50000]
loss: 0.013321  [44800/50000]
Test Error: 
 Accuracy: 83.8%, Avg loss: 0.802200 

Epoch 21
-------------------------------
loss: 0.144344  [    0/50000]
loss: 0.009669  [ 6400/50000]
loss: 0.044993  [12800/50000]
loss: 0.004582  [19200/50000]
loss: 0.014191  [25600/50000]
loss: 0.071571  [32000/50000]
loss: 0.004831  [38400/50000]
loss: 0.068661  [44800/50000]
Test Error: 
 Accuracy: 84.1%, Avg loss: 0.895178 

Epoch 22
-------------------------------
loss: 0.009323  [    0/50000]
loss: 0.003585  [ 6400/50000]
loss: 0.090430  [12800/50000]
loss: 0.023526  [19200/50000]
loss: 0.031818  [25600/50000]
loss: 0.019278  [32000/50000]
loss: 0.030660  [38400/50000]
loss: 0.035570  [44800/50000]
Test Error: 
 Accuracy: 84.4%, Avg loss: 0.833726 

Epoch 23
-------------------------------
loss: 0.001754  [    0/50000]
loss: 0.002273  [ 6400/50000]
loss: 0.010213  [12800/50000]
loss: 0.003276  [19200/50000]
loss: 0.028794  [25600/50000]
loss: 0.026394  [32000/50000]
loss: 0.000940  [38400/50000]
loss: 0.011810  [44800/50000]
Test Error: 
 Accuracy: 84.1%, Avg loss: 0.828098 

Epoch 24
-------------------------------
loss: 0.005192  [    0/50000]
loss: 0.004590  [ 6400/50000]
loss: 0.004039  [12800/50000]
loss: 0.025949  [19200/50000]
loss: 0.005899  [25600/50000]
loss: 0.028666  [32000/50000]
loss: 0.026691  [38400/50000]
loss: 0.011562  [44800/50000]
Test Error: 
 Accuracy: 85.2%, Avg loss: 0.790521 

Epoch 25
-------------------------------
loss: 0.005462  [    0/50000]
loss: 0.177142  [ 6400/50000]
loss: 0.008397  [12800/50000]
loss: 0.066478  [19200/50000]
loss: 0.000833  [25600/50000]
loss: 0.011366  [32000/50000]
loss: 0.013033  [38400/50000]
loss: 0.001996  [44800/50000]
Test Error: 
 Accuracy: 85.4%, Avg loss: 0.797561 

Epoch 26
-------------------------------
loss: 0.006659  [    0/50000]
loss: 0.001495  [ 6400/50000]
loss: 0.049064  [12800/50000]
loss: 0.000979  [19200/50000]
loss: 0.015423  [25600/50000]
loss: 0.011112  [32000/50000]
loss: 0.002462  [38400/50000]
loss: 0.013246  [44800/50000]
Test Error: 
 Accuracy: 83.8%, Avg loss: 0.921959 

Epoch 27
-------------------------------
loss: 0.043385  [    0/50000]
loss: 0.002254  [ 6400/50000]
loss: 0.001276  [12800/50000]
loss: 0.014300  [19200/50000]
loss: 0.003962  [25600/50000]
loss: 0.004430  [32000/50000]
loss: 0.065045  [38400/50000]
loss: 0.005606  [44800/50000]
Test Error: 
 Accuracy: 84.5%, Avg loss: 0.855217 

Epoch 28
-------------------------------
loss: 0.011890  [    0/50000]
loss: 0.034980  [ 6400/50000]
loss: 0.057070  [12800/50000]
loss: 0.009965  [19200/50000]
loss: 0.000900  [25600/50000]
loss: 0.076243  [32000/50000]
loss: 0.034943  [38400/50000]
loss: 0.019109  [44800/50000]
Test Error: 
 Accuracy: 84.9%, Avg loss: 0.863558 

Epoch 29
-------------------------------
loss: 0.001992  [    0/50000]
loss: 0.150704  [ 6400/50000]
loss: 0.001945  [12800/50000]
loss: 0.004308  [19200/50000]
loss: 0.037043  [25600/50000]
loss: 0.012561  [32000/50000]
loss: 0.003290  [38400/50000]
loss: 0.099416  [44800/50000]
Test Error: 
 Accuracy: 84.7%, Avg loss: 0.895170 

Epoch 30
-------------------------------
loss: 0.003652  [    0/50000]
loss: 0.000766  [ 6400/50000]
loss: 0.059916  [12800/50000]
loss: 0.002651  [19200/50000]
loss: 0.012456  [25600/50000]
loss: 0.000858  [32000/50000]
loss: 0.004394  [38400/50000]
loss: 0.014606  [44800/50000]
Test Error: 
 Accuracy: 83.5%, Avg loss: 0.940454 

Done!
max accuracy 85.39
average accuracy 83.986
