command config
N= 4
B= [2 2 2 2]
C1= 64
F= [3 3 3 3]
K= [1, 1, 1, 1]
P= 4
number of parameters 11173962
Epoch 1
-------------------------------
loss: 2.346253  [    0/50000]
loss: 1.721445  [ 6400/50000]
loss: 1.492928  [12800/50000]
loss: 1.579207  [19200/50000]
loss: 1.117986  [25600/50000]
loss: 1.447159  [32000/50000]
loss: 1.032710  [38400/50000]
loss: 0.935331  [44800/50000]
Test Error: 
 Accuracy: 64.2%, Avg loss: 1.007251 

Epoch 2
-------------------------------
loss: 1.173730  [    0/50000]
loss: 0.887649  [ 6400/50000]
loss: 0.733053  [12800/50000]
loss: 0.874533  [19200/50000]
loss: 0.933830  [25600/50000]
loss: 0.818992  [32000/50000]
loss: 0.554661  [38400/50000]
loss: 0.872609  [44800/50000]
Test Error: 
 Accuracy: 73.2%, Avg loss: 0.765340 

Epoch 3
-------------------------------
loss: 0.738103  [    0/50000]
loss: 0.533396  [ 6400/50000]
loss: 0.487813  [12800/50000]
loss: 0.575861  [19200/50000]
loss: 0.680179  [25600/50000]
loss: 0.517201  [32000/50000]
loss: 0.670008  [38400/50000]
loss: 0.492443  [44800/50000]
Test Error: 
 Accuracy: 76.8%, Avg loss: 0.673871 

Epoch 4
-------------------------------
loss: 0.358030  [    0/50000]
loss: 0.329484  [ 6400/50000]
loss: 0.614574  [12800/50000]
loss: 0.446519  [19200/50000]
loss: 0.518888  [25600/50000]
loss: 0.481529  [32000/50000]
loss: 0.369085  [38400/50000]
loss: 0.445155  [44800/50000]
Test Error: 
 Accuracy: 80.9%, Avg loss: 0.551971 

Epoch 5
-------------------------------
loss: 0.323841  [    0/50000]
loss: 0.271632  [ 6400/50000]
loss: 0.365716  [12800/50000]
loss: 0.339571  [19200/50000]
loss: 0.470500  [25600/50000]
loss: 0.441393  [32000/50000]
loss: 0.428587  [38400/50000]
loss: 0.498818  [44800/50000]
Test Error: 
 Accuracy: 80.8%, Avg loss: 0.596365 

Epoch 6
-------------------------------
loss: 0.247773  [    0/50000]
loss: 0.198354  [ 6400/50000]
loss: 0.360531  [12800/50000]
loss: 0.262307  [19200/50000]
loss: 0.210070  [25600/50000]
loss: 0.166070  [32000/50000]
loss: 0.320961  [38400/50000]
loss: 0.220132  [44800/50000]
Test Error: 
 Accuracy: 79.8%, Avg loss: 0.623313 

Epoch 7
-------------------------------
loss: 0.284899  [    0/50000]
loss: 0.362702  [ 6400/50000]
loss: 0.182234  [12800/50000]
loss: 0.320873  [19200/50000]
loss: 0.274533  [25600/50000]
loss: 0.080770  [32000/50000]
loss: 0.287542  [38400/50000]
loss: 0.175090  [44800/50000]
Test Error: 
 Accuracy: 82.2%, Avg loss: 0.621174 

Epoch 8
-------------------------------
loss: 0.129081  [    0/50000]
loss: 0.093410  [ 6400/50000]
loss: 0.315205  [12800/50000]
loss: 0.219306  [19200/50000]
loss: 0.046546  [25600/50000]
loss: 0.133625  [32000/50000]
loss: 0.153996  [38400/50000]
loss: 0.184659  [44800/50000]
Test Error: 
 Accuracy: 82.7%, Avg loss: 0.632682 

Epoch 9
-------------------------------
loss: 0.171892  [    0/50000]
loss: 0.100184  [ 6400/50000]
loss: 0.273786  [12800/50000]
loss: 0.049648  [19200/50000]
loss: 0.081009  [25600/50000]
loss: 0.153922  [32000/50000]
loss: 0.212547  [38400/50000]
loss: 0.016849  [44800/50000]
Test Error: 
 Accuracy: 82.7%, Avg loss: 0.648543 

Epoch 10
-------------------------------
loss: 0.111003  [    0/50000]
loss: 0.036861  [ 6400/50000]
loss: 0.152842  [12800/50000]
loss: 0.087295  [19200/50000]
loss: 0.164824  [25600/50000]
loss: 0.210144  [32000/50000]
loss: 0.020188  [38400/50000]
loss: 0.071946  [44800/50000]
Test Error: 
 Accuracy: 83.3%, Avg loss: 0.647088 

Epoch 11
-------------------------------
loss: 0.072133  [    0/50000]
loss: 0.025081  [ 6400/50000]
loss: 0.067185  [12800/50000]
loss: 0.026827  [19200/50000]
loss: 0.026657  [25600/50000]
loss: 0.114940  [32000/50000]
loss: 0.065170  [38400/50000]
loss: 0.144863  [44800/50000]
Test Error: 
 Accuracy: 82.3%, Avg loss: 0.730253 

Epoch 12
-------------------------------
loss: 0.021211  [    0/50000]
loss: 0.073692  [ 6400/50000]
loss: 0.019665  [12800/50000]
loss: 0.118571  [19200/50000]
loss: 0.018838  [25600/50000]
loss: 0.072339  [32000/50000]
loss: 0.020568  [38400/50000]
loss: 0.073907  [44800/50000]
Test Error: 
 Accuracy: 82.8%, Avg loss: 0.785065 

Epoch 13
-------------------------------
loss: 0.108585  [    0/50000]
loss: 0.012693  [ 6400/50000]
loss: 0.031527  [12800/50000]
loss: 0.039499  [19200/50000]
loss: 0.039107  [25600/50000]
loss: 0.046494  [32000/50000]
loss: 0.054702  [38400/50000]
loss: 0.023901  [44800/50000]
Test Error: 
 Accuracy: 82.0%, Avg loss: 0.825407 

Epoch 14
-------------------------------
loss: 0.077171  [    0/50000]
loss: 0.106606  [ 6400/50000]
loss: 0.052935  [12800/50000]
loss: 0.031617  [19200/50000]
loss: 0.010858  [25600/50000]
loss: 0.050781  [32000/50000]
loss: 0.016474  [38400/50000]
loss: 0.020949  [44800/50000]
Test Error: 
 Accuracy: 82.8%, Avg loss: 0.785748 

Epoch 15
-------------------------------
loss: 0.013106  [    0/50000]
loss: 0.014259  [ 6400/50000]
loss: 0.040123  [12800/50000]
loss: 0.007103  [19200/50000]
loss: 0.017565  [25600/50000]
loss: 0.047291  [32000/50000]
loss: 0.094899  [38400/50000]
loss: 0.017299  [44800/50000]
Test Error: 
 Accuracy: 82.7%, Avg loss: 0.860232 

Epoch 16
-------------------------------
loss: 0.075275  [    0/50000]
loss: 0.079141  [ 6400/50000]
loss: 0.033950  [12800/50000]
loss: 0.002777  [19200/50000]
loss: 0.093235  [25600/50000]
loss: 0.003510  [32000/50000]
loss: 0.014861  [38400/50000]
loss: 0.030029  [44800/50000]
Test Error: 
 Accuracy: 84.6%, Avg loss: 0.766153 

Epoch 17
-------------------------------
loss: 0.007153  [    0/50000]
loss: 0.054235  [ 6400/50000]
loss: 0.009597  [12800/50000]
loss: 0.053012  [19200/50000]
loss: 0.095980  [25600/50000]
loss: 0.001886  [32000/50000]
loss: 0.066822  [38400/50000]
loss: 0.019043  [44800/50000]
Test Error: 
 Accuracy: 84.0%, Avg loss: 0.783411 

Epoch 18
-------------------------------
loss: 0.004846  [    0/50000]
loss: 0.054341  [ 6400/50000]
loss: 0.041224  [12800/50000]
loss: 0.075925  [19200/50000]
loss: 0.034734  [25600/50000]
loss: 0.026014  [32000/50000]
loss: 0.074145  [38400/50000]
loss: 0.044897  [44800/50000]
Test Error: 
 Accuracy: 83.1%, Avg loss: 0.926496 

Epoch 19
-------------------------------
loss: 0.005916  [    0/50000]
loss: 0.035499  [ 6400/50000]
loss: 0.014963  [12800/50000]
loss: 0.041866  [19200/50000]
loss: 0.003479  [25600/50000]
loss: 0.038554  [32000/50000]
loss: 0.019444  [38400/50000]
loss: 0.029491  [44800/50000]
Test Error: 
 Accuracy: 84.5%, Avg loss: 0.819448 

Epoch 20
-------------------------------
loss: 0.018499  [    0/50000]
loss: 0.032363  [ 6400/50000]
loss: 0.003168  [12800/50000]
loss: 0.000644  [19200/50000]
loss: 0.007978  [25600/50000]
loss: 0.010593  [32000/50000]
loss: 0.019850  [38400/50000]
loss: 0.010720  [44800/50000]
Test Error: 
 Accuracy: 84.3%, Avg loss: 0.835327 

Epoch 21
-------------------------------
loss: 0.110436  [    0/50000]
loss: 0.014768  [ 6400/50000]
loss: 0.045022  [12800/50000]
loss: 0.032263  [19200/50000]
loss: 0.021726  [25600/50000]
loss: 0.020568  [32000/50000]
loss: 0.018519  [38400/50000]
loss: 0.002125  [44800/50000]
Test Error: 
 Accuracy: 83.6%, Avg loss: 0.855443 

Epoch 22
-------------------------------
loss: 0.033698  [    0/50000]
loss: 0.021072  [ 6400/50000]
loss: 0.020468  [12800/50000]
loss: 0.008599  [19200/50000]
loss: 0.003302  [25600/50000]
loss: 0.022162  [32000/50000]
loss: 0.029219  [38400/50000]
loss: 0.009184  [44800/50000]
Test Error: 
 Accuracy: 84.0%, Avg loss: 0.803297 

Epoch 23
-------------------------------
loss: 0.006216  [    0/50000]
loss: 0.001574  [ 6400/50000]
loss: 0.004652  [12800/50000]
loss: 0.037474  [19200/50000]
loss: 0.012672  [25600/50000]
loss: 0.006076  [32000/50000]
loss: 0.007058  [38400/50000]
loss: 0.020757  [44800/50000]
Test Error: 
 Accuracy: 83.8%, Avg loss: 0.897400 

Epoch 24
-------------------------------
loss: 0.013847  [    0/50000]
loss: 0.078199  [ 6400/50000]
loss: 0.057348  [12800/50000]
loss: 0.007292  [19200/50000]
loss: 0.008303  [25600/50000]
loss: 0.033810  [32000/50000]
loss: 0.039352  [38400/50000]
loss: 0.071473  [44800/50000]
Test Error: 
 Accuracy: 83.5%, Avg loss: 0.916534 

Epoch 25
-------------------------------
loss: 0.014869  [    0/50000]
loss: 0.001673  [ 6400/50000]
loss: 0.024822  [12800/50000]
loss: 0.074322  [19200/50000]
loss: 0.015155  [25600/50000]
loss: 0.000810  [32000/50000]
loss: 0.091100  [38400/50000]
loss: 0.006121  [44800/50000]
Test Error: 
 Accuracy: 85.3%, Avg loss: 0.775084 

Epoch 26
-------------------------------
loss: 0.022933  [    0/50000]
loss: 0.017980  [ 6400/50000]
loss: 0.004562  [12800/50000]
loss: 0.002427  [19200/50000]
loss: 0.036139  [25600/50000]
loss: 0.007365  [32000/50000]
loss: 0.131931  [38400/50000]
loss: 0.003711  [44800/50000]
Test Error: 
 Accuracy: 84.7%, Avg loss: 0.881043 

Epoch 27
-------------------------------
loss: 0.006921  [    0/50000]
loss: 0.002805  [ 6400/50000]
loss: 0.005802  [12800/50000]
loss: 0.007129  [19200/50000]
loss: 0.002921  [25600/50000]
loss: 0.000879  [32000/50000]
loss: 0.024138  [38400/50000]
loss: 0.012361  [44800/50000]
Test Error: 
 Accuracy: 84.9%, Avg loss: 0.761525 

Epoch 28
-------------------------------
loss: 0.009722  [    0/50000]
loss: 0.011508  [ 6400/50000]
loss: 0.000609  [12800/50000]
loss: 0.010894  [19200/50000]
loss: 0.000805  [25600/50000]
loss: 0.006581  [32000/50000]
loss: 0.008567  [38400/50000]
loss: 0.091869  [44800/50000]
Test Error: 
 Accuracy: 85.0%, Avg loss: 0.859486 

Epoch 29
-------------------------------
loss: 0.013052  [    0/50000]
loss: 0.007299  [ 6400/50000]
loss: 0.003405  [12800/50000]
loss: 0.062298  [19200/50000]
loss: 0.020113  [25600/50000]
loss: 0.029198  [32000/50000]
loss: 0.002068  [38400/50000]
loss: 0.000653  [44800/50000]
Test Error: 
 Accuracy: 85.0%, Avg loss: 0.817825 

Epoch 30
-------------------------------
loss: 0.003504  [    0/50000]
loss: 0.001421  [ 6400/50000]
loss: 0.002038  [12800/50000]
loss: 0.105278  [19200/50000]
loss: 0.014401  [25600/50000]
loss: 0.000811  [32000/50000]
loss: 0.000470  [38400/50000]
loss: 0.001423  [44800/50000]
Test Error: 
 Accuracy: 84.5%, Avg loss: 0.879585 

Done!
max accuracy 85.28999999999999
average accuracy 83.86250000000001
