command config
N= 4
B= [2 2 2 2]
C1= 128
F= [3 3 3 3]
K= [1, 1, 1, 1]
P= 4
number of parameters 44662922
Epoch 1
-------------------------------
loss: 2.479985  [    0/50000]
loss: 1.843040  [ 6400/50000]
loss: 1.628146  [12800/50000]
loss: 1.605330  [19200/50000]
loss: 1.396987  [25600/50000]
loss: 1.291379  [32000/50000]
loss: 1.295838  [38400/50000]
loss: 1.001876  [44800/50000]
Test Error: 
 Accuracy: 55.6%, Avg loss: 1.262492 

Epoch 2
-------------------------------
loss: 1.013102  [    0/50000]
loss: 1.156508  [ 6400/50000]
loss: 0.880659  [12800/50000]
loss: 0.824903  [19200/50000]
loss: 0.834539  [25600/50000]
loss: 1.056877  [32000/50000]
loss: 0.748130  [38400/50000]
loss: 0.901759  [44800/50000]
Test Error: 
 Accuracy: 63.3%, Avg loss: 1.095672 

Epoch 3
-------------------------------
loss: 0.711748  [    0/50000]
loss: 0.468875  [ 6400/50000]
loss: 0.583522  [12800/50000]
loss: 0.706433  [19200/50000]
loss: 0.661193  [25600/50000]
loss: 0.667968  [32000/50000]
loss: 0.518265  [38400/50000]
loss: 0.765318  [44800/50000]
Test Error: 
 Accuracy: 78.7%, Avg loss: 0.612881 

Epoch 4
-------------------------------
loss: 0.355543  [    0/50000]
loss: 0.361747  [ 6400/50000]
loss: 0.361469  [12800/50000]
loss: 0.353230  [19200/50000]
loss: 0.521886  [25600/50000]
loss: 0.431053  [32000/50000]
loss: 0.454978  [38400/50000]
loss: 0.722401  [44800/50000]
Test Error: 
 Accuracy: 81.2%, Avg loss: 0.543786 

Epoch 5
-------------------------------
loss: 0.305306  [    0/50000]
loss: 0.397626  [ 6400/50000]
loss: 0.381040  [12800/50000]
loss: 0.178552  [19200/50000]
loss: 0.239416  [25600/50000]
loss: 0.401517  [32000/50000]
loss: 0.400924  [38400/50000]
loss: 0.332712  [44800/50000]
Test Error: 
 Accuracy: 83.0%, Avg loss: 0.508496 

Epoch 6
-------------------------------
loss: 0.305601  [    0/50000]
loss: 0.213415  [ 6400/50000]
loss: 0.445773  [12800/50000]
loss: 0.274800  [19200/50000]
loss: 0.235173  [25600/50000]
loss: 0.324539  [32000/50000]
loss: 0.371305  [38400/50000]
loss: 0.412764  [44800/50000]
Test Error: 
 Accuracy: 83.6%, Avg loss: 0.500775 

Epoch 7
-------------------------------
loss: 0.329435  [    0/50000]
loss: 0.096793  [ 6400/50000]
loss: 0.418032  [12800/50000]
loss: 0.211322  [19200/50000]
loss: 0.187398  [25600/50000]
loss: 0.156447  [32000/50000]
loss: 0.269051  [38400/50000]
loss: 0.303093  [44800/50000]
Test Error: 
 Accuracy: 83.1%, Avg loss: 0.553349 

Epoch 8
-------------------------------
loss: 0.111790  [    0/50000]
loss: 0.069799  [ 6400/50000]
loss: 0.146039  [12800/50000]
loss: 0.132877  [19200/50000]
loss: 0.240944  [25600/50000]
loss: 0.280332  [32000/50000]
loss: 0.160782  [38400/50000]
loss: 0.175665  [44800/50000]
Test Error: 
 Accuracy: 83.3%, Avg loss: 0.598390 

Epoch 9
-------------------------------
loss: 0.129457  [    0/50000]
loss: 0.146768  [ 6400/50000]
loss: 0.087014  [12800/50000]
loss: 0.126743  [19200/50000]
loss: 0.193457  [25600/50000]
loss: 0.076721  [32000/50000]
loss: 0.052618  [38400/50000]
loss: 0.124703  [44800/50000]
Test Error: 
 Accuracy: 83.5%, Avg loss: 0.639843 

Epoch 10
-------------------------------
loss: 0.074877  [    0/50000]
loss: 0.168321  [ 6400/50000]
loss: 0.021258  [12800/50000]
loss: 0.130712  [19200/50000]
loss: 0.078465  [25600/50000]
loss: 0.174297  [32000/50000]
loss: 0.123646  [38400/50000]
loss: 0.165761  [44800/50000]
Test Error: 
 Accuracy: 85.0%, Avg loss: 0.624321 

Epoch 11
-------------------------------
loss: 0.005069  [    0/50000]
loss: 0.026522  [ 6400/50000]
loss: 0.036465  [12800/50000]
loss: 0.098091  [19200/50000]
loss: 0.018733  [25600/50000]
loss: 0.038084  [32000/50000]
loss: 0.020289  [38400/50000]
loss: 0.018876  [44800/50000]
Test Error: 
 Accuracy: 84.1%, Avg loss: 0.686121 

Epoch 12
-------------------------------
loss: 0.088666  [    0/50000]
loss: 0.033210  [ 6400/50000]
loss: 0.065113  [12800/50000]
loss: 0.010349  [19200/50000]
loss: 0.022686  [25600/50000]
loss: 0.092067  [32000/50000]
loss: 0.019975  [38400/50000]
loss: 0.023799  [44800/50000]
Test Error: 
 Accuracy: 84.4%, Avg loss: 0.677523 

Epoch 13
-------------------------------
loss: 0.046130  [    0/50000]
loss: 0.125630  [ 6400/50000]
loss: 0.104804  [12800/50000]
loss: 0.017528  [19200/50000]
loss: 0.038209  [25600/50000]
loss: 0.103536  [32000/50000]
loss: 0.044887  [38400/50000]
loss: 0.007706  [44800/50000]
Test Error: 
 Accuracy: 83.9%, Avg loss: 0.726504 

Epoch 14
-------------------------------
loss: 0.011367  [    0/50000]
loss: 0.006260  [ 6400/50000]
loss: 0.020884  [12800/50000]
loss: 0.003547  [19200/50000]
loss: 0.010412  [25600/50000]
loss: 0.017176  [32000/50000]
loss: 0.017782  [38400/50000]
loss: 0.030424  [44800/50000]
Test Error: 
 Accuracy: 84.5%, Avg loss: 0.710842 

Epoch 15
-------------------------------
loss: 0.074058  [    0/50000]
loss: 0.005571  [ 6400/50000]
loss: 0.059938  [12800/50000]
loss: 0.004087  [19200/50000]
loss: 0.081831  [25600/50000]
loss: 0.018982  [32000/50000]
loss: 0.062259  [38400/50000]
loss: 0.029324  [44800/50000]
Test Error: 
 Accuracy: 84.3%, Avg loss: 0.715530 

Epoch 16
-------------------------------
loss: 0.059088  [    0/50000]
loss: 0.017744  [ 6400/50000]
loss: 0.026845  [12800/50000]
loss: 0.036156  [19200/50000]
loss: 0.037665  [25600/50000]
loss: 0.033564  [32000/50000]
loss: 0.027872  [38400/50000]
loss: 0.010842  [44800/50000]
Test Error: 
 Accuracy: 83.3%, Avg loss: 0.783423 

Epoch 17
-------------------------------
loss: 0.026782  [    0/50000]
loss: 0.015995  [ 6400/50000]
loss: 0.004417  [12800/50000]
loss: 0.031729  [19200/50000]
loss: 0.013867  [25600/50000]
loss: 0.012231  [32000/50000]
loss: 0.009180  [38400/50000]
loss: 0.029295  [44800/50000]
Test Error: 
 Accuracy: 85.3%, Avg loss: 0.717769 

Epoch 18
-------------------------------
loss: 0.017115  [    0/50000]
loss: 0.005338  [ 6400/50000]
loss: 0.013484  [12800/50000]
loss: 0.023920  [19200/50000]
loss: 0.022046  [25600/50000]
loss: 0.007770  [32000/50000]
loss: 0.021776  [38400/50000]
loss: 0.009887  [44800/50000]
Test Error: 
 Accuracy: 83.9%, Avg loss: 0.894516 

Epoch 19
-------------------------------
loss: 0.051926  [    0/50000]
loss: 0.015193  [ 6400/50000]
loss: 0.009874  [12800/50000]
loss: 0.005867  [19200/50000]
loss: 0.002647  [25600/50000]
loss: 0.002483  [32000/50000]
loss: 0.005739  [38400/50000]
loss: 0.005740  [44800/50000]
Test Error: 
 Accuracy: 85.8%, Avg loss: 0.718616 

Epoch 20
-------------------------------
loss: 0.004297  [    0/50000]
loss: 0.016563  [ 6400/50000]
loss: 0.001229  [12800/50000]
loss: 0.017222  [19200/50000]
loss: 0.015343  [25600/50000]
loss: 0.060284  [32000/50000]
loss: 0.023182  [38400/50000]
loss: 0.004312  [44800/50000]
Test Error: 
 Accuracy: 84.1%, Avg loss: 0.820000 

Epoch 21
-------------------------------
loss: 0.003837  [    0/50000]
loss: 0.012266  [ 6400/50000]
loss: 0.003691  [12800/50000]
loss: 0.011673  [19200/50000]
loss: 0.006978  [25600/50000]
loss: 0.014981  [32000/50000]
loss: 0.023474  [38400/50000]
loss: 0.024351  [44800/50000]
Test Error: 
 Accuracy: 82.6%, Avg loss: 0.993827 

Epoch 22
-------------------------------
loss: 0.003547  [    0/50000]
loss: 0.030963  [ 6400/50000]
loss: 0.075295  [12800/50000]
loss: 0.053616  [19200/50000]
loss: 0.020236  [25600/50000]
loss: 0.016803  [32000/50000]
loss: 0.001963  [38400/50000]
loss: 0.002877  [44800/50000]
Test Error: 
 Accuracy: 85.6%, Avg loss: 0.726802 

Epoch 23
-------------------------------
loss: 0.032789  [    0/50000]
loss: 0.000398  [ 6400/50000]
loss: 0.001030  [12800/50000]
loss: 0.036702  [19200/50000]
loss: 0.004586  [25600/50000]
loss: 0.001132  [32000/50000]
loss: 0.005153  [38400/50000]
loss: 0.027002  [44800/50000]
Test Error: 
 Accuracy: 84.8%, Avg loss: 0.860972 

Epoch 24
-------------------------------
loss: 0.055145  [    0/50000]
loss: 0.021124  [ 6400/50000]
loss: 0.037156  [12800/50000]
loss: 0.023839  [19200/50000]
loss: 0.070529  [25600/50000]
loss: 0.003259  [32000/50000]
loss: 0.125190  [38400/50000]
loss: 0.084516  [44800/50000]
Test Error: 
 Accuracy: 85.7%, Avg loss: 0.751039 

Epoch 25
-------------------------------
loss: 0.013108  [    0/50000]
loss: 0.006327  [ 6400/50000]
loss: 0.002417  [12800/50000]
loss: 0.000311  [19200/50000]
loss: 0.003630  [25600/50000]
loss: 0.011131  [32000/50000]
loss: 0.469270  [38400/50000]
loss: 0.032602  [44800/50000]
Test Error: 
 Accuracy: 85.2%, Avg loss: 0.730668 

Epoch 26
-------------------------------
loss: 0.095515  [    0/50000]
loss: 0.070330  [ 6400/50000]
loss: 0.004019  [12800/50000]
loss: 0.001139  [19200/50000]
loss: 0.019901  [25600/50000]
loss: 0.008483  [32000/50000]
loss: 0.010433  [38400/50000]
loss: 0.057579  [44800/50000]
Test Error: 
 Accuracy: 84.1%, Avg loss: 0.822670 

Epoch 27
-------------------------------
loss: 0.005927  [    0/50000]
loss: 0.009830  [ 6400/50000]
loss: 0.000046  [12800/50000]
loss: 0.047384  [19200/50000]
loss: 0.004437  [25600/50000]
loss: 0.001571  [32000/50000]
loss: 0.014657  [38400/50000]
loss: 0.022722  [44800/50000]
Test Error: 
 Accuracy: 85.0%, Avg loss: 0.838808 

Epoch 28
-------------------------------
loss: 0.001066  [    0/50000]
loss: 0.000676  [ 6400/50000]
loss: 0.017007  [12800/50000]
loss: 0.014525  [19200/50000]
loss: 0.018885  [25600/50000]
loss: 0.005873  [32000/50000]
loss: 0.010770  [38400/50000]
loss: 0.025233  [44800/50000]
Test Error: 
 Accuracy: 84.0%, Avg loss: 0.875723 

Epoch 29
-------------------------------
loss: 0.002911  [    0/50000]
loss: 0.028305  [ 6400/50000]
loss: 0.009143  [12800/50000]
loss: 0.001109  [19200/50000]
loss: 0.083943  [25600/50000]
loss: 0.018793  [32000/50000]
loss: 0.004246  [38400/50000]
loss: 0.009892  [44800/50000]
Test Error: 
 Accuracy: 84.2%, Avg loss: 0.834831 

Epoch 30
-------------------------------
loss: 0.019513  [    0/50000]
loss: 0.010206  [ 6400/50000]
loss: 0.002619  [12800/50000]
loss: 0.001607  [19200/50000]
loss: 0.000463  [25600/50000]
loss: 0.001114  [32000/50000]
loss: 0.004500  [38400/50000]
loss: 0.029386  [44800/50000]
Test Error: 
 Accuracy: 83.4%, Avg loss: 0.970462 

Done!
max accuracy 85.78
average accuracy 84.4085
