command config
N= 4
B= [2 2 2 2]
C1= 8
F= [3 3 3 3]
K= [1, 1, 1, 1]
P= 4
number of parameters 176402
Epoch 1
-------------------------------
loss: 2.595710  [    0/50000]
loss: 1.675356  [ 6400/50000]
loss: 1.616378  [12800/50000]
loss: 1.448261  [19200/50000]
loss: 1.187325  [25600/50000]
loss: 1.075066  [32000/50000]
loss: 1.074112  [38400/50000]
loss: 1.014449  [44800/50000]
Test Error: 
 Accuracy: 58.2%, Avg loss: 1.167845 

Epoch 2
-------------------------------
loss: 1.252916  [    0/50000]
loss: 1.029087  [ 6400/50000]
loss: 1.209121  [12800/50000]
loss: 1.133574  [19200/50000]
loss: 1.398702  [25600/50000]
loss: 1.023658  [32000/50000]
loss: 1.082656  [38400/50000]
loss: 0.858315  [44800/50000]
Test Error: 
 Accuracy: 65.4%, Avg loss: 0.974962 

Epoch 3
-------------------------------
loss: 0.938609  [    0/50000]
loss: 0.909018  [ 6400/50000]
loss: 0.947501  [12800/50000]
loss: 1.052536  [19200/50000]
loss: 0.841890  [25600/50000]
loss: 1.093785  [32000/50000]
loss: 0.693165  [38400/50000]
loss: 0.581325  [44800/50000]
Test Error: 
 Accuracy: 69.4%, Avg loss: 0.878839 

Epoch 4
-------------------------------
loss: 0.815058  [    0/50000]
loss: 0.549530  [ 6400/50000]
loss: 0.772969  [12800/50000]
loss: 0.694875  [19200/50000]
loss: 0.753651  [25600/50000]
loss: 0.714433  [32000/50000]
loss: 1.095942  [38400/50000]
loss: 1.021511  [44800/50000]
Test Error: 
 Accuracy: 72.3%, Avg loss: 0.813412 

Epoch 5
-------------------------------
loss: 0.770668  [    0/50000]
loss: 0.713586  [ 6400/50000]
loss: 0.723135  [12800/50000]
loss: 0.641408  [19200/50000]
loss: 0.749923  [25600/50000]
loss: 0.559529  [32000/50000]
loss: 0.741948  [38400/50000]
loss: 0.582367  [44800/50000]
Test Error: 
 Accuracy: 72.9%, Avg loss: 0.791685 

Epoch 6
-------------------------------
loss: 0.537581  [    0/50000]
loss: 0.744959  [ 6400/50000]
loss: 0.479338  [12800/50000]
loss: 0.499311  [19200/50000]
loss: 0.580796  [25600/50000]
loss: 0.687340  [32000/50000]
loss: 0.693806  [38400/50000]
loss: 0.617281  [44800/50000]
Test Error: 
 Accuracy: 72.9%, Avg loss: 0.783151 

Epoch 7
-------------------------------
loss: 0.741521  [    0/50000]
loss: 0.570579  [ 6400/50000]
loss: 0.599655  [12800/50000]
loss: 0.501270  [19200/50000]
loss: 0.364245  [25600/50000]
loss: 0.340536  [32000/50000]
loss: 0.600899  [38400/50000]
loss: 0.515219  [44800/50000]
Test Error: 
 Accuracy: 74.2%, Avg loss: 0.771406 

Epoch 8
-------------------------------
loss: 0.414360  [    0/50000]
loss: 0.446505  [ 6400/50000]
loss: 0.541041  [12800/50000]
loss: 0.643796  [19200/50000]
loss: 0.279902  [25600/50000]
loss: 0.503233  [32000/50000]
loss: 0.511430  [38400/50000]
loss: 0.534667  [44800/50000]
Test Error: 
 Accuracy: 75.7%, Avg loss: 0.720888 

Epoch 9
-------------------------------
loss: 0.367260  [    0/50000]
loss: 0.533848  [ 6400/50000]
loss: 0.411835  [12800/50000]
loss: 0.610137  [19200/50000]
loss: 0.333334  [25600/50000]
loss: 0.358534  [32000/50000]
loss: 0.617359  [38400/50000]
loss: 0.407865  [44800/50000]
Test Error: 
 Accuracy: 75.1%, Avg loss: 0.763671 

Epoch 10
-------------------------------
loss: 0.410615  [    0/50000]
loss: 0.283415  [ 6400/50000]
loss: 0.206865  [12800/50000]
loss: 0.359946  [19200/50000]
loss: 0.320960  [25600/50000]
loss: 0.367327  [32000/50000]
loss: 0.470940  [38400/50000]
loss: 0.368208  [44800/50000]
Test Error: 
 Accuracy: 75.0%, Avg loss: 0.796224 

Epoch 11
-------------------------------
loss: 0.366789  [    0/50000]
loss: 0.232846  [ 6400/50000]
loss: 0.157820  [12800/50000]
loss: 0.307851  [19200/50000]
loss: 0.341980  [25600/50000]
loss: 0.320460  [32000/50000]
loss: 0.401295  [38400/50000]
loss: 0.290745  [44800/50000]
Test Error: 
 Accuracy: 75.0%, Avg loss: 0.807320 

Epoch 12
-------------------------------
loss: 0.281079  [    0/50000]
loss: 0.260158  [ 6400/50000]
loss: 0.280607  [12800/50000]
loss: 0.328687  [19200/50000]
loss: 0.343985  [25600/50000]
loss: 0.346288  [32000/50000]
loss: 0.420420  [38400/50000]
loss: 0.377472  [44800/50000]
Test Error: 
 Accuracy: 76.0%, Avg loss: 0.807102 

Epoch 13
-------------------------------
loss: 0.280869  [    0/50000]
loss: 0.285998  [ 6400/50000]
loss: 0.287999  [12800/50000]
loss: 0.220095  [19200/50000]
loss: 0.172795  [25600/50000]
loss: 0.344126  [32000/50000]
loss: 0.196345  [38400/50000]
loss: 0.298989  [44800/50000]
Test Error: 
 Accuracy: 75.0%, Avg loss: 0.852049 

Epoch 14
-------------------------------
loss: 0.338765  [    0/50000]
loss: 0.100617  [ 6400/50000]
loss: 0.217476  [12800/50000]
loss: 0.153403  [19200/50000]
loss: 0.261683  [25600/50000]
loss: 0.234422  [32000/50000]
loss: 0.288821  [38400/50000]
loss: 0.160605  [44800/50000]
Test Error: 
 Accuracy: 74.4%, Avg loss: 0.926015 

Epoch 15
-------------------------------
loss: 0.234111  [    0/50000]
loss: 0.114064  [ 6400/50000]
loss: 0.119781  [12800/50000]
loss: 0.236597  [19200/50000]
loss: 0.309586  [25600/50000]
loss: 0.261657  [32000/50000]
loss: 0.239768  [38400/50000]
loss: 0.184354  [44800/50000]
Test Error: 
 Accuracy: 74.3%, Avg loss: 0.950575 

Epoch 16
-------------------------------
loss: 0.334064  [    0/50000]
loss: 0.196523  [ 6400/50000]
loss: 0.204808  [12800/50000]
loss: 0.375840  [19200/50000]
loss: 0.185086  [25600/50000]
loss: 0.225483  [32000/50000]
loss: 0.122841  [38400/50000]
loss: 0.198457  [44800/50000]
Test Error: 
 Accuracy: 73.3%, Avg loss: 1.036273 

Epoch 17
-------------------------------
loss: 0.076305  [    0/50000]
loss: 0.117918  [ 6400/50000]
loss: 0.112217  [12800/50000]
loss: 0.136157  [19200/50000]
loss: 0.162539  [25600/50000]
loss: 0.261146  [32000/50000]
loss: 0.198656  [38400/50000]
loss: 0.155897  [44800/50000]
Test Error: 
 Accuracy: 75.2%, Avg loss: 0.989595 

Epoch 18
-------------------------------
loss: 0.152849  [    0/50000]
loss: 0.140518  [ 6400/50000]
loss: 0.061791  [12800/50000]
loss: 0.144220  [19200/50000]
loss: 0.157843  [25600/50000]
loss: 0.121520  [32000/50000]
loss: 0.162686  [38400/50000]
loss: 0.119487  [44800/50000]
Test Error: 
 Accuracy: 74.8%, Avg loss: 1.063270 

Epoch 19
-------------------------------
loss: 0.072607  [    0/50000]
loss: 0.025177  [ 6400/50000]
loss: 0.163060  [12800/50000]
loss: 0.303447  [19200/50000]
loss: 0.073632  [25600/50000]
loss: 0.114773  [32000/50000]
loss: 0.097443  [38400/50000]
loss: 0.048797  [44800/50000]
Test Error: 
 Accuracy: 75.2%, Avg loss: 1.054529 

Epoch 20
-------------------------------
loss: 0.171540  [    0/50000]
loss: 0.261127  [ 6400/50000]
loss: 0.073397  [12800/50000]
loss: 0.031347  [19200/50000]
loss: 0.168317  [25600/50000]
loss: 0.149273  [32000/50000]
loss: 0.100693  [38400/50000]
loss: 0.075978  [44800/50000]
Test Error: 
 Accuracy: 74.8%, Avg loss: 1.072768 

Epoch 21
-------------------------------
loss: 0.211877  [    0/50000]
loss: 0.083671  [ 6400/50000]
loss: 0.070388  [12800/50000]
loss: 0.072099  [19200/50000]
loss: 0.076742  [25600/50000]
loss: 0.168879  [32000/50000]
loss: 0.098511  [38400/50000]
loss: 0.254780  [44800/50000]
Test Error: 
 Accuracy: 74.5%, Avg loss: 1.156938 

Epoch 22
-------------------------------
loss: 0.092040  [    0/50000]
loss: 0.178841  [ 6400/50000]
loss: 0.051098  [12800/50000]
loss: 0.089032  [19200/50000]
loss: 0.034888  [25600/50000]
loss: 0.122923  [32000/50000]
loss: 0.147557  [38400/50000]
loss: 0.083212  [44800/50000]
Test Error: 
 Accuracy: 74.4%, Avg loss: 1.232389 

Epoch 23
-------------------------------
loss: 0.040488  [    0/50000]
loss: 0.128074  [ 6400/50000]
loss: 0.059847  [12800/50000]
loss: 0.241755  [19200/50000]
loss: 0.033721  [25600/50000]
loss: 0.169297  [32000/50000]
loss: 0.088707  [38400/50000]
loss: 0.195675  [44800/50000]
Test Error: 
 Accuracy: 73.7%, Avg loss: 1.271192 

Epoch 24
-------------------------------
loss: 0.084065  [    0/50000]
loss: 0.091901  [ 6400/50000]
loss: 0.073347  [12800/50000]
loss: 0.085111  [19200/50000]
loss: 0.109293  [25600/50000]
loss: 0.158256  [32000/50000]
loss: 0.227173  [38400/50000]
loss: 0.144011  [44800/50000]
Test Error: 
 Accuracy: 74.5%, Avg loss: 1.344007 

Epoch 25
-------------------------------
loss: 0.123550  [    0/50000]
loss: 0.030342  [ 6400/50000]
loss: 0.043234  [12800/50000]
loss: 0.159551  [19200/50000]
loss: 0.088543  [25600/50000]
loss: 0.081981  [32000/50000]
loss: 0.162732  [38400/50000]
loss: 0.056808  [44800/50000]
Test Error: 
 Accuracy: 74.2%, Avg loss: 1.249471 

Epoch 26
-------------------------------
loss: 0.054120  [    0/50000]
loss: 0.088399  [ 6400/50000]
loss: 0.067253  [12800/50000]
loss: 0.033977  [19200/50000]
loss: 0.046267  [25600/50000]
loss: 0.211148  [32000/50000]
loss: 0.127017  [38400/50000]
loss: 0.151353  [44800/50000]
Test Error: 
 Accuracy: 74.7%, Avg loss: 1.265239 

Epoch 27
-------------------------------
loss: 0.096704  [    0/50000]
loss: 0.086861  [ 6400/50000]
loss: 0.044528  [12800/50000]
loss: 0.112007  [19200/50000]
loss: 0.128578  [25600/50000]
loss: 0.149847  [32000/50000]
loss: 0.188572  [38400/50000]
loss: 0.124362  [44800/50000]
Test Error: 
 Accuracy: 74.4%, Avg loss: 1.293694 

Epoch 28
-------------------------------
loss: 0.044649  [    0/50000]
loss: 0.072538  [ 6400/50000]
loss: 0.031062  [12800/50000]
loss: 0.046456  [19200/50000]
loss: 0.087045  [25600/50000]
loss: 0.118210  [32000/50000]
loss: 0.128063  [38400/50000]
loss: 0.152133  [44800/50000]
Test Error: 
 Accuracy: 75.7%, Avg loss: 1.242143 

Epoch 29
-------------------------------
loss: 0.052215  [    0/50000]
loss: 0.008593  [ 6400/50000]
loss: 0.036074  [12800/50000]
loss: 0.115937  [19200/50000]
loss: 0.159674  [25600/50000]
loss: 0.149069  [32000/50000]
loss: 0.262903  [38400/50000]
loss: 0.155380  [44800/50000]
Test Error: 
 Accuracy: 73.5%, Avg loss: 1.428641 

Epoch 30
-------------------------------
loss: 0.174749  [    0/50000]
loss: 0.094794  [ 6400/50000]
loss: 0.043530  [12800/50000]
loss: 0.160481  [19200/50000]
loss: 0.082047  [25600/50000]
loss: 0.028274  [32000/50000]
loss: 0.097384  [38400/50000]
loss: 0.107317  [44800/50000]
Test Error: 
 Accuracy: 75.3%, Avg loss: 1.254110 

Done!
max accuracy 75.99000000000001
average accuracy 74.64900000000002
