number of parameters 4891722
Epoch 1
-------------------------------
loss: 2.406902  [    0/50000]
loss: 2.093993  [ 6400/50000]
loss: 1.913419  [12800/50000]
loss: 1.813627  [19200/50000]
loss: 1.689000  [25600/50000]
loss: 1.832539  [32000/50000]
loss: 1.644251  [38400/50000]
loss: 1.683498  [44800/50000]
Test Error: 
 Accuracy: 32.7%, Avg loss: 1.887942 

Epoch 2
-------------------------------
loss: 1.728215  [    0/50000]
loss: 1.484418  [ 6400/50000]
loss: 1.551273  [12800/50000]
loss: 1.475464  [19200/50000]
loss: 1.408754  [25600/50000]
loss: 1.418350  [32000/50000]
loss: 1.350975  [38400/50000]
loss: 1.302338  [44800/50000]
Test Error: 
 Accuracy: 44.6%, Avg loss: 1.537509 

Epoch 3
-------------------------------
loss: 1.392372  [    0/50000]
loss: 1.243764  [ 6400/50000]
loss: 1.703596  [12800/50000]
loss: 1.152367  [19200/50000]
loss: 1.227265  [25600/50000]
loss: 1.284193  [32000/50000]
loss: 1.254099  [38400/50000]
loss: 1.336712  [44800/50000]
Test Error: 
 Accuracy: 35.7%, Avg loss: 1.916534 

Epoch 4
-------------------------------
loss: 1.199978  [    0/50000]
loss: 1.116583  [ 6400/50000]
loss: 1.017068  [12800/50000]
loss: 1.250302  [19200/50000]
loss: 1.325097  [25600/50000]
loss: 1.067283  [32000/50000]
loss: 1.281929  [38400/50000]
loss: 0.978756  [44800/50000]
Test Error: 
 Accuracy: 41.5%, Avg loss: 1.805644 

Epoch 5
-------------------------------
loss: 1.094542  [    0/50000]
loss: 1.026682  [ 6400/50000]
loss: 1.396682  [12800/50000]
loss: 1.052776  [19200/50000]
loss: 0.997417  [25600/50000]
loss: 1.048327  [32000/50000]
loss: 1.185086  [38400/50000]
loss: 0.934671  [44800/50000]
Test Error: 
 Accuracy: 58.8%, Avg loss: 1.147681 

Epoch 6
-------------------------------
loss: 1.038889  [    0/50000]
loss: 0.964271  [ 6400/50000]
loss: 1.021767  [12800/50000]
loss: 0.934512  [19200/50000]
loss: 1.021871  [25600/50000]
loss: 0.949442  [32000/50000]
loss: 1.297611  [38400/50000]
loss: 0.838362  [44800/50000]
Test Error: 
 Accuracy: 53.9%, Avg loss: 1.371832 

Epoch 7
-------------------------------
loss: 0.794769  [    0/50000]
loss: 0.869094  [ 6400/50000]
loss: 0.727814  [12800/50000]
loss: 0.680144  [19200/50000]
loss: 1.054156  [25600/50000]
loss: 0.837105  [32000/50000]
loss: 0.932018  [38400/50000]
loss: 0.739191  [44800/50000]
Test Error: 
 Accuracy: 64.4%, Avg loss: 1.013137 

Epoch 8
-------------------------------
loss: 0.648713  [    0/50000]
loss: 0.768117  [ 6400/50000]
loss: 0.797384  [12800/50000]
loss: 0.637032  [19200/50000]
loss: 0.751442  [25600/50000]
loss: 0.897300  [32000/50000]
loss: 0.766892  [38400/50000]
loss: 0.640003  [44800/50000]
Test Error: 
 Accuracy: 66.4%, Avg loss: 0.954784 

Epoch 9
-------------------------------
loss: 0.668379  [    0/50000]
loss: 0.503803  [ 6400/50000]
loss: 0.704112  [12800/50000]
loss: 0.581434  [19200/50000]
loss: 0.653549  [25600/50000]
loss: 0.629829  [32000/50000]
loss: 0.737757  [38400/50000]
loss: 0.700186  [44800/50000]
Test Error: 
 Accuracy: 62.4%, Avg loss: 1.114089 

Epoch 10
-------------------------------
loss: 0.624898  [    0/50000]
loss: 0.539208  [ 6400/50000]
loss: 0.670445  [12800/50000]
loss: 0.598799  [19200/50000]
loss: 0.497064  [25600/50000]
loss: 0.603125  [32000/50000]
loss: 0.743965  [38400/50000]
loss: 0.557823  [44800/50000]
Test Error: 
 Accuracy: 70.4%, Avg loss: 0.838090 

Epoch 11
-------------------------------
loss: 0.455679  [    0/50000]
loss: 0.691873  [ 6400/50000]
loss: 0.426494  [12800/50000]
loss: 0.572830  [19200/50000]
loss: 0.717188  [25600/50000]
loss: 0.412836  [32000/50000]
loss: 0.506246  [38400/50000]
loss: 0.374937  [44800/50000]
Test Error: 
 Accuracy: 71.3%, Avg loss: 0.852611 

Epoch 12
-------------------------------
loss: 0.621158  [    0/50000]
loss: 0.441306  [ 6400/50000]
loss: 0.425087  [12800/50000]
loss: 0.492288  [19200/50000]
loss: 0.325480  [25600/50000]
loss: 0.510850  [32000/50000]
loss: 0.427918  [38400/50000]
loss: 0.391841  [44800/50000]
Test Error: 
 Accuracy: 68.4%, Avg loss: 0.947086 

Epoch 13
-------------------------------
loss: 0.419512  [    0/50000]
loss: 0.403648  [ 6400/50000]
loss: 0.544127  [12800/50000]
loss: 0.330024  [19200/50000]
loss: 0.566956  [25600/50000]
loss: 0.511464  [32000/50000]
loss: 0.361635  [38400/50000]
loss: 0.426554  [44800/50000]
Test Error: 
 Accuracy: 72.7%, Avg loss: 0.819859 

Epoch 14
-------------------------------
loss: 0.351940  [    0/50000]
loss: 0.380205  [ 6400/50000]
loss: 0.380189  [12800/50000]
loss: 0.325796  [19200/50000]
loss: 0.423554  [25600/50000]
loss: 0.563538  [32000/50000]
loss: 0.443818  [38400/50000]
loss: 0.484804  [44800/50000]
Test Error: 
 Accuracy: 38.0%, Avg loss: 3.328725 

Epoch 15
-------------------------------
loss: 0.476451  [    0/50000]
loss: 0.277715  [ 6400/50000]
loss: 0.260201  [12800/50000]
loss: 0.257576  [19200/50000]
loss: 0.522444  [25600/50000]
loss: 0.642270  [32000/50000]
loss: 0.407470  [38400/50000]
loss: 0.318362  [44800/50000]
Test Error: 
 Accuracy: 46.5%, Avg loss: 2.281369 

Epoch 16
-------------------------------
loss: 0.508939  [    0/50000]
loss: 0.169259  [ 6400/50000]
loss: 0.430899  [12800/50000]
loss: 0.265555  [19200/50000]
loss: 0.516305  [25600/50000]
loss: 0.371401  [32000/50000]
loss: 0.380734  [38400/50000]
loss: 0.270124  [44800/50000]
Test Error: 
 Accuracy: 73.4%, Avg loss: 0.826433 

Epoch 17
-------------------------------
loss: 0.239740  [    0/50000]
loss: 0.313580  [ 6400/50000]
loss: 0.159360  [12800/50000]
loss: 0.441261  [19200/50000]
loss: 0.373682  [25600/50000]
loss: 0.204829  [32000/50000]
loss: 0.308354  [38400/50000]
loss: 0.396618  [44800/50000]
Test Error: 
 Accuracy: 76.1%, Avg loss: 0.718194 

Epoch 18
-------------------------------
loss: 0.255682  [    0/50000]
loss: 0.248367  [ 6400/50000]
loss: 0.310716  [12800/50000]
loss: 0.270611  [19200/50000]
loss: 0.300701  [25600/50000]
loss: 0.527650  [32000/50000]
loss: 0.406914  [38400/50000]
loss: 0.454720  [44800/50000]
Test Error: 
 Accuracy: 53.1%, Avg loss: 2.365788 

Epoch 19
-------------------------------
loss: 0.307117  [    0/50000]
loss: 0.234914  [ 6400/50000]
loss: 0.167771  [12800/50000]
loss: 0.226784  [19200/50000]
loss: 0.281253  [25600/50000]
loss: 0.184449  [32000/50000]
loss: 0.206974  [38400/50000]
loss: 0.398319  [44800/50000]
Test Error: 
 Accuracy: 55.2%, Avg loss: 2.365890 

Epoch 20
-------------------------------
loss: 0.383140  [    0/50000]
loss: 0.158298  [ 6400/50000]
loss: 0.138643  [12800/50000]
loss: 0.209576  [19200/50000]
loss: 0.322719  [25600/50000]
loss: 0.150402  [32000/50000]
loss: 0.156332  [38400/50000]
loss: 0.205644  [44800/50000]
Test Error: 
 Accuracy: 64.6%, Avg loss: 1.359890 

Epoch 21
-------------------------------
loss: 0.170890  [    0/50000]
loss: 0.106473  [ 6400/50000]
loss: 0.180901  [12800/50000]
loss: 0.100323  [19200/50000]
loss: 0.194031  [25600/50000]
loss: 0.175529  [32000/50000]
loss: 0.340350  [38400/50000]
loss: 0.120598  [44800/50000]
Test Error: 
 Accuracy: 68.0%, Avg loss: 1.095203 

Epoch 22
-------------------------------
loss: 0.222386  [    0/50000]
loss: 0.113855  [ 6400/50000]
loss: 0.102910  [12800/50000]
loss: 0.094365  [19200/50000]
loss: 0.063988  [25600/50000]
loss: 0.120154  [32000/50000]
loss: 0.079042  [38400/50000]
loss: 0.110350  [44800/50000]
Test Error: 
 Accuracy: 55.6%, Avg loss: 2.270411 

Epoch 23
-------------------------------
loss: 0.170553  [    0/50000]
loss: 0.148676  [ 6400/50000]
loss: 0.081668  [12800/50000]
loss: 0.103624  [19200/50000]
loss: 0.140038  [25600/50000]
loss: 0.125747  [32000/50000]
loss: 0.162840  [38400/50000]
loss: 0.196292  [44800/50000]
Test Error: 
 Accuracy: 74.8%, Avg loss: 0.872018 

Epoch 24
-------------------------------
loss: 0.115520  [    0/50000]
loss: 0.092833  [ 6400/50000]
loss: 0.164776  [12800/50000]
loss: 0.057896  [19200/50000]
loss: 0.086832  [25600/50000]
loss: 0.059962  [32000/50000]
loss: 0.129091  [38400/50000]
loss: 0.071039  [44800/50000]
Test Error: 
 Accuracy: 40.2%, Avg loss: 3.778829 

Epoch 25
-------------------------------
loss: 0.283296  [    0/50000]
loss: 0.077547  [ 6400/50000]
loss: 0.056283  [12800/50000]
loss: 0.043211  [19200/50000]
loss: 0.208053  [25600/50000]
loss: 0.050440  [32000/50000]
loss: 0.052945  [38400/50000]
loss: 0.120697  [44800/50000]
Test Error: 
 Accuracy: 28.9%, Avg loss: 4.331616 

Epoch 26
-------------------------------
loss: 0.804019  [    0/50000]
loss: 0.104583  [ 6400/50000]
loss: 0.109602  [12800/50000]
loss: 0.071590  [19200/50000]
loss: 0.123197  [25600/50000]
loss: 0.043518  [32000/50000]
loss: 0.049907  [38400/50000]
loss: 0.152356  [44800/50000]
Test Error: 
 Accuracy: 72.6%, Avg loss: 0.984570 

Epoch 27
-------------------------------
loss: 0.033451  [    0/50000]
loss: 0.038424  [ 6400/50000]
loss: 0.040382  [12800/50000]
loss: 0.088972  [19200/50000]
loss: 0.067723  [25600/50000]
loss: 0.035246  [32000/50000]
loss: 0.047573  [38400/50000]
loss: 0.057702  [44800/50000]
Test Error: 
 Accuracy: 78.2%, Avg loss: 0.763125 

Epoch 28
-------------------------------
loss: 0.035219  [    0/50000]
loss: 0.083871  [ 6400/50000]
loss: 0.063966  [12800/50000]
loss: 0.036813  [19200/50000]
loss: 0.031238  [25600/50000]
loss: 0.025743  [32000/50000]
loss: 0.110845  [38400/50000]
loss: 0.153597  [44800/50000]
Test Error: 
 Accuracy: 76.3%, Avg loss: 0.835118 

Epoch 29
-------------------------------
loss: 0.034962  [    0/50000]
loss: 0.034928  [ 6400/50000]
loss: 0.106380  [12800/50000]
loss: 0.041285  [19200/50000]
loss: 0.032598  [25600/50000]
loss: 0.062298  [32000/50000]
loss: 0.066325  [38400/50000]
loss: 0.027172  [44800/50000]
Test Error: 
 Accuracy: 77.5%, Avg loss: 0.791070 

Epoch 30
-------------------------------
loss: 0.026574  [    0/50000]
loss: 0.055074  [ 6400/50000]
loss: 0.043948  [12800/50000]
loss: 0.031709  [19200/50000]
loss: 0.041505  [25600/50000]
loss: 0.032177  [32000/50000]
loss: 0.024694  [38400/50000]
loss: 0.081573  [44800/50000]
Test Error: 
 Accuracy: 55.1%, Avg loss: 1.860822 

Done!
max accuracy 78.19
average accuracy 62.332499999999996
