number of parameters 4891722
Epoch 1
-------------------------------
loss: 2.329454  [    0/200000]
loss: 2.263191  [ 6400/200000]
loss: 2.221927  [12800/200000]
loss: 2.208968  [19200/200000]
loss: 2.170171  [25600/200000]
loss: 2.155643  [32000/200000]
loss: 2.312777  [38400/200000]
loss: 2.247266  [44800/200000]
loss: 2.129685  [51200/200000]
loss: 2.176874  [57600/200000]
loss: 2.200054  [64000/200000]
loss: 2.164138  [70400/200000]
loss: 1.961449  [76800/200000]
loss: 2.082650  [83200/200000]
loss: 2.068698  [89600/200000]
loss: 2.039286  [96000/200000]
loss: 2.094629  [102400/200000]
loss: 2.072747  [108800/200000]
loss: 2.130777  [115200/200000]
loss: 1.943474  [121600/200000]
loss: 2.033543  [128000/200000]
loss: 2.079978  [134400/200000]
loss: 2.232703  [140800/200000]
loss: 1.925177  [147200/200000]
loss: 2.099022  [153600/200000]
loss: 2.227122  [160000/200000]
loss: 2.147938  [166400/200000]
loss: 1.991327  [172800/200000]
loss: 2.067125  [179200/200000]
loss: 2.211083  [185600/200000]
loss: 2.129282  [192000/200000]
loss: 1.891679  [198400/200000]
Test Error: 
 Accuracy: 34.6%, Avg loss: 2.079787 

Epoch 2
-------------------------------
loss: 2.027870  [    0/200000]
loss: 1.993742  [ 6400/200000]
loss: 1.943486  [12800/200000]
loss: 2.031811  [19200/200000]
loss: 1.978403  [25600/200000]
loss: 1.884545  [32000/200000]
loss: 1.846030  [38400/200000]
loss: 1.881846  [44800/200000]
loss: 1.928411  [51200/200000]
loss: 1.831704  [57600/200000]
loss: 1.999251  [64000/200000]
loss: 2.012217  [70400/200000]
loss: 1.958005  [76800/200000]
loss: 1.939119  [83200/200000]
loss: 1.922350  [89600/200000]
loss: 2.060328  [96000/200000]
loss: 2.055568  [102400/200000]
loss: 1.930087  [108800/200000]
loss: 1.819836  [115200/200000]
loss: 2.059892  [121600/200000]
loss: 1.986234  [128000/200000]
loss: 1.985539  [134400/200000]
loss: 1.971364  [140800/200000]
loss: 1.892784  [147200/200000]
loss: 1.992647  [153600/200000]
loss: 1.953742  [160000/200000]
loss: 1.836751  [166400/200000]
loss: 1.850565  [172800/200000]
loss: 1.992806  [179200/200000]
loss: 1.897253  [185600/200000]
loss: 1.933591  [192000/200000]
loss: 2.098707  [198400/200000]
Test Error: 
 Accuracy: 60.6%, Avg loss: 1.089532 

Epoch 3
-------------------------------
loss: 1.857057  [    0/200000]
loss: 1.871549  [ 6400/200000]
loss: 1.862716  [12800/200000]
loss: 1.996042  [19200/200000]
loss: 1.891338  [25600/200000]
loss: 1.979466  [32000/200000]
loss: 1.895596  [38400/200000]
loss: 2.006194  [44800/200000]
loss: 1.857404  [51200/200000]
loss: 1.876536  [57600/200000]
loss: 1.847644  [64000/200000]
loss: 1.825280  [70400/200000]
loss: 1.688977  [76800/200000]
loss: 1.900259  [83200/200000]
loss: 1.728212  [89600/200000]
loss: 1.913001  [96000/200000]
loss: 1.918489  [102400/200000]
loss: 1.790255  [108800/200000]
loss: 1.771356  [115200/200000]
loss: 1.554151  [121600/200000]
loss: 1.833287  [128000/200000]
loss: 1.891585  [134400/200000]
loss: 1.923955  [140800/200000]
loss: 1.919882  [147200/200000]
loss: 1.850069  [153600/200000]
loss: 2.020370  [160000/200000]
loss: 1.894394  [166400/200000]
loss: 1.739017  [172800/200000]
loss: 1.797385  [179200/200000]
loss: 1.871101  [185600/200000]
loss: 1.954628  [192000/200000]
loss: 1.815742  [198400/200000]
Test Error: 
 Accuracy: 64.8%, Avg loss: 0.976524 

Epoch 4
-------------------------------
loss: 1.937709  [    0/200000]
loss: 2.050866  [ 6400/200000]
loss: 1.999665  [12800/200000]
loss: 1.870336  [19200/200000]
loss: 2.030919  [25600/200000]
loss: 1.852789  [32000/200000]
loss: 1.824208  [38400/200000]
loss: 1.896437  [44800/200000]
loss: 1.818099  [51200/200000]
loss: 1.727484  [57600/200000]
loss: 1.803533  [64000/200000]
loss: 1.845495  [70400/200000]
loss: 1.754621  [76800/200000]
loss: 1.844066  [83200/200000]
loss: 1.626080  [89600/200000]
loss: 1.861850  [96000/200000]
loss: 1.850139  [102400/200000]
loss: 1.831671  [108800/200000]
loss: 1.921360  [115200/200000]
loss: 1.654859  [121600/200000]
loss: 1.800252  [128000/200000]
loss: 1.919136  [134400/200000]
loss: 1.715237  [140800/200000]
loss: 1.757087  [147200/200000]
loss: 1.750261  [153600/200000]
loss: 1.853804  [160000/200000]
loss: 1.856718  [166400/200000]
loss: 1.991608  [172800/200000]
loss: 1.599478  [179200/200000]
loss: 1.822977  [185600/200000]
loss: 2.141550  [192000/200000]
loss: 1.650670  [198400/200000]
Test Error: 
 Accuracy: 69.7%, Avg loss: 0.877523 

Epoch 5
-------------------------------
loss: 1.713912  [    0/200000]
loss: 1.744861  [ 6400/200000]
loss: 1.824979  [12800/200000]
loss: 1.650349  [19200/200000]
loss: 1.672905  [25600/200000]
loss: 1.550707  [32000/200000]
loss: 1.615202  [38400/200000]
loss: 1.739036  [44800/200000]
loss: 1.823378  [51200/200000]
loss: 1.994212  [57600/200000]
loss: 1.666720  [64000/200000]
loss: 1.851027  [70400/200000]
loss: 1.770316  [76800/200000]
loss: 1.784068  [83200/200000]
loss: 1.674441  [89600/200000]
loss: 1.748646  [96000/200000]
loss: 1.745575  [102400/200000]
loss: 1.718530  [108800/200000]
loss: 1.791873  [115200/200000]
loss: 1.841656  [121600/200000]
loss: 1.854662  [128000/200000]
loss: 1.645836  [134400/200000]
loss: 1.678935  [140800/200000]
loss: 1.857743  [147200/200000]
loss: 1.759952  [153600/200000]
loss: 1.818252  [160000/200000]
loss: 1.594270  [166400/200000]
loss: 1.617992  [172800/200000]
loss: 1.754671  [179200/200000]
loss: 1.685173  [185600/200000]
loss: 1.899947  [192000/200000]
loss: 1.792972  [198400/200000]
Test Error: 
 Accuracy: 72.6%, Avg loss: 0.798651 

Epoch 6
-------------------------------
loss: 1.708275  [    0/200000]
loss: 1.670519  [ 6400/200000]
loss: 1.564847  [12800/200000]
loss: 1.606123  [19200/200000]
loss: 1.747725  [25600/200000]
loss: 1.680465  [32000/200000]
loss: 2.009893  [38400/200000]
loss: 1.835511  [44800/200000]
loss: 1.413700  [51200/200000]
loss: 1.962357  [57600/200000]
loss: 1.728613  [64000/200000]
loss: 1.673876  [70400/200000]
loss: 1.638839  [76800/200000]
loss: 1.941256  [83200/200000]
loss: 1.868091  [89600/200000]
loss: 1.735070  [96000/200000]
loss: 1.848013  [102400/200000]
loss: 1.670169  [108800/200000]
loss: 1.774575  [115200/200000]
loss: 1.795680  [121600/200000]
loss: 1.705194  [128000/200000]
loss: 1.545055  [134400/200000]
loss: 1.645485  [140800/200000]
loss: 1.704778  [147200/200000]
loss: 1.795809  [153600/200000]
loss: 1.773186  [160000/200000]
loss: 1.650394  [166400/200000]
loss: 1.948928  [172800/200000]
loss: 1.749401  [179200/200000]
loss: 1.764422  [185600/200000]
loss: 1.587141  [192000/200000]
loss: 1.757376  [198400/200000]
Test Error: 
 Accuracy: 74.2%, Avg loss: 0.768441 

Epoch 7
-------------------------------
loss: 1.727584  [    0/200000]
loss: 1.617514  [ 6400/200000]
loss: 1.748158  [12800/200000]
loss: 1.603301  [19200/200000]
loss: 1.666535  [25600/200000]
loss: 1.429687  [32000/200000]
loss: 1.606838  [38400/200000]
loss: 1.741476  [44800/200000]
loss: 1.680143  [51200/200000]
loss: 1.634105  [57600/200000]
loss: 1.670956  [64000/200000]
loss: 1.694948  [70400/200000]
loss: 1.811332  [76800/200000]
loss: 1.561101  [83200/200000]
loss: 1.467472  [89600/200000]
loss: 1.649643  [96000/200000]
loss: 1.550195  [102400/200000]
loss: 1.655992  [108800/200000]
loss: 1.661489  [115200/200000]
loss: 1.690872  [121600/200000]
loss: 1.533944  [128000/200000]
loss: 1.503624  [134400/200000]
loss: 1.635507  [140800/200000]
loss: 1.741516  [147200/200000]
loss: 1.645154  [153600/200000]
loss: 1.933815  [160000/200000]
loss: 1.663543  [166400/200000]
loss: 1.559648  [172800/200000]
loss: 1.722467  [179200/200000]
loss: 1.689975  [185600/200000]
loss: 1.959217  [192000/200000]
loss: 1.640096  [198400/200000]
Test Error: 
 Accuracy: 74.0%, Avg loss: 0.771427 

Epoch 8
-------------------------------
loss: 1.571408  [    0/200000]
loss: 1.257033  [ 6400/200000]
loss: 1.756310  [12800/200000]
loss: 1.488781  [19200/200000]
loss: 1.760062  [25600/200000]
loss: 1.696332  [32000/200000]
loss: 1.832138  [38400/200000]
loss: 1.653420  [44800/200000]
loss: 1.540278  [51200/200000]
loss: 1.591908  [57600/200000]
loss: 1.741970  [64000/200000]
loss: 1.703983  [70400/200000]
loss: 1.565390  [76800/200000]
loss: 1.370783  [83200/200000]
loss: 1.828384  [89600/200000]
loss: 1.650612  [96000/200000]
loss: 1.702300  [102400/200000]
loss: 1.614740  [108800/200000]
loss: 1.672590  [115200/200000]
loss: 1.642402  [121600/200000]
loss: 1.837156  [128000/200000]
loss: 1.401615  [134400/200000]
loss: 1.652651  [140800/200000]
loss: 1.683572  [147200/200000]
loss: 1.687759  [153600/200000]
loss: 1.525945  [160000/200000]
loss: 1.613482  [166400/200000]
loss: 1.594936  [172800/200000]
loss: 1.515912  [179200/200000]
loss: 1.547295  [185600/200000]
loss: 1.640072  [192000/200000]
loss: 1.604992  [198400/200000]
Test Error: 
 Accuracy: 76.7%, Avg loss: 0.665853 

Epoch 9
-------------------------------
loss: 1.640332  [    0/200000]
loss: 1.629852  [ 6400/200000]
loss: 1.456465  [12800/200000]
loss: 1.761238  [19200/200000]
loss: 1.874970  [25600/200000]
loss: 1.612245  [32000/200000]
loss: 1.475551  [38400/200000]
loss: 1.359608  [44800/200000]
loss: 1.656296  [51200/200000]
loss: 1.634873  [57600/200000]
loss: 1.501842  [64000/200000]
loss: 1.623167  [70400/200000]
loss: 1.723468  [76800/200000]
loss: 1.739246  [83200/200000]
loss: 1.618307  [89600/200000]
loss: 1.660279  [96000/200000]
loss: 1.678848  [102400/200000]
loss: 1.468628  [108800/200000]
loss: 1.396911  [115200/200000]
loss: 1.614065  [121600/200000]
loss: 1.356717  [128000/200000]
loss: 1.747385  [134400/200000]
loss: 1.725642  [140800/200000]
loss: 1.452241  [147200/200000]
loss: 1.531773  [153600/200000]
loss: 1.624431  [160000/200000]
loss: 1.644907  [166400/200000]
loss: 1.743250  [172800/200000]
loss: 1.453178  [179200/200000]
loss: 1.463679  [185600/200000]
loss: 1.472390  [192000/200000]
loss: 1.803213  [198400/200000]
Test Error: 
 Accuracy: 76.3%, Avg loss: 0.681645 

Epoch 10
-------------------------------
loss: 1.594018  [    0/200000]
loss: 1.550203  [ 6400/200000]
loss: 1.599214  [12800/200000]
loss: 1.592662  [19200/200000]
loss: 1.433570  [25600/200000]
loss: 1.597252  [32000/200000]
loss: 1.657822  [38400/200000]
loss: 1.486306  [44800/200000]
loss: 1.709282  [51200/200000]
loss: 1.426550  [57600/200000]
loss: 1.397927  [64000/200000]
loss: 1.293008  [70400/200000]
loss: 1.476391  [76800/200000]
loss: 1.776722  [83200/200000]
loss: 1.639766  [89600/200000]
loss: 1.418583  [96000/200000]
loss: 1.601964  [102400/200000]
loss: 1.568460  [108800/200000]
loss: 1.701636  [115200/200000]
loss: 1.601864  [121600/200000]
loss: 1.717477  [128000/200000]
loss: 1.532638  [134400/200000]
loss: 1.573632  [140800/200000]
loss: 1.435424  [147200/200000]
loss: 1.783001  [153600/200000]
loss: 1.651019  [160000/200000]
loss: 1.355838  [166400/200000]
loss: 1.479714  [172800/200000]
loss: 1.545473  [179200/200000]
loss: 1.757789  [185600/200000]
loss: 1.609393  [192000/200000]
loss: 1.327465  [198400/200000]
Test Error: 
 Accuracy: 76.1%, Avg loss: 0.708163 

Epoch 11
-------------------------------
loss: 1.478481  [    0/200000]
loss: 1.354658  [ 6400/200000]
loss: 1.682258  [12800/200000]
loss: 1.788442  [19200/200000]
loss: 1.381501  [25600/200000]
loss: 1.595811  [32000/200000]
loss: 1.752763  [38400/200000]
loss: 1.812072  [44800/200000]
loss: 1.641031  [51200/200000]
loss: 1.388164  [57600/200000]
loss: 1.457463  [64000/200000]
loss: 1.578843  [70400/200000]
loss: 1.218310  [76800/200000]
loss: 1.328662  [83200/200000]
loss: 1.834306  [89600/200000]
loss: 1.475161  [96000/200000]
loss: 1.345865  [102400/200000]
loss: 1.513772  [108800/200000]
loss: 1.493103  [115200/200000]
loss: 1.634519  [121600/200000]
loss: 1.499895  [128000/200000]
loss: 1.385268  [134400/200000]
loss: 1.298770  [140800/200000]
loss: 1.279605  [147200/200000]
loss: 1.712083  [153600/200000]
loss: 1.481402  [160000/200000]
loss: 1.436500  [166400/200000]
loss: 1.463470  [172800/200000]
loss: 1.320913  [179200/200000]
loss: 1.853105  [185600/200000]
loss: 1.431122  [192000/200000]
loss: 1.576939  [198400/200000]
Test Error: 
 Accuracy: 78.4%, Avg loss: 0.640714 

Epoch 12
-------------------------------
loss: 1.552198  [    0/200000]
loss: 1.314020  [ 6400/200000]
loss: 1.526560  [12800/200000]
loss: 1.626323  [19200/200000]
loss: 1.481472  [25600/200000]
loss: 1.452925  [32000/200000]
loss: 1.893807  [38400/200000]
loss: 1.505695  [44800/200000]
loss: 1.576867  [51200/200000]
loss: 1.497549  [57600/200000]
loss: 1.526626  [64000/200000]
loss: 1.584252  [70400/200000]
loss: 1.549108  [76800/200000]
loss: 1.450275  [83200/200000]
loss: 1.423215  [89600/200000]
loss: 1.713578  [96000/200000]
loss: 1.505811  [102400/200000]
loss: 1.271697  [108800/200000]
loss: 1.552578  [115200/200000]
loss: 1.806812  [121600/200000]
loss: 1.411555  [128000/200000]
loss: 1.538768  [134400/200000]
loss: 1.574337  [140800/200000]
loss: 1.505463  [147200/200000]
loss: 1.582541  [153600/200000]
loss: 1.485960  [160000/200000]
loss: 1.601870  [166400/200000]
loss: 1.338527  [172800/200000]
loss: 1.559886  [179200/200000]
loss: 1.572116  [185600/200000]
loss: 1.703971  [192000/200000]
loss: 1.564965  [198400/200000]
Test Error: 
 Accuracy: 79.7%, Avg loss: 0.608448 

Epoch 13
-------------------------------
loss: 1.474540  [    0/200000]
loss: 1.532534  [ 6400/200000]
loss: 1.531891  [12800/200000]
loss: 1.614481  [19200/200000]
loss: 1.606813  [25600/200000]
loss: 1.362258  [32000/200000]
loss: 1.606545  [38400/200000]
loss: 1.386361  [44800/200000]
loss: 1.563860  [51200/200000]
loss: 1.750274  [57600/200000]
loss: 1.493784  [64000/200000]
loss: 1.403948  [70400/200000]
loss: 1.398412  [76800/200000]
loss: 1.367924  [83200/200000]
loss: 1.610627  [89600/200000]
loss: 1.434403  [96000/200000]
loss: 1.705073  [102400/200000]
loss: 1.556190  [108800/200000]
loss: 1.255812  [115200/200000]
loss: 1.533484  [121600/200000]
loss: 1.461828  [128000/200000]
loss: 1.517949  [134400/200000]
loss: 1.528581  [140800/200000]
loss: 1.654855  [147200/200000]
loss: 1.707864  [153600/200000]
loss: 1.620731  [160000/200000]
loss: 1.493704  [166400/200000]
loss: 1.639747  [172800/200000]
loss: 1.554039  [179200/200000]
loss: 1.552533  [185600/200000]
loss: 1.522701  [192000/200000]
loss: 1.412516  [198400/200000]
Test Error: 
 Accuracy: 78.0%, Avg loss: 0.650976 

Epoch 14
-------------------------------
loss: 1.309953  [    0/200000]
loss: 1.409563  [ 6400/200000]
loss: 1.493153  [12800/200000]
loss: 1.420630  [19200/200000]
loss: 1.378959  [25600/200000]
loss: 1.372622  [32000/200000]
loss: 1.569596  [38400/200000]
loss: 1.570781  [44800/200000]
loss: 1.416083  [51200/200000]
loss: 1.336484  [57600/200000]
loss: 1.518763  [64000/200000]
loss: 1.395808  [70400/200000]
loss: 1.403881  [76800/200000]
loss: 1.259433  [83200/200000]
loss: 1.636695  [89600/200000]
loss: 1.473216  [96000/200000]
loss: 1.515197  [102400/200000]
loss: 1.406459  [108800/200000]
loss: 1.608731  [115200/200000]
loss: 1.406931  [121600/200000]
loss: 1.439488  [128000/200000]
loss: 1.540160  [134400/200000]
loss: 1.465514  [140800/200000]
loss: 1.663454  [147200/200000]
loss: 1.504330  [153600/200000]
loss: 1.489905  [160000/200000]
loss: 1.376877  [166400/200000]
loss: 1.328692  [172800/200000]
loss: 1.401075  [179200/200000]
loss: 1.640387  [185600/200000]
loss: 1.339390  [192000/200000]
loss: 1.487230  [198400/200000]
Test Error: 
 Accuracy: 80.3%, Avg loss: 0.557647 

Epoch 15
-------------------------------
loss: 1.267538  [    0/200000]
loss: 1.274060  [ 6400/200000]
loss: 1.557930  [12800/200000]
loss: 1.215268  [19200/200000]
loss: 1.248361  [25600/200000]
loss: 1.198103  [32000/200000]
loss: 1.515596  [38400/200000]
loss: 1.587328  [44800/200000]
loss: 1.467837  [51200/200000]
loss: 1.387204  [57600/200000]
loss: 1.529218  [64000/200000]
loss: 1.383565  [70400/200000]
loss: 1.367028  [76800/200000]
loss: 1.284178  [83200/200000]
loss: 1.531578  [89600/200000]
loss: 1.400736  [96000/200000]
loss: 1.408201  [102400/200000]
loss: 1.486616  [108800/200000]
loss: 1.646194  [115200/200000]
loss: 1.600535  [121600/200000]
loss: 1.582892  [128000/200000]
loss: 1.454537  [134400/200000]
loss: 1.531088  [140800/200000]
loss: 1.626512  [147200/200000]
loss: 1.422070  [153600/200000]
loss: 1.437024  [160000/200000]
loss: 1.535112  [166400/200000]
loss: 1.488869  [172800/200000]
loss: 1.635146  [179200/200000]
loss: 1.730562  [185600/200000]
loss: 1.436715  [192000/200000]
loss: 1.527998  [198400/200000]
Test Error: 
 Accuracy: 80.3%, Avg loss: 0.585210 

Epoch 16
-------------------------------
loss: 1.253170  [    0/200000]
loss: 1.347747  [ 6400/200000]
loss: 1.358344  [12800/200000]
loss: 1.295199  [19200/200000]
loss: 1.421826  [25600/200000]
loss: 1.384478  [32000/200000]
loss: 1.459519  [38400/200000]
loss: 1.366356  [44800/200000]
loss: 1.344092  [51200/200000]
loss: 1.420705  [57600/200000]
loss: 1.506864  [64000/200000]
loss: 1.386834  [70400/200000]
loss: 1.630354  [76800/200000]
loss: 1.154726  [83200/200000]
loss: 1.499557  [89600/200000]
loss: 1.481031  [96000/200000]
loss: 1.466590  [102400/200000]
loss: 1.306519  [108800/200000]
loss: 1.352175  [115200/200000]
loss: 1.412281  [121600/200000]
loss: 1.639714  [128000/200000]
loss: 1.383872  [134400/200000]
loss: 1.495078  [140800/200000]
loss: 1.601698  [147200/200000]
loss: 1.182362  [153600/200000]
loss: 1.554768  [160000/200000]
loss: 1.345718  [166400/200000]
loss: 1.330457  [172800/200000]
loss: 1.378144  [179200/200000]
loss: 1.355525  [185600/200000]
loss: 1.520378  [192000/200000]
loss: 1.589321  [198400/200000]
Test Error: 
 Accuracy: 78.9%, Avg loss: 0.640836 

Epoch 17
-------------------------------
loss: 1.384660  [    0/200000]
loss: 1.448813  [ 6400/200000]
loss: 1.210540  [12800/200000]
loss: 1.565253  [19200/200000]
loss: 1.623240  [25600/200000]
loss: 1.440490  [32000/200000]
loss: 1.648225  [38400/200000]
loss: 1.427310  [44800/200000]
loss: 1.183945  [51200/200000]
loss: 1.328444  [57600/200000]
loss: 1.229472  [64000/200000]
loss: 1.277226  [70400/200000]
loss: 1.419863  [76800/200000]
loss: 1.425006  [83200/200000]
loss: 1.247816  [89600/200000]
loss: 1.471361  [96000/200000]
loss: 1.504369  [102400/200000]
loss: 1.481622  [108800/200000]
loss: 1.243081  [115200/200000]
loss: 1.425680  [121600/200000]
loss: 1.442157  [128000/200000]
loss: 1.476844  [134400/200000]
loss: 1.389467  [140800/200000]
loss: 1.488809  [147200/200000]
loss: 1.313681  [153600/200000]
loss: 1.395394  [160000/200000]
loss: 1.642267  [166400/200000]
loss: 1.504475  [172800/200000]
loss: 1.420363  [179200/200000]
loss: 1.386170  [185600/200000]
loss: 1.584032  [192000/200000]
loss: 1.193374  [198400/200000]
Test Error: 
 Accuracy: 80.3%, Avg loss: 0.570305 

Epoch 18
-------------------------------
loss: 1.232369  [    0/200000]
loss: 1.219269  [ 6400/200000]
loss: 1.644114  [12800/200000]
loss: 1.104492  [19200/200000]
loss: 1.302861  [25600/200000]
loss: 1.266792  [32000/200000]
loss: 1.188013  [38400/200000]
loss: 1.309173  [44800/200000]
loss: 1.313712  [51200/200000]
loss: 1.388612  [57600/200000]
loss: 1.268272  [64000/200000]
loss: 1.401408  [70400/200000]
loss: 1.509173  [76800/200000]
loss: 1.255840  [83200/200000]
loss: 1.232726  [89600/200000]
loss: 1.344772  [96000/200000]
loss: 1.222239  [102400/200000]
loss: 1.300824  [108800/200000]
loss: 1.212975  [115200/200000]
loss: 1.278939  [121600/200000]
loss: 1.255620  [128000/200000]
loss: 1.452915  [134400/200000]
loss: 1.304952  [140800/200000]
loss: 1.375006  [147200/200000]
loss: 1.292862  [153600/200000]
loss: 1.392116  [160000/200000]
loss: 1.468631  [166400/200000]
loss: 1.203438  [172800/200000]
loss: 1.330163  [179200/200000]
loss: 1.343414  [185600/200000]
loss: 1.446893  [192000/200000]
loss: 1.471602  [198400/200000]
Test Error: 
 Accuracy: 80.4%, Avg loss: 0.587876 

Epoch 19
-------------------------------
loss: 1.347677  [    0/200000]
loss: 1.267970  [ 6400/200000]
loss: 1.196210  [12800/200000]
loss: 1.212265  [19200/200000]
loss: 1.559803  [25600/200000]
loss: 1.485137  [32000/200000]
loss: 1.486030  [38400/200000]
loss: 1.318578  [44800/200000]
loss: 1.244528  [51200/200000]
loss: 1.365060  [57600/200000]
loss: 1.428195  [64000/200000]
loss: 1.490474  [70400/200000]
loss: 1.340204  [76800/200000]
loss: 1.374874  [83200/200000]
loss: 1.371045  [89600/200000]
loss: 1.498306  [96000/200000]
loss: 1.425052  [102400/200000]
loss: 1.223630  [108800/200000]
loss: 1.368761  [115200/200000]
loss: 1.462895  [121600/200000]
loss: 1.357476  [128000/200000]
loss: 1.364245  [134400/200000]
loss: 1.743498  [140800/200000]
loss: 1.181763  [147200/200000]
loss: 1.206890  [153600/200000]
loss: 1.500464  [160000/200000]
loss: 1.416287  [166400/200000]
loss: 1.192532  [172800/200000]
loss: 1.198091  [179200/200000]
loss: 1.188157  [185600/200000]
loss: 1.331234  [192000/200000]
loss: 1.341173  [198400/200000]
Test Error: 
 Accuracy: 81.1%, Avg loss: 0.563245 

Epoch 20
-------------------------------
loss: 1.381521  [    0/200000]
loss: 1.060868  [ 6400/200000]
loss: 1.260420  [12800/200000]
loss: 1.394098  [19200/200000]
loss: 1.256888  [25600/200000]
loss: 1.095549  [32000/200000]
loss: 1.291918  [38400/200000]
loss: 1.370839  [44800/200000]
loss: 1.119081  [51200/200000]
loss: 1.090819  [57600/200000]
loss: 1.549138  [64000/200000]
loss: 1.345118  [70400/200000]
loss: 1.439621  [76800/200000]
loss: 1.245281  [83200/200000]
loss: 1.144419  [89600/200000]
loss: 1.477464  [96000/200000]
loss: 1.295019  [102400/200000]
loss: 1.338165  [108800/200000]
loss: 1.123567  [115200/200000]
loss: 1.212457  [121600/200000]
loss: 1.617811  [128000/200000]
loss: 1.258452  [134400/200000]
loss: 1.460533  [140800/200000]
loss: 1.299750  [147200/200000]
loss: 1.411165  [153600/200000]
loss: 1.430783  [160000/200000]
loss: 1.497057  [166400/200000]
loss: 1.270224  [172800/200000]
loss: 1.608042  [179200/200000]
loss: 1.238748  [185600/200000]
loss: 1.516610  [192000/200000]
loss: 1.196933  [198400/200000]
Test Error: 
 Accuracy: 79.1%, Avg loss: 0.627649 

Epoch 21
-------------------------------
loss: 1.085795  [    0/200000]
loss: 1.155232  [ 6400/200000]
loss: 1.628912  [12800/200000]
loss: 1.596832  [19200/200000]
loss: 1.204028  [25600/200000]
loss: 1.485187  [32000/200000]
loss: 1.380860  [38400/200000]
loss: 1.377078  [44800/200000]
loss: 1.165035  [51200/200000]
loss: 1.276469  [57600/200000]
loss: 1.227096  [64000/200000]
loss: 1.371028  [70400/200000]
loss: 1.399901  [76800/200000]
loss: 1.485459  [83200/200000]
loss: 1.492665  [89600/200000]
loss: 1.274102  [96000/200000]
loss: 1.538540  [102400/200000]
loss: 1.233316  [108800/200000]
loss: 1.388537  [115200/200000]
loss: 1.163026  [121600/200000]
loss: 1.470333  [128000/200000]
loss: 1.398888  [134400/200000]
loss: 1.169292  [140800/200000]
loss: 1.317782  [147200/200000]
loss: 1.419477  [153600/200000]
loss: 1.278001  [160000/200000]
loss: 1.206776  [166400/200000]
loss: 1.375525  [172800/200000]
loss: 1.590169  [179200/200000]
loss: 1.576373  [185600/200000]
loss: 1.260034  [192000/200000]
loss: 1.160531  [198400/200000]
Test Error: 
 Accuracy: 78.2%, Avg loss: 0.638566 

Epoch 22
-------------------------------
loss: 1.294917  [    0/200000]
loss: 1.289035  [ 6400/200000]
loss: 1.206116  [12800/200000]
loss: 1.156370  [19200/200000]
loss: 1.106269  [25600/200000]
loss: 1.246169  [32000/200000]
loss: 1.241064  [38400/200000]
loss: 1.193273  [44800/200000]
loss: 1.237496  [51200/200000]
loss: 1.138818  [57600/200000]
loss: 1.175006  [64000/200000]
loss: 1.299169  [70400/200000]
loss: 1.446967  [76800/200000]
loss: 1.302465  [83200/200000]
loss: 1.239771  [89600/200000]
loss: 1.577505  [96000/200000]
loss: 1.663666  [102400/200000]
loss: 1.263925  [108800/200000]
loss: 1.120210  [115200/200000]
loss: 1.409223  [121600/200000]
loss: 1.218496  [128000/200000]
loss: 1.309006  [134400/200000]
loss: 1.336727  [140800/200000]
loss: 1.256672  [147200/200000]
loss: 1.378868  [153600/200000]
loss: 1.372432  [160000/200000]
loss: 1.296781  [166400/200000]
loss: 1.091711  [172800/200000]
loss: 1.330476  [179200/200000]
loss: 1.349431  [185600/200000]
loss: 1.328191  [192000/200000]
loss: 1.402098  [198400/200000]
Test Error: 
 Accuracy: 80.7%, Avg loss: 0.573756 

Epoch 23
-------------------------------
loss: 1.321637  [    0/200000]
loss: 1.113278  [ 6400/200000]
loss: 1.424693  [12800/200000]
loss: 1.183417  [19200/200000]
loss: 1.110425  [25600/200000]
loss: 1.327925  [32000/200000]
loss: 1.030182  [38400/200000]
loss: 1.142514  [44800/200000]
loss: 1.211151  [51200/200000]
loss: 1.291485  [57600/200000]
loss: 1.264113  [64000/200000]
loss: 1.108699  [70400/200000]
loss: 1.235249  [76800/200000]
loss: 0.978550  [83200/200000]
loss: 1.262531  [89600/200000]
loss: 1.245927  [96000/200000]
loss: 1.523639  [102400/200000]
loss: 1.466766  [108800/200000]
loss: 1.327530  [115200/200000]
loss: 1.287134  [121600/200000]
loss: 1.360188  [128000/200000]
loss: 1.339603  [134400/200000]
loss: 1.486942  [140800/200000]
loss: 1.362422  [147200/200000]
loss: 1.289657  [153600/200000]
loss: 1.349472  [160000/200000]
loss: 1.164350  [166400/200000]
loss: 1.196693  [172800/200000]
loss: 1.317726  [179200/200000]
loss: 0.980870  [185600/200000]
loss: 1.453860  [192000/200000]
loss: 1.328047  [198400/200000]
Test Error: 
 Accuracy: 78.3%, Avg loss: 0.671828 

Epoch 24
-------------------------------
loss: 1.217466  [    0/200000]
loss: 1.256936  [ 6400/200000]
loss: 1.218704  [12800/200000]
loss: 1.296031  [19200/200000]
loss: 1.223819  [25600/200000]
loss: 1.061538  [32000/200000]
loss: 1.258371  [38400/200000]
loss: 0.962417  [44800/200000]
loss: 1.038150  [51200/200000]
loss: 1.261339  [57600/200000]
loss: 1.258371  [64000/200000]
loss: 1.135795  [70400/200000]
loss: 1.470473  [76800/200000]
loss: 1.508135  [83200/200000]
loss: 1.248766  [89600/200000]
loss: 1.404965  [96000/200000]
loss: 1.151326  [102400/200000]
loss: 1.244018  [108800/200000]
loss: 0.994632  [115200/200000]
loss: 1.361581  [121600/200000]
loss: 1.259473  [128000/200000]
loss: 1.414461  [134400/200000]
loss: 1.176467  [140800/200000]
loss: 1.281139  [147200/200000]
loss: 1.401867  [153600/200000]
loss: 1.390797  [160000/200000]
loss: 1.420416  [166400/200000]
loss: 1.341073  [172800/200000]
loss: 1.314229  [179200/200000]
loss: 1.500541  [185600/200000]
loss: 1.121346  [192000/200000]
loss: 1.598082  [198400/200000]
Test Error: 
 Accuracy: 79.0%, Avg loss: 0.642196 

Epoch 25
-------------------------------
loss: 1.272070  [    0/200000]
loss: 1.302425  [ 6400/200000]
loss: 1.100956  [12800/200000]
loss: 1.208014  [19200/200000]
loss: 1.254442  [25600/200000]
loss: 1.157754  [32000/200000]
loss: 0.917176  [38400/200000]
loss: 1.136091  [44800/200000]
loss: 1.411529  [51200/200000]
loss: 1.245638  [57600/200000]
loss: 1.328925  [64000/200000]
loss: 1.203031  [70400/200000]
loss: 1.189602  [76800/200000]
loss: 1.278904  [83200/200000]
loss: 1.378856  [89600/200000]
loss: 1.566192  [96000/200000]
loss: 1.218237  [102400/200000]
loss: 1.182563  [108800/200000]
loss: 1.313971  [115200/200000]
loss: 1.064565  [121600/200000]
loss: 1.137972  [128000/200000]
loss: 1.531504  [134400/200000]
loss: 1.287869  [140800/200000]
loss: 1.430359  [147200/200000]
loss: 1.654951  [153600/200000]
loss: 1.282916  [160000/200000]
loss: 1.246233  [166400/200000]
loss: 1.282659  [172800/200000]
loss: 1.537074  [179200/200000]
loss: 1.092986  [185600/200000]
loss: 1.144293  [192000/200000]
loss: 1.362234  [198400/200000]
Test Error: 
 Accuracy: 80.5%, Avg loss: 0.600746 

Epoch 26
-------------------------------
loss: 1.157069  [    0/200000]
loss: 1.056873  [ 6400/200000]
loss: 1.067667  [12800/200000]
loss: 1.140545  [19200/200000]
loss: 1.156685  [25600/200000]
loss: 0.945682  [32000/200000]
loss: 1.335040  [38400/200000]
loss: 1.205869  [44800/200000]
loss: 1.208824  [51200/200000]
loss: 1.029582  [57600/200000]
loss: 1.361577  [64000/200000]
loss: 1.139418  [70400/200000]
loss: 1.096410  [76800/200000]
loss: 1.314529  [83200/200000]
loss: 0.974807  [89600/200000]
loss: 1.348820  [96000/200000]
loss: 0.981570  [102400/200000]
loss: 1.214313  [108800/200000]
loss: 1.180759  [115200/200000]
loss: 1.136134  [121600/200000]
loss: 1.271234  [128000/200000]
loss: 1.285099  [134400/200000]
loss: 1.434858  [140800/200000]
loss: 1.032142  [147200/200000]
loss: 1.201025  [153600/200000]
loss: 1.218157  [160000/200000]
loss: 1.190243  [166400/200000]
loss: 1.267483  [172800/200000]
loss: 1.163251  [179200/200000]
loss: 1.239615  [185600/200000]
loss: 1.230854  [192000/200000]
loss: 1.611991  [198400/200000]
Test Error: 
 Accuracy: 79.5%, Avg loss: 0.614966 

Epoch 27
-------------------------------
loss: 1.179797  [    0/200000]
loss: 0.964228  [ 6400/200000]
loss: 1.359080  [12800/200000]
loss: 1.079359  [19200/200000]
loss: 1.122450  [25600/200000]
loss: 1.063221  [32000/200000]
loss: 1.037821  [38400/200000]
loss: 1.219803  [44800/200000]
loss: 1.187552  [51200/200000]
loss: 1.280780  [57600/200000]
loss: 1.143797  [64000/200000]
loss: 1.037554  [70400/200000]
loss: 1.276283  [76800/200000]
loss: 1.191830  [83200/200000]
loss: 1.450935  [89600/200000]
loss: 1.257965  [96000/200000]
loss: 1.148251  [102400/200000]
loss: 1.373085  [108800/200000]
loss: 1.300542  [115200/200000]
loss: 1.105581  [121600/200000]
loss: 1.316779  [128000/200000]
loss: 1.274181  [134400/200000]
loss: 1.209406  [140800/200000]
loss: 1.050996  [147200/200000]
loss: 1.043387  [153600/200000]
loss: 1.206093  [160000/200000]
loss: 1.149393  [166400/200000]
loss: 1.281319  [172800/200000]
loss: 1.286618  [179200/200000]
loss: 1.029615  [185600/200000]
loss: 1.250688  [192000/200000]
loss: 0.927803  [198400/200000]
Test Error: 
 Accuracy: 80.0%, Avg loss: 0.617664 

Epoch 28
-------------------------------
loss: 1.012020  [    0/200000]
loss: 1.331980  [ 6400/200000]
loss: 0.834255  [12800/200000]
loss: 1.126536  [19200/200000]
loss: 1.092000  [25600/200000]
loss: 0.970462  [32000/200000]
loss: 1.201294  [38400/200000]
loss: 1.284706  [44800/200000]
loss: 1.109922  [51200/200000]
loss: 1.143394  [57600/200000]
loss: 1.170088  [64000/200000]
loss: 1.232366  [70400/200000]
loss: 1.410403  [76800/200000]
loss: 1.197995  [83200/200000]
loss: 1.123550  [89600/200000]
loss: 1.160372  [96000/200000]
loss: 0.981315  [102400/200000]
loss: 0.883473  [108800/200000]
loss: 1.246724  [115200/200000]
loss: 1.291114  [121600/200000]
loss: 1.019792  [128000/200000]
loss: 0.895607  [134400/200000]
loss: 1.342776  [140800/200000]
loss: 1.232933  [147200/200000]
loss: 1.394595  [153600/200000]
loss: 1.201699  [160000/200000]
loss: 1.361222  [166400/200000]
loss: 1.190632  [172800/200000]
loss: 1.009189  [179200/200000]
loss: 1.153691  [185600/200000]
loss: 1.120345  [192000/200000]
loss: 1.249211  [198400/200000]
Test Error: 
 Accuracy: 76.1%, Avg loss: 0.743309 

Epoch 29
-------------------------------
loss: 1.052672  [    0/200000]
loss: 0.990850  [ 6400/200000]
loss: 1.182173  [12800/200000]
loss: 1.150273  [19200/200000]
loss: 1.082861  [25600/200000]
loss: 1.183940  [32000/200000]
loss: 1.175853  [38400/200000]
loss: 1.033704  [44800/200000]
loss: 1.111091  [51200/200000]
loss: 1.202457  [57600/200000]
loss: 0.878049  [64000/200000]
loss: 1.232137  [70400/200000]
loss: 1.059187  [76800/200000]
loss: 1.304867  [83200/200000]
loss: 0.920702  [89600/200000]
loss: 1.211678  [96000/200000]
loss: 1.121327  [102400/200000]
loss: 1.176469  [108800/200000]
loss: 1.033337  [115200/200000]
loss: 1.255065  [121600/200000]
loss: 1.238612  [128000/200000]
loss: 1.093711  [134400/200000]
loss: 1.076909  [140800/200000]
loss: 1.175066  [147200/200000]
loss: 1.413392  [153600/200000]
loss: 1.354879  [160000/200000]
loss: 1.389649  [166400/200000]
loss: 1.122414  [172800/200000]
loss: 1.179748  [179200/200000]
loss: 1.059091  [185600/200000]
loss: 1.165437  [192000/200000]
loss: 1.313483  [198400/200000]
Test Error: 
 Accuracy: 80.6%, Avg loss: 0.603671 

Epoch 30
-------------------------------
loss: 1.101612  [    0/200000]
loss: 0.879734  [ 6400/200000]
loss: 1.187259  [12800/200000]
loss: 1.095198  [19200/200000]
loss: 1.217270  [25600/200000]
loss: 0.987482  [32000/200000]
loss: 0.980339  [38400/200000]
loss: 1.098559  [44800/200000]
loss: 1.132776  [51200/200000]
loss: 1.085707  [57600/200000]
loss: 1.112549  [64000/200000]
loss: 1.210734  [70400/200000]
loss: 1.068951  [76800/200000]
loss: 1.030226  [83200/200000]
loss: 1.160162  [89600/200000]
loss: 1.018279  [96000/200000]
loss: 1.111837  [102400/200000]
loss: 1.189765  [108800/200000]
loss: 0.968088  [115200/200000]
loss: 1.086403  [121600/200000]
loss: 1.230519  [128000/200000]
loss: 1.081220  [134400/200000]
loss: 1.211571  [140800/200000]
loss: 1.175857  [147200/200000]
loss: 1.230008  [153600/200000]
loss: 1.201822  [160000/200000]
loss: 1.222229  [166400/200000]
loss: 1.141873  [172800/200000]
loss: 1.370375  [179200/200000]
loss: 1.072859  [185600/200000]
loss: 1.121861  [192000/200000]
loss: 1.368997  [198400/200000]
Test Error: 
 Accuracy: 80.7%, Avg loss: 0.604204 

Done!
max accuracy 81.12
average accuracy 79.5015
