command config
N= 3
B= [4, 2, 1]
C1= 64
F= [5, 5, 5]
K= [5, 3, 2]
P= 7
number of parameters 4923466
Epoch 1
-------------------------------
loss: 2.340647  [    0/50000]
loss: 1.465051  [ 6400/50000]
loss: 1.366955  [12800/50000]
loss: 1.501616  [19200/50000]
loss: 1.289854  [25600/50000]
loss: 0.964078  [32000/50000]
loss: 1.179294  [38400/50000]
loss: 1.027936  [44800/50000]
Test Error: 
 Accuracy: 60.6%, Avg loss: 1.085319 

Epoch 2
-------------------------------
loss: 1.087759  [    0/50000]
loss: 0.756576  [ 6400/50000]
loss: 0.761170  [12800/50000]
loss: 0.735373  [19200/50000]
loss: 0.899734  [25600/50000]
loss: 0.858305  [32000/50000]
loss: 0.549302  [38400/50000]
loss: 0.757445  [44800/50000]
Test Error: 
 Accuracy: 72.4%, Avg loss: 0.797708 

Epoch 3
-------------------------------
loss: 0.549309  [    0/50000]
loss: 0.751653  [ 6400/50000]
loss: 0.672454  [12800/50000]
loss: 0.500504  [19200/50000]
loss: 0.533743  [25600/50000]
loss: 0.652731  [32000/50000]
loss: 0.757136  [38400/50000]
loss: 0.724492  [44800/50000]
Test Error: 
 Accuracy: 76.3%, Avg loss: 0.674484 

Epoch 4
-------------------------------
loss: 0.611507  [    0/50000]
loss: 0.552545  [ 6400/50000]
loss: 0.452184  [12800/50000]
loss: 0.474656  [19200/50000]
loss: 0.578844  [25600/50000]
loss: 0.541317  [32000/50000]
loss: 0.574498  [38400/50000]
loss: 0.617169  [44800/50000]
Test Error: 
 Accuracy: 76.7%, Avg loss: 0.672546 

Epoch 5
-------------------------------
loss: 0.273650  [    0/50000]
loss: 0.395361  [ 6400/50000]
loss: 0.418981  [12800/50000]
loss: 0.313638  [19200/50000]
loss: 0.332263  [25600/50000]
loss: 0.267648  [32000/50000]
loss: 0.385700  [38400/50000]
loss: 0.175408  [44800/50000]
Test Error: 
 Accuracy: 79.7%, Avg loss: 0.587063 

Epoch 6
-------------------------------
loss: 0.323602  [    0/50000]
loss: 0.387144  [ 6400/50000]
loss: 0.455620  [12800/50000]
loss: 0.352448  [19200/50000]
loss: 0.476035  [25600/50000]
loss: 0.354804  [32000/50000]
loss: 0.507516  [38400/50000]
loss: 0.288235  [44800/50000]
Test Error: 
 Accuracy: 79.3%, Avg loss: 0.627203 

Epoch 7
-------------------------------
loss: 0.243866  [    0/50000]
loss: 0.426476  [ 6400/50000]
loss: 0.170372  [12800/50000]
loss: 0.337566  [19200/50000]
loss: 0.279547  [25600/50000]
loss: 0.307701  [32000/50000]
loss: 0.333113  [38400/50000]
loss: 0.380138  [44800/50000]
Test Error: 
 Accuracy: 83.8%, Avg loss: 0.502583 

Epoch 8
-------------------------------
loss: 0.215765  [    0/50000]
loss: 0.211187  [ 6400/50000]
loss: 0.131441  [12800/50000]
loss: 0.196052  [19200/50000]
loss: 0.275863  [25600/50000]
loss: 0.282319  [32000/50000]
loss: 0.235964  [38400/50000]
loss: 0.252395  [44800/50000]
Test Error: 
 Accuracy: 83.0%, Avg loss: 0.533434 

Epoch 9
-------------------------------
loss: 0.127937  [    0/50000]
loss: 0.167638  [ 6400/50000]
loss: 0.106002  [12800/50000]
loss: 0.191389  [19200/50000]
loss: 0.185952  [25600/50000]
loss: 0.196501  [32000/50000]
loss: 0.186478  [38400/50000]
loss: 0.168340  [44800/50000]
Test Error: 
 Accuracy: 81.6%, Avg loss: 0.604185 

Epoch 10
-------------------------------
loss: 0.197027  [    0/50000]
loss: 0.162055  [ 6400/50000]
loss: 0.147194  [12800/50000]
loss: 0.121352  [19200/50000]
loss: 0.122920  [25600/50000]
loss: 0.260574  [32000/50000]
loss: 0.349133  [38400/50000]
loss: 0.093418  [44800/50000]
Test Error: 
 Accuracy: 85.1%, Avg loss: 0.505451 

Epoch 11
-------------------------------
loss: 0.090498  [    0/50000]
loss: 0.073022  [ 6400/50000]
loss: 0.148401  [12800/50000]
loss: 0.118055  [19200/50000]
loss: 0.145053  [25600/50000]
loss: 0.102165  [32000/50000]
loss: 0.127923  [38400/50000]
loss: 0.201076  [44800/50000]
Test Error: 
 Accuracy: 85.9%, Avg loss: 0.494836 

Epoch 12
-------------------------------
loss: 0.065026  [    0/50000]
loss: 0.085001  [ 6400/50000]
loss: 0.198891  [12800/50000]
loss: 0.110856  [19200/50000]
loss: 0.033278  [25600/50000]
loss: 0.078924  [32000/50000]
loss: 0.068634  [38400/50000]
loss: 0.084842  [44800/50000]
Test Error: 
 Accuracy: 85.5%, Avg loss: 0.538202 

Epoch 13
-------------------------------
loss: 0.028761  [    0/50000]
loss: 0.057224  [ 6400/50000]
loss: 0.012829  [12800/50000]
loss: 0.071178  [19200/50000]
loss: 0.126912  [25600/50000]
loss: 0.180742  [32000/50000]
loss: 0.090999  [38400/50000]
loss: 0.126246  [44800/50000]
Test Error: 
 Accuracy: 83.1%, Avg loss: 0.673387 

Epoch 14
-------------------------------
loss: 0.061733  [    0/50000]
loss: 0.045161  [ 6400/50000]
loss: 0.083203  [12800/50000]
loss: 0.064287  [19200/50000]
loss: 0.035658  [25600/50000]
loss: 0.055761  [32000/50000]
loss: 0.135870  [38400/50000]
loss: 0.109886  [44800/50000]
Test Error: 
 Accuracy: 86.0%, Avg loss: 0.574100 

Epoch 15
-------------------------------
loss: 0.022954  [    0/50000]
loss: 0.049739  [ 6400/50000]
loss: 0.027707  [12800/50000]
loss: 0.070552  [19200/50000]
loss: 0.070447  [25600/50000]
loss: 0.031989  [32000/50000]
loss: 0.076674  [38400/50000]
loss: 0.071839  [44800/50000]
Test Error: 
 Accuracy: 85.0%, Avg loss: 0.631520 

Epoch 16
-------------------------------
loss: 0.010980  [    0/50000]
loss: 0.021119  [ 6400/50000]
loss: 0.010117  [12800/50000]
loss: 0.033331  [19200/50000]
loss: 0.042235  [25600/50000]
loss: 0.026883  [32000/50000]
loss: 0.050941  [38400/50000]
loss: 0.045176  [44800/50000]
Test Error: 
 Accuracy: 84.5%, Avg loss: 0.693404 

Epoch 17
-------------------------------
loss: 0.080355  [    0/50000]
loss: 0.052799  [ 6400/50000]
loss: 0.030555  [12800/50000]
loss: 0.038949  [19200/50000]
loss: 0.026792  [25600/50000]
loss: 0.078279  [32000/50000]
loss: 0.051706  [38400/50000]
loss: 0.037270  [44800/50000]
Test Error: 
 Accuracy: 84.6%, Avg loss: 0.678355 

Epoch 18
-------------------------------
loss: 0.135757  [    0/50000]
loss: 0.028917  [ 6400/50000]
loss: 0.022490  [12800/50000]
loss: 0.022838  [19200/50000]
loss: 0.069084  [25600/50000]
loss: 0.004521  [32000/50000]
loss: 0.047518  [38400/50000]
loss: 0.109343  [44800/50000]
Test Error: 
 Accuracy: 85.8%, Avg loss: 0.628157 

Epoch 19
-------------------------------
loss: 0.011777  [    0/50000]
loss: 0.017787  [ 6400/50000]
loss: 0.086842  [12800/50000]
loss: 0.026200  [19200/50000]
loss: 0.028377  [25600/50000]
loss: 0.015855  [32000/50000]
loss: 0.044862  [38400/50000]
loss: 0.018300  [44800/50000]
Test Error: 
 Accuracy: 85.2%, Avg loss: 0.679686 

Epoch 20
-------------------------------
loss: 0.002702  [    0/50000]
loss: 0.016635  [ 6400/50000]
loss: 0.026028  [12800/50000]
loss: 0.029720  [19200/50000]
loss: 0.075717  [25600/50000]
loss: 0.015497  [32000/50000]
loss: 0.061367  [38400/50000]
loss: 0.019368  [44800/50000]
Test Error: 
 Accuracy: 86.7%, Avg loss: 0.599584 

Epoch 21
-------------------------------
loss: 0.010449  [    0/50000]
loss: 0.011354  [ 6400/50000]
loss: 0.063167  [12800/50000]
loss: 0.003233  [19200/50000]
loss: 0.089850  [25600/50000]
loss: 0.002489  [32000/50000]
loss: 0.007340  [38400/50000]
loss: 0.007848  [44800/50000]
Test Error: 
 Accuracy: 86.4%, Avg loss: 0.664044 

Epoch 22
-------------------------------
loss: 0.011108  [    0/50000]
loss: 0.009191  [ 6400/50000]
loss: 0.018015  [12800/50000]
loss: 0.003197  [19200/50000]
loss: 0.052461  [25600/50000]
loss: 0.015966  [32000/50000]
loss: 0.022499  [38400/50000]
loss: 0.016781  [44800/50000]
Test Error: 
 Accuracy: 87.1%, Avg loss: 0.625351 

Epoch 23
-------------------------------
loss: 0.022247  [    0/50000]
loss: 0.189536  [ 6400/50000]
loss: 0.026623  [12800/50000]
loss: 0.017306  [19200/50000]
loss: 0.002172  [25600/50000]
loss: 0.004204  [32000/50000]
loss: 0.042913  [38400/50000]
loss: 0.143162  [44800/50000]
Test Error: 
 Accuracy: 86.9%, Avg loss: 0.624413 

Epoch 24
-------------------------------
loss: 0.004807  [    0/50000]
loss: 0.079651  [ 6400/50000]
loss: 0.008833  [12800/50000]
loss: 0.024598  [19200/50000]
loss: 0.003982  [25600/50000]
loss: 0.002646  [32000/50000]
loss: 0.016771  [38400/50000]
loss: 0.025647  [44800/50000]
Test Error: 
 Accuracy: 86.4%, Avg loss: 0.678792 

Epoch 25
-------------------------------
loss: 0.037674  [    0/50000]
loss: 0.063215  [ 6400/50000]
loss: 0.043177  [12800/50000]
loss: 0.045182  [19200/50000]
loss: 0.018485  [25600/50000]
loss: 0.020126  [32000/50000]
loss: 0.019612  [38400/50000]
loss: 0.003715  [44800/50000]
Test Error: 
 Accuracy: 87.0%, Avg loss: 0.657794 

Epoch 26
-------------------------------
loss: 0.017049  [    0/50000]
loss: 0.006608  [ 6400/50000]
loss: 0.002124  [12800/50000]
loss: 0.003733  [19200/50000]
loss: 0.006193  [25600/50000]
loss: 0.000902  [32000/50000]
loss: 0.021560  [38400/50000]
loss: 0.058367  [44800/50000]
Test Error: 
 Accuracy: 87.6%, Avg loss: 0.618149 

Epoch 27
-------------------------------
loss: 0.010123  [    0/50000]
loss: 0.001828  [ 6400/50000]
loss: 0.008823  [12800/50000]
loss: 0.001046  [19200/50000]
loss: 0.004001  [25600/50000]
loss: 0.006418  [32000/50000]
loss: 0.003031  [38400/50000]
loss: 0.090267  [44800/50000]
Test Error: 
 Accuracy: 86.8%, Avg loss: 0.691749 

Epoch 28
-------------------------------
loss: 0.001765  [    0/50000]
loss: 0.009466  [ 6400/50000]
loss: 0.004283  [12800/50000]
loss: 0.008228  [19200/50000]
loss: 0.003378  [25600/50000]
loss: 0.007935  [32000/50000]
loss: 0.013810  [38400/50000]
loss: 0.001123  [44800/50000]
Test Error: 
 Accuracy: 86.9%, Avg loss: 0.672340 

Epoch 29
-------------------------------
loss: 0.012872  [    0/50000]
loss: 0.010562  [ 6400/50000]
loss: 0.024204  [12800/50000]
loss: 0.032004  [19200/50000]
loss: 0.019564  [25600/50000]
loss: 0.014168  [32000/50000]
loss: 0.009675  [38400/50000]
loss: 0.001580  [44800/50000]
Test Error: 
 Accuracy: 85.4%, Avg loss: 0.812023 

Epoch 30
-------------------------------
loss: 0.001771  [    0/50000]
loss: 0.001995  [ 6400/50000]
loss: 0.002830  [12800/50000]
loss: 0.005256  [19200/50000]
loss: 0.001021  [25600/50000]
loss: 0.007187  [32000/50000]
loss: 0.004664  [38400/50000]
loss: 0.008912  [44800/50000]
Test Error: 
 Accuracy: 86.0%, Avg loss: 0.752418 

Done!
