number of parameters 4891722
Epoch 1
-------------------------------
loss: 2.325750  [    0/50000]
loss: 1.654795  [ 6400/50000]
loss: 1.630735  [12800/50000]
loss: 1.578671  [19200/50000]
loss: 1.332359  [25600/50000]
loss: 1.282882  [32000/50000]
loss: 1.052766  [38400/50000]
loss: 1.347125  [44800/50000]
Test Error: 
 Accuracy: 56.6%, Avg loss: 1.212138 

Epoch 2
-------------------------------
loss: 1.125133  [    0/50000]
loss: 0.898378  [ 6400/50000]
loss: 0.981602  [12800/50000]
loss: 0.955222  [19200/50000]
loss: 0.818684  [25600/50000]
loss: 0.768483  [32000/50000]
loss: 0.966869  [38400/50000]
loss: 0.811197  [44800/50000]
Test Error: 
 Accuracy: 68.4%, Avg loss: 0.888000 

Epoch 3
-------------------------------
loss: 0.587556  [    0/50000]
loss: 0.978006  [ 6400/50000]
loss: 0.641954  [12800/50000]
loss: 0.737907  [19200/50000]
loss: 0.803788  [25600/50000]
loss: 0.852876  [32000/50000]
loss: 0.689994  [38400/50000]
loss: 0.796506  [44800/50000]
Test Error: 
 Accuracy: 73.9%, Avg loss: 0.753352 

Epoch 4
-------------------------------
loss: 0.593672  [    0/50000]
loss: 0.497747  [ 6400/50000]
loss: 0.511829  [12800/50000]
loss: 0.640936  [19200/50000]
loss: 0.573520  [25600/50000]
loss: 0.458731  [32000/50000]
loss: 0.573019  [38400/50000]
loss: 0.438465  [44800/50000]
Test Error: 
 Accuracy: 75.9%, Avg loss: 0.703994 

Epoch 5
-------------------------------
loss: 0.444417  [    0/50000]
loss: 0.469805  [ 6400/50000]
loss: 0.610845  [12800/50000]
loss: 0.315596  [19200/50000]
loss: 0.608537  [25600/50000]
loss: 0.577996  [32000/50000]
loss: 0.607925  [38400/50000]
loss: 0.485209  [44800/50000]
Test Error: 
 Accuracy: 80.9%, Avg loss: 0.561738 

Epoch 6
-------------------------------
loss: 0.403984  [    0/50000]
loss: 0.628581  [ 6400/50000]
loss: 0.476404  [12800/50000]
loss: 0.329035  [19200/50000]
loss: 0.319850  [25600/50000]
loss: 0.479147  [32000/50000]
loss: 0.345128  [38400/50000]
loss: 0.433237  [44800/50000]
Test Error: 
 Accuracy: 80.1%, Avg loss: 0.579617 

Epoch 7
-------------------------------
loss: 0.366747  [    0/50000]
loss: 0.572137  [ 6400/50000]
loss: 0.576129  [12800/50000]
loss: 0.669311  [19200/50000]
loss: 0.442386  [25600/50000]
loss: 0.196108  [32000/50000]
loss: 0.449199  [38400/50000]
loss: 0.335729  [44800/50000]
Test Error: 
 Accuracy: 82.9%, Avg loss: 0.505230 

Epoch 8
-------------------------------
loss: 0.235445  [    0/50000]
loss: 0.261106  [ 6400/50000]
loss: 0.197079  [12800/50000]
loss: 0.428946  [19200/50000]
loss: 0.329836  [25600/50000]
loss: 0.276846  [32000/50000]
loss: 0.178039  [38400/50000]
loss: 0.335739  [44800/50000]
Test Error: 
 Accuracy: 82.2%, Avg loss: 0.540102 

Epoch 9
-------------------------------
loss: 0.444006  [    0/50000]
loss: 0.241709  [ 6400/50000]
loss: 0.356752  [12800/50000]
loss: 0.164027  [19200/50000]
loss: 0.115783  [25600/50000]
loss: 0.250036  [32000/50000]
loss: 0.325126  [38400/50000]
loss: 0.300133  [44800/50000]
Test Error: 
 Accuracy: 84.2%, Avg loss: 0.471559 

Epoch 10
-------------------------------
loss: 0.125735  [    0/50000]
loss: 0.132802  [ 6400/50000]
loss: 0.223868  [12800/50000]
loss: 0.384816  [19200/50000]
loss: 0.227188  [25600/50000]
loss: 0.496439  [32000/50000]
loss: 0.188224  [38400/50000]
loss: 0.362668  [44800/50000]
Test Error: 
 Accuracy: 83.1%, Avg loss: 0.524554 

Epoch 11
-------------------------------
loss: 0.119053  [    0/50000]
loss: 0.262868  [ 6400/50000]
loss: 0.150688  [12800/50000]
loss: 0.101196  [19200/50000]
loss: 0.238815  [25600/50000]
loss: 0.144447  [32000/50000]
loss: 0.183391  [38400/50000]
loss: 0.182620  [44800/50000]
Test Error: 
 Accuracy: 86.2%, Avg loss: 0.435577 

Epoch 12
-------------------------------
loss: 0.048138  [    0/50000]
loss: 0.127955  [ 6400/50000]
loss: 0.095394  [12800/50000]
loss: 0.067413  [19200/50000]
loss: 0.163750  [25600/50000]
loss: 0.214508  [32000/50000]
loss: 0.238244  [38400/50000]
loss: 0.134992  [44800/50000]
Test Error: 
 Accuracy: 85.4%, Avg loss: 0.483476 

Epoch 13
-------------------------------
loss: 0.133234  [    0/50000]
loss: 0.122298  [ 6400/50000]
loss: 0.206330  [12800/50000]
loss: 0.088706  [19200/50000]
loss: 0.204006  [25600/50000]
loss: 0.192481  [32000/50000]
loss: 0.247469  [38400/50000]
loss: 0.098173  [44800/50000]
Test Error: 
 Accuracy: 85.3%, Avg loss: 0.502709 

Epoch 14
-------------------------------
loss: 0.150307  [    0/50000]
loss: 0.079779  [ 6400/50000]
loss: 0.095011  [12800/50000]
loss: 0.096647  [19200/50000]
loss: 0.317013  [25600/50000]
loss: 0.054371  [32000/50000]
loss: 0.121010  [38400/50000]
loss: 0.089301  [44800/50000]
Test Error: 
 Accuracy: 86.6%, Avg loss: 0.475411 

Epoch 15
-------------------------------
loss: 0.044045  [    0/50000]
loss: 0.254406  [ 6400/50000]
loss: 0.081227  [12800/50000]
loss: 0.049081  [19200/50000]
loss: 0.053544  [25600/50000]
loss: 0.142719  [32000/50000]
loss: 0.111300  [38400/50000]
loss: 0.061538  [44800/50000]
Test Error: 
 Accuracy: 85.1%, Avg loss: 0.545660 

Epoch 16
-------------------------------
loss: 0.141176  [    0/50000]
loss: 0.052913  [ 6400/50000]
loss: 0.075023  [12800/50000]
loss: 0.049179  [19200/50000]
loss: 0.057246  [25600/50000]
loss: 0.088806  [32000/50000]
loss: 0.093916  [38400/50000]
loss: 0.172277  [44800/50000]
Test Error: 
 Accuracy: 84.5%, Avg loss: 0.593611 

Epoch 17
-------------------------------
loss: 0.053413  [    0/50000]
loss: 0.048904  [ 6400/50000]
loss: 0.133999  [12800/50000]
loss: 0.134721  [19200/50000]
loss: 0.078538  [25600/50000]
loss: 0.074469  [32000/50000]
loss: 0.063998  [38400/50000]
loss: 0.058218  [44800/50000]
Test Error: 
 Accuracy: 86.2%, Avg loss: 0.495109 

Epoch 18
-------------------------------
loss: 0.059938  [    0/50000]
loss: 0.041365  [ 6400/50000]
loss: 0.092443  [12800/50000]
loss: 0.015959  [19200/50000]
loss: 0.058879  [25600/50000]
loss: 0.110737  [32000/50000]
loss: 0.052213  [38400/50000]
loss: 0.038010  [44800/50000]
Test Error: 
 Accuracy: 86.3%, Avg loss: 0.504132 

Epoch 19
-------------------------------
loss: 0.081823  [    0/50000]
loss: 0.103056  [ 6400/50000]
loss: 0.052231  [12800/50000]
loss: 0.037870  [19200/50000]
loss: 0.074937  [25600/50000]
loss: 0.016726  [32000/50000]
loss: 0.080544  [38400/50000]
loss: 0.005830  [44800/50000]
Test Error: 
 Accuracy: 86.8%, Avg loss: 0.514390 

Epoch 20
-------------------------------
loss: 0.128257  [    0/50000]
loss: 0.045359  [ 6400/50000]
loss: 0.038960  [12800/50000]
loss: 0.019718  [19200/50000]
loss: 0.018937  [25600/50000]
loss: 0.092113  [32000/50000]
loss: 0.185644  [38400/50000]
loss: 0.093854  [44800/50000]
Test Error: 
 Accuracy: 85.7%, Avg loss: 0.582112 

Epoch 21
-------------------------------
loss: 0.056411  [    0/50000]
loss: 0.021248  [ 6400/50000]
loss: 0.049312  [12800/50000]
loss: 0.044932  [19200/50000]
loss: 0.090874  [25600/50000]
loss: 0.017254  [32000/50000]
loss: 0.083276  [38400/50000]
loss: 0.007615  [44800/50000]
Test Error: 
 Accuracy: 87.6%, Avg loss: 0.496062 

Epoch 22
-------------------------------
loss: 0.039227  [    0/50000]
loss: 0.027735  [ 6400/50000]
loss: 0.104782  [12800/50000]
loss: 0.047948  [19200/50000]
loss: 0.272929  [25600/50000]
loss: 0.118317  [32000/50000]
loss: 0.036768  [38400/50000]
loss: 0.030649  [44800/50000]
Test Error: 
 Accuracy: 87.5%, Avg loss: 0.508511 

Epoch 23
-------------------------------
loss: 0.016192  [    0/50000]
loss: 0.007661  [ 6400/50000]
loss: 0.027249  [12800/50000]
loss: 0.038641  [19200/50000]
loss: 0.150322  [25600/50000]
loss: 0.035685  [32000/50000]
loss: 0.055837  [38400/50000]
loss: 0.047775  [44800/50000]
Test Error: 
 Accuracy: 85.5%, Avg loss: 0.594381 

Epoch 24
-------------------------------
loss: 0.047424  [    0/50000]
loss: 0.050104  [ 6400/50000]
loss: 0.069268  [12800/50000]
loss: 0.030710  [19200/50000]
loss: 0.069079  [25600/50000]
loss: 0.152591  [32000/50000]
loss: 0.126556  [38400/50000]
loss: 0.067183  [44800/50000]
Test Error: 
 Accuracy: 86.2%, Avg loss: 0.560565 

Epoch 25
-------------------------------
loss: 0.054916  [    0/50000]
loss: 0.077671  [ 6400/50000]
loss: 0.020151  [12800/50000]
loss: 0.080338  [19200/50000]
loss: 0.009024  [25600/50000]
loss: 0.039807  [32000/50000]
loss: 0.037465  [38400/50000]
loss: 0.078800  [44800/50000]
Test Error: 
 Accuracy: 86.2%, Avg loss: 0.580003 

Epoch 26
-------------------------------
loss: 0.091698  [    0/50000]
loss: 0.030445  [ 6400/50000]
loss: 0.080300  [12800/50000]
loss: 0.021997  [19200/50000]
loss: 0.050961  [25600/50000]
loss: 0.122634  [32000/50000]
loss: 0.116704  [38400/50000]
loss: 0.121537  [44800/50000]
Test Error: 
 Accuracy: 86.9%, Avg loss: 0.553055 

Epoch 27
-------------------------------
loss: 0.088937  [    0/50000]
loss: 0.031654  [ 6400/50000]
loss: 0.004358  [12800/50000]
loss: 0.025244  [19200/50000]
loss: 0.104497  [25600/50000]
loss: 0.013159  [32000/50000]
loss: 0.045335  [38400/50000]
loss: 0.123583  [44800/50000]
Test Error: 
 Accuracy: 84.6%, Avg loss: 0.703564 

Epoch 28
-------------------------------
loss: 0.107033  [    0/50000]
loss: 0.042710  [ 6400/50000]
loss: 0.012867  [12800/50000]
loss: 0.056928  [19200/50000]
loss: 0.021074  [25600/50000]
loss: 0.101879  [32000/50000]
loss: 0.083732  [38400/50000]
loss: 0.050979  [44800/50000]
Test Error: 
 Accuracy: 87.8%, Avg loss: 0.505391 

Epoch 29
-------------------------------
loss: 0.006975  [    0/50000]
loss: 0.008909  [ 6400/50000]
loss: 0.009520  [12800/50000]
loss: 0.015039  [19200/50000]
loss: 0.009532  [25600/50000]
loss: 0.007811  [32000/50000]
loss: 0.032946  [38400/50000]
loss: 0.050916  [44800/50000]
Test Error: 
 Accuracy: 87.9%, Avg loss: 0.526419 

Epoch 30
-------------------------------
loss: 0.086109  [    0/50000]
loss: 0.019981  [ 6400/50000]
loss: 0.081568  [12800/50000]
loss: 0.032823  [19200/50000]
loss: 0.113342  [25600/50000]
loss: 0.141657  [32000/50000]
loss: 0.010454  [38400/50000]
loss: 0.094601  [44800/50000]
Test Error: 
 Accuracy: 85.7%, Avg loss: 0.641307 

Done!
max accuracy 87.88
average accuracy 86.189
