command config
N= 3
B= [2, 3, 3]
C1= 64
F= [5, 3, 3]
K= [5, 1, 1]
P= 8
number of parameters 4515914
Epoch 1
-------------------------------
loss: 2.571928  [    0/50000]
loss: 1.782650  [ 6400/50000]
loss: 1.742239  [12800/50000]
loss: 1.238571  [19200/50000]
loss: 1.336166  [25600/50000]
loss: 1.144660  [32000/50000]
loss: 1.193638  [38400/50000]
loss: 0.868599  [44800/50000]
Test Error: 
 Accuracy: 41.4%, Avg loss: 1.920404 

Epoch 2
-------------------------------
loss: 0.978077  [    0/50000]
loss: 0.911385  [ 6400/50000]
loss: 0.982761  [12800/50000]
loss: 0.759717  [19200/50000]
loss: 0.886528  [25600/50000]
loss: 1.111764  [32000/50000]
loss: 0.567587  [38400/50000]
loss: 0.633734  [44800/50000]
Test Error: 
 Accuracy: 66.2%, Avg loss: 0.972395 

Epoch 3
-------------------------------
loss: 0.725409  [    0/50000]
loss: 0.737820  [ 6400/50000]
loss: 0.525794  [12800/50000]
loss: 0.534439  [19200/50000]
loss: 0.712944  [25600/50000]
loss: 0.629996  [32000/50000]
loss: 0.706369  [38400/50000]
loss: 0.821841  [44800/50000]
Test Error: 
 Accuracy: 71.4%, Avg loss: 0.840602 

Epoch 4
-------------------------------
loss: 0.836071  [    0/50000]
loss: 0.667746  [ 6400/50000]
loss: 0.715161  [12800/50000]
loss: 0.515358  [19200/50000]
loss: 0.710829  [25600/50000]
loss: 0.454917  [32000/50000]
loss: 0.588301  [38400/50000]
loss: 0.455550  [44800/50000]
Test Error: 
 Accuracy: 77.8%, Avg loss: 0.652998 

Epoch 5
-------------------------------
loss: 0.296748  [    0/50000]
loss: 0.337662  [ 6400/50000]
loss: 0.633676  [12800/50000]
loss: 0.480035  [19200/50000]
loss: 0.831650  [25600/50000]
loss: 0.492328  [32000/50000]
loss: 0.399190  [38400/50000]
loss: 0.496928  [44800/50000]
Test Error: 
 Accuracy: 74.1%, Avg loss: 0.755543 

Epoch 6
-------------------------------
loss: 0.447312  [    0/50000]
loss: 0.337356  [ 6400/50000]
loss: 0.436353  [12800/50000]
loss: 0.617122  [19200/50000]
loss: 0.602308  [25600/50000]
loss: 0.430382  [32000/50000]
loss: 0.532892  [38400/50000]
loss: 0.468115  [44800/50000]
Test Error: 
 Accuracy: 78.2%, Avg loss: 0.641854 

Epoch 7
-------------------------------
loss: 0.318076  [    0/50000]
loss: 0.257611  [ 6400/50000]
loss: 0.200043  [12800/50000]
loss: 0.268104  [19200/50000]
loss: 0.612318  [25600/50000]
loss: 0.286095  [32000/50000]
loss: 0.466104  [38400/50000]
loss: 0.216263  [44800/50000]
Test Error: 
 Accuracy: 80.8%, Avg loss: 0.567501 

Epoch 8
-------------------------------
loss: 0.376604  [    0/50000]
loss: 0.627065  [ 6400/50000]
loss: 0.467747  [12800/50000]
loss: 0.224450  [19200/50000]
loss: 0.442489  [25600/50000]
loss: 0.198595  [32000/50000]
loss: 0.348577  [38400/50000]
loss: 0.247120  [44800/50000]
Test Error: 
 Accuracy: 81.2%, Avg loss: 0.573927 

Epoch 9
-------------------------------
loss: 0.214806  [    0/50000]
loss: 0.201312  [ 6400/50000]
loss: 0.196419  [12800/50000]
loss: 0.223009  [19200/50000]
loss: 0.314485  [25600/50000]
loss: 0.339325  [32000/50000]
loss: 0.256082  [38400/50000]
loss: 0.246188  [44800/50000]
Test Error: 
 Accuracy: 82.3%, Avg loss: 0.558432 

Epoch 10
-------------------------------
loss: 0.239902  [    0/50000]
loss: 0.260061  [ 6400/50000]
loss: 0.107383  [12800/50000]
loss: 0.261864  [19200/50000]
loss: 0.243088  [25600/50000]
loss: 0.311944  [32000/50000]
loss: 0.162998  [38400/50000]
loss: 0.188213  [44800/50000]
Test Error: 
 Accuracy: 83.3%, Avg loss: 0.528545 

Epoch 11
-------------------------------
loss: 0.142736  [    0/50000]
loss: 0.251569  [ 6400/50000]
loss: 0.181576  [12800/50000]
loss: 0.157876  [19200/50000]
loss: 0.032453  [25600/50000]
loss: 0.153426  [32000/50000]
loss: 0.155329  [38400/50000]
loss: 0.170920  [44800/50000]
Test Error: 
 Accuracy: 84.1%, Avg loss: 0.566811 

Epoch 12
-------------------------------
loss: 0.130503  [    0/50000]
loss: 0.132969  [ 6400/50000]
loss: 0.072739  [12800/50000]
loss: 0.102604  [19200/50000]
loss: 0.033715  [25600/50000]
loss: 0.144714  [32000/50000]
loss: 0.106421  [38400/50000]
loss: 0.168698  [44800/50000]
Test Error: 
 Accuracy: 79.6%, Avg loss: 0.781292 

Epoch 13
-------------------------------
loss: 0.081031  [    0/50000]
loss: 0.048837  [ 6400/50000]
loss: 0.086227  [12800/50000]
loss: 0.163101  [19200/50000]
loss: 0.105385  [25600/50000]
loss: 0.056194  [32000/50000]
loss: 0.024784  [38400/50000]
loss: 0.140192  [44800/50000]
Test Error: 
 Accuracy: 84.0%, Avg loss: 0.618921 

Epoch 14
-------------------------------
loss: 0.077227  [    0/50000]
loss: 0.033422  [ 6400/50000]
loss: 0.057895  [12800/50000]
loss: 0.060784  [19200/50000]
loss: 0.156543  [25600/50000]
loss: 0.044183  [32000/50000]
loss: 0.040458  [38400/50000]
loss: 0.124862  [44800/50000]
Test Error: 
 Accuracy: 79.9%, Avg loss: 0.840371 

Epoch 15
-------------------------------
loss: 0.014439  [    0/50000]
loss: 0.053570  [ 6400/50000]
loss: 0.078890  [12800/50000]
loss: 0.105185  [19200/50000]
loss: 0.052577  [25600/50000]
loss: 0.143757  [32000/50000]
loss: 0.052040  [38400/50000]
loss: 0.011827  [44800/50000]
Test Error: 
 Accuracy: 83.1%, Avg loss: 0.690641 

Epoch 16
-------------------------------
loss: 0.190664  [    0/50000]
loss: 0.069073  [ 6400/50000]
loss: 0.046015  [12800/50000]
loss: 0.027835  [19200/50000]
loss: 0.117586  [25600/50000]
loss: 0.039229  [32000/50000]
loss: 0.213425  [38400/50000]
loss: 0.076991  [44800/50000]
Test Error: 
 Accuracy: 85.0%, Avg loss: 0.605750 

Epoch 17
-------------------------------
loss: 0.030556  [    0/50000]
loss: 0.099214  [ 6400/50000]
loss: 0.010997  [12800/50000]
loss: 0.060592  [19200/50000]
loss: 0.005452  [25600/50000]
loss: 0.045559  [32000/50000]
loss: 0.034257  [38400/50000]
loss: 0.003262  [44800/50000]
Test Error: 
 Accuracy: 85.7%, Avg loss: 0.644615 

Epoch 18
-------------------------------
loss: 0.101131  [    0/50000]
loss: 0.011346  [ 6400/50000]
loss: 0.013457  [12800/50000]
loss: 0.008225  [19200/50000]
loss: 0.107893  [25600/50000]
loss: 0.046603  [32000/50000]
loss: 0.014729  [38400/50000]
loss: 0.046240  [44800/50000]
Test Error: 
 Accuracy: 83.7%, Avg loss: 0.747075 

Epoch 19
-------------------------------
loss: 0.151192  [    0/50000]
loss: 0.019040  [ 6400/50000]
loss: 0.041772  [12800/50000]
loss: 0.150875  [19200/50000]
loss: 0.040040  [25600/50000]
loss: 0.027029  [32000/50000]
loss: 0.017928  [38400/50000]
loss: 0.057386  [44800/50000]
Test Error: 
 Accuracy: 84.5%, Avg loss: 0.726850 

Epoch 20
-------------------------------
loss: 0.029150  [    0/50000]
loss: 0.091641  [ 6400/50000]
loss: 0.010017  [12800/50000]
loss: 0.021731  [19200/50000]
loss: 0.044926  [25600/50000]
loss: 0.016738  [32000/50000]
loss: 0.086469  [38400/50000]
loss: 0.039403  [44800/50000]
Test Error: 
 Accuracy: 84.6%, Avg loss: 0.714752 

Epoch 21
-------------------------------
loss: 0.030588  [    0/50000]
loss: 0.018291  [ 6400/50000]
loss: 0.036073  [12800/50000]
loss: 0.071366  [19200/50000]
loss: 0.078806  [25600/50000]
loss: 0.015452  [32000/50000]
loss: 0.069871  [38400/50000]
loss: 0.025707  [44800/50000]
Test Error: 
 Accuracy: 85.3%, Avg loss: 0.699824 

Epoch 22
-------------------------------
loss: 0.144040  [    0/50000]
loss: 0.012549  [ 6400/50000]
loss: 0.026215  [12800/50000]
loss: 0.038656  [19200/50000]
loss: 0.029898  [25600/50000]
loss: 0.021568  [32000/50000]
loss: 0.091798  [38400/50000]
loss: 0.110908  [44800/50000]
Test Error: 
 Accuracy: 85.4%, Avg loss: 0.692285 

Epoch 23
-------------------------------
loss: 0.020736  [    0/50000]
loss: 0.005367  [ 6400/50000]
loss: 0.038138  [12800/50000]
loss: 0.047270  [19200/50000]
loss: 0.012143  [25600/50000]
loss: 0.046202  [32000/50000]
loss: 0.034090  [38400/50000]
loss: 0.011219  [44800/50000]
Test Error: 
 Accuracy: 84.5%, Avg loss: 0.791876 

Epoch 24
-------------------------------
loss: 0.019519  [    0/50000]
loss: 0.000727  [ 6400/50000]
loss: 0.021612  [12800/50000]
loss: 0.084563  [19200/50000]
loss: 0.013681  [25600/50000]
loss: 0.007372  [32000/50000]
loss: 0.022071  [38400/50000]
loss: 0.021595  [44800/50000]
Test Error: 
 Accuracy: 85.9%, Avg loss: 0.671104 

Epoch 25
-------------------------------
loss: 0.010332  [    0/50000]
loss: 0.016162  [ 6400/50000]
loss: 0.071758  [12800/50000]
loss: 0.018494  [19200/50000]
loss: 0.065116  [25600/50000]
loss: 0.039861  [32000/50000]
loss: 0.006724  [38400/50000]
loss: 0.049495  [44800/50000]
Test Error: 
 Accuracy: 84.3%, Avg loss: 0.810896 

Epoch 26
-------------------------------
loss: 0.071397  [    0/50000]
loss: 0.027074  [ 6400/50000]
loss: 0.034667  [12800/50000]
loss: 0.003659  [19200/50000]
loss: 0.004925  [25600/50000]
loss: 0.045034  [32000/50000]
loss: 0.013801  [38400/50000]
loss: 0.061303  [44800/50000]
Test Error: 
 Accuracy: 83.8%, Avg loss: 0.836692 

Epoch 27
-------------------------------
loss: 0.045395  [    0/50000]
loss: 0.050582  [ 6400/50000]
loss: 0.026373  [12800/50000]
loss: 0.005269  [19200/50000]
loss: 0.029100  [25600/50000]
loss: 0.038097  [32000/50000]
loss: 0.061193  [38400/50000]
loss: 0.006465  [44800/50000]
Test Error: 
 Accuracy: 86.0%, Avg loss: 0.711340 

Epoch 28
-------------------------------
loss: 0.107466  [    0/50000]
loss: 0.017301  [ 6400/50000]
loss: 0.004137  [12800/50000]
loss: 0.026166  [19200/50000]
loss: 0.032471  [25600/50000]
loss: 0.032079  [32000/50000]
loss: 0.006093  [38400/50000]
loss: 0.088308  [44800/50000]
Test Error: 
 Accuracy: 85.1%, Avg loss: 0.745322 

Epoch 29
-------------------------------
loss: 0.023605  [    0/50000]
loss: 0.018940  [ 6400/50000]
loss: 0.031214  [12800/50000]
loss: 0.002747  [19200/50000]
loss: 0.005774  [25600/50000]
loss: 0.001073  [32000/50000]
loss: 0.050048  [38400/50000]
loss: 0.033303  [44800/50000]
Test Error: 
 Accuracy: 86.2%, Avg loss: 0.689991 

Epoch 30
-------------------------------
loss: 0.021567  [    0/50000]
loss: 0.025426  [ 6400/50000]
loss: 0.005542  [12800/50000]
loss: 0.009902  [19200/50000]
loss: 0.008206  [25600/50000]
loss: 0.036160  [32000/50000]
loss: 0.001257  [38400/50000]
loss: 0.019914  [44800/50000]
Test Error: 
 Accuracy: 86.3%, Avg loss: 0.737488 

Done!
