command config
N= 3
B= [1, 2, 3]
C1= 64
F= [5, 5, 3]
K= [5, 3, 1]
P= 8
number of parameters 4998474
Epoch 1
-------------------------------
loss: 2.721897  [    0/50000]
loss: 1.660112  [ 6400/50000]
loss: 1.395957  [12800/50000]
loss: 1.210850  [19200/50000]
loss: 1.366778  [25600/50000]
loss: 1.269595  [32000/50000]
loss: 1.137692  [38400/50000]
loss: 0.856704  [44800/50000]
Test Error: 
 Accuracy: 59.6%, Avg loss: 1.125299 

Epoch 2
-------------------------------
loss: 1.117762  [    0/50000]
loss: 0.954961  [ 6400/50000]
loss: 0.788618  [12800/50000]
loss: 0.884236  [19200/50000]
loss: 0.770789  [25600/50000]
loss: 0.887668  [32000/50000]
loss: 0.772334  [38400/50000]
loss: 0.683976  [44800/50000]
Test Error: 
 Accuracy: 69.7%, Avg loss: 0.852844 

Epoch 3
-------------------------------
loss: 0.800861  [    0/50000]
loss: 0.661447  [ 6400/50000]
loss: 0.631686  [12800/50000]
loss: 0.600725  [19200/50000]
loss: 0.910773  [25600/50000]
loss: 0.473262  [32000/50000]
loss: 0.750276  [38400/50000]
loss: 0.468029  [44800/50000]
Test Error: 
 Accuracy: 76.2%, Avg loss: 0.690679 

Epoch 4
-------------------------------
loss: 0.442736  [    0/50000]
loss: 0.628582  [ 6400/50000]
loss: 0.517684  [12800/50000]
loss: 0.494444  [19200/50000]
loss: 0.628878  [25600/50000]
loss: 0.477932  [32000/50000]
loss: 0.532538  [38400/50000]
loss: 0.598395  [44800/50000]
Test Error: 
 Accuracy: 80.5%, Avg loss: 0.580450 

Epoch 5
-------------------------------
loss: 0.474915  [    0/50000]
loss: 0.488838  [ 6400/50000]
loss: 0.433297  [12800/50000]
loss: 0.233598  [19200/50000]
loss: 0.523312  [25600/50000]
loss: 0.266367  [32000/50000]
loss: 0.679362  [38400/50000]
loss: 0.272921  [44800/50000]
Test Error: 
 Accuracy: 80.2%, Avg loss: 0.589404 

Epoch 6
-------------------------------
loss: 0.430069  [    0/50000]
loss: 0.316365  [ 6400/50000]
loss: 0.442288  [12800/50000]
loss: 0.382020  [19200/50000]
loss: 0.388854  [25600/50000]
loss: 0.421739  [32000/50000]
loss: 0.537426  [38400/50000]
loss: 0.360028  [44800/50000]
Test Error: 
 Accuracy: 77.8%, Avg loss: 0.699547 

Epoch 7
-------------------------------
loss: 0.269036  [    0/50000]
loss: 0.449402  [ 6400/50000]
loss: 0.328380  [12800/50000]
loss: 0.285240  [19200/50000]
loss: 0.347343  [25600/50000]
loss: 0.399284  [32000/50000]
loss: 0.345422  [38400/50000]
loss: 0.381697  [44800/50000]
Test Error: 
 Accuracy: 81.9%, Avg loss: 0.545061 

Epoch 8
-------------------------------
loss: 0.204177  [    0/50000]
loss: 0.163117  [ 6400/50000]
loss: 0.300252  [12800/50000]
loss: 0.160541  [19200/50000]
loss: 0.347505  [25600/50000]
loss: 0.335393  [32000/50000]
loss: 0.291556  [38400/50000]
loss: 0.173209  [44800/50000]
Test Error: 
 Accuracy: 83.7%, Avg loss: 0.492294 

Epoch 9
-------------------------------
loss: 0.151450  [    0/50000]
loss: 0.178850  [ 6400/50000]
loss: 0.048249  [12800/50000]
loss: 0.312157  [19200/50000]
loss: 0.168395  [25600/50000]
loss: 0.399818  [32000/50000]
loss: 0.241042  [38400/50000]
loss: 0.166380  [44800/50000]
Test Error: 
 Accuracy: 83.4%, Avg loss: 0.528306 

Epoch 10
-------------------------------
loss: 0.124703  [    0/50000]
loss: 0.072770  [ 6400/50000]
loss: 0.061434  [12800/50000]
loss: 0.098573  [19200/50000]
loss: 0.206720  [25600/50000]
loss: 0.176459  [32000/50000]
loss: 0.078005  [38400/50000]
loss: 0.063508  [44800/50000]
Test Error: 
 Accuracy: 84.2%, Avg loss: 0.535530 

Epoch 11
-------------------------------
loss: 0.108152  [    0/50000]
loss: 0.143357  [ 6400/50000]
loss: 0.115347  [12800/50000]
loss: 0.063011  [19200/50000]
loss: 0.129135  [25600/50000]
loss: 0.035997  [32000/50000]
loss: 0.110937  [38400/50000]
loss: 0.159484  [44800/50000]
Test Error: 
 Accuracy: 85.4%, Avg loss: 0.535530 

Epoch 12
-------------------------------
loss: 0.105170  [    0/50000]
loss: 0.063619  [ 6400/50000]
loss: 0.050621  [12800/50000]
loss: 0.018514  [19200/50000]
loss: 0.092860  [25600/50000]
loss: 0.165477  [32000/50000]
loss: 0.102339  [38400/50000]
loss: 0.082074  [44800/50000]
Test Error: 
 Accuracy: 84.9%, Avg loss: 0.580731 

Epoch 13
-------------------------------
loss: 0.058451  [    0/50000]
loss: 0.071133  [ 6400/50000]
loss: 0.092996  [12800/50000]
loss: 0.082977  [19200/50000]
loss: 0.030399  [25600/50000]
loss: 0.079649  [32000/50000]
loss: 0.054073  [38400/50000]
loss: 0.078121  [44800/50000]
Test Error: 
 Accuracy: 83.2%, Avg loss: 0.665120 

Epoch 14
-------------------------------
loss: 0.050729  [    0/50000]
loss: 0.032337  [ 6400/50000]
loss: 0.034245  [12800/50000]
loss: 0.128687  [19200/50000]
loss: 0.066345  [25600/50000]
loss: 0.132951  [32000/50000]
loss: 0.028366  [38400/50000]
loss: 0.036866  [44800/50000]
Test Error: 
 Accuracy: 84.7%, Avg loss: 0.673209 

Epoch 15
-------------------------------
loss: 0.033492  [    0/50000]
loss: 0.027326  [ 6400/50000]
loss: 0.044446  [12800/50000]
loss: 0.144233  [19200/50000]
loss: 0.104791  [25600/50000]
loss: 0.055226  [32000/50000]
loss: 0.060821  [38400/50000]
loss: 0.060142  [44800/50000]
Test Error: 
 Accuracy: 83.5%, Avg loss: 0.736340 

Epoch 16
-------------------------------
loss: 0.038746  [    0/50000]
loss: 0.083200  [ 6400/50000]
loss: 0.066981  [12800/50000]
loss: 0.028656  [19200/50000]
loss: 0.061660  [25600/50000]
loss: 0.089404  [32000/50000]
loss: 0.028569  [38400/50000]
loss: 0.009821  [44800/50000]
Test Error: 
 Accuracy: 85.3%, Avg loss: 0.647146 

Epoch 17
-------------------------------
loss: 0.092014  [    0/50000]
loss: 0.009210  [ 6400/50000]
loss: 0.041226  [12800/50000]
loss: 0.005370  [19200/50000]
loss: 0.030632  [25600/50000]
loss: 0.023745  [32000/50000]
loss: 0.021041  [38400/50000]
loss: 0.078932  [44800/50000]
Test Error: 
 Accuracy: 84.7%, Avg loss: 0.701820 

Epoch 18
-------------------------------
loss: 0.030568  [    0/50000]
loss: 0.060143  [ 6400/50000]
loss: 0.136627  [12800/50000]
loss: 0.085333  [19200/50000]
loss: 0.039249  [25600/50000]
loss: 0.044405  [32000/50000]
loss: 0.047237  [38400/50000]
loss: 0.070957  [44800/50000]
Test Error: 
 Accuracy: 85.1%, Avg loss: 0.701046 

Epoch 19
-------------------------------
loss: 0.051341  [    0/50000]
loss: 0.009844  [ 6400/50000]
loss: 0.048917  [12800/50000]
loss: 0.016782  [19200/50000]
loss: 0.092551  [25600/50000]
loss: 0.039225  [32000/50000]
loss: 0.016301  [38400/50000]
loss: 0.007563  [44800/50000]
Test Error: 
 Accuracy: 84.8%, Avg loss: 0.742889 

Epoch 20
-------------------------------
loss: 0.004923  [    0/50000]
loss: 0.004003  [ 6400/50000]
loss: 0.039974  [12800/50000]
loss: 0.137865  [19200/50000]
loss: 0.016161  [25600/50000]
loss: 0.028014  [32000/50000]
loss: 0.126861  [38400/50000]
loss: 0.011304  [44800/50000]
Test Error: 
 Accuracy: 85.6%, Avg loss: 0.677160 

Epoch 21
-------------------------------
loss: 0.031343  [    0/50000]
loss: 0.049481  [ 6400/50000]
loss: 0.003363  [12800/50000]
loss: 0.006111  [19200/50000]
loss: 0.011053  [25600/50000]
loss: 0.142566  [32000/50000]
loss: 0.009049  [38400/50000]
loss: 0.056376  [44800/50000]
Test Error: 
 Accuracy: 84.9%, Avg loss: 0.688956 

Epoch 22
-------------------------------
loss: 0.015702  [    0/50000]
loss: 0.023482  [ 6400/50000]
loss: 0.023139  [12800/50000]
loss: 0.007832  [19200/50000]
loss: 0.026114  [25600/50000]
loss: 0.073318  [32000/50000]
loss: 0.012605  [38400/50000]
loss: 0.008009  [44800/50000]
Test Error: 
 Accuracy: 85.6%, Avg loss: 0.731725 

Epoch 23
-------------------------------
loss: 0.005811  [    0/50000]
loss: 0.017668  [ 6400/50000]
loss: 0.002646  [12800/50000]
loss: 0.014489  [19200/50000]
loss: 0.074013  [25600/50000]
loss: 0.016251  [32000/50000]
loss: 0.016121  [38400/50000]
loss: 0.032380  [44800/50000]
Test Error: 
 Accuracy: 85.1%, Avg loss: 0.726224 

Epoch 24
-------------------------------
loss: 0.045397  [    0/50000]
loss: 0.071145  [ 6400/50000]
loss: 0.001883  [12800/50000]
loss: 0.052973  [19200/50000]
loss: 0.022413  [25600/50000]
loss: 0.012030  [32000/50000]
loss: 0.000558  [38400/50000]
loss: 0.072248  [44800/50000]
Test Error: 
 Accuracy: 84.4%, Avg loss: 0.836118 

Epoch 25
-------------------------------
loss: 0.007897  [    0/50000]
loss: 0.025645  [ 6400/50000]
loss: 0.029824  [12800/50000]
loss: 0.010751  [19200/50000]
loss: 0.058029  [25600/50000]
loss: 0.023085  [32000/50000]
loss: 0.003202  [38400/50000]
loss: 0.031974  [44800/50000]
Test Error: 
 Accuracy: 85.5%, Avg loss: 0.717024 

Epoch 26
-------------------------------
loss: 0.001992  [    0/50000]
loss: 0.059939  [ 6400/50000]
loss: 0.015769  [12800/50000]
loss: 0.004926  [19200/50000]
loss: 0.001862  [25600/50000]
loss: 0.103613  [32000/50000]
loss: 0.013329  [38400/50000]
loss: 0.049990  [44800/50000]
Test Error: 
 Accuracy: 85.0%, Avg loss: 0.759139 

Epoch 27
-------------------------------
loss: 0.022650  [    0/50000]
loss: 0.006733  [ 6400/50000]
loss: 0.001265  [12800/50000]
loss: 0.005151  [19200/50000]
loss: 0.056421  [25600/50000]
loss: 0.052420  [32000/50000]
loss: 0.063049  [38400/50000]
loss: 0.034417  [44800/50000]
Test Error: 
 Accuracy: 86.8%, Avg loss: 0.669941 

Epoch 28
-------------------------------
loss: 0.018985  [    0/50000]
loss: 0.010636  [ 6400/50000]
loss: 0.051341  [12800/50000]
loss: 0.003494  [19200/50000]
loss: 0.014825  [25600/50000]
loss: 0.005141  [32000/50000]
loss: 0.070998  [38400/50000]
loss: 0.008115  [44800/50000]
Test Error: 
 Accuracy: 85.2%, Avg loss: 0.721994 

Epoch 29
-------------------------------
loss: 0.014754  [    0/50000]
loss: 0.134208  [ 6400/50000]
loss: 0.050052  [12800/50000]
loss: 0.011710  [19200/50000]
loss: 0.010536  [25600/50000]
loss: 0.014734  [32000/50000]
loss: 0.010170  [38400/50000]
loss: 0.011781  [44800/50000]
Test Error: 
 Accuracy: 86.4%, Avg loss: 0.701112 

Epoch 30
-------------------------------
loss: 0.002051  [    0/50000]
loss: 0.002456  [ 6400/50000]
loss: 0.003903  [12800/50000]
loss: 0.001444  [19200/50000]
loss: 0.078972  [25600/50000]
loss: 0.040692  [32000/50000]
loss: 0.000892  [38400/50000]
loss: 0.013307  [44800/50000]
Test Error: 
 Accuracy: 84.4%, Avg loss: 0.839324 

Done!
