command config
N= 4
B= [1, 1, 1, 1]
C1= 64
F= [3, 3, 3, 3]
K= [1, 1, 1, 1]
P= 4
number of parameters 4903242
Epoch 1
-------------------------------
loss: 2.419803  [    0/50000]
loss: 1.336513  [ 6400/50000]
loss: 1.425238  [12800/50000]
loss: 1.352164  [19200/50000]
loss: 0.961685  [25600/50000]
loss: 0.795359  [32000/50000]
loss: 0.912787  [38400/50000]
loss: 1.066552  [44800/50000]
Test Error: 
 Accuracy: 63.1%, Avg loss: 1.024293 

Epoch 2
-------------------------------
loss: 1.065949  [    0/50000]
loss: 0.646230  [ 6400/50000]
loss: 0.981424  [12800/50000]
loss: 0.754034  [19200/50000]
loss: 0.863025  [25600/50000]
loss: 0.950708  [32000/50000]
loss: 0.611915  [38400/50000]
loss: 0.848579  [44800/50000]
Test Error: 
 Accuracy: 75.3%, Avg loss: 0.702173 

Epoch 3
-------------------------------
loss: 0.906668  [    0/50000]
loss: 0.577689  [ 6400/50000]
loss: 0.556688  [12800/50000]
loss: 0.650689  [19200/50000]
loss: 0.496513  [25600/50000]
loss: 0.624128  [32000/50000]
loss: 0.516968  [38400/50000]
loss: 0.644506  [44800/50000]
Test Error: 
 Accuracy: 77.4%, Avg loss: 0.658311 

Epoch 4
-------------------------------
loss: 0.512474  [    0/50000]
loss: 0.507993  [ 6400/50000]
loss: 0.370209  [12800/50000]
loss: 0.276507  [19200/50000]
loss: 0.495066  [25600/50000]
loss: 0.264523  [32000/50000]
loss: 0.533087  [38400/50000]
loss: 0.375741  [44800/50000]
Test Error: 
 Accuracy: 78.4%, Avg loss: 0.634406 

Epoch 5
-------------------------------
loss: 0.306493  [    0/50000]
loss: 0.186898  [ 6400/50000]
loss: 0.170793  [12800/50000]
loss: 0.343649  [19200/50000]
loss: 0.272342  [25600/50000]
loss: 0.344725  [32000/50000]
loss: 0.629224  [38400/50000]
loss: 0.207736  [44800/50000]
Test Error: 
 Accuracy: 80.0%, Avg loss: 0.616447 

Epoch 6
-------------------------------
loss: 0.238510  [    0/50000]
loss: 0.175741  [ 6400/50000]
loss: 0.190806  [12800/50000]
loss: 0.197817  [19200/50000]
loss: 0.212516  [25600/50000]
loss: 0.263004  [32000/50000]
loss: 0.186997  [38400/50000]
loss: 0.222561  [44800/50000]
Test Error: 
 Accuracy: 80.7%, Avg loss: 0.623751 

Epoch 7
-------------------------------
loss: 0.230492  [    0/50000]
loss: 0.210187  [ 6400/50000]
loss: 0.046926  [12800/50000]
loss: 0.121920  [19200/50000]
loss: 0.124060  [25600/50000]
loss: 0.253817  [32000/50000]
loss: 0.145108  [38400/50000]
loss: 0.406587  [44800/50000]
Test Error: 
 Accuracy: 81.3%, Avg loss: 0.698784 

Epoch 8
-------------------------------
loss: 0.253804  [    0/50000]
loss: 0.158778  [ 6400/50000]
loss: 0.067752  [12800/50000]
loss: 0.139793  [19200/50000]
loss: 0.172720  [25600/50000]
loss: 0.029389  [32000/50000]
loss: 0.087433  [38400/50000]
loss: 0.034548  [44800/50000]
Test Error: 
 Accuracy: 82.2%, Avg loss: 0.687158 

Epoch 9
-------------------------------
loss: 0.023872  [    0/50000]
loss: 0.059178  [ 6400/50000]
loss: 0.055087  [12800/50000]
loss: 0.048066  [19200/50000]
loss: 0.042619  [25600/50000]
loss: 0.099642  [32000/50000]
loss: 0.041660  [38400/50000]
loss: 0.096403  [44800/50000]
Test Error: 
 Accuracy: 81.7%, Avg loss: 0.724483 

Epoch 10
-------------------------------
loss: 0.030024  [    0/50000]
loss: 0.079927  [ 6400/50000]
loss: 0.009403  [12800/50000]
loss: 0.019705  [19200/50000]
loss: 0.056961  [25600/50000]
loss: 0.202164  [32000/50000]
loss: 0.034764  [38400/50000]
loss: 0.034659  [44800/50000]
Test Error: 
 Accuracy: 80.3%, Avg loss: 0.877871 

Epoch 11
-------------------------------
loss: 0.018063  [    0/50000]
loss: 0.006666  [ 6400/50000]
loss: 0.097551  [12800/50000]
loss: 0.021144  [19200/50000]
loss: 0.014504  [25600/50000]
loss: 0.107050  [32000/50000]
loss: 0.078548  [38400/50000]
loss: 0.143428  [44800/50000]
Test Error: 
 Accuracy: 81.4%, Avg loss: 0.896263 

Epoch 12
-------------------------------
loss: 0.074775  [    0/50000]
loss: 0.037066  [ 6400/50000]
loss: 0.012569  [12800/50000]
loss: 0.013243  [19200/50000]
loss: 0.068142  [25600/50000]
loss: 0.027148  [32000/50000]
loss: 0.101242  [38400/50000]
loss: 0.016933  [44800/50000]
Test Error: 
 Accuracy: 82.6%, Avg loss: 0.793664 

Epoch 13
-------------------------------
loss: 0.004887  [    0/50000]
loss: 0.025306  [ 6400/50000]
loss: 0.047660  [12800/50000]
loss: 0.050443  [19200/50000]
loss: 0.019048  [25600/50000]
loss: 0.028432  [32000/50000]
loss: 0.013014  [38400/50000]
loss: 0.019700  [44800/50000]
Test Error: 
 Accuracy: 82.0%, Avg loss: 0.880284 

Epoch 14
-------------------------------
loss: 0.071531  [    0/50000]
loss: 0.011395  [ 6400/50000]
loss: 0.002053  [12800/50000]
loss: 0.005316  [19200/50000]
loss: 0.017970  [25600/50000]
loss: 0.080498  [32000/50000]
loss: 0.137190  [38400/50000]
loss: 0.054288  [44800/50000]
Test Error: 
 Accuracy: 82.3%, Avg loss: 0.854761 

Epoch 15
-------------------------------
loss: 0.007530  [    0/50000]
loss: 0.010380  [ 6400/50000]
loss: 0.044882  [12800/50000]
loss: 0.021222  [19200/50000]
loss: 0.053784  [25600/50000]
loss: 0.028951  [32000/50000]
loss: 0.200050  [38400/50000]
loss: 0.020536  [44800/50000]
Test Error: 
 Accuracy: 82.5%, Avg loss: 0.860611 

Epoch 16
-------------------------------
loss: 0.014533  [    0/50000]
loss: 0.002829  [ 6400/50000]
loss: 0.022206  [12800/50000]
loss: 0.002166  [19200/50000]
loss: 0.026993  [25600/50000]
loss: 0.029607  [32000/50000]
loss: 0.026863  [38400/50000]
loss: 0.010651  [44800/50000]
Test Error: 
 Accuracy: 79.7%, Avg loss: 1.089268 

Epoch 17
-------------------------------
loss: 0.013946  [    0/50000]
loss: 0.043818  [ 6400/50000]
loss: 0.037181  [12800/50000]
loss: 0.025074  [19200/50000]
loss: 0.097807  [25600/50000]
loss: 0.013205  [32000/50000]
loss: 0.032333  [38400/50000]
loss: 0.235717  [44800/50000]
Test Error: 
 Accuracy: 82.1%, Avg loss: 0.877154 

Epoch 18
-------------------------------
loss: 0.028071  [    0/50000]
loss: 0.004242  [ 6400/50000]
loss: 0.031315  [12800/50000]
loss: 0.020040  [19200/50000]
loss: 0.017918  [25600/50000]
loss: 0.029857  [32000/50000]
loss: 0.039479  [38400/50000]
loss: 0.088985  [44800/50000]
Test Error: 
 Accuracy: 82.0%, Avg loss: 0.963678 

Epoch 19
-------------------------------
loss: 0.041330  [    0/50000]
loss: 0.014260  [ 6400/50000]
loss: 0.035988  [12800/50000]
loss: 0.021660  [19200/50000]
loss: 0.041322  [25600/50000]
loss: 0.052476  [32000/50000]
loss: 0.009941  [38400/50000]
loss: 0.005946  [44800/50000]
Test Error: 
 Accuracy: 82.0%, Avg loss: 1.015728 

Epoch 20
-------------------------------
loss: 0.003275  [    0/50000]
loss: 0.004961  [ 6400/50000]
loss: 0.069694  [12800/50000]
loss: 0.048798  [19200/50000]
loss: 0.019201  [25600/50000]
loss: 0.024100  [32000/50000]
loss: 0.010020  [38400/50000]
loss: 0.007876  [44800/50000]
Test Error: 
 Accuracy: 82.9%, Avg loss: 0.877804 

Epoch 21
-------------------------------
loss: 0.017382  [    0/50000]
loss: 0.001050  [ 6400/50000]
loss: 0.002084  [12800/50000]
loss: 0.035687  [19200/50000]
loss: 0.000544  [25600/50000]
loss: 0.004925  [32000/50000]
loss: 0.066141  [38400/50000]
loss: 0.053286  [44800/50000]
Test Error: 
 Accuracy: 83.0%, Avg loss: 0.938105 

Epoch 22
-------------------------------
loss: 0.023508  [    0/50000]
loss: 0.007457  [ 6400/50000]
loss: 0.007165  [12800/50000]
loss: 0.003508  [19200/50000]
loss: 0.027837  [25600/50000]
loss: 0.051041  [32000/50000]
loss: 0.077914  [38400/50000]
loss: 0.019072  [44800/50000]
Test Error: 
 Accuracy: 81.7%, Avg loss: 0.946758 

Epoch 23
-------------------------------
loss: 0.006104  [    0/50000]
loss: 0.003195  [ 6400/50000]
loss: 0.001842  [12800/50000]
loss: 0.011904  [19200/50000]
loss: 0.061804  [25600/50000]
loss: 0.002633  [32000/50000]
loss: 0.038696  [38400/50000]
loss: 0.005743  [44800/50000]
Test Error: 
 Accuracy: 82.0%, Avg loss: 0.993218 

Epoch 24
-------------------------------
loss: 0.003938  [    0/50000]
loss: 0.038686  [ 6400/50000]
loss: 0.069779  [12800/50000]
loss: 0.002802  [19200/50000]
loss: 0.061233  [25600/50000]
loss: 0.007641  [32000/50000]
loss: 0.004319  [38400/50000]
loss: 0.069835  [44800/50000]
Test Error: 
 Accuracy: 83.2%, Avg loss: 0.914041 

Epoch 25
-------------------------------
loss: 0.002477  [    0/50000]
loss: 0.014433  [ 6400/50000]
loss: 0.008160  [12800/50000]
loss: 0.008057  [19200/50000]
loss: 0.057484  [25600/50000]
loss: 0.000901  [32000/50000]
loss: 0.021808  [38400/50000]
loss: 0.016981  [44800/50000]
Test Error: 
 Accuracy: 82.4%, Avg loss: 0.985848 

Epoch 26
-------------------------------
loss: 0.008552  [    0/50000]
loss: 0.010140  [ 6400/50000]
loss: 0.025839  [12800/50000]
loss: 0.009364  [19200/50000]
loss: 0.014295  [25600/50000]
loss: 0.017041  [32000/50000]
loss: 0.071085  [38400/50000]
loss: 0.013268  [44800/50000]
Test Error: 
 Accuracy: 82.1%, Avg loss: 0.997710 

Epoch 27
-------------------------------
loss: 0.001354  [    0/50000]
loss: 0.012676  [ 6400/50000]
loss: 0.008332  [12800/50000]
loss: 0.123941  [19200/50000]
loss: 0.044185  [25600/50000]
loss: 0.021988  [32000/50000]
loss: 0.002757  [38400/50000]
loss: 0.021697  [44800/50000]
Test Error: 
 Accuracy: 82.1%, Avg loss: 1.009781 

Epoch 28
-------------------------------
loss: 0.015289  [    0/50000]
loss: 0.026284  [ 6400/50000]
loss: 0.001540  [12800/50000]
loss: 0.005547  [19200/50000]
loss: 0.013896  [25600/50000]
loss: 0.000672  [32000/50000]
loss: 0.001576  [38400/50000]
loss: 0.039979  [44800/50000]
Test Error: 
 Accuracy: 82.3%, Avg loss: 0.986140 

Epoch 29
-------------------------------
loss: 0.084190  [    0/50000]
loss: 0.006462  [ 6400/50000]
loss: 0.009016  [12800/50000]
loss: 0.053669  [19200/50000]
loss: 0.003671  [25600/50000]
loss: 0.001957  [32000/50000]
loss: 0.007677  [38400/50000]
loss: 0.003534  [44800/50000]
Test Error: 
 Accuracy: 83.1%, Avg loss: 0.968569 

Epoch 30
-------------------------------
loss: 0.007512  [    0/50000]
loss: 0.001392  [ 6400/50000]
loss: 0.047230  [12800/50000]
loss: 0.048190  [19200/50000]
loss: 0.021995  [25600/50000]
loss: 0.008453  [32000/50000]
loss: 0.004602  [38400/50000]
loss: 0.000575  [44800/50000]
Test Error: 
 Accuracy: 83.0%, Avg loss: 0.978220 

Done!
