command config
N= 3
B= [3, 1, 4]
C1= 64
F= [3, 3, 3]
K= [1, 1, 1]
P= 8
number of parameters 4917578
Epoch 1
-------------------------------
loss: 2.524341  [    0/50000]
loss: 1.702492  [ 6400/50000]
loss: 1.328538  [12800/50000]
loss: 1.235830  [19200/50000]
loss: 1.300727  [25600/50000]
loss: 0.994959  [32000/50000]
loss: 1.155019  [38400/50000]
loss: 1.033748  [44800/50000]
Test Error: 
 Accuracy: 53.1%, Avg loss: 1.431879 

Epoch 2
-------------------------------
loss: 0.981963  [    0/50000]
loss: 1.022910  [ 6400/50000]
loss: 1.035957  [12800/50000]
loss: 0.918032  [19200/50000]
loss: 0.709508  [25600/50000]
loss: 0.840780  [32000/50000]
loss: 0.783146  [38400/50000]
loss: 0.654140  [44800/50000]
Test Error: 
 Accuracy: 66.8%, Avg loss: 0.937875 

Epoch 3
-------------------------------
loss: 0.628250  [    0/50000]
loss: 0.680877  [ 6400/50000]
loss: 0.623245  [12800/50000]
loss: 0.593591  [19200/50000]
loss: 0.677504  [25600/50000]
loss: 0.743714  [32000/50000]
loss: 0.541790  [38400/50000]
loss: 0.697050  [44800/50000]
Test Error: 
 Accuracy: 70.7%, Avg loss: 0.883260 

Epoch 4
-------------------------------
loss: 0.698243  [    0/50000]
loss: 0.570806  [ 6400/50000]
loss: 0.441608  [12800/50000]
loss: 0.413975  [19200/50000]
loss: 0.605295  [25600/50000]
loss: 0.549690  [32000/50000]
loss: 0.611669  [38400/50000]
loss: 0.547072  [44800/50000]
Test Error: 
 Accuracy: 78.5%, Avg loss: 0.632200 

Epoch 5
-------------------------------
loss: 0.638336  [    0/50000]
loss: 0.458822  [ 6400/50000]
loss: 0.239820  [12800/50000]
loss: 0.434675  [19200/50000]
loss: 0.378955  [25600/50000]
loss: 0.376047  [32000/50000]
loss: 0.282333  [38400/50000]
loss: 0.318752  [44800/50000]
Test Error: 
 Accuracy: 80.8%, Avg loss: 0.569759 

Epoch 6
-------------------------------
loss: 0.373586  [    0/50000]
loss: 0.300673  [ 6400/50000]
loss: 0.289286  [12800/50000]
loss: 0.364079  [19200/50000]
loss: 0.344281  [25600/50000]
loss: 0.303670  [32000/50000]
loss: 0.401855  [38400/50000]
loss: 0.283654  [44800/50000]
Test Error: 
 Accuracy: 83.6%, Avg loss: 0.498756 

Epoch 7
-------------------------------
loss: 0.294706  [    0/50000]
loss: 0.234413  [ 6400/50000]
loss: 0.279918  [12800/50000]
loss: 0.212272  [19200/50000]
loss: 0.285706  [25600/50000]
loss: 0.325260  [32000/50000]
loss: 0.202822  [38400/50000]
loss: 0.354874  [44800/50000]
Test Error: 
 Accuracy: 78.9%, Avg loss: 0.683096 

Epoch 8
-------------------------------
loss: 0.229223  [    0/50000]
loss: 0.156168  [ 6400/50000]
loss: 0.139038  [12800/50000]
loss: 0.286980  [19200/50000]
loss: 0.213443  [25600/50000]
loss: 0.130119  [32000/50000]
loss: 0.132051  [38400/50000]
loss: 0.210319  [44800/50000]
Test Error: 
 Accuracy: 83.1%, Avg loss: 0.548080 

Epoch 9
-------------------------------
loss: 0.229741  [    0/50000]
loss: 0.062531  [ 6400/50000]
loss: 0.087915  [12800/50000]
loss: 0.196629  [19200/50000]
loss: 0.145080  [25600/50000]
loss: 0.051718  [32000/50000]
loss: 0.268459  [38400/50000]
loss: 0.097411  [44800/50000]
Test Error: 
 Accuracy: 82.7%, Avg loss: 0.607993 

Epoch 10
-------------------------------
loss: 0.082139  [    0/50000]
loss: 0.143914  [ 6400/50000]
loss: 0.041936  [12800/50000]
loss: 0.073730  [19200/50000]
loss: 0.079717  [25600/50000]
loss: 0.066772  [32000/50000]
loss: 0.316824  [38400/50000]
loss: 0.154849  [44800/50000]
Test Error: 
 Accuracy: 80.2%, Avg loss: 0.780091 

Epoch 11
-------------------------------
loss: 0.149079  [    0/50000]
loss: 0.075592  [ 6400/50000]
loss: 0.034457  [12800/50000]
loss: 0.123688  [19200/50000]
loss: 0.038752  [25600/50000]
loss: 0.093707  [32000/50000]
loss: 0.127521  [38400/50000]
loss: 0.061098  [44800/50000]
Test Error: 
 Accuracy: 82.9%, Avg loss: 0.671809 

Epoch 12
-------------------------------
loss: 0.039285  [    0/50000]
loss: 0.077749  [ 6400/50000]
loss: 0.030164  [12800/50000]
loss: 0.018262  [19200/50000]
loss: 0.051248  [25600/50000]
loss: 0.113832  [32000/50000]
loss: 0.139446  [38400/50000]
loss: 0.362382  [44800/50000]
Test Error: 
 Accuracy: 84.0%, Avg loss: 0.657485 

Epoch 13
-------------------------------
loss: 0.089203  [    0/50000]
loss: 0.117715  [ 6400/50000]
loss: 0.085169  [12800/50000]
loss: 0.023099  [19200/50000]
loss: 0.054798  [25600/50000]
loss: 0.031603  [32000/50000]
loss: 0.082705  [38400/50000]
loss: 0.026500  [44800/50000]
Test Error: 
 Accuracy: 84.2%, Avg loss: 0.660483 

Epoch 14
-------------------------------
loss: 0.011693  [    0/50000]
loss: 0.111493  [ 6400/50000]
loss: 0.084305  [12800/50000]
loss: 0.025115  [19200/50000]
loss: 0.080280  [25600/50000]
loss: 0.033896  [32000/50000]
loss: 0.147945  [38400/50000]
loss: 0.048071  [44800/50000]
Test Error: 
 Accuracy: 84.4%, Avg loss: 0.674491 

Epoch 15
-------------------------------
loss: 0.136130  [    0/50000]
loss: 0.069371  [ 6400/50000]
loss: 0.092034  [12800/50000]
loss: 0.132796  [19200/50000]
loss: 0.017037  [25600/50000]
loss: 0.125564  [32000/50000]
loss: 0.040531  [38400/50000]
loss: 0.055639  [44800/50000]
Test Error: 
 Accuracy: 83.2%, Avg loss: 0.784133 

Epoch 16
-------------------------------
loss: 0.128052  [    0/50000]
loss: 0.024062  [ 6400/50000]
loss: 0.016020  [12800/50000]
loss: 0.020192  [19200/50000]
loss: 0.070943  [25600/50000]
loss: 0.012299  [32000/50000]
loss: 0.016661  [38400/50000]
loss: 0.043347  [44800/50000]
Test Error: 
 Accuracy: 84.5%, Avg loss: 0.712857 

Epoch 17
-------------------------------
loss: 0.028326  [    0/50000]
loss: 0.051215  [ 6400/50000]
loss: 0.049228  [12800/50000]
loss: 0.052084  [19200/50000]
loss: 0.211346  [25600/50000]
loss: 0.080801  [32000/50000]
loss: 0.060761  [38400/50000]
loss: 0.132516  [44800/50000]
Test Error: 
 Accuracy: 83.8%, Avg loss: 0.739714 

Epoch 18
-------------------------------
loss: 0.029045  [    0/50000]
loss: 0.019288  [ 6400/50000]
loss: 0.032549  [12800/50000]
loss: 0.015784  [19200/50000]
loss: 0.006357  [25600/50000]
loss: 0.017888  [32000/50000]
loss: 0.094253  [38400/50000]
loss: 0.073353  [44800/50000]
Test Error: 
 Accuracy: 85.1%, Avg loss: 0.708514 

Epoch 19
-------------------------------
loss: 0.007957  [    0/50000]
loss: 0.043201  [ 6400/50000]
loss: 0.010739  [12800/50000]
loss: 0.080119  [19200/50000]
loss: 0.017297  [25600/50000]
loss: 0.036426  [32000/50000]
loss: 0.022260  [38400/50000]
loss: 0.075533  [44800/50000]
Test Error: 
 Accuracy: 85.7%, Avg loss: 0.681556 

Epoch 20
-------------------------------
loss: 0.007314  [    0/50000]
loss: 0.012273  [ 6400/50000]
loss: 0.034764  [12800/50000]
loss: 0.003002  [19200/50000]
loss: 0.008197  [25600/50000]
loss: 0.147853  [32000/50000]
loss: 0.012635  [38400/50000]
loss: 0.032478  [44800/50000]
Test Error: 
 Accuracy: 83.4%, Avg loss: 0.861058 

Epoch 21
-------------------------------
loss: 0.044714  [    0/50000]
loss: 0.024987  [ 6400/50000]
loss: 0.037094  [12800/50000]
loss: 0.068677  [19200/50000]
loss: 0.004797  [25600/50000]
loss: 0.026650  [32000/50000]
loss: 0.015118  [38400/50000]
loss: 0.006722  [44800/50000]
Test Error: 
 Accuracy: 84.8%, Avg loss: 0.754102 

Epoch 22
-------------------------------
loss: 0.031866  [    0/50000]
loss: 0.032252  [ 6400/50000]
loss: 0.007446  [12800/50000]
loss: 0.004936  [19200/50000]
loss: 0.021770  [25600/50000]
loss: 0.012777  [32000/50000]
loss: 0.034262  [38400/50000]
loss: 0.017733  [44800/50000]
Test Error: 
 Accuracy: 84.3%, Avg loss: 0.741095 

Epoch 23
-------------------------------
loss: 0.018013  [    0/50000]
loss: 0.051653  [ 6400/50000]
loss: 0.043052  [12800/50000]
loss: 0.003339  [19200/50000]
loss: 0.042130  [25600/50000]
loss: 0.046129  [32000/50000]
loss: 0.049973  [38400/50000]
loss: 0.010768  [44800/50000]
Test Error: 
 Accuracy: 85.6%, Avg loss: 0.699631 

Epoch 24
-------------------------------
loss: 0.014189  [    0/50000]
loss: 0.020112  [ 6400/50000]
loss: 0.018491  [12800/50000]
loss: 0.007720  [19200/50000]
loss: 0.043898  [25600/50000]
loss: 0.004937  [32000/50000]
loss: 0.019257  [38400/50000]
loss: 0.005577  [44800/50000]
Test Error: 
 Accuracy: 83.1%, Avg loss: 0.898934 

Epoch 25
-------------------------------
loss: 0.022804  [    0/50000]
loss: 0.042094  [ 6400/50000]
loss: 0.007470  [12800/50000]
loss: 0.002919  [19200/50000]
loss: 0.110837  [25600/50000]
loss: 0.067866  [32000/50000]
loss: 0.017559  [38400/50000]
loss: 0.008399  [44800/50000]
Test Error: 
 Accuracy: 85.0%, Avg loss: 0.768269 

Epoch 26
-------------------------------
loss: 0.003923  [    0/50000]
loss: 0.035914  [ 6400/50000]
loss: 0.008766  [12800/50000]
loss: 0.056462  [19200/50000]
loss: 0.000774  [25600/50000]
loss: 0.001149  [32000/50000]
loss: 0.006038  [38400/50000]
loss: 0.005230  [44800/50000]
Test Error: 
 Accuracy: 84.2%, Avg loss: 0.850769 

Epoch 27
-------------------------------
loss: 0.013460  [    0/50000]
loss: 0.002354  [ 6400/50000]
loss: 0.066523  [12800/50000]
loss: 0.014340  [19200/50000]
loss: 0.054329  [25600/50000]
loss: 0.011236  [32000/50000]
loss: 0.131620  [38400/50000]
loss: 0.008184  [44800/50000]
Test Error: 
 Accuracy: 84.7%, Avg loss: 0.794614 

Epoch 28
-------------------------------
loss: 0.043023  [    0/50000]
loss: 0.063041  [ 6400/50000]
loss: 0.060519  [12800/50000]
loss: 0.023128  [19200/50000]
loss: 0.044496  [25600/50000]
loss: 0.003447  [32000/50000]
loss: 0.058422  [38400/50000]
loss: 0.007243  [44800/50000]
Test Error: 
 Accuracy: 85.6%, Avg loss: 0.706252 

Epoch 29
-------------------------------
loss: 0.001708  [    0/50000]
loss: 0.033592  [ 6400/50000]
loss: 0.094139  [12800/50000]
loss: 0.004061  [19200/50000]
loss: 0.001901  [25600/50000]
loss: 0.008753  [32000/50000]
loss: 0.009017  [38400/50000]
loss: 0.018436  [44800/50000]
Test Error: 
 Accuracy: 84.8%, Avg loss: 0.821311 

Epoch 30
-------------------------------
loss: 0.005395  [    0/50000]
loss: 0.031957  [ 6400/50000]
loss: 0.032189  [12800/50000]
loss: 0.001063  [19200/50000]
loss: 0.028776  [25600/50000]
loss: 0.088609  [32000/50000]
loss: 0.018581  [38400/50000]
loss: 0.004852  [44800/50000]
Test Error: 
 Accuracy: 85.5%, Avg loss: 0.800897 

Done!
