command config
N= 6
B= [2 2 2 2 2 2]
C1= 16
F= [3 3 3 3 3 3]
K= [1, 1, 1, 1, 1, 1]
P= 1
number of parameters 11198746
Epoch 1
-------------------------------
loss: 2.544832  [    0/50000]
loss: 1.847897  [ 6400/50000]
loss: 1.729443  [12800/50000]
loss: 1.508574  [19200/50000]
loss: 1.341954  [25600/50000]
loss: 1.244434  [32000/50000]
loss: 1.190441  [38400/50000]
loss: 1.304665  [44800/50000]
Test Error: 
 Accuracy: 56.7%, Avg loss: 1.220983 

Epoch 2
-------------------------------
loss: 0.871320  [    0/50000]
loss: 0.973186  [ 6400/50000]
loss: 1.045828  [12800/50000]
loss: 1.166062  [19200/50000]
loss: 0.830879  [25600/50000]
loss: 1.001284  [32000/50000]
loss: 0.878544  [38400/50000]
loss: 0.733132  [44800/50000]
Test Error: 
 Accuracy: 62.7%, Avg loss: 1.082361 

Epoch 3
-------------------------------
loss: 1.008141  [    0/50000]
loss: 0.885085  [ 6400/50000]
loss: 0.749706  [12800/50000]
loss: 1.025591  [19200/50000]
loss: 0.934415  [25600/50000]
loss: 0.855120  [32000/50000]
loss: 0.905275  [38400/50000]
loss: 0.782319  [44800/50000]
Test Error: 
 Accuracy: 72.6%, Avg loss: 0.794801 

Epoch 4
-------------------------------
loss: 0.696236  [    0/50000]
loss: 0.791685  [ 6400/50000]
loss: 0.634620  [12800/50000]
loss: 0.688006  [19200/50000]
loss: 0.854744  [25600/50000]
loss: 0.697718  [32000/50000]
loss: 0.656520  [38400/50000]
loss: 0.520264  [44800/50000]
Test Error: 
 Accuracy: 74.9%, Avg loss: 0.731128 

Epoch 5
-------------------------------
loss: 0.334756  [    0/50000]
loss: 0.485426  [ 6400/50000]
loss: 0.619925  [12800/50000]
loss: 0.573237  [19200/50000]
loss: 0.776735  [25600/50000]
loss: 0.562702  [32000/50000]
loss: 0.898262  [38400/50000]
loss: 0.409069  [44800/50000]
Test Error: 
 Accuracy: 77.4%, Avg loss: 0.668682 

Epoch 6
-------------------------------
loss: 0.365908  [    0/50000]
loss: 0.472974  [ 6400/50000]
loss: 0.514890  [12800/50000]
loss: 0.487655  [19200/50000]
loss: 0.425707  [25600/50000]
loss: 0.358567  [32000/50000]
loss: 0.411067  [38400/50000]
loss: 0.367445  [44800/50000]
Test Error: 
 Accuracy: 79.0%, Avg loss: 0.653863 

Epoch 7
-------------------------------
loss: 0.504058  [    0/50000]
loss: 0.275945  [ 6400/50000]
loss: 0.373496  [12800/50000]
loss: 0.385187  [19200/50000]
loss: 0.558818  [25600/50000]
loss: 0.381078  [32000/50000]
loss: 0.452334  [38400/50000]
loss: 0.335529  [44800/50000]
Test Error: 
 Accuracy: 77.4%, Avg loss: 0.688547 

Epoch 8
-------------------------------
loss: 0.345668  [    0/50000]
loss: 0.333590  [ 6400/50000]
loss: 0.204627  [12800/50000]
loss: 0.408514  [19200/50000]
loss: 0.505350  [25600/50000]
loss: 0.232677  [32000/50000]
loss: 0.359476  [38400/50000]
loss: 0.486140  [44800/50000]
Test Error: 
 Accuracy: 77.1%, Avg loss: 0.762161 

Epoch 9
-------------------------------
loss: 0.161647  [    0/50000]
loss: 0.228214  [ 6400/50000]
loss: 0.251176  [12800/50000]
loss: 0.351527  [19200/50000]
loss: 0.446383  [25600/50000]
loss: 0.311669  [32000/50000]
loss: 0.172720  [38400/50000]
loss: 0.299765  [44800/50000]
Test Error: 
 Accuracy: 78.0%, Avg loss: 0.754199 

Epoch 10
-------------------------------
loss: 0.139488  [    0/50000]
loss: 0.088754  [ 6400/50000]
loss: 0.124219  [12800/50000]
loss: 0.106536  [19200/50000]
loss: 0.112526  [25600/50000]
loss: 0.211359  [32000/50000]
loss: 0.119108  [38400/50000]
loss: 0.082687  [44800/50000]
Test Error: 
 Accuracy: 79.2%, Avg loss: 0.774074 

Epoch 11
-------------------------------
loss: 0.141655  [    0/50000]
loss: 0.175910  [ 6400/50000]
loss: 0.120816  [12800/50000]
loss: 0.051180  [19200/50000]
loss: 0.196764  [25600/50000]
loss: 0.228759  [32000/50000]
loss: 0.127739  [38400/50000]
loss: 0.231274  [44800/50000]
Test Error: 
 Accuracy: 79.3%, Avg loss: 0.773567 

Epoch 12
-------------------------------
loss: 0.120811  [    0/50000]
loss: 0.071142  [ 6400/50000]
loss: 0.083097  [12800/50000]
loss: 0.074373  [19200/50000]
loss: 0.195879  [25600/50000]
loss: 0.326176  [32000/50000]
loss: 0.158654  [38400/50000]
loss: 0.204188  [44800/50000]
Test Error: 
 Accuracy: 79.1%, Avg loss: 0.900591 

Epoch 13
-------------------------------
loss: 0.147137  [    0/50000]
loss: 0.175379  [ 6400/50000]
loss: 0.064552  [12800/50000]
loss: 0.055756  [19200/50000]
loss: 0.255678  [25600/50000]
loss: 0.153408  [32000/50000]
loss: 0.195118  [38400/50000]
loss: 0.143014  [44800/50000]
Test Error: 
 Accuracy: 79.0%, Avg loss: 0.894180 

Epoch 14
-------------------------------
loss: 0.110042  [    0/50000]
loss: 0.136811  [ 6400/50000]
loss: 0.060090  [12800/50000]
loss: 0.046047  [19200/50000]
loss: 0.053989  [25600/50000]
loss: 0.114583  [32000/50000]
loss: 0.298179  [38400/50000]
loss: 0.046487  [44800/50000]
Test Error: 
 Accuracy: 80.1%, Avg loss: 0.847036 

Epoch 15
-------------------------------
loss: 0.051022  [    0/50000]
loss: 0.077553  [ 6400/50000]
loss: 0.042832  [12800/50000]
loss: 0.069913  [19200/50000]
loss: 0.148920  [25600/50000]
loss: 0.104498  [32000/50000]
loss: 0.102669  [38400/50000]
loss: 0.107652  [44800/50000]
Test Error: 
 Accuracy: 78.9%, Avg loss: 0.936183 

Epoch 16
-------------------------------
loss: 0.012701  [    0/50000]
loss: 0.034813  [ 6400/50000]
loss: 0.053048  [12800/50000]
loss: 0.046075  [19200/50000]
loss: 0.095061  [25600/50000]
loss: 0.031963  [32000/50000]
loss: 0.070162  [38400/50000]
loss: 0.062915  [44800/50000]
Test Error: 
 Accuracy: 79.5%, Avg loss: 0.947300 

Epoch 17
-------------------------------
loss: 0.011286  [    0/50000]
loss: 0.063781  [ 6400/50000]
loss: 0.085799  [12800/50000]
loss: 0.091468  [19200/50000]
loss: 0.030100  [25600/50000]
loss: 0.116361  [32000/50000]
loss: 0.131437  [38400/50000]
loss: 0.149586  [44800/50000]
Test Error: 
 Accuracy: 79.1%, Avg loss: 0.965015 

Epoch 18
-------------------------------
loss: 0.034226  [    0/50000]
loss: 0.109325  [ 6400/50000]
loss: 0.019189  [12800/50000]
loss: 0.060625  [19200/50000]
loss: 0.184781  [25600/50000]
loss: 0.054713  [32000/50000]
loss: 0.024785  [38400/50000]
loss: 0.338081  [44800/50000]
Test Error: 
 Accuracy: 79.0%, Avg loss: 0.969136 

Epoch 19
-------------------------------
loss: 0.024074  [    0/50000]
loss: 0.052143  [ 6400/50000]
loss: 0.017387  [12800/50000]
loss: 0.011598  [19200/50000]
loss: 0.086504  [25600/50000]
loss: 0.060936  [32000/50000]
loss: 0.081976  [38400/50000]
loss: 0.033803  [44800/50000]
Test Error: 
 Accuracy: 79.8%, Avg loss: 0.969703 

Epoch 20
-------------------------------
loss: 0.006747  [    0/50000]
loss: 0.005399  [ 6400/50000]
loss: 0.025924  [12800/50000]
loss: 0.071251  [19200/50000]
loss: 0.049869  [25600/50000]
loss: 0.084617  [32000/50000]
loss: 0.116717  [38400/50000]
loss: 0.047982  [44800/50000]
Test Error: 
 Accuracy: 79.2%, Avg loss: 0.983852 

Epoch 21
-------------------------------
loss: 0.060096  [    0/50000]
loss: 0.132002  [ 6400/50000]
loss: 0.044881  [12800/50000]
loss: 0.009207  [19200/50000]
loss: 0.043654  [25600/50000]
loss: 0.012111  [32000/50000]
loss: 0.022367  [38400/50000]
loss: 0.129354  [44800/50000]
Test Error: 
 Accuracy: 80.1%, Avg loss: 1.001336 

Epoch 22
-------------------------------
loss: 0.008270  [    0/50000]
loss: 0.015275  [ 6400/50000]
loss: 0.054728  [12800/50000]
loss: 0.050491  [19200/50000]
loss: 0.052439  [25600/50000]
loss: 0.012287  [32000/50000]
loss: 0.012576  [38400/50000]
loss: 0.057468  [44800/50000]
Test Error: 
 Accuracy: 79.9%, Avg loss: 0.960711 

Epoch 23
-------------------------------
loss: 0.062078  [    0/50000]
loss: 0.029837  [ 6400/50000]
loss: 0.176113  [12800/50000]
loss: 0.032476  [19200/50000]
loss: 0.018650  [25600/50000]
loss: 0.030635  [32000/50000]
loss: 0.019785  [38400/50000]
loss: 0.074830  [44800/50000]
Test Error: 
 Accuracy: 80.3%, Avg loss: 0.985641 

Epoch 24
-------------------------------
loss: 0.019845  [    0/50000]
loss: 0.015118  [ 6400/50000]
loss: 0.005852  [12800/50000]
loss: 0.068710  [19200/50000]
loss: 0.049946  [25600/50000]
loss: 0.090578  [32000/50000]
loss: 0.007649  [38400/50000]
loss: 0.058598  [44800/50000]
Test Error: 
 Accuracy: 80.0%, Avg loss: 1.012938 

Epoch 25
-------------------------------
loss: 0.029207  [    0/50000]
loss: 0.014385  [ 6400/50000]
loss: 0.065769  [12800/50000]
loss: 0.028994  [19200/50000]
loss: 0.224278  [25600/50000]
loss: 0.042196  [32000/50000]
loss: 0.035890  [38400/50000]
loss: 0.049530  [44800/50000]
Test Error: 
 Accuracy: 79.8%, Avg loss: 1.070863 

Epoch 26
-------------------------------
loss: 0.068931  [    0/50000]
loss: 0.005687  [ 6400/50000]
loss: 0.107505  [12800/50000]
loss: 0.019624  [19200/50000]
loss: 0.034685  [25600/50000]
loss: 0.027234  [32000/50000]
loss: 0.065853  [38400/50000]
loss: 0.041146  [44800/50000]
Test Error: 
 Accuracy: 79.3%, Avg loss: 1.047006 

Epoch 27
-------------------------------
loss: 0.004287  [    0/50000]
loss: 0.029049  [ 6400/50000]
loss: 0.049287  [12800/50000]
loss: 0.000392  [19200/50000]
loss: 0.035072  [25600/50000]
loss: 0.006270  [32000/50000]
loss: 0.006747  [38400/50000]
loss: 0.029245  [44800/50000]
Test Error: 
 Accuracy: 79.7%, Avg loss: 1.107956 

Epoch 28
-------------------------------
loss: 0.011111  [    0/50000]
loss: 0.060502  [ 6400/50000]
loss: 0.105353  [12800/50000]
loss: 0.123296  [19200/50000]
loss: 0.005239  [25600/50000]
loss: 0.068074  [32000/50000]
loss: 0.070058  [38400/50000]
loss: 0.082605  [44800/50000]
Test Error: 
 Accuracy: 80.0%, Avg loss: 1.084090 

Epoch 29
-------------------------------
loss: 0.011377  [    0/50000]
loss: 0.063853  [ 6400/50000]
loss: 0.021283  [12800/50000]
loss: 0.030413  [19200/50000]
loss: 0.121573  [25600/50000]
loss: 0.035719  [32000/50000]
loss: 0.145736  [38400/50000]
loss: 0.033523  [44800/50000]
Test Error: 
 Accuracy: 79.0%, Avg loss: 1.164675 

Epoch 30
-------------------------------
loss: 0.003609  [    0/50000]
loss: 0.013056  [ 6400/50000]
loss: 0.005694  [12800/50000]
loss: 0.001868  [19200/50000]
loss: 0.049461  [25600/50000]
loss: 0.046222  [32000/50000]
loss: 0.013272  [38400/50000]
loss: 0.159484  [44800/50000]
Test Error: 
 Accuracy: 79.5%, Avg loss: 1.094882 

Done!
max accuracy 80.28
average accuracy 79.5245
