number of parameters 4891722
Epoch 1
-------------------------------
loss: 2.417932  [    0/200000]
loss: 2.324233  [ 6400/200000]
loss: 2.245090  [12800/200000]
loss: 2.268120  [19200/200000]
loss: 2.220038  [25600/200000]
loss: 2.264216  [32000/200000]
loss: 2.135946  [38400/200000]
loss: 2.271891  [44800/200000]
loss: 2.144304  [51200/200000]
loss: 2.128651  [57600/200000]
loss: 2.160553  [64000/200000]
loss: 2.125370  [70400/200000]
loss: 2.095632  [76800/200000]
loss: 2.145314  [83200/200000]
loss: 2.135648  [89600/200000]
loss: 2.154810  [96000/200000]
loss: 2.014510  [102400/200000]
loss: 2.159701  [108800/200000]
loss: 2.070399  [115200/200000]
loss: 2.120608  [121600/200000]
loss: 2.111173  [128000/200000]
loss: 2.222379  [134400/200000]
loss: 2.003049  [140800/200000]
loss: 2.253790  [147200/200000]
loss: 1.856734  [153600/200000]
loss: 2.091882  [160000/200000]
loss: 2.075194  [166400/200000]
loss: 2.035162  [172800/200000]
loss: 2.089464  [179200/200000]
loss: 2.086479  [185600/200000]
loss: 2.035047  [192000/200000]
loss: 2.087350  [198400/200000]
Test Error: 
 Accuracy: 45.0%, Avg loss: 1.490128 

Epoch 2
-------------------------------
loss: 2.054950  [    0/200000]
loss: 1.999538  [ 6400/200000]
loss: 2.035971  [12800/200000]
loss: 2.033895  [19200/200000]
loss: 2.058848  [25600/200000]
loss: 1.988186  [32000/200000]
loss: 2.155257  [38400/200000]
loss: 1.969622  [44800/200000]
loss: 1.986531  [51200/200000]
loss: 2.029437  [57600/200000]
loss: 2.023434  [64000/200000]
loss: 2.007677  [70400/200000]
loss: 2.130151  [76800/200000]
loss: 2.039942  [83200/200000]
loss: 2.143233  [89600/200000]
loss: 2.171391  [96000/200000]
loss: 1.807168  [102400/200000]
loss: 2.200408  [108800/200000]
loss: 2.038410  [115200/200000]
loss: 2.050309  [121600/200000]
loss: 2.153604  [128000/200000]
loss: 1.950374  [134400/200000]
loss: 1.991200  [140800/200000]
loss: 1.967539  [147200/200000]
loss: 2.044669  [153600/200000]
loss: 2.123202  [160000/200000]
loss: 1.850197  [166400/200000]
loss: 2.026649  [172800/200000]
loss: 1.998380  [179200/200000]
loss: 2.111453  [185600/200000]
loss: 1.899886  [192000/200000]
loss: 2.086565  [198400/200000]
Test Error: 
 Accuracy: 52.7%, Avg loss: 1.283900 

Epoch 3
-------------------------------
loss: 1.968780  [    0/200000]
loss: 1.953329  [ 6400/200000]
loss: 2.104518  [12800/200000]
loss: 2.004698  [19200/200000]
loss: 2.153223  [25600/200000]
loss: 1.967196  [32000/200000]
loss: 1.947430  [38400/200000]
loss: 2.020248  [44800/200000]
loss: 2.049555  [51200/200000]
loss: 1.939066  [57600/200000]
loss: 2.100248  [64000/200000]
loss: 1.943571  [70400/200000]
loss: 1.973652  [76800/200000]
loss: 2.184024  [83200/200000]
loss: 1.915002  [89600/200000]
loss: 1.984155  [96000/200000]
loss: 1.948153  [102400/200000]
loss: 1.788171  [108800/200000]
loss: 1.971619  [115200/200000]
loss: 1.980935  [121600/200000]
loss: 1.776226  [128000/200000]
loss: 1.817105  [134400/200000]
loss: 2.105191  [140800/200000]
loss: 1.921486  [147200/200000]
loss: 1.951177  [153600/200000]
loss: 1.906438  [160000/200000]
loss: 1.878437  [166400/200000]
loss: 1.898035  [172800/200000]
loss: 1.870128  [179200/200000]
loss: 2.007195  [185600/200000]
loss: 1.895093  [192000/200000]
loss: 2.010408  [198400/200000]
Test Error: 
 Accuracy: 58.5%, Avg loss: 1.139618 

Epoch 4
-------------------------------
loss: 1.843505  [    0/200000]
loss: 2.024250  [ 6400/200000]
loss: 1.910184  [12800/200000]
loss: 1.937948  [19200/200000]
loss: 1.886177  [25600/200000]
loss: 1.812540  [32000/200000]
loss: 1.958352  [38400/200000]
loss: 1.928296  [44800/200000]
loss: 2.042284  [51200/200000]
loss: 1.889652  [57600/200000]
loss: 2.064390  [64000/200000]
loss: 2.006432  [70400/200000]
loss: 1.973107  [76800/200000]
loss: 1.935441  [83200/200000]
loss: 1.994954  [89600/200000]
loss: 1.920109  [96000/200000]
loss: 1.981001  [102400/200000]
loss: 1.907576  [108800/200000]
loss: 1.880413  [115200/200000]
loss: 1.755642  [121600/200000]
loss: 1.874183  [128000/200000]
loss: 1.899730  [134400/200000]
loss: 1.861470  [140800/200000]
loss: 1.831432  [147200/200000]
loss: 1.987160  [153600/200000]
loss: 2.081326  [160000/200000]
loss: 2.001662  [166400/200000]
loss: 1.994133  [172800/200000]
loss: 1.805220  [179200/200000]
loss: 1.873796  [185600/200000]
loss: 1.798831  [192000/200000]
loss: 1.789410  [198400/200000]
Test Error: 
 Accuracy: 61.8%, Avg loss: 1.063143 

Epoch 5
-------------------------------
loss: 1.946560  [    0/200000]
loss: 1.799883  [ 6400/200000]
loss: 1.998764  [12800/200000]
loss: 1.799001  [19200/200000]
loss: 1.808568  [25600/200000]
loss: 1.994141  [32000/200000]
loss: 1.938807  [38400/200000]
loss: 2.125784  [44800/200000]
loss: 2.009571  [51200/200000]
loss: 1.859381  [57600/200000]
loss: 1.943649  [64000/200000]
loss: 1.907671  [70400/200000]
loss: 1.991249  [76800/200000]
loss: 2.068230  [83200/200000]
loss: 1.761428  [89600/200000]
loss: 1.673156  [96000/200000]
loss: 2.006922  [102400/200000]
loss: 2.007194  [108800/200000]
loss: 1.980879  [115200/200000]
loss: 1.801643  [121600/200000]
loss: 1.567034  [128000/200000]
loss: 1.962224  [134400/200000]
loss: 1.770807  [140800/200000]
loss: 1.829529  [147200/200000]
loss: 2.053017  [153600/200000]
loss: 1.789858  [160000/200000]
loss: 1.703825  [166400/200000]
loss: 1.787385  [172800/200000]
loss: 1.873990  [179200/200000]
loss: 1.780936  [185600/200000]
loss: 1.986054  [192000/200000]
loss: 1.717494  [198400/200000]
Test Error: 
 Accuracy: 64.8%, Avg loss: 0.993568 

Epoch 6
-------------------------------
loss: 2.023908  [    0/200000]
loss: 1.855413  [ 6400/200000]
loss: 1.759462  [12800/200000]
loss: 1.759497  [19200/200000]
loss: 1.792765  [25600/200000]
loss: 1.730727  [32000/200000]
loss: 2.021564  [38400/200000]
loss: 1.745560  [44800/200000]
loss: 1.927289  [51200/200000]
loss: 1.759443  [57600/200000]
loss: 1.768332  [64000/200000]
loss: 1.886805  [70400/200000]
loss: 1.851581  [76800/200000]
loss: 1.752504  [83200/200000]
loss: 1.842367  [89600/200000]
loss: 1.762506  [96000/200000]
loss: 1.749533  [102400/200000]
loss: 1.681493  [108800/200000]
loss: 1.880355  [115200/200000]
loss: 1.645093  [121600/200000]
loss: 2.058997  [128000/200000]
loss: 1.759370  [134400/200000]
loss: 1.741189  [140800/200000]
loss: 1.961007  [147200/200000]
loss: 1.676073  [153600/200000]
loss: 1.643737  [160000/200000]
loss: 1.890875  [166400/200000]
loss: 1.828089  [172800/200000]
loss: 1.809897  [179200/200000]
loss: 1.710332  [185600/200000]
loss: 2.014874  [192000/200000]
loss: 1.841010  [198400/200000]
Test Error: 
 Accuracy: 69.0%, Avg loss: 0.877363 

Epoch 7
-------------------------------
loss: 1.887142  [    0/200000]
loss: 1.760906  [ 6400/200000]
loss: 1.994996  [12800/200000]
loss: 1.666811  [19200/200000]
loss: 1.697602  [25600/200000]
loss: 1.817282  [32000/200000]
loss: 1.905858  [38400/200000]
loss: 1.809020  [44800/200000]
loss: 1.575822  [51200/200000]
loss: 1.862266  [57600/200000]
loss: 1.700092  [64000/200000]
loss: 1.736048  [70400/200000]
loss: 1.785614  [76800/200000]
loss: 1.652150  [83200/200000]
loss: 1.677655  [89600/200000]
loss: 1.929046  [96000/200000]
loss: 1.716212  [102400/200000]
loss: 1.605429  [108800/200000]
loss: 1.638967  [115200/200000]
loss: 1.981505  [121600/200000]
loss: 1.565567  [128000/200000]
loss: 1.771400  [134400/200000]
loss: 1.831279  [140800/200000]
loss: 1.702735  [147200/200000]
loss: 1.650445  [153600/200000]
loss: 1.692464  [160000/200000]
loss: 1.776107  [166400/200000]
loss: 1.593793  [172800/200000]
loss: 1.689944  [179200/200000]
loss: 1.637377  [185600/200000]
loss: 1.877241  [192000/200000]
loss: 1.826455  [198400/200000]
Test Error: 
 Accuracy: 69.0%, Avg loss: 0.872869 

Epoch 8
-------------------------------
loss: 1.722814  [    0/200000]
loss: 1.626002  [ 6400/200000]
loss: 1.705595  [12800/200000]
loss: 1.721611  [19200/200000]
loss: 1.806029  [25600/200000]
loss: 1.747662  [32000/200000]
loss: 1.547836  [38400/200000]
loss: 1.737733  [44800/200000]
loss: 1.538694  [51200/200000]
loss: 1.745899  [57600/200000]
loss: 1.586502  [64000/200000]
loss: 1.674763  [70400/200000]
loss: 1.722454  [76800/200000]
loss: 1.727359  [83200/200000]
loss: 1.732630  [89600/200000]
loss: 1.771528  [96000/200000]
loss: 1.855432  [102400/200000]
loss: 1.827166  [108800/200000]
loss: 1.565944  [115200/200000]
loss: 1.666161  [121600/200000]
loss: 1.607129  [128000/200000]
loss: 1.814490  [134400/200000]
loss: 1.708916  [140800/200000]
loss: 1.859435  [147200/200000]
loss: 1.743664  [153600/200000]
loss: 1.845664  [160000/200000]
loss: 1.797228  [166400/200000]
loss: 1.568658  [172800/200000]
loss: 1.562929  [179200/200000]
loss: 1.813339  [185600/200000]
loss: 1.757389  [192000/200000]
loss: 1.621274  [198400/200000]
Test Error: 
 Accuracy: 68.8%, Avg loss: 0.887587 

Epoch 9
-------------------------------
loss: 1.673568  [    0/200000]
loss: 1.832715  [ 6400/200000]
loss: 1.503974  [12800/200000]
loss: 1.792240  [19200/200000]
loss: 1.688751  [25600/200000]
loss: 1.697087  [32000/200000]
loss: 1.650431  [38400/200000]
loss: 1.470248  [44800/200000]
loss: 1.454811  [51200/200000]
loss: 1.667621  [57600/200000]
loss: 1.687972  [64000/200000]
loss: 1.808852  [70400/200000]
loss: 2.037466  [76800/200000]
loss: 1.573680  [83200/200000]
loss: 1.459678  [89600/200000]
loss: 1.722048  [96000/200000]
loss: 1.856824  [102400/200000]
loss: 1.944185  [108800/200000]
loss: 1.679095  [115200/200000]
loss: 1.689763  [121600/200000]
loss: 1.706099  [128000/200000]
loss: 1.572283  [134400/200000]
loss: 1.588025  [140800/200000]
loss: 1.590935  [147200/200000]
loss: 1.681265  [153600/200000]
loss: 1.671211  [160000/200000]
loss: 1.667186  [166400/200000]
loss: 1.716510  [172800/200000]
loss: 1.775145  [179200/200000]
loss: 1.669140  [185600/200000]
loss: 1.972826  [192000/200000]
loss: 1.407900  [198400/200000]
Test Error: 
 Accuracy: 70.6%, Avg loss: 0.850771 

Epoch 10
-------------------------------
loss: 1.456918  [    0/200000]
loss: 1.601871  [ 6400/200000]
loss: 1.545595  [12800/200000]
loss: 1.376060  [19200/200000]
loss: 1.457292  [25600/200000]
loss: 1.419861  [32000/200000]
loss: 1.871501  [38400/200000]
loss: 1.458986  [44800/200000]
loss: 1.565070  [51200/200000]
loss: 1.458342  [57600/200000]
loss: 1.577433  [64000/200000]
loss: 1.625774  [70400/200000]
loss: 1.443336  [76800/200000]
loss: 1.861297  [83200/200000]
loss: 1.554368  [89600/200000]
loss: 1.592166  [96000/200000]
loss: 1.601196  [102400/200000]
loss: 1.549970  [108800/200000]
loss: 1.343756  [115200/200000]
loss: 1.671777  [121600/200000]
loss: 1.516654  [128000/200000]
loss: 1.460814  [134400/200000]
loss: 1.609111  [140800/200000]
loss: 1.711389  [147200/200000]
loss: 1.554181  [153600/200000]
loss: 1.577221  [160000/200000]
loss: 1.602436  [166400/200000]
loss: 1.597161  [172800/200000]
loss: 1.561666  [179200/200000]
loss: 1.417258  [185600/200000]
loss: 1.664548  [192000/200000]
loss: 1.408748  [198400/200000]
Test Error: 
 Accuracy: 71.6%, Avg loss: 0.814090 

Epoch 11
-------------------------------
loss: 1.460417  [    0/200000]
loss: 1.346008  [ 6400/200000]
loss: 1.444857  [12800/200000]
loss: 1.339150  [19200/200000]
loss: 1.387820  [25600/200000]
loss: 1.628443  [32000/200000]
loss: 1.320449  [38400/200000]
loss: 1.477314  [44800/200000]
loss: 1.517419  [51200/200000]
loss: 1.315560  [57600/200000]
loss: 1.563192  [64000/200000]
loss: 1.419070  [70400/200000]
loss: 1.498153  [76800/200000]
loss: 1.653386  [83200/200000]
loss: 1.651963  [89600/200000]
loss: 1.323337  [96000/200000]
loss: 1.627786  [102400/200000]
loss: 1.391419  [108800/200000]
loss: 1.509386  [115200/200000]
loss: 1.611280  [121600/200000]
loss: 1.570213  [128000/200000]
loss: 1.424112  [134400/200000]
loss: 1.627208  [140800/200000]
loss: 1.495268  [147200/200000]
loss: 1.511021  [153600/200000]
loss: 1.702706  [160000/200000]
loss: 1.648383  [166400/200000]
loss: 1.711723  [172800/200000]
loss: 1.900933  [179200/200000]
loss: 1.802769  [185600/200000]
loss: 1.304501  [192000/200000]
loss: 1.493941  [198400/200000]
Test Error: 
 Accuracy: 71.7%, Avg loss: 0.822228 

Epoch 12
-------------------------------
loss: 1.265490  [    0/200000]
loss: 1.311406  [ 6400/200000]
loss: 1.625773  [12800/200000]
loss: 1.273259  [19200/200000]
loss: 1.173517  [25600/200000]
loss: 1.578051  [32000/200000]
loss: 1.479216  [38400/200000]
loss: 1.537734  [44800/200000]
loss: 1.387390  [51200/200000]
loss: 1.569460  [57600/200000]
loss: 1.449622  [64000/200000]
loss: 1.387643  [70400/200000]
loss: 1.441913  [76800/200000]
loss: 1.293519  [83200/200000]
loss: 1.578652  [89600/200000]
loss: 1.525885  [96000/200000]
loss: 1.457339  [102400/200000]
loss: 1.439064  [108800/200000]
loss: 1.328297  [115200/200000]
loss: 1.646161  [121600/200000]
loss: 1.471462  [128000/200000]
loss: 1.486894  [134400/200000]
loss: 1.632832  [140800/200000]
loss: 1.447578  [147200/200000]
loss: 1.557196  [153600/200000]
loss: 1.450865  [160000/200000]
loss: 1.536973  [166400/200000]
loss: 1.217476  [172800/200000]
loss: 1.354600  [179200/200000]
loss: 1.527032  [185600/200000]
loss: 1.641145  [192000/200000]
loss: 1.697009  [198400/200000]
Test Error: 
 Accuracy: 69.5%, Avg loss: 0.902071 

Epoch 13
-------------------------------
loss: 1.293771  [    0/200000]
loss: 1.377231  [ 6400/200000]
loss: 1.176288  [12800/200000]
loss: 1.436303  [19200/200000]
loss: 1.223039  [25600/200000]
loss: 1.399767  [32000/200000]
loss: 1.173389  [38400/200000]
loss: 1.172026  [44800/200000]
loss: 1.458632  [51200/200000]
loss: 1.291329  [57600/200000]
loss: 1.366921  [64000/200000]
loss: 1.328789  [70400/200000]
loss: 1.590283  [76800/200000]
loss: 1.326699  [83200/200000]
loss: 1.324065  [89600/200000]
loss: 1.427544  [96000/200000]
loss: 1.376057  [102400/200000]
loss: 1.277962  [108800/200000]
loss: 1.539998  [115200/200000]
loss: 1.361593  [121600/200000]
loss: 1.259287  [128000/200000]
loss: 1.460281  [134400/200000]
loss: 1.159509  [140800/200000]
loss: 1.374608  [147200/200000]
loss: 1.590774  [153600/200000]
loss: 1.806352  [160000/200000]
loss: 1.460778  [166400/200000]
loss: 1.314973  [172800/200000]
loss: 1.056343  [179200/200000]
loss: 1.407473  [185600/200000]
loss: 1.424281  [192000/200000]
loss: 1.431072  [198400/200000]
Test Error: 
 Accuracy: 72.8%, Avg loss: 0.800023 

Epoch 14
-------------------------------
loss: 1.349882  [    0/200000]
loss: 1.244655  [ 6400/200000]
loss: 1.171178  [12800/200000]
loss: 0.948772  [19200/200000]
loss: 1.223964  [25600/200000]
loss: 1.230786  [32000/200000]
loss: 1.306091  [38400/200000]
loss: 1.152702  [44800/200000]
loss: 1.137016  [51200/200000]
loss: 1.281184  [57600/200000]
loss: 1.234350  [64000/200000]
loss: 1.266283  [70400/200000]
loss: 1.292943  [76800/200000]
loss: 1.230877  [83200/200000]
loss: 1.246517  [89600/200000]
loss: 1.526407  [96000/200000]
loss: 1.190949  [102400/200000]
loss: 1.180621  [108800/200000]
loss: 1.148163  [115200/200000]
loss: 1.271162  [121600/200000]
loss: 1.222275  [128000/200000]
loss: 1.359952  [134400/200000]
loss: 1.200948  [140800/200000]
loss: 1.282751  [147200/200000]
loss: 1.244162  [153600/200000]
loss: 1.482459  [160000/200000]
loss: 1.285383  [166400/200000]
loss: 1.382553  [172800/200000]
loss: 1.413709  [179200/200000]
loss: 1.189596  [185600/200000]
loss: 1.187730  [192000/200000]
loss: 1.118924  [198400/200000]
Test Error: 
 Accuracy: 74.1%, Avg loss: 0.749042 

Epoch 15
-------------------------------
loss: 1.133244  [    0/200000]
loss: 0.911576  [ 6400/200000]
loss: 0.947748  [12800/200000]
loss: 1.131132  [19200/200000]
loss: 0.811031  [25600/200000]
loss: 1.308789  [32000/200000]
loss: 1.071703  [38400/200000]
loss: 1.023659  [44800/200000]
loss: 1.295039  [51200/200000]
loss: 1.175301  [57600/200000]
loss: 0.929544  [64000/200000]
loss: 1.054842  [70400/200000]
loss: 1.152707  [76800/200000]
loss: 0.964702  [83200/200000]
loss: 1.391890  [89600/200000]
loss: 1.442200  [96000/200000]
loss: 0.998590  [102400/200000]
loss: 1.264497  [108800/200000]
loss: 1.078822  [115200/200000]
loss: 1.118438  [121600/200000]
loss: 1.158292  [128000/200000]
loss: 1.186055  [134400/200000]
loss: 1.233133  [140800/200000]
loss: 1.149521  [147200/200000]
loss: 1.472514  [153600/200000]
loss: 1.455808  [160000/200000]
loss: 1.080487  [166400/200000]
loss: 1.112552  [172800/200000]
loss: 1.349986  [179200/200000]
loss: 1.243050  [185600/200000]
loss: 1.117386  [192000/200000]
loss: 1.347912  [198400/200000]
Test Error: 
 Accuracy: 73.3%, Avg loss: 0.790038 

Epoch 16
-------------------------------
loss: 0.759659  [    0/200000]
loss: 0.918978  [ 6400/200000]
loss: 0.927968  [12800/200000]
loss: 0.963146  [19200/200000]
loss: 0.884973  [25600/200000]
loss: 1.040363  [32000/200000]
loss: 1.006376  [38400/200000]
loss: 1.072415  [44800/200000]
loss: 0.673114  [51200/200000]
loss: 1.041965  [57600/200000]
loss: 1.042569  [64000/200000]
loss: 1.020543  [70400/200000]
loss: 1.135508  [76800/200000]
loss: 1.004497  [83200/200000]
loss: 1.164884  [89600/200000]
loss: 1.328337  [96000/200000]
loss: 0.922632  [102400/200000]
loss: 1.346045  [108800/200000]
loss: 1.026767  [115200/200000]
loss: 1.376568  [121600/200000]
loss: 1.137872  [128000/200000]
loss: 1.634043  [134400/200000]
loss: 1.016113  [140800/200000]
loss: 1.328289  [147200/200000]
loss: 1.086808  [153600/200000]
loss: 1.272753  [160000/200000]
loss: 1.272785  [166400/200000]
loss: 1.074511  [172800/200000]
loss: 1.308372  [179200/200000]
loss: 1.309860  [185600/200000]
loss: 1.265753  [192000/200000]
loss: 1.403238  [198400/200000]
Test Error: 
 Accuracy: 74.9%, Avg loss: 0.745837 

Epoch 17
-------------------------------
loss: 0.953872  [    0/200000]
loss: 1.007282  [ 6400/200000]
loss: 0.949542  [12800/200000]
loss: 0.916088  [19200/200000]
loss: 0.922788  [25600/200000]
loss: 0.726873  [32000/200000]
loss: 0.863220  [38400/200000]
loss: 1.149144  [44800/200000]
loss: 0.957092  [51200/200000]
loss: 0.964671  [57600/200000]
loss: 1.235405  [64000/200000]
loss: 0.994137  [70400/200000]
loss: 0.913768  [76800/200000]
loss: 0.877493  [83200/200000]
loss: 1.098460  [89600/200000]
loss: 1.235018  [96000/200000]
loss: 1.047142  [102400/200000]
loss: 1.019374  [108800/200000]
loss: 1.239672  [115200/200000]
loss: 1.036804  [121600/200000]
loss: 1.041060  [128000/200000]
loss: 1.056154  [134400/200000]
loss: 1.181692  [140800/200000]
loss: 1.158875  [147200/200000]
loss: 1.136617  [153600/200000]
loss: 1.059902  [160000/200000]
loss: 0.988963  [166400/200000]
loss: 1.054271  [172800/200000]
loss: 0.997211  [179200/200000]
loss: 1.066446  [185600/200000]
loss: 1.383508  [192000/200000]
loss: 1.167938  [198400/200000]
Test Error: 
 Accuracy: 72.9%, Avg loss: 0.811796 

Epoch 18
-------------------------------
loss: 0.758343  [    0/200000]
loss: 0.884354  [ 6400/200000]
loss: 0.807507  [12800/200000]
loss: 0.721834  [19200/200000]
loss: 0.740084  [25600/200000]
loss: 0.809193  [32000/200000]
loss: 0.926798  [38400/200000]
loss: 0.871861  [44800/200000]
loss: 0.810946  [51200/200000]
loss: 0.699041  [57600/200000]
loss: 1.028646  [64000/200000]
loss: 0.800514  [70400/200000]
loss: 0.887996  [76800/200000]
loss: 1.073074  [83200/200000]
loss: 1.421350  [89600/200000]
loss: 0.837260  [96000/200000]
loss: 0.987195  [102400/200000]
loss: 1.143448  [108800/200000]
loss: 1.013467  [115200/200000]
loss: 1.217155  [121600/200000]
loss: 1.228576  [128000/200000]
loss: 1.251840  [134400/200000]
loss: 1.198271  [140800/200000]
loss: 0.998385  [147200/200000]
loss: 0.958832  [153600/200000]
loss: 1.154850  [160000/200000]
loss: 1.091740  [166400/200000]
loss: 1.115552  [172800/200000]
loss: 0.947519  [179200/200000]
loss: 0.835938  [185600/200000]
loss: 0.929688  [192000/200000]
loss: 0.957162  [198400/200000]
Test Error: 
 Accuracy: 68.3%, Avg loss: 1.019472 

Epoch 19
-------------------------------
loss: 0.792826  [    0/200000]
loss: 0.830239  [ 6400/200000]
loss: 0.788039  [12800/200000]
loss: 0.909110  [19200/200000]
loss: 0.691047  [25600/200000]
loss: 0.726128  [32000/200000]
loss: 0.793876  [38400/200000]
loss: 0.696790  [44800/200000]
loss: 0.750965  [51200/200000]
loss: 0.758872  [57600/200000]
loss: 0.625780  [64000/200000]
loss: 0.807580  [70400/200000]
loss: 0.771416  [76800/200000]
loss: 0.764670  [83200/200000]
loss: 0.772563  [89600/200000]
loss: 0.820641  [96000/200000]
loss: 0.733321  [102400/200000]
loss: 0.676408  [108800/200000]
loss: 0.902550  [115200/200000]
loss: 0.864792  [121600/200000]
loss: 0.867330  [128000/200000]
loss: 0.900712  [134400/200000]
loss: 0.764524  [140800/200000]
loss: 0.921825  [147200/200000]
loss: 0.707246  [153600/200000]
loss: 1.198193  [160000/200000]
loss: 0.815127  [166400/200000]
loss: 0.900140  [172800/200000]
loss: 1.378304  [179200/200000]
loss: 0.848304  [185600/200000]
loss: 0.920807  [192000/200000]
loss: 1.160181  [198400/200000]
Test Error: 
 Accuracy: 71.3%, Avg loss: 0.903943 

Epoch 20
-------------------------------
loss: 0.581313  [    0/200000]
loss: 0.590889  [ 6400/200000]
loss: 0.542838  [12800/200000]
loss: 0.459002  [19200/200000]
loss: 0.548361  [25600/200000]
loss: 0.690944  [32000/200000]
loss: 0.482724  [38400/200000]
loss: 0.687606  [44800/200000]
loss: 0.669401  [51200/200000]
loss: 0.608718  [57600/200000]
loss: 0.480967  [64000/200000]
loss: 0.936010  [70400/200000]
loss: 0.819829  [76800/200000]
loss: 0.828625  [83200/200000]
loss: 0.951761  [89600/200000]
loss: 0.744250  [96000/200000]
loss: 0.972640  [102400/200000]
loss: 0.725166  [108800/200000]
loss: 0.597876  [115200/200000]
loss: 0.871307  [121600/200000]
loss: 0.918390  [128000/200000]
loss: 0.779101  [134400/200000]
loss: 0.870146  [140800/200000]
loss: 0.817863  [147200/200000]
loss: 0.783085  [153600/200000]
loss: 1.096934  [160000/200000]
loss: 1.181876  [166400/200000]
loss: 0.815462  [172800/200000]
loss: 0.777804  [179200/200000]
loss: 0.763061  [185600/200000]
loss: 0.816195  [192000/200000]
loss: 0.767256  [198400/200000]
Test Error: 
 Accuracy: 73.1%, Avg loss: 0.811574 

Epoch 21
-------------------------------
loss: 0.639135  [    0/200000]
loss: 0.554847  [ 6400/200000]
loss: 0.549710  [12800/200000]
loss: 0.562865  [19200/200000]
loss: 0.600425  [25600/200000]
loss: 0.569915  [32000/200000]
loss: 0.517388  [38400/200000]
loss: 0.534594  [44800/200000]
loss: 0.408545  [51200/200000]
loss: 0.727863  [57600/200000]
loss: 0.568036  [64000/200000]
loss: 0.498742  [70400/200000]
loss: 0.632619  [76800/200000]
loss: 0.591287  [83200/200000]
loss: 0.846071  [89600/200000]
loss: 0.581321  [96000/200000]
loss: 0.644502  [102400/200000]
loss: 0.593477  [108800/200000]
loss: 0.708938  [115200/200000]
loss: 0.607698  [121600/200000]
loss: 0.753663  [128000/200000]
loss: 0.839743  [134400/200000]
loss: 0.680992  [140800/200000]
loss: 0.727165  [147200/200000]
loss: 0.912896  [153600/200000]
loss: 0.779455  [160000/200000]
loss: 0.822582  [166400/200000]
loss: 0.675634  [172800/200000]
loss: 0.639164  [179200/200000]
loss: 0.734116  [185600/200000]
loss: 0.875479  [192000/200000]
loss: 0.753174  [198400/200000]
Test Error: 
 Accuracy: 72.3%, Avg loss: 0.916443 

Epoch 22
-------------------------------
loss: 0.589652  [    0/200000]
loss: 0.496990  [ 6400/200000]
loss: 0.600217  [12800/200000]
loss: 0.469757  [19200/200000]
loss: 0.411248  [25600/200000]
loss: 0.542051  [32000/200000]
loss: 0.531183  [38400/200000]
loss: 0.524088  [44800/200000]
loss: 0.557053  [51200/200000]
loss: 0.366320  [57600/200000]
loss: 0.652738  [64000/200000]
loss: 0.646048  [70400/200000]
loss: 0.696236  [76800/200000]
loss: 0.655585  [83200/200000]
loss: 0.735377  [89600/200000]
loss: 0.878133  [96000/200000]
loss: 0.709009  [102400/200000]
loss: 0.534966  [108800/200000]
loss: 0.544986  [115200/200000]
loss: 0.652193  [121600/200000]
loss: 0.862322  [128000/200000]
loss: 0.611133  [134400/200000]
loss: 0.651752  [140800/200000]
loss: 0.639363  [147200/200000]
loss: 0.752968  [153600/200000]
loss: 0.738886  [160000/200000]
loss: 0.716136  [166400/200000]
loss: 0.737324  [172800/200000]
loss: 0.826346  [179200/200000]
loss: 0.607064  [185600/200000]
loss: 0.594722  [192000/200000]
loss: 0.566810  [198400/200000]
Test Error: 
 Accuracy: 73.4%, Avg loss: 0.866189 

Epoch 23
-------------------------------
loss: 0.369784  [    0/200000]
loss: 0.378123  [ 6400/200000]
loss: 0.445158  [12800/200000]
loss: 0.486714  [19200/200000]
loss: 0.353558  [25600/200000]
loss: 0.535604  [32000/200000]
loss: 0.465550  [38400/200000]
loss: 0.422499  [44800/200000]
loss: 0.354716  [51200/200000]
loss: 0.405643  [57600/200000]
loss: 0.475791  [64000/200000]
loss: 0.595403  [70400/200000]
loss: 0.527151  [76800/200000]
loss: 0.357746  [83200/200000]
loss: 0.472676  [89600/200000]
loss: 0.622260  [96000/200000]
loss: 0.701387  [102400/200000]
loss: 0.849127  [108800/200000]
loss: 0.487159  [115200/200000]
loss: 0.708149  [121600/200000]
loss: 0.564400  [128000/200000]
loss: 0.647892  [134400/200000]
loss: 0.742769  [140800/200000]
loss: 0.566441  [147200/200000]
loss: 0.643075  [153600/200000]
loss: 0.691951  [160000/200000]
loss: 0.805969  [166400/200000]
loss: 0.731669  [172800/200000]
loss: 0.786676  [179200/200000]
loss: 0.594553  [185600/200000]
loss: 0.627798  [192000/200000]
loss: 0.886532  [198400/200000]
Test Error: 
 Accuracy: 69.8%, Avg loss: 1.022718 

Epoch 24
-------------------------------
loss: 0.313711  [    0/200000]
loss: 0.418842  [ 6400/200000]
loss: 0.323409  [12800/200000]
loss: 0.481947  [19200/200000]
loss: 0.559165  [25600/200000]
loss: 0.317492  [32000/200000]
loss: 0.367372  [38400/200000]
loss: 0.417263  [44800/200000]
loss: 0.401266  [51200/200000]
loss: 0.549852  [57600/200000]
loss: 0.399328  [64000/200000]
loss: 0.336963  [70400/200000]
loss: 0.415288  [76800/200000]
loss: 0.508651  [83200/200000]
loss: 0.444682  [89600/200000]
loss: 0.501393  [96000/200000]
loss: 0.535427  [102400/200000]
loss: 0.436071  [108800/200000]
loss: 0.508560  [115200/200000]
loss: 0.676733  [121600/200000]
loss: 0.465914  [128000/200000]
loss: 0.648141  [134400/200000]
loss: 0.498966  [140800/200000]
loss: 0.508715  [147200/200000]
loss: 0.744404  [153600/200000]
loss: 0.804366  [160000/200000]
loss: 0.747463  [166400/200000]
loss: 0.654820  [172800/200000]
loss: 0.904941  [179200/200000]
loss: 0.608997  [185600/200000]
loss: 0.500718  [192000/200000]
loss: 0.607015  [198400/200000]
Test Error: 
 Accuracy: 73.2%, Avg loss: 0.860541 

Epoch 25
-------------------------------
loss: 0.376314  [    0/200000]
loss: 0.397486  [ 6400/200000]
loss: 0.408943  [12800/200000]
loss: 0.323759  [19200/200000]
loss: 0.283106  [25600/200000]
loss: 0.327114  [32000/200000]
loss: 0.470594  [38400/200000]
loss: 0.372307  [44800/200000]
loss: 0.378492  [51200/200000]
loss: 0.279833  [57600/200000]
loss: 0.335893  [64000/200000]
loss: 0.498310  [70400/200000]
loss: 0.489134  [76800/200000]
loss: 0.311280  [83200/200000]
loss: 0.579507  [89600/200000]
loss: 0.309292  [96000/200000]
loss: 0.460679  [102400/200000]
loss: 0.389058  [108800/200000]
loss: 0.375396  [115200/200000]
loss: 0.440055  [121600/200000]
loss: 0.387644  [128000/200000]
loss: 0.409690  [134400/200000]
loss: 0.465850  [140800/200000]
loss: 0.535331  [147200/200000]
loss: 0.367765  [153600/200000]
loss: 0.456206  [160000/200000]
loss: 0.461858  [166400/200000]
loss: 0.575516  [172800/200000]
loss: 0.686428  [179200/200000]
loss: 0.633410  [185600/200000]
loss: 0.554546  [192000/200000]
loss: 0.870297  [198400/200000]
Test Error: 
 Accuracy: 72.5%, Avg loss: 0.899322 

Epoch 26
-------------------------------
loss: 0.393235  [    0/200000]
loss: 0.362279  [ 6400/200000]
loss: 0.387208  [12800/200000]
loss: 0.260007  [19200/200000]
loss: 0.297138  [25600/200000]
loss: 0.266480  [32000/200000]
loss: 0.199350  [38400/200000]
loss: 0.330038  [44800/200000]
loss: 0.307622  [51200/200000]
loss: 0.398348  [57600/200000]
loss: 0.217002  [64000/200000]
loss: 0.301843  [70400/200000]
loss: 0.377947  [76800/200000]
loss: 0.446882  [83200/200000]
loss: 0.476193  [89600/200000]
loss: 0.474674  [96000/200000]
loss: 0.358474  [102400/200000]
loss: 0.469273  [108800/200000]
loss: 0.366546  [115200/200000]
loss: 0.302060  [121600/200000]
loss: 0.527828  [128000/200000]
loss: 0.483527  [134400/200000]
loss: 0.303270  [140800/200000]
loss: 0.361347  [147200/200000]
loss: 0.544465  [153600/200000]
loss: 0.383419  [160000/200000]
loss: 0.622807  [166400/200000]
loss: 0.523569  [172800/200000]
loss: 0.525926  [179200/200000]
loss: 0.611219  [185600/200000]
loss: 0.522495  [192000/200000]
loss: 0.677845  [198400/200000]
Test Error: 
 Accuracy: 73.9%, Avg loss: 0.880482 

Epoch 27
-------------------------------
loss: 0.265091  [    0/200000]
loss: 0.242983  [ 6400/200000]
loss: 0.277477  [12800/200000]
loss: 0.226234  [19200/200000]
loss: 0.333862  [25600/200000]
loss: 0.204136  [32000/200000]
loss: 0.209340  [38400/200000]
loss: 0.236616  [44800/200000]
loss: 0.222522  [51200/200000]
loss: 0.300102  [57600/200000]
loss: 0.276079  [64000/200000]
loss: 0.203139  [70400/200000]
loss: 0.274179  [76800/200000]
loss: 0.333005  [83200/200000]
loss: 0.217551  [89600/200000]
loss: 0.408837  [96000/200000]
loss: 0.367043  [102400/200000]
loss: 0.324050  [108800/200000]
loss: 0.377630  [115200/200000]
loss: 0.363049  [121600/200000]
loss: 0.466785  [128000/200000]
loss: 0.435319  [134400/200000]
loss: 0.469759  [140800/200000]
loss: 0.435789  [147200/200000]
loss: 0.425971  [153600/200000]
loss: 0.344434  [160000/200000]
loss: 0.618838  [166400/200000]
loss: 0.349701  [172800/200000]
loss: 0.649057  [179200/200000]
loss: 0.450956  [185600/200000]
loss: 0.341924  [192000/200000]
loss: 0.497893  [198400/200000]
Test Error: 
 Accuracy: 72.3%, Avg loss: 0.940513 

Epoch 28
-------------------------------
loss: 0.216926  [    0/200000]
loss: 0.514405  [ 6400/200000]
loss: 0.327132  [12800/200000]
loss: 0.239462  [19200/200000]
loss: 0.426949  [25600/200000]
loss: 0.211901  [32000/200000]
loss: 0.269477  [38400/200000]
loss: 0.309461  [44800/200000]
loss: 0.173339  [51200/200000]
loss: 0.507434  [57600/200000]
loss: 0.171237  [64000/200000]
loss: 0.233481  [70400/200000]
loss: 0.349521  [76800/200000]
loss: 0.187568  [83200/200000]
loss: 0.387922  [89600/200000]
loss: 0.242984  [96000/200000]
loss: 0.207670  [102400/200000]
loss: 0.361177  [108800/200000]
loss: 0.366955  [115200/200000]
loss: 0.190056  [121600/200000]
loss: 0.502218  [128000/200000]
loss: 0.363389  [134400/200000]
loss: 0.366665  [140800/200000]
loss: 0.248656  [147200/200000]
loss: 0.269837  [153600/200000]
loss: 0.325675  [160000/200000]
loss: 0.440110  [166400/200000]
loss: 0.360745  [172800/200000]
loss: 0.271342  [179200/200000]
loss: 0.348514  [185600/200000]
loss: 0.419283  [192000/200000]
loss: 0.254930  [198400/200000]
Test Error: 
 Accuracy: 72.9%, Avg loss: 0.928266 

Epoch 29
-------------------------------
loss: 0.312739  [    0/200000]
loss: 0.137820  [ 6400/200000]
loss: 0.318040  [12800/200000]
loss: 0.283786  [19200/200000]
loss: 0.318465  [25600/200000]
loss: 0.201263  [32000/200000]
loss: 0.303245  [38400/200000]
loss: 0.148727  [44800/200000]
loss: 0.242884  [51200/200000]
loss: 0.150854  [57600/200000]
loss: 0.188983  [64000/200000]
loss: 0.306604  [70400/200000]
loss: 0.202026  [76800/200000]
loss: 0.277910  [83200/200000]
loss: 0.251921  [89600/200000]
loss: 0.330924  [96000/200000]
loss: 0.243442  [102400/200000]
loss: 0.270981  [108800/200000]
loss: 0.240871  [115200/200000]
loss: 0.127789  [121600/200000]
loss: 0.248886  [128000/200000]
loss: 0.313075  [134400/200000]
loss: 0.269430  [140800/200000]
loss: 0.307442  [147200/200000]
loss: 0.334889  [153600/200000]
loss: 0.353877  [160000/200000]
loss: 0.491882  [166400/200000]
loss: 0.365399  [172800/200000]
loss: 0.377317  [179200/200000]
loss: 0.323340  [185600/200000]
loss: 0.488108  [192000/200000]
loss: 0.566214  [198400/200000]
Test Error: 
 Accuracy: 75.2%, Avg loss: 0.847833 

Epoch 30
-------------------------------
loss: 0.406197  [    0/200000]
loss: 0.138999  [ 6400/200000]
loss: 0.134636  [12800/200000]
loss: 0.268773  [19200/200000]
loss: 0.226185  [25600/200000]
loss: 0.288393  [32000/200000]
loss: 0.219150  [38400/200000]
loss: 0.239231  [44800/200000]
loss: 0.305194  [51200/200000]
loss: 0.143943  [57600/200000]
loss: 0.290840  [64000/200000]
loss: 0.223310  [70400/200000]
loss: 0.139796  [76800/200000]
loss: 0.210038  [83200/200000]
loss: 0.288910  [89600/200000]
loss: 0.384687  [96000/200000]
loss: 0.285222  [102400/200000]
loss: 0.293727  [108800/200000]
loss: 0.436873  [115200/200000]
loss: 0.287675  [121600/200000]
loss: 0.249717  [128000/200000]
loss: 0.282114  [134400/200000]
loss: 0.154589  [140800/200000]
loss: 0.274369  [147200/200000]
loss: 0.271038  [153600/200000]
loss: 0.343921  [160000/200000]
loss: 0.471644  [166400/200000]
loss: 0.349785  [172800/200000]
loss: 0.288077  [179200/200000]
loss: 0.426190  [185600/200000]
loss: 0.298057  [192000/200000]
loss: 0.169938  [198400/200000]
Test Error: 
 Accuracy: 70.7%, Avg loss: 1.211500 

Done!
max accuracy 75.21
average accuracy 72.3975
