command config
N= 4
B= [2 2 2 2]
C1= 16
F= [3 3 3 3]
K= [1, 1, 1, 1]
P= 4
number of parameters 701466
Epoch 1
-------------------------------
loss: 2.424458  [    0/50000]
loss: 1.517329  [ 6400/50000]
loss: 1.540158  [12800/50000]
loss: 1.315394  [19200/50000]
loss: 1.183952  [25600/50000]
loss: 1.215811  [32000/50000]
loss: 1.108896  [38400/50000]
loss: 0.859512  [44800/50000]
Test Error: 
 Accuracy: 61.9%, Avg loss: 1.064696 

Epoch 2
-------------------------------
loss: 1.007029  [    0/50000]
loss: 1.053719  [ 6400/50000]
loss: 0.941344  [12800/50000]
loss: 1.031838  [19200/50000]
loss: 0.972383  [25600/50000]
loss: 0.943443  [32000/50000]
loss: 0.854564  [38400/50000]
loss: 0.684925  [44800/50000]
Test Error: 
 Accuracy: 69.5%, Avg loss: 0.851221 

Epoch 3
-------------------------------
loss: 0.679722  [    0/50000]
loss: 0.802667  [ 6400/50000]
loss: 0.601774  [12800/50000]
loss: 0.553478  [19200/50000]
loss: 0.682571  [25600/50000]
loss: 0.395483  [32000/50000]
loss: 0.573573  [38400/50000]
loss: 0.604030  [44800/50000]
Test Error: 
 Accuracy: 74.5%, Avg loss: 0.742416 

Epoch 4
-------------------------------
loss: 0.412074  [    0/50000]
loss: 0.476087  [ 6400/50000]
loss: 0.683428  [12800/50000]
loss: 0.432265  [19200/50000]
loss: 0.528031  [25600/50000]
loss: 0.598203  [32000/50000]
loss: 0.474109  [38400/50000]
loss: 0.350274  [44800/50000]
Test Error: 
 Accuracy: 75.7%, Avg loss: 0.714071 

Epoch 5
-------------------------------
loss: 0.350483  [    0/50000]
loss: 0.393006  [ 6400/50000]
loss: 0.463143  [12800/50000]
loss: 0.476697  [19200/50000]
loss: 0.477620  [25600/50000]
loss: 0.496093  [32000/50000]
loss: 0.541366  [38400/50000]
loss: 0.482471  [44800/50000]
Test Error: 
 Accuracy: 75.8%, Avg loss: 0.695016 

Epoch 6
-------------------------------
loss: 0.602643  [    0/50000]
loss: 0.356730  [ 6400/50000]
loss: 0.413791  [12800/50000]
loss: 0.363613  [19200/50000]
loss: 0.305739  [25600/50000]
loss: 0.266188  [32000/50000]
loss: 0.422042  [38400/50000]
loss: 0.516875  [44800/50000]
Test Error: 
 Accuracy: 78.9%, Avg loss: 0.639359 

Epoch 7
-------------------------------
loss: 0.262106  [    0/50000]
loss: 0.371092  [ 6400/50000]
loss: 0.223676  [12800/50000]
loss: 0.295496  [19200/50000]
loss: 0.312872  [25600/50000]
loss: 0.249359  [32000/50000]
loss: 0.256049  [38400/50000]
loss: 0.453939  [44800/50000]
Test Error: 
 Accuracy: 76.5%, Avg loss: 0.742367 

Epoch 8
-------------------------------
loss: 0.279940  [    0/50000]
loss: 0.229414  [ 6400/50000]
loss: 0.298192  [12800/50000]
loss: 0.304858  [19200/50000]
loss: 0.199316  [25600/50000]
loss: 0.182504  [32000/50000]
loss: 0.224320  [38400/50000]
loss: 0.268313  [44800/50000]
Test Error: 
 Accuracy: 78.1%, Avg loss: 0.743394 

Epoch 9
-------------------------------
loss: 0.117746  [    0/50000]
loss: 0.186080  [ 6400/50000]
loss: 0.198991  [12800/50000]
loss: 0.180523  [19200/50000]
loss: 0.218065  [25600/50000]
loss: 0.234735  [32000/50000]
loss: 0.218006  [38400/50000]
loss: 0.280127  [44800/50000]
Test Error: 
 Accuracy: 80.1%, Avg loss: 0.696231 

Epoch 10
-------------------------------
loss: 0.036960  [    0/50000]
loss: 0.102039  [ 6400/50000]
loss: 0.103776  [12800/50000]
loss: 0.235199  [19200/50000]
loss: 0.067259  [25600/50000]
loss: 0.067696  [32000/50000]
loss: 0.230042  [38400/50000]
loss: 0.274381  [44800/50000]
Test Error: 
 Accuracy: 79.8%, Avg loss: 0.743885 

Epoch 11
-------------------------------
loss: 0.061793  [    0/50000]
loss: 0.148935  [ 6400/50000]
loss: 0.118011  [12800/50000]
loss: 0.064184  [19200/50000]
loss: 0.082086  [25600/50000]
loss: 0.133120  [32000/50000]
loss: 0.182724  [38400/50000]
loss: 0.095584  [44800/50000]
Test Error: 
 Accuracy: 79.9%, Avg loss: 0.768071 

Epoch 12
-------------------------------
loss: 0.094105  [    0/50000]
loss: 0.098076  [ 6400/50000]
loss: 0.027671  [12800/50000]
loss: 0.049433  [19200/50000]
loss: 0.054770  [25600/50000]
loss: 0.212808  [32000/50000]
loss: 0.171546  [38400/50000]
loss: 0.148113  [44800/50000]
Test Error: 
 Accuracy: 80.2%, Avg loss: 0.838350 

Epoch 13
-------------------------------
loss: 0.121638  [    0/50000]
loss: 0.012399  [ 6400/50000]
loss: 0.055245  [12800/50000]
loss: 0.049444  [19200/50000]
loss: 0.065227  [25600/50000]
loss: 0.016353  [32000/50000]
loss: 0.062632  [38400/50000]
loss: 0.199403  [44800/50000]
Test Error: 
 Accuracy: 76.7%, Avg loss: 1.074122 

Epoch 14
-------------------------------
loss: 0.167929  [    0/50000]
loss: 0.078977  [ 6400/50000]
loss: 0.042696  [12800/50000]
loss: 0.107162  [19200/50000]
loss: 0.167212  [25600/50000]
loss: 0.054575  [32000/50000]
loss: 0.180521  [38400/50000]
loss: 0.211745  [44800/50000]
Test Error: 
 Accuracy: 78.8%, Avg loss: 0.915605 

Epoch 15
-------------------------------
loss: 0.077029  [    0/50000]
loss: 0.041088  [ 6400/50000]
loss: 0.029718  [12800/50000]
loss: 0.146133  [19200/50000]
loss: 0.103766  [25600/50000]
loss: 0.033426  [32000/50000]
loss: 0.128778  [38400/50000]
loss: 0.124784  [44800/50000]
Test Error: 
 Accuracy: 80.4%, Avg loss: 0.889791 

Epoch 16
-------------------------------
loss: 0.050742  [    0/50000]
loss: 0.317710  [ 6400/50000]
loss: 0.102703  [12800/50000]
loss: 0.062651  [19200/50000]
loss: 0.049439  [25600/50000]
loss: 0.082542  [32000/50000]
loss: 0.063592  [38400/50000]
loss: 0.066218  [44800/50000]
Test Error: 
 Accuracy: 77.7%, Avg loss: 1.058332 

Epoch 17
-------------------------------
loss: 0.139132  [    0/50000]
loss: 0.031459  [ 6400/50000]
loss: 0.026910  [12800/50000]
loss: 0.017680  [19200/50000]
loss: 0.026404  [25600/50000]
loss: 0.042951  [32000/50000]
loss: 0.086179  [38400/50000]
loss: 0.112846  [44800/50000]
Test Error: 
 Accuracy: 77.1%, Avg loss: 1.133812 

Epoch 18
-------------------------------
loss: 0.097018  [    0/50000]
loss: 0.024464  [ 6400/50000]
loss: 0.016237  [12800/50000]
loss: 0.162633  [19200/50000]
loss: 0.097180  [25600/50000]
loss: 0.028419  [32000/50000]
loss: 0.042311  [38400/50000]
loss: 0.130784  [44800/50000]
Test Error: 
 Accuracy: 79.4%, Avg loss: 0.962400 

Epoch 19
-------------------------------
loss: 0.038308  [    0/50000]
loss: 0.019618  [ 6400/50000]
loss: 0.081053  [12800/50000]
loss: 0.015850  [19200/50000]
loss: 0.022295  [25600/50000]
loss: 0.016135  [32000/50000]
loss: 0.029362  [38400/50000]
loss: 0.045876  [44800/50000]
Test Error: 
 Accuracy: 79.3%, Avg loss: 1.015013 

Epoch 20
-------------------------------
loss: 0.193297  [    0/50000]
loss: 0.055925  [ 6400/50000]
loss: 0.063404  [12800/50000]
loss: 0.079882  [19200/50000]
loss: 0.012957  [25600/50000]
loss: 0.029796  [32000/50000]
loss: 0.020303  [38400/50000]
loss: 0.051142  [44800/50000]
Test Error: 
 Accuracy: 79.8%, Avg loss: 1.014137 

Epoch 21
-------------------------------
loss: 0.125901  [    0/50000]
loss: 0.035308  [ 6400/50000]
loss: 0.134304  [12800/50000]
loss: 0.061812  [19200/50000]
loss: 0.002744  [25600/50000]
loss: 0.105980  [32000/50000]
loss: 0.083121  [38400/50000]
loss: 0.039287  [44800/50000]
Test Error: 
 Accuracy: 78.1%, Avg loss: 1.152278 

Epoch 22
-------------------------------
loss: 0.037212  [    0/50000]
loss: 0.046694  [ 6400/50000]
loss: 0.031700  [12800/50000]
loss: 0.059137  [19200/50000]
loss: 0.068097  [25600/50000]
loss: 0.025268  [32000/50000]
loss: 0.088387  [38400/50000]
loss: 0.018161  [44800/50000]
Test Error: 
 Accuracy: 80.4%, Avg loss: 1.007522 

Epoch 23
-------------------------------
loss: 0.013755  [    0/50000]
loss: 0.076010  [ 6400/50000]
loss: 0.016546  [12800/50000]
loss: 0.026128  [19200/50000]
loss: 0.065882  [25600/50000]
loss: 0.010481  [32000/50000]
loss: 0.080990  [38400/50000]
loss: 0.016670  [44800/50000]
Test Error: 
 Accuracy: 79.2%, Avg loss: 1.064519 

Epoch 24
-------------------------------
loss: 0.011005  [    0/50000]
loss: 0.078767  [ 6400/50000]
loss: 0.092562  [12800/50000]
loss: 0.008648  [19200/50000]
loss: 0.007814  [25600/50000]
loss: 0.076959  [32000/50000]
loss: 0.040927  [38400/50000]
loss: 0.087570  [44800/50000]
Test Error: 
 Accuracy: 77.7%, Avg loss: 1.155454 

Epoch 25
-------------------------------
loss: 0.012424  [    0/50000]
loss: 0.001996  [ 6400/50000]
loss: 0.008873  [12800/50000]
loss: 0.002527  [19200/50000]
loss: 0.020888  [25600/50000]
loss: 0.088571  [32000/50000]
loss: 0.012162  [38400/50000]
loss: 0.106402  [44800/50000]
Test Error: 
 Accuracy: 80.0%, Avg loss: 1.103508 

Epoch 26
-------------------------------
loss: 0.004651  [    0/50000]
loss: 0.004020  [ 6400/50000]
loss: 0.028949  [12800/50000]
loss: 0.055493  [19200/50000]
loss: 0.008837  [25600/50000]
loss: 0.111850  [32000/50000]
loss: 0.013384  [38400/50000]
loss: 0.038560  [44800/50000]
Test Error: 
 Accuracy: 80.3%, Avg loss: 1.076339 

Epoch 27
-------------------------------
loss: 0.025309  [    0/50000]
loss: 0.048352  [ 6400/50000]
loss: 0.082865  [12800/50000]
loss: 0.059462  [19200/50000]
loss: 0.036902  [25600/50000]
loss: 0.025742  [32000/50000]
loss: 0.098614  [38400/50000]
loss: 0.035450  [44800/50000]
Test Error: 
 Accuracy: 79.8%, Avg loss: 1.085640 

Epoch 28
-------------------------------
loss: 0.012568  [    0/50000]
loss: 0.013826  [ 6400/50000]
loss: 0.097094  [12800/50000]
loss: 0.025655  [19200/50000]
loss: 0.031384  [25600/50000]
loss: 0.033235  [32000/50000]
loss: 0.028016  [38400/50000]
loss: 0.097884  [44800/50000]
Test Error: 
 Accuracy: 79.6%, Avg loss: 1.161373 

Epoch 29
-------------------------------
loss: 0.002147  [    0/50000]
loss: 0.037842  [ 6400/50000]
loss: 0.119011  [12800/50000]
loss: 0.006211  [19200/50000]
loss: 0.059579  [25600/50000]
loss: 0.112183  [32000/50000]
loss: 0.022757  [38400/50000]
loss: 0.002002  [44800/50000]
Test Error: 
 Accuracy: 79.6%, Avg loss: 1.110181 

Epoch 30
-------------------------------
loss: 0.073403  [    0/50000]
loss: 0.070812  [ 6400/50000]
loss: 0.039316  [12800/50000]
loss: 0.082102  [19200/50000]
loss: 0.113064  [25600/50000]
loss: 0.005931  [32000/50000]
loss: 0.014650  [38400/50000]
loss: 0.010251  [44800/50000]
Test Error: 
 Accuracy: 80.1%, Avg loss: 1.098016 

Done!
max accuracy 80.4
average accuracy 79.203
