command config
N= 3
B= [4, 4, 1]
C1= 64
F= [5, 5, 3]
K= [5, 3, 1]
P= 8
number of parameters 4891722
Epoch 1
-------------------------------
loss: 2.409065  [    0/50000]
loss: 1.747397  [ 6400/50000]
loss: 1.516226  [12800/50000]
loss: 1.340068  [19200/50000]
loss: 1.410629  [25600/50000]
loss: 1.085624  [32000/50000]
loss: 1.280985  [38400/50000]
loss: 1.050561  [44800/50000]
Test Error: 
 Accuracy: 53.8%, Avg loss: 1.301100 

Epoch 2
-------------------------------
loss: 1.240847  [    0/50000]
loss: 1.068369  [ 6400/50000]
loss: 0.986907  [12800/50000]
loss: 0.926122  [19200/50000]
loss: 0.653538  [25600/50000]
loss: 0.976897  [32000/50000]
loss: 0.837185  [38400/50000]
loss: 0.825590  [44800/50000]
Test Error: 
 Accuracy: 55.4%, Avg loss: 1.370596 

Epoch 3
-------------------------------
loss: 0.802910  [    0/50000]
loss: 0.784822  [ 6400/50000]
loss: 0.665613  [12800/50000]
loss: 0.958857  [19200/50000]
loss: 0.713701  [25600/50000]
loss: 0.771034  [32000/50000]
loss: 0.471581  [38400/50000]
loss: 0.578057  [44800/50000]
Test Error: 
 Accuracy: 73.8%, Avg loss: 0.763818 

Epoch 4
-------------------------------
loss: 0.630366  [    0/50000]
loss: 0.567454  [ 6400/50000]
loss: 0.671696  [12800/50000]
loss: 0.737008  [19200/50000]
loss: 0.500935  [25600/50000]
loss: 0.709605  [32000/50000]
loss: 0.322548  [38400/50000]
loss: 0.616500  [44800/50000]
Test Error: 
 Accuracy: 78.3%, Avg loss: 0.644221 

Epoch 5
-------------------------------
loss: 0.343664  [    0/50000]
loss: 0.371691  [ 6400/50000]
loss: 0.614460  [12800/50000]
loss: 0.654346  [19200/50000]
loss: 0.493248  [25600/50000]
loss: 0.601736  [32000/50000]
loss: 0.652277  [38400/50000]
loss: 0.436752  [44800/50000]
Test Error: 
 Accuracy: 73.6%, Avg loss: 0.810607 

Epoch 6
-------------------------------
loss: 0.429296  [    0/50000]
loss: 0.385981  [ 6400/50000]
loss: 0.650286  [12800/50000]
loss: 0.265794  [19200/50000]
loss: 0.440205  [25600/50000]
loss: 0.337878  [32000/50000]
loss: 0.556869  [38400/50000]
loss: 0.446964  [44800/50000]
Test Error: 
 Accuracy: 80.6%, Avg loss: 0.576786 

Epoch 7
-------------------------------
loss: 0.267296  [    0/50000]
loss: 0.431063  [ 6400/50000]
loss: 0.460712  [12800/50000]
loss: 0.361697  [19200/50000]
loss: 0.454209  [25600/50000]
loss: 0.442763  [32000/50000]
loss: 0.358730  [38400/50000]
loss: 0.298379  [44800/50000]
Test Error: 
 Accuracy: 82.5%, Avg loss: 0.525133 

Epoch 8
-------------------------------
loss: 0.340472  [    0/50000]
loss: 0.368262  [ 6400/50000]
loss: 0.253358  [12800/50000]
loss: 0.319654  [19200/50000]
loss: 0.385263  [25600/50000]
loss: 0.340421  [32000/50000]
loss: 0.272441  [38400/50000]
loss: 0.320088  [44800/50000]
Test Error: 
 Accuracy: 83.0%, Avg loss: 0.504638 

Epoch 9
-------------------------------
loss: 0.408904  [    0/50000]
loss: 0.290178  [ 6400/50000]
loss: 0.234023  [12800/50000]
loss: 0.296905  [19200/50000]
loss: 0.197420  [25600/50000]
loss: 0.317122  [32000/50000]
loss: 0.195497  [38400/50000]
loss: 0.212313  [44800/50000]
Test Error: 
 Accuracy: 85.6%, Avg loss: 0.436492 

Epoch 10
-------------------------------
loss: 0.367198  [    0/50000]
loss: 0.110198  [ 6400/50000]
loss: 0.220792  [12800/50000]
loss: 0.142569  [19200/50000]
loss: 0.250281  [25600/50000]
loss: 0.145779  [32000/50000]
loss: 0.435499  [38400/50000]
loss: 0.296771  [44800/50000]
Test Error: 
 Accuracy: 83.8%, Avg loss: 0.521639 

Epoch 11
-------------------------------
loss: 0.198495  [    0/50000]
loss: 0.201980  [ 6400/50000]
loss: 0.095395  [12800/50000]
loss: 0.119093  [19200/50000]
loss: 0.076417  [25600/50000]
loss: 0.101107  [32000/50000]
loss: 0.157308  [38400/50000]
loss: 0.164618  [44800/50000]
Test Error: 
 Accuracy: 84.0%, Avg loss: 0.528950 

Epoch 12
-------------------------------
loss: 0.157698  [    0/50000]
loss: 0.059017  [ 6400/50000]
loss: 0.075177  [12800/50000]
loss: 0.028308  [19200/50000]
loss: 0.112847  [25600/50000]
loss: 0.117143  [32000/50000]
loss: 0.061332  [38400/50000]
loss: 0.079675  [44800/50000]
Test Error: 
 Accuracy: 85.9%, Avg loss: 0.486673 

Epoch 13
-------------------------------
loss: 0.161705  [    0/50000]
loss: 0.139243  [ 6400/50000]
loss: 0.087823  [12800/50000]
loss: 0.129117  [19200/50000]
loss: 0.066789  [25600/50000]
loss: 0.180525  [32000/50000]
loss: 0.070351  [38400/50000]
loss: 0.095066  [44800/50000]
Test Error: 
 Accuracy: 86.5%, Avg loss: 0.486107 

Epoch 14
-------------------------------
loss: 0.078779  [    0/50000]
loss: 0.112065  [ 6400/50000]
loss: 0.165496  [12800/50000]
loss: 0.083381  [19200/50000]
loss: 0.122581  [25600/50000]
loss: 0.059075  [32000/50000]
loss: 0.114033  [38400/50000]
loss: 0.101829  [44800/50000]
Test Error: 
 Accuracy: 88.0%, Avg loss: 0.441097 

Epoch 15
-------------------------------
loss: 0.072614  [    0/50000]
loss: 0.052514  [ 6400/50000]
loss: 0.063114  [12800/50000]
loss: 0.176499  [19200/50000]
loss: 0.059230  [25600/50000]
loss: 0.046019  [32000/50000]
loss: 0.061105  [38400/50000]
loss: 0.080502  [44800/50000]
Test Error: 
 Accuracy: 85.8%, Avg loss: 0.553230 

Epoch 16
-------------------------------
loss: 0.064004  [    0/50000]
loss: 0.065619  [ 6400/50000]
loss: 0.067971  [12800/50000]
loss: 0.053584  [19200/50000]
loss: 0.019722  [25600/50000]
loss: 0.018075  [32000/50000]
loss: 0.079288  [38400/50000]
loss: 0.019409  [44800/50000]
Test Error: 
 Accuracy: 85.9%, Avg loss: 0.557831 

Epoch 17
-------------------------------
loss: 0.136952  [    0/50000]
loss: 0.029530  [ 6400/50000]
loss: 0.031773  [12800/50000]
loss: 0.013126  [19200/50000]
loss: 0.081496  [25600/50000]
loss: 0.070309  [32000/50000]
loss: 0.180992  [38400/50000]
loss: 0.080041  [44800/50000]
Test Error: 
 Accuracy: 85.3%, Avg loss: 0.650027 

Epoch 18
-------------------------------
loss: 0.097494  [    0/50000]
loss: 0.024340  [ 6400/50000]
loss: 0.050684  [12800/50000]
loss: 0.070186  [19200/50000]
loss: 0.058973  [25600/50000]
loss: 0.077982  [32000/50000]
loss: 0.048041  [38400/50000]
loss: 0.061900  [44800/50000]
Test Error: 
 Accuracy: 86.5%, Avg loss: 0.570337 

Epoch 19
-------------------------------
loss: 0.057807  [    0/50000]
loss: 0.013539  [ 6400/50000]
loss: 0.048299  [12800/50000]
loss: 0.035331  [19200/50000]
loss: 0.027983  [25600/50000]
loss: 0.013551  [32000/50000]
loss: 0.045748  [38400/50000]
loss: 0.022499  [44800/50000]
Test Error: 
 Accuracy: 87.5%, Avg loss: 0.520420 

Epoch 20
-------------------------------
loss: 0.005958  [    0/50000]
loss: 0.054313  [ 6400/50000]
loss: 0.017947  [12800/50000]
loss: 0.047002  [19200/50000]
loss: 0.088359  [25600/50000]
loss: 0.018003  [32000/50000]
loss: 0.109723  [38400/50000]
loss: 0.028958  [44800/50000]
Test Error: 
 Accuracy: 87.0%, Avg loss: 0.552219 

Epoch 21
-------------------------------
loss: 0.123152  [    0/50000]
loss: 0.082018  [ 6400/50000]
loss: 0.046120  [12800/50000]
loss: 0.014063  [19200/50000]
loss: 0.044227  [25600/50000]
loss: 0.087136  [32000/50000]
loss: 0.046328  [38400/50000]
loss: 0.069215  [44800/50000]
Test Error: 
 Accuracy: 87.2%, Avg loss: 0.579723 

Epoch 22
-------------------------------
loss: 0.007206  [    0/50000]
loss: 0.096871  [ 6400/50000]
loss: 0.019387  [12800/50000]
loss: 0.033734  [19200/50000]
loss: 0.021473  [25600/50000]
loss: 0.015288  [32000/50000]
loss: 0.025757  [38400/50000]
loss: 0.152251  [44800/50000]
Test Error: 
 Accuracy: 84.7%, Avg loss: 0.743998 

Epoch 23
-------------------------------
loss: 0.022046  [    0/50000]
loss: 0.015663  [ 6400/50000]
loss: 0.037743  [12800/50000]
loss: 0.068617  [19200/50000]
loss: 0.020472  [25600/50000]
loss: 0.027590  [32000/50000]
loss: 0.010180  [38400/50000]
loss: 0.005061  [44800/50000]
Test Error: 
 Accuracy: 86.2%, Avg loss: 0.659695 

Epoch 24
-------------------------------
loss: 0.060049  [    0/50000]
loss: 0.116224  [ 6400/50000]
loss: 0.018853  [12800/50000]
loss: 0.005317  [19200/50000]
loss: 0.007649  [25600/50000]
loss: 0.006216  [32000/50000]
loss: 0.011281  [38400/50000]
loss: 0.036243  [44800/50000]
Test Error: 
 Accuracy: 87.1%, Avg loss: 0.580903 

Epoch 25
-------------------------------
loss: 0.075640  [    0/50000]
loss: 0.017163  [ 6400/50000]
loss: 0.051138  [12800/50000]
loss: 0.090407  [19200/50000]
loss: 0.046410  [25600/50000]
loss: 0.007804  [32000/50000]
loss: 0.035228  [38400/50000]
loss: 0.004575  [44800/50000]
Test Error: 
 Accuracy: 85.8%, Avg loss: 0.666246 

Epoch 26
-------------------------------
loss: 0.002774  [    0/50000]
loss: 0.033358  [ 6400/50000]
loss: 0.002693  [12800/50000]
loss: 0.063439  [19200/50000]
loss: 0.023790  [25600/50000]
loss: 0.092440  [32000/50000]
loss: 0.157103  [38400/50000]
loss: 0.047360  [44800/50000]
Test Error: 
 Accuracy: 87.2%, Avg loss: 0.600115 

Epoch 27
-------------------------------
loss: 0.060899  [    0/50000]
loss: 0.029484  [ 6400/50000]
loss: 0.020193  [12800/50000]
loss: 0.040496  [19200/50000]
loss: 0.001867  [25600/50000]
loss: 0.002122  [32000/50000]
loss: 0.067460  [38400/50000]
loss: 0.035378  [44800/50000]
Test Error: 
 Accuracy: 87.5%, Avg loss: 0.615012 

Epoch 28
-------------------------------
loss: 0.004366  [    0/50000]
loss: 0.015305  [ 6400/50000]
loss: 0.002168  [12800/50000]
loss: 0.002307  [19200/50000]
loss: 0.081907  [25600/50000]
loss: 0.013068  [32000/50000]
loss: 0.001561  [38400/50000]
loss: 0.044052  [44800/50000]
Test Error: 
 Accuracy: 87.2%, Avg loss: 0.664665 

Epoch 29
-------------------------------
loss: 0.028986  [    0/50000]
loss: 0.012030  [ 6400/50000]
loss: 0.038403  [12800/50000]
loss: 0.003497  [19200/50000]
loss: 0.009565  [25600/50000]
loss: 0.012118  [32000/50000]
loss: 0.046817  [38400/50000]
loss: 0.071634  [44800/50000]
Test Error: 
 Accuracy: 87.5%, Avg loss: 0.622193 

Epoch 30
-------------------------------
loss: 0.066719  [    0/50000]
loss: 0.035179  [ 6400/50000]
loss: 0.032099  [12800/50000]
loss: 0.050605  [19200/50000]
loss: 0.066803  [25600/50000]
loss: 0.005447  [32000/50000]
loss: 0.013096  [38400/50000]
loss: 0.016232  [44800/50000]
Test Error: 
 Accuracy: 88.1%, Avg loss: 0.601981 

Done!
