command config
N= 3
B= [1, 1, 1]
C1= 128
F= [3, 3, 3]
K= [1, 1, 1]
P= 8
number of parameters 4896394
Epoch 1
-------------------------------
loss: 2.372170  [    0/50000]
loss: 1.555281  [ 6400/50000]
loss: 1.482723  [12800/50000]
loss: 1.298608  [19200/50000]
loss: 1.394083  [25600/50000]
loss: 1.005890  [32000/50000]
loss: 0.934062  [38400/50000]
loss: 0.814253  [44800/50000]
Test Error: 
 Accuracy: 58.2%, Avg loss: 1.145940 

Epoch 2
-------------------------------
loss: 0.790679  [    0/50000]
loss: 0.954427  [ 6400/50000]
loss: 0.855304  [12800/50000]
loss: 0.909273  [19200/50000]
loss: 0.801685  [25600/50000]
loss: 0.798044  [32000/50000]
loss: 0.601332  [38400/50000]
loss: 0.813811  [44800/50000]
Test Error: 
 Accuracy: 60.0%, Avg loss: 1.218326 

Epoch 3
-------------------------------
loss: 0.776675  [    0/50000]
loss: 0.757307  [ 6400/50000]
loss: 0.473638  [12800/50000]
loss: 0.804659  [19200/50000]
loss: 0.623213  [25600/50000]
loss: 0.534218  [32000/50000]
loss: 0.683572  [38400/50000]
loss: 0.776181  [44800/50000]
Test Error: 
 Accuracy: 72.6%, Avg loss: 0.761077 

Epoch 4
-------------------------------
loss: 0.387043  [    0/50000]
loss: 0.495909  [ 6400/50000]
loss: 0.543314  [12800/50000]
loss: 0.468409  [19200/50000]
loss: 0.709700  [25600/50000]
loss: 0.638933  [32000/50000]
loss: 0.634395  [38400/50000]
loss: 0.435891  [44800/50000]
Test Error: 
 Accuracy: 78.2%, Avg loss: 0.647145 

Epoch 5
-------------------------------
loss: 0.487133  [    0/50000]
loss: 0.402730  [ 6400/50000]
loss: 0.511350  [12800/50000]
loss: 0.423785  [19200/50000]
loss: 0.682731  [25600/50000]
loss: 0.369307  [32000/50000]
loss: 0.282071  [38400/50000]
loss: 0.366134  [44800/50000]
Test Error: 
 Accuracy: 78.5%, Avg loss: 0.629868 

Epoch 6
-------------------------------
loss: 0.342410  [    0/50000]
loss: 0.260109  [ 6400/50000]
loss: 0.328141  [12800/50000]
loss: 0.302859  [19200/50000]
loss: 0.372727  [25600/50000]
loss: 0.326759  [32000/50000]
loss: 0.216453  [38400/50000]
loss: 0.268432  [44800/50000]
Test Error: 
 Accuracy: 77.3%, Avg loss: 0.720480 

Epoch 7
-------------------------------
loss: 0.319079  [    0/50000]
loss: 0.277696  [ 6400/50000]
loss: 0.209928  [12800/50000]
loss: 0.247138  [19200/50000]
loss: 0.327574  [25600/50000]
loss: 0.302382  [32000/50000]
loss: 0.281503  [38400/50000]
loss: 0.274286  [44800/50000]
Test Error: 
 Accuracy: 81.5%, Avg loss: 0.551492 

Epoch 8
-------------------------------
loss: 0.176555  [    0/50000]
loss: 0.197936  [ 6400/50000]
loss: 0.213325  [12800/50000]
loss: 0.191216  [19200/50000]
loss: 0.160933  [25600/50000]
loss: 0.196200  [32000/50000]
loss: 0.229589  [38400/50000]
loss: 0.253468  [44800/50000]
Test Error: 
 Accuracy: 80.1%, Avg loss: 0.653202 

Epoch 9
-------------------------------
loss: 0.075173  [    0/50000]
loss: 0.102886  [ 6400/50000]
loss: 0.131666  [12800/50000]
loss: 0.145657  [19200/50000]
loss: 0.061777  [25600/50000]
loss: 0.250641  [32000/50000]
loss: 0.083731  [38400/50000]
loss: 0.136981  [44800/50000]
Test Error: 
 Accuracy: 73.8%, Avg loss: 1.038666 

Epoch 10
-------------------------------
loss: 0.083431  [    0/50000]
loss: 0.087565  [ 6400/50000]
loss: 0.068644  [12800/50000]
loss: 0.102697  [19200/50000]
loss: 0.068841  [25600/50000]
loss: 0.043403  [32000/50000]
loss: 0.065641  [38400/50000]
loss: 0.162330  [44800/50000]
Test Error: 
 Accuracy: 81.5%, Avg loss: 0.692908 

Epoch 11
-------------------------------
loss: 0.108533  [    0/50000]
loss: 0.093663  [ 6400/50000]
loss: 0.029623  [12800/50000]
loss: 0.189516  [19200/50000]
loss: 0.060339  [25600/50000]
loss: 0.054300  [32000/50000]
loss: 0.067477  [38400/50000]
loss: 0.125577  [44800/50000]
Test Error: 
 Accuracy: 80.6%, Avg loss: 0.768410 

Epoch 12
-------------------------------
loss: 0.044912  [    0/50000]
loss: 0.072765  [ 6400/50000]
loss: 0.031720  [12800/50000]
loss: 0.007153  [19200/50000]
loss: 0.037641  [25600/50000]
loss: 0.100918  [32000/50000]
loss: 0.023489  [38400/50000]
loss: 0.063621  [44800/50000]
Test Error: 
 Accuracy: 80.9%, Avg loss: 0.757565 

Epoch 13
-------------------------------
loss: 0.059011  [    0/50000]
loss: 0.098440  [ 6400/50000]
loss: 0.051539  [12800/50000]
loss: 0.019878  [19200/50000]
loss: 0.075206  [25600/50000]
loss: 0.022931  [32000/50000]
loss: 0.068421  [38400/50000]
loss: 0.046210  [44800/50000]
Test Error: 
 Accuracy: 82.7%, Avg loss: 0.752727 

Epoch 14
-------------------------------
loss: 0.051198  [    0/50000]
loss: 0.017187  [ 6400/50000]
loss: 0.025205  [12800/50000]
loss: 0.054950  [19200/50000]
loss: 0.057286  [25600/50000]
loss: 0.037643  [32000/50000]
loss: 0.036880  [38400/50000]
loss: 0.080360  [44800/50000]
Test Error: 
 Accuracy: 80.0%, Avg loss: 0.981022 

Epoch 15
-------------------------------
loss: 0.066368  [    0/50000]
loss: 0.032278  [ 6400/50000]
loss: 0.049960  [12800/50000]
loss: 0.049744  [19200/50000]
loss: 0.014476  [25600/50000]
loss: 0.027198  [32000/50000]
loss: 0.083460  [38400/50000]
loss: 0.033165  [44800/50000]
Test Error: 
 Accuracy: 82.4%, Avg loss: 0.764102 

Epoch 16
-------------------------------
loss: 0.016928  [    0/50000]
loss: 0.005911  [ 6400/50000]
loss: 0.006845  [12800/50000]
loss: 0.008269  [19200/50000]
loss: 0.021180  [25600/50000]
loss: 0.040117  [32000/50000]
loss: 0.057720  [38400/50000]
loss: 0.010941  [44800/50000]
Test Error: 
 Accuracy: 81.5%, Avg loss: 0.887785 

Epoch 17
-------------------------------
loss: 0.014254  [    0/50000]
loss: 0.004334  [ 6400/50000]
loss: 0.006502  [12800/50000]
loss: 0.022651  [19200/50000]
loss: 0.048501  [25600/50000]
loss: 0.035109  [32000/50000]
loss: 0.114416  [38400/50000]
loss: 0.060299  [44800/50000]
Test Error: 
 Accuracy: 84.4%, Avg loss: 0.733696 

Epoch 18
-------------------------------
loss: 0.012961  [    0/50000]
loss: 0.007339  [ 6400/50000]
loss: 0.025659  [12800/50000]
loss: 0.027360  [19200/50000]
loss: 0.086970  [25600/50000]
loss: 0.114355  [32000/50000]
loss: 0.116194  [38400/50000]
loss: 0.009245  [44800/50000]
Test Error: 
 Accuracy: 80.5%, Avg loss: 0.967806 

Epoch 19
-------------------------------
loss: 0.096196  [    0/50000]
loss: 0.003558  [ 6400/50000]
loss: 0.092215  [12800/50000]
loss: 0.040280  [19200/50000]
loss: 0.029289  [25600/50000]
loss: 0.060299  [32000/50000]
loss: 0.009430  [38400/50000]
loss: 0.043169  [44800/50000]
Test Error: 
 Accuracy: 82.9%, Avg loss: 0.828858 

Epoch 20
-------------------------------
loss: 0.073892  [    0/50000]
loss: 0.038153  [ 6400/50000]
loss: 0.042431  [12800/50000]
loss: 0.006033  [19200/50000]
loss: 0.049464  [25600/50000]
loss: 0.016518  [32000/50000]
loss: 0.022695  [38400/50000]
loss: 0.009036  [44800/50000]
Test Error: 
 Accuracy: 82.6%, Avg loss: 0.873620 

Epoch 21
-------------------------------
loss: 0.006701  [    0/50000]
loss: 0.005313  [ 6400/50000]
loss: 0.004156  [12800/50000]
loss: 0.004764  [19200/50000]
loss: 0.009176  [25600/50000]
loss: 0.054603  [32000/50000]
loss: 0.014611  [38400/50000]
loss: 0.005181  [44800/50000]
Test Error: 
 Accuracy: 82.2%, Avg loss: 0.881781 

Epoch 22
-------------------------------
loss: 0.063848  [    0/50000]
loss: 0.045675  [ 6400/50000]
loss: 0.033654  [12800/50000]
loss: 0.099500  [19200/50000]
loss: 0.057507  [25600/50000]
loss: 0.059484  [32000/50000]
loss: 0.017191  [38400/50000]
loss: 0.000752  [44800/50000]
Test Error: 
 Accuracy: 84.0%, Avg loss: 0.786865 

Epoch 23
-------------------------------
loss: 0.008158  [    0/50000]
loss: 0.008133  [ 6400/50000]
loss: 0.022050  [12800/50000]
loss: 0.010427  [19200/50000]
loss: 0.090252  [25600/50000]
loss: 0.004650  [32000/50000]
loss: 0.125804  [38400/50000]
loss: 0.064332  [44800/50000]
Test Error: 
 Accuracy: 83.4%, Avg loss: 0.823961 

Epoch 24
-------------------------------
loss: 0.028576  [    0/50000]
loss: 0.006334  [ 6400/50000]
loss: 0.015080  [12800/50000]
loss: 0.017519  [19200/50000]
loss: 0.085298  [25600/50000]
loss: 0.048716  [32000/50000]
loss: 0.034206  [38400/50000]
loss: 0.002662  [44800/50000]
Test Error: 
 Accuracy: 84.0%, Avg loss: 0.827879 

Epoch 25
-------------------------------
loss: 0.035076  [    0/50000]
loss: 0.001130  [ 6400/50000]
loss: 0.064007  [12800/50000]
loss: 0.033280  [19200/50000]
loss: 0.023259  [25600/50000]
loss: 0.053835  [32000/50000]
loss: 0.050237  [38400/50000]
loss: 0.009655  [44800/50000]
Test Error: 
 Accuracy: 83.1%, Avg loss: 0.928019 

Epoch 26
-------------------------------
loss: 0.011519  [    0/50000]
loss: 0.003271  [ 6400/50000]
loss: 0.013999  [12800/50000]
loss: 0.002174  [19200/50000]
loss: 0.023785  [25600/50000]
loss: 0.002702  [32000/50000]
loss: 0.022435  [38400/50000]
loss: 0.011308  [44800/50000]
Test Error: 
 Accuracy: 81.8%, Avg loss: 1.002737 

Epoch 27
-------------------------------
loss: 0.094735  [    0/50000]
loss: 0.016564  [ 6400/50000]
loss: 0.055339  [12800/50000]
loss: 0.000712  [19200/50000]
loss: 0.076976  [25600/50000]
loss: 0.004279  [32000/50000]
loss: 0.004572  [38400/50000]
loss: 0.060430  [44800/50000]
Test Error: 
 Accuracy: 81.9%, Avg loss: 1.039365 

Epoch 28
-------------------------------
loss: 0.014607  [    0/50000]
loss: 0.012084  [ 6400/50000]
loss: 0.064856  [12800/50000]
loss: 0.014129  [19200/50000]
loss: 0.002443  [25600/50000]
loss: 0.007953  [32000/50000]
loss: 0.063431  [38400/50000]
loss: 0.007215  [44800/50000]
Test Error: 
 Accuracy: 83.4%, Avg loss: 0.904621 

Epoch 29
-------------------------------
loss: 0.046923  [    0/50000]
loss: 0.001010  [ 6400/50000]
loss: 0.006711  [12800/50000]
loss: 0.010996  [19200/50000]
loss: 0.009120  [25600/50000]
loss: 0.026392  [32000/50000]
loss: 0.003463  [38400/50000]
loss: 0.035707  [44800/50000]
Test Error: 
 Accuracy: 83.4%, Avg loss: 0.928343 

Epoch 30
-------------------------------
loss: 0.000567  [    0/50000]
loss: 0.007807  [ 6400/50000]
loss: 0.006795  [12800/50000]
loss: 0.088944  [19200/50000]
loss: 0.043551  [25600/50000]
loss: 0.037262  [32000/50000]
loss: 0.014402  [38400/50000]
loss: 0.021682  [44800/50000]
Test Error: 
 Accuracy: 82.7%, Avg loss: 0.952830 

Done!
