command config
N= 3
B= [4, 4, 3]
C1= 64
F= [3, 3, 3]
K= [1, 1, 1]
P= 8
number of parameters 4697162
Epoch 1
-------------------------------
loss: 2.386458  [    0/50000]
loss: 1.661611  [ 6400/50000]
loss: 1.676727  [12800/50000]
loss: 1.160920  [19200/50000]
loss: 1.195593  [25600/50000]
loss: 1.374043  [32000/50000]
loss: 1.159194  [38400/50000]
loss: 1.033455  [44800/50000]
Test Error: 
 Accuracy: 49.0%, Avg loss: 1.467447 

Epoch 2
-------------------------------
loss: 0.999500  [    0/50000]
loss: 1.084542  [ 6400/50000]
loss: 1.099663  [12800/50000]
loss: 0.686531  [19200/50000]
loss: 0.954943  [25600/50000]
loss: 0.982718  [32000/50000]
loss: 0.640032  [38400/50000]
loss: 0.938687  [44800/50000]
Test Error: 
 Accuracy: 63.4%, Avg loss: 1.066657 

Epoch 3
-------------------------------
loss: 0.796597  [    0/50000]
loss: 0.659812  [ 6400/50000]
loss: 0.839947  [12800/50000]
loss: 0.593056  [19200/50000]
loss: 0.627416  [25600/50000]
loss: 0.603007  [32000/50000]
loss: 0.479288  [38400/50000]
loss: 0.708308  [44800/50000]
Test Error: 
 Accuracy: 75.0%, Avg loss: 0.737054 

Epoch 4
-------------------------------
loss: 0.754493  [    0/50000]
loss: 0.571959  [ 6400/50000]
loss: 0.476849  [12800/50000]
loss: 0.548742  [19200/50000]
loss: 0.642931  [25600/50000]
loss: 0.593609  [32000/50000]
loss: 0.365623  [38400/50000]
loss: 0.345124  [44800/50000]
Test Error: 
 Accuracy: 79.4%, Avg loss: 0.610519 

Epoch 5
-------------------------------
loss: 0.375113  [    0/50000]
loss: 0.470568  [ 6400/50000]
loss: 0.503568  [12800/50000]
loss: 0.352464  [19200/50000]
loss: 0.373054  [25600/50000]
loss: 0.352105  [32000/50000]
loss: 0.425762  [38400/50000]
loss: 0.456345  [44800/50000]
Test Error: 
 Accuracy: 80.0%, Avg loss: 0.604356 

Epoch 6
-------------------------------
loss: 0.232733  [    0/50000]
loss: 0.352077  [ 6400/50000]
loss: 0.340259  [12800/50000]
loss: 0.407860  [19200/50000]
loss: 0.443541  [25600/50000]
loss: 0.202687  [32000/50000]
loss: 0.352854  [38400/50000]
loss: 0.443384  [44800/50000]
Test Error: 
 Accuracy: 80.3%, Avg loss: 0.584753 

Epoch 7
-------------------------------
loss: 0.450014  [    0/50000]
loss: 0.321726  [ 6400/50000]
loss: 0.289366  [12800/50000]
loss: 0.189707  [19200/50000]
loss: 0.316684  [25600/50000]
loss: 0.336296  [32000/50000]
loss: 0.425712  [38400/50000]
loss: 0.323437  [44800/50000]
Test Error: 
 Accuracy: 82.5%, Avg loss: 0.560638 

Epoch 8
-------------------------------
loss: 0.633570  [    0/50000]
loss: 0.132399  [ 6400/50000]
loss: 0.407473  [12800/50000]
loss: 0.261601  [19200/50000]
loss: 0.297807  [25600/50000]
loss: 0.292272  [32000/50000]
loss: 0.280191  [38400/50000]
loss: 0.165994  [44800/50000]
Test Error: 
 Accuracy: 81.0%, Avg loss: 0.606007 

Epoch 9
-------------------------------
loss: 0.152387  [    0/50000]
loss: 0.089561  [ 6400/50000]
loss: 0.181287  [12800/50000]
loss: 0.134631  [19200/50000]
loss: 0.254015  [25600/50000]
loss: 0.116589  [32000/50000]
loss: 0.281669  [38400/50000]
loss: 0.407004  [44800/50000]
Test Error: 
 Accuracy: 82.4%, Avg loss: 0.581310 

Epoch 10
-------------------------------
loss: 0.127214  [    0/50000]
loss: 0.106152  [ 6400/50000]
loss: 0.149709  [12800/50000]
loss: 0.107499  [19200/50000]
loss: 0.089456  [25600/50000]
loss: 0.125973  [32000/50000]
loss: 0.221366  [38400/50000]
loss: 0.095199  [44800/50000]
Test Error: 
 Accuracy: 85.4%, Avg loss: 0.488182 

Epoch 11
-------------------------------
loss: 0.106978  [    0/50000]
loss: 0.062546  [ 6400/50000]
loss: 0.105589  [12800/50000]
loss: 0.133722  [19200/50000]
loss: 0.125449  [25600/50000]
loss: 0.140247  [32000/50000]
loss: 0.157846  [38400/50000]
loss: 0.193026  [44800/50000]
Test Error: 
 Accuracy: 84.9%, Avg loss: 0.571169 

Epoch 12
-------------------------------
loss: 0.091001  [    0/50000]
loss: 0.062171  [ 6400/50000]
loss: 0.069036  [12800/50000]
loss: 0.205865  [19200/50000]
loss: 0.243909  [25600/50000]
loss: 0.086827  [32000/50000]
loss: 0.123432  [38400/50000]
loss: 0.134353  [44800/50000]
Test Error: 
 Accuracy: 81.3%, Avg loss: 0.744606 

Epoch 13
-------------------------------
loss: 0.120463  [    0/50000]
loss: 0.045057  [ 6400/50000]
loss: 0.145894  [12800/50000]
loss: 0.165729  [19200/50000]
loss: 0.081327  [25600/50000]
loss: 0.084676  [32000/50000]
loss: 0.084967  [38400/50000]
loss: 0.078860  [44800/50000]
Test Error: 
 Accuracy: 84.0%, Avg loss: 0.697912 

Epoch 14
-------------------------------
loss: 0.036840  [    0/50000]
loss: 0.032283  [ 6400/50000]
loss: 0.087058  [12800/50000]
loss: 0.052443  [19200/50000]
loss: 0.113303  [25600/50000]
loss: 0.113291  [32000/50000]
loss: 0.024986  [38400/50000]
loss: 0.070328  [44800/50000]
Test Error: 
 Accuracy: 83.7%, Avg loss: 0.685244 

Epoch 15
-------------------------------
loss: 0.058077  [    0/50000]
loss: 0.031898  [ 6400/50000]
loss: 0.030367  [12800/50000]
loss: 0.030026  [19200/50000]
loss: 0.097163  [25600/50000]
loss: 0.041261  [32000/50000]
loss: 0.011477  [38400/50000]
loss: 0.072613  [44800/50000]
Test Error: 
 Accuracy: 85.5%, Avg loss: 0.633440 

Epoch 16
-------------------------------
loss: 0.036192  [    0/50000]
loss: 0.033936  [ 6400/50000]
loss: 0.015341  [12800/50000]
loss: 0.072113  [19200/50000]
loss: 0.079551  [25600/50000]
loss: 0.081319  [32000/50000]
loss: 0.014978  [38400/50000]
loss: 0.108621  [44800/50000]
Test Error: 
 Accuracy: 84.2%, Avg loss: 0.702637 

Epoch 17
-------------------------------
loss: 0.024648  [    0/50000]
loss: 0.013944  [ 6400/50000]
loss: 0.140851  [12800/50000]
loss: 0.037159  [19200/50000]
loss: 0.008132  [25600/50000]
loss: 0.042714  [32000/50000]
loss: 0.017881  [38400/50000]
loss: 0.039425  [44800/50000]
Test Error: 
 Accuracy: 83.0%, Avg loss: 0.819025 

Epoch 18
-------------------------------
loss: 0.026632  [    0/50000]
loss: 0.025042  [ 6400/50000]
loss: 0.035396  [12800/50000]
loss: 0.043986  [19200/50000]
loss: 0.078536  [25600/50000]
loss: 0.082443  [32000/50000]
loss: 0.018717  [38400/50000]
loss: 0.071591  [44800/50000]
Test Error: 
 Accuracy: 83.0%, Avg loss: 0.791849 

Epoch 19
-------------------------------
loss: 0.116530  [    0/50000]
loss: 0.127098  [ 6400/50000]
loss: 0.047442  [12800/50000]
loss: 0.009379  [19200/50000]
loss: 0.076712  [25600/50000]
loss: 0.112547  [32000/50000]
loss: 0.021924  [38400/50000]
loss: 0.025810  [44800/50000]
Test Error: 
 Accuracy: 85.5%, Avg loss: 0.691826 

Epoch 20
-------------------------------
loss: 0.086563  [    0/50000]
loss: 0.094810  [ 6400/50000]
loss: 0.084294  [12800/50000]
loss: 0.005634  [19200/50000]
loss: 0.122792  [25600/50000]
loss: 0.079617  [32000/50000]
loss: 0.029658  [38400/50000]
loss: 0.062770  [44800/50000]
Test Error: 
 Accuracy: 86.2%, Avg loss: 0.640892 

Epoch 21
-------------------------------
loss: 0.006274  [    0/50000]
loss: 0.001463  [ 6400/50000]
loss: 0.031001  [12800/50000]
loss: 0.085849  [19200/50000]
loss: 0.084533  [25600/50000]
loss: 0.105089  [32000/50000]
loss: 0.007441  [38400/50000]
loss: 0.013320  [44800/50000]
Test Error: 
 Accuracy: 85.5%, Avg loss: 0.713601 

Epoch 22
-------------------------------
loss: 0.106399  [    0/50000]
loss: 0.045594  [ 6400/50000]
loss: 0.034678  [12800/50000]
loss: 0.000595  [19200/50000]
loss: 0.010603  [25600/50000]
loss: 0.079613  [32000/50000]
loss: 0.003927  [38400/50000]
loss: 0.104879  [44800/50000]
Test Error: 
 Accuracy: 84.9%, Avg loss: 0.732710 

Epoch 23
-------------------------------
loss: 0.051247  [    0/50000]
loss: 0.007805  [ 6400/50000]
loss: 0.086219  [12800/50000]
loss: 0.013612  [19200/50000]
loss: 0.097066  [25600/50000]
loss: 0.056364  [32000/50000]
loss: 0.002427  [38400/50000]
loss: 0.018792  [44800/50000]
Test Error: 
 Accuracy: 86.3%, Avg loss: 0.686827 

Epoch 24
-------------------------------
loss: 0.064989  [    0/50000]
loss: 0.009414  [ 6400/50000]
loss: 0.055515  [12800/50000]
loss: 0.078181  [19200/50000]
loss: 0.049503  [25600/50000]
loss: 0.021819  [32000/50000]
loss: 0.017057  [38400/50000]
loss: 0.065065  [44800/50000]
Test Error: 
 Accuracy: 86.1%, Avg loss: 0.696001 

Epoch 25
-------------------------------
loss: 0.022897  [    0/50000]
loss: 0.061930  [ 6400/50000]
loss: 0.014308  [12800/50000]
loss: 0.056276  [19200/50000]
loss: 0.063927  [25600/50000]
loss: 0.018722  [32000/50000]
loss: 0.038399  [38400/50000]
loss: 0.004916  [44800/50000]
Test Error: 
 Accuracy: 85.1%, Avg loss: 0.762423 

Epoch 26
-------------------------------
loss: 0.059101  [    0/50000]
loss: 0.008259  [ 6400/50000]
loss: 0.004620  [12800/50000]
loss: 0.036218  [19200/50000]
loss: 0.013636  [25600/50000]
loss: 0.081727  [32000/50000]
loss: 0.007782  [38400/50000]
loss: 0.021849  [44800/50000]
Test Error: 
 Accuracy: 86.1%, Avg loss: 0.683783 

Epoch 27
-------------------------------
loss: 0.006499  [    0/50000]
loss: 0.019011  [ 6400/50000]
loss: 0.025742  [12800/50000]
loss: 0.019694  [19200/50000]
loss: 0.004339  [25600/50000]
loss: 0.010462  [32000/50000]
loss: 0.095763  [38400/50000]
loss: 0.071311  [44800/50000]
Test Error: 
 Accuracy: 86.7%, Avg loss: 0.698159 

Epoch 28
-------------------------------
loss: 0.009955  [    0/50000]
loss: 0.066496  [ 6400/50000]
loss: 0.003440  [12800/50000]
loss: 0.005111  [19200/50000]
loss: 0.012120  [25600/50000]
loss: 0.002726  [32000/50000]
loss: 0.048689  [38400/50000]
loss: 0.031496  [44800/50000]
Test Error: 
 Accuracy: 84.8%, Avg loss: 0.795377 

Epoch 29
-------------------------------
loss: 0.075738  [    0/50000]
loss: 0.005382  [ 6400/50000]
loss: 0.006927  [12800/50000]
loss: 0.030132  [19200/50000]
loss: 0.089434  [25600/50000]
loss: 0.049767  [32000/50000]
loss: 0.009963  [38400/50000]
loss: 0.013515  [44800/50000]
Test Error: 
 Accuracy: 87.0%, Avg loss: 0.657462 

Epoch 30
-------------------------------
loss: 0.016820  [    0/50000]
loss: 0.019574  [ 6400/50000]
loss: 0.004402  [12800/50000]
loss: 0.050619  [19200/50000]
loss: 0.004761  [25600/50000]
loss: 0.001697  [32000/50000]
loss: 0.069160  [38400/50000]
loss: 0.005605  [44800/50000]
Test Error: 
 Accuracy: 86.1%, Avg loss: 0.713035 

Done!
