command config
N= 3
B= [3, 4, 1]
C1= 64
F= [5, 5, 3]
K= [5, 3, 1]
P= 8
number of parameters 4686666
Epoch 1
-------------------------------
loss: 2.330144  [    0/50000]
loss: 1.643072  [ 6400/50000]
loss: 1.829832  [12800/50000]
loss: 1.441066  [19200/50000]
loss: 1.384013  [25600/50000]
loss: 1.348010  [32000/50000]
loss: 0.970715  [38400/50000]
loss: 1.068299  [44800/50000]
Test Error: 
 Accuracy: 57.1%, Avg loss: 1.198433 

Epoch 2
-------------------------------
loss: 1.098452  [    0/50000]
loss: 1.190202  [ 6400/50000]
loss: 1.007643  [12800/50000]
loss: 0.926039  [19200/50000]
loss: 1.155115  [25600/50000]
loss: 0.761566  [32000/50000]
loss: 0.848995  [38400/50000]
loss: 0.891189  [44800/50000]
Test Error: 
 Accuracy: 68.8%, Avg loss: 0.894221 

Epoch 3
-------------------------------
loss: 0.917312  [    0/50000]
loss: 0.736398  [ 6400/50000]
loss: 0.690749  [12800/50000]
loss: 0.728945  [19200/50000]
loss: 0.583603  [25600/50000]
loss: 0.698905  [32000/50000]
loss: 0.791122  [38400/50000]
loss: 0.611709  [44800/50000]
Test Error: 
 Accuracy: 70.5%, Avg loss: 0.859640 

Epoch 4
-------------------------------
loss: 0.766799  [    0/50000]
loss: 0.631883  [ 6400/50000]
loss: 0.619720  [12800/50000]
loss: 0.594515  [19200/50000]
loss: 0.575802  [25600/50000]
loss: 0.502391  [32000/50000]
loss: 0.518848  [38400/50000]
loss: 0.645536  [44800/50000]
Test Error: 
 Accuracy: 69.4%, Avg loss: 0.910286 

Epoch 5
-------------------------------
loss: 0.552366  [    0/50000]
loss: 0.618545  [ 6400/50000]
loss: 0.538147  [12800/50000]
loss: 0.587398  [19200/50000]
loss: 0.465794  [25600/50000]
loss: 0.562951  [32000/50000]
loss: 0.492388  [38400/50000]
loss: 0.538577  [44800/50000]
Test Error: 
 Accuracy: 81.3%, Avg loss: 0.546038 

Epoch 6
-------------------------------
loss: 0.300271  [    0/50000]
loss: 0.406555  [ 6400/50000]
loss: 0.322889  [12800/50000]
loss: 0.711317  [19200/50000]
loss: 0.308152  [25600/50000]
loss: 0.311739  [32000/50000]
loss: 0.325393  [38400/50000]
loss: 0.414026  [44800/50000]
Test Error: 
 Accuracy: 81.9%, Avg loss: 0.536850 

Epoch 7
-------------------------------
loss: 0.277046  [    0/50000]
loss: 0.332471  [ 6400/50000]
loss: 0.231157  [12800/50000]
loss: 0.536519  [19200/50000]
loss: 0.280391  [25600/50000]
loss: 0.189957  [32000/50000]
loss: 0.507686  [38400/50000]
loss: 0.345689  [44800/50000]
Test Error: 
 Accuracy: 83.0%, Avg loss: 0.511055 

Epoch 8
-------------------------------
loss: 0.366899  [    0/50000]
loss: 0.117979  [ 6400/50000]
loss: 0.253647  [12800/50000]
loss: 0.335455  [19200/50000]
loss: 0.360465  [25600/50000]
loss: 0.564473  [32000/50000]
loss: 0.331969  [38400/50000]
loss: 0.286102  [44800/50000]
Test Error: 
 Accuracy: 83.4%, Avg loss: 0.512830 

Epoch 9
-------------------------------
loss: 0.137129  [    0/50000]
loss: 0.075624  [ 6400/50000]
loss: 0.182826  [12800/50000]
loss: 0.160919  [19200/50000]
loss: 0.293563  [25600/50000]
loss: 0.277226  [32000/50000]
loss: 0.086050  [38400/50000]
loss: 0.308548  [44800/50000]
Test Error: 
 Accuracy: 83.5%, Avg loss: 0.533125 

Epoch 10
-------------------------------
loss: 0.386180  [    0/50000]
loss: 0.275951  [ 6400/50000]
loss: 0.143791  [12800/50000]
loss: 0.211292  [19200/50000]
loss: 0.183586  [25600/50000]
loss: 0.234674  [32000/50000]
loss: 0.134882  [38400/50000]
loss: 0.308107  [44800/50000]
Test Error: 
 Accuracy: 85.9%, Avg loss: 0.453296 

Epoch 11
-------------------------------
loss: 0.078404  [    0/50000]
loss: 0.040147  [ 6400/50000]
loss: 0.210934  [12800/50000]
loss: 0.136429  [19200/50000]
loss: 0.211409  [25600/50000]
loss: 0.137450  [32000/50000]
loss: 0.319156  [38400/50000]
loss: 0.115002  [44800/50000]
Test Error: 
 Accuracy: 86.0%, Avg loss: 0.463781 

Epoch 12
-------------------------------
loss: 0.123479  [    0/50000]
loss: 0.197805  [ 6400/50000]
loss: 0.179851  [12800/50000]
loss: 0.111826  [19200/50000]
loss: 0.135919  [25600/50000]
loss: 0.130769  [32000/50000]
loss: 0.167537  [38400/50000]
loss: 0.050561  [44800/50000]
Test Error: 
 Accuracy: 85.5%, Avg loss: 0.498780 

Epoch 13
-------------------------------
loss: 0.112581  [    0/50000]
loss: 0.139798  [ 6400/50000]
loss: 0.015771  [12800/50000]
loss: 0.073838  [19200/50000]
loss: 0.030447  [25600/50000]
loss: 0.108065  [32000/50000]
loss: 0.090310  [38400/50000]
loss: 0.135320  [44800/50000]
Test Error: 
 Accuracy: 85.6%, Avg loss: 0.510083 

Epoch 14
-------------------------------
loss: 0.061224  [    0/50000]
loss: 0.039518  [ 6400/50000]
loss: 0.039635  [12800/50000]
loss: 0.080323  [19200/50000]
loss: 0.062682  [25600/50000]
loss: 0.081779  [32000/50000]
loss: 0.028292  [38400/50000]
loss: 0.187043  [44800/50000]
Test Error: 
 Accuracy: 86.5%, Avg loss: 0.498111 

Epoch 15
-------------------------------
loss: 0.053444  [    0/50000]
loss: 0.015769  [ 6400/50000]
loss: 0.024251  [12800/50000]
loss: 0.082634  [19200/50000]
loss: 0.064187  [25600/50000]
loss: 0.261549  [32000/50000]
loss: 0.158450  [38400/50000]
loss: 0.081444  [44800/50000]
Test Error: 
 Accuracy: 86.7%, Avg loss: 0.520529 

Epoch 16
-------------------------------
loss: 0.028496  [    0/50000]
loss: 0.102025  [ 6400/50000]
loss: 0.027611  [12800/50000]
loss: 0.127012  [19200/50000]
loss: 0.125848  [25600/50000]
loss: 0.254316  [32000/50000]
loss: 0.073506  [38400/50000]
loss: 0.103315  [44800/50000]
Test Error: 
 Accuracy: 86.7%, Avg loss: 0.520968 

Epoch 17
-------------------------------
loss: 0.120186  [    0/50000]
loss: 0.013265  [ 6400/50000]
loss: 0.052482  [12800/50000]
loss: 0.019364  [19200/50000]
loss: 0.047847  [25600/50000]
loss: 0.010940  [32000/50000]
loss: 0.097429  [38400/50000]
loss: 0.305234  [44800/50000]
Test Error: 
 Accuracy: 87.3%, Avg loss: 0.534761 

Epoch 18
-------------------------------
loss: 0.050386  [    0/50000]
loss: 0.114251  [ 6400/50000]
loss: 0.010525  [12800/50000]
loss: 0.007473  [19200/50000]
loss: 0.036043  [25600/50000]
loss: 0.052059  [32000/50000]
loss: 0.116664  [38400/50000]
loss: 0.024622  [44800/50000]
Test Error: 
 Accuracy: 86.6%, Avg loss: 0.598059 

Epoch 19
-------------------------------
loss: 0.034852  [    0/50000]
loss: 0.031481  [ 6400/50000]
loss: 0.053118  [12800/50000]
loss: 0.094242  [19200/50000]
loss: 0.005419  [25600/50000]
loss: 0.046263  [32000/50000]
loss: 0.012709  [38400/50000]
loss: 0.175940  [44800/50000]
Test Error: 
 Accuracy: 87.2%, Avg loss: 0.590703 

Epoch 20
-------------------------------
loss: 0.037304  [    0/50000]
loss: 0.018660  [ 6400/50000]
loss: 0.049581  [12800/50000]
loss: 0.027143  [19200/50000]
loss: 0.019601  [25600/50000]
loss: 0.047925  [32000/50000]
loss: 0.037727  [38400/50000]
loss: 0.051732  [44800/50000]
Test Error: 
 Accuracy: 87.4%, Avg loss: 0.545781 

Epoch 21
-------------------------------
loss: 0.007298  [    0/50000]
loss: 0.033475  [ 6400/50000]
loss: 0.040750  [12800/50000]
loss: 0.020271  [19200/50000]
loss: 0.119416  [25600/50000]
loss: 0.143949  [32000/50000]
loss: 0.013423  [38400/50000]
loss: 0.116875  [44800/50000]
Test Error: 
 Accuracy: 86.0%, Avg loss: 0.656535 

Epoch 22
-------------------------------
loss: 0.010125  [    0/50000]
loss: 0.071980  [ 6400/50000]
loss: 0.004783  [12800/50000]
loss: 0.053614  [19200/50000]
loss: 0.021718  [25600/50000]
loss: 0.075956  [32000/50000]
loss: 0.026962  [38400/50000]
loss: 0.005216  [44800/50000]
Test Error: 
 Accuracy: 86.9%, Avg loss: 0.602120 

Epoch 23
-------------------------------
loss: 0.024026  [    0/50000]
loss: 0.002961  [ 6400/50000]
loss: 0.066516  [12800/50000]
loss: 0.000906  [19200/50000]
loss: 0.085984  [25600/50000]
loss: 0.055576  [32000/50000]
loss: 0.089235  [38400/50000]
loss: 0.062403  [44800/50000]
Test Error: 
 Accuracy: 87.1%, Avg loss: 0.616578 

Epoch 24
-------------------------------
loss: 0.005153  [    0/50000]
loss: 0.018012  [ 6400/50000]
loss: 0.052447  [12800/50000]
loss: 0.010056  [19200/50000]
loss: 0.004248  [25600/50000]
loss: 0.006794  [32000/50000]
loss: 0.011802  [38400/50000]
loss: 0.032855  [44800/50000]
Test Error: 
 Accuracy: 84.6%, Avg loss: 0.822573 

Epoch 25
-------------------------------
loss: 0.034090  [    0/50000]
loss: 0.037264  [ 6400/50000]
loss: 0.066311  [12800/50000]
loss: 0.007640  [19200/50000]
loss: 0.053069  [25600/50000]
loss: 0.007720  [32000/50000]
loss: 0.051481  [38400/50000]
loss: 0.003861  [44800/50000]
Test Error: 
 Accuracy: 87.5%, Avg loss: 0.622166 

Epoch 26
-------------------------------
loss: 0.035733  [    0/50000]
loss: 0.000785  [ 6400/50000]
loss: 0.040268  [12800/50000]
loss: 0.002594  [19200/50000]
loss: 0.027608  [25600/50000]
loss: 0.003267  [32000/50000]
loss: 0.012686  [38400/50000]
loss: 0.057371  [44800/50000]
Test Error: 
 Accuracy: 86.3%, Avg loss: 0.679586 

Epoch 27
-------------------------------
loss: 0.020857  [    0/50000]
loss: 0.027061  [ 6400/50000]
loss: 0.032627  [12800/50000]
loss: 0.034202  [19200/50000]
loss: 0.008374  [25600/50000]
loss: 0.011016  [32000/50000]
loss: 0.036573  [38400/50000]
loss: 0.007022  [44800/50000]
Test Error: 
 Accuracy: 87.4%, Avg loss: 0.650396 

Epoch 28
-------------------------------
loss: 0.021475  [    0/50000]
loss: 0.003231  [ 6400/50000]
loss: 0.066749  [12800/50000]
loss: 0.029132  [19200/50000]
loss: 0.010003  [25600/50000]
loss: 0.031241  [32000/50000]
loss: 0.008995  [38400/50000]
loss: 0.024631  [44800/50000]
Test Error: 
 Accuracy: 88.0%, Avg loss: 0.638687 

Epoch 29
-------------------------------
loss: 0.009279  [    0/50000]
loss: 0.008105  [ 6400/50000]
loss: 0.020838  [12800/50000]
loss: 0.007634  [19200/50000]
loss: 0.000976  [25600/50000]
loss: 0.023558  [32000/50000]
loss: 0.049499  [38400/50000]
loss: 0.150365  [44800/50000]
Test Error: 
 Accuracy: 87.0%, Avg loss: 0.675822 

Epoch 30
-------------------------------
loss: 0.020369  [    0/50000]
loss: 0.008655  [ 6400/50000]
loss: 0.019684  [12800/50000]
loss: 0.009427  [19200/50000]
loss: 0.003467  [25600/50000]
loss: 0.012889  [32000/50000]
loss: 0.033419  [38400/50000]
loss: 0.002732  [44800/50000]
Test Error: 
 Accuracy: 87.5%, Avg loss: 0.636519 

Done!
