command config
N= 6
B= [3, 2, 3, 3, 3, 3]
C1= 8
F= [5, 5, 3, 5, 3, 3]
K= [5, 3, 1, 3, 1, 1]
P= 1
number of parameters 4771762
Epoch 1
-------------------------------
loss: 2.609813  [    0/50000]
loss: 2.003407  [ 6400/50000]
loss: 1.762462  [12800/50000]
loss: 1.811155  [19200/50000]
loss: 1.440464  [25600/50000]
loss: 1.466120  [32000/50000]
loss: 1.371849  [38400/50000]
loss: 1.517652  [44800/50000]
Test Error: 
 Accuracy: 41.0%, Avg loss: 1.855289 

Epoch 2
-------------------------------
loss: 1.046907  [    0/50000]
loss: 1.389728  [ 6400/50000]
loss: 1.092902  [12800/50000]
loss: 1.494929  [19200/50000]
loss: 1.217701  [25600/50000]
loss: 1.091558  [32000/50000]
loss: 1.098306  [38400/50000]
loss: 0.909877  [44800/50000]
Test Error: 
 Accuracy: 58.9%, Avg loss: 1.186884 

Epoch 3
-------------------------------
loss: 1.046503  [    0/50000]
loss: 1.055080  [ 6400/50000]
loss: 0.937151  [12800/50000]
loss: 1.144172  [19200/50000]
loss: 0.723461  [25600/50000]
loss: 0.753690  [32000/50000]
loss: 0.797577  [38400/50000]
loss: 1.094488  [44800/50000]
Test Error: 
 Accuracy: 65.5%, Avg loss: 0.984178 

Epoch 4
-------------------------------
loss: 0.882897  [    0/50000]
loss: 0.875525  [ 6400/50000]
loss: 0.709565  [12800/50000]
loss: 0.629780  [19200/50000]
loss: 0.662666  [25600/50000]
loss: 0.820219  [32000/50000]
loss: 0.723973  [38400/50000]
loss: 0.710685  [44800/50000]
Test Error: 
 Accuracy: 69.2%, Avg loss: 0.887506 

Epoch 5
-------------------------------
loss: 0.720694  [    0/50000]
loss: 0.762957  [ 6400/50000]
loss: 0.462029  [12800/50000]
loss: 0.493443  [19200/50000]
loss: 0.768364  [25600/50000]
loss: 0.618675  [32000/50000]
loss: 0.804218  [38400/50000]
loss: 0.569358  [44800/50000]
Test Error: 
 Accuracy: 73.2%, Avg loss: 0.773135 

Epoch 6
-------------------------------
loss: 0.427000  [    0/50000]
loss: 0.890882  [ 6400/50000]
loss: 0.691487  [12800/50000]
loss: 0.772141  [19200/50000]
loss: 0.384261  [25600/50000]
loss: 0.574263  [32000/50000]
loss: 0.742467  [38400/50000]
loss: 0.731067  [44800/50000]
Test Error: 
 Accuracy: 72.5%, Avg loss: 0.795456 

Epoch 7
-------------------------------
loss: 0.496005  [    0/50000]
loss: 0.480004  [ 6400/50000]
loss: 0.609636  [12800/50000]
loss: 0.723258  [19200/50000]
loss: 0.727461  [25600/50000]
loss: 0.604742  [32000/50000]
loss: 0.544145  [38400/50000]
loss: 0.635384  [44800/50000]
Test Error: 
 Accuracy: 71.0%, Avg loss: 0.891373 

Epoch 8
-------------------------------
loss: 0.574438  [    0/50000]
loss: 0.332675  [ 6400/50000]
loss: 0.551539  [12800/50000]
loss: 0.420045  [19200/50000]
loss: 0.503101  [25600/50000]
loss: 0.623836  [32000/50000]
loss: 0.607068  [38400/50000]
loss: 0.442307  [44800/50000]
Test Error: 
 Accuracy: 73.5%, Avg loss: 0.814982 

Epoch 9
-------------------------------
loss: 0.296186  [    0/50000]
loss: 0.350428  [ 6400/50000]
loss: 0.485490  [12800/50000]
loss: 0.470679  [19200/50000]
loss: 0.308610  [25600/50000]
loss: 0.361642  [32000/50000]
loss: 0.314470  [38400/50000]
loss: 0.263166  [44800/50000]
Test Error: 
 Accuracy: 74.6%, Avg loss: 0.803476 

Epoch 10
-------------------------------
loss: 0.417177  [    0/50000]
loss: 0.347441  [ 6400/50000]
loss: 0.445060  [12800/50000]
loss: 0.295142  [19200/50000]
loss: 0.429047  [25600/50000]
loss: 0.447030  [32000/50000]
loss: 0.437343  [38400/50000]
loss: 0.284544  [44800/50000]
Test Error: 
 Accuracy: 75.0%, Avg loss: 0.791394 

Epoch 11
-------------------------------
loss: 0.324300  [    0/50000]
loss: 0.206128  [ 6400/50000]
loss: 0.324484  [12800/50000]
loss: 0.415751  [19200/50000]
loss: 0.572066  [25600/50000]
loss: 0.355009  [32000/50000]
loss: 0.307852  [38400/50000]
loss: 0.565102  [44800/50000]
Test Error: 
 Accuracy: 76.9%, Avg loss: 0.758642 

Epoch 12
-------------------------------
loss: 0.162399  [    0/50000]
loss: 0.194276  [ 6400/50000]
loss: 0.351182  [12800/50000]
loss: 0.175908  [19200/50000]
loss: 0.111348  [25600/50000]
loss: 0.337248  [32000/50000]
loss: 0.315772  [38400/50000]
loss: 0.225626  [44800/50000]
Test Error: 
 Accuracy: 74.8%, Avg loss: 0.864065 

Epoch 13
-------------------------------
loss: 0.213671  [    0/50000]
loss: 0.117237  [ 6400/50000]
loss: 0.223613  [12800/50000]
loss: 0.176720  [19200/50000]
loss: 0.327760  [25600/50000]
loss: 0.327843  [32000/50000]
loss: 0.380661  [38400/50000]
loss: 0.434244  [44800/50000]
Test Error: 
 Accuracy: 75.3%, Avg loss: 0.899594 

Epoch 14
-------------------------------
loss: 0.158670  [    0/50000]
loss: 0.189186  [ 6400/50000]
loss: 0.142884  [12800/50000]
loss: 0.165964  [19200/50000]
loss: 0.133488  [25600/50000]
loss: 0.224179  [32000/50000]
loss: 0.170158  [38400/50000]
loss: 0.248738  [44800/50000]
Test Error: 
 Accuracy: 76.7%, Avg loss: 0.876820 

Epoch 15
-------------------------------
loss: 0.235665  [    0/50000]
loss: 0.090511  [ 6400/50000]
loss: 0.070767  [12800/50000]
loss: 0.200589  [19200/50000]
loss: 0.302835  [25600/50000]
loss: 0.210256  [32000/50000]
loss: 0.361190  [38400/50000]
loss: 0.110196  [44800/50000]
Test Error: 
 Accuracy: 77.1%, Avg loss: 0.902339 

Epoch 16
-------------------------------
loss: 0.141585  [    0/50000]
loss: 0.209515  [ 6400/50000]
loss: 0.192015  [12800/50000]
loss: 0.379012  [19200/50000]
loss: 0.172993  [25600/50000]
loss: 0.123741  [32000/50000]
loss: 0.109850  [38400/50000]
loss: 0.077657  [44800/50000]
Test Error: 
 Accuracy: 75.9%, Avg loss: 0.966640 

Epoch 17
-------------------------------
loss: 0.212284  [    0/50000]
loss: 0.324637  [ 6400/50000]
loss: 0.067694  [12800/50000]
loss: 0.151536  [19200/50000]
loss: 0.306114  [25600/50000]
loss: 0.222730  [32000/50000]
loss: 0.198114  [38400/50000]
loss: 0.138123  [44800/50000]
Test Error: 
 Accuracy: 74.7%, Avg loss: 1.087275 

Epoch 18
-------------------------------
loss: 0.122118  [    0/50000]
loss: 0.098128  [ 6400/50000]
loss: 0.113477  [12800/50000]
loss: 0.095139  [19200/50000]
loss: 0.153628  [25600/50000]
loss: 0.250706  [32000/50000]
loss: 0.054880  [38400/50000]
loss: 0.026023  [44800/50000]
Test Error: 
 Accuracy: 74.3%, Avg loss: 1.150038 

Epoch 19
-------------------------------
loss: 0.237042  [    0/50000]
loss: 0.118931  [ 6400/50000]
loss: 0.045971  [12800/50000]
loss: 0.077369  [19200/50000]
loss: 0.174693  [25600/50000]
loss: 0.132702  [32000/50000]
loss: 0.067651  [38400/50000]
loss: 0.079819  [44800/50000]
Test Error: 
 Accuracy: 75.2%, Avg loss: 1.174043 

Epoch 20
-------------------------------
loss: 0.075387  [    0/50000]
loss: 0.068590  [ 6400/50000]
loss: 0.043838  [12800/50000]
loss: 0.060151  [19200/50000]
loss: 0.017901  [25600/50000]
loss: 0.170303  [32000/50000]
loss: 0.094832  [38400/50000]
loss: 0.095921  [44800/50000]
Test Error: 
 Accuracy: 75.4%, Avg loss: 1.119379 

Epoch 21
-------------------------------
loss: 0.024718  [    0/50000]
loss: 0.089295  [ 6400/50000]
loss: 0.105258  [12800/50000]
loss: 0.017892  [19200/50000]
loss: 0.138795  [25600/50000]
loss: 0.194979  [32000/50000]
loss: 0.183899  [38400/50000]
loss: 0.246464  [44800/50000]
Test Error: 
 Accuracy: 75.7%, Avg loss: 1.139201 

Epoch 22
-------------------------------
loss: 0.019702  [    0/50000]
loss: 0.124537  [ 6400/50000]
loss: 0.051710  [12800/50000]
loss: 0.064060  [19200/50000]
loss: 0.163265  [25600/50000]
loss: 0.079384  [32000/50000]
loss: 0.094451  [38400/50000]
loss: 0.052683  [44800/50000]
Test Error: 
 Accuracy: 76.0%, Avg loss: 1.182821 

Epoch 23
-------------------------------
loss: 0.113164  [    0/50000]
loss: 0.040425  [ 6400/50000]
loss: 0.071085  [12800/50000]
loss: 0.043952  [19200/50000]
loss: 0.107140  [25600/50000]
loss: 0.097013  [32000/50000]
loss: 0.107498  [38400/50000]
loss: 0.150429  [44800/50000]
Test Error: 
 Accuracy: 75.9%, Avg loss: 1.217041 

Epoch 24
-------------------------------
loss: 0.063594  [    0/50000]
loss: 0.062797  [ 6400/50000]
loss: 0.031654  [12800/50000]
loss: 0.091317  [19200/50000]
loss: 0.109156  [25600/50000]
loss: 0.059222  [32000/50000]
loss: 0.031556  [38400/50000]
loss: 0.131629  [44800/50000]
Test Error: 
 Accuracy: 75.3%, Avg loss: 1.271494 

Epoch 25
-------------------------------
loss: 0.163047  [    0/50000]
loss: 0.115695  [ 6400/50000]
loss: 0.059948  [12800/50000]
loss: 0.084039  [19200/50000]
loss: 0.101830  [25600/50000]
loss: 0.034196  [32000/50000]
loss: 0.096348  [38400/50000]
loss: 0.071046  [44800/50000]
Test Error: 
 Accuracy: 74.8%, Avg loss: 1.307126 

Epoch 26
-------------------------------
loss: 0.138377  [    0/50000]
loss: 0.053995  [ 6400/50000]
loss: 0.077837  [12800/50000]
loss: 0.114550  [19200/50000]
loss: 0.107721  [25600/50000]
loss: 0.011492  [32000/50000]
loss: 0.126291  [38400/50000]
loss: 0.050547  [44800/50000]
Test Error: 
 Accuracy: 75.9%, Avg loss: 1.245542 

Epoch 27
-------------------------------
loss: 0.048081  [    0/50000]
loss: 0.033905  [ 6400/50000]
loss: 0.107512  [12800/50000]
loss: 0.014826  [19200/50000]
loss: 0.048699  [25600/50000]
loss: 0.029752  [32000/50000]
loss: 0.025509  [38400/50000]
loss: 0.107016  [44800/50000]
Test Error: 
 Accuracy: 75.5%, Avg loss: 1.343531 

Epoch 28
-------------------------------
loss: 0.053262  [    0/50000]
loss: 0.070652  [ 6400/50000]
loss: 0.043692  [12800/50000]
loss: 0.030088  [19200/50000]
loss: 0.046313  [25600/50000]
loss: 0.041816  [32000/50000]
loss: 0.121028  [38400/50000]
loss: 0.047749  [44800/50000]
Test Error: 
 Accuracy: 77.0%, Avg loss: 1.225182 

Epoch 29
-------------------------------
loss: 0.027093  [    0/50000]
loss: 0.021110  [ 6400/50000]
loss: 0.095240  [12800/50000]
loss: 0.053990  [19200/50000]
loss: 0.016420  [25600/50000]
loss: 0.094712  [32000/50000]
loss: 0.064710  [38400/50000]
loss: 0.030947  [44800/50000]
Test Error: 
 Accuracy: 75.6%, Avg loss: 1.296953 

Epoch 30
-------------------------------
loss: 0.018190  [    0/50000]
loss: 0.033808  [ 6400/50000]
loss: 0.041712  [12800/50000]
loss: 0.044689  [19200/50000]
loss: 0.166553  [25600/50000]
loss: 0.014491  [32000/50000]
loss: 0.019915  [38400/50000]
loss: 0.123253  [44800/50000]
Test Error: 
 Accuracy: 76.9%, Avg loss: 1.307625 

Epoch 31
-------------------------------
loss: 0.040887  [    0/50000]
loss: 0.062286  [ 6400/50000]
loss: 0.076585  [12800/50000]
loss: 0.039981  [19200/50000]
loss: 0.079604  [25600/50000]
loss: 0.093243  [32000/50000]
loss: 0.050974  [38400/50000]
loss: 0.036177  [44800/50000]
Test Error: 
 Accuracy: 75.5%, Avg loss: 1.391055 

Epoch 32
-------------------------------
loss: 0.106697  [    0/50000]
loss: 0.013844  [ 6400/50000]
loss: 0.007323  [12800/50000]
loss: 0.131236  [19200/50000]
loss: 0.092303  [25600/50000]
loss: 0.026041  [32000/50000]
loss: 0.149042  [38400/50000]
loss: 0.045355  [44800/50000]
Test Error: 
 Accuracy: 75.8%, Avg loss: 1.368257 

Epoch 33
-------------------------------
loss: 0.043186  [    0/50000]
loss: 0.008881  [ 6400/50000]
loss: 0.078200  [12800/50000]
loss: 0.039699  [19200/50000]
loss: 0.012224  [25600/50000]
loss: 0.053483  [32000/50000]
loss: 0.013515  [38400/50000]
loss: 0.091470  [44800/50000]
Test Error: 
 Accuracy: 75.8%, Avg loss: 1.406794 

Epoch 34
-------------------------------
loss: 0.043810  [    0/50000]
loss: 0.002975  [ 6400/50000]
loss: 0.037164  [12800/50000]
loss: 0.056827  [19200/50000]
loss: 0.157595  [25600/50000]
loss: 0.019651  [32000/50000]
loss: 0.025026  [38400/50000]
loss: 0.156372  [44800/50000]
Test Error: 
 Accuracy: 76.1%, Avg loss: 1.404431 

Epoch 35
-------------------------------
loss: 0.072779  [    0/50000]
loss: 0.042658  [ 6400/50000]
loss: 0.058664  [12800/50000]
loss: 0.020416  [19200/50000]
loss: 0.034445  [25600/50000]
loss: 0.080091  [32000/50000]
loss: 0.081384  [38400/50000]
loss: 0.040639  [44800/50000]
Test Error: 
 Accuracy: 76.9%, Avg loss: 1.370318 

Epoch 36
-------------------------------
loss: 0.008784  [    0/50000]
loss: 0.030836  [ 6400/50000]
loss: 0.083903  [12800/50000]
loss: 0.022311  [19200/50000]
loss: 0.015679  [25600/50000]
loss: 0.046095  [32000/50000]
loss: 0.014768  [38400/50000]
loss: 0.043361  [44800/50000]
Test Error: 
 Accuracy: 76.3%, Avg loss: 1.358984 

Epoch 37
-------------------------------
loss: 0.012085  [    0/50000]
loss: 0.013610  [ 6400/50000]
loss: 0.012022  [12800/50000]
loss: 0.029189  [19200/50000]
loss: 0.026473  [25600/50000]
loss: 0.103145  [32000/50000]
loss: 0.051526  [38400/50000]
loss: 0.082820  [44800/50000]
Test Error: 
 Accuracy: 75.8%, Avg loss: 1.359751 

Epoch 38
-------------------------------
loss: 0.022334  [    0/50000]
loss: 0.012586  [ 6400/50000]
loss: 0.011039  [12800/50000]
loss: 0.044148  [19200/50000]
loss: 0.041396  [25600/50000]
loss: 0.002537  [32000/50000]
loss: 0.013292  [38400/50000]
loss: 0.040332  [44800/50000]
Test Error: 
 Accuracy: 76.0%, Avg loss: 1.501500 

Epoch 39
-------------------------------
loss: 0.007743  [    0/50000]
loss: 0.013194  [ 6400/50000]
loss: 0.064621  [12800/50000]
loss: 0.060079  [19200/50000]
loss: 0.057018  [25600/50000]
loss: 0.112723  [32000/50000]
loss: 0.065942  [38400/50000]
loss: 0.022488  [44800/50000]
Test Error: 
 Accuracy: 77.0%, Avg loss: 1.357849 

Epoch 40
-------------------------------
loss: 0.026579  [    0/50000]
loss: 0.093470  [ 6400/50000]
loss: 0.075411  [12800/50000]
loss: 0.024676  [19200/50000]
loss: 0.010648  [25600/50000]
loss: 0.091822  [32000/50000]
loss: 0.125291  [38400/50000]
loss: 0.206145  [44800/50000]
Test Error: 
 Accuracy: 76.4%, Avg loss: 1.434748 

Epoch 41
-------------------------------
loss: 0.055594  [    0/50000]
loss: 0.057562  [ 6400/50000]
loss: 0.006390  [12800/50000]
loss: 0.030685  [19200/50000]
loss: 0.039385  [25600/50000]
loss: 0.009239  [32000/50000]
loss: 0.005672  [38400/50000]
loss: 0.046519  [44800/50000]
Test Error: 
 Accuracy: 76.1%, Avg loss: 1.424009 

Epoch 42
-------------------------------
loss: 0.077688  [    0/50000]
loss: 0.013642  [ 6400/50000]
loss: 0.006178  [12800/50000]
loss: 0.037398  [19200/50000]
loss: 0.043093  [25600/50000]
loss: 0.013022  [32000/50000]
loss: 0.046252  [38400/50000]
loss: 0.051596  [44800/50000]
Test Error: 
 Accuracy: 75.9%, Avg loss: 1.512166 

Epoch 43
-------------------------------
loss: 0.070802  [    0/50000]
loss: 0.034428  [ 6400/50000]
loss: 0.037277  [12800/50000]
loss: 0.065332  [19200/50000]
loss: 0.024486  [25600/50000]
loss: 0.067940  [32000/50000]
loss: 0.089874  [38400/50000]
loss: 0.006691  [44800/50000]
Test Error: 
 Accuracy: 75.5%, Avg loss: 1.536212 

Epoch 44
-------------------------------
loss: 0.030117  [    0/50000]
loss: 0.071396  [ 6400/50000]
loss: 0.011731  [12800/50000]
loss: 0.046132  [19200/50000]
loss: 0.038842  [25600/50000]
loss: 0.092931  [32000/50000]
loss: 0.079733  [38400/50000]
loss: 0.094426  [44800/50000]
Test Error: 
 Accuracy: 76.7%, Avg loss: 1.397405 

Epoch 45
-------------------------------
loss: 0.132144  [    0/50000]
loss: 0.002851  [ 6400/50000]
loss: 0.013105  [12800/50000]
loss: 0.011169  [19200/50000]
loss: 0.017231  [25600/50000]
loss: 0.010706  [32000/50000]
loss: 0.006581  [38400/50000]
loss: 0.004103  [44800/50000]
Test Error: 
 Accuracy: 76.1%, Avg loss: 1.555892 

Epoch 46
-------------------------------
loss: 0.005227  [    0/50000]
loss: 0.036295  [ 6400/50000]
loss: 0.037165  [12800/50000]
loss: 0.007457  [19200/50000]
loss: 0.119245  [25600/50000]
loss: 0.039252  [32000/50000]
loss: 0.076115  [38400/50000]
loss: 0.096268  [44800/50000]
Test Error: 
 Accuracy: 76.4%, Avg loss: 1.458407 

Epoch 47
-------------------------------
loss: 0.002890  [    0/50000]
loss: 0.010754  [ 6400/50000]
loss: 0.048556  [12800/50000]
loss: 0.030120  [19200/50000]
loss: 0.007224  [25600/50000]
loss: 0.094933  [32000/50000]
loss: 0.185522  [38400/50000]
loss: 0.016353  [44800/50000]
Test Error: 
 Accuracy: 76.6%, Avg loss: 1.468302 

Epoch 48
-------------------------------
loss: 0.018200  [    0/50000]
loss: 0.004620  [ 6400/50000]
loss: 0.001240  [12800/50000]
loss: 0.004685  [19200/50000]
loss: 0.087296  [25600/50000]
loss: 0.109903  [32000/50000]
loss: 0.008763  [38400/50000]
loss: 0.091358  [44800/50000]
Test Error: 
 Accuracy: 75.3%, Avg loss: 1.499344 

Epoch 49
-------------------------------
loss: 0.020595  [    0/50000]
loss: 0.001513  [ 6400/50000]
loss: 0.028419  [12800/50000]
loss: 0.018027  [19200/50000]
loss: 0.042612  [25600/50000]
loss: 0.021872  [32000/50000]
loss: 0.012519  [38400/50000]
loss: 0.016308  [44800/50000]
Test Error: 
 Accuracy: 76.5%, Avg loss: 1.591564 

Epoch 50
-------------------------------
loss: 0.024748  [    0/50000]
loss: 0.094301  [ 6400/50000]
loss: 0.005453  [12800/50000]
loss: 0.019220  [19200/50000]
loss: 0.003767  [25600/50000]
loss: 0.007837  [32000/50000]
loss: 0.089723  [38400/50000]
loss: 0.020304  [44800/50000]
Test Error: 
 Accuracy: 76.6%, Avg loss: 1.576011 

Done!
