command config
N= 4
B= [3, 3, 3, 2]
C1= 32
F= [3, 3, 5, 3]
K= [1, 1, 3, 1]
P= 4
number of parameters 4692906
Epoch 1
-------------------------------
loss: 2.358739  [    0/50000]
loss: 1.670035  [ 6400/50000]
loss: 1.538013  [12800/50000]
loss: 1.307408  [19200/50000]
loss: 1.127041  [25600/50000]
loss: 0.965577  [32000/50000]
loss: 1.197766  [38400/50000]
loss: 1.144668  [44800/50000]
Test Error: 
 Accuracy: 67.0%, Avg loss: 0.940301 

Epoch 2
-------------------------------
loss: 0.773632  [    0/50000]
loss: 0.993234  [ 6400/50000]
loss: 0.788642  [12800/50000]
loss: 0.718962  [19200/50000]
loss: 0.568648  [25600/50000]
loss: 0.661856  [32000/50000]
loss: 0.774189  [38400/50000]
loss: 0.588929  [44800/50000]
Test Error: 
 Accuracy: 69.2%, Avg loss: 0.895939 

Epoch 3
-------------------------------
loss: 0.703601  [    0/50000]
loss: 0.662607  [ 6400/50000]
loss: 0.488768  [12800/50000]
loss: 0.818818  [19200/50000]
loss: 0.607032  [25600/50000]
loss: 0.945214  [32000/50000]
loss: 0.688436  [38400/50000]
loss: 0.598655  [44800/50000]
Test Error: 
 Accuracy: 79.9%, Avg loss: 0.579877 

Epoch 4
-------------------------------
loss: 0.434813  [    0/50000]
loss: 0.478058  [ 6400/50000]
loss: 0.439497  [12800/50000]
loss: 0.509781  [19200/50000]
loss: 0.489446  [25600/50000]
loss: 0.587876  [32000/50000]
loss: 0.437985  [38400/50000]
loss: 0.523131  [44800/50000]
Test Error: 
 Accuracy: 80.1%, Avg loss: 0.598711 

Epoch 5
-------------------------------
loss: 0.320280  [    0/50000]
loss: 0.352899  [ 6400/50000]
loss: 0.461053  [12800/50000]
loss: 0.382667  [19200/50000]
loss: 0.400887  [25600/50000]
loss: 0.370246  [32000/50000]
loss: 0.452467  [38400/50000]
loss: 0.350317  [44800/50000]
Test Error: 
 Accuracy: 81.6%, Avg loss: 0.551916 

Epoch 6
-------------------------------
loss: 0.392950  [    0/50000]
loss: 0.437642  [ 6400/50000]
loss: 0.164260  [12800/50000]
loss: 0.200602  [19200/50000]
loss: 0.187178  [25600/50000]
loss: 0.339144  [32000/50000]
loss: 0.305910  [38400/50000]
loss: 0.299371  [44800/50000]
Test Error: 
 Accuracy: 82.9%, Avg loss: 0.532164 

Epoch 7
-------------------------------
loss: 0.176384  [    0/50000]
loss: 0.123818  [ 6400/50000]
loss: 0.034030  [12800/50000]
loss: 0.096403  [19200/50000]
loss: 0.305629  [25600/50000]
loss: 0.207885  [32000/50000]
loss: 0.384096  [38400/50000]
loss: 0.132753  [44800/50000]
Test Error: 
 Accuracy: 82.0%, Avg loss: 0.608336 

Epoch 8
-------------------------------
loss: 0.172353  [    0/50000]
loss: 0.088382  [ 6400/50000]
loss: 0.220789  [12800/50000]
loss: 0.245652  [19200/50000]
loss: 0.094020  [25600/50000]
loss: 0.254341  [32000/50000]
loss: 0.142503  [38400/50000]
loss: 0.125996  [44800/50000]
Test Error: 
 Accuracy: 83.1%, Avg loss: 0.611765 

Epoch 9
-------------------------------
loss: 0.230191  [    0/50000]
loss: 0.146044  [ 6400/50000]
loss: 0.094669  [12800/50000]
loss: 0.101480  [19200/50000]
loss: 0.195597  [25600/50000]
loss: 0.229924  [32000/50000]
loss: 0.170231  [38400/50000]
loss: 0.176136  [44800/50000]
Test Error: 
 Accuracy: 83.2%, Avg loss: 0.649970 

Epoch 10
-------------------------------
loss: 0.052723  [    0/50000]
loss: 0.040351  [ 6400/50000]
loss: 0.070798  [12800/50000]
loss: 0.008298  [19200/50000]
loss: 0.068464  [25600/50000]
loss: 0.043684  [32000/50000]
loss: 0.173368  [38400/50000]
loss: 0.106454  [44800/50000]
Test Error: 
 Accuracy: 82.5%, Avg loss: 0.707599 

Epoch 11
-------------------------------
loss: 0.056109  [    0/50000]
loss: 0.053442  [ 6400/50000]
loss: 0.048624  [12800/50000]
loss: 0.010785  [19200/50000]
loss: 0.148779  [25600/50000]
loss: 0.113310  [32000/50000]
loss: 0.202378  [38400/50000]
loss: 0.072099  [44800/50000]
Test Error: 
 Accuracy: 82.4%, Avg loss: 0.793727 

Epoch 12
-------------------------------
loss: 0.112266  [    0/50000]
loss: 0.073392  [ 6400/50000]
loss: 0.059326  [12800/50000]
loss: 0.058960  [19200/50000]
loss: 0.028612  [25600/50000]
loss: 0.019735  [32000/50000]
loss: 0.046745  [38400/50000]
loss: 0.043906  [44800/50000]
Test Error: 
 Accuracy: 83.3%, Avg loss: 0.744235 

Epoch 13
-------------------------------
loss: 0.019112  [    0/50000]
loss: 0.076203  [ 6400/50000]
loss: 0.003388  [12800/50000]
loss: 0.123209  [19200/50000]
loss: 0.171630  [25600/50000]
loss: 0.071044  [32000/50000]
loss: 0.093771  [38400/50000]
loss: 0.037393  [44800/50000]
Test Error: 
 Accuracy: 81.8%, Avg loss: 0.869102 

Epoch 14
-------------------------------
loss: 0.054509  [    0/50000]
loss: 0.043705  [ 6400/50000]
loss: 0.074167  [12800/50000]
loss: 0.061133  [19200/50000]
loss: 0.057464  [25600/50000]
loss: 0.044686  [32000/50000]
loss: 0.004076  [38400/50000]
loss: 0.166540  [44800/50000]
Test Error: 
 Accuracy: 82.6%, Avg loss: 0.848679 

Epoch 15
-------------------------------
loss: 0.103472  [    0/50000]
loss: 0.060038  [ 6400/50000]
loss: 0.005551  [12800/50000]
loss: 0.007621  [19200/50000]
loss: 0.026875  [25600/50000]
loss: 0.079188  [32000/50000]
loss: 0.022398  [38400/50000]
loss: 0.032853  [44800/50000]
Test Error: 
 Accuracy: 82.1%, Avg loss: 0.845761 

Epoch 16
-------------------------------
loss: 0.014539  [    0/50000]
loss: 0.007921  [ 6400/50000]
loss: 0.026365  [12800/50000]
loss: 0.018255  [19200/50000]
loss: 0.068771  [25600/50000]
loss: 0.012666  [32000/50000]
loss: 0.080296  [38400/50000]
loss: 0.014411  [44800/50000]
Test Error: 
 Accuracy: 83.1%, Avg loss: 0.842262 

Epoch 17
-------------------------------
loss: 0.011951  [    0/50000]
loss: 0.006746  [ 6400/50000]
loss: 0.023923  [12800/50000]
loss: 0.017332  [19200/50000]
loss: 0.052788  [25600/50000]
loss: 0.008347  [32000/50000]
loss: 0.044725  [38400/50000]
loss: 0.039081  [44800/50000]
Test Error: 
 Accuracy: 83.5%, Avg loss: 0.804904 

Epoch 18
-------------------------------
loss: 0.025200  [    0/50000]
loss: 0.037606  [ 6400/50000]
loss: 0.059354  [12800/50000]
loss: 0.026045  [19200/50000]
loss: 0.050945  [25600/50000]
loss: 0.075714  [32000/50000]
loss: 0.058355  [38400/50000]
loss: 0.045453  [44800/50000]
Test Error: 
 Accuracy: 83.6%, Avg loss: 0.817344 

Epoch 19
-------------------------------
loss: 0.009622  [    0/50000]
loss: 0.032331  [ 6400/50000]
loss: 0.039313  [12800/50000]
loss: 0.035471  [19200/50000]
loss: 0.016173  [25600/50000]
loss: 0.110510  [32000/50000]
loss: 0.045329  [38400/50000]
loss: 0.019446  [44800/50000]
Test Error: 
 Accuracy: 84.3%, Avg loss: 0.805432 

Epoch 20
-------------------------------
loss: 0.005138  [    0/50000]
loss: 0.025683  [ 6400/50000]
loss: 0.034320  [12800/50000]
loss: 0.031152  [19200/50000]
loss: 0.005353  [25600/50000]
loss: 0.060905  [32000/50000]
loss: 0.104577  [38400/50000]
loss: 0.039038  [44800/50000]
Test Error: 
 Accuracy: 82.6%, Avg loss: 0.933150 

Epoch 21
-------------------------------
loss: 0.024554  [    0/50000]
loss: 0.026966  [ 6400/50000]
loss: 0.074607  [12800/50000]
loss: 0.001002  [19200/50000]
loss: 0.069003  [25600/50000]
loss: 0.031713  [32000/50000]
loss: 0.040027  [38400/50000]
loss: 0.007977  [44800/50000]
Test Error: 
 Accuracy: 83.8%, Avg loss: 0.864481 

Epoch 22
-------------------------------
loss: 0.006416  [    0/50000]
loss: 0.006692  [ 6400/50000]
loss: 0.037879  [12800/50000]
loss: 0.045336  [19200/50000]
loss: 0.013847  [25600/50000]
loss: 0.022283  [32000/50000]
loss: 0.005473  [38400/50000]
loss: 0.003549  [44800/50000]
Test Error: 
 Accuracy: 84.0%, Avg loss: 0.872502 

Epoch 23
-------------------------------
loss: 0.009242  [    0/50000]
loss: 0.033985  [ 6400/50000]
loss: 0.073384  [12800/50000]
loss: 0.014601  [19200/50000]
loss: 0.003074  [25600/50000]
loss: 0.035639  [32000/50000]
loss: 0.011643  [38400/50000]
loss: 0.010683  [44800/50000]
Test Error: 
 Accuracy: 83.5%, Avg loss: 0.888699 

Epoch 24
-------------------------------
loss: 0.005908  [    0/50000]
loss: 0.007758  [ 6400/50000]
loss: 0.000351  [12800/50000]
loss: 0.042042  [19200/50000]
loss: 0.105727  [25600/50000]
loss: 0.069271  [32000/50000]
loss: 0.127979  [38400/50000]
loss: 0.002163  [44800/50000]
Test Error: 
 Accuracy: 82.7%, Avg loss: 0.909345 

Epoch 25
-------------------------------
loss: 0.050243  [    0/50000]
loss: 0.023507  [ 6400/50000]
loss: 0.065235  [12800/50000]
loss: 0.002778  [19200/50000]
loss: 0.084089  [25600/50000]
loss: 0.016182  [32000/50000]
loss: 0.008842  [38400/50000]
loss: 0.017290  [44800/50000]
Test Error: 
 Accuracy: 83.2%, Avg loss: 0.948336 

Epoch 26
-------------------------------
loss: 0.016399  [    0/50000]
loss: 0.004796  [ 6400/50000]
loss: 0.017296  [12800/50000]
loss: 0.011172  [19200/50000]
loss: 0.012059  [25600/50000]
loss: 0.019877  [32000/50000]
loss: 0.003132  [38400/50000]
loss: 0.079529  [44800/50000]
Test Error: 
 Accuracy: 83.7%, Avg loss: 0.889665 

Epoch 27
-------------------------------
loss: 0.001251  [    0/50000]
loss: 0.030553  [ 6400/50000]
loss: 0.001384  [12800/50000]
loss: 0.011165  [19200/50000]
loss: 0.022486  [25600/50000]
loss: 0.002774  [32000/50000]
loss: 0.048961  [38400/50000]
loss: 0.003129  [44800/50000]
Test Error: 
 Accuracy: 83.5%, Avg loss: 0.910042 

Epoch 28
-------------------------------
loss: 0.004630  [    0/50000]
loss: 0.003697  [ 6400/50000]
loss: 0.048789  [12800/50000]
loss: 0.074455  [19200/50000]
loss: 0.001220  [25600/50000]
loss: 0.035356  [32000/50000]
loss: 0.040006  [38400/50000]
loss: 0.001683  [44800/50000]
Test Error: 
 Accuracy: 82.8%, Avg loss: 0.964872 

Epoch 29
-------------------------------
loss: 0.012160  [    0/50000]
loss: 0.002534  [ 6400/50000]
loss: 0.042025  [12800/50000]
loss: 0.032556  [19200/50000]
loss: 0.011307  [25600/50000]
loss: 0.054046  [32000/50000]
loss: 0.018453  [38400/50000]
loss: 0.003166  [44800/50000]
Test Error: 
 Accuracy: 83.4%, Avg loss: 0.933666 

Epoch 30
-------------------------------
loss: 0.015715  [    0/50000]
loss: 0.011627  [ 6400/50000]
loss: 0.053352  [12800/50000]
loss: 0.011441  [19200/50000]
loss: 0.017772  [25600/50000]
loss: 0.001318  [32000/50000]
loss: 0.054710  [38400/50000]
loss: 0.061276  [44800/50000]
Test Error: 
 Accuracy: 84.3%, Avg loss: 0.872892 

Epoch 31
-------------------------------
loss: 0.023956  [    0/50000]
loss: 0.057811  [ 6400/50000]
loss: 0.001498  [12800/50000]
loss: 0.020825  [19200/50000]
loss: 0.034384  [25600/50000]
loss: 0.014920  [32000/50000]
loss: 0.005118  [38400/50000]
loss: 0.004071  [44800/50000]
Test Error: 
 Accuracy: 83.4%, Avg loss: 0.944793 

Epoch 32
-------------------------------
loss: 0.004096  [    0/50000]
loss: 0.019612  [ 6400/50000]
loss: 0.006241  [12800/50000]
loss: 0.007334  [19200/50000]
loss: 0.001957  [25600/50000]
loss: 0.082979  [32000/50000]
loss: 0.002154  [38400/50000]
loss: 0.023728  [44800/50000]
Test Error: 
 Accuracy: 83.6%, Avg loss: 0.911388 

Epoch 33
-------------------------------
loss: 0.032318  [    0/50000]
loss: 0.014686  [ 6400/50000]
loss: 0.002098  [12800/50000]
loss: 0.004908  [19200/50000]
loss: 0.007784  [25600/50000]
loss: 0.000218  [32000/50000]
loss: 0.007930  [38400/50000]
loss: 0.022120  [44800/50000]
Test Error: 
 Accuracy: 82.5%, Avg loss: 1.046581 

Epoch 34
-------------------------------
loss: 0.000823  [    0/50000]
loss: 0.000878  [ 6400/50000]
loss: 0.000657  [12800/50000]
loss: 0.000523  [19200/50000]
loss: 0.005333  [25600/50000]
loss: 0.014158  [32000/50000]
loss: 0.029293  [38400/50000]
loss: 0.020244  [44800/50000]
Test Error: 
 Accuracy: 83.9%, Avg loss: 0.969473 

Epoch 35
-------------------------------
loss: 0.023641  [    0/50000]
loss: 0.044842  [ 6400/50000]
loss: 0.066812  [12800/50000]
loss: 0.004341  [19200/50000]
loss: 0.001246  [25600/50000]
loss: 0.014232  [32000/50000]
loss: 0.032275  [38400/50000]
loss: 0.015255  [44800/50000]
Test Error: 
 Accuracy: 84.1%, Avg loss: 0.913692 

Epoch 36
-------------------------------
loss: 0.000687  [    0/50000]
loss: 0.016497  [ 6400/50000]
loss: 0.034981  [12800/50000]
loss: 0.005993  [19200/50000]
loss: 0.001369  [25600/50000]
loss: 0.004094  [32000/50000]
loss: 0.004954  [38400/50000]
loss: 0.012563  [44800/50000]
Test Error: 
 Accuracy: 83.4%, Avg loss: 1.002224 

Epoch 37
-------------------------------
loss: 0.005646  [    0/50000]
loss: 0.001450  [ 6400/50000]
loss: 0.000131  [12800/50000]
loss: 0.090018  [19200/50000]
loss: 0.005124  [25600/50000]
loss: 0.012311  [32000/50000]
loss: 0.009069  [38400/50000]
loss: 0.001992  [44800/50000]
Test Error: 
 Accuracy: 84.3%, Avg loss: 0.939393 

Epoch 38
-------------------------------
loss: 0.002854  [    0/50000]
loss: 0.045021  [ 6400/50000]
loss: 0.001229  [12800/50000]
loss: 0.002102  [19200/50000]
loss: 0.005104  [25600/50000]
loss: 0.038230  [32000/50000]
loss: 0.061662  [38400/50000]
loss: 0.003911  [44800/50000]
Test Error: 
 Accuracy: 83.5%, Avg loss: 0.947768 

Epoch 39
-------------------------------
loss: 0.025236  [    0/50000]
loss: 0.054264  [ 6400/50000]
loss: 0.000697  [12800/50000]
loss: 0.000700  [19200/50000]
loss: 0.004978  [25600/50000]
loss: 0.001105  [32000/50000]
loss: 0.044660  [38400/50000]
loss: 0.001167  [44800/50000]
Test Error: 
 Accuracy: 84.0%, Avg loss: 0.960462 

Epoch 40
-------------------------------
loss: 0.015758  [    0/50000]
loss: 0.004584  [ 6400/50000]
loss: 0.004553  [12800/50000]
loss: 0.000559  [19200/50000]
loss: 0.001818  [25600/50000]
loss: 0.039798  [32000/50000]
loss: 0.000641  [38400/50000]
loss: 0.000688  [44800/50000]
Test Error: 
 Accuracy: 83.7%, Avg loss: 0.962782 

Epoch 41
-------------------------------
loss: 0.002815  [    0/50000]
loss: 0.093614  [ 6400/50000]
loss: 0.009910  [12800/50000]
loss: 0.052543  [19200/50000]
loss: 0.000922  [25600/50000]
loss: 0.001354  [32000/50000]
loss: 0.000975  [38400/50000]
loss: 0.001286  [44800/50000]
Test Error: 
 Accuracy: 83.2%, Avg loss: 0.975166 

Epoch 42
-------------------------------
loss: 0.061334  [    0/50000]
loss: 0.025810  [ 6400/50000]
loss: 0.003300  [12800/50000]
loss: 0.003998  [19200/50000]
loss: 0.003066  [25600/50000]
loss: 0.000696  [32000/50000]
loss: 0.019235  [38400/50000]
loss: 0.121638  [44800/50000]
Test Error: 
 Accuracy: 83.7%, Avg loss: 0.972380 

Epoch 43
-------------------------------
loss: 0.000518  [    0/50000]
loss: 0.060100  [ 6400/50000]
loss: 0.063234  [12800/50000]
loss: 0.003392  [19200/50000]
loss: 0.000506  [25600/50000]
loss: 0.031907  [32000/50000]
loss: 0.004299  [38400/50000]
loss: 0.003254  [44800/50000]
Test Error: 
 Accuracy: 83.7%, Avg loss: 1.008326 

Epoch 44
-------------------------------
loss: 0.010781  [    0/50000]
loss: 0.001423  [ 6400/50000]
loss: 0.013621  [12800/50000]
loss: 0.000227  [19200/50000]
loss: 0.075152  [25600/50000]
loss: 0.003892  [32000/50000]
loss: 0.000192  [38400/50000]
loss: 0.000099  [44800/50000]
Test Error: 
 Accuracy: 84.0%, Avg loss: 1.057258 

Epoch 45
-------------------------------
loss: 0.002972  [    0/50000]
loss: 0.005914  [ 6400/50000]
loss: 0.013885  [12800/50000]
loss: 0.010933  [19200/50000]
loss: 0.003406  [25600/50000]
loss: 0.005649  [32000/50000]
loss: 0.002892  [38400/50000]
loss: 0.073725  [44800/50000]
Test Error: 
 Accuracy: 83.9%, Avg loss: 0.979355 

Epoch 46
-------------------------------
loss: 0.004283  [    0/50000]
loss: 0.004133  [ 6400/50000]
loss: 0.007186  [12800/50000]
loss: 0.000624  [19200/50000]
loss: 0.000192  [25600/50000]
loss: 0.010298  [32000/50000]
loss: 0.005242  [38400/50000]
loss: 0.041766  [44800/50000]
Test Error: 
 Accuracy: 84.3%, Avg loss: 0.985563 

Epoch 47
-------------------------------
loss: 0.031384  [    0/50000]
loss: 0.000282  [ 6400/50000]
loss: 0.000366  [12800/50000]
loss: 0.003116  [19200/50000]
loss: 0.021622  [25600/50000]
loss: 0.006450  [32000/50000]
loss: 0.053836  [38400/50000]
loss: 0.000427  [44800/50000]
Test Error: 
 Accuracy: 83.6%, Avg loss: 0.999876 

Epoch 48
-------------------------------
loss: 0.003958  [    0/50000]
loss: 0.004165  [ 6400/50000]
loss: 0.029828  [12800/50000]
loss: 0.012146  [19200/50000]
loss: 0.008851  [25600/50000]
loss: 0.001379  [32000/50000]
loss: 0.005963  [38400/50000]
loss: 0.052692  [44800/50000]
Test Error: 
 Accuracy: 83.7%, Avg loss: 1.016966 

Epoch 49
-------------------------------
loss: 0.080646  [    0/50000]
loss: 0.001239  [ 6400/50000]
loss: 0.002037  [12800/50000]
loss: 0.000487  [19200/50000]
loss: 0.001822  [25600/50000]
loss: 0.000181  [32000/50000]
loss: 0.013283  [38400/50000]
loss: 0.001212  [44800/50000]
Test Error: 
 Accuracy: 84.2%, Avg loss: 0.987621 

Epoch 50
-------------------------------
loss: 0.001121  [    0/50000]
loss: 0.034056  [ 6400/50000]
loss: 0.017772  [12800/50000]
loss: 0.000258  [19200/50000]
loss: 0.014300  [25600/50000]
loss: 0.000167  [32000/50000]
loss: 0.000419  [38400/50000]
loss: 0.005514  [44800/50000]
Test Error: 
 Accuracy: 83.5%, Avg loss: 1.047439 

Done!
