number of parameters 4891722
Epoch 1
-------------------------------
loss: 2.345547  [    0/50000]
loss: 2.141657  [ 6400/50000]
loss: 1.616727  [12800/50000]
loss: 1.643588  [19200/50000]
loss: 1.424853  [25600/50000]
loss: 1.256024  [32000/50000]
loss: 1.178622  [38400/50000]
loss: 1.048361  [44800/50000]
Test Error: 
 Accuracy: 51.6%, Avg loss: 1.348152 

Epoch 2
-------------------------------
loss: 1.097956  [    0/50000]
loss: 1.196962  [ 6400/50000]
loss: 1.100821  [12800/50000]
loss: 0.937658  [19200/50000]
loss: 1.077877  [25600/50000]
loss: 1.021736  [32000/50000]
loss: 0.989532  [38400/50000]
loss: 1.386789  [44800/50000]
Test Error: 
 Accuracy: 42.1%, Avg loss: 1.899577 

Epoch 3
-------------------------------
loss: 1.060181  [    0/50000]
loss: 0.743476  [ 6400/50000]
loss: 0.816594  [12800/50000]
loss: 1.075956  [19200/50000]
loss: 0.746454  [25600/50000]
loss: 0.881995  [32000/50000]
loss: 0.898107  [38400/50000]
loss: 0.943501  [44800/50000]
Test Error: 
 Accuracy: 59.5%, Avg loss: 1.201166 

Epoch 4
-------------------------------
loss: 1.027371  [    0/50000]
loss: 0.700200  [ 6400/50000]
loss: 0.812344  [12800/50000]
loss: 0.822593  [19200/50000]
loss: 0.753166  [25600/50000]
loss: 0.792192  [32000/50000]
loss: 0.777611  [38400/50000]
loss: 0.823807  [44800/50000]
Test Error: 
 Accuracy: 70.9%, Avg loss: 0.824843 

Epoch 5
-------------------------------
loss: 0.668671  [    0/50000]
loss: 0.579616  [ 6400/50000]
loss: 0.667528  [12800/50000]
loss: 0.707374  [19200/50000]
loss: 0.380092  [25600/50000]
loss: 0.549482  [32000/50000]
loss: 0.618786  [38400/50000]
loss: 0.784349  [44800/50000]
Test Error: 
 Accuracy: 73.3%, Avg loss: 0.798100 

Epoch 6
-------------------------------
loss: 0.584433  [    0/50000]
loss: 0.679533  [ 6400/50000]
loss: 0.466091  [12800/50000]
loss: 0.618234  [19200/50000]
loss: 0.697402  [25600/50000]
loss: 0.633882  [32000/50000]
loss: 0.472794  [38400/50000]
loss: 0.484137  [44800/50000]
Test Error: 
 Accuracy: 66.9%, Avg loss: 1.029022 

Epoch 7
-------------------------------
loss: 0.763767  [    0/50000]
loss: 0.550489  [ 6400/50000]
loss: 0.550787  [12800/50000]
loss: 0.477035  [19200/50000]
loss: 0.501597  [25600/50000]
loss: 0.646727  [32000/50000]
loss: 0.412060  [38400/50000]
loss: 0.525113  [44800/50000]
Test Error: 
 Accuracy: 74.7%, Avg loss: 0.750235 

Epoch 8
-------------------------------
loss: 0.575395  [    0/50000]
loss: 0.442426  [ 6400/50000]
loss: 0.817045  [12800/50000]
loss: 0.439517  [19200/50000]
loss: 0.604307  [25600/50000]
loss: 0.464507  [32000/50000]
loss: 0.646317  [38400/50000]
loss: 0.466981  [44800/50000]
Test Error: 
 Accuracy: 78.4%, Avg loss: 0.622840 

Epoch 9
-------------------------------
loss: 0.443682  [    0/50000]
loss: 0.452637  [ 6400/50000]
loss: 0.416266  [12800/50000]
loss: 0.668570  [19200/50000]
loss: 0.407692  [25600/50000]
loss: 0.379349  [32000/50000]
loss: 0.409335  [38400/50000]
loss: 0.416459  [44800/50000]
Test Error: 
 Accuracy: 76.3%, Avg loss: 0.698813 

Epoch 10
-------------------------------
loss: 0.317324  [    0/50000]
loss: 0.517730  [ 6400/50000]
loss: 0.467279  [12800/50000]
loss: 0.512836  [19200/50000]
loss: 0.301173  [25600/50000]
loss: 0.451317  [32000/50000]
loss: 0.411187  [38400/50000]
loss: 0.445038  [44800/50000]
Test Error: 
 Accuracy: 78.3%, Avg loss: 0.626586 

Epoch 11
-------------------------------
loss: 0.704182  [    0/50000]
loss: 0.401223  [ 6400/50000]
loss: 0.316052  [12800/50000]
loss: 0.445626  [19200/50000]
loss: 0.557916  [25600/50000]
loss: 0.543998  [32000/50000]
loss: 0.494600  [38400/50000]
loss: 0.283327  [44800/50000]
Test Error: 
 Accuracy: 77.7%, Avg loss: 0.669499 

Epoch 12
-------------------------------
loss: 0.280487  [    0/50000]
loss: 0.471794  [ 6400/50000]
loss: 0.333543  [12800/50000]
loss: 0.368438  [19200/50000]
loss: 0.423480  [25600/50000]
loss: 0.290731  [32000/50000]
loss: 0.352501  [38400/50000]
loss: 0.433855  [44800/50000]
Test Error: 
 Accuracy: 79.5%, Avg loss: 0.645840 

Epoch 13
-------------------------------
loss: 0.400100  [    0/50000]
loss: 0.285976  [ 6400/50000]
loss: 0.262545  [12800/50000]
loss: 0.357107  [19200/50000]
loss: 0.361158  [25600/50000]
loss: 0.470589  [32000/50000]
loss: 0.414139  [38400/50000]
loss: 0.513117  [44800/50000]
Test Error: 
 Accuracy: 82.2%, Avg loss: 0.513704 

Epoch 14
-------------------------------
loss: 0.325525  [    0/50000]
loss: 0.303966  [ 6400/50000]
loss: 0.429430  [12800/50000]
loss: 0.301338  [19200/50000]
loss: 0.375875  [25600/50000]
loss: 0.662646  [32000/50000]
loss: 0.395031  [38400/50000]
loss: 0.505300  [44800/50000]
Test Error: 
 Accuracy: 79.2%, Avg loss: 0.617055 

Epoch 15
-------------------------------
loss: 0.381298  [    0/50000]
loss: 0.307773  [ 6400/50000]
loss: 0.390796  [12800/50000]
loss: 0.490332  [19200/50000]
loss: 0.247940  [25600/50000]
loss: 0.530005  [32000/50000]
loss: 0.203725  [38400/50000]
loss: 0.238633  [44800/50000]
Test Error: 
 Accuracy: 82.4%, Avg loss: 0.524692 

Epoch 16
-------------------------------
loss: 0.282774  [    0/50000]
loss: 0.412520  [ 6400/50000]
loss: 0.542813  [12800/50000]
loss: 0.316354  [19200/50000]
loss: 0.199228  [25600/50000]
loss: 0.277492  [32000/50000]
loss: 0.272269  [38400/50000]
loss: 0.243768  [44800/50000]
Test Error: 
 Accuracy: 83.5%, Avg loss: 0.480894 

Epoch 17
-------------------------------
loss: 0.275574  [    0/50000]
loss: 0.317107  [ 6400/50000]
loss: 0.484842  [12800/50000]
loss: 0.414859  [19200/50000]
loss: 0.356949  [25600/50000]
loss: 0.323656  [32000/50000]
loss: 0.446015  [38400/50000]
loss: 0.356757  [44800/50000]
Test Error: 
 Accuracy: 78.1%, Avg loss: 0.659373 

Epoch 18
-------------------------------
loss: 0.299988  [    0/50000]
loss: 0.170356  [ 6400/50000]
loss: 0.229738  [12800/50000]
loss: 0.397817  [19200/50000]
loss: 0.165471  [25600/50000]
loss: 0.344410  [32000/50000]
loss: 0.311567  [38400/50000]
loss: 0.297957  [44800/50000]
Test Error: 
 Accuracy: 83.6%, Avg loss: 0.484003 

Epoch 19
-------------------------------
loss: 0.300409  [    0/50000]
loss: 0.282425  [ 6400/50000]
loss: 0.337810  [12800/50000]
loss: 0.290527  [19200/50000]
loss: 0.320158  [25600/50000]
loss: 0.237894  [32000/50000]
loss: 0.291592  [38400/50000]
loss: 0.276564  [44800/50000]
Test Error: 
 Accuracy: 82.5%, Avg loss: 0.511007 

Epoch 20
-------------------------------
loss: 0.350410  [    0/50000]
loss: 0.243873  [ 6400/50000]
loss: 0.381910  [12800/50000]
loss: 0.284463  [19200/50000]
loss: 0.394360  [25600/50000]
loss: 0.397109  [32000/50000]
loss: 0.273502  [38400/50000]
loss: 0.171507  [44800/50000]
Test Error: 
 Accuracy: 80.4%, Avg loss: 0.583414 

Epoch 21
-------------------------------
loss: 0.273759  [    0/50000]
loss: 0.407850  [ 6400/50000]
loss: 0.320885  [12800/50000]
loss: 0.289335  [19200/50000]
loss: 0.442962  [25600/50000]
loss: 0.168211  [32000/50000]
loss: 0.411473  [38400/50000]
loss: 0.398737  [44800/50000]
Test Error: 
 Accuracy: 81.9%, Avg loss: 0.530614 

Epoch 22
-------------------------------
loss: 0.267816  [    0/50000]
loss: 0.274210  [ 6400/50000]
loss: 0.188633  [12800/50000]
loss: 0.171361  [19200/50000]
loss: 0.314780  [25600/50000]
loss: 0.279057  [32000/50000]
loss: 0.334963  [38400/50000]
loss: 0.581374  [44800/50000]
Test Error: 
 Accuracy: 77.6%, Avg loss: 0.706848 

Epoch 23
-------------------------------
loss: 0.271897  [    0/50000]
loss: 0.199498  [ 6400/50000]
loss: 0.387179  [12800/50000]
loss: 0.367178  [19200/50000]
loss: 0.222216  [25600/50000]
loss: 0.316794  [32000/50000]
loss: 0.545526  [38400/50000]
loss: 0.382169  [44800/50000]
Test Error: 
 Accuracy: 82.0%, Avg loss: 0.550214 

Epoch 24
-------------------------------
loss: 0.302084  [    0/50000]
loss: 0.209504  [ 6400/50000]
loss: 0.318637  [12800/50000]
loss: 0.272045  [19200/50000]
loss: 0.250349  [25600/50000]
loss: 0.297223  [32000/50000]
loss: 0.279923  [38400/50000]
loss: 0.364602  [44800/50000]
Test Error: 
 Accuracy: 82.4%, Avg loss: 0.535419 

Epoch 25
-------------------------------
loss: 0.249430  [    0/50000]
loss: 0.173184  [ 6400/50000]
loss: 0.248597  [12800/50000]
loss: 0.220054  [19200/50000]
loss: 0.436656  [25600/50000]
loss: 0.474450  [32000/50000]
loss: 0.251107  [38400/50000]
loss: 0.302289  [44800/50000]
Test Error: 
 Accuracy: 82.9%, Avg loss: 0.533976 

Epoch 26
-------------------------------
loss: 0.267738  [    0/50000]
loss: 0.199829  [ 6400/50000]
loss: 0.411990  [12800/50000]
loss: 0.316728  [19200/50000]
loss: 0.487801  [25600/50000]
loss: 0.285161  [32000/50000]
loss: 0.456663  [38400/50000]
loss: 0.247395  [44800/50000]
Test Error: 
 Accuracy: 77.4%, Avg loss: 0.710433 

Epoch 27
-------------------------------
loss: 0.232967  [    0/50000]
loss: 0.192718  [ 6400/50000]
loss: 0.265050  [12800/50000]
loss: 0.263156  [19200/50000]
loss: 0.232248  [25600/50000]
loss: 0.361963  [32000/50000]
loss: 0.412014  [38400/50000]
loss: 0.232853  [44800/50000]
Test Error: 
 Accuracy: 78.4%, Avg loss: 0.676361 

Epoch 28
-------------------------------
loss: 0.282352  [    0/50000]
loss: 0.185956  [ 6400/50000]
loss: 0.199961  [12800/50000]
loss: 0.205200  [19200/50000]
loss: 0.207760  [25600/50000]
loss: 0.327408  [32000/50000]
loss: 0.283180  [38400/50000]
loss: 0.326662  [44800/50000]
Test Error: 
 Accuracy: 76.8%, Avg loss: 0.737192 

Epoch 29
-------------------------------
loss: 0.227838  [    0/50000]
loss: 0.415537  [ 6400/50000]
loss: 0.325473  [12800/50000]
loss: 0.231891  [19200/50000]
loss: 0.310005  [25600/50000]
loss: 0.248959  [32000/50000]
loss: 0.184007  [38400/50000]
loss: 0.190777  [44800/50000]
Test Error: 
 Accuracy: 80.2%, Avg loss: 0.619744 

Epoch 30
-------------------------------
loss: 0.235791  [    0/50000]
loss: 0.145307  [ 6400/50000]
loss: 0.319668  [12800/50000]
loss: 0.236208  [19200/50000]
loss: 0.282052  [25600/50000]
loss: 0.464806  [32000/50000]
loss: 0.357776  [38400/50000]
loss: 0.415642  [44800/50000]
Test Error: 
 Accuracy: 81.7%, Avg loss: 0.555853 

Done!
max accuracy 83.57
average accuracy 80.52900000000001
