command config
N= 3
B= [2, 2, 3]
C1= 64
F= [3, 5, 3]
K= [1, 3, 1]
P= 8
number of parameters 4941386
Epoch 1
-------------------------------
loss: 2.573841  [    0/50000]
loss: 1.685580  [ 6400/50000]
loss: 1.394207  [12800/50000]
loss: 1.632635  [19200/50000]
loss: 1.365856  [25600/50000]
loss: 1.081718  [32000/50000]
loss: 1.017491  [38400/50000]
loss: 1.079960  [44800/50000]
Test Error: 
 Accuracy: 60.0%, Avg loss: 1.099857 

Epoch 2
-------------------------------
loss: 0.774948  [    0/50000]
loss: 0.855703  [ 6400/50000]
loss: 0.803931  [12800/50000]
loss: 0.843699  [19200/50000]
loss: 0.751577  [25600/50000]
loss: 0.831982  [32000/50000]
loss: 0.770264  [38400/50000]
loss: 0.679192  [44800/50000]
Test Error: 
 Accuracy: 72.6%, Avg loss: 0.777919 

Epoch 3
-------------------------------
loss: 0.700226  [    0/50000]
loss: 0.715888  [ 6400/50000]
loss: 0.705372  [12800/50000]
loss: 0.628041  [19200/50000]
loss: 0.552064  [25600/50000]
loss: 0.483349  [32000/50000]
loss: 0.790197  [38400/50000]
loss: 0.359787  [44800/50000]
Test Error: 
 Accuracy: 79.0%, Avg loss: 0.591596 

Epoch 4
-------------------------------
loss: 0.557390  [    0/50000]
loss: 0.576188  [ 6400/50000]
loss: 0.414794  [12800/50000]
loss: 0.568631  [19200/50000]
loss: 0.465893  [25600/50000]
loss: 0.405004  [32000/50000]
loss: 0.644633  [38400/50000]
loss: 0.356514  [44800/50000]
Test Error: 
 Accuracy: 80.0%, Avg loss: 0.582964 

Epoch 5
-------------------------------
loss: 0.459107  [    0/50000]
loss: 0.431914  [ 6400/50000]
loss: 0.482217  [12800/50000]
loss: 0.519902  [19200/50000]
loss: 0.554676  [25600/50000]
loss: 0.237530  [32000/50000]
loss: 0.491594  [38400/50000]
loss: 0.256783  [44800/50000]
Test Error: 
 Accuracy: 80.1%, Avg loss: 0.606287 

Epoch 6
-------------------------------
loss: 0.365644  [    0/50000]
loss: 0.317742  [ 6400/50000]
loss: 0.259872  [12800/50000]
loss: 0.267331  [19200/50000]
loss: 0.256279  [25600/50000]
loss: 0.311427  [32000/50000]
loss: 0.273450  [38400/50000]
loss: 0.287701  [44800/50000]
Test Error: 
 Accuracy: 82.9%, Avg loss: 0.513479 

Epoch 7
-------------------------------
loss: 0.264788  [    0/50000]
loss: 0.175137  [ 6400/50000]
loss: 0.169977  [12800/50000]
loss: 0.291415  [19200/50000]
loss: 0.317703  [25600/50000]
loss: 0.350331  [32000/50000]
loss: 0.287799  [38400/50000]
loss: 0.356504  [44800/50000]
Test Error: 
 Accuracy: 80.1%, Avg loss: 0.631749 

Epoch 8
-------------------------------
loss: 0.145435  [    0/50000]
loss: 0.133768  [ 6400/50000]
loss: 0.234457  [12800/50000]
loss: 0.113901  [19200/50000]
loss: 0.077272  [25600/50000]
loss: 0.180029  [32000/50000]
loss: 0.137151  [38400/50000]
loss: 0.391731  [44800/50000]
Test Error: 
 Accuracy: 84.3%, Avg loss: 0.518866 

Epoch 9
-------------------------------
loss: 0.166739  [    0/50000]
loss: 0.072905  [ 6400/50000]
loss: 0.139827  [12800/50000]
loss: 0.096989  [19200/50000]
loss: 0.200053  [25600/50000]
loss: 0.216895  [32000/50000]
loss: 0.148687  [38400/50000]
loss: 0.089466  [44800/50000]
Test Error: 
 Accuracy: 84.3%, Avg loss: 0.529839 

Epoch 10
-------------------------------
loss: 0.066369  [    0/50000]
loss: 0.118230  [ 6400/50000]
loss: 0.179129  [12800/50000]
loss: 0.083819  [19200/50000]
loss: 0.067701  [25600/50000]
loss: 0.117568  [32000/50000]
loss: 0.133911  [38400/50000]
loss: 0.055537  [44800/50000]
Test Error: 
 Accuracy: 83.9%, Avg loss: 0.591093 

Epoch 11
-------------------------------
loss: 0.051122  [    0/50000]
loss: 0.083206  [ 6400/50000]
loss: 0.023030  [12800/50000]
loss: 0.097291  [19200/50000]
loss: 0.109668  [25600/50000]
loss: 0.051195  [32000/50000]
loss: 0.130111  [38400/50000]
loss: 0.145043  [44800/50000]
Test Error: 
 Accuracy: 85.4%, Avg loss: 0.546819 

Epoch 12
-------------------------------
loss: 0.079108  [    0/50000]
loss: 0.014453  [ 6400/50000]
loss: 0.054910  [12800/50000]
loss: 0.104686  [19200/50000]
loss: 0.055718  [25600/50000]
loss: 0.020843  [32000/50000]
loss: 0.152418  [38400/50000]
loss: 0.021680  [44800/50000]
Test Error: 
 Accuracy: 84.4%, Avg loss: 0.621346 

Epoch 13
-------------------------------
loss: 0.080649  [    0/50000]
loss: 0.038490  [ 6400/50000]
loss: 0.064206  [12800/50000]
loss: 0.127294  [19200/50000]
loss: 0.036567  [25600/50000]
loss: 0.155483  [32000/50000]
loss: 0.022972  [38400/50000]
loss: 0.071991  [44800/50000]
Test Error: 
 Accuracy: 85.7%, Avg loss: 0.593256 

Epoch 14
-------------------------------
loss: 0.042524  [    0/50000]
loss: 0.025548  [ 6400/50000]
loss: 0.035273  [12800/50000]
loss: 0.143257  [19200/50000]
loss: 0.062284  [25600/50000]
loss: 0.017524  [32000/50000]
loss: 0.004844  [38400/50000]
loss: 0.135486  [44800/50000]
Test Error: 
 Accuracy: 85.5%, Avg loss: 0.599776 

Epoch 15
-------------------------------
loss: 0.057595  [    0/50000]
loss: 0.029501  [ 6400/50000]
loss: 0.010370  [12800/50000]
loss: 0.106766  [19200/50000]
loss: 0.023065  [25600/50000]
loss: 0.164871  [32000/50000]
loss: 0.107620  [38400/50000]
loss: 0.125087  [44800/50000]
Test Error: 
 Accuracy: 85.4%, Avg loss: 0.658545 

Epoch 16
-------------------------------
loss: 0.021631  [    0/50000]
loss: 0.029693  [ 6400/50000]
loss: 0.055652  [12800/50000]
loss: 0.019236  [19200/50000]
loss: 0.025121  [25600/50000]
loss: 0.007861  [32000/50000]
loss: 0.026704  [38400/50000]
loss: 0.101051  [44800/50000]
Test Error: 
 Accuracy: 84.6%, Avg loss: 0.706896 

Epoch 17
-------------------------------
loss: 0.078522  [    0/50000]
loss: 0.011239  [ 6400/50000]
loss: 0.105628  [12800/50000]
loss: 0.037911  [19200/50000]
loss: 0.022180  [25600/50000]
loss: 0.029158  [32000/50000]
loss: 0.260546  [38400/50000]
loss: 0.043004  [44800/50000]
Test Error: 
 Accuracy: 84.0%, Avg loss: 0.788724 

Epoch 18
-------------------------------
loss: 0.002002  [    0/50000]
loss: 0.075017  [ 6400/50000]
loss: 0.101907  [12800/50000]
loss: 0.044741  [19200/50000]
loss: 0.068329  [25600/50000]
loss: 0.012365  [32000/50000]
loss: 0.036222  [38400/50000]
loss: 0.023543  [44800/50000]
Test Error: 
 Accuracy: 84.9%, Avg loss: 0.652968 

Epoch 19
-------------------------------
loss: 0.061170  [    0/50000]
loss: 0.005744  [ 6400/50000]
loss: 0.011798  [12800/50000]
loss: 0.002455  [19200/50000]
loss: 0.033894  [25600/50000]
loss: 0.038429  [32000/50000]
loss: 0.011677  [38400/50000]
loss: 0.005038  [44800/50000]
Test Error: 
 Accuracy: 85.4%, Avg loss: 0.713140 

Epoch 20
-------------------------------
loss: 0.017348  [    0/50000]
loss: 0.047339  [ 6400/50000]
loss: 0.031569  [12800/50000]
loss: 0.047519  [19200/50000]
loss: 0.005728  [25600/50000]
loss: 0.072141  [32000/50000]
loss: 0.074755  [38400/50000]
loss: 0.021791  [44800/50000]
Test Error: 
 Accuracy: 85.8%, Avg loss: 0.690464 

Epoch 21
-------------------------------
loss: 0.025016  [    0/50000]
loss: 0.117176  [ 6400/50000]
loss: 0.020274  [12800/50000]
loss: 0.064021  [19200/50000]
loss: 0.034653  [25600/50000]
loss: 0.010962  [32000/50000]
loss: 0.025830  [38400/50000]
loss: 0.041857  [44800/50000]
Test Error: 
 Accuracy: 84.1%, Avg loss: 0.840816 

Epoch 22
-------------------------------
loss: 0.028656  [    0/50000]
loss: 0.072006  [ 6400/50000]
loss: 0.055400  [12800/50000]
loss: 0.006681  [19200/50000]
loss: 0.003437  [25600/50000]
loss: 0.039568  [32000/50000]
loss: 0.018508  [38400/50000]
loss: 0.033821  [44800/50000]
Test Error: 
 Accuracy: 86.2%, Avg loss: 0.677974 

Epoch 23
-------------------------------
loss: 0.015414  [    0/50000]
loss: 0.000862  [ 6400/50000]
loss: 0.002977  [12800/50000]
loss: 0.003402  [19200/50000]
loss: 0.006977  [25600/50000]
loss: 0.061225  [32000/50000]
loss: 0.094728  [38400/50000]
loss: 0.000569  [44800/50000]
Test Error: 
 Accuracy: 85.9%, Avg loss: 0.710469 

Epoch 24
-------------------------------
loss: 0.016921  [    0/50000]
loss: 0.002141  [ 6400/50000]
loss: 0.036618  [12800/50000]
loss: 0.099630  [19200/50000]
loss: 0.076704  [25600/50000]
loss: 0.140341  [32000/50000]
loss: 0.005495  [38400/50000]
loss: 0.008645  [44800/50000]
Test Error: 
 Accuracy: 85.2%, Avg loss: 0.747892 

Epoch 25
-------------------------------
loss: 0.010052  [    0/50000]
loss: 0.009375  [ 6400/50000]
loss: 0.020780  [12800/50000]
loss: 0.003499  [19200/50000]
loss: 0.030207  [25600/50000]
loss: 0.008735  [32000/50000]
loss: 0.033454  [38400/50000]
loss: 0.009205  [44800/50000]
Test Error: 
 Accuracy: 85.2%, Avg loss: 0.784031 

Epoch 26
-------------------------------
loss: 0.004058  [    0/50000]
loss: 0.030007  [ 6400/50000]
loss: 0.015894  [12800/50000]
loss: 0.001944  [19200/50000]
loss: 0.000172  [25600/50000]
loss: 0.038479  [32000/50000]
loss: 0.066685  [38400/50000]
loss: 0.002820  [44800/50000]
Test Error: 
 Accuracy: 84.3%, Avg loss: 0.822133 

Epoch 27
-------------------------------
loss: 0.034916  [    0/50000]
loss: 0.001936  [ 6400/50000]
loss: 0.006602  [12800/50000]
loss: 0.025739  [19200/50000]
loss: 0.000781  [25600/50000]
loss: 0.045708  [32000/50000]
loss: 0.033600  [38400/50000]
loss: 0.005238  [44800/50000]
Test Error: 
 Accuracy: 86.1%, Avg loss: 0.732633 

Epoch 28
-------------------------------
loss: 0.005480  [    0/50000]
loss: 0.006666  [ 6400/50000]
loss: 0.047297  [12800/50000]
loss: 0.003063  [19200/50000]
loss: 0.101592  [25600/50000]
loss: 0.069468  [32000/50000]
loss: 0.010840  [38400/50000]
loss: 0.098140  [44800/50000]
Test Error: 
 Accuracy: 85.4%, Avg loss: 0.798352 

Epoch 29
-------------------------------
loss: 0.029396  [    0/50000]
loss: 0.003317  [ 6400/50000]
loss: 0.008576  [12800/50000]
loss: 0.084270  [19200/50000]
loss: 0.014993  [25600/50000]
loss: 0.094051  [32000/50000]
loss: 0.028556  [38400/50000]
loss: 0.023624  [44800/50000]
Test Error: 
 Accuracy: 86.5%, Avg loss: 0.715147 

Epoch 30
-------------------------------
loss: 0.040106  [    0/50000]
loss: 0.005239  [ 6400/50000]
loss: 0.010852  [12800/50000]
loss: 0.002125  [19200/50000]
loss: 0.025545  [25600/50000]
loss: 0.025025  [32000/50000]
loss: 0.090989  [38400/50000]
loss: 0.018155  [44800/50000]
Test Error: 
 Accuracy: 86.6%, Avg loss: 0.733658 

Done!
