command config
N= 4
B= [2 2 2 2]
C1= 32
F= [3 3 3 3]
K= [1, 1, 1, 1]
P= 4
number of parameters 2797610
Epoch 1
-------------------------------
loss: 2.389759  [    0/50000]
loss: 1.528579  [ 6400/50000]
loss: 1.315881  [12800/50000]
loss: 1.477676  [19200/50000]
loss: 1.028048  [25600/50000]
loss: 1.089275  [32000/50000]
loss: 0.925196  [38400/50000]
loss: 1.112451  [44800/50000]
Test Error: 
 Accuracy: 63.9%, Avg loss: 1.042795 

Epoch 2
-------------------------------
loss: 0.807890  [    0/50000]
loss: 0.869043  [ 6400/50000]
loss: 0.732676  [12800/50000]
loss: 0.648563  [19200/50000]
loss: 1.041160  [25600/50000]
loss: 0.881157  [32000/50000]
loss: 0.694855  [38400/50000]
loss: 0.718938  [44800/50000]
Test Error: 
 Accuracy: 72.8%, Avg loss: 0.777514 

Epoch 3
-------------------------------
loss: 0.622983  [    0/50000]
loss: 0.552305  [ 6400/50000]
loss: 0.728051  [12800/50000]
loss: 0.766153  [19200/50000]
loss: 0.606623  [25600/50000]
loss: 0.768262  [32000/50000]
loss: 0.633118  [38400/50000]
loss: 0.708965  [44800/50000]
Test Error: 
 Accuracy: 76.0%, Avg loss: 0.704823 

Epoch 4
-------------------------------
loss: 0.564868  [    0/50000]
loss: 0.346853  [ 6400/50000]
loss: 0.453803  [12800/50000]
loss: 0.688065  [19200/50000]
loss: 0.414050  [25600/50000]
loss: 0.398860  [32000/50000]
loss: 0.481687  [38400/50000]
loss: 0.383260  [44800/50000]
Test Error: 
 Accuracy: 79.1%, Avg loss: 0.624582 

Epoch 5
-------------------------------
loss: 0.325528  [    0/50000]
loss: 0.226699  [ 6400/50000]
loss: 0.339917  [12800/50000]
loss: 0.306223  [19200/50000]
loss: 0.381608  [25600/50000]
loss: 0.348557  [32000/50000]
loss: 0.381820  [38400/50000]
loss: 0.626455  [44800/50000]
Test Error: 
 Accuracy: 80.5%, Avg loss: 0.611910 

Epoch 6
-------------------------------
loss: 0.237619  [    0/50000]
loss: 0.351714  [ 6400/50000]
loss: 0.199773  [12800/50000]
loss: 0.238994  [19200/50000]
loss: 0.240964  [25600/50000]
loss: 0.335017  [32000/50000]
loss: 0.254289  [38400/50000]
loss: 0.459299  [44800/50000]
Test Error: 
 Accuracy: 80.6%, Avg loss: 0.604844 

Epoch 7
-------------------------------
loss: 0.197721  [    0/50000]
loss: 0.135374  [ 6400/50000]
loss: 0.147993  [12800/50000]
loss: 0.201909  [19200/50000]
loss: 0.105364  [25600/50000]
loss: 0.284508  [32000/50000]
loss: 0.223875  [38400/50000]
loss: 0.085326  [44800/50000]
Test Error: 
 Accuracy: 81.6%, Avg loss: 0.612640 

Epoch 8
-------------------------------
loss: 0.081272  [    0/50000]
loss: 0.097440  [ 6400/50000]
loss: 0.136698  [12800/50000]
loss: 0.204325  [19200/50000]
loss: 0.292675  [25600/50000]
loss: 0.135279  [32000/50000]
loss: 0.202486  [38400/50000]
loss: 0.268768  [44800/50000]
Test Error: 
 Accuracy: 81.5%, Avg loss: 0.674211 

Epoch 9
-------------------------------
loss: 0.118089  [    0/50000]
loss: 0.114724  [ 6400/50000]
loss: 0.022631  [12800/50000]
loss: 0.085573  [19200/50000]
loss: 0.105084  [25600/50000]
loss: 0.088172  [32000/50000]
loss: 0.122674  [38400/50000]
loss: 0.119634  [44800/50000]
Test Error: 
 Accuracy: 81.9%, Avg loss: 0.686068 

Epoch 10
-------------------------------
loss: 0.120637  [    0/50000]
loss: 0.042784  [ 6400/50000]
loss: 0.049051  [12800/50000]
loss: 0.049626  [19200/50000]
loss: 0.128158  [25600/50000]
loss: 0.040396  [32000/50000]
loss: 0.234921  [38400/50000]
loss: 0.062174  [44800/50000]
Test Error: 
 Accuracy: 82.3%, Avg loss: 0.684776 

Epoch 11
-------------------------------
loss: 0.077683  [    0/50000]
loss: 0.062344  [ 6400/50000]
loss: 0.155074  [12800/50000]
loss: 0.165419  [19200/50000]
loss: 0.088888  [25600/50000]
loss: 0.082531  [32000/50000]
loss: 0.012561  [38400/50000]
loss: 0.023067  [44800/50000]
Test Error: 
 Accuracy: 82.0%, Avg loss: 0.783745 

Epoch 12
-------------------------------
loss: 0.078122  [    0/50000]
loss: 0.069152  [ 6400/50000]
loss: 0.127207  [12800/50000]
loss: 0.060560  [19200/50000]
loss: 0.039666  [25600/50000]
loss: 0.074471  [32000/50000]
loss: 0.103653  [38400/50000]
loss: 0.080078  [44800/50000]
Test Error: 
 Accuracy: 81.8%, Avg loss: 0.762472 

Epoch 13
-------------------------------
loss: 0.043707  [    0/50000]
loss: 0.038366  [ 6400/50000]
loss: 0.040201  [12800/50000]
loss: 0.159692  [19200/50000]
loss: 0.034656  [25600/50000]
loss: 0.008189  [32000/50000]
loss: 0.162021  [38400/50000]
loss: 0.090836  [44800/50000]
Test Error: 
 Accuracy: 82.5%, Avg loss: 0.785466 

Epoch 14
-------------------------------
loss: 0.034048  [    0/50000]
loss: 0.048493  [ 6400/50000]
loss: 0.053879  [12800/50000]
loss: 0.017203  [19200/50000]
loss: 0.090337  [25600/50000]
loss: 0.254644  [32000/50000]
loss: 0.164131  [38400/50000]
loss: 0.093963  [44800/50000]
Test Error: 
 Accuracy: 83.3%, Avg loss: 0.763018 

Epoch 15
-------------------------------
loss: 0.053298  [    0/50000]
loss: 0.003935  [ 6400/50000]
loss: 0.005618  [12800/50000]
loss: 0.042984  [19200/50000]
loss: 0.055264  [25600/50000]
loss: 0.028902  [32000/50000]
loss: 0.033912  [38400/50000]
loss: 0.050140  [44800/50000]
Test Error: 
 Accuracy: 81.4%, Avg loss: 0.896276 

Epoch 16
-------------------------------
loss: 0.045342  [    0/50000]
loss: 0.051674  [ 6400/50000]
loss: 0.013427  [12800/50000]
loss: 0.029738  [19200/50000]
loss: 0.174411  [25600/50000]
loss: 0.113820  [32000/50000]
loss: 0.113132  [38400/50000]
loss: 0.126156  [44800/50000]
Test Error: 
 Accuracy: 82.5%, Avg loss: 0.823697 

Epoch 17
-------------------------------
loss: 0.010911  [    0/50000]
loss: 0.010351  [ 6400/50000]
loss: 0.004481  [12800/50000]
loss: 0.037169  [19200/50000]
loss: 0.093496  [25600/50000]
loss: 0.007051  [32000/50000]
loss: 0.126419  [38400/50000]
loss: 0.018709  [44800/50000]
Test Error: 
 Accuracy: 82.8%, Avg loss: 0.846458 

Epoch 18
-------------------------------
loss: 0.059016  [    0/50000]
loss: 0.011050  [ 6400/50000]
loss: 0.016064  [12800/50000]
loss: 0.079515  [19200/50000]
loss: 0.005238  [25600/50000]
loss: 0.034611  [32000/50000]
loss: 0.032267  [38400/50000]
loss: 0.041305  [44800/50000]
Test Error: 
 Accuracy: 81.5%, Avg loss: 0.936809 

Epoch 19
-------------------------------
loss: 0.064593  [    0/50000]
loss: 0.024730  [ 6400/50000]
loss: 0.019342  [12800/50000]
loss: 0.021544  [19200/50000]
loss: 0.094143  [25600/50000]
loss: 0.059674  [32000/50000]
loss: 0.020878  [38400/50000]
loss: 0.060300  [44800/50000]
Test Error: 
 Accuracy: 81.8%, Avg loss: 0.902683 

Epoch 20
-------------------------------
loss: 0.041381  [    0/50000]
loss: 0.014978  [ 6400/50000]
loss: 0.015268  [12800/50000]
loss: 0.037849  [19200/50000]
loss: 0.018796  [25600/50000]
loss: 0.014022  [32000/50000]
loss: 0.046341  [38400/50000]
loss: 0.008266  [44800/50000]
Test Error: 
 Accuracy: 82.6%, Avg loss: 0.867193 

Epoch 21
-------------------------------
loss: 0.063196  [    0/50000]
loss: 0.025400  [ 6400/50000]
loss: 0.006749  [12800/50000]
loss: 0.026643  [19200/50000]
loss: 0.078817  [25600/50000]
loss: 0.160313  [32000/50000]
loss: 0.106426  [38400/50000]
loss: 0.061909  [44800/50000]
Test Error: 
 Accuracy: 83.8%, Avg loss: 0.829355 

Epoch 22
-------------------------------
loss: 0.005020  [    0/50000]
loss: 0.012681  [ 6400/50000]
loss: 0.006997  [12800/50000]
loss: 0.018179  [19200/50000]
loss: 0.015914  [25600/50000]
loss: 0.007717  [32000/50000]
loss: 0.067674  [38400/50000]
loss: 0.043031  [44800/50000]
Test Error: 
 Accuracy: 81.9%, Avg loss: 0.950052 

Epoch 23
-------------------------------
loss: 0.005333  [    0/50000]
loss: 0.002524  [ 6400/50000]
loss: 0.029390  [12800/50000]
loss: 0.010426  [19200/50000]
loss: 0.026190  [25600/50000]
loss: 0.026326  [32000/50000]
loss: 0.068036  [38400/50000]
loss: 0.128869  [44800/50000]
Test Error: 
 Accuracy: 82.7%, Avg loss: 0.888863 

Epoch 24
-------------------------------
loss: 0.064769  [    0/50000]
loss: 0.034212  [ 6400/50000]
loss: 0.021573  [12800/50000]
loss: 0.021145  [19200/50000]
loss: 0.005750  [25600/50000]
loss: 0.020457  [32000/50000]
loss: 0.015870  [38400/50000]
loss: 0.034741  [44800/50000]
Test Error: 
 Accuracy: 83.4%, Avg loss: 0.855955 

Epoch 25
-------------------------------
loss: 0.031383  [    0/50000]
loss: 0.045611  [ 6400/50000]
loss: 0.000804  [12800/50000]
loss: 0.000406  [19200/50000]
loss: 0.003222  [25600/50000]
loss: 0.047505  [32000/50000]
loss: 0.011652  [38400/50000]
loss: 0.015480  [44800/50000]
Test Error: 
 Accuracy: 83.0%, Avg loss: 0.923873 

Epoch 26
-------------------------------
loss: 0.051401  [    0/50000]
loss: 0.018955  [ 6400/50000]
loss: 0.066295  [12800/50000]
loss: 0.003863  [19200/50000]
loss: 0.035616  [25600/50000]
loss: 0.007825  [32000/50000]
loss: 0.016302  [38400/50000]
loss: 0.008938  [44800/50000]
Test Error: 
 Accuracy: 84.0%, Avg loss: 0.855318 

Epoch 27
-------------------------------
loss: 0.047169  [    0/50000]
loss: 0.004130  [ 6400/50000]
loss: 0.025018  [12800/50000]
loss: 0.018920  [19200/50000]
loss: 0.147716  [25600/50000]
loss: 0.008651  [32000/50000]
loss: 0.167572  [38400/50000]
loss: 0.006757  [44800/50000]
Test Error: 
 Accuracy: 82.7%, Avg loss: 0.939458 

Epoch 28
-------------------------------
loss: 0.041476  [    0/50000]
loss: 0.004210  [ 6400/50000]
loss: 0.001786  [12800/50000]
loss: 0.006623  [19200/50000]
loss: 0.029846  [25600/50000]
loss: 0.011415  [32000/50000]
loss: 0.001029  [38400/50000]
loss: 0.058445  [44800/50000]
Test Error: 
 Accuracy: 83.1%, Avg loss: 0.950934 

Epoch 29
-------------------------------
loss: 0.074252  [    0/50000]
loss: 0.004300  [ 6400/50000]
loss: 0.003840  [12800/50000]
loss: 0.013126  [19200/50000]
loss: 0.002873  [25600/50000]
loss: 0.027732  [32000/50000]
loss: 0.055014  [38400/50000]
loss: 0.000842  [44800/50000]
Test Error: 
 Accuracy: 82.6%, Avg loss: 0.984230 

Epoch 30
-------------------------------
loss: 0.035655  [    0/50000]
loss: 0.008323  [ 6400/50000]
loss: 0.002621  [12800/50000]
loss: 0.004652  [19200/50000]
loss: 0.013364  [25600/50000]
loss: 0.033797  [32000/50000]
loss: 0.008263  [38400/50000]
loss: 0.040096  [44800/50000]
Test Error: 
 Accuracy: 82.2%, Avg loss: 0.987443 

Done!
max accuracy 84.02
average accuracy 82.585
