command config
N= 3
B= [1, 1, 4]
C1= 64
F= [3, 3, 3]
K= [1, 1, 1]
P= 8
number of parameters 4769610
Epoch 1
-------------------------------
loss: 2.537120  [    0/50000]
loss: 1.698233  [ 6400/50000]
loss: 1.410738  [12800/50000]
loss: 1.022437  [19200/50000]
loss: 1.112566  [25600/50000]
loss: 1.377254  [32000/50000]
loss: 1.139276  [38400/50000]
loss: 0.978299  [44800/50000]
Test Error: 
 Accuracy: 58.6%, Avg loss: 1.164607 

Epoch 2
-------------------------------
loss: 1.039702  [    0/50000]
loss: 0.919657  [ 6400/50000]
loss: 0.815057  [12800/50000]
loss: 0.627487  [19200/50000]
loss: 0.750311  [25600/50000]
loss: 0.656119  [32000/50000]
loss: 0.783434  [38400/50000]
loss: 0.858302  [44800/50000]
Test Error: 
 Accuracy: 69.7%, Avg loss: 0.897847 

Epoch 3
-------------------------------
loss: 0.877872  [    0/50000]
loss: 0.817388  [ 6400/50000]
loss: 0.758034  [12800/50000]
loss: 0.568752  [19200/50000]
loss: 0.437853  [25600/50000]
loss: 0.791679  [32000/50000]
loss: 0.583523  [38400/50000]
loss: 0.616699  [44800/50000]
Test Error: 
 Accuracy: 76.0%, Avg loss: 0.698678 

Epoch 4
-------------------------------
loss: 0.623259  [    0/50000]
loss: 0.599673  [ 6400/50000]
loss: 0.452487  [12800/50000]
loss: 0.548792  [19200/50000]
loss: 0.625684  [25600/50000]
loss: 0.469849  [32000/50000]
loss: 0.503563  [38400/50000]
loss: 0.605895  [44800/50000]
Test Error: 
 Accuracy: 80.0%, Avg loss: 0.587253 

Epoch 5
-------------------------------
loss: 0.425475  [    0/50000]
loss: 0.297960  [ 6400/50000]
loss: 0.323401  [12800/50000]
loss: 0.505093  [19200/50000]
loss: 0.335362  [25600/50000]
loss: 0.426634  [32000/50000]
loss: 0.430939  [38400/50000]
loss: 0.336511  [44800/50000]
Test Error: 
 Accuracy: 78.5%, Avg loss: 0.638785 

Epoch 6
-------------------------------
loss: 0.237165  [    0/50000]
loss: 0.247822  [ 6400/50000]
loss: 0.449670  [12800/50000]
loss: 0.413217  [19200/50000]
loss: 0.417707  [25600/50000]
loss: 0.444891  [32000/50000]
loss: 0.251769  [38400/50000]
loss: 0.375138  [44800/50000]
Test Error: 
 Accuracy: 81.0%, Avg loss: 0.582353 

Epoch 7
-------------------------------
loss: 0.306206  [    0/50000]
loss: 0.263425  [ 6400/50000]
loss: 0.202672  [12800/50000]
loss: 0.160684  [19200/50000]
loss: 0.285922  [25600/50000]
loss: 0.508417  [32000/50000]
loss: 0.231394  [38400/50000]
loss: 0.207738  [44800/50000]
Test Error: 
 Accuracy: 83.1%, Avg loss: 0.531914 

Epoch 8
-------------------------------
loss: 0.147666  [    0/50000]
loss: 0.160955  [ 6400/50000]
loss: 0.185196  [12800/50000]
loss: 0.123529  [19200/50000]
loss: 0.185122  [25600/50000]
loss: 0.266368  [32000/50000]
loss: 0.147080  [38400/50000]
loss: 0.163677  [44800/50000]
Test Error: 
 Accuracy: 83.2%, Avg loss: 0.559773 

Epoch 9
-------------------------------
loss: 0.232150  [    0/50000]
loss: 0.108089  [ 6400/50000]
loss: 0.130435  [12800/50000]
loss: 0.153172  [19200/50000]
loss: 0.250245  [25600/50000]
loss: 0.192204  [32000/50000]
loss: 0.383746  [38400/50000]
loss: 0.119019  [44800/50000]
Test Error: 
 Accuracy: 80.5%, Avg loss: 0.730784 

Epoch 10
-------------------------------
loss: 0.107833  [    0/50000]
loss: 0.051010  [ 6400/50000]
loss: 0.056524  [12800/50000]
loss: 0.075233  [19200/50000]
loss: 0.088341  [25600/50000]
loss: 0.131485  [32000/50000]
loss: 0.189982  [38400/50000]
loss: 0.244321  [44800/50000]
Test Error: 
 Accuracy: 84.2%, Avg loss: 0.584598 

Epoch 11
-------------------------------
loss: 0.144382  [    0/50000]
loss: 0.009555  [ 6400/50000]
loss: 0.057611  [12800/50000]
loss: 0.043448  [19200/50000]
loss: 0.086232  [25600/50000]
loss: 0.083694  [32000/50000]
loss: 0.107286  [38400/50000]
loss: 0.100570  [44800/50000]
Test Error: 
 Accuracy: 82.9%, Avg loss: 0.653141 

Epoch 12
-------------------------------
loss: 0.142972  [    0/50000]
loss: 0.061712  [ 6400/50000]
loss: 0.051449  [12800/50000]
loss: 0.076203  [19200/50000]
loss: 0.095910  [25600/50000]
loss: 0.106165  [32000/50000]
loss: 0.153260  [38400/50000]
loss: 0.108739  [44800/50000]
Test Error: 
 Accuracy: 83.5%, Avg loss: 0.698582 

Epoch 13
-------------------------------
loss: 0.047678  [    0/50000]
loss: 0.024910  [ 6400/50000]
loss: 0.036009  [12800/50000]
loss: 0.036262  [19200/50000]
loss: 0.060339  [25600/50000]
loss: 0.203979  [32000/50000]
loss: 0.145200  [38400/50000]
loss: 0.036955  [44800/50000]
Test Error: 
 Accuracy: 81.8%, Avg loss: 0.839689 

Epoch 14
-------------------------------
loss: 0.043538  [    0/50000]
loss: 0.025467  [ 6400/50000]
loss: 0.013473  [12800/50000]
loss: 0.043694  [19200/50000]
loss: 0.116495  [25600/50000]
loss: 0.036499  [32000/50000]
loss: 0.053832  [38400/50000]
loss: 0.027466  [44800/50000]
Test Error: 
 Accuracy: 84.9%, Avg loss: 0.628537 

Epoch 15
-------------------------------
loss: 0.022927  [    0/50000]
loss: 0.080057  [ 6400/50000]
loss: 0.058361  [12800/50000]
loss: 0.039328  [19200/50000]
loss: 0.056488  [25600/50000]
loss: 0.006863  [32000/50000]
loss: 0.027227  [38400/50000]
loss: 0.095705  [44800/50000]
Test Error: 
 Accuracy: 84.1%, Avg loss: 0.713093 

Epoch 16
-------------------------------
loss: 0.035304  [    0/50000]
loss: 0.033888  [ 6400/50000]
loss: 0.073370  [12800/50000]
loss: 0.038416  [19200/50000]
loss: 0.005014  [25600/50000]
loss: 0.026086  [32000/50000]
loss: 0.061887  [38400/50000]
loss: 0.040679  [44800/50000]
Test Error: 
 Accuracy: 82.0%, Avg loss: 0.811239 

Epoch 17
-------------------------------
loss: 0.114629  [    0/50000]
loss: 0.010586  [ 6400/50000]
loss: 0.051473  [12800/50000]
loss: 0.043490  [19200/50000]
loss: 0.076476  [25600/50000]
loss: 0.151088  [32000/50000]
loss: 0.052737  [38400/50000]
loss: 0.018246  [44800/50000]
Test Error: 
 Accuracy: 83.6%, Avg loss: 0.753057 

Epoch 18
-------------------------------
loss: 0.007031  [    0/50000]
loss: 0.058977  [ 6400/50000]
loss: 0.009766  [12800/50000]
loss: 0.126137  [19200/50000]
loss: 0.007903  [25600/50000]
loss: 0.062563  [32000/50000]
loss: 0.027401  [38400/50000]
loss: 0.053316  [44800/50000]
Test Error: 
 Accuracy: 84.2%, Avg loss: 0.740895 

Epoch 19
-------------------------------
loss: 0.041040  [    0/50000]
loss: 0.005484  [ 6400/50000]
loss: 0.036689  [12800/50000]
loss: 0.033028  [19200/50000]
loss: 0.002985  [25600/50000]
loss: 0.020599  [32000/50000]
loss: 0.013092  [38400/50000]
loss: 0.073406  [44800/50000]
Test Error: 
 Accuracy: 83.1%, Avg loss: 0.821249 

Epoch 20
-------------------------------
loss: 0.002522  [    0/50000]
loss: 0.014922  [ 6400/50000]
loss: 0.008519  [12800/50000]
loss: 0.008422  [19200/50000]
loss: 0.019298  [25600/50000]
loss: 0.079260  [32000/50000]
loss: 0.098257  [38400/50000]
loss: 0.046552  [44800/50000]
Test Error: 
 Accuracy: 84.3%, Avg loss: 0.764755 

Epoch 21
-------------------------------
loss: 0.039570  [    0/50000]
loss: 0.004209  [ 6400/50000]
loss: 0.079571  [12800/50000]
loss: 0.029063  [19200/50000]
loss: 0.005154  [25600/50000]
loss: 0.077690  [32000/50000]
loss: 0.076351  [38400/50000]
loss: 0.017509  [44800/50000]
Test Error: 
 Accuracy: 84.0%, Avg loss: 0.777812 

Epoch 22
-------------------------------
loss: 0.004025  [    0/50000]
loss: 0.003233  [ 6400/50000]
loss: 0.004612  [12800/50000]
loss: 0.015085  [19200/50000]
loss: 0.002450  [25600/50000]
loss: 0.096808  [32000/50000]
loss: 0.017721  [38400/50000]
loss: 0.001218  [44800/50000]
Test Error: 
 Accuracy: 85.0%, Avg loss: 0.753729 

Epoch 23
-------------------------------
loss: 0.117998  [    0/50000]
loss: 0.009628  [ 6400/50000]
loss: 0.009898  [12800/50000]
loss: 0.020669  [19200/50000]
loss: 0.000045  [25600/50000]
loss: 0.003353  [32000/50000]
loss: 0.085090  [38400/50000]
loss: 0.021313  [44800/50000]
Test Error: 
 Accuracy: 83.5%, Avg loss: 0.856751 

Epoch 24
-------------------------------
loss: 0.011698  [    0/50000]
loss: 0.026935  [ 6400/50000]
loss: 0.030940  [12800/50000]
loss: 0.026210  [19200/50000]
loss: 0.020243  [25600/50000]
loss: 0.013260  [32000/50000]
loss: 0.007368  [38400/50000]
loss: 0.056884  [44800/50000]
Test Error: 
 Accuracy: 83.6%, Avg loss: 0.864893 

Epoch 25
-------------------------------
loss: 0.008004  [    0/50000]
loss: 0.010183  [ 6400/50000]
loss: 0.010946  [12800/50000]
loss: 0.027602  [19200/50000]
loss: 0.004157  [25600/50000]
loss: 0.002929  [32000/50000]
loss: 0.138231  [38400/50000]
loss: 0.031895  [44800/50000]
Test Error: 
 Accuracy: 85.4%, Avg loss: 0.703799 

Epoch 26
-------------------------------
loss: 0.003438  [    0/50000]
loss: 0.044370  [ 6400/50000]
loss: 0.004601  [12800/50000]
loss: 0.015026  [19200/50000]
loss: 0.029284  [25600/50000]
loss: 0.045973  [32000/50000]
loss: 0.005497  [38400/50000]
loss: 0.006174  [44800/50000]
Test Error: 
 Accuracy: 83.7%, Avg loss: 0.787354 

Epoch 27
-------------------------------
loss: 0.022587  [    0/50000]
loss: 0.000855  [ 6400/50000]
loss: 0.041955  [12800/50000]
loss: 0.038850  [19200/50000]
loss: 0.043970  [25600/50000]
loss: 0.015301  [32000/50000]
loss: 0.002331  [38400/50000]
loss: 0.108185  [44800/50000]
Test Error: 
 Accuracy: 84.5%, Avg loss: 0.809780 

Epoch 28
-------------------------------
loss: 0.011793  [    0/50000]
loss: 0.013958  [ 6400/50000]
loss: 0.000570  [12800/50000]
loss: 0.018717  [19200/50000]
loss: 0.003482  [25600/50000]
loss: 0.063235  [32000/50000]
loss: 0.011046  [38400/50000]
loss: 0.038445  [44800/50000]
Test Error: 
 Accuracy: 84.9%, Avg loss: 0.788222 

Epoch 29
-------------------------------
loss: 0.011589  [    0/50000]
loss: 0.008178  [ 6400/50000]
loss: 0.001106  [12800/50000]
loss: 0.025850  [19200/50000]
loss: 0.016692  [25600/50000]
loss: 0.010182  [32000/50000]
loss: 0.037224  [38400/50000]
loss: 0.026618  [44800/50000]
Test Error: 
 Accuracy: 85.4%, Avg loss: 0.783733 

Epoch 30
-------------------------------
loss: 0.016016  [    0/50000]
loss: 0.097201  [ 6400/50000]
loss: 0.002771  [12800/50000]
loss: 0.006350  [19200/50000]
loss: 0.003344  [25600/50000]
loss: 0.002109  [32000/50000]
loss: 0.005714  [38400/50000]
loss: 0.004154  [44800/50000]
Test Error: 
 Accuracy: 83.6%, Avg loss: 0.867985 

Done!
