command config
N= 3
B= [3, 2, 1]
C1= 64
F= [5, 5, 5]
K= [5, 3, 2]
P= 7
number of parameters 4718410
Epoch 1
-------------------------------
loss: 2.376643  [    0/50000]
loss: 1.774438  [ 6400/50000]
loss: 1.561142  [12800/50000]
loss: 1.544197  [19200/50000]
loss: 1.344307  [25600/50000]
loss: 1.056062  [32000/50000]
loss: 1.386927  [38400/50000]
loss: 1.120710  [44800/50000]
Test Error: 
 Accuracy: 50.3%, Avg loss: 1.526673 

Epoch 2
-------------------------------
loss: 0.966987  [    0/50000]
loss: 0.912162  [ 6400/50000]
loss: 0.625037  [12800/50000]
loss: 1.304184  [19200/50000]
loss: 0.942656  [25600/50000]
loss: 0.922924  [32000/50000]
loss: 0.753983  [38400/50000]
loss: 0.917338  [44800/50000]
Test Error: 
 Accuracy: 67.0%, Avg loss: 0.972921 

Epoch 3
-------------------------------
loss: 0.893937  [    0/50000]
loss: 0.543765  [ 6400/50000]
loss: 0.598754  [12800/50000]
loss: 0.759083  [19200/50000]
loss: 0.780702  [25600/50000]
loss: 0.629414  [32000/50000]
loss: 0.582617  [38400/50000]
loss: 0.797656  [44800/50000]
Test Error: 
 Accuracy: 77.2%, Avg loss: 0.649263 

Epoch 4
-------------------------------
loss: 0.575690  [    0/50000]
loss: 0.542582  [ 6400/50000]
loss: 0.555378  [12800/50000]
loss: 0.497375  [19200/50000]
loss: 0.630105  [25600/50000]
loss: 0.419147  [32000/50000]
loss: 0.350177  [38400/50000]
loss: 0.561913  [44800/50000]
Test Error: 
 Accuracy: 74.7%, Avg loss: 0.749990 

Epoch 5
-------------------------------
loss: 0.578345  [    0/50000]
loss: 0.609641  [ 6400/50000]
loss: 0.323883  [12800/50000]
loss: 0.414279  [19200/50000]
loss: 0.207293  [25600/50000]
loss: 0.425511  [32000/50000]
loss: 0.360414  [38400/50000]
loss: 0.399374  [44800/50000]
Test Error: 
 Accuracy: 80.3%, Avg loss: 0.593677 

Epoch 6
-------------------------------
loss: 0.256690  [    0/50000]
loss: 0.306712  [ 6400/50000]
loss: 0.190317  [12800/50000]
loss: 0.256202  [19200/50000]
loss: 0.240987  [25600/50000]
loss: 0.463147  [32000/50000]
loss: 0.529440  [38400/50000]
loss: 0.592794  [44800/50000]
Test Error: 
 Accuracy: 81.6%, Avg loss: 0.549841 

Epoch 7
-------------------------------
loss: 0.342790  [    0/50000]
loss: 0.384792  [ 6400/50000]
loss: 0.297599  [12800/50000]
loss: 0.227889  [19200/50000]
loss: 0.334421  [25600/50000]
loss: 0.415362  [32000/50000]
loss: 0.311390  [38400/50000]
loss: 0.250257  [44800/50000]
Test Error: 
 Accuracy: 82.7%, Avg loss: 0.532838 

Epoch 8
-------------------------------
loss: 0.244551  [    0/50000]
loss: 0.146315  [ 6400/50000]
loss: 0.393454  [12800/50000]
loss: 0.352201  [19200/50000]
loss: 0.506691  [25600/50000]
loss: 0.191290  [32000/50000]
loss: 0.245413  [38400/50000]
loss: 0.223652  [44800/50000]
Test Error: 
 Accuracy: 84.8%, Avg loss: 0.461673 

Epoch 9
-------------------------------
loss: 0.149943  [    0/50000]
loss: 0.311833  [ 6400/50000]
loss: 0.157458  [12800/50000]
loss: 0.412139  [19200/50000]
loss: 0.151895  [25600/50000]
loss: 0.195616  [32000/50000]
loss: 0.354374  [38400/50000]
loss: 0.211597  [44800/50000]
Test Error: 
 Accuracy: 79.8%, Avg loss: 0.701313 

Epoch 10
-------------------------------
loss: 0.194576  [    0/50000]
loss: 0.065554  [ 6400/50000]
loss: 0.198269  [12800/50000]
loss: 0.147669  [19200/50000]
loss: 0.103260  [25600/50000]
loss: 0.141310  [32000/50000]
loss: 0.107567  [38400/50000]
loss: 0.207668  [44800/50000]
Test Error: 
 Accuracy: 85.7%, Avg loss: 0.460209 

Epoch 11
-------------------------------
loss: 0.120530  [    0/50000]
loss: 0.064846  [ 6400/50000]
loss: 0.040332  [12800/50000]
loss: 0.046527  [19200/50000]
loss: 0.083357  [25600/50000]
loss: 0.134507  [32000/50000]
loss: 0.097854  [38400/50000]
loss: 0.072925  [44800/50000]
Test Error: 
 Accuracy: 85.9%, Avg loss: 0.518566 

Epoch 12
-------------------------------
loss: 0.163094  [    0/50000]
loss: 0.044900  [ 6400/50000]
loss: 0.060475  [12800/50000]
loss: 0.262036  [19200/50000]
loss: 0.213058  [25600/50000]
loss: 0.141999  [32000/50000]
loss: 0.130738  [38400/50000]
loss: 0.021399  [44800/50000]
Test Error: 
 Accuracy: 84.1%, Avg loss: 0.603861 

Epoch 13
-------------------------------
loss: 0.041967  [    0/50000]
loss: 0.034648  [ 6400/50000]
loss: 0.027539  [12800/50000]
loss: 0.027677  [19200/50000]
loss: 0.121305  [25600/50000]
loss: 0.035118  [32000/50000]
loss: 0.072303  [38400/50000]
loss: 0.096736  [44800/50000]
Test Error: 
 Accuracy: 85.4%, Avg loss: 0.559730 

Epoch 14
-------------------------------
loss: 0.024490  [    0/50000]
loss: 0.020743  [ 6400/50000]
loss: 0.064875  [12800/50000]
loss: 0.011987  [19200/50000]
loss: 0.011305  [25600/50000]
loss: 0.147124  [32000/50000]
loss: 0.147349  [38400/50000]
loss: 0.178382  [44800/50000]
Test Error: 
 Accuracy: 86.4%, Avg loss: 0.544472 

Epoch 15
-------------------------------
loss: 0.086054  [    0/50000]
loss: 0.050939  [ 6400/50000]
loss: 0.004121  [12800/50000]
loss: 0.022930  [19200/50000]
loss: 0.039009  [25600/50000]
loss: 0.027190  [32000/50000]
loss: 0.016482  [38400/50000]
loss: 0.166598  [44800/50000]
Test Error: 
 Accuracy: 84.7%, Avg loss: 0.637724 

Epoch 16
-------------------------------
loss: 0.062655  [    0/50000]
loss: 0.024154  [ 6400/50000]
loss: 0.004215  [12800/50000]
loss: 0.045398  [19200/50000]
loss: 0.018490  [25600/50000]
loss: 0.008099  [32000/50000]
loss: 0.047890  [38400/50000]
loss: 0.039124  [44800/50000]
Test Error: 
 Accuracy: 84.3%, Avg loss: 0.742765 

Epoch 17
-------------------------------
loss: 0.086865  [    0/50000]
loss: 0.058383  [ 6400/50000]
loss: 0.027372  [12800/50000]
loss: 0.036170  [19200/50000]
loss: 0.016733  [25600/50000]
loss: 0.054852  [32000/50000]
loss: 0.123581  [38400/50000]
loss: 0.108826  [44800/50000]
Test Error: 
 Accuracy: 86.2%, Avg loss: 0.611960 

Epoch 18
-------------------------------
loss: 0.019692  [    0/50000]
loss: 0.072052  [ 6400/50000]
loss: 0.062795  [12800/50000]
loss: 0.027012  [19200/50000]
loss: 0.054933  [25600/50000]
loss: 0.071952  [32000/50000]
loss: 0.035444  [38400/50000]
loss: 0.009720  [44800/50000]
Test Error: 
 Accuracy: 85.8%, Avg loss: 0.683888 

Epoch 19
-------------------------------
loss: 0.013923  [    0/50000]
loss: 0.064767  [ 6400/50000]
loss: 0.003087  [12800/50000]
loss: 0.071890  [19200/50000]
loss: 0.012671  [25600/50000]
loss: 0.009512  [32000/50000]
loss: 0.006372  [38400/50000]
loss: 0.020522  [44800/50000]
Test Error: 
 Accuracy: 84.5%, Avg loss: 0.772369 

Epoch 20
-------------------------------
loss: 0.019397  [    0/50000]
loss: 0.027161  [ 6400/50000]
loss: 0.061927  [12800/50000]
loss: 0.003146  [19200/50000]
loss: 0.047197  [25600/50000]
loss: 0.015098  [32000/50000]
loss: 0.041538  [38400/50000]
loss: 0.019943  [44800/50000]
Test Error: 
 Accuracy: 85.7%, Avg loss: 0.717855 

Epoch 21
-------------------------------
loss: 0.045910  [    0/50000]
loss: 0.015448  [ 6400/50000]
loss: 0.028419  [12800/50000]
loss: 0.063006  [19200/50000]
loss: 0.011438  [25600/50000]
loss: 0.007159  [32000/50000]
loss: 0.045976  [38400/50000]
loss: 0.052331  [44800/50000]
Test Error: 
 Accuracy: 84.5%, Avg loss: 0.754375 

Epoch 22
-------------------------------
loss: 0.001745  [    0/50000]
loss: 0.023616  [ 6400/50000]
loss: 0.022680  [12800/50000]
loss: 0.019298  [19200/50000]
loss: 0.006454  [25600/50000]
loss: 0.021644  [32000/50000]
loss: 0.031435  [38400/50000]
loss: 0.002718  [44800/50000]
Test Error: 
 Accuracy: 86.8%, Avg loss: 0.622823 

Epoch 23
-------------------------------
loss: 0.011838  [    0/50000]
loss: 0.014022  [ 6400/50000]
loss: 0.047556  [12800/50000]
loss: 0.004082  [19200/50000]
loss: 0.023052  [25600/50000]
loss: 0.046023  [32000/50000]
loss: 0.092325  [38400/50000]
loss: 0.022315  [44800/50000]
Test Error: 
 Accuracy: 85.1%, Avg loss: 0.719066 

Epoch 24
-------------------------------
loss: 0.088942  [    0/50000]
loss: 0.005790  [ 6400/50000]
loss: 0.029253  [12800/50000]
loss: 0.019031  [19200/50000]
loss: 0.036777  [25600/50000]
loss: 0.025754  [32000/50000]
loss: 0.053649  [38400/50000]
loss: 0.004930  [44800/50000]
Test Error: 
 Accuracy: 84.2%, Avg loss: 0.790693 

Epoch 25
-------------------------------
loss: 0.054702  [    0/50000]
loss: 0.011902  [ 6400/50000]
loss: 0.006351  [12800/50000]
loss: 0.032367  [19200/50000]
loss: 0.033561  [25600/50000]
loss: 0.009034  [32000/50000]
loss: 0.034024  [38400/50000]
loss: 0.028733  [44800/50000]
Test Error: 
 Accuracy: 85.7%, Avg loss: 0.714988 

Epoch 26
-------------------------------
loss: 0.123840  [    0/50000]
loss: 0.036947  [ 6400/50000]
loss: 0.016458  [12800/50000]
loss: 0.005539  [19200/50000]
loss: 0.020084  [25600/50000]
loss: 0.003457  [32000/50000]
loss: 0.015140  [38400/50000]
loss: 0.025115  [44800/50000]
Test Error: 
 Accuracy: 86.2%, Avg loss: 0.711592 

Epoch 27
-------------------------------
loss: 0.004775  [    0/50000]
loss: 0.025686  [ 6400/50000]
loss: 0.006698  [12800/50000]
loss: 0.029687  [19200/50000]
loss: 0.070695  [25600/50000]
loss: 0.078104  [32000/50000]
loss: 0.004783  [38400/50000]
loss: 0.033424  [44800/50000]
Test Error: 
 Accuracy: 86.4%, Avg loss: 0.710133 

Epoch 28
-------------------------------
loss: 0.009082  [    0/50000]
loss: 0.016175  [ 6400/50000]
loss: 0.000862  [12800/50000]
loss: 0.001189  [19200/50000]
loss: 0.028219  [25600/50000]
loss: 0.029900  [32000/50000]
loss: 0.004544  [38400/50000]
loss: 0.009534  [44800/50000]
Test Error: 
 Accuracy: 86.1%, Avg loss: 0.728853 

Epoch 29
-------------------------------
loss: 0.002272  [    0/50000]
loss: 0.014871  [ 6400/50000]
loss: 0.006970  [12800/50000]
loss: 0.099410  [19200/50000]
loss: 0.022385  [25600/50000]
loss: 0.047508  [32000/50000]
loss: 0.007832  [38400/50000]
loss: 0.008317  [44800/50000]
Test Error: 
 Accuracy: 86.4%, Avg loss: 0.676435 

Epoch 30
-------------------------------
loss: 0.001875  [    0/50000]
loss: 0.016586  [ 6400/50000]
loss: 0.028435  [12800/50000]
loss: 0.016747  [19200/50000]
loss: 0.013350  [25600/50000]
loss: 0.002541  [32000/50000]
loss: 0.006103  [38400/50000]
loss: 0.017910  [44800/50000]
Test Error: 
 Accuracy: 85.6%, Avg loss: 0.759100 

Done!
