command config
N= 3
B= [2, 3, 2]
C1= 64
F= [3, 5, 3]
K= [1, 3, 1]
P= 8
number of parameters 4580426
Epoch 1
-------------------------------
loss: 2.397044  [    0/50000]
loss: 1.638280  [ 6400/50000]
loss: 1.403539  [12800/50000]
loss: 1.263647  [19200/50000]
loss: 1.321086  [25600/50000]
loss: 1.256821  [32000/50000]
loss: 1.002999  [38400/50000]
loss: 1.208469  [44800/50000]
Test Error: 
 Accuracy: 64.3%, Avg loss: 1.014465 

Epoch 2
-------------------------------
loss: 0.959071  [    0/50000]
loss: 0.684732  [ 6400/50000]
loss: 1.143195  [12800/50000]
loss: 1.033873  [19200/50000]
loss: 0.803768  [25600/50000]
loss: 0.768800  [32000/50000]
loss: 0.889359  [38400/50000]
loss: 0.716327  [44800/50000]
Test Error: 
 Accuracy: 72.1%, Avg loss: 0.786521 

Epoch 3
-------------------------------
loss: 0.619695  [    0/50000]
loss: 0.701496  [ 6400/50000]
loss: 0.548170  [12800/50000]
loss: 0.757927  [19200/50000]
loss: 0.454182  [25600/50000]
loss: 0.506250  [32000/50000]
loss: 0.702043  [38400/50000]
loss: 0.753557  [44800/50000]
Test Error: 
 Accuracy: 79.1%, Avg loss: 0.601189 

Epoch 4
-------------------------------
loss: 0.389374  [    0/50000]
loss: 0.483028  [ 6400/50000]
loss: 0.662476  [12800/50000]
loss: 0.296430  [19200/50000]
loss: 0.531380  [25600/50000]
loss: 0.629216  [32000/50000]
loss: 0.432848  [38400/50000]
loss: 0.590815  [44800/50000]
Test Error: 
 Accuracy: 80.5%, Avg loss: 0.569397 

Epoch 5
-------------------------------
loss: 0.322648  [    0/50000]
loss: 0.359906  [ 6400/50000]
loss: 0.338782  [12800/50000]
loss: 0.255683  [19200/50000]
loss: 0.379227  [25600/50000]
loss: 0.553309  [32000/50000]
loss: 0.477828  [38400/50000]
loss: 0.497891  [44800/50000]
Test Error: 
 Accuracy: 82.4%, Avg loss: 0.525880 

Epoch 6
-------------------------------
loss: 0.621891  [    0/50000]
loss: 0.303133  [ 6400/50000]
loss: 0.598088  [12800/50000]
loss: 0.179425  [19200/50000]
loss: 0.598864  [25600/50000]
loss: 0.227299  [32000/50000]
loss: 0.336024  [38400/50000]
loss: 0.211688  [44800/50000]
Test Error: 
 Accuracy: 84.6%, Avg loss: 0.455893 

Epoch 7
-------------------------------
loss: 0.162149  [    0/50000]
loss: 0.307564  [ 6400/50000]
loss: 0.128807  [12800/50000]
loss: 0.243176  [19200/50000]
loss: 0.120058  [25600/50000]
loss: 0.259834  [32000/50000]
loss: 0.148492  [38400/50000]
loss: 0.305374  [44800/50000]
Test Error: 
 Accuracy: 82.1%, Avg loss: 0.577214 

Epoch 8
-------------------------------
loss: 0.241297  [    0/50000]
loss: 0.149664  [ 6400/50000]
loss: 0.202947  [12800/50000]
loss: 0.199009  [19200/50000]
loss: 0.290887  [25600/50000]
loss: 0.216114  [32000/50000]
loss: 0.185257  [38400/50000]
loss: 0.235366  [44800/50000]
Test Error: 
 Accuracy: 83.1%, Avg loss: 0.538083 

Epoch 9
-------------------------------
loss: 0.134541  [    0/50000]
loss: 0.179228  [ 6400/50000]
loss: 0.143208  [12800/50000]
loss: 0.096373  [19200/50000]
loss: 0.156452  [25600/50000]
loss: 0.147384  [32000/50000]
loss: 0.265690  [38400/50000]
loss: 0.087043  [44800/50000]
Test Error: 
 Accuracy: 86.1%, Avg loss: 0.447771 

Epoch 10
-------------------------------
loss: 0.102221  [    0/50000]
loss: 0.107813  [ 6400/50000]
loss: 0.084818  [12800/50000]
loss: 0.246503  [19200/50000]
loss: 0.094779  [25600/50000]
loss: 0.222239  [32000/50000]
loss: 0.127521  [38400/50000]
loss: 0.282087  [44800/50000]
Test Error: 
 Accuracy: 84.2%, Avg loss: 0.564082 

Epoch 11
-------------------------------
loss: 0.123660  [    0/50000]
loss: 0.064774  [ 6400/50000]
loss: 0.098399  [12800/50000]
loss: 0.054498  [19200/50000]
loss: 0.155367  [25600/50000]
loss: 0.064051  [32000/50000]
loss: 0.176988  [38400/50000]
loss: 0.096343  [44800/50000]
Test Error: 
 Accuracy: 85.2%, Avg loss: 0.560468 

Epoch 12
-------------------------------
loss: 0.027669  [    0/50000]
loss: 0.132690  [ 6400/50000]
loss: 0.067701  [12800/50000]
loss: 0.140740  [19200/50000]
loss: 0.086690  [25600/50000]
loss: 0.106882  [32000/50000]
loss: 0.074522  [38400/50000]
loss: 0.084243  [44800/50000]
Test Error: 
 Accuracy: 86.1%, Avg loss: 0.506951 

Epoch 13
-------------------------------
loss: 0.062105  [    0/50000]
loss: 0.120382  [ 6400/50000]
loss: 0.018329  [12800/50000]
loss: 0.065945  [19200/50000]
loss: 0.163990  [25600/50000]
loss: 0.140232  [32000/50000]
loss: 0.019707  [38400/50000]
loss: 0.021725  [44800/50000]
Test Error: 
 Accuracy: 85.3%, Avg loss: 0.640135 

Epoch 14
-------------------------------
loss: 0.020357  [    0/50000]
loss: 0.190056  [ 6400/50000]
loss: 0.009510  [12800/50000]
loss: 0.017511  [19200/50000]
loss: 0.067144  [25600/50000]
loss: 0.130314  [32000/50000]
loss: 0.086155  [38400/50000]
loss: 0.139803  [44800/50000]
Test Error: 
 Accuracy: 85.8%, Avg loss: 0.608466 

Epoch 15
-------------------------------
loss: 0.071400  [    0/50000]
loss: 0.116429  [ 6400/50000]
loss: 0.066980  [12800/50000]
loss: 0.012639  [19200/50000]
loss: 0.066293  [25600/50000]
loss: 0.109519  [32000/50000]
loss: 0.144113  [38400/50000]
loss: 0.024869  [44800/50000]
Test Error: 
 Accuracy: 84.8%, Avg loss: 0.697070 

Epoch 16
-------------------------------
loss: 0.016222  [    0/50000]
loss: 0.030981  [ 6400/50000]
loss: 0.045466  [12800/50000]
loss: 0.121306  [19200/50000]
loss: 0.081569  [25600/50000]
loss: 0.047959  [32000/50000]
loss: 0.036093  [38400/50000]
loss: 0.095047  [44800/50000]
Test Error: 
 Accuracy: 86.0%, Avg loss: 0.614957 

Epoch 17
-------------------------------
loss: 0.060978  [    0/50000]
loss: 0.111225  [ 6400/50000]
loss: 0.037794  [12800/50000]
loss: 0.017914  [19200/50000]
loss: 0.153257  [25600/50000]
loss: 0.011144  [32000/50000]
loss: 0.072658  [38400/50000]
loss: 0.040827  [44800/50000]
Test Error: 
 Accuracy: 86.4%, Avg loss: 0.621196 

Epoch 18
-------------------------------
loss: 0.040791  [    0/50000]
loss: 0.025670  [ 6400/50000]
loss: 0.085300  [12800/50000]
loss: 0.006986  [19200/50000]
loss: 0.044149  [25600/50000]
loss: 0.005919  [32000/50000]
loss: 0.003506  [38400/50000]
loss: 0.057118  [44800/50000]
Test Error: 
 Accuracy: 85.8%, Avg loss: 0.631532 

Epoch 19
-------------------------------
loss: 0.020671  [    0/50000]
loss: 0.036848  [ 6400/50000]
loss: 0.039629  [12800/50000]
loss: 0.041093  [19200/50000]
loss: 0.095122  [25600/50000]
loss: 0.080386  [32000/50000]
loss: 0.025466  [38400/50000]
loss: 0.015481  [44800/50000]
Test Error: 
 Accuracy: 87.0%, Avg loss: 0.578097 

Epoch 20
-------------------------------
loss: 0.060665  [    0/50000]
loss: 0.007210  [ 6400/50000]
loss: 0.005064  [12800/50000]
loss: 0.019417  [19200/50000]
loss: 0.012898  [25600/50000]
loss: 0.037943  [32000/50000]
loss: 0.005695  [38400/50000]
loss: 0.118813  [44800/50000]
Test Error: 
 Accuracy: 86.7%, Avg loss: 0.634151 

Epoch 21
-------------------------------
loss: 0.104521  [    0/50000]
loss: 0.053751  [ 6400/50000]
loss: 0.038969  [12800/50000]
loss: 0.039317  [19200/50000]
loss: 0.099367  [25600/50000]
loss: 0.022731  [32000/50000]
loss: 0.019869  [38400/50000]
loss: 0.008908  [44800/50000]
Test Error: 
 Accuracy: 86.8%, Avg loss: 0.609532 

Epoch 22
-------------------------------
loss: 0.004925  [    0/50000]
loss: 0.015435  [ 6400/50000]
loss: 0.027433  [12800/50000]
loss: 0.003684  [19200/50000]
loss: 0.057945  [25600/50000]
loss: 0.009180  [32000/50000]
loss: 0.005678  [38400/50000]
loss: 0.021145  [44800/50000]
Test Error: 
 Accuracy: 87.3%, Avg loss: 0.592606 

Epoch 23
-------------------------------
loss: 0.001927  [    0/50000]
loss: 0.010456  [ 6400/50000]
loss: 0.023812  [12800/50000]
loss: 0.023394  [19200/50000]
loss: 0.032077  [25600/50000]
loss: 0.002702  [32000/50000]
loss: 0.156323  [38400/50000]
loss: 0.000789  [44800/50000]
Test Error: 
 Accuracy: 86.5%, Avg loss: 0.671663 

Epoch 24
-------------------------------
loss: 0.012978  [    0/50000]
loss: 0.006975  [ 6400/50000]
loss: 0.006899  [12800/50000]
loss: 0.041486  [19200/50000]
loss: 0.002314  [25600/50000]
loss: 0.018731  [32000/50000]
loss: 0.001433  [38400/50000]
loss: 0.012513  [44800/50000]
Test Error: 
 Accuracy: 87.2%, Avg loss: 0.658900 

Epoch 25
-------------------------------
loss: 0.015922  [    0/50000]
loss: 0.014547  [ 6400/50000]
loss: 0.012655  [12800/50000]
loss: 0.010635  [19200/50000]
loss: 0.026819  [25600/50000]
loss: 0.017396  [32000/50000]
loss: 0.027635  [38400/50000]
loss: 0.066525  [44800/50000]
Test Error: 
 Accuracy: 87.3%, Avg loss: 0.626657 

Epoch 26
-------------------------------
loss: 0.006788  [    0/50000]
loss: 0.000937  [ 6400/50000]
loss: 0.017069  [12800/50000]
loss: 0.002571  [19200/50000]
loss: 0.003228  [25600/50000]
loss: 0.035802  [32000/50000]
loss: 0.006816  [38400/50000]
loss: 0.010587  [44800/50000]
Test Error: 
 Accuracy: 87.3%, Avg loss: 0.627046 

Epoch 27
-------------------------------
loss: 0.005330  [    0/50000]
loss: 0.036069  [ 6400/50000]
loss: 0.010973  [12800/50000]
loss: 0.002860  [19200/50000]
loss: 0.036841  [25600/50000]
loss: 0.032548  [32000/50000]
loss: 0.005673  [38400/50000]
loss: 0.068860  [44800/50000]
Test Error: 
 Accuracy: 86.5%, Avg loss: 0.651217 

Epoch 28
-------------------------------
loss: 0.003553  [    0/50000]
loss: 0.005945  [ 6400/50000]
loss: 0.062022  [12800/50000]
loss: 0.003198  [19200/50000]
loss: 0.006263  [25600/50000]
loss: 0.109591  [32000/50000]
loss: 0.005304  [38400/50000]
loss: 0.002430  [44800/50000]
Test Error: 
 Accuracy: 87.5%, Avg loss: 0.637539 

Epoch 29
-------------------------------
loss: 0.020606  [    0/50000]
loss: 0.010890  [ 6400/50000]
loss: 0.015653  [12800/50000]
loss: 0.024223  [19200/50000]
loss: 0.094538  [25600/50000]
loss: 0.103162  [32000/50000]
loss: 0.002666  [38400/50000]
loss: 0.036878  [44800/50000]
Test Error: 
 Accuracy: 87.2%, Avg loss: 0.638939 

Epoch 30
-------------------------------
loss: 0.000927  [    0/50000]
loss: 0.033916  [ 6400/50000]
loss: 0.021711  [12800/50000]
loss: 0.009194  [19200/50000]
loss: 0.030854  [25600/50000]
loss: 0.004975  [32000/50000]
loss: 0.030279  [38400/50000]
loss: 0.109390  [44800/50000]
Test Error: 
 Accuracy: 85.8%, Avg loss: 0.773720 

Done!
