command config
N= 3
B= [1, 1, 4]
C1= 64
F= [5, 3, 3]
K= [5, 1, 1]
P= 8
number of parameters 4900682
Epoch 1
-------------------------------
loss: 2.346411  [    0/50000]
loss: 1.602934  [ 6400/50000]
loss: 1.786097  [12800/50000]
loss: 1.270811  [19200/50000]
loss: 1.254599  [25600/50000]
loss: 1.286622  [32000/50000]
loss: 0.994827  [38400/50000]
loss: 0.921548  [44800/50000]
Test Error: 
 Accuracy: 57.3%, Avg loss: 1.251779 

Epoch 2
-------------------------------
loss: 1.036690  [    0/50000]
loss: 1.177020  [ 6400/50000]
loss: 1.011395  [12800/50000]
loss: 1.247289  [19200/50000]
loss: 0.790366  [25600/50000]
loss: 0.942758  [32000/50000]
loss: 0.786161  [38400/50000]
loss: 0.759545  [44800/50000]
Test Error: 
 Accuracy: 63.4%, Avg loss: 1.084337 

Epoch 3
-------------------------------
loss: 0.788937  [    0/50000]
loss: 0.800350  [ 6400/50000]
loss: 0.747741  [12800/50000]
loss: 0.536215  [19200/50000]
loss: 0.560975  [25600/50000]
loss: 0.645136  [32000/50000]
loss: 0.589341  [38400/50000]
loss: 0.786383  [44800/50000]
Test Error: 
 Accuracy: 74.9%, Avg loss: 0.707014 

Epoch 4
-------------------------------
loss: 0.380818  [    0/50000]
loss: 0.498955  [ 6400/50000]
loss: 0.443490  [12800/50000]
loss: 0.708169  [19200/50000]
loss: 0.428679  [25600/50000]
loss: 0.461274  [32000/50000]
loss: 0.677530  [38400/50000]
loss: 0.332822  [44800/50000]
Test Error: 
 Accuracy: 78.0%, Avg loss: 0.643161 

Epoch 5
-------------------------------
loss: 0.292882  [    0/50000]
loss: 0.329320  [ 6400/50000]
loss: 0.384142  [12800/50000]
loss: 0.367308  [19200/50000]
loss: 0.462763  [25600/50000]
loss: 0.696997  [32000/50000]
loss: 0.837373  [38400/50000]
loss: 0.521580  [44800/50000]
Test Error: 
 Accuracy: 80.3%, Avg loss: 0.583570 

Epoch 6
-------------------------------
loss: 0.421760  [    0/50000]
loss: 0.431779  [ 6400/50000]
loss: 0.339708  [12800/50000]
loss: 0.238609  [19200/50000]
loss: 0.364692  [25600/50000]
loss: 0.380457  [32000/50000]
loss: 0.541521  [38400/50000]
loss: 0.424258  [44800/50000]
Test Error: 
 Accuracy: 82.2%, Avg loss: 0.521708 

Epoch 7
-------------------------------
loss: 0.417261  [    0/50000]
loss: 0.132267  [ 6400/50000]
loss: 0.182598  [12800/50000]
loss: 0.278876  [19200/50000]
loss: 0.225231  [25600/50000]
loss: 0.481280  [32000/50000]
loss: 0.285306  [38400/50000]
loss: 0.352580  [44800/50000]
Test Error: 
 Accuracy: 81.9%, Avg loss: 0.546799 

Epoch 8
-------------------------------
loss: 0.212674  [    0/50000]
loss: 0.109568  [ 6400/50000]
loss: 0.243670  [12800/50000]
loss: 0.325891  [19200/50000]
loss: 0.187738  [25600/50000]
loss: 0.237174  [32000/50000]
loss: 0.280443  [38400/50000]
loss: 0.206336  [44800/50000]
Test Error: 
 Accuracy: 83.4%, Avg loss: 0.526498 

Epoch 9
-------------------------------
loss: 0.095632  [    0/50000]
loss: 0.176998  [ 6400/50000]
loss: 0.265357  [12800/50000]
loss: 0.417855  [19200/50000]
loss: 0.148153  [25600/50000]
loss: 0.205376  [32000/50000]
loss: 0.086185  [38400/50000]
loss: 0.274046  [44800/50000]
Test Error: 
 Accuracy: 81.3%, Avg loss: 0.626035 

Epoch 10
-------------------------------
loss: 0.087402  [    0/50000]
loss: 0.146697  [ 6400/50000]
loss: 0.150519  [12800/50000]
loss: 0.224514  [19200/50000]
loss: 0.200681  [25600/50000]
loss: 0.170408  [32000/50000]
loss: 0.167395  [38400/50000]
loss: 0.217074  [44800/50000]
Test Error: 
 Accuracy: 83.3%, Avg loss: 0.576687 

Epoch 11
-------------------------------
loss: 0.064632  [    0/50000]
loss: 0.071966  [ 6400/50000]
loss: 0.086502  [12800/50000]
loss: 0.199174  [19200/50000]
loss: 0.060708  [25600/50000]
loss: 0.124610  [32000/50000]
loss: 0.077283  [38400/50000]
loss: 0.178915  [44800/50000]
Test Error: 
 Accuracy: 83.2%, Avg loss: 0.661852 

Epoch 12
-------------------------------
loss: 0.067411  [    0/50000]
loss: 0.048195  [ 6400/50000]
loss: 0.039583  [12800/50000]
loss: 0.065995  [19200/50000]
loss: 0.120390  [25600/50000]
loss: 0.076826  [32000/50000]
loss: 0.146449  [38400/50000]
loss: 0.096063  [44800/50000]
Test Error: 
 Accuracy: 80.5%, Avg loss: 0.818372 

Epoch 13
-------------------------------
loss: 0.037950  [    0/50000]
loss: 0.072039  [ 6400/50000]
loss: 0.072664  [12800/50000]
loss: 0.045808  [19200/50000]
loss: 0.215112  [25600/50000]
loss: 0.175378  [32000/50000]
loss: 0.179052  [38400/50000]
loss: 0.130864  [44800/50000]
Test Error: 
 Accuracy: 82.1%, Avg loss: 0.766895 

Epoch 14
-------------------------------
loss: 0.042951  [    0/50000]
loss: 0.062019  [ 6400/50000]
loss: 0.303091  [12800/50000]
loss: 0.029639  [19200/50000]
loss: 0.093133  [25600/50000]
loss: 0.081418  [32000/50000]
loss: 0.013807  [38400/50000]
loss: 0.131651  [44800/50000]
Test Error: 
 Accuracy: 81.5%, Avg loss: 0.776126 

Epoch 15
-------------------------------
loss: 0.016554  [    0/50000]
loss: 0.087518  [ 6400/50000]
loss: 0.003186  [12800/50000]
loss: 0.145390  [19200/50000]
loss: 0.022378  [25600/50000]
loss: 0.024486  [32000/50000]
loss: 0.057041  [38400/50000]
loss: 0.022978  [44800/50000]
Test Error: 
 Accuracy: 83.1%, Avg loss: 0.730864 

Epoch 16
-------------------------------
loss: 0.034514  [    0/50000]
loss: 0.071830  [ 6400/50000]
loss: 0.011143  [12800/50000]
loss: 0.059853  [19200/50000]
loss: 0.075115  [25600/50000]
loss: 0.040358  [32000/50000]
loss: 0.013281  [38400/50000]
loss: 0.029735  [44800/50000]
Test Error: 
 Accuracy: 83.4%, Avg loss: 0.737669 

Epoch 17
-------------------------------
loss: 0.101434  [    0/50000]
loss: 0.008361  [ 6400/50000]
loss: 0.071890  [12800/50000]
loss: 0.030369  [19200/50000]
loss: 0.023884  [25600/50000]
loss: 0.011245  [32000/50000]
loss: 0.056747  [38400/50000]
loss: 0.027945  [44800/50000]
Test Error: 
 Accuracy: 84.5%, Avg loss: 0.714793 

Epoch 18
-------------------------------
loss: 0.089722  [    0/50000]
loss: 0.011597  [ 6400/50000]
loss: 0.050408  [12800/50000]
loss: 0.009566  [19200/50000]
loss: 0.202813  [25600/50000]
loss: 0.353800  [32000/50000]
loss: 0.028803  [38400/50000]
loss: 0.091055  [44800/50000]
Test Error: 
 Accuracy: 79.8%, Avg loss: 0.988243 

Epoch 19
-------------------------------
loss: 0.040844  [    0/50000]
loss: 0.005737  [ 6400/50000]
loss: 0.005644  [12800/50000]
loss: 0.130244  [19200/50000]
loss: 0.034197  [25600/50000]
loss: 0.025117  [32000/50000]
loss: 0.054729  [38400/50000]
loss: 0.052823  [44800/50000]
Test Error: 
 Accuracy: 84.0%, Avg loss: 0.718268 

Epoch 20
-------------------------------
loss: 0.021338  [    0/50000]
loss: 0.020436  [ 6400/50000]
loss: 0.029708  [12800/50000]
loss: 0.040689  [19200/50000]
loss: 0.024644  [25600/50000]
loss: 0.026500  [32000/50000]
loss: 0.036271  [38400/50000]
loss: 0.039078  [44800/50000]
Test Error: 
 Accuracy: 81.6%, Avg loss: 0.899951 

Epoch 21
-------------------------------
loss: 0.040205  [    0/50000]
loss: 0.051183  [ 6400/50000]
loss: 0.048208  [12800/50000]
loss: 0.015662  [19200/50000]
loss: 0.007915  [25600/50000]
loss: 0.104434  [32000/50000]
loss: 0.023916  [38400/50000]
loss: 0.030272  [44800/50000]
Test Error: 
 Accuracy: 85.3%, Avg loss: 0.734859 

Epoch 22
-------------------------------
loss: 0.059133  [    0/50000]
loss: 0.006624  [ 6400/50000]
loss: 0.035247  [12800/50000]
loss: 0.008316  [19200/50000]
loss: 0.014531  [25600/50000]
loss: 0.020347  [32000/50000]
loss: 0.026191  [38400/50000]
loss: 0.102539  [44800/50000]
Test Error: 
 Accuracy: 84.4%, Avg loss: 0.806650 

Epoch 23
-------------------------------
loss: 0.036780  [    0/50000]
loss: 0.008042  [ 6400/50000]
loss: 0.001942  [12800/50000]
loss: 0.031123  [19200/50000]
loss: 0.002838  [25600/50000]
loss: 0.036108  [32000/50000]
loss: 0.076774  [38400/50000]
loss: 0.009922  [44800/50000]
Test Error: 
 Accuracy: 85.5%, Avg loss: 0.726596 

Epoch 24
-------------------------------
loss: 0.014329  [    0/50000]
loss: 0.001751  [ 6400/50000]
loss: 0.018658  [12800/50000]
loss: 0.020648  [19200/50000]
loss: 0.039182  [25600/50000]
loss: 0.056434  [32000/50000]
loss: 0.007838  [38400/50000]
loss: 0.018825  [44800/50000]
Test Error: 
 Accuracy: 84.7%, Avg loss: 0.775723 

Epoch 25
-------------------------------
loss: 0.068424  [    0/50000]
loss: 0.016334  [ 6400/50000]
loss: 0.018507  [12800/50000]
loss: 0.013132  [19200/50000]
loss: 0.002078  [25600/50000]
loss: 0.001391  [32000/50000]
loss: 0.040651  [38400/50000]
loss: 0.028071  [44800/50000]
Test Error: 
 Accuracy: 84.4%, Avg loss: 0.797381 

Epoch 26
-------------------------------
loss: 0.042197  [    0/50000]
loss: 0.108612  [ 6400/50000]
loss: 0.003441  [12800/50000]
loss: 0.004500  [19200/50000]
loss: 0.002029  [25600/50000]
loss: 0.019897  [32000/50000]
loss: 0.011897  [38400/50000]
loss: 0.054525  [44800/50000]
Test Error: 
 Accuracy: 84.3%, Avg loss: 0.808995 

Epoch 27
-------------------------------
loss: 0.000812  [    0/50000]
loss: 0.006851  [ 6400/50000]
loss: 0.007818  [12800/50000]
loss: 0.061475  [19200/50000]
loss: 0.001422  [25600/50000]
loss: 0.087502  [32000/50000]
loss: 0.007098  [38400/50000]
loss: 0.034000  [44800/50000]
Test Error: 
 Accuracy: 84.9%, Avg loss: 0.783508 

Epoch 28
-------------------------------
loss: 0.013182  [    0/50000]
loss: 0.037243  [ 6400/50000]
loss: 0.036177  [12800/50000]
loss: 0.002642  [19200/50000]
loss: 0.004320  [25600/50000]
loss: 0.002814  [32000/50000]
loss: 0.006495  [38400/50000]
loss: 0.098177  [44800/50000]
Test Error: 
 Accuracy: 85.4%, Avg loss: 0.742364 

Epoch 29
-------------------------------
loss: 0.001081  [    0/50000]
loss: 0.007467  [ 6400/50000]
loss: 0.020671  [12800/50000]
loss: 0.002109  [19200/50000]
loss: 0.011982  [25600/50000]
loss: 0.030028  [32000/50000]
loss: 0.024429  [38400/50000]
loss: 0.064954  [44800/50000]
Test Error: 
 Accuracy: 84.5%, Avg loss: 0.812257 

Epoch 30
-------------------------------
loss: 0.022345  [    0/50000]
loss: 0.006260  [ 6400/50000]
loss: 0.016013  [12800/50000]
loss: 0.001818  [19200/50000]
loss: 0.003166  [25600/50000]
loss: 0.001823  [32000/50000]
loss: 0.041846  [38400/50000]
loss: 0.001662  [44800/50000]
Test Error: 
 Accuracy: 85.4%, Avg loss: 0.744251 

Done!
