command config
N= 4
B= [2, 2, 3, 2]
C1= 32
F= [3, 3, 5, 3]
K= [1, 1, 3, 1]
P= 4
number of parameters 4600362
Epoch 1
-------------------------------
loss: 2.380105  [    0/50000]
loss: 1.553617  [ 6400/50000]
loss: 1.445472  [12800/50000]
loss: 1.602072  [19200/50000]
loss: 0.892349  [25600/50000]
loss: 1.180599  [32000/50000]
loss: 0.846076  [38400/50000]
loss: 1.176411  [44800/50000]
Test Error: 
 Accuracy: 66.3%, Avg loss: 0.971958 

Epoch 2
-------------------------------
loss: 0.812109  [    0/50000]
loss: 0.839340  [ 6400/50000]
loss: 0.870469  [12800/50000]
loss: 0.772972  [19200/50000]
loss: 0.740593  [25600/50000]
loss: 0.748299  [32000/50000]
loss: 0.775088  [38400/50000]
loss: 0.654938  [44800/50000]
Test Error: 
 Accuracy: 73.0%, Avg loss: 0.779187 

Epoch 3
-------------------------------
loss: 0.801763  [    0/50000]
loss: 0.636044  [ 6400/50000]
loss: 0.519911  [12800/50000]
loss: 0.541258  [19200/50000]
loss: 0.379356  [25600/50000]
loss: 0.600927  [32000/50000]
loss: 0.669304  [38400/50000]
loss: 0.571000  [44800/50000]
Test Error: 
 Accuracy: 78.9%, Avg loss: 0.614499 

Epoch 4
-------------------------------
loss: 0.624095  [    0/50000]
loss: 0.489827  [ 6400/50000]
loss: 0.335913  [12800/50000]
loss: 0.604400  [19200/50000]
loss: 0.350418  [25600/50000]
loss: 0.483767  [32000/50000]
loss: 0.367442  [38400/50000]
loss: 0.417164  [44800/50000]
Test Error: 
 Accuracy: 78.6%, Avg loss: 0.634412 

Epoch 5
-------------------------------
loss: 0.408755  [    0/50000]
loss: 0.386745  [ 6400/50000]
loss: 0.511636  [12800/50000]
loss: 0.458704  [19200/50000]
loss: 0.299402  [25600/50000]
loss: 0.534990  [32000/50000]
loss: 0.376619  [38400/50000]
loss: 0.550680  [44800/50000]
Test Error: 
 Accuracy: 82.1%, Avg loss: 0.550537 

Epoch 6
-------------------------------
loss: 0.390376  [    0/50000]
loss: 0.200136  [ 6400/50000]
loss: 0.276960  [12800/50000]
loss: 0.191096  [19200/50000]
loss: 0.176682  [25600/50000]
loss: 0.215519  [32000/50000]
loss: 0.240410  [38400/50000]
loss: 0.345954  [44800/50000]
Test Error: 
 Accuracy: 83.4%, Avg loss: 0.512075 

Epoch 7
-------------------------------
loss: 0.312498  [    0/50000]
loss: 0.143848  [ 6400/50000]
loss: 0.191402  [12800/50000]
loss: 0.249175  [19200/50000]
loss: 0.156200  [25600/50000]
loss: 0.281927  [32000/50000]
loss: 0.187159  [38400/50000]
loss: 0.153783  [44800/50000]
Test Error: 
 Accuracy: 83.3%, Avg loss: 0.544600 

Epoch 8
-------------------------------
loss: 0.076090  [    0/50000]
loss: 0.242305  [ 6400/50000]
loss: 0.182167  [12800/50000]
loss: 0.161291  [19200/50000]
loss: 0.177920  [25600/50000]
loss: 0.165047  [32000/50000]
loss: 0.094268  [38400/50000]
loss: 0.236353  [44800/50000]
Test Error: 
 Accuracy: 82.3%, Avg loss: 0.616672 

Epoch 9
-------------------------------
loss: 0.069913  [    0/50000]
loss: 0.048190  [ 6400/50000]
loss: 0.053509  [12800/50000]
loss: 0.055757  [19200/50000]
loss: 0.136134  [25600/50000]
loss: 0.174605  [32000/50000]
loss: 0.143185  [38400/50000]
loss: 0.170531  [44800/50000]
Test Error: 
 Accuracy: 82.4%, Avg loss: 0.663362 

Epoch 10
-------------------------------
loss: 0.014609  [    0/50000]
loss: 0.040299  [ 6400/50000]
loss: 0.113578  [12800/50000]
loss: 0.019309  [19200/50000]
loss: 0.157851  [25600/50000]
loss: 0.051606  [32000/50000]
loss: 0.101635  [38400/50000]
loss: 0.096998  [44800/50000]
Test Error: 
 Accuracy: 82.9%, Avg loss: 0.702319 

Epoch 11
-------------------------------
loss: 0.021542  [    0/50000]
loss: 0.119227  [ 6400/50000]
loss: 0.035295  [12800/50000]
loss: 0.097366  [19200/50000]
loss: 0.144821  [25600/50000]
loss: 0.042318  [32000/50000]
loss: 0.089362  [38400/50000]
loss: 0.114185  [44800/50000]
Test Error: 
 Accuracy: 81.9%, Avg loss: 0.732180 

Epoch 12
-------------------------------
loss: 0.093223  [    0/50000]
loss: 0.054202  [ 6400/50000]
loss: 0.006299  [12800/50000]
loss: 0.027793  [19200/50000]
loss: 0.098403  [25600/50000]
loss: 0.019105  [32000/50000]
loss: 0.052452  [38400/50000]
loss: 0.112737  [44800/50000]
Test Error: 
 Accuracy: 83.1%, Avg loss: 0.710418 

Epoch 13
-------------------------------
loss: 0.030502  [    0/50000]
loss: 0.044582  [ 6400/50000]
loss: 0.053728  [12800/50000]
loss: 0.128597  [19200/50000]
loss: 0.101185  [25600/50000]
loss: 0.009263  [32000/50000]
loss: 0.042523  [38400/50000]
loss: 0.010637  [44800/50000]
Test Error: 
 Accuracy: 83.5%, Avg loss: 0.747506 

Epoch 14
-------------------------------
loss: 0.053702  [    0/50000]
loss: 0.045511  [ 6400/50000]
loss: 0.011718  [12800/50000]
loss: 0.111445  [19200/50000]
loss: 0.084030  [25600/50000]
loss: 0.016533  [32000/50000]
loss: 0.056127  [38400/50000]
loss: 0.070487  [44800/50000]
Test Error: 
 Accuracy: 83.1%, Avg loss: 0.782870 

Epoch 15
-------------------------------
loss: 0.037206  [    0/50000]
loss: 0.027089  [ 6400/50000]
loss: 0.023046  [12800/50000]
loss: 0.018614  [19200/50000]
loss: 0.065370  [25600/50000]
loss: 0.018610  [32000/50000]
loss: 0.013332  [38400/50000]
loss: 0.157530  [44800/50000]
Test Error: 
 Accuracy: 83.5%, Avg loss: 0.797511 

Epoch 16
-------------------------------
loss: 0.008486  [    0/50000]
loss: 0.066334  [ 6400/50000]
loss: 0.114638  [12800/50000]
loss: 0.050257  [19200/50000]
loss: 0.049152  [25600/50000]
loss: 0.018004  [32000/50000]
loss: 0.035045  [38400/50000]
loss: 0.027149  [44800/50000]
Test Error: 
 Accuracy: 82.7%, Avg loss: 0.866609 

Epoch 17
-------------------------------
loss: 0.023865  [    0/50000]
loss: 0.028285  [ 6400/50000]
loss: 0.065565  [12800/50000]
loss: 0.093528  [19200/50000]
loss: 0.060348  [25600/50000]
loss: 0.025667  [32000/50000]
loss: 0.026526  [38400/50000]
loss: 0.112831  [44800/50000]
Test Error: 
 Accuracy: 82.1%, Avg loss: 0.930403 

Epoch 18
-------------------------------
loss: 0.023415  [    0/50000]
loss: 0.001422  [ 6400/50000]
loss: 0.022168  [12800/50000]
loss: 0.010903  [19200/50000]
loss: 0.006032  [25600/50000]
loss: 0.071278  [32000/50000]
loss: 0.056271  [38400/50000]
loss: 0.004350  [44800/50000]
Test Error: 
 Accuracy: 83.3%, Avg loss: 0.839053 

Epoch 19
-------------------------------
loss: 0.075414  [    0/50000]
loss: 0.010589  [ 6400/50000]
loss: 0.013837  [12800/50000]
loss: 0.021331  [19200/50000]
loss: 0.017978  [25600/50000]
loss: 0.046297  [32000/50000]
loss: 0.088354  [38400/50000]
loss: 0.016538  [44800/50000]
Test Error: 
 Accuracy: 82.0%, Avg loss: 0.896680 

Epoch 20
-------------------------------
loss: 0.081848  [    0/50000]
loss: 0.153948  [ 6400/50000]
loss: 0.124148  [12800/50000]
loss: 0.010017  [19200/50000]
loss: 0.012943  [25600/50000]
loss: 0.015220  [32000/50000]
loss: 0.172666  [38400/50000]
loss: 0.012731  [44800/50000]
Test Error: 
 Accuracy: 82.6%, Avg loss: 0.889418 

Epoch 21
-------------------------------
loss: 0.040868  [    0/50000]
loss: 0.001021  [ 6400/50000]
loss: 0.006467  [12800/50000]
loss: 0.030323  [19200/50000]
loss: 0.000419  [25600/50000]
loss: 0.096850  [32000/50000]
loss: 0.085213  [38400/50000]
loss: 0.002479  [44800/50000]
Test Error: 
 Accuracy: 82.9%, Avg loss: 0.870463 

Epoch 22
-------------------------------
loss: 0.011206  [    0/50000]
loss: 0.018564  [ 6400/50000]
loss: 0.047608  [12800/50000]
loss: 0.008412  [19200/50000]
loss: 0.043521  [25600/50000]
loss: 0.011026  [32000/50000]
loss: 0.004670  [38400/50000]
loss: 0.024756  [44800/50000]
Test Error: 
 Accuracy: 83.2%, Avg loss: 0.854977 

Epoch 23
-------------------------------
loss: 0.004083  [    0/50000]
loss: 0.067923  [ 6400/50000]
loss: 0.008202  [12800/50000]
loss: 0.021830  [19200/50000]
loss: 0.005887  [25600/50000]
loss: 0.045614  [32000/50000]
loss: 0.029720  [38400/50000]
loss: 0.025514  [44800/50000]
Test Error: 
 Accuracy: 83.2%, Avg loss: 0.892602 

Epoch 24
-------------------------------
loss: 0.042659  [    0/50000]
loss: 0.014835  [ 6400/50000]
loss: 0.017662  [12800/50000]
loss: 0.011008  [19200/50000]
loss: 0.009953  [25600/50000]
loss: 0.028917  [32000/50000]
loss: 0.013883  [38400/50000]
loss: 0.016013  [44800/50000]
Test Error: 
 Accuracy: 84.4%, Avg loss: 0.844772 

Epoch 25
-------------------------------
loss: 0.001277  [    0/50000]
loss: 0.003178  [ 6400/50000]
loss: 0.004643  [12800/50000]
loss: 0.002248  [19200/50000]
loss: 0.074350  [25600/50000]
loss: 0.006036  [32000/50000]
loss: 0.006001  [38400/50000]
loss: 0.012761  [44800/50000]
Test Error: 
 Accuracy: 82.9%, Avg loss: 0.914577 

Epoch 26
-------------------------------
loss: 0.006577  [    0/50000]
loss: 0.002939  [ 6400/50000]
loss: 0.012219  [12800/50000]
loss: 0.022822  [19200/50000]
loss: 0.022372  [25600/50000]
loss: 0.017105  [32000/50000]
loss: 0.096333  [38400/50000]
loss: 0.000526  [44800/50000]
Test Error: 
 Accuracy: 83.5%, Avg loss: 0.902776 

Epoch 27
-------------------------------
loss: 0.004956  [    0/50000]
loss: 0.002006  [ 6400/50000]
loss: 0.005912  [12800/50000]
loss: 0.015008  [19200/50000]
loss: 0.024026  [25600/50000]
loss: 0.000231  [32000/50000]
loss: 0.015932  [38400/50000]
loss: 0.003609  [44800/50000]
Test Error: 
 Accuracy: 83.7%, Avg loss: 0.947148 

Epoch 28
-------------------------------
loss: 0.000867  [    0/50000]
loss: 0.020639  [ 6400/50000]
loss: 0.004877  [12800/50000]
loss: 0.005015  [19200/50000]
loss: 0.052551  [25600/50000]
loss: 0.007040  [32000/50000]
loss: 0.105920  [38400/50000]
loss: 0.035953  [44800/50000]
Test Error: 
 Accuracy: 82.9%, Avg loss: 0.963641 

Epoch 29
-------------------------------
loss: 0.133580  [    0/50000]
loss: 0.012585  [ 6400/50000]
loss: 0.004342  [12800/50000]
loss: 0.002399  [19200/50000]
loss: 0.024525  [25600/50000]
loss: 0.008994  [32000/50000]
loss: 0.008934  [38400/50000]
loss: 0.009508  [44800/50000]
Test Error: 
 Accuracy: 82.9%, Avg loss: 0.953719 

Epoch 30
-------------------------------
loss: 0.005926  [    0/50000]
loss: 0.002716  [ 6400/50000]
loss: 0.071113  [12800/50000]
loss: 0.013109  [19200/50000]
loss: 0.063078  [25600/50000]
loss: 0.005167  [32000/50000]
loss: 0.018717  [38400/50000]
loss: 0.002868  [44800/50000]
Test Error: 
 Accuracy: 85.0%, Avg loss: 0.845602 

Epoch 31
-------------------------------
loss: 0.001344  [    0/50000]
loss: 0.031275  [ 6400/50000]
loss: 0.005477  [12800/50000]
loss: 0.001844  [19200/50000]
loss: 0.073717  [25600/50000]
loss: 0.017113  [32000/50000]
loss: 0.024053  [38400/50000]
loss: 0.016994  [44800/50000]
Test Error: 
 Accuracy: 84.3%, Avg loss: 0.882532 

Epoch 32
-------------------------------
loss: 0.010620  [    0/50000]
loss: 0.009203  [ 6400/50000]
loss: 0.061307  [12800/50000]
loss: 0.003184  [19200/50000]
loss: 0.015393  [25600/50000]
loss: 0.009637  [32000/50000]
loss: 0.039544  [38400/50000]
loss: 0.030616  [44800/50000]
Test Error: 
 Accuracy: 83.4%, Avg loss: 0.938946 

Epoch 33
-------------------------------
loss: 0.026346  [    0/50000]
loss: 0.001703  [ 6400/50000]
loss: 0.001528  [12800/50000]
loss: 0.043774  [19200/50000]
loss: 0.065775  [25600/50000]
loss: 0.001032  [32000/50000]
loss: 0.049026  [38400/50000]
loss: 0.018040  [44800/50000]
Test Error: 
 Accuracy: 84.4%, Avg loss: 0.901561 

Epoch 34
-------------------------------
loss: 0.051682  [    0/50000]
loss: 0.002185  [ 6400/50000]
loss: 0.010632  [12800/50000]
loss: 0.006044  [19200/50000]
loss: 0.000269  [25600/50000]
loss: 0.001222  [32000/50000]
loss: 0.054059  [38400/50000]
loss: 0.019379  [44800/50000]
Test Error: 
 Accuracy: 83.0%, Avg loss: 0.959530 

Epoch 35
-------------------------------
loss: 0.038690  [    0/50000]
loss: 0.001611  [ 6400/50000]
loss: 0.032131  [12800/50000]
loss: 0.017522  [19200/50000]
loss: 0.030018  [25600/50000]
loss: 0.000648  [32000/50000]
loss: 0.000490  [38400/50000]
loss: 0.001615  [44800/50000]
Test Error: 
 Accuracy: 83.5%, Avg loss: 1.012368 

Epoch 36
-------------------------------
loss: 0.001888  [    0/50000]
loss: 0.002687  [ 6400/50000]
loss: 0.018729  [12800/50000]
loss: 0.016783  [19200/50000]
loss: 0.016960  [25600/50000]
loss: 0.002457  [32000/50000]
loss: 0.005403  [38400/50000]
loss: 0.014413  [44800/50000]
Test Error: 
 Accuracy: 83.9%, Avg loss: 0.938583 

Epoch 37
-------------------------------
loss: 0.002225  [    0/50000]
loss: 0.038076  [ 6400/50000]
loss: 0.019574  [12800/50000]
loss: 0.014007  [19200/50000]
loss: 0.112196  [25600/50000]
loss: 0.034592  [32000/50000]
loss: 0.026624  [38400/50000]
loss: 0.002997  [44800/50000]
Test Error: 
 Accuracy: 83.3%, Avg loss: 0.987819 

Epoch 38
-------------------------------
loss: 0.045044  [    0/50000]
loss: 0.012345  [ 6400/50000]
loss: 0.007049  [12800/50000]
loss: 0.000355  [19200/50000]
loss: 0.010333  [25600/50000]
loss: 0.009699  [32000/50000]
loss: 0.002349  [38400/50000]
loss: 0.060050  [44800/50000]
Test Error: 
 Accuracy: 83.8%, Avg loss: 1.010018 

Epoch 39
-------------------------------
loss: 0.010079  [    0/50000]
loss: 0.000561  [ 6400/50000]
loss: 0.000972  [12800/50000]
loss: 0.000806  [19200/50000]
loss: 0.006352  [25600/50000]
loss: 0.014409  [32000/50000]
loss: 0.006426  [38400/50000]
loss: 0.001602  [44800/50000]
Test Error: 
 Accuracy: 84.2%, Avg loss: 0.992068 

Epoch 40
-------------------------------
loss: 0.011924  [    0/50000]
loss: 0.011877  [ 6400/50000]
loss: 0.000966  [12800/50000]
loss: 0.002247  [19200/50000]
loss: 0.002661  [25600/50000]
loss: 0.001102  [32000/50000]
loss: 0.007266  [38400/50000]
loss: 0.001110  [44800/50000]
Test Error: 
 Accuracy: 83.4%, Avg loss: 1.013088 

Epoch 41
-------------------------------
loss: 0.012362  [    0/50000]
loss: 0.005720  [ 6400/50000]
loss: 0.001917  [12800/50000]
loss: 0.000447  [19200/50000]
loss: 0.089520  [25600/50000]
loss: 0.006938  [32000/50000]
loss: 0.001129  [38400/50000]
loss: 0.014406  [44800/50000]
Test Error: 
 Accuracy: 84.2%, Avg loss: 0.934948 

Epoch 42
-------------------------------
loss: 0.011178  [    0/50000]
loss: 0.002694  [ 6400/50000]
loss: 0.000561  [12800/50000]
loss: 0.050207  [19200/50000]
loss: 0.029153  [25600/50000]
loss: 0.000025  [32000/50000]
loss: 0.008721  [38400/50000]
loss: 0.027911  [44800/50000]
Test Error: 
 Accuracy: 84.2%, Avg loss: 0.955422 

Epoch 43
-------------------------------
loss: 0.000652  [    0/50000]
loss: 0.139062  [ 6400/50000]
loss: 0.014736  [12800/50000]
loss: 0.002229  [19200/50000]
loss: 0.000848  [25600/50000]
loss: 0.008988  [32000/50000]
loss: 0.020248  [38400/50000]
loss: 0.007165  [44800/50000]
Test Error: 
 Accuracy: 83.8%, Avg loss: 0.987080 

Epoch 44
-------------------------------
loss: 0.000894  [    0/50000]
loss: 0.007054  [ 6400/50000]
loss: 0.004437  [12800/50000]
loss: 0.000332  [19200/50000]
loss: 0.002196  [25600/50000]
loss: 0.000747  [32000/50000]
loss: 0.001957  [38400/50000]
loss: 0.041159  [44800/50000]
Test Error: 
 Accuracy: 84.4%, Avg loss: 0.985971 

Epoch 45
-------------------------------
loss: 0.047823  [    0/50000]
loss: 0.008933  [ 6400/50000]
loss: 0.011299  [12800/50000]
loss: 0.006438  [19200/50000]
loss: 0.001063  [25600/50000]
loss: 0.034072  [32000/50000]
loss: 0.008907  [38400/50000]
loss: 0.016599  [44800/50000]
Test Error: 
 Accuracy: 84.1%, Avg loss: 0.954587 

Epoch 46
-------------------------------
loss: 0.000535  [    0/50000]
loss: 0.000315  [ 6400/50000]
loss: 0.001279  [12800/50000]
loss: 0.000248  [19200/50000]
loss: 0.004257  [25600/50000]
loss: 0.001353  [32000/50000]
loss: 0.005135  [38400/50000]
loss: 0.059587  [44800/50000]
Test Error: 
 Accuracy: 84.4%, Avg loss: 0.992149 

Epoch 47
-------------------------------
loss: 0.000168  [    0/50000]
loss: 0.002662  [ 6400/50000]
loss: 0.000455  [12800/50000]
loss: 0.000992  [19200/50000]
loss: 0.001908  [25600/50000]
loss: 0.012998  [32000/50000]
loss: 0.003266  [38400/50000]
loss: 0.001081  [44800/50000]
Test Error: 
 Accuracy: 84.1%, Avg loss: 0.984025 

Epoch 48
-------------------------------
loss: 0.014263  [    0/50000]
loss: 0.000650  [ 6400/50000]
loss: 0.000128  [12800/50000]
loss: 0.031026  [19200/50000]
loss: 0.000373  [25600/50000]
loss: 0.026693  [32000/50000]
loss: 0.001410  [38400/50000]
loss: 0.000927  [44800/50000]
Test Error: 
 Accuracy: 84.6%, Avg loss: 0.992465 

Epoch 49
-------------------------------
loss: 0.006110  [    0/50000]
loss: 0.001480  [ 6400/50000]
loss: 0.000887  [12800/50000]
loss: 0.007112  [19200/50000]
loss: 0.014586  [25600/50000]
loss: 0.009887  [32000/50000]
loss: 0.062385  [38400/50000]
loss: 0.043201  [44800/50000]
Test Error: 
 Accuracy: 84.9%, Avg loss: 0.962937 

Epoch 50
-------------------------------
loss: 0.003217  [    0/50000]
loss: 0.003074  [ 6400/50000]
loss: 0.003448  [12800/50000]
loss: 0.001297  [19200/50000]
loss: 0.042128  [25600/50000]
loss: 0.012931  [32000/50000]
loss: 0.000191  [38400/50000]
loss: 0.000945  [44800/50000]
Test Error: 
 Accuracy: 84.2%, Avg loss: 0.993039 

Done!
