command config
N= 3
B= [3, 4, 3]
C1= 64
F= [3, 3, 3]
K= [1, 1, 1]
P= 8
number of parameters 4623178
Epoch 1
-------------------------------
loss: 2.551441  [    0/50000]
loss: 1.631969  [ 6400/50000]
loss: 1.707346  [12800/50000]
loss: 1.422456  [19200/50000]
loss: 1.467398  [25600/50000]
loss: 1.257119  [32000/50000]
loss: 1.313465  [38400/50000]
loss: 1.069899  [44800/50000]
Test Error: 
 Accuracy: 62.9%, Avg loss: 1.031301 

Epoch 2
-------------------------------
loss: 0.932799  [    0/50000]
loss: 0.839657  [ 6400/50000]
loss: 0.962844  [12800/50000]
loss: 0.893782  [19200/50000]
loss: 0.887062  [25600/50000]
loss: 0.960873  [32000/50000]
loss: 1.106927  [38400/50000]
loss: 0.935942  [44800/50000]
Test Error: 
 Accuracy: 71.4%, Avg loss: 0.805808 

Epoch 3
-------------------------------
loss: 0.725403  [    0/50000]
loss: 0.539172  [ 6400/50000]
loss: 0.578283  [12800/50000]
loss: 0.779779  [19200/50000]
loss: 0.616355  [25600/50000]
loss: 0.620172  [32000/50000]
loss: 0.467015  [38400/50000]
loss: 0.792234  [44800/50000]
Test Error: 
 Accuracy: 62.3%, Avg loss: 1.131001 

Epoch 4
-------------------------------
loss: 0.697303  [    0/50000]
loss: 0.379909  [ 6400/50000]
loss: 0.524984  [12800/50000]
loss: 0.461769  [19200/50000]
loss: 0.424718  [25600/50000]
loss: 0.490491  [32000/50000]
loss: 0.620272  [38400/50000]
loss: 0.661059  [44800/50000]
Test Error: 
 Accuracy: 77.7%, Avg loss: 0.630141 

Epoch 5
-------------------------------
loss: 0.428425  [    0/50000]
loss: 0.519205  [ 6400/50000]
loss: 0.595473  [12800/50000]
loss: 0.339195  [19200/50000]
loss: 0.318721  [25600/50000]
loss: 0.427443  [32000/50000]
loss: 0.501573  [38400/50000]
loss: 0.239619  [44800/50000]
Test Error: 
 Accuracy: 81.2%, Avg loss: 0.550008 

Epoch 6
-------------------------------
loss: 0.447486  [    0/50000]
loss: 0.351429  [ 6400/50000]
loss: 0.411161  [12800/50000]
loss: 0.362304  [19200/50000]
loss: 0.488232  [25600/50000]
loss: 0.228221  [32000/50000]
loss: 0.539879  [38400/50000]
loss: 0.150865  [44800/50000]
Test Error: 
 Accuracy: 83.3%, Avg loss: 0.495757 

Epoch 7
-------------------------------
loss: 0.322178  [    0/50000]
loss: 0.249171  [ 6400/50000]
loss: 0.206004  [12800/50000]
loss: 0.495244  [19200/50000]
loss: 0.329680  [25600/50000]
loss: 0.156188  [32000/50000]
loss: 0.336044  [38400/50000]
loss: 0.300611  [44800/50000]
Test Error: 
 Accuracy: 82.9%, Avg loss: 0.513151 

Epoch 8
-------------------------------
loss: 0.314105  [    0/50000]
loss: 0.125881  [ 6400/50000]
loss: 0.290371  [12800/50000]
loss: 0.393122  [19200/50000]
loss: 0.158360  [25600/50000]
loss: 0.392054  [32000/50000]
loss: 0.372677  [38400/50000]
loss: 0.323085  [44800/50000]
Test Error: 
 Accuracy: 83.3%, Avg loss: 0.514333 

Epoch 9
-------------------------------
loss: 0.222056  [    0/50000]
loss: 0.129799  [ 6400/50000]
loss: 0.201205  [12800/50000]
loss: 0.241174  [19200/50000]
loss: 0.163907  [25600/50000]
loss: 0.194321  [32000/50000]
loss: 0.422999  [38400/50000]
loss: 0.249668  [44800/50000]
Test Error: 
 Accuracy: 85.2%, Avg loss: 0.473969 

Epoch 10
-------------------------------
loss: 0.141068  [    0/50000]
loss: 0.144419  [ 6400/50000]
loss: 0.123527  [12800/50000]
loss: 0.152535  [19200/50000]
loss: 0.191799  [25600/50000]
loss: 0.160700  [32000/50000]
loss: 0.106912  [38400/50000]
loss: 0.267883  [44800/50000]
Test Error: 
 Accuracy: 84.6%, Avg loss: 0.507783 

Epoch 11
-------------------------------
loss: 0.117568  [    0/50000]
loss: 0.069028  [ 6400/50000]
loss: 0.082569  [12800/50000]
loss: 0.114128  [19200/50000]
loss: 0.120882  [25600/50000]
loss: 0.116734  [32000/50000]
loss: 0.126830  [38400/50000]
loss: 0.164829  [44800/50000]
Test Error: 
 Accuracy: 83.4%, Avg loss: 0.603912 

Epoch 12
-------------------------------
loss: 0.112841  [    0/50000]
loss: 0.043931  [ 6400/50000]
loss: 0.050355  [12800/50000]
loss: 0.145360  [19200/50000]
loss: 0.099785  [25600/50000]
loss: 0.096943  [32000/50000]
loss: 0.034093  [38400/50000]
loss: 0.057287  [44800/50000]
Test Error: 
 Accuracy: 85.1%, Avg loss: 0.574511 

Epoch 13
-------------------------------
loss: 0.048527  [    0/50000]
loss: 0.154470  [ 6400/50000]
loss: 0.101198  [12800/50000]
loss: 0.066217  [19200/50000]
loss: 0.038759  [25600/50000]
loss: 0.095885  [32000/50000]
loss: 0.066440  [38400/50000]
loss: 0.062514  [44800/50000]
Test Error: 
 Accuracy: 85.1%, Avg loss: 0.613296 

Epoch 14
-------------------------------
loss: 0.026828  [    0/50000]
loss: 0.037939  [ 6400/50000]
loss: 0.113101  [12800/50000]
loss: 0.064043  [19200/50000]
loss: 0.112228  [25600/50000]
loss: 0.073135  [32000/50000]
loss: 0.118775  [38400/50000]
loss: 0.085903  [44800/50000]
Test Error: 
 Accuracy: 84.7%, Avg loss: 0.624069 

Epoch 15
-------------------------------
loss: 0.080770  [    0/50000]
loss: 0.035319  [ 6400/50000]
loss: 0.026700  [12800/50000]
loss: 0.016217  [19200/50000]
loss: 0.041501  [25600/50000]
loss: 0.038974  [32000/50000]
loss: 0.058422  [38400/50000]
loss: 0.075266  [44800/50000]
Test Error: 
 Accuracy: 85.5%, Avg loss: 0.580657 

Epoch 16
-------------------------------
loss: 0.082721  [    0/50000]
loss: 0.156967  [ 6400/50000]
loss: 0.045331  [12800/50000]
loss: 0.060652  [19200/50000]
loss: 0.025556  [25600/50000]
loss: 0.022663  [32000/50000]
loss: 0.065055  [38400/50000]
loss: 0.032690  [44800/50000]
Test Error: 
 Accuracy: 84.0%, Avg loss: 0.750584 

Epoch 17
-------------------------------
loss: 0.024385  [    0/50000]
loss: 0.022748  [ 6400/50000]
loss: 0.034075  [12800/50000]
loss: 0.054724  [19200/50000]
loss: 0.006319  [25600/50000]
loss: 0.056328  [32000/50000]
loss: 0.023079  [38400/50000]
loss: 0.010707  [44800/50000]
Test Error: 
 Accuracy: 82.5%, Avg loss: 0.833213 

Epoch 18
-------------------------------
loss: 0.015991  [    0/50000]
loss: 0.023297  [ 6400/50000]
loss: 0.043271  [12800/50000]
loss: 0.070085  [19200/50000]
loss: 0.144224  [25600/50000]
loss: 0.037083  [32000/50000]
loss: 0.051146  [38400/50000]
loss: 0.131664  [44800/50000]
Test Error: 
 Accuracy: 84.6%, Avg loss: 0.713880 

Epoch 19
-------------------------------
loss: 0.031733  [    0/50000]
loss: 0.019208  [ 6400/50000]
loss: 0.020998  [12800/50000]
loss: 0.008728  [19200/50000]
loss: 0.012480  [25600/50000]
loss: 0.009960  [32000/50000]
loss: 0.057336  [38400/50000]
loss: 0.134084  [44800/50000]
Test Error: 
 Accuracy: 83.9%, Avg loss: 0.745810 

Epoch 20
-------------------------------
loss: 0.002178  [    0/50000]
loss: 0.011122  [ 6400/50000]
loss: 0.024066  [12800/50000]
loss: 0.004911  [19200/50000]
loss: 0.057427  [25600/50000]
loss: 0.036182  [32000/50000]
loss: 0.102375  [38400/50000]
loss: 0.213103  [44800/50000]
Test Error: 
 Accuracy: 85.0%, Avg loss: 0.748151 

Epoch 21
-------------------------------
loss: 0.040349  [    0/50000]
loss: 0.001951  [ 6400/50000]
loss: 0.005836  [12800/50000]
loss: 0.053077  [19200/50000]
loss: 0.027964  [25600/50000]
loss: 0.039885  [32000/50000]
loss: 0.019546  [38400/50000]
loss: 0.031360  [44800/50000]
Test Error: 
 Accuracy: 85.8%, Avg loss: 0.621522 

Epoch 22
-------------------------------
loss: 0.020647  [    0/50000]
loss: 0.137738  [ 6400/50000]
loss: 0.013378  [12800/50000]
loss: 0.011100  [19200/50000]
loss: 0.009054  [25600/50000]
loss: 0.113706  [32000/50000]
loss: 0.006332  [38400/50000]
loss: 0.024289  [44800/50000]
Test Error: 
 Accuracy: 85.7%, Avg loss: 0.667983 

Epoch 23
-------------------------------
loss: 0.010625  [    0/50000]
loss: 0.038467  [ 6400/50000]
loss: 0.030307  [12800/50000]
loss: 0.037851  [19200/50000]
loss: 0.001577  [25600/50000]
loss: 0.056456  [32000/50000]
loss: 0.047458  [38400/50000]
loss: 0.029553  [44800/50000]
Test Error: 
 Accuracy: 85.3%, Avg loss: 0.712360 

Epoch 24
-------------------------------
loss: 0.014498  [    0/50000]
loss: 0.060699  [ 6400/50000]
loss: 0.002529  [12800/50000]
loss: 0.001150  [19200/50000]
loss: 0.009720  [25600/50000]
loss: 0.022200  [32000/50000]
loss: 0.016168  [38400/50000]
loss: 0.056262  [44800/50000]
Test Error: 
 Accuracy: 86.5%, Avg loss: 0.690790 

Epoch 25
-------------------------------
loss: 0.068696  [    0/50000]
loss: 0.057659  [ 6400/50000]
loss: 0.007413  [12800/50000]
loss: 0.074993  [19200/50000]
loss: 0.009842  [25600/50000]
loss: 0.005353  [32000/50000]
loss: 0.039205  [38400/50000]
loss: 0.034697  [44800/50000]
Test Error: 
 Accuracy: 85.6%, Avg loss: 0.740437 

Epoch 26
-------------------------------
loss: 0.003155  [    0/50000]
loss: 0.002102  [ 6400/50000]
loss: 0.057111  [12800/50000]
loss: 0.033104  [19200/50000]
loss: 0.020699  [25600/50000]
loss: 0.018378  [32000/50000]
loss: 0.009417  [38400/50000]
loss: 0.121592  [44800/50000]
Test Error: 
 Accuracy: 86.2%, Avg loss: 0.671222 

Epoch 27
-------------------------------
loss: 0.007315  [    0/50000]
loss: 0.007068  [ 6400/50000]
loss: 0.036180  [12800/50000]
loss: 0.053926  [19200/50000]
loss: 0.104322  [25600/50000]
loss: 0.086187  [32000/50000]
loss: 0.026954  [38400/50000]
loss: 0.013682  [44800/50000]
Test Error: 
 Accuracy: 86.4%, Avg loss: 0.694273 

Epoch 28
-------------------------------
loss: 0.040427  [    0/50000]
loss: 0.016666  [ 6400/50000]
loss: 0.015587  [12800/50000]
loss: 0.003021  [19200/50000]
loss: 0.058880  [25600/50000]
loss: 0.006981  [32000/50000]
loss: 0.015402  [38400/50000]
loss: 0.013405  [44800/50000]
Test Error: 
 Accuracy: 86.2%, Avg loss: 0.667964 

Epoch 29
-------------------------------
loss: 0.029434  [    0/50000]
loss: 0.022244  [ 6400/50000]
loss: 0.038125  [12800/50000]
loss: 0.006076  [19200/50000]
loss: 0.000828  [25600/50000]
loss: 0.001278  [32000/50000]
loss: 0.002957  [38400/50000]
loss: 0.028063  [44800/50000]
Test Error: 
 Accuracy: 85.7%, Avg loss: 0.738165 

Epoch 30
-------------------------------
loss: 0.015059  [    0/50000]
loss: 0.033622  [ 6400/50000]
loss: 0.021354  [12800/50000]
loss: 0.007344  [19200/50000]
loss: 0.001915  [25600/50000]
loss: 0.022254  [32000/50000]
loss: 0.062220  [38400/50000]
loss: 0.029858  [44800/50000]
Test Error: 
 Accuracy: 87.2%, Avg loss: 0.645992 

Done!
