command config
N= 3
B= [4, 1, 3]
C1= 64
F= [5, 5, 3]
K= [5, 3, 1]
P= 8
number of parameters 4793930
Epoch 1
-------------------------------
loss: 2.401137  [    0/50000]
loss: 1.765254  [ 6400/50000]
loss: 1.752225  [12800/50000]
loss: 1.468014  [19200/50000]
loss: 1.332621  [25600/50000]
loss: 0.847630  [32000/50000]
loss: 1.337248  [38400/50000]
loss: 1.216954  [44800/50000]
Test Error: 
 Accuracy: 34.4%, Avg loss: 2.023487 

Epoch 2
-------------------------------
loss: 1.458238  [    0/50000]
loss: 0.990081  [ 6400/50000]
loss: 1.051689  [12800/50000]
loss: 1.020797  [19200/50000]
loss: 1.043271  [25600/50000]
loss: 0.896854  [32000/50000]
loss: 1.017780  [38400/50000]
loss: 1.021516  [44800/50000]
Test Error: 
 Accuracy: 68.2%, Avg loss: 0.899734 

Epoch 3
-------------------------------
loss: 0.903357  [    0/50000]
loss: 0.466113  [ 6400/50000]
loss: 0.754858  [12800/50000]
loss: 0.802091  [19200/50000]
loss: 0.554704  [25600/50000]
loss: 0.668417  [32000/50000]
loss: 0.698749  [38400/50000]
loss: 0.964480  [44800/50000]
Test Error: 
 Accuracy: 73.4%, Avg loss: 0.772317 

Epoch 4
-------------------------------
loss: 0.668807  [    0/50000]
loss: 0.668447  [ 6400/50000]
loss: 0.565173  [12800/50000]
loss: 0.433832  [19200/50000]
loss: 0.602178  [25600/50000]
loss: 0.548229  [32000/50000]
loss: 0.414933  [38400/50000]
loss: 0.546474  [44800/50000]
Test Error: 
 Accuracy: 78.6%, Avg loss: 0.615178 

Epoch 5
-------------------------------
loss: 0.475272  [    0/50000]
loss: 0.461571  [ 6400/50000]
loss: 0.455574  [12800/50000]
loss: 0.547514  [19200/50000]
loss: 0.429989  [25600/50000]
loss: 0.324122  [32000/50000]
loss: 0.576765  [38400/50000]
loss: 0.750571  [44800/50000]
Test Error: 
 Accuracy: 79.4%, Avg loss: 0.609700 

Epoch 6
-------------------------------
loss: 0.735481  [    0/50000]
loss: 0.451748  [ 6400/50000]
loss: 0.478202  [12800/50000]
loss: 0.459689  [19200/50000]
loss: 0.286434  [25600/50000]
loss: 0.247562  [32000/50000]
loss: 0.652408  [38400/50000]
loss: 0.374004  [44800/50000]
Test Error: 
 Accuracy: 81.5%, Avg loss: 0.541151 

Epoch 7
-------------------------------
loss: 0.379514  [    0/50000]
loss: 0.374591  [ 6400/50000]
loss: 0.388863  [12800/50000]
loss: 0.324146  [19200/50000]
loss: 0.412623  [25600/50000]
loss: 0.338746  [32000/50000]
loss: 0.276615  [38400/50000]
loss: 0.389775  [44800/50000]
Test Error: 
 Accuracy: 82.8%, Avg loss: 0.524675 

Epoch 8
-------------------------------
loss: 0.149088  [    0/50000]
loss: 0.286601  [ 6400/50000]
loss: 0.340161  [12800/50000]
loss: 0.196066  [19200/50000]
loss: 0.323028  [25600/50000]
loss: 0.200220  [32000/50000]
loss: 0.187244  [38400/50000]
loss: 0.230688  [44800/50000]
Test Error: 
 Accuracy: 80.6%, Avg loss: 0.614515 

Epoch 9
-------------------------------
loss: 0.123324  [    0/50000]
loss: 0.137509  [ 6400/50000]
loss: 0.271538  [12800/50000]
loss: 0.265624  [19200/50000]
loss: 0.081361  [25600/50000]
loss: 0.175235  [32000/50000]
loss: 0.088691  [38400/50000]
loss: 0.124678  [44800/50000]
Test Error: 
 Accuracy: 85.1%, Avg loss: 0.465838 

Epoch 10
-------------------------------
loss: 0.147310  [    0/50000]
loss: 0.178384  [ 6400/50000]
loss: 0.229372  [12800/50000]
loss: 0.245796  [19200/50000]
loss: 0.228919  [25600/50000]
loss: 0.280338  [32000/50000]
loss: 0.150498  [38400/50000]
loss: 0.228558  [44800/50000]
Test Error: 
 Accuracy: 85.6%, Avg loss: 0.459009 

Epoch 11
-------------------------------
loss: 0.137941  [    0/50000]
loss: 0.114185  [ 6400/50000]
loss: 0.147810  [12800/50000]
loss: 0.126047  [19200/50000]
loss: 0.078926  [25600/50000]
loss: 0.072787  [32000/50000]
loss: 0.269720  [38400/50000]
loss: 0.142022  [44800/50000]
Test Error: 
 Accuracy: 83.4%, Avg loss: 0.571646 

Epoch 12
-------------------------------
loss: 0.098299  [    0/50000]
loss: 0.160483  [ 6400/50000]
loss: 0.140354  [12800/50000]
loss: 0.072996  [19200/50000]
loss: 0.113249  [25600/50000]
loss: 0.114526  [32000/50000]
loss: 0.244222  [38400/50000]
loss: 0.209170  [44800/50000]
Test Error: 
 Accuracy: 83.0%, Avg loss: 0.629608 

Epoch 13
-------------------------------
loss: 0.152728  [    0/50000]
loss: 0.063708  [ 6400/50000]
loss: 0.018169  [12800/50000]
loss: 0.078892  [19200/50000]
loss: 0.298709  [25600/50000]
loss: 0.070419  [32000/50000]
loss: 0.031251  [38400/50000]
loss: 0.148374  [44800/50000]
Test Error: 
 Accuracy: 84.1%, Avg loss: 0.591018 

Epoch 14
-------------------------------
loss: 0.027462  [    0/50000]
loss: 0.013825  [ 6400/50000]
loss: 0.114155  [12800/50000]
loss: 0.028714  [19200/50000]
loss: 0.103145  [25600/50000]
loss: 0.039028  [32000/50000]
loss: 0.069409  [38400/50000]
loss: 0.160594  [44800/50000]
Test Error: 
 Accuracy: 84.8%, Avg loss: 0.607647 

Epoch 15
-------------------------------
loss: 0.014907  [    0/50000]
loss: 0.124561  [ 6400/50000]
loss: 0.077003  [12800/50000]
loss: 0.004206  [19200/50000]
loss: 0.086864  [25600/50000]
loss: 0.033485  [32000/50000]
loss: 0.182967  [38400/50000]
loss: 0.072635  [44800/50000]
Test Error: 
 Accuracy: 85.1%, Avg loss: 0.642095 

Epoch 16
-------------------------------
loss: 0.046880  [    0/50000]
loss: 0.018378  [ 6400/50000]
loss: 0.025827  [12800/50000]
loss: 0.045773  [19200/50000]
loss: 0.076711  [25600/50000]
loss: 0.055504  [32000/50000]
loss: 0.050114  [38400/50000]
loss: 0.137916  [44800/50000]
Test Error: 
 Accuracy: 86.0%, Avg loss: 0.581879 

Epoch 17
-------------------------------
loss: 0.055306  [    0/50000]
loss: 0.039972  [ 6400/50000]
loss: 0.029910  [12800/50000]
loss: 0.096546  [19200/50000]
loss: 0.065860  [25600/50000]
loss: 0.097210  [32000/50000]
loss: 0.028358  [38400/50000]
loss: 0.066693  [44800/50000]
Test Error: 
 Accuracy: 85.2%, Avg loss: 0.644614 

Epoch 18
-------------------------------
loss: 0.069206  [    0/50000]
loss: 0.010062  [ 6400/50000]
loss: 0.040717  [12800/50000]
loss: 0.078425  [19200/50000]
loss: 0.081063  [25600/50000]
loss: 0.037250  [32000/50000]
loss: 0.072260  [38400/50000]
loss: 0.048911  [44800/50000]
Test Error: 
 Accuracy: 85.5%, Avg loss: 0.659494 

Epoch 19
-------------------------------
loss: 0.034240  [    0/50000]
loss: 0.076967  [ 6400/50000]
loss: 0.213938  [12800/50000]
loss: 0.004999  [19200/50000]
loss: 0.132349  [25600/50000]
loss: 0.045921  [32000/50000]
loss: 0.009303  [38400/50000]
loss: 0.108878  [44800/50000]
Test Error: 
 Accuracy: 85.8%, Avg loss: 0.624881 

Epoch 20
-------------------------------
loss: 0.017594  [    0/50000]
loss: 0.004519  [ 6400/50000]
loss: 0.151416  [12800/50000]
loss: 0.017796  [19200/50000]
loss: 0.008468  [25600/50000]
loss: 0.022774  [32000/50000]
loss: 0.059013  [38400/50000]
loss: 0.021912  [44800/50000]
Test Error: 
 Accuracy: 85.3%, Avg loss: 0.657472 

Epoch 21
-------------------------------
loss: 0.055035  [    0/50000]
loss: 0.066167  [ 6400/50000]
loss: 0.031661  [12800/50000]
loss: 0.016968  [19200/50000]
loss: 0.035657  [25600/50000]
loss: 0.037147  [32000/50000]
loss: 0.048056  [38400/50000]
loss: 0.008470  [44800/50000]
Test Error: 
 Accuracy: 85.2%, Avg loss: 0.704275 

Epoch 22
-------------------------------
loss: 0.014568  [    0/50000]
loss: 0.034898  [ 6400/50000]
loss: 0.027274  [12800/50000]
loss: 0.015559  [19200/50000]
loss: 0.054007  [25600/50000]
loss: 0.027782  [32000/50000]
loss: 0.041467  [38400/50000]
loss: 0.043191  [44800/50000]
Test Error: 
 Accuracy: 84.2%, Avg loss: 0.777807 

Epoch 23
-------------------------------
loss: 0.027005  [    0/50000]
loss: 0.038159  [ 6400/50000]
loss: 0.064847  [12800/50000]
loss: 0.041458  [19200/50000]
loss: 0.006797  [25600/50000]
loss: 0.003596  [32000/50000]
loss: 0.012258  [38400/50000]
loss: 0.058823  [44800/50000]
Test Error: 
 Accuracy: 85.4%, Avg loss: 0.704922 

Epoch 24
-------------------------------
loss: 0.076172  [    0/50000]
loss: 0.029584  [ 6400/50000]
loss: 0.000552  [12800/50000]
loss: 0.007489  [19200/50000]
loss: 0.047552  [25600/50000]
loss: 0.065210  [32000/50000]
loss: 0.120507  [38400/50000]
loss: 0.009276  [44800/50000]
Test Error: 
 Accuracy: 84.0%, Avg loss: 0.830010 

Epoch 25
-------------------------------
loss: 0.001548  [    0/50000]
loss: 0.012776  [ 6400/50000]
loss: 0.035832  [12800/50000]
loss: 0.070814  [19200/50000]
loss: 0.060841  [25600/50000]
loss: 0.031757  [32000/50000]
loss: 0.001154  [38400/50000]
loss: 0.030597  [44800/50000]
Test Error: 
 Accuracy: 85.2%, Avg loss: 0.744683 

Epoch 26
-------------------------------
loss: 0.034273  [    0/50000]
loss: 0.030162  [ 6400/50000]
loss: 0.032803  [12800/50000]
loss: 0.049505  [19200/50000]
loss: 0.081271  [25600/50000]
loss: 0.026523  [32000/50000]
loss: 0.024712  [38400/50000]
loss: 0.093986  [44800/50000]
Test Error: 
 Accuracy: 84.9%, Avg loss: 0.788581 

Epoch 27
-------------------------------
loss: 0.007680  [    0/50000]
loss: 0.006526  [ 6400/50000]
loss: 0.046709  [12800/50000]
loss: 0.003336  [19200/50000]
loss: 0.045928  [25600/50000]
loss: 0.023598  [32000/50000]
loss: 0.001537  [38400/50000]
loss: 0.009504  [44800/50000]
Test Error: 
 Accuracy: 85.4%, Avg loss: 0.743703 

Epoch 28
-------------------------------
loss: 0.045146  [    0/50000]
loss: 0.024475  [ 6400/50000]
loss: 0.059361  [12800/50000]
loss: 0.005555  [19200/50000]
loss: 0.004469  [25600/50000]
loss: 0.008410  [32000/50000]
loss: 0.003744  [38400/50000]
loss: 0.044840  [44800/50000]
Test Error: 
 Accuracy: 85.7%, Avg loss: 0.677509 

Epoch 29
-------------------------------
loss: 0.016066  [    0/50000]
loss: 0.005719  [ 6400/50000]
loss: 0.001966  [12800/50000]
loss: 0.019119  [19200/50000]
loss: 0.004712  [25600/50000]
loss: 0.063689  [32000/50000]
loss: 0.003456  [38400/50000]
loss: 0.067930  [44800/50000]
Test Error: 
 Accuracy: 86.0%, Avg loss: 0.716174 

Epoch 30
-------------------------------
loss: 0.011751  [    0/50000]
loss: 0.006251  [ 6400/50000]
loss: 0.052485  [12800/50000]
loss: 0.090634  [19200/50000]
loss: 0.075252  [25600/50000]
loss: 0.036196  [32000/50000]
loss: 0.023948  [38400/50000]
loss: 0.152965  [44800/50000]
Test Error: 
 Accuracy: 85.8%, Avg loss: 0.741699 

Done!
