command config
N= 4
B= [4 4 4 4]
C1= 64
F= [3 3 3 3]
K= [1, 1, 1, 1]
P= 4
number of parameters 23715402
Epoch 1
-------------------------------
loss: 2.639683  [    0/50000]
loss: 1.681497  [ 6400/50000]
loss: 1.576081  [12800/50000]
loss: 1.489230  [19200/50000]
loss: 1.311923  [25600/50000]
loss: 1.263749  [32000/50000]
loss: 1.461467  [38400/50000]
loss: 0.900798  [44800/50000]
Test Error: 
 Accuracy: 56.2%, Avg loss: 1.249132 

Epoch 2
-------------------------------
loss: 1.024315  [    0/50000]
loss: 0.812123  [ 6400/50000]
loss: 0.811252  [12800/50000]
loss: 0.898615  [19200/50000]
loss: 0.755702  [25600/50000]
loss: 0.901451  [32000/50000]
loss: 0.711295  [38400/50000]
loss: 0.720161  [44800/50000]
Test Error: 
 Accuracy: 72.1%, Avg loss: 0.796164 

Epoch 3
-------------------------------
loss: 0.641625  [    0/50000]
loss: 0.785061  [ 6400/50000]
loss: 0.746743  [12800/50000]
loss: 0.771413  [19200/50000]
loss: 0.656583  [25600/50000]
loss: 0.633935  [32000/50000]
loss: 1.013039  [38400/50000]
loss: 0.706119  [44800/50000]
Test Error: 
 Accuracy: 73.8%, Avg loss: 0.767790 

Epoch 4
-------------------------------
loss: 0.707514  [    0/50000]
loss: 0.583792  [ 6400/50000]
loss: 0.674945  [12800/50000]
loss: 0.507127  [19200/50000]
loss: 0.557655  [25600/50000]
loss: 0.525556  [32000/50000]
loss: 0.379369  [38400/50000]
loss: 0.427748  [44800/50000]
Test Error: 
 Accuracy: 78.9%, Avg loss: 0.622965 

Epoch 5
-------------------------------
loss: 0.308250  [    0/50000]
loss: 0.451602  [ 6400/50000]
loss: 0.338925  [12800/50000]
loss: 0.510781  [19200/50000]
loss: 0.200493  [25600/50000]
loss: 0.294062  [32000/50000]
loss: 0.628303  [38400/50000]
loss: 0.431253  [44800/50000]
Test Error: 
 Accuracy: 82.8%, Avg loss: 0.508611 

Epoch 6
-------------------------------
loss: 0.302704  [    0/50000]
loss: 0.194478  [ 6400/50000]
loss: 0.175757  [12800/50000]
loss: 0.394325  [19200/50000]
loss: 0.270015  [25600/50000]
loss: 0.398073  [32000/50000]
loss: 0.238919  [38400/50000]
loss: 0.296146  [44800/50000]
Test Error: 
 Accuracy: 83.1%, Avg loss: 0.520809 

Epoch 7
-------------------------------
loss: 0.308855  [    0/50000]
loss: 0.206145  [ 6400/50000]
loss: 0.220778  [12800/50000]
loss: 0.297101  [19200/50000]
loss: 0.292786  [25600/50000]
loss: 0.337389  [32000/50000]
loss: 0.196275  [38400/50000]
loss: 0.284970  [44800/50000]
Test Error: 
 Accuracy: 83.1%, Avg loss: 0.537597 

Epoch 8
-------------------------------
loss: 0.192733  [    0/50000]
loss: 0.113284  [ 6400/50000]
loss: 0.218122  [12800/50000]
loss: 0.160225  [19200/50000]
loss: 0.164753  [25600/50000]
loss: 0.125285  [32000/50000]
loss: 0.210395  [38400/50000]
loss: 0.070755  [44800/50000]
Test Error: 
 Accuracy: 83.7%, Avg loss: 0.527822 

Epoch 9
-------------------------------
loss: 0.092661  [    0/50000]
loss: 0.093904  [ 6400/50000]
loss: 0.079146  [12800/50000]
loss: 0.260542  [19200/50000]
loss: 0.217234  [25600/50000]
loss: 0.169583  [32000/50000]
loss: 0.145633  [38400/50000]
loss: 0.109007  [44800/50000]
Test Error: 
 Accuracy: 83.8%, Avg loss: 0.585156 

Epoch 10
-------------------------------
loss: 0.076264  [    0/50000]
loss: 0.039989  [ 6400/50000]
loss: 0.055167  [12800/50000]
loss: 0.171145  [19200/50000]
loss: 0.193252  [25600/50000]
loss: 0.084066  [32000/50000]
loss: 0.079330  [38400/50000]
loss: 0.098354  [44800/50000]
Test Error: 
 Accuracy: 83.8%, Avg loss: 0.600140 

Epoch 11
-------------------------------
loss: 0.057866  [    0/50000]
loss: 0.065387  [ 6400/50000]
loss: 0.114755  [12800/50000]
loss: 0.143176  [19200/50000]
loss: 0.087048  [25600/50000]
loss: 0.055908  [32000/50000]
loss: 0.245124  [38400/50000]
loss: 0.239148  [44800/50000]
Test Error: 
 Accuracy: 84.1%, Avg loss: 0.640363 

Epoch 12
-------------------------------
loss: 0.057224  [    0/50000]
loss: 0.122196  [ 6400/50000]
loss: 0.011001  [12800/50000]
loss: 0.056873  [19200/50000]
loss: 0.068276  [25600/50000]
loss: 0.192406  [32000/50000]
loss: 0.031974  [38400/50000]
loss: 0.060062  [44800/50000]
Test Error: 
 Accuracy: 85.1%, Avg loss: 0.626356 

Epoch 13
-------------------------------
loss: 0.130953  [    0/50000]
loss: 0.044334  [ 6400/50000]
loss: 0.015860  [12800/50000]
loss: 0.043102  [19200/50000]
loss: 0.031886  [25600/50000]
loss: 0.135585  [32000/50000]
loss: 0.133807  [38400/50000]
loss: 0.019496  [44800/50000]
Test Error: 
 Accuracy: 83.6%, Avg loss: 0.703089 

Epoch 14
-------------------------------
loss: 0.009802  [    0/50000]
loss: 0.088807  [ 6400/50000]
loss: 0.084483  [12800/50000]
loss: 0.041883  [19200/50000]
loss: 0.124924  [25600/50000]
loss: 0.050010  [32000/50000]
loss: 0.116393  [38400/50000]
loss: 0.060612  [44800/50000]
Test Error: 
 Accuracy: 84.2%, Avg loss: 0.702698 

Epoch 15
-------------------------------
loss: 0.051901  [    0/50000]
loss: 0.090469  [ 6400/50000]
loss: 0.012845  [12800/50000]
loss: 0.066550  [19200/50000]
loss: 0.014967  [25600/50000]
loss: 0.172401  [32000/50000]
loss: 0.127945  [38400/50000]
loss: 0.029642  [44800/50000]
Test Error: 
 Accuracy: 85.1%, Avg loss: 0.661360 

Epoch 16
-------------------------------
loss: 0.025045  [    0/50000]
loss: 0.027408  [ 6400/50000]
loss: 0.005461  [12800/50000]
loss: 0.015253  [19200/50000]
loss: 0.017411  [25600/50000]
loss: 0.002356  [32000/50000]
loss: 0.005480  [38400/50000]
loss: 0.040537  [44800/50000]
Test Error: 
 Accuracy: 84.4%, Avg loss: 0.739126 

Epoch 17
-------------------------------
loss: 0.009344  [    0/50000]
loss: 0.093230  [ 6400/50000]
loss: 0.013581  [12800/50000]
loss: 0.070629  [19200/50000]
loss: 0.043078  [25600/50000]
loss: 0.021790  [32000/50000]
loss: 0.088729  [38400/50000]
loss: 0.143506  [44800/50000]
Test Error: 
 Accuracy: 85.4%, Avg loss: 0.665181 

Epoch 18
-------------------------------
loss: 0.033690  [    0/50000]
loss: 0.004713  [ 6400/50000]
loss: 0.010524  [12800/50000]
loss: 0.001301  [19200/50000]
loss: 0.098044  [25600/50000]
loss: 0.006765  [32000/50000]
loss: 0.102825  [38400/50000]
loss: 0.189992  [44800/50000]
Test Error: 
 Accuracy: 84.9%, Avg loss: 0.734277 

Epoch 19
-------------------------------
loss: 0.037911  [    0/50000]
loss: 0.006586  [ 6400/50000]
loss: 0.042580  [12800/50000]
loss: 0.079013  [19200/50000]
loss: 0.098066  [25600/50000]
loss: 0.004772  [32000/50000]
loss: 0.059505  [38400/50000]
loss: 0.074858  [44800/50000]
Test Error: 
 Accuracy: 85.0%, Avg loss: 0.719585 

Epoch 20
-------------------------------
loss: 0.018866  [    0/50000]
loss: 0.025126  [ 6400/50000]
loss: 0.058034  [12800/50000]
loss: 0.011966  [19200/50000]
loss: 0.079272  [25600/50000]
loss: 0.030420  [32000/50000]
loss: 0.051341  [38400/50000]
loss: 0.004916  [44800/50000]
Test Error: 
 Accuracy: 84.9%, Avg loss: 0.729036 

Epoch 21
-------------------------------
loss: 0.004291  [    0/50000]
loss: 0.009584  [ 6400/50000]
loss: 0.053432  [12800/50000]
loss: 0.015228  [19200/50000]
loss: 0.012798  [25600/50000]
loss: 0.093272  [32000/50000]
loss: 0.004988  [38400/50000]
loss: 0.004538  [44800/50000]
Test Error: 
 Accuracy: 84.3%, Avg loss: 0.790953 

Epoch 22
-------------------------------
loss: 0.049956  [    0/50000]
loss: 0.138248  [ 6400/50000]
loss: 0.030033  [12800/50000]
loss: 0.031819  [19200/50000]
loss: 0.011504  [25600/50000]
loss: 0.007540  [32000/50000]
loss: 0.115307  [38400/50000]
loss: 0.065938  [44800/50000]
Test Error: 
 Accuracy: 84.8%, Avg loss: 0.769175 

Epoch 23
-------------------------------
loss: 0.001437  [    0/50000]
loss: 0.034995  [ 6400/50000]
loss: 0.038423  [12800/50000]
loss: 0.002319  [19200/50000]
loss: 0.003163  [25600/50000]
loss: 0.013998  [32000/50000]
loss: 0.032705  [38400/50000]
loss: 0.017730  [44800/50000]
Test Error: 
 Accuracy: 84.7%, Avg loss: 0.750285 

Epoch 24
-------------------------------
loss: 0.036574  [    0/50000]
loss: 0.030327  [ 6400/50000]
loss: 0.056349  [12800/50000]
loss: 0.055030  [19200/50000]
loss: 0.014023  [25600/50000]
loss: 0.006716  [32000/50000]
loss: 0.154741  [38400/50000]
loss: 0.024267  [44800/50000]
Test Error: 
 Accuracy: 84.2%, Avg loss: 0.808501 

Epoch 25
-------------------------------
loss: 0.094728  [    0/50000]
loss: 0.018659  [ 6400/50000]
loss: 0.001162  [12800/50000]
loss: 0.004413  [19200/50000]
loss: 0.023775  [25600/50000]
loss: 0.055683  [32000/50000]
loss: 0.069736  [38400/50000]
loss: 0.082691  [44800/50000]
Test Error: 
 Accuracy: 85.2%, Avg loss: 0.779139 

Epoch 26
-------------------------------
loss: 0.009862  [    0/50000]
loss: 0.003200  [ 6400/50000]
loss: 0.015153  [12800/50000]
loss: 0.007189  [19200/50000]
loss: 0.047670  [25600/50000]
loss: 0.038163  [32000/50000]
loss: 0.026038  [38400/50000]
loss: 0.062829  [44800/50000]
Test Error: 
 Accuracy: 86.0%, Avg loss: 0.757754 

Epoch 27
-------------------------------
loss: 0.001275  [    0/50000]
loss: 0.003437  [ 6400/50000]
loss: 0.008777  [12800/50000]
loss: 0.002571  [19200/50000]
loss: 0.030440  [25600/50000]
loss: 0.000999  [32000/50000]
loss: 0.010840  [38400/50000]
loss: 0.064176  [44800/50000]
Test Error: 
 Accuracy: 85.5%, Avg loss: 0.760451 

Epoch 28
-------------------------------
loss: 0.040271  [    0/50000]
loss: 0.040733  [ 6400/50000]
loss: 0.002959  [12800/50000]
loss: 0.001877  [19200/50000]
loss: 0.002041  [25600/50000]
loss: 0.080996  [32000/50000]
loss: 0.009309  [38400/50000]
loss: 0.078241  [44800/50000]
Test Error: 
 Accuracy: 85.2%, Avg loss: 0.799839 

Epoch 29
-------------------------------
loss: 0.018229  [    0/50000]
loss: 0.009130  [ 6400/50000]
loss: 0.009445  [12800/50000]
loss: 0.008530  [19200/50000]
loss: 0.013060  [25600/50000]
loss: 0.003276  [32000/50000]
loss: 0.002549  [38400/50000]
loss: 0.025107  [44800/50000]
Test Error: 
 Accuracy: 85.4%, Avg loss: 0.769853 

Epoch 30
-------------------------------
loss: 0.002888  [    0/50000]
loss: 0.019186  [ 6400/50000]
loss: 0.002316  [12800/50000]
loss: 0.068311  [19200/50000]
loss: 0.017849  [25600/50000]
loss: 0.051379  [32000/50000]
loss: 0.009683  [38400/50000]
loss: 0.016827  [44800/50000]
Test Error: 
 Accuracy: 85.2%, Avg loss: 0.807811 

Done!
max accuracy 86.03
average accuracy 84.86200000000001
