command config
N= 2
B= [2 2]
C1= 16
F= [3 3]
K= [1, 1]
P= 16
number of parameters 43226
Epoch 1
-------------------------------
loss: 2.474786  [    0/50000]
loss: 1.906216  [ 6400/50000]
loss: 1.633541  [12800/50000]
loss: 1.425288  [19200/50000]
loss: 1.473772  [25600/50000]
loss: 1.442492  [32000/50000]
loss: 1.241869  [38400/50000]
loss: 1.309677  [44800/50000]
Test Error: 
 Accuracy: 47.5%, Avg loss: 1.378246 

Epoch 2
-------------------------------
loss: 1.108402  [    0/50000]
loss: 1.009885  [ 6400/50000]
loss: 1.044618  [12800/50000]
loss: 0.982905  [19200/50000]
loss: 0.969145  [25600/50000]
loss: 0.962240  [32000/50000]
loss: 1.067486  [38400/50000]
loss: 1.271110  [44800/50000]
Test Error: 
 Accuracy: 61.2%, Avg loss: 1.083350 

Epoch 3
-------------------------------
loss: 1.237880  [    0/50000]
loss: 0.813849  [ 6400/50000]
loss: 1.000441  [12800/50000]
loss: 1.071267  [19200/50000]
loss: 1.154378  [25600/50000]
loss: 0.842162  [32000/50000]
loss: 1.022691  [38400/50000]
loss: 0.819468  [44800/50000]
Test Error: 
 Accuracy: 61.8%, Avg loss: 1.124584 

Epoch 4
-------------------------------
loss: 1.117268  [    0/50000]
loss: 0.797525  [ 6400/50000]
loss: 0.914993  [12800/50000]
loss: 0.921446  [19200/50000]
loss: 0.673880  [25600/50000]
loss: 0.947165  [32000/50000]
loss: 0.853182  [38400/50000]
loss: 0.926726  [44800/50000]
Test Error: 
 Accuracy: 65.2%, Avg loss: 0.969892 

Epoch 5
-------------------------------
loss: 0.808081  [    0/50000]
loss: 0.758714  [ 6400/50000]
loss: 0.655605  [12800/50000]
loss: 0.910085  [19200/50000]
loss: 0.935474  [25600/50000]
loss: 1.022637  [32000/50000]
loss: 0.876203  [38400/50000]
loss: 0.928582  [44800/50000]
Test Error: 
 Accuracy: 70.4%, Avg loss: 0.826209 

Epoch 6
-------------------------------
loss: 0.631891  [    0/50000]
loss: 1.015789  [ 6400/50000]
loss: 0.697802  [12800/50000]
loss: 0.661184  [19200/50000]
loss: 0.759259  [25600/50000]
loss: 0.624063  [32000/50000]
loss: 0.943667  [38400/50000]
loss: 1.062236  [44800/50000]
Test Error: 
 Accuracy: 70.1%, Avg loss: 0.835638 

Epoch 7
-------------------------------
loss: 0.751367  [    0/50000]
loss: 0.809005  [ 6400/50000]
loss: 0.670527  [12800/50000]
loss: 0.715173  [19200/50000]
loss: 0.508750  [25600/50000]
loss: 0.638217  [32000/50000]
loss: 0.702859  [38400/50000]
loss: 0.449772  [44800/50000]
Test Error: 
 Accuracy: 72.9%, Avg loss: 0.777271 

Epoch 8
-------------------------------
loss: 0.963462  [    0/50000]
loss: 0.516128  [ 6400/50000]
loss: 0.802466  [12800/50000]
loss: 0.809840  [19200/50000]
loss: 1.042480  [25600/50000]
loss: 0.709641  [32000/50000]
loss: 0.527761  [38400/50000]
loss: 0.778514  [44800/50000]
Test Error: 
 Accuracy: 70.3%, Avg loss: 0.870838 

Epoch 9
-------------------------------
loss: 0.584276  [    0/50000]
loss: 0.777987  [ 6400/50000]
loss: 0.801256  [12800/50000]
loss: 0.825839  [19200/50000]
loss: 1.011722  [25600/50000]
loss: 0.695936  [32000/50000]
loss: 0.818506  [38400/50000]
loss: 0.742850  [44800/50000]
Test Error: 
 Accuracy: 74.8%, Avg loss: 0.717823 

Epoch 10
-------------------------------
loss: 0.779059  [    0/50000]
loss: 0.698591  [ 6400/50000]
loss: 0.594433  [12800/50000]
loss: 0.630678  [19200/50000]
loss: 0.576148  [25600/50000]
loss: 0.562317  [32000/50000]
loss: 0.752499  [38400/50000]
loss: 0.457836  [44800/50000]
Test Error: 
 Accuracy: 75.4%, Avg loss: 0.693683 

Epoch 11
-------------------------------
loss: 0.664077  [    0/50000]
loss: 0.713751  [ 6400/50000]
loss: 0.633900  [12800/50000]
loss: 0.908303  [19200/50000]
loss: 0.782188  [25600/50000]
loss: 0.652504  [32000/50000]
loss: 0.468913  [38400/50000]
loss: 0.655077  [44800/50000]
Test Error: 
 Accuracy: 74.0%, Avg loss: 0.741213 

Epoch 12
-------------------------------
loss: 0.814634  [    0/50000]
loss: 0.618991  [ 6400/50000]
loss: 0.676024  [12800/50000]
loss: 0.659347  [19200/50000]
loss: 0.564342  [25600/50000]
loss: 0.486352  [32000/50000]
loss: 0.662672  [38400/50000]
loss: 0.508733  [44800/50000]
Test Error: 
 Accuracy: 73.2%, Avg loss: 0.760099 

Epoch 13
-------------------------------
loss: 0.578850  [    0/50000]
loss: 0.531143  [ 6400/50000]
loss: 0.640403  [12800/50000]
loss: 0.503426  [19200/50000]
loss: 0.661140  [25600/50000]
loss: 0.540468  [32000/50000]
loss: 0.405497  [38400/50000]
loss: 0.536747  [44800/50000]
Test Error: 
 Accuracy: 70.2%, Avg loss: 0.892345 

Epoch 14
-------------------------------
loss: 0.677908  [    0/50000]
loss: 0.389397  [ 6400/50000]
loss: 0.458256  [12800/50000]
loss: 0.641697  [19200/50000]
loss: 0.411399  [25600/50000]
loss: 0.442531  [32000/50000]
loss: 0.454891  [38400/50000]
loss: 0.512029  [44800/50000]
Test Error: 
 Accuracy: 73.3%, Avg loss: 0.784274 

Epoch 15
-------------------------------
loss: 0.484935  [    0/50000]
loss: 0.560170  [ 6400/50000]
loss: 0.444251  [12800/50000]
loss: 0.361897  [19200/50000]
loss: 0.482231  [25600/50000]
loss: 0.351637  [32000/50000]
loss: 0.477556  [38400/50000]
loss: 0.474677  [44800/50000]
Test Error: 
 Accuracy: 71.5%, Avg loss: 0.819295 

Epoch 16
-------------------------------
loss: 0.576045  [    0/50000]
loss: 0.520190  [ 6400/50000]
loss: 0.439731  [12800/50000]
loss: 0.515815  [19200/50000]
loss: 0.612125  [25600/50000]
loss: 0.272643  [32000/50000]
loss: 0.599945  [38400/50000]
loss: 0.504110  [44800/50000]
Test Error: 
 Accuracy: 76.7%, Avg loss: 0.682226 

Epoch 17
-------------------------------
loss: 0.459474  [    0/50000]
loss: 0.371611  [ 6400/50000]
loss: 0.586286  [12800/50000]
loss: 0.527618  [19200/50000]
loss: 0.692093  [25600/50000]
loss: 0.566205  [32000/50000]
loss: 0.577531  [38400/50000]
loss: 0.515513  [44800/50000]
Test Error: 
 Accuracy: 76.6%, Avg loss: 0.680504 

Epoch 18
-------------------------------
loss: 0.403997  [    0/50000]
loss: 0.470743  [ 6400/50000]
loss: 0.303817  [12800/50000]
loss: 0.552224  [19200/50000]
loss: 0.580415  [25600/50000]
loss: 0.309751  [32000/50000]
loss: 0.168892  [38400/50000]
loss: 0.525623  [44800/50000]
Test Error: 
 Accuracy: 78.4%, Avg loss: 0.640901 

Epoch 19
-------------------------------
loss: 0.402102  [    0/50000]
loss: 0.547153  [ 6400/50000]
loss: 0.544715  [12800/50000]
loss: 0.408591  [19200/50000]
loss: 0.488156  [25600/50000]
loss: 0.509085  [32000/50000]
loss: 0.370356  [38400/50000]
loss: 0.475162  [44800/50000]
Test Error: 
 Accuracy: 78.2%, Avg loss: 0.635757 

Epoch 20
-------------------------------
loss: 0.434433  [    0/50000]
loss: 0.434167  [ 6400/50000]
loss: 0.438652  [12800/50000]
loss: 0.288247  [19200/50000]
loss: 0.396845  [25600/50000]
loss: 0.638436  [32000/50000]
loss: 0.288669  [38400/50000]
loss: 0.336183  [44800/50000]
Test Error: 
 Accuracy: 75.8%, Avg loss: 0.729068 

Epoch 21
-------------------------------
loss: 0.415741  [    0/50000]
loss: 0.479838  [ 6400/50000]
loss: 0.307030  [12800/50000]
loss: 0.397417  [19200/50000]
loss: 0.533165  [25600/50000]
loss: 0.459428  [32000/50000]
loss: 0.410816  [38400/50000]
loss: 0.241582  [44800/50000]
Test Error: 
 Accuracy: 77.6%, Avg loss: 0.641861 

Epoch 22
-------------------------------
loss: 0.516796  [    0/50000]
loss: 0.476623  [ 6400/50000]
loss: 0.401716  [12800/50000]
loss: 0.448001  [19200/50000]
loss: 0.548339  [25600/50000]
loss: 0.605181  [32000/50000]
loss: 0.487045  [38400/50000]
loss: 0.415020  [44800/50000]
Test Error: 
 Accuracy: 75.5%, Avg loss: 0.737230 

Epoch 23
-------------------------------
loss: 0.404425  [    0/50000]
loss: 0.609908  [ 6400/50000]
loss: 0.476437  [12800/50000]
loss: 0.505725  [19200/50000]
loss: 0.384459  [25600/50000]
loss: 0.357086  [32000/50000]
loss: 0.487560  [38400/50000]
loss: 0.420371  [44800/50000]
Test Error: 
 Accuracy: 78.2%, Avg loss: 0.639247 

Epoch 24
-------------------------------
loss: 0.333899  [    0/50000]
loss: 0.186154  [ 6400/50000]
loss: 0.380747  [12800/50000]
loss: 0.292389  [19200/50000]
loss: 0.382805  [25600/50000]
loss: 0.262784  [32000/50000]
loss: 0.295320  [38400/50000]
loss: 0.291396  [44800/50000]
Test Error: 
 Accuracy: 77.3%, Avg loss: 0.671522 

Epoch 25
-------------------------------
loss: 0.494699  [    0/50000]
loss: 0.460689  [ 6400/50000]
loss: 0.301728  [12800/50000]
loss: 0.282292  [19200/50000]
loss: 0.355990  [25600/50000]
loss: 0.625649  [32000/50000]
loss: 0.340409  [38400/50000]
loss: 0.412964  [44800/50000]
Test Error: 
 Accuracy: 77.7%, Avg loss: 0.661301 

Epoch 26
-------------------------------
loss: 0.288847  [    0/50000]
loss: 0.251900  [ 6400/50000]
loss: 0.635768  [12800/50000]
loss: 0.453046  [19200/50000]
loss: 0.381951  [25600/50000]
loss: 0.294489  [32000/50000]
loss: 0.423051  [38400/50000]
loss: 0.207752  [44800/50000]
Test Error: 
 Accuracy: 75.5%, Avg loss: 0.776768 

Epoch 27
-------------------------------
loss: 0.265677  [    0/50000]
loss: 0.399330  [ 6400/50000]
loss: 0.475214  [12800/50000]
loss: 0.581296  [19200/50000]
loss: 0.621775  [25600/50000]
loss: 0.231581  [32000/50000]
loss: 0.472065  [38400/50000]
loss: 0.310813  [44800/50000]
Test Error: 
 Accuracy: 78.0%, Avg loss: 0.655241 

Epoch 28
-------------------------------
loss: 0.356659  [    0/50000]
loss: 0.329633  [ 6400/50000]
loss: 0.305791  [12800/50000]
loss: 0.395646  [19200/50000]
loss: 0.513444  [25600/50000]
loss: 0.304678  [32000/50000]
loss: 0.308451  [38400/50000]
loss: 0.486745  [44800/50000]
Test Error: 
 Accuracy: 74.8%, Avg loss: 0.786836 

Epoch 29
-------------------------------
loss: 0.377685  [    0/50000]
loss: 0.503927  [ 6400/50000]
loss: 0.345471  [12800/50000]
loss: 0.464101  [19200/50000]
loss: 0.450097  [25600/50000]
loss: 0.459731  [32000/50000]
loss: 0.360669  [38400/50000]
loss: 0.392305  [44800/50000]
Test Error: 
 Accuracy: 78.0%, Avg loss: 0.720959 

Epoch 30
-------------------------------
loss: 0.393423  [    0/50000]
loss: 0.384586  [ 6400/50000]
loss: 0.386479  [12800/50000]
loss: 0.307402  [19200/50000]
loss: 0.167633  [25600/50000]
loss: 0.382077  [32000/50000]
loss: 0.394532  [38400/50000]
loss: 0.601600  [44800/50000]
Test Error: 
 Accuracy: 76.6%, Avg loss: 0.720676 

Done!
max accuracy 78.36
average accuracy 75.85150000000002
