command config
N= 3
B= [2, 3, 2]
C1= 64
F= [3, 5, 3]
K= [1, 3, 1]
P= 8
number of parameters 4580426
Epoch 1
-------------------------------
loss: 2.381026  [    0/50000]
loss: 1.627666  [ 6400/50000]
loss: 1.479681  [12800/50000]
loss: 1.336962  [19200/50000]
loss: 1.410622  [25600/50000]
loss: 1.368324  [32000/50000]
loss: 1.032522  [38400/50000]
loss: 1.024811  [44800/50000]
Test Error: 
 Accuracy: 60.4%, Avg loss: 1.101864 

Epoch 2
-------------------------------
loss: 0.877107  [    0/50000]
loss: 0.867528  [ 6400/50000]
loss: 0.896264  [12800/50000]
loss: 0.972690  [19200/50000]
loss: 0.890059  [25600/50000]
loss: 0.648139  [32000/50000]
loss: 0.637647  [38400/50000]
loss: 0.702711  [44800/50000]
Test Error: 
 Accuracy: 65.6%, Avg loss: 1.020500 

Epoch 3
-------------------------------
loss: 0.777632  [    0/50000]
loss: 0.700634  [ 6400/50000]
loss: 0.809496  [12800/50000]
loss: 0.390716  [19200/50000]
loss: 0.625705  [25600/50000]
loss: 0.485129  [32000/50000]
loss: 0.550790  [38400/50000]
loss: 0.471688  [44800/50000]
Test Error: 
 Accuracy: 79.3%, Avg loss: 0.615047 

Epoch 4
-------------------------------
loss: 0.520821  [    0/50000]
loss: 0.598879  [ 6400/50000]
loss: 0.274689  [12800/50000]
loss: 0.462328  [19200/50000]
loss: 0.433214  [25600/50000]
loss: 0.344733  [32000/50000]
loss: 0.380381  [38400/50000]
loss: 0.587686  [44800/50000]
Test Error: 
 Accuracy: 78.5%, Avg loss: 0.646292 

Epoch 5
-------------------------------
loss: 0.465376  [    0/50000]
loss: 0.470094  [ 6400/50000]
loss: 0.434858  [12800/50000]
loss: 0.447536  [19200/50000]
loss: 0.311566  [25600/50000]
loss: 0.394634  [32000/50000]
loss: 0.337411  [38400/50000]
loss: 0.398526  [44800/50000]
Test Error: 
 Accuracy: 81.7%, Avg loss: 0.518175 

Epoch 6
-------------------------------
loss: 0.392970  [    0/50000]
loss: 0.444891  [ 6400/50000]
loss: 0.280120  [12800/50000]
loss: 0.445543  [19200/50000]
loss: 0.424813  [25600/50000]
loss: 0.344738  [32000/50000]
loss: 0.400665  [38400/50000]
loss: 0.300799  [44800/50000]
Test Error: 
 Accuracy: 81.7%, Avg loss: 0.555448 

Epoch 7
-------------------------------
loss: 0.158467  [    0/50000]
loss: 0.361866  [ 6400/50000]
loss: 0.274573  [12800/50000]
loss: 0.297441  [19200/50000]
loss: 0.342283  [25600/50000]
loss: 0.287413  [32000/50000]
loss: 0.501987  [38400/50000]
loss: 0.139595  [44800/50000]
Test Error: 
 Accuracy: 84.6%, Avg loss: 0.463008 

Epoch 8
-------------------------------
loss: 0.231014  [    0/50000]
loss: 0.122121  [ 6400/50000]
loss: 0.244484  [12800/50000]
loss: 0.221562  [19200/50000]
loss: 0.133493  [25600/50000]
loss: 0.170848  [32000/50000]
loss: 0.140846  [38400/50000]
loss: 0.218860  [44800/50000]
Test Error: 
 Accuracy: 86.0%, Avg loss: 0.435092 

Epoch 9
-------------------------------
loss: 0.185368  [    0/50000]
loss: 0.064689  [ 6400/50000]
loss: 0.113437  [12800/50000]
loss: 0.195868  [19200/50000]
loss: 0.099364  [25600/50000]
loss: 0.200021  [32000/50000]
loss: 0.355924  [38400/50000]
loss: 0.181040  [44800/50000]
Test Error: 
 Accuracy: 85.0%, Avg loss: 0.492159 

Epoch 10
-------------------------------
loss: 0.086581  [    0/50000]
loss: 0.078390  [ 6400/50000]
loss: 0.178557  [12800/50000]
loss: 0.170654  [19200/50000]
loss: 0.281378  [25600/50000]
loss: 0.135835  [32000/50000]
loss: 0.093962  [38400/50000]
loss: 0.286729  [44800/50000]
Test Error: 
 Accuracy: 85.4%, Avg loss: 0.518222 

Epoch 11
-------------------------------
loss: 0.091690  [    0/50000]
loss: 0.152806  [ 6400/50000]
loss: 0.079097  [12800/50000]
loss: 0.155822  [19200/50000]
loss: 0.125793  [25600/50000]
loss: 0.225660  [32000/50000]
loss: 0.040291  [38400/50000]
loss: 0.084940  [44800/50000]
Test Error: 
 Accuracy: 85.3%, Avg loss: 0.532570 

Epoch 12
-------------------------------
loss: 0.076668  [    0/50000]
loss: 0.043348  [ 6400/50000]
loss: 0.065554  [12800/50000]
loss: 0.298813  [19200/50000]
loss: 0.098411  [25600/50000]
loss: 0.053376  [32000/50000]
loss: 0.169245  [38400/50000]
loss: 0.186394  [44800/50000]
Test Error: 
 Accuracy: 85.2%, Avg loss: 0.580915 

Epoch 13
-------------------------------
loss: 0.084399  [    0/50000]
loss: 0.035640  [ 6400/50000]
loss: 0.019357  [12800/50000]
loss: 0.014144  [19200/50000]
loss: 0.096360  [25600/50000]
loss: 0.089323  [32000/50000]
loss: 0.080548  [38400/50000]
loss: 0.064196  [44800/50000]
Test Error: 
 Accuracy: 85.4%, Avg loss: 0.606206 

Epoch 14
-------------------------------
loss: 0.055541  [    0/50000]
loss: 0.100236  [ 6400/50000]
loss: 0.049402  [12800/50000]
loss: 0.079398  [19200/50000]
loss: 0.153968  [25600/50000]
loss: 0.094057  [32000/50000]
loss: 0.045833  [38400/50000]
loss: 0.045001  [44800/50000]
Test Error: 
 Accuracy: 86.2%, Avg loss: 0.585367 

Epoch 15
-------------------------------
loss: 0.039036  [    0/50000]
loss: 0.011087  [ 6400/50000]
loss: 0.012494  [12800/50000]
loss: 0.045227  [19200/50000]
loss: 0.011541  [25600/50000]
loss: 0.177028  [32000/50000]
loss: 0.109844  [38400/50000]
loss: 0.045498  [44800/50000]
Test Error: 
 Accuracy: 85.8%, Avg loss: 0.614165 

Epoch 16
-------------------------------
loss: 0.038285  [    0/50000]
loss: 0.089839  [ 6400/50000]
loss: 0.074455  [12800/50000]
loss: 0.005599  [19200/50000]
loss: 0.032684  [25600/50000]
loss: 0.012344  [32000/50000]
loss: 0.032583  [38400/50000]
loss: 0.009642  [44800/50000]
Test Error: 
 Accuracy: 86.7%, Avg loss: 0.600567 

Epoch 17
-------------------------------
loss: 0.025650  [    0/50000]
loss: 0.068076  [ 6400/50000]
loss: 0.071474  [12800/50000]
loss: 0.056879  [19200/50000]
loss: 0.052189  [25600/50000]
loss: 0.123423  [32000/50000]
loss: 0.070274  [38400/50000]
loss: 0.012841  [44800/50000]
Test Error: 
 Accuracy: 87.1%, Avg loss: 0.577510 

Epoch 18
-------------------------------
loss: 0.010901  [    0/50000]
loss: 0.054151  [ 6400/50000]
loss: 0.006863  [12800/50000]
loss: 0.008058  [19200/50000]
loss: 0.010132  [25600/50000]
loss: 0.085580  [32000/50000]
loss: 0.084812  [38400/50000]
loss: 0.011790  [44800/50000]
Test Error: 
 Accuracy: 86.5%, Avg loss: 0.617991 

Epoch 19
-------------------------------
loss: 0.045416  [    0/50000]
loss: 0.024270  [ 6400/50000]
loss: 0.027728  [12800/50000]
loss: 0.038627  [19200/50000]
loss: 0.077240  [25600/50000]
loss: 0.024750  [32000/50000]
loss: 0.082669  [38400/50000]
loss: 0.043965  [44800/50000]
Test Error: 
 Accuracy: 85.2%, Avg loss: 0.755522 

Epoch 20
-------------------------------
loss: 0.021687  [    0/50000]
loss: 0.012316  [ 6400/50000]
loss: 0.017039  [12800/50000]
loss: 0.035113  [19200/50000]
loss: 0.033486  [25600/50000]
loss: 0.009099  [32000/50000]
loss: 0.006459  [38400/50000]
loss: 0.016155  [44800/50000]
Test Error: 
 Accuracy: 84.6%, Avg loss: 0.729199 

Epoch 21
-------------------------------
loss: 0.012163  [    0/50000]
loss: 0.014310  [ 6400/50000]
loss: 0.007021  [12800/50000]
loss: 0.019663  [19200/50000]
loss: 0.064654  [25600/50000]
loss: 0.010902  [32000/50000]
loss: 0.006567  [38400/50000]
loss: 0.009603  [44800/50000]
Test Error: 
 Accuracy: 86.7%, Avg loss: 0.673783 

Epoch 22
-------------------------------
loss: 0.005700  [    0/50000]
loss: 0.004857  [ 6400/50000]
loss: 0.093225  [12800/50000]
loss: 0.021072  [19200/50000]
loss: 0.088713  [25600/50000]
loss: 0.100898  [32000/50000]
loss: 0.043134  [38400/50000]
loss: 0.015332  [44800/50000]
Test Error: 
 Accuracy: 86.1%, Avg loss: 0.698309 

Epoch 23
-------------------------------
loss: 0.003731  [    0/50000]
loss: 0.013419  [ 6400/50000]
loss: 0.009967  [12800/50000]
loss: 0.009783  [19200/50000]
loss: 0.025341  [25600/50000]
loss: 0.018804  [32000/50000]
loss: 0.077660  [38400/50000]
loss: 0.038183  [44800/50000]
Test Error: 
 Accuracy: 86.0%, Avg loss: 0.701450 

Epoch 24
-------------------------------
loss: 0.011380  [    0/50000]
loss: 0.084948  [ 6400/50000]
loss: 0.003943  [12800/50000]
loss: 0.017220  [19200/50000]
loss: 0.001637  [25600/50000]
loss: 0.030639  [32000/50000]
loss: 0.028091  [38400/50000]
loss: 0.013657  [44800/50000]
Test Error: 
 Accuracy: 85.7%, Avg loss: 0.747698 

Epoch 25
-------------------------------
loss: 0.007034  [    0/50000]
loss: 0.031755  [ 6400/50000]
loss: 0.061521  [12800/50000]
loss: 0.005322  [19200/50000]
loss: 0.000945  [25600/50000]
loss: 0.069860  [32000/50000]
loss: 0.021454  [38400/50000]
loss: 0.140899  [44800/50000]
Test Error: 
 Accuracy: 86.5%, Avg loss: 0.706847 

Epoch 26
-------------------------------
loss: 0.005079  [    0/50000]
loss: 0.004763  [ 6400/50000]
loss: 0.002748  [12800/50000]
loss: 0.034502  [19200/50000]
loss: 0.021484  [25600/50000]
loss: 0.037999  [32000/50000]
loss: 0.066961  [38400/50000]
loss: 0.040347  [44800/50000]
Test Error: 
 Accuracy: 86.0%, Avg loss: 0.705675 

Epoch 27
-------------------------------
loss: 0.006889  [    0/50000]
loss: 0.169885  [ 6400/50000]
loss: 0.056725  [12800/50000]
loss: 0.059263  [19200/50000]
loss: 0.009470  [25600/50000]
loss: 0.002802  [32000/50000]
loss: 0.002716  [38400/50000]
loss: 0.066431  [44800/50000]
Test Error: 
 Accuracy: 86.7%, Avg loss: 0.687568 

Epoch 28
-------------------------------
loss: 0.014750  [    0/50000]
loss: 0.010307  [ 6400/50000]
loss: 0.001894  [12800/50000]
loss: 0.005435  [19200/50000]
loss: 0.002396  [25600/50000]
loss: 0.008378  [32000/50000]
loss: 0.004263  [38400/50000]
loss: 0.038273  [44800/50000]
Test Error: 
 Accuracy: 84.5%, Avg loss: 0.842186 

Epoch 29
-------------------------------
loss: 0.098455  [    0/50000]
loss: 0.049804  [ 6400/50000]
loss: 0.009663  [12800/50000]
loss: 0.005857  [19200/50000]
loss: 0.170480  [25600/50000]
loss: 0.002803  [32000/50000]
loss: 0.003273  [38400/50000]
loss: 0.067122  [44800/50000]
Test Error: 
 Accuracy: 86.4%, Avg loss: 0.731722 

Epoch 30
-------------------------------
loss: 0.004429  [    0/50000]
loss: 0.011800  [ 6400/50000]
loss: 0.022660  [12800/50000]
loss: 0.002674  [19200/50000]
loss: 0.039714  [25600/50000]
loss: 0.036606  [32000/50000]
loss: 0.016355  [38400/50000]
loss: 0.048099  [44800/50000]
Test Error: 
 Accuracy: 86.7%, Avg loss: 0.727928 

Epoch 31
-------------------------------
loss: 0.014267  [    0/50000]
loss: 0.001124  [ 6400/50000]
loss: 0.004836  [12800/50000]
loss: 0.043699  [19200/50000]
loss: 0.001441  [25600/50000]
loss: 0.022625  [32000/50000]
loss: 0.005411  [38400/50000]
loss: 0.025340  [44800/50000]
Test Error: 
 Accuracy: 86.7%, Avg loss: 0.722612 

Epoch 32
-------------------------------
loss: 0.000582  [    0/50000]
loss: 0.001050  [ 6400/50000]
loss: 0.007819  [12800/50000]
loss: 0.056431  [19200/50000]
loss: 0.001780  [25600/50000]
loss: 0.038366  [32000/50000]
loss: 0.004739  [38400/50000]
loss: 0.005614  [44800/50000]
Test Error: 
 Accuracy: 87.3%, Avg loss: 0.691458 

Epoch 33
-------------------------------
loss: 0.113311  [    0/50000]
loss: 0.083773  [ 6400/50000]
loss: 0.052726  [12800/50000]
loss: 0.003067  [19200/50000]
loss: 0.076093  [25600/50000]
loss: 0.002484  [32000/50000]
loss: 0.006567  [38400/50000]
loss: 0.000925  [44800/50000]
Test Error: 
 Accuracy: 86.8%, Avg loss: 0.723722 

Epoch 34
-------------------------------
loss: 0.032149  [    0/50000]
loss: 0.004648  [ 6400/50000]
loss: 0.010375  [12800/50000]
loss: 0.003789  [19200/50000]
loss: 0.007831  [25600/50000]
loss: 0.032877  [32000/50000]
loss: 0.005276  [38400/50000]
loss: 0.014812  [44800/50000]
Test Error: 
 Accuracy: 87.2%, Avg loss: 0.731777 

Epoch 35
-------------------------------
loss: 0.006008  [    0/50000]
loss: 0.001059  [ 6400/50000]
loss: 0.005661  [12800/50000]
loss: 0.016322  [19200/50000]
loss: 0.002181  [25600/50000]
loss: 0.005128  [32000/50000]
loss: 0.107128  [38400/50000]
loss: 0.041552  [44800/50000]
Test Error: 
 Accuracy: 86.0%, Avg loss: 0.781984 

Epoch 36
-------------------------------
loss: 0.008510  [    0/50000]
loss: 0.035918  [ 6400/50000]
loss: 0.007530  [12800/50000]
loss: 0.012586  [19200/50000]
loss: 0.057288  [25600/50000]
loss: 0.001659  [32000/50000]
loss: 0.005488  [38400/50000]
loss: 0.126478  [44800/50000]
Test Error: 
 Accuracy: 87.2%, Avg loss: 0.683794 

Epoch 37
-------------------------------
loss: 0.034945  [    0/50000]
loss: 0.002982  [ 6400/50000]
loss: 0.007754  [12800/50000]
loss: 0.004850  [19200/50000]
loss: 0.000214  [25600/50000]
loss: 0.005600  [32000/50000]
loss: 0.001393  [38400/50000]
loss: 0.000954  [44800/50000]
Test Error: 
 Accuracy: 87.3%, Avg loss: 0.744387 

Epoch 38
-------------------------------
loss: 0.075108  [    0/50000]
loss: 0.006930  [ 6400/50000]
loss: 0.000698  [12800/50000]
loss: 0.037202  [19200/50000]
loss: 0.001873  [25600/50000]
loss: 0.001966  [32000/50000]
loss: 0.001543  [38400/50000]
loss: 0.015376  [44800/50000]
Test Error: 
 Accuracy: 87.4%, Avg loss: 0.744189 

Epoch 39
-------------------------------
loss: 0.009104  [    0/50000]
loss: 0.002042  [ 6400/50000]
loss: 0.054143  [12800/50000]
loss: 0.001852  [19200/50000]
loss: 0.028273  [25600/50000]
loss: 0.023244  [32000/50000]
loss: 0.032854  [38400/50000]
loss: 0.000382  [44800/50000]
Test Error: 
 Accuracy: 86.6%, Avg loss: 0.771728 

Epoch 40
-------------------------------
loss: 0.020183  [    0/50000]
loss: 0.006669  [ 6400/50000]
loss: 0.000843  [12800/50000]
loss: 0.029944  [19200/50000]
loss: 0.005309  [25600/50000]
loss: 0.000310  [32000/50000]
loss: 0.000640  [38400/50000]
loss: 0.033187  [44800/50000]
Test Error: 
 Accuracy: 86.0%, Avg loss: 0.850432 

Epoch 41
-------------------------------
loss: 0.075839  [    0/50000]
loss: 0.018385  [ 6400/50000]
loss: 0.011621  [12800/50000]
loss: 0.001511  [19200/50000]
loss: 0.003523  [25600/50000]
loss: 0.002879  [32000/50000]
loss: 0.000157  [38400/50000]
loss: 0.007980  [44800/50000]
Test Error: 
 Accuracy: 86.2%, Avg loss: 0.811427 

Epoch 42
-------------------------------
loss: 0.001114  [    0/50000]
loss: 0.000547  [ 6400/50000]
loss: 0.042240  [12800/50000]
loss: 0.014738  [19200/50000]
loss: 0.126257  [25600/50000]
loss: 0.001036  [32000/50000]
loss: 0.001240  [38400/50000]
loss: 0.094717  [44800/50000]
Test Error: 
 Accuracy: 87.0%, Avg loss: 0.734680 

Epoch 43
-------------------------------
loss: 0.001389  [    0/50000]
loss: 0.000680  [ 6400/50000]
loss: 0.002208  [12800/50000]
loss: 0.044863  [19200/50000]
loss: 0.003496  [25600/50000]
loss: 0.049817  [32000/50000]
loss: 0.030356  [38400/50000]
loss: 0.007526  [44800/50000]
Test Error: 
 Accuracy: 87.5%, Avg loss: 0.718343 

Epoch 44
-------------------------------
loss: 0.001973  [    0/50000]
loss: 0.031862  [ 6400/50000]
loss: 0.001290  [12800/50000]
loss: 0.003295  [19200/50000]
loss: 0.066047  [25600/50000]
loss: 0.011844  [32000/50000]
loss: 0.030597  [38400/50000]
loss: 0.005425  [44800/50000]
Test Error: 
 Accuracy: 87.3%, Avg loss: 0.770916 

Epoch 45
-------------------------------
loss: 0.006961  [    0/50000]
loss: 0.000306  [ 6400/50000]
loss: 0.013574  [12800/50000]
loss: 0.000350  [19200/50000]
loss: 0.003833  [25600/50000]
loss: 0.013690  [32000/50000]
loss: 0.077550  [38400/50000]
loss: 0.003319  [44800/50000]
Test Error: 
 Accuracy: 86.7%, Avg loss: 0.786360 

Epoch 46
-------------------------------
loss: 0.001471  [    0/50000]
loss: 0.000826  [ 6400/50000]
loss: 0.000457  [12800/50000]
loss: 0.000665  [19200/50000]
loss: 0.001075  [25600/50000]
loss: 0.003174  [32000/50000]
loss: 0.077074  [38400/50000]
loss: 0.063215  [44800/50000]
Test Error: 
 Accuracy: 86.4%, Avg loss: 0.766324 

Epoch 47
-------------------------------
loss: 0.004436  [    0/50000]
loss: 0.001125  [ 6400/50000]
loss: 0.011106  [12800/50000]
loss: 0.000203  [19200/50000]
loss: 0.000736  [25600/50000]
loss: 0.013690  [32000/50000]
loss: 0.000473  [38400/50000]
loss: 0.002245  [44800/50000]
Test Error: 
 Accuracy: 87.0%, Avg loss: 0.763566 

Epoch 48
-------------------------------
loss: 0.001923  [    0/50000]
loss: 0.023716  [ 6400/50000]
loss: 0.000352  [12800/50000]
loss: 0.002013  [19200/50000]
loss: 0.003333  [25600/50000]
loss: 0.029628  [32000/50000]
loss: 0.048855  [38400/50000]
loss: 0.003837  [44800/50000]
Test Error: 
 Accuracy: 86.6%, Avg loss: 0.847406 

Epoch 49
-------------------------------
loss: 0.009145  [    0/50000]
loss: 0.002128  [ 6400/50000]
loss: 0.007895  [12800/50000]
loss: 0.000353  [19200/50000]
loss: 0.005106  [25600/50000]
loss: 0.000319  [32000/50000]
loss: 0.000941  [38400/50000]
loss: 0.041292  [44800/50000]
Test Error: 
 Accuracy: 87.4%, Avg loss: 0.722479 

Epoch 50
-------------------------------
loss: 0.004993  [    0/50000]
loss: 0.077377  [ 6400/50000]
loss: 0.000271  [12800/50000]
loss: 0.009270  [19200/50000]
loss: 0.000306  [25600/50000]
loss: 0.000415  [32000/50000]
loss: 0.002145  [38400/50000]
loss: 0.000155  [44800/50000]
Test Error: 
 Accuracy: 86.8%, Avg loss: 0.810019 

Done!
