command config
N= 3
B= [1, 3, 2]
C1= 64
F= [5, 5, 3]
K= [5, 3, 1]
P= 8
number of parameters 4637514
Epoch 1
-------------------------------
loss: 2.355459  [    0/50000]
loss: 1.902895  [ 6400/50000]
loss: 1.547036  [12800/50000]
loss: 1.317811  [19200/50000]
loss: 1.168676  [25600/50000]
loss: 1.221249  [32000/50000]
loss: 1.084488  [38400/50000]
loss: 0.967317  [44800/50000]
Test Error: 
 Accuracy: 56.2%, Avg loss: 1.246934 

Epoch 2
-------------------------------
loss: 1.136931  [    0/50000]
loss: 1.268390  [ 6400/50000]
loss: 1.005463  [12800/50000]
loss: 0.927657  [19200/50000]
loss: 0.775954  [25600/50000]
loss: 0.788542  [32000/50000]
loss: 0.598919  [38400/50000]
loss: 0.600095  [44800/50000]
Test Error: 
 Accuracy: 62.1%, Avg loss: 1.102508 

Epoch 3
-------------------------------
loss: 0.872540  [    0/50000]
loss: 0.828121  [ 6400/50000]
loss: 0.705182  [12800/50000]
loss: 0.550046  [19200/50000]
loss: 0.851381  [25600/50000]
loss: 0.669800  [32000/50000]
loss: 0.685896  [38400/50000]
loss: 0.814098  [44800/50000]
Test Error: 
 Accuracy: 74.0%, Avg loss: 0.738317 

Epoch 4
-------------------------------
loss: 0.545635  [    0/50000]
loss: 0.702568  [ 6400/50000]
loss: 0.720641  [12800/50000]
loss: 0.535138  [19200/50000]
loss: 0.640973  [25600/50000]
loss: 0.381453  [32000/50000]
loss: 0.382262  [38400/50000]
loss: 0.450916  [44800/50000]
Test Error: 
 Accuracy: 76.6%, Avg loss: 0.677460 

Epoch 5
-------------------------------
loss: 0.822276  [    0/50000]
loss: 0.632769  [ 6400/50000]
loss: 0.407167  [12800/50000]
loss: 0.370283  [19200/50000]
loss: 0.424906  [25600/50000]
loss: 0.369845  [32000/50000]
loss: 0.368479  [38400/50000]
loss: 0.452491  [44800/50000]
Test Error: 
 Accuracy: 76.9%, Avg loss: 0.692699 

Epoch 6
-------------------------------
loss: 0.449365  [    0/50000]
loss: 0.203626  [ 6400/50000]
loss: 0.349653  [12800/50000]
loss: 0.284837  [19200/50000]
loss: 0.260921  [25600/50000]
loss: 0.343218  [32000/50000]
loss: 0.607052  [38400/50000]
loss: 0.256657  [44800/50000]
Test Error: 
 Accuracy: 83.3%, Avg loss: 0.484395 

Epoch 7
-------------------------------
loss: 0.399862  [    0/50000]
loss: 0.287160  [ 6400/50000]
loss: 0.207699  [12800/50000]
loss: 0.596204  [19200/50000]
loss: 0.249860  [25600/50000]
loss: 0.470344  [32000/50000]
loss: 0.171790  [38400/50000]
loss: 0.378702  [44800/50000]
Test Error: 
 Accuracy: 83.3%, Avg loss: 0.503854 

Epoch 8
-------------------------------
loss: 0.262362  [    0/50000]
loss: 0.245380  [ 6400/50000]
loss: 0.415884  [12800/50000]
loss: 0.206599  [19200/50000]
loss: 0.329100  [25600/50000]
loss: 0.304613  [32000/50000]
loss: 0.164709  [38400/50000]
loss: 0.130488  [44800/50000]
Test Error: 
 Accuracy: 82.5%, Avg loss: 0.541554 

Epoch 9
-------------------------------
loss: 0.148424  [    0/50000]
loss: 0.359985  [ 6400/50000]
loss: 0.211315  [12800/50000]
loss: 0.254295  [19200/50000]
loss: 0.221932  [25600/50000]
loss: 0.200983  [32000/50000]
loss: 0.115039  [38400/50000]
loss: 0.229815  [44800/50000]
Test Error: 
 Accuracy: 81.1%, Avg loss: 0.636590 

Epoch 10
-------------------------------
loss: 0.211968  [    0/50000]
loss: 0.105627  [ 6400/50000]
loss: 0.202322  [12800/50000]
loss: 0.281689  [19200/50000]
loss: 0.203842  [25600/50000]
loss: 0.290969  [32000/50000]
loss: 0.121482  [38400/50000]
loss: 0.076243  [44800/50000]
Test Error: 
 Accuracy: 85.0%, Avg loss: 0.500923 

Epoch 11
-------------------------------
loss: 0.080968  [    0/50000]
loss: 0.088717  [ 6400/50000]
loss: 0.086620  [12800/50000]
loss: 0.068697  [19200/50000]
loss: 0.067043  [25600/50000]
loss: 0.137865  [32000/50000]
loss: 0.144292  [38400/50000]
loss: 0.126590  [44800/50000]
Test Error: 
 Accuracy: 83.3%, Avg loss: 0.573888 

Epoch 12
-------------------------------
loss: 0.103009  [    0/50000]
loss: 0.056012  [ 6400/50000]
loss: 0.097979  [12800/50000]
loss: 0.108602  [19200/50000]
loss: 0.135023  [25600/50000]
loss: 0.104907  [32000/50000]
loss: 0.187273  [38400/50000]
loss: 0.241402  [44800/50000]
Test Error: 
 Accuracy: 84.8%, Avg loss: 0.572965 

Epoch 13
-------------------------------
loss: 0.060023  [    0/50000]
loss: 0.041000  [ 6400/50000]
loss: 0.032912  [12800/50000]
loss: 0.036674  [19200/50000]
loss: 0.094465  [25600/50000]
loss: 0.119388  [32000/50000]
loss: 0.107268  [38400/50000]
loss: 0.096129  [44800/50000]
Test Error: 
 Accuracy: 85.7%, Avg loss: 0.583750 

Epoch 14
-------------------------------
loss: 0.016484  [    0/50000]
loss: 0.104264  [ 6400/50000]
loss: 0.074497  [12800/50000]
loss: 0.064329  [19200/50000]
loss: 0.135267  [25600/50000]
loss: 0.090812  [32000/50000]
loss: 0.087600  [38400/50000]
loss: 0.009249  [44800/50000]
Test Error: 
 Accuracy: 85.2%, Avg loss: 0.589647 

Epoch 15
-------------------------------
loss: 0.024410  [    0/50000]
loss: 0.069191  [ 6400/50000]
loss: 0.057167  [12800/50000]
loss: 0.050272  [19200/50000]
loss: 0.095958  [25600/50000]
loss: 0.066528  [32000/50000]
loss: 0.028296  [38400/50000]
loss: 0.074084  [44800/50000]
Test Error: 
 Accuracy: 84.9%, Avg loss: 0.641744 

Epoch 16
-------------------------------
loss: 0.071061  [    0/50000]
loss: 0.021967  [ 6400/50000]
loss: 0.034879  [12800/50000]
loss: 0.112644  [19200/50000]
loss: 0.040253  [25600/50000]
loss: 0.018898  [32000/50000]
loss: 0.109639  [38400/50000]
loss: 0.039521  [44800/50000]
Test Error: 
 Accuracy: 85.5%, Avg loss: 0.632417 

Epoch 17
-------------------------------
loss: 0.069272  [    0/50000]
loss: 0.011506  [ 6400/50000]
loss: 0.005529  [12800/50000]
loss: 0.007758  [19200/50000]
loss: 0.052522  [25600/50000]
loss: 0.031244  [32000/50000]
loss: 0.041671  [38400/50000]
loss: 0.070128  [44800/50000]
Test Error: 
 Accuracy: 83.3%, Avg loss: 0.772536 

Epoch 18
-------------------------------
loss: 0.058219  [    0/50000]
loss: 0.009445  [ 6400/50000]
loss: 0.019369  [12800/50000]
loss: 0.037221  [19200/50000]
loss: 0.012309  [25600/50000]
loss: 0.020522  [32000/50000]
loss: 0.010835  [38400/50000]
loss: 0.020685  [44800/50000]
Test Error: 
 Accuracy: 85.3%, Avg loss: 0.659628 

Epoch 19
-------------------------------
loss: 0.065949  [    0/50000]
loss: 0.003416  [ 6400/50000]
loss: 0.030783  [12800/50000]
loss: 0.021065  [19200/50000]
loss: 0.012716  [25600/50000]
loss: 0.107348  [32000/50000]
loss: 0.030767  [38400/50000]
loss: 0.077305  [44800/50000]
Test Error: 
 Accuracy: 86.1%, Avg loss: 0.607018 

Epoch 20
-------------------------------
loss: 0.023250  [    0/50000]
loss: 0.002170  [ 6400/50000]
loss: 0.021587  [12800/50000]
loss: 0.020074  [19200/50000]
loss: 0.008251  [25600/50000]
loss: 0.080209  [32000/50000]
loss: 0.007336  [38400/50000]
loss: 0.126884  [44800/50000]
Test Error: 
 Accuracy: 85.8%, Avg loss: 0.655530 

Epoch 21
-------------------------------
loss: 0.040307  [    0/50000]
loss: 0.062070  [ 6400/50000]
loss: 0.091535  [12800/50000]
loss: 0.039922  [19200/50000]
loss: 0.067418  [25600/50000]
loss: 0.026400  [32000/50000]
loss: 0.104942  [38400/50000]
loss: 0.006066  [44800/50000]
Test Error: 
 Accuracy: 86.2%, Avg loss: 0.642010 

Epoch 22
-------------------------------
loss: 0.010176  [    0/50000]
loss: 0.047908  [ 6400/50000]
loss: 0.024648  [12800/50000]
loss: 0.035358  [19200/50000]
loss: 0.055550  [25600/50000]
loss: 0.025397  [32000/50000]
loss: 0.189970  [38400/50000]
loss: 0.074613  [44800/50000]
Test Error: 
 Accuracy: 84.3%, Avg loss: 0.757022 

Epoch 23
-------------------------------
loss: 0.032498  [    0/50000]
loss: 0.018936  [ 6400/50000]
loss: 0.049989  [12800/50000]
loss: 0.003338  [19200/50000]
loss: 0.023224  [25600/50000]
loss: 0.020254  [32000/50000]
loss: 0.051909  [38400/50000]
loss: 0.087089  [44800/50000]
Test Error: 
 Accuracy: 85.4%, Avg loss: 0.722204 

Epoch 24
-------------------------------
loss: 0.072965  [    0/50000]
loss: 0.076437  [ 6400/50000]
loss: 0.049474  [12800/50000]
loss: 0.037662  [19200/50000]
loss: 0.133464  [25600/50000]
loss: 0.025967  [32000/50000]
loss: 0.019520  [38400/50000]
loss: 0.004586  [44800/50000]
Test Error: 
 Accuracy: 85.5%, Avg loss: 0.718550 

Epoch 25
-------------------------------
loss: 0.018495  [    0/50000]
loss: 0.067833  [ 6400/50000]
loss: 0.008310  [12800/50000]
loss: 0.010792  [19200/50000]
loss: 0.007629  [25600/50000]
loss: 0.011287  [32000/50000]
loss: 0.038386  [38400/50000]
loss: 0.014833  [44800/50000]
Test Error: 
 Accuracy: 86.2%, Avg loss: 0.682384 

Epoch 26
-------------------------------
loss: 0.023285  [    0/50000]
loss: 0.006959  [ 6400/50000]
loss: 0.013191  [12800/50000]
loss: 0.046626  [19200/50000]
loss: 0.030934  [25600/50000]
loss: 0.027046  [32000/50000]
loss: 0.084396  [38400/50000]
loss: 0.038436  [44800/50000]
Test Error: 
 Accuracy: 86.0%, Avg loss: 0.707592 

Epoch 27
-------------------------------
loss: 0.052381  [    0/50000]
loss: 0.030677  [ 6400/50000]
loss: 0.010122  [12800/50000]
loss: 0.004121  [19200/50000]
loss: 0.014544  [25600/50000]
loss: 0.007405  [32000/50000]
loss: 0.010125  [38400/50000]
loss: 0.004438  [44800/50000]
Test Error: 
 Accuracy: 86.6%, Avg loss: 0.679628 

Epoch 28
-------------------------------
loss: 0.000626  [    0/50000]
loss: 0.001402  [ 6400/50000]
loss: 0.004323  [12800/50000]
loss: 0.003031  [19200/50000]
loss: 0.014271  [25600/50000]
loss: 0.013921  [32000/50000]
loss: 0.001301  [38400/50000]
loss: 0.011623  [44800/50000]
Test Error: 
 Accuracy: 87.0%, Avg loss: 0.654592 

Epoch 29
-------------------------------
loss: 0.007457  [    0/50000]
loss: 0.035853  [ 6400/50000]
loss: 0.081158  [12800/50000]
loss: 0.023574  [19200/50000]
loss: 0.016077  [25600/50000]
loss: 0.014083  [32000/50000]
loss: 0.011575  [38400/50000]
loss: 0.017501  [44800/50000]
Test Error: 
 Accuracy: 86.5%, Avg loss: 0.704507 

Epoch 30
-------------------------------
loss: 0.017668  [    0/50000]
loss: 0.004225  [ 6400/50000]
loss: 0.058307  [12800/50000]
loss: 0.058550  [19200/50000]
loss: 0.036732  [25600/50000]
loss: 0.005263  [32000/50000]
loss: 0.076681  [38400/50000]
loss: 0.002676  [44800/50000]
Test Error: 
 Accuracy: 86.8%, Avg loss: 0.697906 

Done!
