command config
N= 4
B= [2 2 2 2]
C1= 64
F= [3 3 3 3]
K= [1, 1, 1, 1]
P= 4
number of parameters 11173962
Epoch 1
-------------------------------
loss: 2.473405  [    0/50000]
loss: 1.472421  [ 6400/50000]
loss: 1.429807  [12800/50000]
loss: 1.351303  [19200/50000]
loss: 1.143871  [25600/50000]
loss: 0.960026  [32000/50000]
loss: 1.192326  [38400/50000]
loss: 1.175501  [44800/50000]
Test Error: 
 Accuracy: 65.6%, Avg loss: 0.943253 

Epoch 2
-------------------------------
loss: 0.940180  [    0/50000]
loss: 1.041102  [ 6400/50000]
loss: 0.971142  [12800/50000]
loss: 0.755419  [19200/50000]
loss: 0.516276  [25600/50000]
loss: 0.717382  [32000/50000]
loss: 0.652226  [38400/50000]
loss: 0.616071  [44800/50000]
Test Error: 
 Accuracy: 71.2%, Avg loss: 0.827402 

Epoch 3
-------------------------------
loss: 0.648922  [    0/50000]
loss: 0.667967  [ 6400/50000]
loss: 0.805185  [12800/50000]
loss: 0.673200  [19200/50000]
loss: 0.524517  [25600/50000]
loss: 0.637522  [32000/50000]
loss: 0.494453  [38400/50000]
loss: 0.418324  [44800/50000]
Test Error: 
 Accuracy: 74.9%, Avg loss: 0.727737 

Epoch 4
-------------------------------
loss: 0.308327  [    0/50000]
loss: 0.288420  [ 6400/50000]
loss: 0.398385  [12800/50000]
loss: 0.504144  [19200/50000]
loss: 0.336980  [25600/50000]
loss: 0.548240  [32000/50000]
loss: 0.500107  [38400/50000]
loss: 0.529046  [44800/50000]
Test Error: 
 Accuracy: 79.1%, Avg loss: 0.622460 

Epoch 5
-------------------------------
loss: 0.269536  [    0/50000]
loss: 0.333368  [ 6400/50000]
loss: 0.384390  [12800/50000]
loss: 0.486214  [19200/50000]
loss: 0.427167  [25600/50000]
loss: 0.181298  [32000/50000]
loss: 0.326600  [38400/50000]
loss: 0.455106  [44800/50000]
Test Error: 
 Accuracy: 80.6%, Avg loss: 0.593432 

Epoch 6
-------------------------------
loss: 0.264168  [    0/50000]
loss: 0.288683  [ 6400/50000]
loss: 0.207159  [12800/50000]
loss: 0.375094  [19200/50000]
loss: 0.253738  [25600/50000]
loss: 0.277199  [32000/50000]
loss: 0.310736  [38400/50000]
loss: 0.297426  [44800/50000]
Test Error: 
 Accuracy: 82.0%, Avg loss: 0.568963 

Epoch 7
-------------------------------
loss: 0.325208  [    0/50000]
loss: 0.090395  [ 6400/50000]
loss: 0.213126  [12800/50000]
loss: 0.157709  [19200/50000]
loss: 0.180267  [25600/50000]
loss: 0.341718  [32000/50000]
loss: 0.177220  [38400/50000]
loss: 0.194762  [44800/50000]
Test Error: 
 Accuracy: 82.2%, Avg loss: 0.614633 

Epoch 8
-------------------------------
loss: 0.209810  [    0/50000]
loss: 0.117435  [ 6400/50000]
loss: 0.060132  [12800/50000]
loss: 0.081411  [19200/50000]
loss: 0.093768  [25600/50000]
loss: 0.116228  [32000/50000]
loss: 0.118440  [38400/50000]
loss: 0.323518  [44800/50000]
Test Error: 
 Accuracy: 82.2%, Avg loss: 0.650969 

Epoch 9
-------------------------------
loss: 0.044613  [    0/50000]
loss: 0.082194  [ 6400/50000]
loss: 0.084574  [12800/50000]
loss: 0.141605  [19200/50000]
loss: 0.038943  [25600/50000]
loss: 0.088603  [32000/50000]
loss: 0.168757  [38400/50000]
loss: 0.144657  [44800/50000]
Test Error: 
 Accuracy: 82.4%, Avg loss: 0.680554 

Epoch 10
-------------------------------
loss: 0.041505  [    0/50000]
loss: 0.093055  [ 6400/50000]
loss: 0.035839  [12800/50000]
loss: 0.023417  [19200/50000]
loss: 0.057215  [25600/50000]
loss: 0.073810  [32000/50000]
loss: 0.049456  [38400/50000]
loss: 0.026650  [44800/50000]
Test Error: 
 Accuracy: 83.2%, Avg loss: 0.686560 

Epoch 11
-------------------------------
loss: 0.088580  [    0/50000]
loss: 0.020033  [ 6400/50000]
loss: 0.018987  [12800/50000]
loss: 0.058410  [19200/50000]
loss: 0.056234  [25600/50000]
loss: 0.092068  [32000/50000]
loss: 0.149800  [38400/50000]
loss: 0.010617  [44800/50000]
Test Error: 
 Accuracy: 83.1%, Avg loss: 0.729814 

Epoch 12
-------------------------------
loss: 0.022717  [    0/50000]
loss: 0.016350  [ 6400/50000]
loss: 0.034685  [12800/50000]
loss: 0.030297  [19200/50000]
loss: 0.005110  [25600/50000]
loss: 0.014072  [32000/50000]
loss: 0.009883  [38400/50000]
loss: 0.122104  [44800/50000]
Test Error: 
 Accuracy: 82.2%, Avg loss: 0.794337 

Epoch 13
-------------------------------
loss: 0.012463  [    0/50000]
loss: 0.017746  [ 6400/50000]
loss: 0.012992  [12800/50000]
loss: 0.016510  [19200/50000]
loss: 0.066722  [25600/50000]
loss: 0.130177  [32000/50000]
loss: 0.010443  [38400/50000]
loss: 0.061919  [44800/50000]
Test Error: 
 Accuracy: 82.8%, Avg loss: 0.809370 

Epoch 14
-------------------------------
loss: 0.007830  [    0/50000]
loss: 0.036452  [ 6400/50000]
loss: 0.008564  [12800/50000]
loss: 0.060719  [19200/50000]
loss: 0.101912  [25600/50000]
loss: 0.125026  [32000/50000]
loss: 0.044187  [38400/50000]
loss: 0.016589  [44800/50000]
Test Error: 
 Accuracy: 83.3%, Avg loss: 0.784832 

Epoch 15
-------------------------------
loss: 0.167278  [    0/50000]
loss: 0.004976  [ 6400/50000]
loss: 0.037646  [12800/50000]
loss: 0.015782  [19200/50000]
loss: 0.063986  [25600/50000]
loss: 0.128280  [32000/50000]
loss: 0.024263  [38400/50000]
loss: 0.133851  [44800/50000]
Test Error: 
 Accuracy: 83.1%, Avg loss: 0.848457 

Epoch 16
-------------------------------
loss: 0.050019  [    0/50000]
loss: 0.023001  [ 6400/50000]
loss: 0.008606  [12800/50000]
loss: 0.106417  [19200/50000]
loss: 0.008123  [25600/50000]
loss: 0.087860  [32000/50000]
loss: 0.024145  [38400/50000]
loss: 0.142799  [44800/50000]
Test Error: 
 Accuracy: 83.2%, Avg loss: 0.846217 

Epoch 17
-------------------------------
loss: 0.086080  [    0/50000]
loss: 0.033758  [ 6400/50000]
loss: 0.002016  [12800/50000]
loss: 0.129559  [19200/50000]
loss: 0.041274  [25600/50000]
loss: 0.046577  [32000/50000]
loss: 0.060267  [38400/50000]
loss: 0.055286  [44800/50000]
Test Error: 
 Accuracy: 83.8%, Avg loss: 0.812856 

Epoch 18
-------------------------------
loss: 0.033369  [    0/50000]
loss: 0.045950  [ 6400/50000]
loss: 0.059772  [12800/50000]
loss: 0.014935  [19200/50000]
loss: 0.012033  [25600/50000]
loss: 0.008051  [32000/50000]
loss: 0.105762  [38400/50000]
loss: 0.117543  [44800/50000]
Test Error: 
 Accuracy: 83.5%, Avg loss: 0.851597 

Epoch 19
-------------------------------
loss: 0.047670  [    0/50000]
loss: 0.002381  [ 6400/50000]
loss: 0.028864  [12800/50000]
loss: 0.035999  [19200/50000]
loss: 0.001926  [25600/50000]
loss: 0.044352  [32000/50000]
loss: 0.005707  [38400/50000]
loss: 0.035761  [44800/50000]
Test Error: 
 Accuracy: 83.0%, Avg loss: 0.880374 

Epoch 20
-------------------------------
loss: 0.008419  [    0/50000]
loss: 0.016673  [ 6400/50000]
loss: 0.034080  [12800/50000]
loss: 0.000701  [19200/50000]
loss: 0.007535  [25600/50000]
loss: 0.024163  [32000/50000]
loss: 0.084107  [38400/50000]
loss: 0.039807  [44800/50000]
Test Error: 
 Accuracy: 83.7%, Avg loss: 0.844101 

Epoch 21
-------------------------------
loss: 0.003627  [    0/50000]
loss: 0.012998  [ 6400/50000]
loss: 0.025710  [12800/50000]
loss: 0.010604  [19200/50000]
loss: 0.025482  [25600/50000]
loss: 0.078293  [32000/50000]
loss: 0.011211  [38400/50000]
loss: 0.003554  [44800/50000]
Test Error: 
 Accuracy: 84.0%, Avg loss: 0.810370 

Epoch 22
-------------------------------
loss: 0.006356  [    0/50000]
loss: 0.001201  [ 6400/50000]
loss: 0.028726  [12800/50000]
loss: 0.030142  [19200/50000]
loss: 0.000794  [25600/50000]
loss: 0.051425  [32000/50000]
loss: 0.000734  [38400/50000]
loss: 0.021136  [44800/50000]
Test Error: 
 Accuracy: 83.8%, Avg loss: 0.865486 

Epoch 23
-------------------------------
loss: 0.021394  [    0/50000]
loss: 0.027266  [ 6400/50000]
loss: 0.032755  [12800/50000]
loss: 0.025410  [19200/50000]
loss: 0.014114  [25600/50000]
loss: 0.025269  [32000/50000]
loss: 0.017820  [38400/50000]
loss: 0.010718  [44800/50000]
Test Error: 
 Accuracy: 84.7%, Avg loss: 0.827308 

Epoch 24
-------------------------------
loss: 0.042051  [    0/50000]
loss: 0.001663  [ 6400/50000]
loss: 0.000690  [12800/50000]
loss: 0.010989  [19200/50000]
loss: 0.024308  [25600/50000]
loss: 0.002288  [32000/50000]
loss: 0.012813  [38400/50000]
loss: 0.039769  [44800/50000]
Test Error: 
 Accuracy: 83.7%, Avg loss: 0.909705 

Epoch 25
-------------------------------
loss: 0.009207  [    0/50000]
loss: 0.030517  [ 6400/50000]
loss: 0.006365  [12800/50000]
loss: 0.040468  [19200/50000]
loss: 0.055047  [25600/50000]
loss: 0.072027  [32000/50000]
loss: 0.015223  [38400/50000]
loss: 0.001563  [44800/50000]
Test Error: 
 Accuracy: 84.7%, Avg loss: 0.824716 

Epoch 26
-------------------------------
loss: 0.010262  [    0/50000]
loss: 0.003326  [ 6400/50000]
loss: 0.008851  [12800/50000]
loss: 0.050763  [19200/50000]
loss: 0.129573  [25600/50000]
loss: 0.133861  [32000/50000]
loss: 0.002205  [38400/50000]
loss: 0.023339  [44800/50000]
Test Error: 
 Accuracy: 82.4%, Avg loss: 1.021967 

Epoch 27
-------------------------------
loss: 0.067402  [    0/50000]
loss: 0.012494  [ 6400/50000]
loss: 0.032700  [12800/50000]
loss: 0.096165  [19200/50000]
loss: 0.006357  [25600/50000]
loss: 0.054526  [32000/50000]
loss: 0.034503  [38400/50000]
loss: 0.016853  [44800/50000]
Test Error: 
 Accuracy: 85.0%, Avg loss: 0.816932 

Epoch 28
-------------------------------
loss: 0.003917  [    0/50000]
loss: 0.001247  [ 6400/50000]
loss: 0.001127  [12800/50000]
loss: 0.000246  [19200/50000]
loss: 0.006829  [25600/50000]
loss: 0.008025  [32000/50000]
loss: 0.008507  [38400/50000]
loss: 0.005375  [44800/50000]
Test Error: 
 Accuracy: 85.0%, Avg loss: 0.859299 

Epoch 29
-------------------------------
loss: 0.000568  [    0/50000]
loss: 0.000435  [ 6400/50000]
loss: 0.039181  [12800/50000]
loss: 0.050392  [19200/50000]
loss: 0.057289  [25600/50000]
loss: 0.002311  [32000/50000]
loss: 0.007774  [38400/50000]
loss: 0.011497  [44800/50000]
Test Error: 
 Accuracy: 84.6%, Avg loss: 0.863694 

Epoch 30
-------------------------------
loss: 0.001033  [    0/50000]
loss: 0.007779  [ 6400/50000]
loss: 0.000834  [12800/50000]
loss: 0.020970  [19200/50000]
loss: 0.004977  [25600/50000]
loss: 0.040145  [32000/50000]
loss: 0.022015  [38400/50000]
loss: 0.002231  [44800/50000]
Test Error: 
 Accuracy: 82.9%, Avg loss: 0.988151 

Done!
max accuracy 85.05
average accuracy 83.624
