command config
N= 3
B= [3, 3, 2]
C1= 64
F= [3, 5, 3]
K= [1, 3, 1]
P= 8
number of parameters 4654410
Epoch 1
-------------------------------
loss: 2.603172  [    0/50000]
loss: 1.801089  [ 6400/50000]
loss: 1.570034  [12800/50000]
loss: 1.470454  [19200/50000]
loss: 1.345046  [25600/50000]
loss: 1.147868  [32000/50000]
loss: 1.028006  [38400/50000]
loss: 1.125208  [44800/50000]
Test Error: 
 Accuracy: 59.0%, Avg loss: 1.165961 

Epoch 2
-------------------------------
loss: 1.005214  [    0/50000]
loss: 0.740829  [ 6400/50000]
loss: 0.988445  [12800/50000]
loss: 0.892264  [19200/50000]
loss: 1.054107  [25600/50000]
loss: 0.855262  [32000/50000]
loss: 0.756899  [38400/50000]
loss: 0.762364  [44800/50000]
Test Error: 
 Accuracy: 71.7%, Avg loss: 0.803638 

Epoch 3
-------------------------------
loss: 0.841364  [    0/50000]
loss: 0.719324  [ 6400/50000]
loss: 0.759035  [12800/50000]
loss: 0.663693  [19200/50000]
loss: 0.681577  [25600/50000]
loss: 0.510847  [32000/50000]
loss: 0.451779  [38400/50000]
loss: 0.348181  [44800/50000]
Test Error: 
 Accuracy: 74.7%, Avg loss: 0.745363 

Epoch 4
-------------------------------
loss: 0.500249  [    0/50000]
loss: 0.681590  [ 6400/50000]
loss: 0.425342  [12800/50000]
loss: 0.494628  [19200/50000]
loss: 0.264626  [25600/50000]
loss: 0.535925  [32000/50000]
loss: 0.559362  [38400/50000]
loss: 0.446279  [44800/50000]
Test Error: 
 Accuracy: 79.1%, Avg loss: 0.627912 

Epoch 5
-------------------------------
loss: 0.435617  [    0/50000]
loss: 0.385955  [ 6400/50000]
loss: 0.338102  [12800/50000]
loss: 0.245940  [19200/50000]
loss: 0.488746  [25600/50000]
loss: 0.503362  [32000/50000]
loss: 0.724577  [38400/50000]
loss: 0.294497  [44800/50000]
Test Error: 
 Accuracy: 82.3%, Avg loss: 0.534744 

Epoch 6
-------------------------------
loss: 0.293382  [    0/50000]
loss: 0.233125  [ 6400/50000]
loss: 0.223216  [12800/50000]
loss: 0.219075  [19200/50000]
loss: 0.398082  [25600/50000]
loss: 0.416614  [32000/50000]
loss: 0.400488  [38400/50000]
loss: 0.278204  [44800/50000]
Test Error: 
 Accuracy: 84.8%, Avg loss: 0.450962 

Epoch 7
-------------------------------
loss: 0.367341  [    0/50000]
loss: 0.186598  [ 6400/50000]
loss: 0.490090  [12800/50000]
loss: 0.424011  [19200/50000]
loss: 0.335698  [25600/50000]
loss: 0.237553  [32000/50000]
loss: 0.373107  [38400/50000]
loss: 0.167163  [44800/50000]
Test Error: 
 Accuracy: 85.3%, Avg loss: 0.464571 

Epoch 8
-------------------------------
loss: 0.189778  [    0/50000]
loss: 0.431381  [ 6400/50000]
loss: 0.223121  [12800/50000]
loss: 0.100758  [19200/50000]
loss: 0.128985  [25600/50000]
loss: 0.505802  [32000/50000]
loss: 0.205813  [38400/50000]
loss: 0.107271  [44800/50000]
Test Error: 
 Accuracy: 82.7%, Avg loss: 0.545813 

Epoch 9
-------------------------------
loss: 0.228961  [    0/50000]
loss: 0.172078  [ 6400/50000]
loss: 0.152402  [12800/50000]
loss: 0.199341  [19200/50000]
loss: 0.117757  [25600/50000]
loss: 0.268099  [32000/50000]
loss: 0.235439  [38400/50000]
loss: 0.174064  [44800/50000]
Test Error: 
 Accuracy: 86.3%, Avg loss: 0.464287 

Epoch 10
-------------------------------
loss: 0.129284  [    0/50000]
loss: 0.092801  [ 6400/50000]
loss: 0.218744  [12800/50000]
loss: 0.090769  [19200/50000]
loss: 0.058380  [25600/50000]
loss: 0.089103  [32000/50000]
loss: 0.195117  [38400/50000]
loss: 0.122743  [44800/50000]
Test Error: 
 Accuracy: 85.3%, Avg loss: 0.547217 

Epoch 11
-------------------------------
loss: 0.197306  [    0/50000]
loss: 0.043670  [ 6400/50000]
loss: 0.092894  [12800/50000]
loss: 0.078533  [19200/50000]
loss: 0.061732  [25600/50000]
loss: 0.198084  [32000/50000]
loss: 0.058068  [38400/50000]
loss: 0.164312  [44800/50000]
Test Error: 
 Accuracy: 86.2%, Avg loss: 0.516367 

Epoch 12
-------------------------------
loss: 0.118780  [    0/50000]
loss: 0.058424  [ 6400/50000]
loss: 0.061848  [12800/50000]
loss: 0.074880  [19200/50000]
loss: 0.023548  [25600/50000]
loss: 0.053576  [32000/50000]
loss: 0.060990  [38400/50000]
loss: 0.066861  [44800/50000]
Test Error: 
 Accuracy: 85.5%, Avg loss: 0.589422 

Epoch 13
-------------------------------
loss: 0.039359  [    0/50000]
loss: 0.025169  [ 6400/50000]
loss: 0.036510  [12800/50000]
loss: 0.038684  [19200/50000]
loss: 0.026308  [25600/50000]
loss: 0.045606  [32000/50000]
loss: 0.074340  [38400/50000]
loss: 0.164324  [44800/50000]
Test Error: 
 Accuracy: 85.4%, Avg loss: 0.578767 

Epoch 14
-------------------------------
loss: 0.076216  [    0/50000]
loss: 0.012930  [ 6400/50000]
loss: 0.078135  [12800/50000]
loss: 0.124204  [19200/50000]
loss: 0.086548  [25600/50000]
loss: 0.059623  [32000/50000]
loss: 0.076188  [38400/50000]
loss: 0.110689  [44800/50000]
Test Error: 
 Accuracy: 85.3%, Avg loss: 0.596334 

Epoch 15
-------------------------------
loss: 0.131232  [    0/50000]
loss: 0.009320  [ 6400/50000]
loss: 0.085968  [12800/50000]
loss: 0.064213  [19200/50000]
loss: 0.041662  [25600/50000]
loss: 0.087815  [32000/50000]
loss: 0.023642  [38400/50000]
loss: 0.210389  [44800/50000]
Test Error: 
 Accuracy: 86.2%, Avg loss: 0.571445 

Epoch 16
-------------------------------
loss: 0.058038  [    0/50000]
loss: 0.019828  [ 6400/50000]
loss: 0.126014  [12800/50000]
loss: 0.009700  [19200/50000]
loss: 0.019987  [25600/50000]
loss: 0.154424  [32000/50000]
loss: 0.036542  [38400/50000]
loss: 0.025489  [44800/50000]
Test Error: 
 Accuracy: 83.1%, Avg loss: 0.765232 

Epoch 17
-------------------------------
loss: 0.068882  [    0/50000]
loss: 0.004954  [ 6400/50000]
loss: 0.037155  [12800/50000]
loss: 0.062605  [19200/50000]
loss: 0.003387  [25600/50000]
loss: 0.041069  [32000/50000]
loss: 0.032743  [38400/50000]
loss: 0.068808  [44800/50000]
Test Error: 
 Accuracy: 86.2%, Avg loss: 0.604724 

Epoch 18
-------------------------------
loss: 0.034144  [    0/50000]
loss: 0.014942  [ 6400/50000]
loss: 0.047299  [12800/50000]
loss: 0.019248  [19200/50000]
loss: 0.071972  [25600/50000]
loss: 0.008285  [32000/50000]
loss: 0.092211  [38400/50000]
loss: 0.026829  [44800/50000]
Test Error: 
 Accuracy: 86.6%, Avg loss: 0.594230 

Epoch 19
-------------------------------
loss: 0.011178  [    0/50000]
loss: 0.005635  [ 6400/50000]
loss: 0.011960  [12800/50000]
loss: 0.005258  [19200/50000]
loss: 0.009963  [25600/50000]
loss: 0.023355  [32000/50000]
loss: 0.017182  [38400/50000]
loss: 0.077323  [44800/50000]
Test Error: 
 Accuracy: 86.2%, Avg loss: 0.635933 

Epoch 20
-------------------------------
loss: 0.028039  [    0/50000]
loss: 0.048158  [ 6400/50000]
loss: 0.035980  [12800/50000]
loss: 0.014440  [19200/50000]
loss: 0.006614  [25600/50000]
loss: 0.002682  [32000/50000]
loss: 0.013719  [38400/50000]
loss: 0.002764  [44800/50000]
Test Error: 
 Accuracy: 85.9%, Avg loss: 0.694382 

Epoch 21
-------------------------------
loss: 0.024275  [    0/50000]
loss: 0.019996  [ 6400/50000]
loss: 0.023679  [12800/50000]
loss: 0.082306  [19200/50000]
loss: 0.055025  [25600/50000]
loss: 0.110196  [32000/50000]
loss: 0.054242  [38400/50000]
loss: 0.023021  [44800/50000]
Test Error: 
 Accuracy: 86.3%, Avg loss: 0.624479 

Epoch 22
-------------------------------
loss: 0.008258  [    0/50000]
loss: 0.018188  [ 6400/50000]
loss: 0.013481  [12800/50000]
loss: 0.040720  [19200/50000]
loss: 0.033394  [25600/50000]
loss: 0.042694  [32000/50000]
loss: 0.010548  [38400/50000]
loss: 0.018210  [44800/50000]
Test Error: 
 Accuracy: 87.1%, Avg loss: 0.632334 

Epoch 23
-------------------------------
loss: 0.001425  [    0/50000]
loss: 0.013277  [ 6400/50000]
loss: 0.013020  [12800/50000]
loss: 0.090778  [19200/50000]
loss: 0.003773  [25600/50000]
loss: 0.054978  [32000/50000]
loss: 0.007263  [38400/50000]
loss: 0.023935  [44800/50000]
Test Error: 
 Accuracy: 87.2%, Avg loss: 0.603572 

Epoch 24
-------------------------------
loss: 0.044387  [    0/50000]
loss: 0.042959  [ 6400/50000]
loss: 0.023052  [12800/50000]
loss: 0.002698  [19200/50000]
loss: 0.012793  [25600/50000]
loss: 0.040002  [32000/50000]
loss: 0.079139  [38400/50000]
loss: 0.047406  [44800/50000]
Test Error: 
 Accuracy: 87.7%, Avg loss: 0.635222 

Epoch 25
-------------------------------
loss: 0.007171  [    0/50000]
loss: 0.028358  [ 6400/50000]
loss: 0.073935  [12800/50000]
loss: 0.034043  [19200/50000]
loss: 0.011394  [25600/50000]
loss: 0.110462  [32000/50000]
loss: 0.007158  [38400/50000]
loss: 0.006849  [44800/50000]
Test Error: 
 Accuracy: 86.7%, Avg loss: 0.680506 

Epoch 26
-------------------------------
loss: 0.000210  [    0/50000]
loss: 0.056547  [ 6400/50000]
loss: 0.004620  [12800/50000]
loss: 0.006241  [19200/50000]
loss: 0.004493  [25600/50000]
loss: 0.058218  [32000/50000]
loss: 0.004993  [38400/50000]
loss: 0.008479  [44800/50000]
Test Error: 
 Accuracy: 86.4%, Avg loss: 0.701014 

Epoch 27
-------------------------------
loss: 0.047631  [    0/50000]
loss: 0.013596  [ 6400/50000]
loss: 0.001862  [12800/50000]
loss: 0.003369  [19200/50000]
loss: 0.018043  [25600/50000]
loss: 0.004978  [32000/50000]
loss: 0.001434  [38400/50000]
loss: 0.019851  [44800/50000]
Test Error: 
 Accuracy: 86.5%, Avg loss: 0.695663 

Epoch 28
-------------------------------
loss: 0.023166  [    0/50000]
loss: 0.007184  [ 6400/50000]
loss: 0.063474  [12800/50000]
loss: 0.002506  [19200/50000]
loss: 0.009895  [25600/50000]
loss: 0.000653  [32000/50000]
loss: 0.018261  [38400/50000]
loss: 0.006862  [44800/50000]
Test Error: 
 Accuracy: 87.4%, Avg loss: 0.637180 

Epoch 29
-------------------------------
loss: 0.003989  [    0/50000]
loss: 0.067003  [ 6400/50000]
loss: 0.020060  [12800/50000]
loss: 0.046591  [19200/50000]
loss: 0.006833  [25600/50000]
loss: 0.009409  [32000/50000]
loss: 0.000814  [38400/50000]
loss: 0.024668  [44800/50000]
Test Error: 
 Accuracy: 87.6%, Avg loss: 0.651725 

Epoch 30
-------------------------------
loss: 0.007974  [    0/50000]
loss: 0.006551  [ 6400/50000]
loss: 0.046421  [12800/50000]
loss: 0.014371  [19200/50000]
loss: 0.005293  [25600/50000]
loss: 0.002291  [32000/50000]
loss: 0.006967  [38400/50000]
loss: 0.005243  [44800/50000]
Test Error: 
 Accuracy: 87.0%, Avg loss: 0.719329 

Done!
