command config
N= 6
B= [2, 3, 3, 2, 2, 3]
C1= 8
F= [3, 3, 3, 3, 5, 3]
K= [1, 1, 1, 1, 3, 1]
P= 1
number of parameters 4990546
Epoch 1
-------------------------------
loss: 2.735938  [    0/50000]
loss: 1.760288  [ 6400/50000]
loss: 1.799347  [12800/50000]
loss: 1.771263  [19200/50000]
loss: 1.395338  [25600/50000]
loss: 1.575575  [32000/50000]
loss: 1.368923  [38400/50000]
loss: 1.547605  [44800/50000]
Test Error: 
 Accuracy: 45.0%, Avg loss: 1.607914 

Epoch 2
-------------------------------
loss: 1.153010  [    0/50000]
loss: 1.196813  [ 6400/50000]
loss: 1.318890  [12800/50000]
loss: 1.319802  [19200/50000]
loss: 1.436402  [25600/50000]
loss: 1.163984  [32000/50000]
loss: 1.222675  [38400/50000]
loss: 1.339661  [44800/50000]
Test Error: 
 Accuracy: 61.8%, Avg loss: 1.065660 

Epoch 3
-------------------------------
loss: 0.604576  [    0/50000]
loss: 0.928887  [ 6400/50000]
loss: 0.838213  [12800/50000]
loss: 1.087524  [19200/50000]
loss: 0.999597  [25600/50000]
loss: 1.019710  [32000/50000]
loss: 0.995866  [38400/50000]
loss: 0.812612  [44800/50000]
Test Error: 
 Accuracy: 65.0%, Avg loss: 1.009966 

Epoch 4
-------------------------------
loss: 1.040268  [    0/50000]
loss: 0.896115  [ 6400/50000]
loss: 0.896180  [12800/50000]
loss: 0.714391  [19200/50000]
loss: 1.103146  [25600/50000]
loss: 1.037414  [32000/50000]
loss: 0.712216  [38400/50000]
loss: 0.574740  [44800/50000]
Test Error: 
 Accuracy: 69.0%, Avg loss: 0.906254 

Epoch 5
-------------------------------
loss: 0.814211  [    0/50000]
loss: 0.737915  [ 6400/50000]
loss: 0.786591  [12800/50000]
loss: 0.932592  [19200/50000]
loss: 0.880721  [25600/50000]
loss: 0.842880  [32000/50000]
loss: 0.977503  [38400/50000]
loss: 0.857740  [44800/50000]
Test Error: 
 Accuracy: 71.0%, Avg loss: 0.831917 

Epoch 6
-------------------------------
loss: 0.718841  [    0/50000]
loss: 0.695425  [ 6400/50000]
loss: 0.481433  [12800/50000]
loss: 0.693724  [19200/50000]
loss: 0.415537  [25600/50000]
loss: 0.547514  [32000/50000]
loss: 0.613084  [38400/50000]
loss: 0.842877  [44800/50000]
Test Error: 
 Accuracy: 73.8%, Avg loss: 0.754911 

Epoch 7
-------------------------------
loss: 0.584957  [    0/50000]
loss: 0.419346  [ 6400/50000]
loss: 0.339579  [12800/50000]
loss: 0.730960  [19200/50000]
loss: 0.728211  [25600/50000]
loss: 0.545993  [32000/50000]
loss: 0.349876  [38400/50000]
loss: 0.491651  [44800/50000]
Test Error: 
 Accuracy: 75.0%, Avg loss: 0.747903 

Epoch 8
-------------------------------
loss: 0.465540  [    0/50000]
loss: 0.509305  [ 6400/50000]
loss: 0.652813  [12800/50000]
loss: 0.430020  [19200/50000]
loss: 0.580575  [25600/50000]
loss: 0.614427  [32000/50000]
loss: 0.482884  [38400/50000]
loss: 0.462228  [44800/50000]
Test Error: 
 Accuracy: 75.1%, Avg loss: 0.756347 

Epoch 9
-------------------------------
loss: 0.316777  [    0/50000]
loss: 0.507597  [ 6400/50000]
loss: 0.253583  [12800/50000]
loss: 0.573251  [19200/50000]
loss: 0.493459  [25600/50000]
loss: 0.331611  [32000/50000]
loss: 0.317487  [38400/50000]
loss: 0.413532  [44800/50000]
Test Error: 
 Accuracy: 75.8%, Avg loss: 0.754442 

Epoch 10
-------------------------------
loss: 0.184352  [    0/50000]
loss: 0.325258  [ 6400/50000]
loss: 0.268366  [12800/50000]
loss: 0.430557  [19200/50000]
loss: 0.292259  [25600/50000]
loss: 0.670471  [32000/50000]
loss: 0.220077  [38400/50000]
loss: 0.354403  [44800/50000]
Test Error: 
 Accuracy: 74.1%, Avg loss: 0.842448 

Epoch 11
-------------------------------
loss: 0.195658  [    0/50000]
loss: 0.423388  [ 6400/50000]
loss: 0.278599  [12800/50000]
loss: 0.315752  [19200/50000]
loss: 0.266708  [25600/50000]
loss: 0.506818  [32000/50000]
loss: 0.159378  [38400/50000]
loss: 0.331802  [44800/50000]
Test Error: 
 Accuracy: 75.3%, Avg loss: 0.841398 

Epoch 12
-------------------------------
loss: 0.246116  [    0/50000]
loss: 0.269783  [ 6400/50000]
loss: 0.135299  [12800/50000]
loss: 0.230181  [19200/50000]
loss: 0.234937  [25600/50000]
loss: 0.262685  [32000/50000]
loss: 0.363763  [38400/50000]
loss: 0.315782  [44800/50000]
Test Error: 
 Accuracy: 75.2%, Avg loss: 0.851780 

Epoch 13
-------------------------------
loss: 0.149207  [    0/50000]
loss: 0.169248  [ 6400/50000]
loss: 0.182540  [12800/50000]
loss: 0.149968  [19200/50000]
loss: 0.182547  [25600/50000]
loss: 0.177230  [32000/50000]
loss: 0.313426  [38400/50000]
loss: 0.208282  [44800/50000]
Test Error: 
 Accuracy: 75.3%, Avg loss: 0.899998 

Epoch 14
-------------------------------
loss: 0.263208  [    0/50000]
loss: 0.163704  [ 6400/50000]
loss: 0.334927  [12800/50000]
loss: 0.107148  [19200/50000]
loss: 0.094740  [25600/50000]
loss: 0.213668  [32000/50000]
loss: 0.297973  [38400/50000]
loss: 0.293193  [44800/50000]
Test Error: 
 Accuracy: 76.0%, Avg loss: 0.939319 

Epoch 15
-------------------------------
loss: 0.347201  [    0/50000]
loss: 0.266777  [ 6400/50000]
loss: 0.294037  [12800/50000]
loss: 0.089601  [19200/50000]
loss: 0.204593  [25600/50000]
loss: 0.114287  [32000/50000]
loss: 0.180194  [38400/50000]
loss: 0.352563  [44800/50000]
Test Error: 
 Accuracy: 76.4%, Avg loss: 0.952197 

Epoch 16
-------------------------------
loss: 0.103967  [    0/50000]
loss: 0.178407  [ 6400/50000]
loss: 0.074273  [12800/50000]
loss: 0.204412  [19200/50000]
loss: 0.295302  [25600/50000]
loss: 0.071150  [32000/50000]
loss: 0.183116  [38400/50000]
loss: 0.083304  [44800/50000]
Test Error: 
 Accuracy: 75.9%, Avg loss: 0.998270 

Epoch 17
-------------------------------
loss: 0.147140  [    0/50000]
loss: 0.186029  [ 6400/50000]
loss: 0.089215  [12800/50000]
loss: 0.089520  [19200/50000]
loss: 0.196453  [25600/50000]
loss: 0.268486  [32000/50000]
loss: 0.147059  [38400/50000]
loss: 0.091621  [44800/50000]
Test Error: 
 Accuracy: 75.6%, Avg loss: 1.070095 

Epoch 18
-------------------------------
loss: 0.095787  [    0/50000]
loss: 0.075286  [ 6400/50000]
loss: 0.146066  [12800/50000]
loss: 0.037814  [19200/50000]
loss: 0.141315  [25600/50000]
loss: 0.110901  [32000/50000]
loss: 0.124325  [38400/50000]
loss: 0.174629  [44800/50000]
Test Error: 
 Accuracy: 75.0%, Avg loss: 1.041063 

Epoch 19
-------------------------------
loss: 0.055371  [    0/50000]
loss: 0.154513  [ 6400/50000]
loss: 0.097379  [12800/50000]
loss: 0.087010  [19200/50000]
loss: 0.142883  [25600/50000]
loss: 0.053291  [32000/50000]
loss: 0.236315  [38400/50000]
loss: 0.157739  [44800/50000]
Test Error: 
 Accuracy: 72.3%, Avg loss: 1.371836 

Epoch 20
-------------------------------
loss: 0.075797  [    0/50000]
loss: 0.049866  [ 6400/50000]
loss: 0.092955  [12800/50000]
loss: 0.097953  [19200/50000]
loss: 0.172317  [25600/50000]
loss: 0.157253  [32000/50000]
loss: 0.067058  [38400/50000]
loss: 0.141785  [44800/50000]
Test Error: 
 Accuracy: 75.0%, Avg loss: 1.186883 

Epoch 21
-------------------------------
loss: 0.105199  [    0/50000]
loss: 0.065552  [ 6400/50000]
loss: 0.036122  [12800/50000]
loss: 0.093763  [19200/50000]
loss: 0.048009  [25600/50000]
loss: 0.050170  [32000/50000]
loss: 0.112005  [38400/50000]
loss: 0.109996  [44800/50000]
Test Error: 
 Accuracy: 75.6%, Avg loss: 1.171960 

Epoch 22
-------------------------------
loss: 0.072082  [    0/50000]
loss: 0.037699  [ 6400/50000]
loss: 0.076744  [12800/50000]
loss: 0.132680  [19200/50000]
loss: 0.046886  [25600/50000]
loss: 0.163260  [32000/50000]
loss: 0.083336  [38400/50000]
loss: 0.153649  [44800/50000]
Test Error: 
 Accuracy: 75.3%, Avg loss: 1.199806 

Epoch 23
-------------------------------
loss: 0.108081  [    0/50000]
loss: 0.111531  [ 6400/50000]
loss: 0.101361  [12800/50000]
loss: 0.167904  [19200/50000]
loss: 0.132728  [25600/50000]
loss: 0.050547  [32000/50000]
loss: 0.160736  [38400/50000]
loss: 0.142110  [44800/50000]
Test Error: 
 Accuracy: 75.2%, Avg loss: 1.234182 

Epoch 24
-------------------------------
loss: 0.072046  [    0/50000]
loss: 0.128567  [ 6400/50000]
loss: 0.201887  [12800/50000]
loss: 0.037984  [19200/50000]
loss: 0.049062  [25600/50000]
loss: 0.095116  [32000/50000]
loss: 0.101543  [38400/50000]
loss: 0.050100  [44800/50000]
Test Error: 
 Accuracy: 76.2%, Avg loss: 1.246258 

Epoch 25
-------------------------------
loss: 0.224433  [    0/50000]
loss: 0.058259  [ 6400/50000]
loss: 0.091872  [12800/50000]
loss: 0.036329  [19200/50000]
loss: 0.086309  [25600/50000]
loss: 0.046110  [32000/50000]
loss: 0.041154  [38400/50000]
loss: 0.100229  [44800/50000]
Test Error: 
 Accuracy: 74.0%, Avg loss: 1.326153 

Epoch 26
-------------------------------
loss: 0.060457  [    0/50000]
loss: 0.313902  [ 6400/50000]
loss: 0.024226  [12800/50000]
loss: 0.211748  [19200/50000]
loss: 0.015726  [25600/50000]
loss: 0.036030  [32000/50000]
loss: 0.099888  [38400/50000]
loss: 0.262734  [44800/50000]
Test Error: 
 Accuracy: 75.4%, Avg loss: 1.275609 

Epoch 27
-------------------------------
loss: 0.066117  [    0/50000]
loss: 0.032309  [ 6400/50000]
loss: 0.026020  [12800/50000]
loss: 0.014566  [19200/50000]
loss: 0.129957  [25600/50000]
loss: 0.059822  [32000/50000]
loss: 0.113671  [38400/50000]
loss: 0.055217  [44800/50000]
Test Error: 
 Accuracy: 74.4%, Avg loss: 1.303180 

Epoch 28
-------------------------------
loss: 0.123520  [    0/50000]
loss: 0.043087  [ 6400/50000]
loss: 0.088957  [12800/50000]
loss: 0.067626  [19200/50000]
loss: 0.119409  [25600/50000]
loss: 0.049368  [32000/50000]
loss: 0.062914  [38400/50000]
loss: 0.069553  [44800/50000]
Test Error: 
 Accuracy: 76.2%, Avg loss: 1.234914 

Epoch 29
-------------------------------
loss: 0.089529  [    0/50000]
loss: 0.020877  [ 6400/50000]
loss: 0.008402  [12800/50000]
loss: 0.021809  [19200/50000]
loss: 0.076718  [25600/50000]
loss: 0.092690  [32000/50000]
loss: 0.084519  [38400/50000]
loss: 0.146369  [44800/50000]
Test Error: 
 Accuracy: 75.5%, Avg loss: 1.266335 

Epoch 30
-------------------------------
loss: 0.059482  [    0/50000]
loss: 0.090695  [ 6400/50000]
loss: 0.058787  [12800/50000]
loss: 0.008645  [19200/50000]
loss: 0.040470  [25600/50000]
loss: 0.065730  [32000/50000]
loss: 0.151800  [38400/50000]
loss: 0.193586  [44800/50000]
Test Error: 
 Accuracy: 76.1%, Avg loss: 1.239081 

Epoch 31
-------------------------------
loss: 0.131214  [    0/50000]
loss: 0.103765  [ 6400/50000]
loss: 0.081448  [12800/50000]
loss: 0.051681  [19200/50000]
loss: 0.078635  [25600/50000]
loss: 0.023689  [32000/50000]
loss: 0.103752  [38400/50000]
loss: 0.293680  [44800/50000]
Test Error: 
 Accuracy: 76.1%, Avg loss: 1.289836 

Epoch 32
-------------------------------
loss: 0.033788  [    0/50000]
loss: 0.057833  [ 6400/50000]
loss: 0.022310  [12800/50000]
loss: 0.025712  [19200/50000]
loss: 0.009808  [25600/50000]
loss: 0.078749  [32000/50000]
loss: 0.045993  [38400/50000]
loss: 0.240896  [44800/50000]
Test Error: 
 Accuracy: 76.1%, Avg loss: 1.296007 

Epoch 33
-------------------------------
loss: 0.070550  [    0/50000]
loss: 0.037977  [ 6400/50000]
loss: 0.004637  [12800/50000]
loss: 0.137040  [19200/50000]
loss: 0.103336  [25600/50000]
loss: 0.032669  [32000/50000]
loss: 0.057033  [38400/50000]
loss: 0.096354  [44800/50000]
Test Error: 
 Accuracy: 75.6%, Avg loss: 1.333177 

Epoch 34
-------------------------------
loss: 0.123347  [    0/50000]
loss: 0.063001  [ 6400/50000]
loss: 0.011052  [12800/50000]
loss: 0.034896  [19200/50000]
loss: 0.086202  [25600/50000]
loss: 0.103295  [32000/50000]
loss: 0.092486  [38400/50000]
loss: 0.063130  [44800/50000]
Test Error: 
 Accuracy: 73.5%, Avg loss: 1.412299 

Epoch 35
-------------------------------
loss: 0.125893  [    0/50000]
loss: 0.062938  [ 6400/50000]
loss: 0.047557  [12800/50000]
loss: 0.132918  [19200/50000]
loss: 0.077798  [25600/50000]
loss: 0.074839  [32000/50000]
loss: 0.020434  [38400/50000]
loss: 0.025522  [44800/50000]
Test Error: 
 Accuracy: 76.2%, Avg loss: 1.321034 

Epoch 36
-------------------------------
loss: 0.064026  [    0/50000]
loss: 0.033946  [ 6400/50000]
loss: 0.018421  [12800/50000]
loss: 0.023767  [19200/50000]
loss: 0.031656  [25600/50000]
loss: 0.032125  [32000/50000]
loss: 0.072240  [38400/50000]
loss: 0.017869  [44800/50000]
Test Error: 
 Accuracy: 75.6%, Avg loss: 1.377566 

Epoch 37
-------------------------------
loss: 0.068969  [    0/50000]
loss: 0.005202  [ 6400/50000]
loss: 0.056151  [12800/50000]
loss: 0.060965  [19200/50000]
loss: 0.013473  [25600/50000]
loss: 0.031531  [32000/50000]
loss: 0.015769  [38400/50000]
loss: 0.036016  [44800/50000]
Test Error: 
 Accuracy: 76.5%, Avg loss: 1.326697 

Epoch 38
-------------------------------
loss: 0.025011  [    0/50000]
loss: 0.022198  [ 6400/50000]
loss: 0.017342  [12800/50000]
loss: 0.042556  [19200/50000]
loss: 0.018238  [25600/50000]
loss: 0.030097  [32000/50000]
loss: 0.029146  [38400/50000]
loss: 0.106163  [44800/50000]
Test Error: 
 Accuracy: 75.3%, Avg loss: 1.416336 

Epoch 39
-------------------------------
loss: 0.121627  [    0/50000]
loss: 0.031671  [ 6400/50000]
loss: 0.008971  [12800/50000]
loss: 0.011941  [19200/50000]
loss: 0.020537  [25600/50000]
loss: 0.006608  [32000/50000]
loss: 0.141383  [38400/50000]
loss: 0.049970  [44800/50000]
Test Error: 
 Accuracy: 75.6%, Avg loss: 1.356456 

Epoch 40
-------------------------------
loss: 0.058122  [    0/50000]
loss: 0.100204  [ 6400/50000]
loss: 0.045745  [12800/50000]
loss: 0.008815  [19200/50000]
loss: 0.178096  [25600/50000]
loss: 0.019568  [32000/50000]
loss: 0.030311  [38400/50000]
loss: 0.049442  [44800/50000]
Test Error: 
 Accuracy: 76.3%, Avg loss: 1.339104 

Epoch 41
-------------------------------
loss: 0.031194  [    0/50000]
loss: 0.029835  [ 6400/50000]
loss: 0.049979  [12800/50000]
loss: 0.022293  [19200/50000]
loss: 0.038253  [25600/50000]
loss: 0.016598  [32000/50000]
loss: 0.068365  [38400/50000]
loss: 0.088514  [44800/50000]
Test Error: 
 Accuracy: 76.7%, Avg loss: 1.378361 

Epoch 42
-------------------------------
loss: 0.021476  [    0/50000]
loss: 0.009954  [ 6400/50000]
loss: 0.034382  [12800/50000]
loss: 0.032822  [19200/50000]
loss: 0.050571  [25600/50000]
loss: 0.014541  [32000/50000]
loss: 0.017648  [38400/50000]
loss: 0.049994  [44800/50000]
Test Error: 
 Accuracy: 75.6%, Avg loss: 1.477354 

Epoch 43
-------------------------------
loss: 0.107634  [    0/50000]
loss: 0.183845  [ 6400/50000]
loss: 0.125355  [12800/50000]
loss: 0.074219  [19200/50000]
loss: 0.030612  [25600/50000]
loss: 0.035449  [32000/50000]
loss: 0.133927  [38400/50000]
loss: 0.028536  [44800/50000]
Test Error: 
 Accuracy: 76.6%, Avg loss: 1.276573 

Epoch 44
-------------------------------
loss: 0.001770  [    0/50000]
loss: 0.026849  [ 6400/50000]
loss: 0.016076  [12800/50000]
loss: 0.022863  [19200/50000]
loss: 0.004017  [25600/50000]
loss: 0.021413  [32000/50000]
loss: 0.029656  [38400/50000]
loss: 0.003398  [44800/50000]
Test Error: 
 Accuracy: 76.8%, Avg loss: 1.369073 

Epoch 45
-------------------------------
loss: 0.072695  [    0/50000]
loss: 0.020404  [ 6400/50000]
loss: 0.003550  [12800/50000]
loss: 0.191583  [19200/50000]
loss: 0.041374  [25600/50000]
loss: 0.036599  [32000/50000]
loss: 0.007558  [38400/50000]
loss: 0.007085  [44800/50000]
Test Error: 
 Accuracy: 76.6%, Avg loss: 1.485790 

Epoch 46
-------------------------------
loss: 0.003896  [    0/50000]
loss: 0.069399  [ 6400/50000]
loss: 0.070491  [12800/50000]
loss: 0.057215  [19200/50000]
loss: 0.102177  [25600/50000]
loss: 0.017447  [32000/50000]
loss: 0.018780  [38400/50000]
loss: 0.066524  [44800/50000]
Test Error: 
 Accuracy: 76.1%, Avg loss: 1.443281 

Epoch 47
-------------------------------
loss: 0.022739  [    0/50000]
loss: 0.038334  [ 6400/50000]
loss: 0.023121  [12800/50000]
loss: 0.015739  [19200/50000]
loss: 0.029196  [25600/50000]
loss: 0.081291  [32000/50000]
loss: 0.105741  [38400/50000]
loss: 0.012661  [44800/50000]
Test Error: 
 Accuracy: 76.4%, Avg loss: 1.435431 

Epoch 48
-------------------------------
loss: 0.004891  [    0/50000]
loss: 0.021533  [ 6400/50000]
loss: 0.053285  [12800/50000]
loss: 0.014618  [19200/50000]
loss: 0.004631  [25600/50000]
loss: 0.093127  [32000/50000]
loss: 0.025966  [38400/50000]
loss: 0.106117  [44800/50000]
Test Error: 
 Accuracy: 75.8%, Avg loss: 1.529093 

Epoch 49
-------------------------------
loss: 0.007938  [    0/50000]
loss: 0.142011  [ 6400/50000]
loss: 0.069887  [12800/50000]
loss: 0.092689  [19200/50000]
loss: 0.067973  [25600/50000]
loss: 0.077379  [32000/50000]
loss: 0.060837  [38400/50000]
loss: 0.081334  [44800/50000]
Test Error: 
 Accuracy: 76.8%, Avg loss: 1.278251 

Epoch 50
-------------------------------
loss: 0.007931  [    0/50000]
loss: 0.019038  [ 6400/50000]
loss: 0.009873  [12800/50000]
loss: 0.004093  [19200/50000]
loss: 0.028612  [25600/50000]
loss: 0.037652  [32000/50000]
loss: 0.231674  [38400/50000]
loss: 0.033377  [44800/50000]
Test Error: 
 Accuracy: 76.8%, Avg loss: 1.414008 

Done!
