command config
N= 5
B= [2 2 2 2 2]
C1= 16
F= [3 3 3 3 3]
K= [1, 1, 1, 1, 1]
P= 2
number of parameters 2802458
Epoch 1
-------------------------------
loss: 2.378323  [    0/50000]
loss: 1.786149  [ 6400/50000]
loss: 1.556609  [12800/50000]
loss: 1.531480  [19200/50000]
loss: 1.269136  [25600/50000]
loss: 1.070261  [32000/50000]
loss: 1.379516  [38400/50000]
loss: 0.901381  [44800/50000]
Test Error: 
 Accuracy: 65.0%, Avg loss: 0.989419 

Epoch 2
-------------------------------
loss: 0.890406  [    0/50000]
loss: 0.718152  [ 6400/50000]
loss: 0.939881  [12800/50000]
loss: 0.643276  [19200/50000]
loss: 0.757213  [25600/50000]
loss: 0.799695  [32000/50000]
loss: 0.796805  [38400/50000]
loss: 0.787426  [44800/50000]
Test Error: 
 Accuracy: 71.1%, Avg loss: 0.845965 

Epoch 3
-------------------------------
loss: 0.553808  [    0/50000]
loss: 0.974685  [ 6400/50000]
loss: 0.663991  [12800/50000]
loss: 0.623345  [19200/50000]
loss: 0.400191  [25600/50000]
loss: 1.034584  [32000/50000]
loss: 0.631966  [38400/50000]
loss: 0.748979  [44800/50000]
Test Error: 
 Accuracy: 74.5%, Avg loss: 0.740857 

Epoch 4
-------------------------------
loss: 0.442389  [    0/50000]
loss: 0.487050  [ 6400/50000]
loss: 0.251088  [12800/50000]
loss: 0.533011  [19200/50000]
loss: 0.662782  [25600/50000]
loss: 0.749350  [32000/50000]
loss: 0.440896  [38400/50000]
loss: 0.456228  [44800/50000]
Test Error: 
 Accuracy: 77.5%, Avg loss: 0.655935 

Epoch 5
-------------------------------
loss: 0.459850  [    0/50000]
loss: 0.296561  [ 6400/50000]
loss: 0.318425  [12800/50000]
loss: 0.440397  [19200/50000]
loss: 0.448902  [25600/50000]
loss: 0.299082  [32000/50000]
loss: 0.726411  [38400/50000]
loss: 0.366235  [44800/50000]
Test Error: 
 Accuracy: 78.4%, Avg loss: 0.643933 

Epoch 6
-------------------------------
loss: 0.373254  [    0/50000]
loss: 0.495169  [ 6400/50000]
loss: 0.286402  [12800/50000]
loss: 0.206878  [19200/50000]
loss: 0.407414  [25600/50000]
loss: 0.529197  [32000/50000]
loss: 0.583165  [38400/50000]
loss: 0.423545  [44800/50000]
Test Error: 
 Accuracy: 77.4%, Avg loss: 0.725424 

Epoch 7
-------------------------------
loss: 0.199037  [    0/50000]
loss: 0.111199  [ 6400/50000]
loss: 0.195565  [12800/50000]
loss: 0.256253  [19200/50000]
loss: 0.320076  [25600/50000]
loss: 0.210719  [32000/50000]
loss: 0.241533  [38400/50000]
loss: 0.363643  [44800/50000]
Test Error: 
 Accuracy: 76.5%, Avg loss: 0.808130 

Epoch 8
-------------------------------
loss: 0.225268  [    0/50000]
loss: 0.064389  [ 6400/50000]
loss: 0.247100  [12800/50000]
loss: 0.146107  [19200/50000]
loss: 0.279810  [25600/50000]
loss: 0.238038  [32000/50000]
loss: 0.194915  [38400/50000]
loss: 0.112955  [44800/50000]
Test Error: 
 Accuracy: 77.6%, Avg loss: 0.805455 

Epoch 9
-------------------------------
loss: 0.099666  [    0/50000]
loss: 0.168011  [ 6400/50000]
loss: 0.244406  [12800/50000]
loss: 0.114055  [19200/50000]
loss: 0.280541  [25600/50000]
loss: 0.089787  [32000/50000]
loss: 0.102030  [38400/50000]
loss: 0.399134  [44800/50000]
Test Error: 
 Accuracy: 77.8%, Avg loss: 0.854019 

Epoch 10
-------------------------------
loss: 0.170611  [    0/50000]
loss: 0.155618  [ 6400/50000]
loss: 0.038707  [12800/50000]
loss: 0.104314  [19200/50000]
loss: 0.182504  [25600/50000]
loss: 0.134432  [32000/50000]
loss: 0.275038  [38400/50000]
loss: 0.219936  [44800/50000]
Test Error: 
 Accuracy: 79.0%, Avg loss: 0.845263 

Epoch 11
-------------------------------
loss: 0.131150  [    0/50000]
loss: 0.046489  [ 6400/50000]
loss: 0.142462  [12800/50000]
loss: 0.057098  [19200/50000]
loss: 0.062193  [25600/50000]
loss: 0.130374  [32000/50000]
loss: 0.068800  [38400/50000]
loss: 0.223143  [44800/50000]
Test Error: 
 Accuracy: 79.2%, Avg loss: 0.877940 

Epoch 12
-------------------------------
loss: 0.132348  [    0/50000]
loss: 0.078731  [ 6400/50000]
loss: 0.048939  [12800/50000]
loss: 0.060568  [19200/50000]
loss: 0.078012  [25600/50000]
loss: 0.098268  [32000/50000]
loss: 0.102701  [38400/50000]
loss: 0.104390  [44800/50000]
Test Error: 
 Accuracy: 79.0%, Avg loss: 0.928263 

Epoch 13
-------------------------------
loss: 0.009650  [    0/50000]
loss: 0.049274  [ 6400/50000]
loss: 0.012249  [12800/50000]
loss: 0.114431  [19200/50000]
loss: 0.069583  [25600/50000]
loss: 0.091001  [32000/50000]
loss: 0.175807  [38400/50000]
loss: 0.017438  [44800/50000]
Test Error: 
 Accuracy: 79.0%, Avg loss: 0.982021 

Epoch 14
-------------------------------
loss: 0.193109  [    0/50000]
loss: 0.053600  [ 6400/50000]
loss: 0.020386  [12800/50000]
loss: 0.164668  [19200/50000]
loss: 0.082149  [25600/50000]
loss: 0.022370  [32000/50000]
loss: 0.009206  [38400/50000]
loss: 0.015992  [44800/50000]
Test Error: 
 Accuracy: 79.0%, Avg loss: 1.003067 

Epoch 15
-------------------------------
loss: 0.059476  [    0/50000]
loss: 0.050581  [ 6400/50000]
loss: 0.037196  [12800/50000]
loss: 0.027034  [19200/50000]
loss: 0.166293  [25600/50000]
loss: 0.063913  [32000/50000]
loss: 0.064307  [38400/50000]
loss: 0.052452  [44800/50000]
Test Error: 
 Accuracy: 78.6%, Avg loss: 0.987634 

Epoch 16
-------------------------------
loss: 0.083231  [    0/50000]
loss: 0.073079  [ 6400/50000]
loss: 0.050005  [12800/50000]
loss: 0.116771  [19200/50000]
loss: 0.099001  [25600/50000]
loss: 0.050747  [32000/50000]
loss: 0.147075  [38400/50000]
loss: 0.110293  [44800/50000]
Test Error: 
 Accuracy: 79.8%, Avg loss: 0.999136 

Epoch 17
-------------------------------
loss: 0.008757  [    0/50000]
loss: 0.003633  [ 6400/50000]
loss: 0.161614  [12800/50000]
loss: 0.218935  [19200/50000]
loss: 0.087493  [25600/50000]
loss: 0.035566  [32000/50000]
loss: 0.054168  [38400/50000]
loss: 0.021545  [44800/50000]
Test Error: 
 Accuracy: 79.1%, Avg loss: 1.092463 

Epoch 18
-------------------------------
loss: 0.209837  [    0/50000]
loss: 0.004961  [ 6400/50000]
loss: 0.056585  [12800/50000]
loss: 0.003440  [19200/50000]
loss: 0.101018  [25600/50000]
loss: 0.010672  [32000/50000]
loss: 0.017155  [38400/50000]
loss: 0.067516  [44800/50000]
Test Error: 
 Accuracy: 77.6%, Avg loss: 1.160306 

Epoch 19
-------------------------------
loss: 0.060849  [    0/50000]
loss: 0.054768  [ 6400/50000]
loss: 0.130992  [12800/50000]
loss: 0.012043  [19200/50000]
loss: 0.038752  [25600/50000]
loss: 0.092220  [32000/50000]
loss: 0.072054  [38400/50000]
loss: 0.031224  [44800/50000]
Test Error: 
 Accuracy: 79.6%, Avg loss: 1.042278 

Epoch 20
-------------------------------
loss: 0.038884  [    0/50000]
loss: 0.045763  [ 6400/50000]
loss: 0.050136  [12800/50000]
loss: 0.024952  [19200/50000]
loss: 0.015472  [25600/50000]
loss: 0.020770  [32000/50000]
loss: 0.023571  [38400/50000]
loss: 0.048516  [44800/50000]
Test Error: 
 Accuracy: 79.1%, Avg loss: 1.090152 

Epoch 21
-------------------------------
loss: 0.056624  [    0/50000]
loss: 0.020552  [ 6400/50000]
loss: 0.042376  [12800/50000]
loss: 0.033197  [19200/50000]
loss: 0.030763  [25600/50000]
loss: 0.092573  [32000/50000]
loss: 0.006077  [38400/50000]
loss: 0.048118  [44800/50000]
Test Error: 
 Accuracy: 79.0%, Avg loss: 1.133415 

Epoch 22
-------------------------------
loss: 0.027846  [    0/50000]
loss: 0.003087  [ 6400/50000]
loss: 0.030842  [12800/50000]
loss: 0.008243  [19200/50000]
loss: 0.025685  [25600/50000]
loss: 0.006395  [32000/50000]
loss: 0.030191  [38400/50000]
loss: 0.047654  [44800/50000]
Test Error: 
 Accuracy: 79.7%, Avg loss: 1.115047 

Epoch 23
-------------------------------
loss: 0.039116  [    0/50000]
loss: 0.004975  [ 6400/50000]
loss: 0.104817  [12800/50000]
loss: 0.004491  [19200/50000]
loss: 0.010421  [25600/50000]
loss: 0.005264  [32000/50000]
loss: 0.027972  [38400/50000]
loss: 0.165510  [44800/50000]
Test Error: 
 Accuracy: 78.6%, Avg loss: 1.219649 

Epoch 24
-------------------------------
loss: 0.004899  [    0/50000]
loss: 0.020400  [ 6400/50000]
loss: 0.028744  [12800/50000]
loss: 0.029489  [19200/50000]
loss: 0.012964  [25600/50000]
loss: 0.045877  [32000/50000]
loss: 0.017354  [38400/50000]
loss: 0.015353  [44800/50000]
Test Error: 
 Accuracy: 79.8%, Avg loss: 1.096833 

Epoch 25
-------------------------------
loss: 0.062467  [    0/50000]
loss: 0.015720  [ 6400/50000]
loss: 0.027048  [12800/50000]
loss: 0.022281  [19200/50000]
loss: 0.073874  [25600/50000]
loss: 0.178312  [32000/50000]
loss: 0.036586  [38400/50000]
loss: 0.012126  [44800/50000]
Test Error: 
 Accuracy: 78.9%, Avg loss: 1.189089 

Epoch 26
-------------------------------
loss: 0.085504  [    0/50000]
loss: 0.018297  [ 6400/50000]
loss: 0.011162  [12800/50000]
loss: 0.034736  [19200/50000]
loss: 0.020419  [25600/50000]
loss: 0.007204  [32000/50000]
loss: 0.046124  [38400/50000]
loss: 0.008093  [44800/50000]
Test Error: 
 Accuracy: 79.6%, Avg loss: 1.113994 

Epoch 27
-------------------------------
loss: 0.007630  [    0/50000]
loss: 0.022206  [ 6400/50000]
loss: 0.033795  [12800/50000]
loss: 0.025872  [19200/50000]
loss: 0.041346  [25600/50000]
loss: 0.072463  [32000/50000]
loss: 0.000306  [38400/50000]
loss: 0.160810  [44800/50000]
Test Error: 
 Accuracy: 79.8%, Avg loss: 1.196423 

Epoch 28
-------------------------------
loss: 0.038823  [    0/50000]
loss: 0.018107  [ 6400/50000]
loss: 0.119005  [12800/50000]
loss: 0.012880  [19200/50000]
loss: 0.014635  [25600/50000]
loss: 0.009457  [32000/50000]
loss: 0.220335  [38400/50000]
loss: 0.011592  [44800/50000]
Test Error: 
 Accuracy: 79.4%, Avg loss: 1.195856 

Epoch 29
-------------------------------
loss: 0.027363  [    0/50000]
loss: 0.068589  [ 6400/50000]
loss: 0.002598  [12800/50000]
loss: 0.010637  [19200/50000]
loss: 0.075491  [25600/50000]
loss: 0.089940  [32000/50000]
loss: 0.024013  [38400/50000]
loss: 0.027774  [44800/50000]
Test Error: 
 Accuracy: 80.1%, Avg loss: 1.181603 

Epoch 30
-------------------------------
loss: 0.034417  [    0/50000]
loss: 0.010811  [ 6400/50000]
loss: 0.006227  [12800/50000]
loss: 0.004052  [19200/50000]
loss: 0.003031  [25600/50000]
loss: 0.017532  [32000/50000]
loss: 0.015934  [38400/50000]
loss: 0.024722  [44800/50000]
Test Error: 
 Accuracy: 79.7%, Avg loss: 1.201633 

Done!
max accuracy 80.10000000000001
average accuracy 79.23199999999999
