number of parameters 4891722
Epoch 1
-------------------------------
loss: 2.411765  [    0/50000]
loss: 2.093340  [ 6400/50000]
loss: 1.869337  [12800/50000]
loss: 1.856260  [19200/50000]
loss: 1.765826  [25600/50000]
loss: 1.627938  [32000/50000]
loss: 1.764159  [38400/50000]
loss: 1.547474  [44800/50000]
Test Error: 
 Accuracy: 42.3%, Avg loss: 1.574437 

Epoch 2
-------------------------------
loss: 1.521229  [    0/50000]
loss: 1.439586  [ 6400/50000]
loss: 1.425907  [12800/50000]
loss: 1.445646  [19200/50000]
loss: 1.369151  [25600/50000]
loss: 1.552299  [32000/50000]
loss: 1.490642  [38400/50000]
loss: 1.376040  [44800/50000]
Test Error: 
 Accuracy: 43.1%, Avg loss: 1.618840 

Epoch 3
-------------------------------
loss: 1.433494  [    0/50000]
loss: 1.210026  [ 6400/50000]
loss: 1.296699  [12800/50000]
loss: 1.283798  [19200/50000]
loss: 1.300305  [25600/50000]
loss: 1.374567  [32000/50000]
loss: 1.127684  [38400/50000]
loss: 1.042161  [44800/50000]
Test Error: 
 Accuracy: 49.9%, Avg loss: 1.400582 

Epoch 4
-------------------------------
loss: 1.372141  [    0/50000]
loss: 1.246372  [ 6400/50000]
loss: 1.055230  [12800/50000]
loss: 1.205313  [19200/50000]
loss: 1.104605  [25600/50000]
loss: 1.062110  [32000/50000]
loss: 1.123047  [38400/50000]
loss: 1.151816  [44800/50000]
Test Error: 
 Accuracy: 42.2%, Avg loss: 1.788406 

Epoch 5
-------------------------------
loss: 0.999445  [    0/50000]
loss: 1.138895  [ 6400/50000]
loss: 0.982187  [12800/50000]
loss: 0.815932  [19200/50000]
loss: 0.972025  [25600/50000]
loss: 0.876755  [32000/50000]
loss: 0.980063  [38400/50000]
loss: 0.989948  [44800/50000]
Test Error: 
 Accuracy: 62.9%, Avg loss: 1.055343 

Epoch 6
-------------------------------
loss: 0.864990  [    0/50000]
loss: 0.804655  [ 6400/50000]
loss: 0.883803  [12800/50000]
loss: 0.874656  [19200/50000]
loss: 0.886580  [25600/50000]
loss: 0.781277  [32000/50000]
loss: 1.138548  [38400/50000]
loss: 0.761280  [44800/50000]
Test Error: 
 Accuracy: 58.7%, Avg loss: 1.197202 

Epoch 7
-------------------------------
loss: 1.011667  [    0/50000]
loss: 0.612684  [ 6400/50000]
loss: 0.762462  [12800/50000]
loss: 0.768131  [19200/50000]
loss: 0.890024  [25600/50000]
loss: 0.715348  [32000/50000]
loss: 0.803656  [38400/50000]
loss: 0.566029  [44800/50000]
Test Error: 
 Accuracy: 59.9%, Avg loss: 1.150484 

Epoch 8
-------------------------------
loss: 0.880899  [    0/50000]
loss: 1.068298  [ 6400/50000]
loss: 0.890450  [12800/50000]
loss: 0.702525  [19200/50000]
loss: 0.663701  [25600/50000]
loss: 0.717054  [32000/50000]
loss: 0.616954  [38400/50000]
loss: 0.551330  [44800/50000]
Test Error: 
 Accuracy: 31.5%, Avg loss: 2.915847 

Epoch 9
-------------------------------
loss: 0.817972  [    0/50000]
loss: 0.701120  [ 6400/50000]
loss: 0.550099  [12800/50000]
loss: 0.819176  [19200/50000]
loss: 0.641845  [25600/50000]
loss: 0.550307  [32000/50000]
loss: 0.484429  [38400/50000]
loss: 0.965809  [44800/50000]
Test Error: 
 Accuracy: 64.9%, Avg loss: 1.097665 

Epoch 10
-------------------------------
loss: 0.705707  [    0/50000]
loss: 0.718662  [ 6400/50000]
loss: 0.558871  [12800/50000]
loss: 0.432155  [19200/50000]
loss: 0.620491  [25600/50000]
loss: 0.421942  [32000/50000]
loss: 0.586415  [38400/50000]
loss: 0.647166  [44800/50000]
Test Error: 
 Accuracy: 57.4%, Avg loss: 1.516973 

Epoch 11
-------------------------------
loss: 0.563779  [    0/50000]
loss: 0.723792  [ 6400/50000]
loss: 0.522073  [12800/50000]
loss: 0.493149  [19200/50000]
loss: 0.600411  [25600/50000]
loss: 0.551276  [32000/50000]
loss: 0.825752  [38400/50000]
loss: 0.489059  [44800/50000]
Test Error: 
 Accuracy: 68.5%, Avg loss: 0.979561 

Epoch 12
-------------------------------
loss: 0.456637  [    0/50000]
loss: 0.403429  [ 6400/50000]
loss: 0.578293  [12800/50000]
loss: 0.522209  [19200/50000]
loss: 0.419310  [25600/50000]
loss: 0.479302  [32000/50000]
loss: 0.427020  [38400/50000]
loss: 0.483409  [44800/50000]
Test Error: 
 Accuracy: 29.1%, Avg loss: 3.403900 

Epoch 13
-------------------------------
loss: 0.700067  [    0/50000]
loss: 0.358036  [ 6400/50000]
loss: 0.495098  [12800/50000]
loss: 0.564940  [19200/50000]
loss: 0.346091  [25600/50000]
loss: 0.496856  [32000/50000]
loss: 0.656619  [38400/50000]
loss: 0.442004  [44800/50000]
Test Error: 
 Accuracy: 55.0%, Avg loss: 1.668745 

Epoch 14
-------------------------------
loss: 0.352206  [    0/50000]
loss: 0.362559  [ 6400/50000]
loss: 0.515573  [12800/50000]
loss: 0.230901  [19200/50000]
loss: 0.437458  [25600/50000]
loss: 0.257529  [32000/50000]
loss: 0.490618  [38400/50000]
loss: 0.513029  [44800/50000]
Test Error: 
 Accuracy: 67.2%, Avg loss: 1.045812 

Epoch 15
-------------------------------
loss: 0.398415  [    0/50000]
loss: 0.448741  [ 6400/50000]
loss: 0.284085  [12800/50000]
loss: 0.388937  [19200/50000]
loss: 0.319004  [25600/50000]
loss: 0.363056  [32000/50000]
loss: 0.186341  [38400/50000]
loss: 0.555810  [44800/50000]
Test Error: 
 Accuracy: 52.3%, Avg loss: 2.407164 

Epoch 16
-------------------------------
loss: 0.293714  [    0/50000]
loss: 0.273711  [ 6400/50000]
loss: 0.157788  [12800/50000]
loss: 0.412949  [19200/50000]
loss: 0.471998  [25600/50000]
loss: 0.378183  [32000/50000]
loss: 0.198316  [38400/50000]
loss: 0.181529  [44800/50000]
Test Error: 
 Accuracy: 62.3%, Avg loss: 1.364462 

Epoch 17
-------------------------------
loss: 0.189398  [    0/50000]
loss: 0.344603  [ 6400/50000]
loss: 0.358566  [12800/50000]
loss: 0.214394  [19200/50000]
loss: 0.235905  [25600/50000]
loss: 0.327355  [32000/50000]
loss: 0.273405  [38400/50000]
loss: 0.238400  [44800/50000]
Test Error: 
 Accuracy: 70.5%, Avg loss: 1.023093 

Epoch 18
-------------------------------
loss: 0.187276  [    0/50000]
loss: 0.232701  [ 6400/50000]
loss: 0.280824  [12800/50000]
loss: 0.224324  [19200/50000]
loss: 0.137468  [25600/50000]
loss: 0.284870  [32000/50000]
loss: 0.201147  [38400/50000]
loss: 0.308783  [44800/50000]
Test Error: 
 Accuracy: 75.3%, Avg loss: 0.788002 

Epoch 19
-------------------------------
loss: 0.190203  [    0/50000]
loss: 0.170281  [ 6400/50000]
loss: 0.222422  [12800/50000]
loss: 0.141818  [19200/50000]
loss: 0.147662  [25600/50000]
loss: 0.116183  [32000/50000]
loss: 0.152021  [38400/50000]
loss: 0.312850  [44800/50000]
Test Error: 
 Accuracy: 44.6%, Avg loss: 3.019531 

Epoch 20
-------------------------------
loss: 0.430198  [    0/50000]
loss: 0.082990  [ 6400/50000]
loss: 0.151024  [12800/50000]
loss: 0.183168  [19200/50000]
loss: 0.173736  [25600/50000]
loss: 0.164440  [32000/50000]
loss: 0.114920  [38400/50000]
loss: 0.182373  [44800/50000]
Test Error: 
 Accuracy: 25.2%, Avg loss: 4.887247 

Epoch 21
-------------------------------
loss: 0.344282  [    0/50000]
loss: 0.116303  [ 6400/50000]
loss: 0.037423  [12800/50000]
loss: 0.095695  [19200/50000]
loss: 0.109462  [25600/50000]
loss: 0.138788  [32000/50000]
loss: 0.124445  [38400/50000]
loss: 0.115987  [44800/50000]
Test Error: 
 Accuracy: 46.5%, Avg loss: 3.036958 

Epoch 22
-------------------------------
loss: 0.728631  [    0/50000]
loss: 0.115936  [ 6400/50000]
loss: 0.134867  [12800/50000]
loss: 0.182440  [19200/50000]
loss: 0.108026  [25600/50000]
loss: 0.225713  [32000/50000]
loss: 0.102620  [38400/50000]
loss: 0.137094  [44800/50000]
Test Error: 
 Accuracy: 17.0%, Avg loss: 9.285650 

Epoch 23
-------------------------------
loss: 0.927015  [    0/50000]
loss: 0.110625  [ 6400/50000]
loss: 0.112913  [12800/50000]
loss: 0.134559  [19200/50000]
loss: 0.063819  [25600/50000]
loss: 0.092032  [32000/50000]
loss: 0.182726  [38400/50000]
loss: 0.071069  [44800/50000]
Test Error: 
 Accuracy: 74.4%, Avg loss: 0.896347 

Epoch 24
-------------------------------
loss: 0.202546  [    0/50000]
loss: 0.043543  [ 6400/50000]
loss: 0.067922  [12800/50000]
loss: 0.061024  [19200/50000]
loss: 0.140004  [25600/50000]
loss: 0.102490  [32000/50000]
loss: 0.100309  [38400/50000]
loss: 0.128811  [44800/50000]
Test Error: 
 Accuracy: 72.7%, Avg loss: 1.083105 

Epoch 25
-------------------------------
loss: 0.108349  [    0/50000]
loss: 0.039962  [ 6400/50000]
loss: 0.051339  [12800/50000]
loss: 0.065366  [19200/50000]
loss: 0.083441  [25600/50000]
loss: 0.074968  [32000/50000]
loss: 0.082444  [38400/50000]
loss: 0.059082  [44800/50000]
Test Error: 
 Accuracy: 56.8%, Avg loss: 1.832660 

Epoch 26
-------------------------------
loss: 0.194074  [    0/50000]
loss: 0.009934  [ 6400/50000]
loss: 0.070661  [12800/50000]
loss: 0.035751  [19200/50000]
loss: 0.084739  [25600/50000]
loss: 0.032568  [32000/50000]
loss: 0.066718  [38400/50000]
loss: 0.064427  [44800/50000]
Test Error: 
 Accuracy: 54.5%, Avg loss: 2.370583 

Epoch 27
-------------------------------
loss: 0.124095  [    0/50000]
loss: 0.032213  [ 6400/50000]
loss: 0.041419  [12800/50000]
loss: 0.119577  [19200/50000]
loss: 0.031178  [25600/50000]
loss: 0.047355  [32000/50000]
loss: 0.069634  [38400/50000]
loss: 0.015574  [44800/50000]
Test Error: 
 Accuracy: 68.7%, Avg loss: 1.259026 

Epoch 28
-------------------------------
loss: 0.057805  [    0/50000]
loss: 0.017440  [ 6400/50000]
loss: 0.022739  [12800/50000]
loss: 0.012216  [19200/50000]
loss: 0.015052  [25600/50000]
loss: 0.034666  [32000/50000]
loss: 0.084282  [38400/50000]
loss: 0.042032  [44800/50000]
Test Error: 
 Accuracy: 76.1%, Avg loss: 0.904333 

Epoch 29
-------------------------------
loss: 0.035832  [    0/50000]
loss: 0.010960  [ 6400/50000]
loss: 0.032090  [12800/50000]
loss: 0.027526  [19200/50000]
loss: 0.022969  [25600/50000]
loss: 0.024116  [32000/50000]
loss: 0.031200  [38400/50000]
loss: 0.030885  [44800/50000]
Test Error: 
 Accuracy: 74.8%, Avg loss: 0.963748 

Epoch 30
-------------------------------
loss: 0.041449  [    0/50000]
loss: 0.028735  [ 6400/50000]
loss: 0.016077  [12800/50000]
loss: 0.046127  [19200/50000]
loss: 0.027000  [25600/50000]
loss: 0.020560  [32000/50000]
loss: 0.055413  [38400/50000]
loss: 0.029212  [44800/50000]
Test Error: 
 Accuracy: 56.1%, Avg loss: 2.368125 

Done!
max accuracy 76.14
average accuracy 57.37199999999999
