command config
N= 4
B= [2 2 2 2]
C1= 64
F= [7 7 7 7]
K= [9, 5, 5, 4]
P= 1
number of parameters 62947402
Epoch 1
-------------------------------
loss: 2.527447  [    0/50000]
loss: 1.830281  [ 6400/50000]
loss: 1.856171  [12800/50000]
loss: 1.381034  [19200/50000]
loss: 1.575415  [25600/50000]
loss: 1.441237  [32000/50000]
loss: 1.311668  [38400/50000]
loss: 0.994681  [44800/50000]
Test Error: 
 Accuracy: 53.2%, Avg loss: 1.403176 

Epoch 2
-------------------------------
loss: 1.137632  [    0/50000]
loss: 1.039039  [ 6400/50000]
loss: 0.885606  [12800/50000]
loss: 0.807842  [19200/50000]
loss: 0.812213  [25600/50000]
loss: 1.056286  [32000/50000]
loss: 0.658221  [38400/50000]
loss: 1.057044  [44800/50000]
Test Error: 
 Accuracy: 67.8%, Avg loss: 0.923344 

Epoch 3
-------------------------------
loss: 0.817662  [    0/50000]
loss: 0.775375  [ 6400/50000]
loss: 0.842774  [12800/50000]
loss: 0.622311  [19200/50000]
loss: 0.756882  [25600/50000]
loss: 0.903473  [32000/50000]
loss: 0.727277  [38400/50000]
loss: 0.515256  [44800/50000]
Test Error: 
 Accuracy: 75.2%, Avg loss: 0.712153 

Epoch 4
-------------------------------
loss: 0.541132  [    0/50000]
loss: 0.449051  [ 6400/50000]
loss: 0.846916  [12800/50000]
loss: 0.730913  [19200/50000]
loss: 0.748158  [25600/50000]
loss: 0.840797  [32000/50000]
loss: 0.398786  [38400/50000]
loss: 0.720860  [44800/50000]
Test Error: 
 Accuracy: 73.7%, Avg loss: 0.798408 

Epoch 5
-------------------------------
loss: 0.526343  [    0/50000]
loss: 0.440770  [ 6400/50000]
loss: 0.379689  [12800/50000]
loss: 0.427637  [19200/50000]
loss: 0.578882  [25600/50000]
loss: 0.518241  [32000/50000]
loss: 0.400493  [38400/50000]
loss: 0.529236  [44800/50000]
Test Error: 
 Accuracy: 78.6%, Avg loss: 0.627599 

Epoch 6
-------------------------------
loss: 0.417661  [    0/50000]
loss: 0.468585  [ 6400/50000]
loss: 0.332149  [12800/50000]
loss: 0.324430  [19200/50000]
loss: 0.226023  [25600/50000]
loss: 0.538312  [32000/50000]
loss: 0.689686  [38400/50000]
loss: 0.469478  [44800/50000]
Test Error: 
 Accuracy: 80.6%, Avg loss: 0.585825 

Epoch 7
-------------------------------
loss: 0.357442  [    0/50000]
loss: 0.262573  [ 6400/50000]
loss: 0.236945  [12800/50000]
loss: 0.227270  [19200/50000]
loss: 0.144707  [25600/50000]
loss: 0.240156  [32000/50000]
loss: 0.436213  [38400/50000]
loss: 0.288826  [44800/50000]
Test Error: 
 Accuracy: 79.0%, Avg loss: 0.673360 

Epoch 8
-------------------------------
loss: 0.146426  [    0/50000]
loss: 0.068298  [ 6400/50000]
loss: 0.211339  [12800/50000]
loss: 0.368652  [19200/50000]
loss: 0.371867  [25600/50000]
loss: 0.243345  [32000/50000]
loss: 0.342903  [38400/50000]
loss: 0.160134  [44800/50000]
Test Error: 
 Accuracy: 81.7%, Avg loss: 0.624584 

Epoch 9
-------------------------------
loss: 0.143026  [    0/50000]
loss: 0.109559  [ 6400/50000]
loss: 0.115751  [12800/50000]
loss: 0.069488  [19200/50000]
loss: 0.180552  [25600/50000]
loss: 0.148557  [32000/50000]
loss: 0.149748  [38400/50000]
loss: 0.233480  [44800/50000]
Test Error: 
 Accuracy: 79.6%, Avg loss: 0.787474 

Epoch 10
-------------------------------
loss: 0.039314  [    0/50000]
loss: 0.058103  [ 6400/50000]
loss: 0.076974  [12800/50000]
loss: 0.047968  [19200/50000]
loss: 0.246664  [25600/50000]
loss: 0.201842  [32000/50000]
loss: 0.072444  [38400/50000]
loss: 0.215421  [44800/50000]
Test Error: 
 Accuracy: 79.0%, Avg loss: 0.864900 

Epoch 11
-------------------------------
loss: 0.074653  [    0/50000]
loss: 0.078625  [ 6400/50000]
loss: 0.036265  [12800/50000]
loss: 0.075780  [19200/50000]
loss: 0.074714  [25600/50000]
loss: 0.134617  [32000/50000]
loss: 0.161694  [38400/50000]
loss: 0.027509  [44800/50000]
Test Error: 
 Accuracy: 82.5%, Avg loss: 0.705680 

Epoch 12
-------------------------------
loss: 0.070429  [    0/50000]
loss: 0.044002  [ 6400/50000]
loss: 0.009067  [12800/50000]
loss: 0.075742  [19200/50000]
loss: 0.055916  [25600/50000]
loss: 0.025625  [32000/50000]
loss: 0.035375  [38400/50000]
loss: 0.111225  [44800/50000]
Test Error: 
 Accuracy: 83.0%, Avg loss: 0.694260 

Epoch 13
-------------------------------
loss: 0.061320  [    0/50000]
loss: 0.047594  [ 6400/50000]
loss: 0.007142  [12800/50000]
loss: 0.046358  [19200/50000]
loss: 0.054958  [25600/50000]
loss: 0.079090  [32000/50000]
loss: 0.076584  [38400/50000]
loss: 0.074334  [44800/50000]
Test Error: 
 Accuracy: 81.0%, Avg loss: 0.891543 

Epoch 14
-------------------------------
loss: 0.009625  [    0/50000]
loss: 0.087251  [ 6400/50000]
loss: 0.052001  [12800/50000]
loss: 0.159260  [19200/50000]
loss: 0.011406  [25600/50000]
loss: 0.069060  [32000/50000]
loss: 0.026696  [38400/50000]
loss: 0.124112  [44800/50000]
Test Error: 
 Accuracy: 83.1%, Avg loss: 0.764621 

Epoch 15
-------------------------------
loss: 0.017458  [    0/50000]
loss: 0.033601  [ 6400/50000]
loss: 0.102824  [12800/50000]
loss: 0.030595  [19200/50000]
loss: 0.048582  [25600/50000]
loss: 0.011426  [32000/50000]
loss: 0.075031  [38400/50000]
loss: 0.164726  [44800/50000]
Test Error: 
 Accuracy: 81.8%, Avg loss: 0.874488 

Epoch 16
-------------------------------
loss: 0.009705  [    0/50000]
loss: 0.031816  [ 6400/50000]
loss: 0.019862  [12800/50000]
loss: 0.006016  [19200/50000]
loss: 0.007125  [25600/50000]
loss: 0.006083  [32000/50000]
loss: 0.060536  [38400/50000]
loss: 0.029155  [44800/50000]
Test Error: 
 Accuracy: 80.7%, Avg loss: 0.979871 

Epoch 17
-------------------------------
loss: 0.125217  [    0/50000]
loss: 0.009400  [ 6400/50000]
loss: 0.094505  [12800/50000]
loss: 0.004619  [19200/50000]
loss: 0.027305  [25600/50000]
loss: 0.010515  [32000/50000]
loss: 0.033752  [38400/50000]
loss: 0.037359  [44800/50000]
Test Error: 
 Accuracy: 81.4%, Avg loss: 0.933117 

Epoch 18
-------------------------------
loss: 0.132578  [    0/50000]
loss: 0.014702  [ 6400/50000]
loss: 0.005595  [12800/50000]
loss: 0.023052  [19200/50000]
loss: 0.003146  [25600/50000]
loss: 0.059516  [32000/50000]
loss: 0.038822  [38400/50000]
loss: 0.061864  [44800/50000]
Test Error: 
 Accuracy: 79.2%, Avg loss: 1.173213 

Epoch 19
-------------------------------
loss: 0.005740  [    0/50000]
loss: 0.055258  [ 6400/50000]
loss: 0.041255  [12800/50000]
loss: 0.021412  [19200/50000]
loss: 0.069914  [25600/50000]
loss: 0.018489  [32000/50000]
loss: 0.012757  [38400/50000]
loss: 0.061274  [44800/50000]
Test Error: 
 Accuracy: 82.6%, Avg loss: 0.855890 

Epoch 20
-------------------------------
loss: 0.011710  [    0/50000]
loss: 0.087490  [ 6400/50000]
loss: 0.003875  [12800/50000]
loss: 0.014072  [19200/50000]
loss: 0.018274  [25600/50000]
loss: 0.016175  [32000/50000]
loss: 0.008050  [38400/50000]
loss: 0.224607  [44800/50000]
Test Error: 
 Accuracy: 83.5%, Avg loss: 0.875172 

Epoch 21
-------------------------------
loss: 0.001454  [    0/50000]
loss: 0.002074  [ 6400/50000]
loss: 0.019859  [12800/50000]
loss: 0.004695  [19200/50000]
loss: 0.016520  [25600/50000]
loss: 0.004739  [32000/50000]
loss: 0.080208  [38400/50000]
loss: 0.021949  [44800/50000]
Test Error: 
 Accuracy: 84.0%, Avg loss: 0.852891 

Epoch 22
-------------------------------
loss: 0.004270  [    0/50000]
loss: 0.002300  [ 6400/50000]
loss: 0.002400  [12800/50000]
loss: 0.026724  [19200/50000]
loss: 0.018042  [25600/50000]
loss: 0.013214  [32000/50000]
loss: 0.009290  [38400/50000]
loss: 0.137490  [44800/50000]
Test Error: 
 Accuracy: 82.2%, Avg loss: 0.976243 

Epoch 23
-------------------------------
loss: 0.024128  [    0/50000]
loss: 0.045509  [ 6400/50000]
loss: 0.007966  [12800/50000]
loss: 0.068715  [19200/50000]
loss: 0.054641  [25600/50000]
loss: 0.072250  [32000/50000]
loss: 0.008730  [38400/50000]
loss: 0.046400  [44800/50000]
Test Error: 
 Accuracy: 83.4%, Avg loss: 0.908549 

Epoch 24
-------------------------------
loss: 0.138390  [    0/50000]
loss: 0.061965  [ 6400/50000]
loss: 0.056221  [12800/50000]
loss: 0.024062  [19200/50000]
loss: 0.027197  [25600/50000]
loss: 0.025729  [32000/50000]
loss: 0.011057  [38400/50000]
loss: 0.010277  [44800/50000]
Test Error: 
 Accuracy: 82.5%, Avg loss: 0.903355 

Epoch 25
-------------------------------
loss: 0.074273  [    0/50000]
loss: 0.000369  [ 6400/50000]
loss: 0.001835  [12800/50000]
loss: 0.003365  [19200/50000]
loss: 0.030960  [25600/50000]
loss: 0.000311  [32000/50000]
loss: 0.022046  [38400/50000]
loss: 0.001794  [44800/50000]
Test Error: 
 Accuracy: 83.1%, Avg loss: 0.924339 

Epoch 26
-------------------------------
loss: 0.000478  [    0/50000]
loss: 0.010978  [ 6400/50000]
loss: 0.048242  [12800/50000]
loss: 0.061659  [19200/50000]
loss: 0.002919  [25600/50000]
loss: 0.001124  [32000/50000]
loss: 0.003073  [38400/50000]
loss: 0.008708  [44800/50000]
Test Error: 
 Accuracy: 82.5%, Avg loss: 1.003708 

Epoch 27
-------------------------------
loss: 0.011030  [    0/50000]
loss: 0.003216  [ 6400/50000]
loss: 0.014928  [12800/50000]
loss: 0.001177  [19200/50000]
loss: 0.001239  [25600/50000]
loss: 0.016298  [32000/50000]
loss: 0.007746  [38400/50000]
loss: 0.029673  [44800/50000]
Test Error: 
 Accuracy: 83.3%, Avg loss: 0.953483 

Epoch 28
-------------------------------
loss: 0.008015  [    0/50000]
loss: 0.068605  [ 6400/50000]
loss: 0.003487  [12800/50000]
loss: 0.015222  [19200/50000]
loss: 0.011847  [25600/50000]
loss: 0.011686  [32000/50000]
loss: 0.051009  [38400/50000]
loss: 0.052544  [44800/50000]
Test Error: 
 Accuracy: 81.6%, Avg loss: 0.986764 

Epoch 29
-------------------------------
loss: 0.002387  [    0/50000]
loss: 0.015011  [ 6400/50000]
loss: 0.072239  [12800/50000]
loss: 0.035458  [19200/50000]
loss: 0.001923  [25600/50000]
loss: 0.010622  [32000/50000]
loss: 0.004704  [38400/50000]
loss: 0.010394  [44800/50000]
Test Error: 
 Accuracy: 83.2%, Avg loss: 0.966706 

Epoch 30
-------------------------------
loss: 0.001257  [    0/50000]
loss: 0.004782  [ 6400/50000]
loss: 0.001401  [12800/50000]
loss: 0.010204  [19200/50000]
loss: 0.002876  [25600/50000]
loss: 0.007925  [32000/50000]
loss: 0.003573  [38400/50000]
loss: 0.008139  [44800/50000]
Test Error: 
 Accuracy: 82.9%, Avg loss: 1.008436 

Done!
max accuracy 84.03
average accuracy 82.36800000000001
