command config
N= 6
B= [2, 2, 3, 3, 2, 3]
C1= 8
F= [5, 3, 5, 5, 3, 3]
K= [5, 1, 3, 2, 1, 1]
P= 1
number of parameters 4541714
Epoch 1
-------------------------------
loss: 2.871569  [    0/50000]
loss: 1.800987  [ 6400/50000]
loss: 1.516829  [12800/50000]
loss: 1.665437  [19200/50000]
loss: 1.456433  [25600/50000]
loss: 1.471369  [32000/50000]
loss: 1.398093  [38400/50000]
loss: 1.292514  [44800/50000]
Test Error: 
 Accuracy: 45.4%, Avg loss: 1.567545 

Epoch 2
-------------------------------
loss: 1.332909  [    0/50000]
loss: 1.063384  [ 6400/50000]
loss: 1.194525  [12800/50000]
loss: 1.114390  [19200/50000]
loss: 1.095793  [25600/50000]
loss: 1.103419  [32000/50000]
loss: 1.036185  [38400/50000]
loss: 0.979768  [44800/50000]
Test Error: 
 Accuracy: 60.8%, Avg loss: 1.137140 

Epoch 3
-------------------------------
loss: 1.021160  [    0/50000]
loss: 0.911563  [ 6400/50000]
loss: 1.014936  [12800/50000]
loss: 1.248503  [19200/50000]
loss: 0.795437  [25600/50000]
loss: 0.763204  [32000/50000]
loss: 1.096596  [38400/50000]
loss: 0.966309  [44800/50000]
Test Error: 
 Accuracy: 69.1%, Avg loss: 0.885059 

Epoch 4
-------------------------------
loss: 0.770535  [    0/50000]
loss: 0.997606  [ 6400/50000]
loss: 0.864153  [12800/50000]
loss: 1.184302  [19200/50000]
loss: 0.721631  [25600/50000]
loss: 0.889594  [32000/50000]
loss: 0.587828  [38400/50000]
loss: 0.695805  [44800/50000]
Test Error: 
 Accuracy: 72.0%, Avg loss: 0.801265 

Epoch 5
-------------------------------
loss: 0.877275  [    0/50000]
loss: 0.618722  [ 6400/50000]
loss: 0.616867  [12800/50000]
loss: 0.757333  [19200/50000]
loss: 0.982196  [25600/50000]
loss: 0.472804  [32000/50000]
loss: 0.557313  [38400/50000]
loss: 0.718936  [44800/50000]
Test Error: 
 Accuracy: 70.9%, Avg loss: 0.830344 

Epoch 6
-------------------------------
loss: 0.509089  [    0/50000]
loss: 0.409958  [ 6400/50000]
loss: 0.617974  [12800/50000]
loss: 0.502424  [19200/50000]
loss: 0.436708  [25600/50000]
loss: 0.713556  [32000/50000]
loss: 0.536525  [38400/50000]
loss: 0.513399  [44800/50000]
Test Error: 
 Accuracy: 71.3%, Avg loss: 0.865882 

Epoch 7
-------------------------------
loss: 0.597140  [    0/50000]
loss: 0.579508  [ 6400/50000]
loss: 0.788152  [12800/50000]
loss: 0.277672  [19200/50000]
loss: 0.712233  [25600/50000]
loss: 0.575858  [32000/50000]
loss: 0.503000  [38400/50000]
loss: 0.514666  [44800/50000]
Test Error: 
 Accuracy: 75.8%, Avg loss: 0.734606 

Epoch 8
-------------------------------
loss: 0.426699  [    0/50000]
loss: 0.642307  [ 6400/50000]
loss: 0.422729  [12800/50000]
loss: 0.544060  [19200/50000]
loss: 0.605390  [25600/50000]
loss: 0.674393  [32000/50000]
loss: 0.333141  [38400/50000]
loss: 0.619051  [44800/50000]
Test Error: 
 Accuracy: 75.2%, Avg loss: 0.760232 

Epoch 9
-------------------------------
loss: 0.421471  [    0/50000]
loss: 0.372134  [ 6400/50000]
loss: 0.286429  [12800/50000]
loss: 0.567515  [19200/50000]
loss: 0.554108  [25600/50000]
loss: 0.752893  [32000/50000]
loss: 0.332497  [38400/50000]
loss: 0.471634  [44800/50000]
Test Error: 
 Accuracy: 75.3%, Avg loss: 0.761543 

Epoch 10
-------------------------------
loss: 0.441749  [    0/50000]
loss: 0.466144  [ 6400/50000]
loss: 0.302712  [12800/50000]
loss: 0.386249  [19200/50000]
loss: 0.320438  [25600/50000]
loss: 0.405967  [32000/50000]
loss: 0.397050  [38400/50000]
loss: 0.329654  [44800/50000]
Test Error: 
 Accuracy: 75.8%, Avg loss: 0.806290 

Epoch 11
-------------------------------
loss: 0.204104  [    0/50000]
loss: 0.243023  [ 6400/50000]
loss: 0.153215  [12800/50000]
loss: 0.322792  [19200/50000]
loss: 0.122535  [25600/50000]
loss: 0.377073  [32000/50000]
loss: 0.515963  [38400/50000]
loss: 0.182992  [44800/50000]
Test Error: 
 Accuracy: 75.5%, Avg loss: 0.844635 

Epoch 12
-------------------------------
loss: 0.166684  [    0/50000]
loss: 0.269499  [ 6400/50000]
loss: 0.116404  [12800/50000]
loss: 0.248365  [19200/50000]
loss: 0.240365  [25600/50000]
loss: 0.193534  [32000/50000]
loss: 0.300176  [38400/50000]
loss: 0.211022  [44800/50000]
Test Error: 
 Accuracy: 75.8%, Avg loss: 0.859206 

Epoch 13
-------------------------------
loss: 0.239101  [    0/50000]
loss: 0.256341  [ 6400/50000]
loss: 0.326260  [12800/50000]
loss: 0.154588  [19200/50000]
loss: 0.217273  [25600/50000]
loss: 0.249897  [32000/50000]
loss: 0.172366  [38400/50000]
loss: 0.260930  [44800/50000]
Test Error: 
 Accuracy: 76.4%, Avg loss: 0.890176 

Epoch 14
-------------------------------
loss: 0.123218  [    0/50000]
loss: 0.117821  [ 6400/50000]
loss: 0.143275  [12800/50000]
loss: 0.287787  [19200/50000]
loss: 0.344375  [25600/50000]
loss: 0.201029  [32000/50000]
loss: 0.318738  [38400/50000]
loss: 0.228853  [44800/50000]
Test Error: 
 Accuracy: 75.9%, Avg loss: 0.966097 

Epoch 15
-------------------------------
loss: 0.050521  [    0/50000]
loss: 0.104852  [ 6400/50000]
loss: 0.104099  [12800/50000]
loss: 0.100163  [19200/50000]
loss: 0.103649  [25600/50000]
loss: 0.187467  [32000/50000]
loss: 0.242690  [38400/50000]
loss: 0.250486  [44800/50000]
Test Error: 
 Accuracy: 75.9%, Avg loss: 0.993911 

Epoch 16
-------------------------------
loss: 0.082029  [    0/50000]
loss: 0.194128  [ 6400/50000]
loss: 0.227835  [12800/50000]
loss: 0.080648  [19200/50000]
loss: 0.208889  [25600/50000]
loss: 0.068900  [32000/50000]
loss: 0.230605  [38400/50000]
loss: 0.197641  [44800/50000]
Test Error: 
 Accuracy: 76.3%, Avg loss: 0.972741 

Epoch 17
-------------------------------
loss: 0.035359  [    0/50000]
loss: 0.079914  [ 6400/50000]
loss: 0.120422  [12800/50000]
loss: 0.186254  [19200/50000]
loss: 0.175744  [25600/50000]
loss: 0.121661  [32000/50000]
loss: 0.188640  [38400/50000]
loss: 0.313597  [44800/50000]
Test Error: 
 Accuracy: 75.8%, Avg loss: 1.062669 

Epoch 18
-------------------------------
loss: 0.039340  [    0/50000]
loss: 0.150274  [ 6400/50000]
loss: 0.283848  [12800/50000]
loss: 0.106706  [19200/50000]
loss: 0.128717  [25600/50000]
loss: 0.123275  [32000/50000]
loss: 0.232997  [38400/50000]
loss: 0.203967  [44800/50000]
Test Error: 
 Accuracy: 75.3%, Avg loss: 1.095554 

Epoch 19
-------------------------------
loss: 0.114202  [    0/50000]
loss: 0.119993  [ 6400/50000]
loss: 0.091124  [12800/50000]
loss: 0.085970  [19200/50000]
loss: 0.034384  [25600/50000]
loss: 0.129651  [32000/50000]
loss: 0.031220  [38400/50000]
loss: 0.154507  [44800/50000]
Test Error: 
 Accuracy: 76.2%, Avg loss: 1.142883 

Epoch 20
-------------------------------
loss: 0.084725  [    0/50000]
loss: 0.037581  [ 6400/50000]
loss: 0.042633  [12800/50000]
loss: 0.028103  [19200/50000]
loss: 0.069649  [25600/50000]
loss: 0.105930  [32000/50000]
loss: 0.096683  [38400/50000]
loss: 0.117252  [44800/50000]
Test Error: 
 Accuracy: 75.7%, Avg loss: 1.141415 

Epoch 21
-------------------------------
loss: 0.027302  [    0/50000]
loss: 0.217061  [ 6400/50000]
loss: 0.126452  [12800/50000]
loss: 0.065422  [19200/50000]
loss: 0.024506  [25600/50000]
loss: 0.229357  [32000/50000]
loss: 0.202596  [38400/50000]
loss: 0.036785  [44800/50000]
Test Error: 
 Accuracy: 76.0%, Avg loss: 1.166979 

Epoch 22
-------------------------------
loss: 0.102163  [    0/50000]
loss: 0.012047  [ 6400/50000]
loss: 0.117774  [12800/50000]
loss: 0.031620  [19200/50000]
loss: 0.058620  [25600/50000]
loss: 0.052868  [32000/50000]
loss: 0.037525  [38400/50000]
loss: 0.062702  [44800/50000]
Test Error: 
 Accuracy: 76.4%, Avg loss: 1.164816 

Epoch 23
-------------------------------
loss: 0.175065  [    0/50000]
loss: 0.103511  [ 6400/50000]
loss: 0.100500  [12800/50000]
loss: 0.051023  [19200/50000]
loss: 0.007466  [25600/50000]
loss: 0.065837  [32000/50000]
loss: 0.172791  [38400/50000]
loss: 0.099165  [44800/50000]
Test Error: 
 Accuracy: 76.4%, Avg loss: 1.207513 

Epoch 24
-------------------------------
loss: 0.059151  [    0/50000]
loss: 0.109863  [ 6400/50000]
loss: 0.077659  [12800/50000]
loss: 0.170415  [19200/50000]
loss: 0.081904  [25600/50000]
loss: 0.191080  [32000/50000]
loss: 0.068148  [38400/50000]
loss: 0.147743  [44800/50000]
Test Error: 
 Accuracy: 75.1%, Avg loss: 1.348469 

Epoch 25
-------------------------------
loss: 0.007005  [    0/50000]
loss: 0.122290  [ 6400/50000]
loss: 0.099116  [12800/50000]
loss: 0.017214  [19200/50000]
loss: 0.191253  [25600/50000]
loss: 0.022579  [32000/50000]
loss: 0.039176  [38400/50000]
loss: 0.097222  [44800/50000]
Test Error: 
 Accuracy: 76.2%, Avg loss: 1.227425 

Epoch 26
-------------------------------
loss: 0.013337  [    0/50000]
loss: 0.026777  [ 6400/50000]
loss: 0.073261  [12800/50000]
loss: 0.080431  [19200/50000]
loss: 0.036665  [25600/50000]
loss: 0.035448  [32000/50000]
loss: 0.036258  [38400/50000]
loss: 0.120843  [44800/50000]
Test Error: 
 Accuracy: 75.2%, Avg loss: 1.313026 

Epoch 27
-------------------------------
loss: 0.123073  [    0/50000]
loss: 0.017598  [ 6400/50000]
loss: 0.035346  [12800/50000]
loss: 0.163778  [19200/50000]
loss: 0.155257  [25600/50000]
loss: 0.057118  [32000/50000]
loss: 0.122099  [38400/50000]
loss: 0.025952  [44800/50000]
Test Error: 
 Accuracy: 76.2%, Avg loss: 1.254109 

Epoch 28
-------------------------------
loss: 0.041280  [    0/50000]
loss: 0.016998  [ 6400/50000]
loss: 0.082572  [12800/50000]
loss: 0.047091  [19200/50000]
loss: 0.067228  [25600/50000]
loss: 0.007870  [32000/50000]
loss: 0.064982  [38400/50000]
loss: 0.064643  [44800/50000]
Test Error: 
 Accuracy: 76.0%, Avg loss: 1.302950 

Epoch 29
-------------------------------
loss: 0.045981  [    0/50000]
loss: 0.030565  [ 6400/50000]
loss: 0.012086  [12800/50000]
loss: 0.068315  [19200/50000]
loss: 0.059305  [25600/50000]
loss: 0.027958  [32000/50000]
loss: 0.039669  [38400/50000]
loss: 0.019185  [44800/50000]
Test Error: 
 Accuracy: 76.5%, Avg loss: 1.279860 

Epoch 30
-------------------------------
loss: 0.060094  [    0/50000]
loss: 0.010805  [ 6400/50000]
loss: 0.019753  [12800/50000]
loss: 0.054709  [19200/50000]
loss: 0.070698  [25600/50000]
loss: 0.153397  [32000/50000]
loss: 0.043141  [38400/50000]
loss: 0.002467  [44800/50000]
Test Error: 
 Accuracy: 75.0%, Avg loss: 1.324967 

Epoch 31
-------------------------------
loss: 0.043497  [    0/50000]
loss: 0.009104  [ 6400/50000]
loss: 0.107407  [12800/50000]
loss: 0.030901  [19200/50000]
loss: 0.012556  [25600/50000]
loss: 0.014399  [32000/50000]
loss: 0.094711  [38400/50000]
loss: 0.021161  [44800/50000]
Test Error: 
 Accuracy: 75.9%, Avg loss: 1.308287 

Epoch 32
-------------------------------
loss: 0.027090  [    0/50000]
loss: 0.055312  [ 6400/50000]
loss: 0.038058  [12800/50000]
loss: 0.049726  [19200/50000]
loss: 0.002486  [25600/50000]
loss: 0.036257  [32000/50000]
loss: 0.031760  [38400/50000]
loss: 0.106436  [44800/50000]
Test Error: 
 Accuracy: 76.4%, Avg loss: 1.251999 

Epoch 33
-------------------------------
loss: 0.059803  [    0/50000]
loss: 0.080270  [ 6400/50000]
loss: 0.046277  [12800/50000]
loss: 0.093848  [19200/50000]
loss: 0.017487  [25600/50000]
loss: 0.101381  [32000/50000]
loss: 0.128671  [38400/50000]
loss: 0.101692  [44800/50000]
Test Error: 
 Accuracy: 76.2%, Avg loss: 1.299495 

Epoch 34
-------------------------------
loss: 0.049674  [    0/50000]
loss: 0.007548  [ 6400/50000]
loss: 0.093292  [12800/50000]
loss: 0.009492  [19200/50000]
loss: 0.030956  [25600/50000]
loss: 0.077986  [32000/50000]
loss: 0.007769  [38400/50000]
loss: 0.022504  [44800/50000]
Test Error: 
 Accuracy: 75.8%, Avg loss: 1.388973 

Epoch 35
-------------------------------
loss: 0.033270  [    0/50000]
loss: 0.020004  [ 6400/50000]
loss: 0.004856  [12800/50000]
loss: 0.023433  [19200/50000]
loss: 0.090672  [25600/50000]
loss: 0.006425  [32000/50000]
loss: 0.067913  [38400/50000]
loss: 0.113219  [44800/50000]
Test Error: 
 Accuracy: 74.9%, Avg loss: 1.414582 

Epoch 36
-------------------------------
loss: 0.017074  [    0/50000]
loss: 0.056726  [ 6400/50000]
loss: 0.056007  [12800/50000]
loss: 0.012959  [19200/50000]
loss: 0.071007  [25600/50000]
loss: 0.017228  [32000/50000]
loss: 0.057648  [38400/50000]
loss: 0.040023  [44800/50000]
Test Error: 
 Accuracy: 76.5%, Avg loss: 1.342264 

Epoch 37
-------------------------------
loss: 0.015310  [    0/50000]
loss: 0.024054  [ 6400/50000]
loss: 0.001818  [12800/50000]
loss: 0.024425  [19200/50000]
loss: 0.212252  [25600/50000]
loss: 0.072555  [32000/50000]
loss: 0.016821  [38400/50000]
loss: 0.044806  [44800/50000]
Test Error: 
 Accuracy: 76.7%, Avg loss: 1.386566 

Epoch 38
-------------------------------
loss: 0.003191  [    0/50000]
loss: 0.106024  [ 6400/50000]
loss: 0.003783  [12800/50000]
loss: 0.094306  [19200/50000]
loss: 0.051069  [25600/50000]
loss: 0.013285  [32000/50000]
loss: 0.021067  [38400/50000]
loss: 0.012013  [44800/50000]
Test Error: 
 Accuracy: 76.7%, Avg loss: 1.388071 

Epoch 39
-------------------------------
loss: 0.007132  [    0/50000]
loss: 0.012801  [ 6400/50000]
loss: 0.076695  [12800/50000]
loss: 0.036199  [19200/50000]
loss: 0.021675  [25600/50000]
loss: 0.109797  [32000/50000]
loss: 0.081800  [38400/50000]
loss: 0.021482  [44800/50000]
Test Error: 
 Accuracy: 75.7%, Avg loss: 1.454700 

Epoch 40
-------------------------------
loss: 0.122768  [    0/50000]
loss: 0.062575  [ 6400/50000]
loss: 0.027857  [12800/50000]
loss: 0.062554  [19200/50000]
loss: 0.004602  [25600/50000]
loss: 0.064923  [32000/50000]
loss: 0.017740  [38400/50000]
loss: 0.013513  [44800/50000]
Test Error: 
 Accuracy: 76.7%, Avg loss: 1.423069 

Epoch 41
-------------------------------
loss: 0.088918  [    0/50000]
loss: 0.002995  [ 6400/50000]
loss: 0.009068  [12800/50000]
loss: 0.004502  [19200/50000]
loss: 0.013513  [25600/50000]
loss: 0.010536  [32000/50000]
loss: 0.052618  [38400/50000]
loss: 0.103283  [44800/50000]
Test Error: 
 Accuracy: 76.7%, Avg loss: 1.380376 

Epoch 42
-------------------------------
loss: 0.004155  [    0/50000]
loss: 0.006552  [ 6400/50000]
loss: 0.005686  [12800/50000]
loss: 0.013024  [19200/50000]
loss: 0.098080  [25600/50000]
loss: 0.009684  [32000/50000]
loss: 0.012990  [38400/50000]
loss: 0.040237  [44800/50000]
Test Error: 
 Accuracy: 75.9%, Avg loss: 1.479856 

Epoch 43
-------------------------------
loss: 0.010019  [    0/50000]
loss: 0.045725  [ 6400/50000]
loss: 0.005932  [12800/50000]
loss: 0.014562  [19200/50000]
loss: 0.143658  [25600/50000]
loss: 0.058439  [32000/50000]
loss: 0.026517  [38400/50000]
loss: 0.039041  [44800/50000]
Test Error: 
 Accuracy: 76.3%, Avg loss: 1.396779 

Epoch 44
-------------------------------
loss: 0.018730  [    0/50000]
loss: 0.040248  [ 6400/50000]
loss: 0.025355  [12800/50000]
loss: 0.021973  [19200/50000]
loss: 0.002695  [25600/50000]
loss: 0.046229  [32000/50000]
loss: 0.009288  [38400/50000]
loss: 0.020405  [44800/50000]
Test Error: 
 Accuracy: 75.9%, Avg loss: 1.530396 

Epoch 45
-------------------------------
loss: 0.003338  [    0/50000]
loss: 0.068774  [ 6400/50000]
loss: 0.008839  [12800/50000]
loss: 0.093164  [19200/50000]
loss: 0.044007  [25600/50000]
loss: 0.054470  [32000/50000]
loss: 0.101373  [38400/50000]
loss: 0.108347  [44800/50000]
Test Error: 
 Accuracy: 76.1%, Avg loss: 1.471816 

Epoch 46
-------------------------------
loss: 0.048263  [    0/50000]
loss: 0.028349  [ 6400/50000]
loss: 0.036510  [12800/50000]
loss: 0.009300  [19200/50000]
loss: 0.013599  [25600/50000]
loss: 0.001281  [32000/50000]
loss: 0.012204  [38400/50000]
loss: 0.014680  [44800/50000]
Test Error: 
 Accuracy: 76.4%, Avg loss: 1.445165 

Epoch 47
-------------------------------
loss: 0.005319  [    0/50000]
loss: 0.015345  [ 6400/50000]
loss: 0.016489  [12800/50000]
loss: 0.011783  [19200/50000]
loss: 0.016441  [25600/50000]
loss: 0.015702  [32000/50000]
loss: 0.079431  [38400/50000]
loss: 0.013644  [44800/50000]
Test Error: 
 Accuracy: 76.1%, Avg loss: 1.452681 

Epoch 48
-------------------------------
loss: 0.009362  [    0/50000]
loss: 0.007933  [ 6400/50000]
loss: 0.016038  [12800/50000]
loss: 0.012343  [19200/50000]
loss: 0.005097  [25600/50000]
loss: 0.127034  [32000/50000]
loss: 0.011561  [38400/50000]
loss: 0.021975  [44800/50000]
Test Error: 
 Accuracy: 75.8%, Avg loss: 1.513527 

Epoch 49
-------------------------------
loss: 0.007222  [    0/50000]
loss: 0.012885  [ 6400/50000]
loss: 0.007649  [12800/50000]
loss: 0.058110  [19200/50000]
loss: 0.011828  [25600/50000]
loss: 0.002055  [32000/50000]
loss: 0.039309  [38400/50000]
loss: 0.002373  [44800/50000]
Test Error: 
 Accuracy: 76.4%, Avg loss: 1.521593 

Epoch 50
-------------------------------
loss: 0.023274  [    0/50000]
loss: 0.006362  [ 6400/50000]
loss: 0.072957  [12800/50000]
loss: 0.036553  [19200/50000]
loss: 0.018717  [25600/50000]
loss: 0.012296  [32000/50000]
loss: 0.001877  [38400/50000]
loss: 0.129969  [44800/50000]
Test Error: 
 Accuracy: 76.5%, Avg loss: 1.451587 

Done!
