command config
N= 5
B= [3, 2, 2, 3, 3]
C1= 16
F= [5, 3, 5, 3, 3]
K= [5, 1, 3, 1, 1]
P= 2
number of parameters 4553562
Epoch 1
-------------------------------
loss: 2.467588  [    0/50000]
loss: 1.809112  [ 6400/50000]
loss: 1.513089  [12800/50000]
loss: 1.394666  [19200/50000]
loss: 1.468231  [25600/50000]
loss: 1.204172  [32000/50000]
loss: 1.148548  [38400/50000]
loss: 0.898808  [44800/50000]
Test Error: 
 Accuracy: 60.8%, Avg loss: 1.093609 

Epoch 2
-------------------------------
loss: 1.073546  [    0/50000]
loss: 0.742252  [ 6400/50000]
loss: 0.859433  [12800/50000]
loss: 0.769830  [19200/50000]
loss: 0.700663  [25600/50000]
loss: 1.031782  [32000/50000]
loss: 0.710525  [38400/50000]
loss: 0.837999  [44800/50000]
Test Error: 
 Accuracy: 69.5%, Avg loss: 0.881791 

Epoch 3
-------------------------------
loss: 0.611879  [    0/50000]
loss: 0.796670  [ 6400/50000]
loss: 0.514209  [12800/50000]
loss: 0.854808  [19200/50000]
loss: 0.889103  [25600/50000]
loss: 0.538289  [32000/50000]
loss: 0.749752  [38400/50000]
loss: 0.712801  [44800/50000]
Test Error: 
 Accuracy: 73.6%, Avg loss: 0.761158 

Epoch 4
-------------------------------
loss: 0.663713  [    0/50000]
loss: 0.716012  [ 6400/50000]
loss: 0.470292  [12800/50000]
loss: 0.704546  [19200/50000]
loss: 0.618069  [25600/50000]
loss: 0.641641  [32000/50000]
loss: 0.752220  [38400/50000]
loss: 0.784364  [44800/50000]
Test Error: 
 Accuracy: 75.6%, Avg loss: 0.690721 

Epoch 5
-------------------------------
loss: 0.491057  [    0/50000]
loss: 0.480035  [ 6400/50000]
loss: 0.600324  [12800/50000]
loss: 0.420179  [19200/50000]
loss: 0.571406  [25600/50000]
loss: 0.575023  [32000/50000]
loss: 0.465151  [38400/50000]
loss: 0.614956  [44800/50000]
Test Error: 
 Accuracy: 76.7%, Avg loss: 0.696432 

Epoch 6
-------------------------------
loss: 0.298348  [    0/50000]
loss: 0.530359  [ 6400/50000]
loss: 0.370377  [12800/50000]
loss: 0.328528  [19200/50000]
loss: 0.606596  [25600/50000]
loss: 0.557989  [32000/50000]
loss: 0.345435  [38400/50000]
loss: 0.275357  [44800/50000]
Test Error: 
 Accuracy: 79.2%, Avg loss: 0.631939 

Epoch 7
-------------------------------
loss: 0.234016  [    0/50000]
loss: 0.157201  [ 6400/50000]
loss: 0.461575  [12800/50000]
loss: 0.316352  [19200/50000]
loss: 0.182387  [25600/50000]
loss: 0.205623  [32000/50000]
loss: 0.258544  [38400/50000]
loss: 0.169205  [44800/50000]
Test Error: 
 Accuracy: 78.3%, Avg loss: 0.700421 

Epoch 8
-------------------------------
loss: 0.218661  [    0/50000]
loss: 0.207082  [ 6400/50000]
loss: 0.102988  [12800/50000]
loss: 0.276099  [19200/50000]
loss: 0.153365  [25600/50000]
loss: 0.228560  [32000/50000]
loss: 0.113229  [38400/50000]
loss: 0.149659  [44800/50000]
Test Error: 
 Accuracy: 79.3%, Avg loss: 0.703203 

Epoch 9
-------------------------------
loss: 0.160751  [    0/50000]
loss: 0.164487  [ 6400/50000]
loss: 0.123543  [12800/50000]
loss: 0.145467  [19200/50000]
loss: 0.229393  [25600/50000]
loss: 0.142681  [32000/50000]
loss: 0.118448  [38400/50000]
loss: 0.217519  [44800/50000]
Test Error: 
 Accuracy: 78.8%, Avg loss: 0.785984 

Epoch 10
-------------------------------
loss: 0.246190  [    0/50000]
loss: 0.143977  [ 6400/50000]
loss: 0.277955  [12800/50000]
loss: 0.027056  [19200/50000]
loss: 0.284576  [25600/50000]
loss: 0.145615  [32000/50000]
loss: 0.180798  [38400/50000]
loss: 0.107388  [44800/50000]
Test Error: 
 Accuracy: 78.8%, Avg loss: 0.850900 

Epoch 11
-------------------------------
loss: 0.073259  [    0/50000]
loss: 0.112369  [ 6400/50000]
loss: 0.101141  [12800/50000]
loss: 0.109524  [19200/50000]
loss: 0.141610  [25600/50000]
loss: 0.087743  [32000/50000]
loss: 0.045330  [38400/50000]
loss: 0.184597  [44800/50000]
Test Error: 
 Accuracy: 79.4%, Avg loss: 0.842040 

Epoch 12
-------------------------------
loss: 0.029455  [    0/50000]
loss: 0.060403  [ 6400/50000]
loss: 0.049413  [12800/50000]
loss: 0.068731  [19200/50000]
loss: 0.129924  [25600/50000]
loss: 0.028230  [32000/50000]
loss: 0.082040  [38400/50000]
loss: 0.185330  [44800/50000]
Test Error: 
 Accuracy: 79.3%, Avg loss: 0.853319 

Epoch 13
-------------------------------
loss: 0.032623  [    0/50000]
loss: 0.034666  [ 6400/50000]
loss: 0.040825  [12800/50000]
loss: 0.081128  [19200/50000]
loss: 0.021421  [25600/50000]
loss: 0.104379  [32000/50000]
loss: 0.042985  [38400/50000]
loss: 0.070075  [44800/50000]
Test Error: 
 Accuracy: 78.7%, Avg loss: 0.943576 

Epoch 14
-------------------------------
loss: 0.072969  [    0/50000]
loss: 0.066252  [ 6400/50000]
loss: 0.058958  [12800/50000]
loss: 0.137613  [19200/50000]
loss: 0.138185  [25600/50000]
loss: 0.059017  [32000/50000]
loss: 0.056086  [38400/50000]
loss: 0.054862  [44800/50000]
Test Error: 
 Accuracy: 77.8%, Avg loss: 1.054513 

Epoch 15
-------------------------------
loss: 0.097879  [    0/50000]
loss: 0.100064  [ 6400/50000]
loss: 0.012709  [12800/50000]
loss: 0.131115  [19200/50000]
loss: 0.065194  [25600/50000]
loss: 0.104569  [32000/50000]
loss: 0.067250  [38400/50000]
loss: 0.148965  [44800/50000]
Test Error: 
 Accuracy: 79.4%, Avg loss: 1.001006 

Epoch 16
-------------------------------
loss: 0.006207  [    0/50000]
loss: 0.070583  [ 6400/50000]
loss: 0.105227  [12800/50000]
loss: 0.060302  [19200/50000]
loss: 0.024924  [25600/50000]
loss: 0.015704  [32000/50000]
loss: 0.081148  [38400/50000]
loss: 0.135840  [44800/50000]
Test Error: 
 Accuracy: 79.4%, Avg loss: 0.980486 

Epoch 17
-------------------------------
loss: 0.019084  [    0/50000]
loss: 0.008331  [ 6400/50000]
loss: 0.029754  [12800/50000]
loss: 0.040420  [19200/50000]
loss: 0.101848  [25600/50000]
loss: 0.070328  [32000/50000]
loss: 0.114334  [38400/50000]
loss: 0.047648  [44800/50000]
Test Error: 
 Accuracy: 79.3%, Avg loss: 1.011058 

Epoch 18
-------------------------------
loss: 0.063596  [    0/50000]
loss: 0.035407  [ 6400/50000]
loss: 0.021302  [12800/50000]
loss: 0.036816  [19200/50000]
loss: 0.007414  [25600/50000]
loss: 0.016842  [32000/50000]
loss: 0.046206  [38400/50000]
loss: 0.011160  [44800/50000]
Test Error: 
 Accuracy: 78.8%, Avg loss: 1.036780 

Epoch 19
-------------------------------
loss: 0.036359  [    0/50000]
loss: 0.030478  [ 6400/50000]
loss: 0.011379  [12800/50000]
loss: 0.038815  [19200/50000]
loss: 0.040447  [25600/50000]
loss: 0.042478  [32000/50000]
loss: 0.025848  [38400/50000]
loss: 0.076398  [44800/50000]
Test Error: 
 Accuracy: 78.9%, Avg loss: 1.063535 

Epoch 20
-------------------------------
loss: 0.071306  [    0/50000]
loss: 0.031157  [ 6400/50000]
loss: 0.036570  [12800/50000]
loss: 0.057652  [19200/50000]
loss: 0.077293  [25600/50000]
loss: 0.022603  [32000/50000]
loss: 0.012361  [38400/50000]
loss: 0.051380  [44800/50000]
Test Error: 
 Accuracy: 80.0%, Avg loss: 0.997371 

Epoch 21
-------------------------------
loss: 0.073624  [    0/50000]
loss: 0.015086  [ 6400/50000]
loss: 0.066000  [12800/50000]
loss: 0.060659  [19200/50000]
loss: 0.011315  [25600/50000]
loss: 0.022439  [32000/50000]
loss: 0.056423  [38400/50000]
loss: 0.149402  [44800/50000]
Test Error: 
 Accuracy: 79.2%, Avg loss: 1.097290 

Epoch 22
-------------------------------
loss: 0.052320  [    0/50000]
loss: 0.028400  [ 6400/50000]
loss: 0.014177  [12800/50000]
loss: 0.004071  [19200/50000]
loss: 0.146833  [25600/50000]
loss: 0.082749  [32000/50000]
loss: 0.026168  [38400/50000]
loss: 0.114459  [44800/50000]
Test Error: 
 Accuracy: 79.9%, Avg loss: 1.101858 

Epoch 23
-------------------------------
loss: 0.075523  [    0/50000]
loss: 0.008412  [ 6400/50000]
loss: 0.024039  [12800/50000]
loss: 0.022286  [19200/50000]
loss: 0.009460  [25600/50000]
loss: 0.014605  [32000/50000]
loss: 0.094475  [38400/50000]
loss: 0.100741  [44800/50000]
Test Error: 
 Accuracy: 79.7%, Avg loss: 1.144396 

Epoch 24
-------------------------------
loss: 0.036873  [    0/50000]
loss: 0.006363  [ 6400/50000]
loss: 0.112369  [12800/50000]
loss: 0.045706  [19200/50000]
loss: 0.015749  [25600/50000]
loss: 0.042505  [32000/50000]
loss: 0.038328  [38400/50000]
loss: 0.017022  [44800/50000]
Test Error: 
 Accuracy: 79.8%, Avg loss: 1.090773 

Epoch 25
-------------------------------
loss: 0.003774  [    0/50000]
loss: 0.010880  [ 6400/50000]
loss: 0.010659  [12800/50000]
loss: 0.005168  [19200/50000]
loss: 0.057480  [25600/50000]
loss: 0.016894  [32000/50000]
loss: 0.005372  [38400/50000]
loss: 0.048339  [44800/50000]
Test Error: 
 Accuracy: 79.1%, Avg loss: 1.183823 

Epoch 26
-------------------------------
loss: 0.013005  [    0/50000]
loss: 0.109274  [ 6400/50000]
loss: 0.075800  [12800/50000]
loss: 0.023890  [19200/50000]
loss: 0.001808  [25600/50000]
loss: 0.058737  [32000/50000]
loss: 0.022476  [38400/50000]
loss: 0.052605  [44800/50000]
Test Error: 
 Accuracy: 80.0%, Avg loss: 1.115079 

Epoch 27
-------------------------------
loss: 0.021596  [    0/50000]
loss: 0.015153  [ 6400/50000]
loss: 0.003727  [12800/50000]
loss: 0.060513  [19200/50000]
loss: 0.034544  [25600/50000]
loss: 0.018658  [32000/50000]
loss: 0.124948  [38400/50000]
loss: 0.013355  [44800/50000]
Test Error: 
 Accuracy: 80.2%, Avg loss: 1.085219 

Epoch 28
-------------------------------
loss: 0.002382  [    0/50000]
loss: 0.011599  [ 6400/50000]
loss: 0.001649  [12800/50000]
loss: 0.004118  [19200/50000]
loss: 0.017045  [25600/50000]
loss: 0.071861  [32000/50000]
loss: 0.009476  [38400/50000]
loss: 0.010641  [44800/50000]
Test Error: 
 Accuracy: 80.0%, Avg loss: 1.156920 

Epoch 29
-------------------------------
loss: 0.002048  [    0/50000]
loss: 0.017987  [ 6400/50000]
loss: 0.002993  [12800/50000]
loss: 0.025808  [19200/50000]
loss: 0.037221  [25600/50000]
loss: 0.003351  [32000/50000]
loss: 0.010482  [38400/50000]
loss: 0.006621  [44800/50000]
Test Error: 
 Accuracy: 80.3%, Avg loss: 1.135909 

Epoch 30
-------------------------------
loss: 0.112526  [    0/50000]
loss: 0.025514  [ 6400/50000]
loss: 0.001221  [12800/50000]
loss: 0.005449  [19200/50000]
loss: 0.002886  [25600/50000]
loss: 0.006168  [32000/50000]
loss: 0.039002  [38400/50000]
loss: 0.030490  [44800/50000]
Test Error: 
 Accuracy: 79.6%, Avg loss: 1.213685 

Epoch 31
-------------------------------
loss: 0.003425  [    0/50000]
loss: 0.034411  [ 6400/50000]
loss: 0.086810  [12800/50000]
loss: 0.076207  [19200/50000]
loss: 0.004923  [25600/50000]
loss: 0.005817  [32000/50000]
loss: 0.065914  [38400/50000]
loss: 0.181537  [44800/50000]
Test Error: 
 Accuracy: 80.1%, Avg loss: 1.163125 

Epoch 32
-------------------------------
loss: 0.003182  [    0/50000]
loss: 0.000903  [ 6400/50000]
loss: 0.001766  [12800/50000]
loss: 0.006079  [19200/50000]
loss: 0.002967  [25600/50000]
loss: 0.002023  [32000/50000]
loss: 0.001183  [38400/50000]
loss: 0.016129  [44800/50000]
Test Error: 
 Accuracy: 80.2%, Avg loss: 1.211563 

Epoch 33
-------------------------------
loss: 0.007388  [    0/50000]
loss: 0.003174  [ 6400/50000]
loss: 0.008496  [12800/50000]
loss: 0.014969  [19200/50000]
loss: 0.059764  [25600/50000]
loss: 0.022780  [32000/50000]
loss: 0.008213  [38400/50000]
loss: 0.012636  [44800/50000]
Test Error: 
 Accuracy: 79.4%, Avg loss: 1.217268 

Epoch 34
-------------------------------
loss: 0.004123  [    0/50000]
loss: 0.035943  [ 6400/50000]
loss: 0.011344  [12800/50000]
loss: 0.030225  [19200/50000]
loss: 0.004444  [25600/50000]
loss: 0.059290  [32000/50000]
loss: 0.036147  [38400/50000]
loss: 0.011975  [44800/50000]
Test Error: 
 Accuracy: 80.9%, Avg loss: 1.108430 

Epoch 35
-------------------------------
loss: 0.001673  [    0/50000]
loss: 0.055834  [ 6400/50000]
loss: 0.007621  [12800/50000]
loss: 0.015075  [19200/50000]
loss: 0.001189  [25600/50000]
loss: 0.038646  [32000/50000]
loss: 0.010414  [38400/50000]
loss: 0.043250  [44800/50000]
Test Error: 
 Accuracy: 79.5%, Avg loss: 1.226668 

Epoch 36
-------------------------------
loss: 0.011021  [    0/50000]
loss: 0.020526  [ 6400/50000]
loss: 0.005512  [12800/50000]
loss: 0.010655  [19200/50000]
loss: 0.006769  [25600/50000]
loss: 0.000575  [32000/50000]
loss: 0.094799  [38400/50000]
loss: 0.004314  [44800/50000]
Test Error: 
 Accuracy: 79.4%, Avg loss: 1.183842 

Epoch 37
-------------------------------
loss: 0.007980  [    0/50000]
loss: 0.001705  [ 6400/50000]
loss: 0.013272  [12800/50000]
loss: 0.000374  [19200/50000]
loss: 0.016078  [25600/50000]
loss: 0.002540  [32000/50000]
loss: 0.034148  [38400/50000]
loss: 0.031888  [44800/50000]
Test Error: 
 Accuracy: 80.6%, Avg loss: 1.176022 

Epoch 38
-------------------------------
loss: 0.103723  [    0/50000]
loss: 0.004455  [ 6400/50000]
loss: 0.011255  [12800/50000]
loss: 0.006377  [19200/50000]
loss: 0.003482  [25600/50000]
loss: 0.013489  [32000/50000]
loss: 0.120036  [38400/50000]
loss: 0.000321  [44800/50000]
Test Error: 
 Accuracy: 79.1%, Avg loss: 1.318815 

Epoch 39
-------------------------------
loss: 0.031802  [    0/50000]
loss: 0.007643  [ 6400/50000]
loss: 0.002870  [12800/50000]
loss: 0.006295  [19200/50000]
loss: 0.089866  [25600/50000]
loss: 0.023829  [32000/50000]
loss: 0.015279  [38400/50000]
loss: 0.042219  [44800/50000]
Test Error: 
 Accuracy: 80.8%, Avg loss: 1.161215 

Epoch 40
-------------------------------
loss: 0.002397  [    0/50000]
loss: 0.016365  [ 6400/50000]
loss: 0.005287  [12800/50000]
loss: 0.000489  [19200/50000]
loss: 0.003642  [25600/50000]
loss: 0.002053  [32000/50000]
loss: 0.029165  [38400/50000]
loss: 0.066536  [44800/50000]
Test Error: 
 Accuracy: 80.4%, Avg loss: 1.245519 

Epoch 41
-------------------------------
loss: 0.114854  [    0/50000]
loss: 0.007404  [ 6400/50000]
loss: 0.128357  [12800/50000]
loss: 0.000619  [19200/50000]
loss: 0.008407  [25600/50000]
loss: 0.015489  [32000/50000]
loss: 0.002258  [38400/50000]
loss: 0.001653  [44800/50000]
Test Error: 
 Accuracy: 79.1%, Avg loss: 1.340734 

Epoch 42
-------------------------------
loss: 0.003026  [    0/50000]
loss: 0.024809  [ 6400/50000]
loss: 0.000940  [12800/50000]
loss: 0.000324  [19200/50000]
loss: 0.022148  [25600/50000]
loss: 0.002414  [32000/50000]
loss: 0.062030  [38400/50000]
loss: 0.043009  [44800/50000]
Test Error: 
 Accuracy: 80.3%, Avg loss: 1.208468 

Epoch 43
-------------------------------
loss: 0.001976  [    0/50000]
loss: 0.000964  [ 6400/50000]
loss: 0.036758  [12800/50000]
loss: 0.004568  [19200/50000]
loss: 0.007348  [25600/50000]
loss: 0.065804  [32000/50000]
loss: 0.008988  [38400/50000]
loss: 0.006211  [44800/50000]
Test Error: 
 Accuracy: 80.3%, Avg loss: 1.224321 

Epoch 44
-------------------------------
loss: 0.009093  [    0/50000]
loss: 0.001291  [ 6400/50000]
loss: 0.007939  [12800/50000]
loss: 0.017898  [19200/50000]
loss: 0.049498  [25600/50000]
loss: 0.003934  [32000/50000]
loss: 0.001310  [38400/50000]
loss: 0.002686  [44800/50000]
Test Error: 
 Accuracy: 80.2%, Avg loss: 1.250867 

Epoch 45
-------------------------------
loss: 0.006159  [    0/50000]
loss: 0.000833  [ 6400/50000]
loss: 0.078754  [12800/50000]
loss: 0.005608  [19200/50000]
loss: 0.053810  [25600/50000]
loss: 0.166682  [32000/50000]
loss: 0.012870  [38400/50000]
loss: 0.065302  [44800/50000]
Test Error: 
 Accuracy: 80.8%, Avg loss: 1.216469 

Epoch 46
-------------------------------
loss: 0.002965  [    0/50000]
loss: 0.033168  [ 6400/50000]
loss: 0.002510  [12800/50000]
loss: 0.102734  [19200/50000]
loss: 0.000531  [25600/50000]
loss: 0.029359  [32000/50000]
loss: 0.004898  [38400/50000]
loss: 0.002900  [44800/50000]
Test Error: 
 Accuracy: 80.3%, Avg loss: 1.279683 

Epoch 47
-------------------------------
loss: 0.001050  [    0/50000]
loss: 0.005015  [ 6400/50000]
loss: 0.039357  [12800/50000]
loss: 0.001350  [19200/50000]
loss: 0.036732  [25600/50000]
loss: 0.001922  [32000/50000]
loss: 0.018911  [38400/50000]
loss: 0.002372  [44800/50000]
Test Error: 
 Accuracy: 80.6%, Avg loss: 1.255576 

Epoch 48
-------------------------------
loss: 0.001369  [    0/50000]
loss: 0.013865  [ 6400/50000]
loss: 0.004022  [12800/50000]
loss: 0.000914  [19200/50000]
loss: 0.003570  [25600/50000]
loss: 0.003091  [32000/50000]
loss: 0.007669  [38400/50000]
loss: 0.001391  [44800/50000]
Test Error: 
 Accuracy: 80.1%, Avg loss: 1.337561 

Epoch 49
-------------------------------
loss: 0.001591  [    0/50000]
loss: 0.016105  [ 6400/50000]
loss: 0.003252  [12800/50000]
loss: 0.029378  [19200/50000]
loss: 0.006856  [25600/50000]
loss: 0.001291  [32000/50000]
loss: 0.007134  [38400/50000]
loss: 0.035929  [44800/50000]
Test Error: 
 Accuracy: 79.8%, Avg loss: 1.296565 

Epoch 50
-------------------------------
loss: 0.015677  [    0/50000]
loss: 0.000426  [ 6400/50000]
loss: 0.003461  [12800/50000]
loss: 0.009670  [19200/50000]
loss: 0.002103  [25600/50000]
loss: 0.042475  [32000/50000]
loss: 0.001063  [38400/50000]
loss: 0.002811  [44800/50000]
Test Error: 
 Accuracy: 79.6%, Avg loss: 1.385751 

Done!
