command config
N= 3
B= [1, 4, 3]
C1= 64
F= [5, 3, 3]
K= [5, 1, 1]
P= 8
number of parameters 4606282
Epoch 1
-------------------------------
loss: 2.426930  [    0/50000]
loss: 1.583728  [ 6400/50000]
loss: 1.545498  [12800/50000]
loss: 1.262303  [19200/50000]
loss: 1.325067  [25600/50000]
loss: 1.411058  [32000/50000]
loss: 1.212633  [38400/50000]
loss: 1.117424  [44800/50000]
Test Error: 
 Accuracy: 54.0%, Avg loss: 1.369792 

Epoch 2
-------------------------------
loss: 1.102328  [    0/50000]
loss: 0.946627  [ 6400/50000]
loss: 0.875487  [12800/50000]
loss: 0.822249  [19200/50000]
loss: 0.984295  [25600/50000]
loss: 1.033336  [32000/50000]
loss: 0.979822  [38400/50000]
loss: 0.569111  [44800/50000]
Test Error: 
 Accuracy: 56.1%, Avg loss: 1.447680 

Epoch 3
-------------------------------
loss: 0.586358  [    0/50000]
loss: 0.906991  [ 6400/50000]
loss: 0.453803  [12800/50000]
loss: 0.747566  [19200/50000]
loss: 0.734943  [25600/50000]
loss: 0.657801  [32000/50000]
loss: 0.881933  [38400/50000]
loss: 0.744965  [44800/50000]
Test Error: 
 Accuracy: 75.7%, Avg loss: 0.694682 

Epoch 4
-------------------------------
loss: 0.710384  [    0/50000]
loss: 0.613021  [ 6400/50000]
loss: 0.831769  [12800/50000]
loss: 0.395076  [19200/50000]
loss: 0.582516  [25600/50000]
loss: 0.614144  [32000/50000]
loss: 0.404550  [38400/50000]
loss: 0.644416  [44800/50000]
Test Error: 
 Accuracy: 78.9%, Avg loss: 0.613235 

Epoch 5
-------------------------------
loss: 0.680782  [    0/50000]
loss: 0.555543  [ 6400/50000]
loss: 0.465987  [12800/50000]
loss: 0.448647  [19200/50000]
loss: 0.362384  [25600/50000]
loss: 0.452501  [32000/50000]
loss: 0.499767  [38400/50000]
loss: 0.415971  [44800/50000]
Test Error: 
 Accuracy: 79.6%, Avg loss: 0.602523 

Epoch 6
-------------------------------
loss: 0.341075  [    0/50000]
loss: 0.377494  [ 6400/50000]
loss: 0.347041  [12800/50000]
loss: 0.363472  [19200/50000]
loss: 0.453037  [25600/50000]
loss: 0.427641  [32000/50000]
loss: 0.388011  [38400/50000]
loss: 0.425356  [44800/50000]
Test Error: 
 Accuracy: 81.0%, Avg loss: 0.571419 

Epoch 7
-------------------------------
loss: 0.225861  [    0/50000]
loss: 0.264145  [ 6400/50000]
loss: 0.554806  [12800/50000]
loss: 0.215756  [19200/50000]
loss: 0.396658  [25600/50000]
loss: 0.267135  [32000/50000]
loss: 0.330242  [38400/50000]
loss: 0.399676  [44800/50000]
Test Error: 
 Accuracy: 81.6%, Avg loss: 0.548628 

Epoch 8
-------------------------------
loss: 0.201769  [    0/50000]
loss: 0.318634  [ 6400/50000]
loss: 0.243079  [12800/50000]
loss: 0.149496  [19200/50000]
loss: 0.254025  [25600/50000]
loss: 0.120378  [32000/50000]
loss: 0.440594  [38400/50000]
loss: 0.316921  [44800/50000]
Test Error: 
 Accuracy: 82.8%, Avg loss: 0.551904 

Epoch 9
-------------------------------
loss: 0.204453  [    0/50000]
loss: 0.198449  [ 6400/50000]
loss: 0.167429  [12800/50000]
loss: 0.292714  [19200/50000]
loss: 0.199008  [25600/50000]
loss: 0.183329  [32000/50000]
loss: 0.242091  [38400/50000]
loss: 0.161862  [44800/50000]
Test Error: 
 Accuracy: 81.9%, Avg loss: 0.618520 

Epoch 10
-------------------------------
loss: 0.363282  [    0/50000]
loss: 0.092575  [ 6400/50000]
loss: 0.080799  [12800/50000]
loss: 0.176105  [19200/50000]
loss: 0.107645  [25600/50000]
loss: 0.273027  [32000/50000]
loss: 0.049273  [38400/50000]
loss: 0.097957  [44800/50000]
Test Error: 
 Accuracy: 84.7%, Avg loss: 0.503215 

Epoch 11
-------------------------------
loss: 0.143101  [    0/50000]
loss: 0.129297  [ 6400/50000]
loss: 0.103208  [12800/50000]
loss: 0.117155  [19200/50000]
loss: 0.056643  [25600/50000]
loss: 0.134724  [32000/50000]
loss: 0.067474  [38400/50000]
loss: 0.145203  [44800/50000]
Test Error: 
 Accuracy: 84.4%, Avg loss: 0.535929 

Epoch 12
-------------------------------
loss: 0.063723  [    0/50000]
loss: 0.100214  [ 6400/50000]
loss: 0.172699  [12800/50000]
loss: 0.090550  [19200/50000]
loss: 0.087914  [25600/50000]
loss: 0.072403  [32000/50000]
loss: 0.120340  [38400/50000]
loss: 0.279272  [44800/50000]
Test Error: 
 Accuracy: 83.7%, Avg loss: 0.622897 

Epoch 13
-------------------------------
loss: 0.053393  [    0/50000]
loss: 0.036088  [ 6400/50000]
loss: 0.124969  [12800/50000]
loss: 0.093320  [19200/50000]
loss: 0.078217  [25600/50000]
loss: 0.260577  [32000/50000]
loss: 0.077355  [38400/50000]
loss: 0.215608  [44800/50000]
Test Error: 
 Accuracy: 84.3%, Avg loss: 0.605725 

Epoch 14
-------------------------------
loss: 0.154157  [    0/50000]
loss: 0.105262  [ 6400/50000]
loss: 0.080801  [12800/50000]
loss: 0.015671  [19200/50000]
loss: 0.078226  [25600/50000]
loss: 0.106035  [32000/50000]
loss: 0.086729  [38400/50000]
loss: 0.019432  [44800/50000]
Test Error: 
 Accuracy: 83.8%, Avg loss: 0.668583 

Epoch 15
-------------------------------
loss: 0.037064  [    0/50000]
loss: 0.048735  [ 6400/50000]
loss: 0.163125  [12800/50000]
loss: 0.130224  [19200/50000]
loss: 0.137188  [25600/50000]
loss: 0.059458  [32000/50000]
loss: 0.126208  [38400/50000]
loss: 0.046502  [44800/50000]
Test Error: 
 Accuracy: 84.5%, Avg loss: 0.663675 

Epoch 16
-------------------------------
loss: 0.028328  [    0/50000]
loss: 0.048333  [ 6400/50000]
loss: 0.016220  [12800/50000]
loss: 0.048696  [19200/50000]
loss: 0.031222  [25600/50000]
loss: 0.020744  [32000/50000]
loss: 0.048830  [38400/50000]
loss: 0.065775  [44800/50000]
Test Error: 
 Accuracy: 80.0%, Avg loss: 0.927997 

Epoch 17
-------------------------------
loss: 0.027611  [    0/50000]
loss: 0.065450  [ 6400/50000]
loss: 0.045382  [12800/50000]
loss: 0.037189  [19200/50000]
loss: 0.104824  [25600/50000]
loss: 0.092049  [32000/50000]
loss: 0.019605  [38400/50000]
loss: 0.115419  [44800/50000]
Test Error: 
 Accuracy: 85.3%, Avg loss: 0.647027 

Epoch 18
-------------------------------
loss: 0.015527  [    0/50000]
loss: 0.019161  [ 6400/50000]
loss: 0.013826  [12800/50000]
loss: 0.013153  [19200/50000]
loss: 0.018341  [25600/50000]
loss: 0.042969  [32000/50000]
loss: 0.053384  [38400/50000]
loss: 0.040355  [44800/50000]
Test Error: 
 Accuracy: 85.1%, Avg loss: 0.674475 

Epoch 19
-------------------------------
loss: 0.015161  [    0/50000]
loss: 0.004184  [ 6400/50000]
loss: 0.018217  [12800/50000]
loss: 0.023274  [19200/50000]
loss: 0.125979  [25600/50000]
loss: 0.009375  [32000/50000]
loss: 0.057195  [38400/50000]
loss: 0.026451  [44800/50000]
Test Error: 
 Accuracy: 85.8%, Avg loss: 0.640362 

Epoch 20
-------------------------------
loss: 0.032660  [    0/50000]
loss: 0.012675  [ 6400/50000]
loss: 0.040990  [12800/50000]
loss: 0.038743  [19200/50000]
loss: 0.058290  [25600/50000]
loss: 0.065190  [32000/50000]
loss: 0.113656  [38400/50000]
loss: 0.037404  [44800/50000]
Test Error: 
 Accuracy: 84.6%, Avg loss: 0.771877 

Epoch 21
-------------------------------
loss: 0.018966  [    0/50000]
loss: 0.041663  [ 6400/50000]
loss: 0.008557  [12800/50000]
loss: 0.022748  [19200/50000]
loss: 0.174591  [25600/50000]
loss: 0.039360  [32000/50000]
loss: 0.064261  [38400/50000]
loss: 0.025855  [44800/50000]
Test Error: 
 Accuracy: 85.1%, Avg loss: 0.741594 

Epoch 22
-------------------------------
loss: 0.006268  [    0/50000]
loss: 0.010760  [ 6400/50000]
loss: 0.037207  [12800/50000]
loss: 0.024415  [19200/50000]
loss: 0.017232  [25600/50000]
loss: 0.022753  [32000/50000]
loss: 0.009459  [38400/50000]
loss: 0.022617  [44800/50000]
Test Error: 
 Accuracy: 85.0%, Avg loss: 0.722488 

Epoch 23
-------------------------------
loss: 0.005862  [    0/50000]
loss: 0.041766  [ 6400/50000]
loss: 0.028489  [12800/50000]
loss: 0.016720  [19200/50000]
loss: 0.003476  [25600/50000]
loss: 0.002721  [32000/50000]
loss: 0.069178  [38400/50000]
loss: 0.021049  [44800/50000]
Test Error: 
 Accuracy: 84.6%, Avg loss: 0.732564 

Epoch 24
-------------------------------
loss: 0.150681  [    0/50000]
loss: 0.003952  [ 6400/50000]
loss: 0.003772  [12800/50000]
loss: 0.004004  [19200/50000]
loss: 0.024504  [25600/50000]
loss: 0.050329  [32000/50000]
loss: 0.004923  [38400/50000]
loss: 0.009943  [44800/50000]
Test Error: 
 Accuracy: 84.0%, Avg loss: 0.804472 

Epoch 25
-------------------------------
loss: 0.062841  [    0/50000]
loss: 0.005857  [ 6400/50000]
loss: 0.011818  [12800/50000]
loss: 0.000900  [19200/50000]
loss: 0.040454  [25600/50000]
loss: 0.020850  [32000/50000]
loss: 0.008732  [38400/50000]
loss: 0.065933  [44800/50000]
Test Error: 
 Accuracy: 84.7%, Avg loss: 0.770679 

Epoch 26
-------------------------------
loss: 0.004670  [    0/50000]
loss: 0.004570  [ 6400/50000]
loss: 0.010891  [12800/50000]
loss: 0.014495  [19200/50000]
loss: 0.007162  [25600/50000]
loss: 0.038937  [32000/50000]
loss: 0.022686  [38400/50000]
loss: 0.012297  [44800/50000]
Test Error: 
 Accuracy: 84.9%, Avg loss: 0.753279 

Epoch 27
-------------------------------
loss: 0.032220  [    0/50000]
loss: 0.033107  [ 6400/50000]
loss: 0.019849  [12800/50000]
loss: 0.074132  [19200/50000]
loss: 0.014983  [25600/50000]
loss: 0.001893  [32000/50000]
loss: 0.056402  [38400/50000]
loss: 0.020678  [44800/50000]
Test Error: 
 Accuracy: 85.3%, Avg loss: 0.728196 

Epoch 28
-------------------------------
loss: 0.006861  [    0/50000]
loss: 0.005955  [ 6400/50000]
loss: 0.016178  [12800/50000]
loss: 0.048313  [19200/50000]
loss: 0.037787  [25600/50000]
loss: 0.015320  [32000/50000]
loss: 0.007651  [38400/50000]
loss: 0.135097  [44800/50000]
Test Error: 
 Accuracy: 85.0%, Avg loss: 0.838527 

Epoch 29
-------------------------------
loss: 0.019189  [    0/50000]
loss: 0.003642  [ 6400/50000]
loss: 0.025481  [12800/50000]
loss: 0.001743  [19200/50000]
loss: 0.009786  [25600/50000]
loss: 0.013950  [32000/50000]
loss: 0.093078  [38400/50000]
loss: 0.008743  [44800/50000]
Test Error: 
 Accuracy: 84.4%, Avg loss: 0.784699 

Epoch 30
-------------------------------
loss: 0.053432  [    0/50000]
loss: 0.126179  [ 6400/50000]
loss: 0.034432  [12800/50000]
loss: 0.010311  [19200/50000]
loss: 0.002396  [25600/50000]
loss: 0.019986  [32000/50000]
loss: 0.007759  [38400/50000]
loss: 0.004448  [44800/50000]
Test Error: 
 Accuracy: 85.7%, Avg loss: 0.763526 

Done!
