command config
N= 3
B= [2, 1, 4]
C1= 64
F= [3, 3, 3]
K= [1, 1, 1]
P= 8
number of parameters 4843594
Epoch 1
-------------------------------
loss: 2.542256  [    0/50000]
loss: 1.533544  [ 6400/50000]
loss: 1.497291  [12800/50000]
loss: 1.243129  [19200/50000]
loss: 1.140021  [25600/50000]
loss: 1.172714  [32000/50000]
loss: 1.084404  [38400/50000]
loss: 1.225093  [44800/50000]
Test Error: 
 Accuracy: 54.8%, Avg loss: 1.313104 

Epoch 2
-------------------------------
loss: 0.891872  [    0/50000]
loss: 1.029910  [ 6400/50000]
loss: 0.916059  [12800/50000]
loss: 0.816766  [19200/50000]
loss: 0.853116  [25600/50000]
loss: 0.806893  [32000/50000]
loss: 0.828192  [38400/50000]
loss: 0.962691  [44800/50000]
Test Error: 
 Accuracy: 68.9%, Avg loss: 0.886376 

Epoch 3
-------------------------------
loss: 0.475520  [    0/50000]
loss: 0.751096  [ 6400/50000]
loss: 0.623834  [12800/50000]
loss: 0.654944  [19200/50000]
loss: 0.443464  [25600/50000]
loss: 0.692828  [32000/50000]
loss: 0.498500  [38400/50000]
loss: 0.549294  [44800/50000]
Test Error: 
 Accuracy: 77.4%, Avg loss: 0.654706 

Epoch 4
-------------------------------
loss: 0.600558  [    0/50000]
loss: 0.395753  [ 6400/50000]
loss: 0.521855  [12800/50000]
loss: 0.422375  [19200/50000]
loss: 0.463964  [25600/50000]
loss: 0.595543  [32000/50000]
loss: 0.624195  [38400/50000]
loss: 0.606917  [44800/50000]
Test Error: 
 Accuracy: 78.6%, Avg loss: 0.646759 

Epoch 5
-------------------------------
loss: 0.546460  [    0/50000]
loss: 0.273892  [ 6400/50000]
loss: 0.493982  [12800/50000]
loss: 0.403708  [19200/50000]
loss: 0.286187  [25600/50000]
loss: 0.517833  [32000/50000]
loss: 0.547102  [38400/50000]
loss: 0.385973  [44800/50000]
Test Error: 
 Accuracy: 82.7%, Avg loss: 0.515641 

Epoch 6
-------------------------------
loss: 0.311060  [    0/50000]
loss: 0.295944  [ 6400/50000]
loss: 0.485295  [12800/50000]
loss: 0.339721  [19200/50000]
loss: 0.576587  [25600/50000]
loss: 0.184714  [32000/50000]
loss: 0.325815  [38400/50000]
loss: 0.324968  [44800/50000]
Test Error: 
 Accuracy: 80.9%, Avg loss: 0.594472 

Epoch 7
-------------------------------
loss: 0.214993  [    0/50000]
loss: 0.177872  [ 6400/50000]
loss: 0.162121  [12800/50000]
loss: 0.178460  [19200/50000]
loss: 0.281448  [25600/50000]
loss: 0.342819  [32000/50000]
loss: 0.245727  [38400/50000]
loss: 0.137474  [44800/50000]
Test Error: 
 Accuracy: 82.2%, Avg loss: 0.565357 

Epoch 8
-------------------------------
loss: 0.328398  [    0/50000]
loss: 0.198829  [ 6400/50000]
loss: 0.183636  [12800/50000]
loss: 0.222805  [19200/50000]
loss: 0.157702  [25600/50000]
loss: 0.275540  [32000/50000]
loss: 0.158540  [38400/50000]
loss: 0.187239  [44800/50000]
Test Error: 
 Accuracy: 83.1%, Avg loss: 0.589941 

Epoch 9
-------------------------------
loss: 0.088598  [    0/50000]
loss: 0.184738  [ 6400/50000]
loss: 0.247418  [12800/50000]
loss: 0.093667  [19200/50000]
loss: 0.418348  [25600/50000]
loss: 0.236500  [32000/50000]
loss: 0.318994  [38400/50000]
loss: 0.167383  [44800/50000]
Test Error: 
 Accuracy: 82.6%, Avg loss: 0.656883 

Epoch 10
-------------------------------
loss: 0.111074  [    0/50000]
loss: 0.103944  [ 6400/50000]
loss: 0.105303  [12800/50000]
loss: 0.147754  [19200/50000]
loss: 0.107910  [25600/50000]
loss: 0.072366  [32000/50000]
loss: 0.164226  [38400/50000]
loss: 0.149446  [44800/50000]
Test Error: 
 Accuracy: 82.3%, Avg loss: 0.675485 

Epoch 11
-------------------------------
loss: 0.021313  [    0/50000]
loss: 0.069763  [ 6400/50000]
loss: 0.071269  [12800/50000]
loss: 0.181710  [19200/50000]
loss: 0.148453  [25600/50000]
loss: 0.118932  [32000/50000]
loss: 0.019700  [38400/50000]
loss: 0.109015  [44800/50000]
Test Error: 
 Accuracy: 82.4%, Avg loss: 0.729010 

Epoch 12
-------------------------------
loss: 0.049119  [    0/50000]
loss: 0.109625  [ 6400/50000]
loss: 0.118275  [12800/50000]
loss: 0.158611  [19200/50000]
loss: 0.121822  [25600/50000]
loss: 0.240917  [32000/50000]
loss: 0.091113  [38400/50000]
loss: 0.057477  [44800/50000]
Test Error: 
 Accuracy: 82.3%, Avg loss: 0.769317 

Epoch 13
-------------------------------
loss: 0.117030  [    0/50000]
loss: 0.036650  [ 6400/50000]
loss: 0.033887  [12800/50000]
loss: 0.033808  [19200/50000]
loss: 0.052678  [25600/50000]
loss: 0.022282  [32000/50000]
loss: 0.066753  [38400/50000]
loss: 0.039799  [44800/50000]
Test Error: 
 Accuracy: 83.0%, Avg loss: 0.773446 

Epoch 14
-------------------------------
loss: 0.158748  [    0/50000]
loss: 0.033666  [ 6400/50000]
loss: 0.014214  [12800/50000]
loss: 0.011530  [19200/50000]
loss: 0.024488  [25600/50000]
loss: 0.001909  [32000/50000]
loss: 0.071948  [38400/50000]
loss: 0.019373  [44800/50000]
Test Error: 
 Accuracy: 82.4%, Avg loss: 0.830076 

Epoch 15
-------------------------------
loss: 0.013072  [    0/50000]
loss: 0.019976  [ 6400/50000]
loss: 0.034253  [12800/50000]
loss: 0.016035  [19200/50000]
loss: 0.039737  [25600/50000]
loss: 0.061386  [32000/50000]
loss: 0.022420  [38400/50000]
loss: 0.030100  [44800/50000]
Test Error: 
 Accuracy: 84.0%, Avg loss: 0.726597 

Epoch 16
-------------------------------
loss: 0.017112  [    0/50000]
loss: 0.012155  [ 6400/50000]
loss: 0.036748  [12800/50000]
loss: 0.050136  [19200/50000]
loss: 0.042117  [25600/50000]
loss: 0.007087  [32000/50000]
loss: 0.072744  [38400/50000]
loss: 0.084421  [44800/50000]
Test Error: 
 Accuracy: 84.0%, Avg loss: 0.761237 

Epoch 17
-------------------------------
loss: 0.053617  [    0/50000]
loss: 0.005032  [ 6400/50000]
loss: 0.018557  [12800/50000]
loss: 0.144242  [19200/50000]
loss: 0.088542  [25600/50000]
loss: 0.019682  [32000/50000]
loss: 0.020346  [38400/50000]
loss: 0.010343  [44800/50000]
Test Error: 
 Accuracy: 84.6%, Avg loss: 0.721817 

Epoch 18
-------------------------------
loss: 0.041573  [    0/50000]
loss: 0.091514  [ 6400/50000]
loss: 0.051679  [12800/50000]
loss: 0.018332  [19200/50000]
loss: 0.014375  [25600/50000]
loss: 0.023171  [32000/50000]
loss: 0.070399  [38400/50000]
loss: 0.070247  [44800/50000]
Test Error: 
 Accuracy: 82.9%, Avg loss: 0.838664 

Epoch 19
-------------------------------
loss: 0.028170  [    0/50000]
loss: 0.089790  [ 6400/50000]
loss: 0.093112  [12800/50000]
loss: 0.014551  [19200/50000]
loss: 0.050914  [25600/50000]
loss: 0.103803  [32000/50000]
loss: 0.045697  [38400/50000]
loss: 0.188575  [44800/50000]
Test Error: 
 Accuracy: 83.7%, Avg loss: 0.779011 

Epoch 20
-------------------------------
loss: 0.015272  [    0/50000]
loss: 0.014034  [ 6400/50000]
loss: 0.000921  [12800/50000]
loss: 0.022664  [19200/50000]
loss: 0.062338  [25600/50000]
loss: 0.041123  [32000/50000]
loss: 0.081691  [38400/50000]
loss: 0.031569  [44800/50000]
Test Error: 
 Accuracy: 82.7%, Avg loss: 0.884305 

Epoch 21
-------------------------------
loss: 0.028673  [    0/50000]
loss: 0.012998  [ 6400/50000]
loss: 0.038081  [12800/50000]
loss: 0.076679  [19200/50000]
loss: 0.055300  [25600/50000]
loss: 0.010330  [32000/50000]
loss: 0.016925  [38400/50000]
loss: 0.093855  [44800/50000]
Test Error: 
 Accuracy: 84.3%, Avg loss: 0.791650 

Epoch 22
-------------------------------
loss: 0.002649  [    0/50000]
loss: 0.044233  [ 6400/50000]
loss: 0.006126  [12800/50000]
loss: 0.008869  [19200/50000]
loss: 0.006935  [25600/50000]
loss: 0.060938  [32000/50000]
loss: 0.030257  [38400/50000]
loss: 0.157924  [44800/50000]
Test Error: 
 Accuracy: 85.0%, Avg loss: 0.746499 

Epoch 23
-------------------------------
loss: 0.146482  [    0/50000]
loss: 0.041724  [ 6400/50000]
loss: 0.027284  [12800/50000]
loss: 0.003605  [19200/50000]
loss: 0.013227  [25600/50000]
loss: 0.014777  [32000/50000]
loss: 0.045073  [38400/50000]
loss: 0.114304  [44800/50000]
Test Error: 
 Accuracy: 84.0%, Avg loss: 0.849251 

Epoch 24
-------------------------------
loss: 0.004969  [    0/50000]
loss: 0.018762  [ 6400/50000]
loss: 0.012715  [12800/50000]
loss: 0.022102  [19200/50000]
loss: 0.012573  [25600/50000]
loss: 0.002059  [32000/50000]
loss: 0.022915  [38400/50000]
loss: 0.055651  [44800/50000]
Test Error: 
 Accuracy: 85.4%, Avg loss: 0.772982 

Epoch 25
-------------------------------
loss: 0.004054  [    0/50000]
loss: 0.009787  [ 6400/50000]
loss: 0.103544  [12800/50000]
loss: 0.002506  [19200/50000]
loss: 0.012758  [25600/50000]
loss: 0.007586  [32000/50000]
loss: 0.002761  [38400/50000]
loss: 0.046339  [44800/50000]
Test Error: 
 Accuracy: 84.4%, Avg loss: 0.843764 

Epoch 26
-------------------------------
loss: 0.009679  [    0/50000]
loss: 0.020592  [ 6400/50000]
loss: 0.000311  [12800/50000]
loss: 0.009894  [19200/50000]
loss: 0.076726  [25600/50000]
loss: 0.019050  [32000/50000]
loss: 0.004724  [38400/50000]
loss: 0.000982  [44800/50000]
Test Error: 
 Accuracy: 83.6%, Avg loss: 0.902459 

Epoch 27
-------------------------------
loss: 0.092513  [    0/50000]
loss: 0.025195  [ 6400/50000]
loss: 0.061776  [12800/50000]
loss: 0.004665  [19200/50000]
loss: 0.018497  [25600/50000]
loss: 0.028249  [32000/50000]
loss: 0.010714  [38400/50000]
loss: 0.048574  [44800/50000]
Test Error: 
 Accuracy: 84.8%, Avg loss: 0.797462 

Epoch 28
-------------------------------
loss: 0.001038  [    0/50000]
loss: 0.047332  [ 6400/50000]
loss: 0.002133  [12800/50000]
loss: 0.142485  [19200/50000]
loss: 0.001464  [25600/50000]
loss: 0.006024  [32000/50000]
loss: 0.033170  [38400/50000]
loss: 0.004527  [44800/50000]
Test Error: 
 Accuracy: 84.0%, Avg loss: 0.835804 

Epoch 29
-------------------------------
loss: 0.120976  [    0/50000]
loss: 0.083242  [ 6400/50000]
loss: 0.040634  [12800/50000]
loss: 0.008185  [19200/50000]
loss: 0.097730  [25600/50000]
loss: 0.037151  [32000/50000]
loss: 0.013477  [38400/50000]
loss: 0.024814  [44800/50000]
Test Error: 
 Accuracy: 84.3%, Avg loss: 0.807034 

Epoch 30
-------------------------------
loss: 0.068149  [    0/50000]
loss: 0.004605  [ 6400/50000]
loss: 0.004514  [12800/50000]
loss: 0.041202  [19200/50000]
loss: 0.042637  [25600/50000]
loss: 0.022669  [32000/50000]
loss: 0.016933  [38400/50000]
loss: 0.000769  [44800/50000]
Test Error: 
 Accuracy: 84.1%, Avg loss: 0.863712 

Done!
