command config
N= 5
B= [3, 3, 2, 3, 2]
C1= 16
F= [5, 5, 3, 5, 3]
K= [5, 3, 1, 3, 1]
P= 2
number of parameters 4747226
Epoch 1
-------------------------------
loss: 2.513112  [    0/50000]
loss: 1.665069  [ 6400/50000]
loss: 1.658862  [12800/50000]
loss: 1.463651  [19200/50000]
loss: 1.380020  [25600/50000]
loss: 1.285028  [32000/50000]
loss: 0.939179  [38400/50000]
loss: 0.980677  [44800/50000]
Test Error: 
 Accuracy: 57.2%, Avg loss: 1.191361 

Epoch 2
-------------------------------
loss: 0.726326  [    0/50000]
loss: 0.975065  [ 6400/50000]
loss: 1.175647  [12800/50000]
loss: 0.886914  [19200/50000]
loss: 0.904203  [25600/50000]
loss: 1.016288  [32000/50000]
loss: 0.866896  [38400/50000]
loss: 0.720611  [44800/50000]
Test Error: 
 Accuracy: 72.6%, Avg loss: 0.781813 

Epoch 3
-------------------------------
loss: 0.641119  [    0/50000]
loss: 0.690744  [ 6400/50000]
loss: 0.558346  [12800/50000]
loss: 0.916450  [19200/50000]
loss: 0.828359  [25600/50000]
loss: 0.794201  [32000/50000]
loss: 0.633735  [38400/50000]
loss: 0.435349  [44800/50000]
Test Error: 
 Accuracy: 73.5%, Avg loss: 0.761398 

Epoch 4
-------------------------------
loss: 0.355386  [    0/50000]
loss: 0.638144  [ 6400/50000]
loss: 0.413163  [12800/50000]
loss: 0.528974  [19200/50000]
loss: 0.665681  [25600/50000]
loss: 0.490263  [32000/50000]
loss: 0.500989  [38400/50000]
loss: 0.488166  [44800/50000]
Test Error: 
 Accuracy: 77.5%, Avg loss: 0.674834 

Epoch 5
-------------------------------
loss: 0.555644  [    0/50000]
loss: 0.534723  [ 6400/50000]
loss: 0.192328  [12800/50000]
loss: 0.483327  [19200/50000]
loss: 0.307613  [25600/50000]
loss: 0.464620  [32000/50000]
loss: 0.590206  [38400/50000]
loss: 0.377882  [44800/50000]
Test Error: 
 Accuracy: 77.4%, Avg loss: 0.706241 

Epoch 6
-------------------------------
loss: 0.290047  [    0/50000]
loss: 0.288991  [ 6400/50000]
loss: 0.535055  [12800/50000]
loss: 0.292137  [19200/50000]
loss: 0.242283  [25600/50000]
loss: 0.300088  [32000/50000]
loss: 0.331358  [38400/50000]
loss: 0.399968  [44800/50000]
Test Error: 
 Accuracy: 80.2%, Avg loss: 0.616510 

Epoch 7
-------------------------------
loss: 0.350614  [    0/50000]
loss: 0.221315  [ 6400/50000]
loss: 0.164098  [12800/50000]
loss: 0.365616  [19200/50000]
loss: 0.247223  [25600/50000]
loss: 0.394967  [32000/50000]
loss: 0.259607  [38400/50000]
loss: 0.266946  [44800/50000]
Test Error: 
 Accuracy: 79.2%, Avg loss: 0.676543 

Epoch 8
-------------------------------
loss: 0.193152  [    0/50000]
loss: 0.123407  [ 6400/50000]
loss: 0.052141  [12800/50000]
loss: 0.107198  [19200/50000]
loss: 0.141673  [25600/50000]
loss: 0.263458  [32000/50000]
loss: 0.192874  [38400/50000]
loss: 0.155256  [44800/50000]
Test Error: 
 Accuracy: 78.9%, Avg loss: 0.742899 

Epoch 9
-------------------------------
loss: 0.156914  [    0/50000]
loss: 0.097989  [ 6400/50000]
loss: 0.097215  [12800/50000]
loss: 0.177833  [19200/50000]
loss: 0.312864  [25600/50000]
loss: 0.126310  [32000/50000]
loss: 0.254824  [38400/50000]
loss: 0.149256  [44800/50000]
Test Error: 
 Accuracy: 78.7%, Avg loss: 0.802213 

Epoch 10
-------------------------------
loss: 0.090351  [    0/50000]
loss: 0.135810  [ 6400/50000]
loss: 0.041841  [12800/50000]
loss: 0.057314  [19200/50000]
loss: 0.143423  [25600/50000]
loss: 0.173516  [32000/50000]
loss: 0.145064  [38400/50000]
loss: 0.112782  [44800/50000]
Test Error: 
 Accuracy: 78.4%, Avg loss: 0.871330 

Epoch 11
-------------------------------
loss: 0.124106  [    0/50000]
loss: 0.094293  [ 6400/50000]
loss: 0.158571  [12800/50000]
loss: 0.058268  [19200/50000]
loss: 0.097577  [25600/50000]
loss: 0.044000  [32000/50000]
loss: 0.191619  [38400/50000]
loss: 0.101573  [44800/50000]
Test Error: 
 Accuracy: 80.1%, Avg loss: 0.859801 

Epoch 12
-------------------------------
loss: 0.111275  [    0/50000]
loss: 0.121388  [ 6400/50000]
loss: 0.068479  [12800/50000]
loss: 0.090814  [19200/50000]
loss: 0.011184  [25600/50000]
loss: 0.061324  [32000/50000]
loss: 0.122363  [38400/50000]
loss: 0.061421  [44800/50000]
Test Error: 
 Accuracy: 79.8%, Avg loss: 0.919173 

Epoch 13
-------------------------------
loss: 0.058657  [    0/50000]
loss: 0.098224  [ 6400/50000]
loss: 0.010228  [12800/50000]
loss: 0.047484  [19200/50000]
loss: 0.110656  [25600/50000]
loss: 0.086560  [32000/50000]
loss: 0.090279  [38400/50000]
loss: 0.051899  [44800/50000]
Test Error: 
 Accuracy: 79.4%, Avg loss: 0.954905 

Epoch 14
-------------------------------
loss: 0.070322  [    0/50000]
loss: 0.045510  [ 6400/50000]
loss: 0.026593  [12800/50000]
loss: 0.035750  [19200/50000]
loss: 0.055027  [25600/50000]
loss: 0.077850  [32000/50000]
loss: 0.036203  [38400/50000]
loss: 0.048309  [44800/50000]
Test Error: 
 Accuracy: 79.4%, Avg loss: 0.967104 

Epoch 15
-------------------------------
loss: 0.014584  [    0/50000]
loss: 0.021637  [ 6400/50000]
loss: 0.016733  [12800/50000]
loss: 0.023212  [19200/50000]
loss: 0.041028  [25600/50000]
loss: 0.050772  [32000/50000]
loss: 0.121688  [38400/50000]
loss: 0.071095  [44800/50000]
Test Error: 
 Accuracy: 79.1%, Avg loss: 1.013801 

Epoch 16
-------------------------------
loss: 0.041337  [    0/50000]
loss: 0.006198  [ 6400/50000]
loss: 0.019014  [12800/50000]
loss: 0.013647  [19200/50000]
loss: 0.063944  [25600/50000]
loss: 0.098972  [32000/50000]
loss: 0.055967  [38400/50000]
loss: 0.079962  [44800/50000]
Test Error: 
 Accuracy: 79.5%, Avg loss: 1.102091 

Epoch 17
-------------------------------
loss: 0.070463  [    0/50000]
loss: 0.035685  [ 6400/50000]
loss: 0.076682  [12800/50000]
loss: 0.023296  [19200/50000]
loss: 0.036195  [25600/50000]
loss: 0.036135  [32000/50000]
loss: 0.037962  [38400/50000]
loss: 0.063841  [44800/50000]
Test Error: 
 Accuracy: 80.3%, Avg loss: 1.015605 

Epoch 18
-------------------------------
loss: 0.017952  [    0/50000]
loss: 0.007498  [ 6400/50000]
loss: 0.004161  [12800/50000]
loss: 0.135323  [19200/50000]
loss: 0.012331  [25600/50000]
loss: 0.043593  [32000/50000]
loss: 0.009108  [38400/50000]
loss: 0.034535  [44800/50000]
Test Error: 
 Accuracy: 79.8%, Avg loss: 1.024979 

Epoch 19
-------------------------------
loss: 0.026333  [    0/50000]
loss: 0.003268  [ 6400/50000]
loss: 0.011372  [12800/50000]
loss: 0.032283  [19200/50000]
loss: 0.005399  [25600/50000]
loss: 0.006913  [32000/50000]
loss: 0.019888  [38400/50000]
loss: 0.009380  [44800/50000]
Test Error: 
 Accuracy: 79.4%, Avg loss: 1.112169 

Epoch 20
-------------------------------
loss: 0.018694  [    0/50000]
loss: 0.056233  [ 6400/50000]
loss: 0.016474  [12800/50000]
loss: 0.022546  [19200/50000]
loss: 0.114244  [25600/50000]
loss: 0.009245  [32000/50000]
loss: 0.002406  [38400/50000]
loss: 0.187177  [44800/50000]
Test Error: 
 Accuracy: 78.3%, Avg loss: 1.191491 

Epoch 21
-------------------------------
loss: 0.114857  [    0/50000]
loss: 0.013840  [ 6400/50000]
loss: 0.020254  [12800/50000]
loss: 0.052742  [19200/50000]
loss: 0.021315  [25600/50000]
loss: 0.007099  [32000/50000]
loss: 0.015795  [38400/50000]
loss: 0.070043  [44800/50000]
Test Error: 
 Accuracy: 79.2%, Avg loss: 1.085097 

Epoch 22
-------------------------------
loss: 0.032362  [    0/50000]
loss: 0.048270  [ 6400/50000]
loss: 0.065499  [12800/50000]
loss: 0.008242  [19200/50000]
loss: 0.036018  [25600/50000]
loss: 0.027419  [32000/50000]
loss: 0.015067  [38400/50000]
loss: 0.052973  [44800/50000]
Test Error: 
 Accuracy: 80.0%, Avg loss: 1.148395 

Epoch 23
-------------------------------
loss: 0.002641  [    0/50000]
loss: 0.015026  [ 6400/50000]
loss: 0.004311  [12800/50000]
loss: 0.003518  [19200/50000]
loss: 0.019659  [25600/50000]
loss: 0.006386  [32000/50000]
loss: 0.007255  [38400/50000]
loss: 0.043391  [44800/50000]
Test Error: 
 Accuracy: 79.8%, Avg loss: 1.112556 

Epoch 24
-------------------------------
loss: 0.002941  [    0/50000]
loss: 0.027510  [ 6400/50000]
loss: 0.081477  [12800/50000]
loss: 0.015441  [19200/50000]
loss: 0.060005  [25600/50000]
loss: 0.001417  [32000/50000]
loss: 0.013501  [38400/50000]
loss: 0.015086  [44800/50000]
Test Error: 
 Accuracy: 80.2%, Avg loss: 1.081338 

Epoch 25
-------------------------------
loss: 0.022642  [    0/50000]
loss: 0.005304  [ 6400/50000]
loss: 0.002347  [12800/50000]
loss: 0.042602  [19200/50000]
loss: 0.016702  [25600/50000]
loss: 0.006785  [32000/50000]
loss: 0.020444  [38400/50000]
loss: 0.019050  [44800/50000]
Test Error: 
 Accuracy: 79.8%, Avg loss: 1.152971 

Epoch 26
-------------------------------
loss: 0.014069  [    0/50000]
loss: 0.001249  [ 6400/50000]
loss: 0.008091  [12800/50000]
loss: 0.141314  [19200/50000]
loss: 0.118725  [25600/50000]
loss: 0.059010  [32000/50000]
loss: 0.246397  [38400/50000]
loss: 0.037425  [44800/50000]
Test Error: 
 Accuracy: 79.4%, Avg loss: 1.199377 

Epoch 27
-------------------------------
loss: 0.029688  [    0/50000]
loss: 0.033920  [ 6400/50000]
loss: 0.021060  [12800/50000]
loss: 0.012403  [19200/50000]
loss: 0.013466  [25600/50000]
loss: 0.030268  [32000/50000]
loss: 0.004758  [38400/50000]
loss: 0.065411  [44800/50000]
Test Error: 
 Accuracy: 79.6%, Avg loss: 1.140049 

Epoch 28
-------------------------------
loss: 0.050639  [    0/50000]
loss: 0.032233  [ 6400/50000]
loss: 0.002857  [12800/50000]
loss: 0.008286  [19200/50000]
loss: 0.005154  [25600/50000]
loss: 0.073027  [32000/50000]
loss: 0.008729  [38400/50000]
loss: 0.007785  [44800/50000]
Test Error: 
 Accuracy: 80.1%, Avg loss: 1.168653 

Epoch 29
-------------------------------
loss: 0.029548  [    0/50000]
loss: 0.004818  [ 6400/50000]
loss: 0.049775  [12800/50000]
loss: 0.003448  [19200/50000]
loss: 0.002331  [25600/50000]
loss: 0.009577  [32000/50000]
loss: 0.024915  [38400/50000]
loss: 0.021280  [44800/50000]
Test Error: 
 Accuracy: 78.5%, Avg loss: 1.256229 

Epoch 30
-------------------------------
loss: 0.016922  [    0/50000]
loss: 0.033662  [ 6400/50000]
loss: 0.045617  [12800/50000]
loss: 0.052421  [19200/50000]
loss: 0.003989  [25600/50000]
loss: 0.001878  [32000/50000]
loss: 0.034987  [38400/50000]
loss: 0.064905  [44800/50000]
Test Error: 
 Accuracy: 79.3%, Avg loss: 1.256512 

Epoch 31
-------------------------------
loss: 0.003507  [    0/50000]
loss: 0.095684  [ 6400/50000]
loss: 0.047444  [12800/50000]
loss: 0.002977  [19200/50000]
loss: 0.048441  [25600/50000]
loss: 0.016359  [32000/50000]
loss: 0.003639  [38400/50000]
loss: 0.106453  [44800/50000]
Test Error: 
 Accuracy: 78.8%, Avg loss: 1.290936 

Epoch 32
-------------------------------
loss: 0.013629  [    0/50000]
loss: 0.024211  [ 6400/50000]
loss: 0.002462  [12800/50000]
loss: 0.007565  [19200/50000]
loss: 0.020644  [25600/50000]
loss: 0.001511  [32000/50000]
loss: 0.083121  [38400/50000]
loss: 0.002513  [44800/50000]
Test Error: 
 Accuracy: 79.9%, Avg loss: 1.187148 

Epoch 33
-------------------------------
loss: 0.000741  [    0/50000]
loss: 0.003249  [ 6400/50000]
loss: 0.043268  [12800/50000]
loss: 0.050940  [19200/50000]
loss: 0.093779  [25600/50000]
loss: 0.002755  [32000/50000]
loss: 0.049197  [38400/50000]
loss: 0.010076  [44800/50000]
Test Error: 
 Accuracy: 79.3%, Avg loss: 1.224792 

Epoch 34
-------------------------------
loss: 0.007430  [    0/50000]
loss: 0.002944  [ 6400/50000]
loss: 0.004826  [12800/50000]
loss: 0.021322  [19200/50000]
loss: 0.003289  [25600/50000]
loss: 0.003489  [32000/50000]
loss: 0.006523  [38400/50000]
loss: 0.004596  [44800/50000]
Test Error: 
 Accuracy: 79.0%, Avg loss: 1.307961 

Epoch 35
-------------------------------
loss: 0.097553  [    0/50000]
loss: 0.021216  [ 6400/50000]
loss: 0.004163  [12800/50000]
loss: 0.001273  [19200/50000]
loss: 0.004239  [25600/50000]
loss: 0.011501  [32000/50000]
loss: 0.010704  [38400/50000]
loss: 0.123195  [44800/50000]
Test Error: 
 Accuracy: 79.8%, Avg loss: 1.227346 

Epoch 36
-------------------------------
loss: 0.002527  [    0/50000]
loss: 0.002486  [ 6400/50000]
loss: 0.036862  [12800/50000]
loss: 0.023834  [19200/50000]
loss: 0.044529  [25600/50000]
loss: 0.030200  [32000/50000]
loss: 0.002644  [38400/50000]
loss: 0.002636  [44800/50000]
Test Error: 
 Accuracy: 80.1%, Avg loss: 1.218578 

Epoch 37
-------------------------------
loss: 0.054098  [    0/50000]
loss: 0.022244  [ 6400/50000]
loss: 0.008677  [12800/50000]
loss: 0.005396  [19200/50000]
loss: 0.094887  [25600/50000]
loss: 0.068207  [32000/50000]
loss: 0.000925  [38400/50000]
loss: 0.107825  [44800/50000]
Test Error: 
 Accuracy: 80.3%, Avg loss: 1.275944 

Epoch 38
-------------------------------
loss: 0.019204  [    0/50000]
loss: 0.007089  [ 6400/50000]
loss: 0.005467  [12800/50000]
loss: 0.002117  [19200/50000]
loss: 0.001276  [25600/50000]
loss: 0.001976  [32000/50000]
loss: 0.115498  [38400/50000]
loss: 0.012781  [44800/50000]
Test Error: 
 Accuracy: 79.7%, Avg loss: 1.225468 

Epoch 39
-------------------------------
loss: 0.002796  [    0/50000]
loss: 0.098818  [ 6400/50000]
loss: 0.007138  [12800/50000]
loss: 0.005852  [19200/50000]
loss: 0.002661  [25600/50000]
loss: 0.004473  [32000/50000]
loss: 0.106418  [38400/50000]
loss: 0.001733  [44800/50000]
Test Error: 
 Accuracy: 80.3%, Avg loss: 1.227597 

Epoch 40
-------------------------------
loss: 0.000567  [    0/50000]
loss: 0.013506  [ 6400/50000]
loss: 0.019956  [12800/50000]
loss: 0.001610  [19200/50000]
loss: 0.003768  [25600/50000]
loss: 0.003098  [32000/50000]
loss: 0.001776  [38400/50000]
loss: 0.048864  [44800/50000]
Test Error: 
 Accuracy: 80.5%, Avg loss: 1.257830 

Epoch 41
-------------------------------
loss: 0.002724  [    0/50000]
loss: 0.003619  [ 6400/50000]
loss: 0.003547  [12800/50000]
loss: 0.015194  [19200/50000]
loss: 0.003562  [25600/50000]
loss: 0.001625  [32000/50000]
loss: 0.018142  [38400/50000]
loss: 0.015602  [44800/50000]
Test Error: 
 Accuracy: 79.9%, Avg loss: 1.395797 

Epoch 42
-------------------------------
loss: 0.051642  [    0/50000]
loss: 0.011960  [ 6400/50000]
loss: 0.007853  [12800/50000]
loss: 0.012571  [19200/50000]
loss: 0.002836  [25600/50000]
loss: 0.002462  [32000/50000]
loss: 0.000477  [38400/50000]
loss: 0.000471  [44800/50000]
Test Error: 
 Accuracy: 80.1%, Avg loss: 1.243285 

Epoch 43
-------------------------------
loss: 0.016894  [    0/50000]
loss: 0.004930  [ 6400/50000]
loss: 0.001269  [12800/50000]
loss: 0.050744  [19200/50000]
loss: 0.002284  [25600/50000]
loss: 0.019926  [32000/50000]
loss: 0.087663  [38400/50000]
loss: 0.002781  [44800/50000]
Test Error: 
 Accuracy: 79.8%, Avg loss: 1.291284 

Epoch 44
-------------------------------
loss: 0.010763  [    0/50000]
loss: 0.011341  [ 6400/50000]
loss: 0.004502  [12800/50000]
loss: 0.062839  [19200/50000]
loss: 0.000690  [25600/50000]
loss: 0.010349  [32000/50000]
loss: 0.004353  [38400/50000]
loss: 0.004515  [44800/50000]
Test Error: 
 Accuracy: 79.7%, Avg loss: 1.314555 

Epoch 45
-------------------------------
loss: 0.005353  [    0/50000]
loss: 0.040779  [ 6400/50000]
loss: 0.037409  [12800/50000]
loss: 0.028615  [19200/50000]
loss: 0.077632  [25600/50000]
loss: 0.000501  [32000/50000]
loss: 0.005118  [38400/50000]
loss: 0.004074  [44800/50000]
Test Error: 
 Accuracy: 80.2%, Avg loss: 1.312090 

Epoch 46
-------------------------------
loss: 0.006419  [    0/50000]
loss: 0.028049  [ 6400/50000]
loss: 0.001158  [12800/50000]
loss: 0.009382  [19200/50000]
loss: 0.018936  [25600/50000]
loss: 0.005642  [32000/50000]
loss: 0.011477  [38400/50000]
loss: 0.033830  [44800/50000]
Test Error: 
 Accuracy: 79.8%, Avg loss: 1.320524 

Epoch 47
-------------------------------
loss: 0.000413  [    0/50000]
loss: 0.001231  [ 6400/50000]
loss: 0.004015  [12800/50000]
loss: 0.000376  [19200/50000]
loss: 0.002258  [25600/50000]
loss: 0.014660  [32000/50000]
loss: 0.002923  [38400/50000]
loss: 0.067420  [44800/50000]
Test Error: 
 Accuracy: 79.9%, Avg loss: 1.317120 

Epoch 48
-------------------------------
loss: 0.001477  [    0/50000]
loss: 0.002215  [ 6400/50000]
loss: 0.019239  [12800/50000]
loss: 0.027073  [19200/50000]
loss: 0.012142  [25600/50000]
loss: 0.056397  [32000/50000]
loss: 0.065139  [38400/50000]
loss: 0.028804  [44800/50000]
Test Error: 
 Accuracy: 79.8%, Avg loss: 1.313428 

Epoch 49
-------------------------------
loss: 0.009155  [    0/50000]
loss: 0.044617  [ 6400/50000]
loss: 0.001963  [12800/50000]
loss: 0.014175  [19200/50000]
loss: 0.002116  [25600/50000]
loss: 0.002095  [32000/50000]
loss: 0.002389  [38400/50000]
loss: 0.107586  [44800/50000]
Test Error: 
 Accuracy: 80.0%, Avg loss: 1.324933 

Epoch 50
-------------------------------
loss: 0.003182  [    0/50000]
loss: 0.000247  [ 6400/50000]
loss: 0.000458  [12800/50000]
loss: 0.001911  [19200/50000]
loss: 0.031308  [25600/50000]
loss: 0.002369  [32000/50000]
loss: 0.000824  [38400/50000]
loss: 0.002040  [44800/50000]
Test Error: 
 Accuracy: 79.4%, Avg loss: 1.394886 

Done!
