command config
N= 3
B= [3, 3, 2]
C1= 64
F= [3, 5, 3]
K= [1, 3, 1]
P= 8
number of parameters 4654410
Epoch 1
-------------------------------
loss: 2.342898  [    0/50000]
loss: 1.749068  [ 6400/50000]
loss: 1.332524  [12800/50000]
loss: 1.578434  [19200/50000]
loss: 1.334507  [25600/50000]
loss: 1.270203  [32000/50000]
loss: 1.107164  [38400/50000]
loss: 0.972193  [44800/50000]
Test Error: 
 Accuracy: 61.1%, Avg loss: 1.121575 

Epoch 2
-------------------------------
loss: 0.945488  [    0/50000]
loss: 1.143643  [ 6400/50000]
loss: 0.870608  [12800/50000]
loss: 1.024338  [19200/50000]
loss: 0.835703  [25600/50000]
loss: 0.809845  [32000/50000]
loss: 0.539692  [38400/50000]
loss: 0.821149  [44800/50000]
Test Error: 
 Accuracy: 70.4%, Avg loss: 0.845746 

Epoch 3
-------------------------------
loss: 0.498300  [    0/50000]
loss: 0.688034  [ 6400/50000]
loss: 0.587390  [12800/50000]
loss: 0.418041  [19200/50000]
loss: 0.765084  [25600/50000]
loss: 0.597001  [32000/50000]
loss: 0.364064  [38400/50000]
loss: 0.467808  [44800/50000]
Test Error: 
 Accuracy: 74.6%, Avg loss: 0.716847 

Epoch 4
-------------------------------
loss: 0.975819  [    0/50000]
loss: 0.529854  [ 6400/50000]
loss: 0.847654  [12800/50000]
loss: 0.569768  [19200/50000]
loss: 0.632046  [25600/50000]
loss: 0.344980  [32000/50000]
loss: 0.517406  [38400/50000]
loss: 0.457818  [44800/50000]
Test Error: 
 Accuracy: 80.6%, Avg loss: 0.559310 

Epoch 5
-------------------------------
loss: 0.473020  [    0/50000]
loss: 0.384295  [ 6400/50000]
loss: 0.439602  [12800/50000]
loss: 0.366911  [19200/50000]
loss: 0.537411  [25600/50000]
loss: 0.395555  [32000/50000]
loss: 0.422492  [38400/50000]
loss: 0.485622  [44800/50000]
Test Error: 
 Accuracy: 82.3%, Avg loss: 0.525072 

Epoch 6
-------------------------------
loss: 0.304854  [    0/50000]
loss: 0.623654  [ 6400/50000]
loss: 0.393495  [12800/50000]
loss: 0.357811  [19200/50000]
loss: 0.362634  [25600/50000]
loss: 0.332395  [32000/50000]
loss: 0.259990  [38400/50000]
loss: 0.220901  [44800/50000]
Test Error: 
 Accuracy: 82.0%, Avg loss: 0.583703 

Epoch 7
-------------------------------
loss: 0.264456  [    0/50000]
loss: 0.165048  [ 6400/50000]
loss: 0.369168  [12800/50000]
loss: 0.228156  [19200/50000]
loss: 0.289684  [25600/50000]
loss: 0.343153  [32000/50000]
loss: 0.209663  [38400/50000]
loss: 0.229992  [44800/50000]
Test Error: 
 Accuracy: 84.4%, Avg loss: 0.466715 

Epoch 8
-------------------------------
loss: 0.252937  [    0/50000]
loss: 0.478571  [ 6400/50000]
loss: 0.238471  [12800/50000]
loss: 0.279846  [19200/50000]
loss: 0.161126  [25600/50000]
loss: 0.248601  [32000/50000]
loss: 0.298764  [38400/50000]
loss: 0.409795  [44800/50000]
Test Error: 
 Accuracy: 84.5%, Avg loss: 0.509125 

Epoch 9
-------------------------------
loss: 0.067518  [    0/50000]
loss: 0.166183  [ 6400/50000]
loss: 0.044509  [12800/50000]
loss: 0.276317  [19200/50000]
loss: 0.159693  [25600/50000]
loss: 0.174616  [32000/50000]
loss: 0.276288  [38400/50000]
loss: 0.194583  [44800/50000]
Test Error: 
 Accuracy: 83.6%, Avg loss: 0.539206 

Epoch 10
-------------------------------
loss: 0.067044  [    0/50000]
loss: 0.201043  [ 6400/50000]
loss: 0.178748  [12800/50000]
loss: 0.052475  [19200/50000]
loss: 0.040620  [25600/50000]
loss: 0.094545  [32000/50000]
loss: 0.042505  [38400/50000]
loss: 0.192058  [44800/50000]
Test Error: 
 Accuracy: 86.3%, Avg loss: 0.460800 

Epoch 11
-------------------------------
loss: 0.074676  [    0/50000]
loss: 0.074661  [ 6400/50000]
loss: 0.083868  [12800/50000]
loss: 0.034473  [19200/50000]
loss: 0.080848  [25600/50000]
loss: 0.101020  [32000/50000]
loss: 0.096692  [38400/50000]
loss: 0.207026  [44800/50000]
Test Error: 
 Accuracy: 84.0%, Avg loss: 0.617022 

Epoch 12
-------------------------------
loss: 0.031024  [    0/50000]
loss: 0.093560  [ 6400/50000]
loss: 0.121894  [12800/50000]
loss: 0.078000  [19200/50000]
loss: 0.059979  [25600/50000]
loss: 0.246738  [32000/50000]
loss: 0.128259  [38400/50000]
loss: 0.152038  [44800/50000]
Test Error: 
 Accuracy: 86.5%, Avg loss: 0.514290 

Epoch 13
-------------------------------
loss: 0.088454  [    0/50000]
loss: 0.029178  [ 6400/50000]
loss: 0.095167  [12800/50000]
loss: 0.140716  [19200/50000]
loss: 0.043962  [25600/50000]
loss: 0.029948  [32000/50000]
loss: 0.036937  [38400/50000]
loss: 0.079060  [44800/50000]
Test Error: 
 Accuracy: 86.8%, Avg loss: 0.503472 

Epoch 14
-------------------------------
loss: 0.025594  [    0/50000]
loss: 0.017299  [ 6400/50000]
loss: 0.047556  [12800/50000]
loss: 0.024618  [19200/50000]
loss: 0.050532  [25600/50000]
loss: 0.036084  [32000/50000]
loss: 0.063809  [38400/50000]
loss: 0.037128  [44800/50000]
Test Error: 
 Accuracy: 86.7%, Avg loss: 0.548031 

Epoch 15
-------------------------------
loss: 0.045353  [    0/50000]
loss: 0.005607  [ 6400/50000]
loss: 0.051542  [12800/50000]
loss: 0.047208  [19200/50000]
loss: 0.063227  [25600/50000]
loss: 0.098017  [32000/50000]
loss: 0.159012  [38400/50000]
loss: 0.038297  [44800/50000]
Test Error: 
 Accuracy: 84.6%, Avg loss: 0.703150 

Epoch 16
-------------------------------
loss: 0.031253  [    0/50000]
loss: 0.017110  [ 6400/50000]
loss: 0.053278  [12800/50000]
loss: 0.009214  [19200/50000]
loss: 0.002885  [25600/50000]
loss: 0.121857  [32000/50000]
loss: 0.019651  [38400/50000]
loss: 0.067849  [44800/50000]
Test Error: 
 Accuracy: 85.0%, Avg loss: 0.672074 

Epoch 17
-------------------------------
loss: 0.010930  [    0/50000]
loss: 0.025649  [ 6400/50000]
loss: 0.027370  [12800/50000]
loss: 0.068656  [19200/50000]
loss: 0.012395  [25600/50000]
loss: 0.040951  [32000/50000]
loss: 0.057560  [38400/50000]
loss: 0.069940  [44800/50000]
Test Error: 
 Accuracy: 85.5%, Avg loss: 0.642956 

Epoch 18
-------------------------------
loss: 0.083632  [    0/50000]
loss: 0.089856  [ 6400/50000]
loss: 0.059673  [12800/50000]
loss: 0.044837  [19200/50000]
loss: 0.010867  [25600/50000]
loss: 0.059500  [32000/50000]
loss: 0.020659  [38400/50000]
loss: 0.005843  [44800/50000]
Test Error: 
 Accuracy: 83.8%, Avg loss: 0.766733 

Epoch 19
-------------------------------
loss: 0.020461  [    0/50000]
loss: 0.007967  [ 6400/50000]
loss: 0.010910  [12800/50000]
loss: 0.006306  [19200/50000]
loss: 0.005338  [25600/50000]
loss: 0.053601  [32000/50000]
loss: 0.008443  [38400/50000]
loss: 0.050553  [44800/50000]
Test Error: 
 Accuracy: 86.4%, Avg loss: 0.649860 

Epoch 20
-------------------------------
loss: 0.002592  [    0/50000]
loss: 0.037662  [ 6400/50000]
loss: 0.004924  [12800/50000]
loss: 0.046572  [19200/50000]
loss: 0.085766  [25600/50000]
loss: 0.019898  [32000/50000]
loss: 0.012137  [38400/50000]
loss: 0.134184  [44800/50000]
Test Error: 
 Accuracy: 86.6%, Avg loss: 0.646437 

Epoch 21
-------------------------------
loss: 0.015760  [    0/50000]
loss: 0.018931  [ 6400/50000]
loss: 0.016700  [12800/50000]
loss: 0.048672  [19200/50000]
loss: 0.070191  [25600/50000]
loss: 0.014332  [32000/50000]
loss: 0.051008  [38400/50000]
loss: 0.047888  [44800/50000]
Test Error: 
 Accuracy: 86.5%, Avg loss: 0.638926 

Epoch 22
-------------------------------
loss: 0.036895  [    0/50000]
loss: 0.013473  [ 6400/50000]
loss: 0.005098  [12800/50000]
loss: 0.007240  [19200/50000]
loss: 0.020583  [25600/50000]
loss: 0.036407  [32000/50000]
loss: 0.001822  [38400/50000]
loss: 0.043641  [44800/50000]
Test Error: 
 Accuracy: 85.7%, Avg loss: 0.727421 

Epoch 23
-------------------------------
loss: 0.062192  [    0/50000]
loss: 0.001872  [ 6400/50000]
loss: 0.060129  [12800/50000]
loss: 0.019939  [19200/50000]
loss: 0.016456  [25600/50000]
loss: 0.131650  [32000/50000]
loss: 0.022333  [38400/50000]
loss: 0.012917  [44800/50000]
Test Error: 
 Accuracy: 87.2%, Avg loss: 0.636428 

Epoch 24
-------------------------------
loss: 0.053228  [    0/50000]
loss: 0.039900  [ 6400/50000]
loss: 0.007869  [12800/50000]
loss: 0.004183  [19200/50000]
loss: 0.004091  [25600/50000]
loss: 0.015340  [32000/50000]
loss: 0.017309  [38400/50000]
loss: 0.023510  [44800/50000]
Test Error: 
 Accuracy: 85.7%, Avg loss: 0.722839 

Epoch 25
-------------------------------
loss: 0.002626  [    0/50000]
loss: 0.021112  [ 6400/50000]
loss: 0.049775  [12800/50000]
loss: 0.017255  [19200/50000]
loss: 0.010061  [25600/50000]
loss: 0.021231  [32000/50000]
loss: 0.016010  [38400/50000]
loss: 0.017669  [44800/50000]
Test Error: 
 Accuracy: 85.9%, Avg loss: 0.702043 

Epoch 26
-------------------------------
loss: 0.024761  [    0/50000]
loss: 0.027255  [ 6400/50000]
loss: 0.040736  [12800/50000]
loss: 0.035137  [19200/50000]
loss: 0.004163  [25600/50000]
loss: 0.003166  [32000/50000]
loss: 0.001253  [38400/50000]
loss: 0.005035  [44800/50000]
Test Error: 
 Accuracy: 87.7%, Avg loss: 0.623738 

Epoch 27
-------------------------------
loss: 0.003334  [    0/50000]
loss: 0.035818  [ 6400/50000]
loss: 0.000604  [12800/50000]
loss: 0.007877  [19200/50000]
loss: 0.062787  [25600/50000]
loss: 0.027055  [32000/50000]
loss: 0.073715  [38400/50000]
loss: 0.005362  [44800/50000]
Test Error: 
 Accuracy: 87.1%, Avg loss: 0.708586 

Epoch 28
-------------------------------
loss: 0.016229  [    0/50000]
loss: 0.009263  [ 6400/50000]
loss: 0.016189  [12800/50000]
loss: 0.008972  [19200/50000]
loss: 0.008590  [25600/50000]
loss: 0.036120  [32000/50000]
loss: 0.007541  [38400/50000]
loss: 0.003804  [44800/50000]
Test Error: 
 Accuracy: 86.7%, Avg loss: 0.686888 

Epoch 29
-------------------------------
loss: 0.016512  [    0/50000]
loss: 0.033157  [ 6400/50000]
loss: 0.007224  [12800/50000]
loss: 0.055932  [19200/50000]
loss: 0.011492  [25600/50000]
loss: 0.013398  [32000/50000]
loss: 0.015394  [38400/50000]
loss: 0.020557  [44800/50000]
Test Error: 
 Accuracy: 86.7%, Avg loss: 0.715065 

Epoch 30
-------------------------------
loss: 0.013825  [    0/50000]
loss: 0.043485  [ 6400/50000]
loss: 0.001433  [12800/50000]
loss: 0.076664  [19200/50000]
loss: 0.007639  [25600/50000]
loss: 0.005916  [32000/50000]
loss: 0.028223  [38400/50000]
loss: 0.005579  [44800/50000]
Test Error: 
 Accuracy: 86.3%, Avg loss: 0.704533 

Epoch 31
-------------------------------
loss: 0.077431  [    0/50000]
loss: 0.003500  [ 6400/50000]
loss: 0.026236  [12800/50000]
loss: 0.001938  [19200/50000]
loss: 0.023043  [25600/50000]
loss: 0.003039  [32000/50000]
loss: 0.001106  [38400/50000]
loss: 0.002379  [44800/50000]
Test Error: 
 Accuracy: 87.0%, Avg loss: 0.731958 

Epoch 32
-------------------------------
loss: 0.000277  [    0/50000]
loss: 0.000462  [ 6400/50000]
loss: 0.000274  [12800/50000]
loss: 0.006565  [19200/50000]
loss: 0.000343  [25600/50000]
loss: 0.043594  [32000/50000]
loss: 0.107745  [38400/50000]
loss: 0.025160  [44800/50000]
Test Error: 
 Accuracy: 86.0%, Avg loss: 0.746829 

Epoch 33
-------------------------------
loss: 0.002865  [    0/50000]
loss: 0.006605  [ 6400/50000]
loss: 0.018124  [12800/50000]
loss: 0.051562  [19200/50000]
loss: 0.027941  [25600/50000]
loss: 0.056971  [32000/50000]
loss: 0.004633  [38400/50000]
loss: 0.000200  [44800/50000]
Test Error: 
 Accuracy: 87.5%, Avg loss: 0.650138 

Epoch 34
-------------------------------
loss: 0.045459  [    0/50000]
loss: 0.001599  [ 6400/50000]
loss: 0.003580  [12800/50000]
loss: 0.004388  [19200/50000]
loss: 0.002738  [25600/50000]
loss: 0.009295  [32000/50000]
loss: 0.036949  [38400/50000]
loss: 0.009400  [44800/50000]
Test Error: 
 Accuracy: 86.8%, Avg loss: 0.707153 

Epoch 35
-------------------------------
loss: 0.008481  [    0/50000]
loss: 0.026485  [ 6400/50000]
loss: 0.000784  [12800/50000]
loss: 0.128060  [19200/50000]
loss: 0.005457  [25600/50000]
loss: 0.004583  [32000/50000]
loss: 0.079048  [38400/50000]
loss: 0.005846  [44800/50000]
Test Error: 
 Accuracy: 86.1%, Avg loss: 0.761387 

Epoch 36
-------------------------------
loss: 0.001544  [    0/50000]
loss: 0.065364  [ 6400/50000]
loss: 0.005546  [12800/50000]
loss: 0.032180  [19200/50000]
loss: 0.010716  [25600/50000]
loss: 0.024847  [32000/50000]
loss: 0.042010  [38400/50000]
loss: 0.042335  [44800/50000]
Test Error: 
 Accuracy: 87.6%, Avg loss: 0.683617 

Epoch 37
-------------------------------
loss: 0.111177  [    0/50000]
loss: 0.001420  [ 6400/50000]
loss: 0.012446  [12800/50000]
loss: 0.004722  [19200/50000]
loss: 0.020575  [25600/50000]
loss: 0.043131  [32000/50000]
loss: 0.062609  [38400/50000]
loss: 0.025694  [44800/50000]
Test Error: 
 Accuracy: 87.1%, Avg loss: 0.720348 

Epoch 38
-------------------------------
loss: 0.030744  [    0/50000]
loss: 0.019185  [ 6400/50000]
loss: 0.017796  [12800/50000]
loss: 0.001666  [19200/50000]
loss: 0.001601  [25600/50000]
loss: 0.000308  [32000/50000]
loss: 0.003037  [38400/50000]
loss: 0.015835  [44800/50000]
Test Error: 
 Accuracy: 87.1%, Avg loss: 0.732628 

Epoch 39
-------------------------------
loss: 0.001660  [    0/50000]
loss: 0.004903  [ 6400/50000]
loss: 0.003567  [12800/50000]
loss: 0.035526  [19200/50000]
loss: 0.001660  [25600/50000]
loss: 0.029341  [32000/50000]
loss: 0.008164  [38400/50000]
loss: 0.031382  [44800/50000]
Test Error: 
 Accuracy: 87.2%, Avg loss: 0.731958 

Epoch 40
-------------------------------
loss: 0.022182  [    0/50000]
loss: 0.009581  [ 6400/50000]
loss: 0.001262  [12800/50000]
loss: 0.000990  [19200/50000]
loss: 0.044748  [25600/50000]
loss: 0.048235  [32000/50000]
loss: 0.060474  [38400/50000]
loss: 0.000978  [44800/50000]
Test Error: 
 Accuracy: 86.5%, Avg loss: 0.803908 

Epoch 41
-------------------------------
loss: 0.000830  [    0/50000]
loss: 0.001625  [ 6400/50000]
loss: 0.012735  [12800/50000]
loss: 0.000476  [19200/50000]
loss: 0.001202  [25600/50000]
loss: 0.030691  [32000/50000]
loss: 0.142948  [38400/50000]
loss: 0.000128  [44800/50000]
Test Error: 
 Accuracy: 87.2%, Avg loss: 0.724247 

Epoch 42
-------------------------------
loss: 0.016566  [    0/50000]
loss: 0.016181  [ 6400/50000]
loss: 0.008535  [12800/50000]
loss: 0.002064  [19200/50000]
loss: 0.001535  [25600/50000]
loss: 0.000282  [32000/50000]
loss: 0.001016  [38400/50000]
loss: 0.029256  [44800/50000]
Test Error: 
 Accuracy: 86.3%, Avg loss: 0.804331 

Epoch 43
-------------------------------
loss: 0.036401  [    0/50000]
loss: 0.220251  [ 6400/50000]
loss: 0.079596  [12800/50000]
loss: 0.002765  [19200/50000]
loss: 0.005644  [25600/50000]
loss: 0.002703  [32000/50000]
loss: 0.050890  [38400/50000]
loss: 0.004728  [44800/50000]
Test Error: 
 Accuracy: 87.8%, Avg loss: 0.686639 

Epoch 44
-------------------------------
loss: 0.000911  [    0/50000]
loss: 0.003611  [ 6400/50000]
loss: 0.001295  [12800/50000]
loss: 0.015148  [19200/50000]
loss: 0.002140  [25600/50000]
loss: 0.000848  [32000/50000]
loss: 0.003108  [38400/50000]
loss: 0.058900  [44800/50000]
Test Error: 
 Accuracy: 86.8%, Avg loss: 0.760494 

Epoch 45
-------------------------------
loss: 0.006691  [    0/50000]
loss: 0.001467  [ 6400/50000]
loss: 0.000150  [12800/50000]
loss: 0.000397  [19200/50000]
loss: 0.000568  [25600/50000]
loss: 0.048571  [32000/50000]
loss: 0.002494  [38400/50000]
loss: 0.000682  [44800/50000]
Test Error: 
 Accuracy: 84.8%, Avg loss: 0.892795 

Epoch 46
-------------------------------
loss: 0.000378  [    0/50000]
loss: 0.001217  [ 6400/50000]
loss: 0.000827  [12800/50000]
loss: 0.001980  [19200/50000]
loss: 0.002196  [25600/50000]
loss: 0.007104  [32000/50000]
loss: 0.019631  [38400/50000]
loss: 0.003497  [44800/50000]
Test Error: 
 Accuracy: 86.9%, Avg loss: 0.738587 

Epoch 47
-------------------------------
loss: 0.003192  [    0/50000]
loss: 0.009156  [ 6400/50000]
loss: 0.000091  [12800/50000]
loss: 0.032046  [19200/50000]
loss: 0.000796  [25600/50000]
loss: 0.000917  [32000/50000]
loss: 0.002692  [38400/50000]
loss: 0.034490  [44800/50000]
Test Error: 
 Accuracy: 87.6%, Avg loss: 0.721353 

Epoch 48
-------------------------------
loss: 0.001242  [    0/50000]
loss: 0.001230  [ 6400/50000]
loss: 0.001404  [12800/50000]
loss: 0.000175  [19200/50000]
loss: 0.024291  [25600/50000]
loss: 0.025934  [32000/50000]
loss: 0.003215  [38400/50000]
loss: 0.008498  [44800/50000]
Test Error: 
 Accuracy: 87.0%, Avg loss: 0.749042 

Epoch 49
-------------------------------
loss: 0.001709  [    0/50000]
loss: 0.000400  [ 6400/50000]
loss: 0.001116  [12800/50000]
loss: 0.066635  [19200/50000]
loss: 0.003659  [25600/50000]
loss: 0.001130  [32000/50000]
loss: 0.000679  [38400/50000]
loss: 0.003496  [44800/50000]
Test Error: 
 Accuracy: 86.7%, Avg loss: 0.776307 

Epoch 50
-------------------------------
loss: 0.000653  [    0/50000]
loss: 0.003657  [ 6400/50000]
loss: 0.000591  [12800/50000]
loss: 0.001607  [19200/50000]
loss: 0.000246  [25600/50000]
loss: 0.013079  [32000/50000]
loss: 0.004734  [38400/50000]
loss: 0.017089  [44800/50000]
Test Error: 
 Accuracy: 86.3%, Avg loss: 0.791227 

Done!
