command config
N= 5
B= [2, 3, 3, 3, 2]
C1= 16
F= [3, 5, 3, 5, 3]
K= [1, 3, 1, 3, 1]
P= 2
number of parameters 4791962
Epoch 1
-------------------------------
loss: 2.509357  [    0/50000]
loss: 1.553904  [ 6400/50000]
loss: 1.610940  [12800/50000]
loss: 1.302895  [19200/50000]
loss: 1.281992  [25600/50000]
loss: 1.299416  [32000/50000]
loss: 1.120673  [38400/50000]
loss: 1.416839  [44800/50000]
Test Error: 
 Accuracy: 59.7%, Avg loss: 1.118113 

Epoch 2
-------------------------------
loss: 0.893294  [    0/50000]
loss: 0.888221  [ 6400/50000]
loss: 1.022866  [12800/50000]
loss: 0.973951  [19200/50000]
loss: 0.956251  [25600/50000]
loss: 1.119923  [32000/50000]
loss: 0.888178  [38400/50000]
loss: 1.069648  [44800/50000]
Test Error: 
 Accuracy: 72.2%, Avg loss: 0.811427 

Epoch 3
-------------------------------
loss: 0.658742  [    0/50000]
loss: 0.584269  [ 6400/50000]
loss: 0.680549  [12800/50000]
loss: 0.783436  [19200/50000]
loss: 0.794855  [25600/50000]
loss: 0.837715  [32000/50000]
loss: 0.578584  [38400/50000]
loss: 0.654680  [44800/50000]
Test Error: 
 Accuracy: 73.7%, Avg loss: 0.750170 

Epoch 4
-------------------------------
loss: 0.463444  [    0/50000]
loss: 0.513208  [ 6400/50000]
loss: 0.530882  [12800/50000]
loss: 0.435466  [19200/50000]
loss: 0.549816  [25600/50000]
loss: 0.408269  [32000/50000]
loss: 0.532571  [38400/50000]
loss: 0.719909  [44800/50000]
Test Error: 
 Accuracy: 77.2%, Avg loss: 0.666906 

Epoch 5
-------------------------------
loss: 0.474893  [    0/50000]
loss: 0.465848  [ 6400/50000]
loss: 0.534913  [12800/50000]
loss: 0.466191  [19200/50000]
loss: 0.509587  [25600/50000]
loss: 0.560453  [32000/50000]
loss: 0.432807  [38400/50000]
loss: 0.534193  [44800/50000]
Test Error: 
 Accuracy: 80.0%, Avg loss: 0.600077 

Epoch 6
-------------------------------
loss: 0.471629  [    0/50000]
loss: 0.149492  [ 6400/50000]
loss: 0.367812  [12800/50000]
loss: 0.234084  [19200/50000]
loss: 0.258798  [25600/50000]
loss: 0.356445  [32000/50000]
loss: 0.374035  [38400/50000]
loss: 0.370828  [44800/50000]
Test Error: 
 Accuracy: 78.1%, Avg loss: 0.699778 

Epoch 7
-------------------------------
loss: 0.258356  [    0/50000]
loss: 0.132684  [ 6400/50000]
loss: 0.351128  [12800/50000]
loss: 0.260579  [19200/50000]
loss: 0.194028  [25600/50000]
loss: 0.437029  [32000/50000]
loss: 0.247893  [38400/50000]
loss: 0.343908  [44800/50000]
Test Error: 
 Accuracy: 79.0%, Avg loss: 0.732553 

Epoch 8
-------------------------------
loss: 0.120149  [    0/50000]
loss: 0.195306  [ 6400/50000]
loss: 0.119577  [12800/50000]
loss: 0.064669  [19200/50000]
loss: 0.190793  [25600/50000]
loss: 0.328755  [32000/50000]
loss: 0.276091  [38400/50000]
loss: 0.233305  [44800/50000]
Test Error: 
 Accuracy: 79.7%, Avg loss: 0.704079 

Epoch 9
-------------------------------
loss: 0.222775  [    0/50000]
loss: 0.125057  [ 6400/50000]
loss: 0.152802  [12800/50000]
loss: 0.271552  [19200/50000]
loss: 0.197753  [25600/50000]
loss: 0.163063  [32000/50000]
loss: 0.147299  [38400/50000]
loss: 0.128017  [44800/50000]
Test Error: 
 Accuracy: 79.8%, Avg loss: 0.781674 

Epoch 10
-------------------------------
loss: 0.101928  [    0/50000]
loss: 0.043412  [ 6400/50000]
loss: 0.069519  [12800/50000]
loss: 0.109902  [19200/50000]
loss: 0.195081  [25600/50000]
loss: 0.075141  [32000/50000]
loss: 0.127626  [38400/50000]
loss: 0.083511  [44800/50000]
Test Error: 
 Accuracy: 79.0%, Avg loss: 0.861987 

Epoch 11
-------------------------------
loss: 0.166763  [    0/50000]
loss: 0.141439  [ 6400/50000]
loss: 0.047913  [12800/50000]
loss: 0.080434  [19200/50000]
loss: 0.047464  [25600/50000]
loss: 0.127201  [32000/50000]
loss: 0.182072  [38400/50000]
loss: 0.054753  [44800/50000]
Test Error: 
 Accuracy: 79.5%, Avg loss: 0.894352 

Epoch 12
-------------------------------
loss: 0.199038  [    0/50000]
loss: 0.059690  [ 6400/50000]
loss: 0.120587  [12800/50000]
loss: 0.061401  [19200/50000]
loss: 0.031363  [25600/50000]
loss: 0.183657  [32000/50000]
loss: 0.149399  [38400/50000]
loss: 0.070943  [44800/50000]
Test Error: 
 Accuracy: 79.8%, Avg loss: 0.890944 

Epoch 13
-------------------------------
loss: 0.020924  [    0/50000]
loss: 0.052581  [ 6400/50000]
loss: 0.049318  [12800/50000]
loss: 0.041788  [19200/50000]
loss: 0.078473  [25600/50000]
loss: 0.159084  [32000/50000]
loss: 0.042688  [38400/50000]
loss: 0.080156  [44800/50000]
Test Error: 
 Accuracy: 79.4%, Avg loss: 0.944722 

Epoch 14
-------------------------------
loss: 0.106198  [    0/50000]
loss: 0.008207  [ 6400/50000]
loss: 0.021811  [12800/50000]
loss: 0.012370  [19200/50000]
loss: 0.044212  [25600/50000]
loss: 0.114096  [32000/50000]
loss: 0.064767  [38400/50000]
loss: 0.025886  [44800/50000]
Test Error: 
 Accuracy: 80.1%, Avg loss: 0.931138 

Epoch 15
-------------------------------
loss: 0.031299  [    0/50000]
loss: 0.066768  [ 6400/50000]
loss: 0.047824  [12800/50000]
loss: 0.090031  [19200/50000]
loss: 0.057855  [25600/50000]
loss: 0.074778  [32000/50000]
loss: 0.193637  [38400/50000]
loss: 0.082937  [44800/50000]
Test Error: 
 Accuracy: 79.4%, Avg loss: 0.969430 

Epoch 16
-------------------------------
loss: 0.048261  [    0/50000]
loss: 0.027379  [ 6400/50000]
loss: 0.058627  [12800/50000]
loss: 0.099289  [19200/50000]
loss: 0.031965  [25600/50000]
loss: 0.067338  [32000/50000]
loss: 0.019190  [38400/50000]
loss: 0.067035  [44800/50000]
Test Error: 
 Accuracy: 80.1%, Avg loss: 1.032942 

Epoch 17
-------------------------------
loss: 0.040109  [    0/50000]
loss: 0.079972  [ 6400/50000]
loss: 0.014574  [12800/50000]
loss: 0.006898  [19200/50000]
loss: 0.107680  [25600/50000]
loss: 0.008680  [32000/50000]
loss: 0.010125  [38400/50000]
loss: 0.023117  [44800/50000]
Test Error: 
 Accuracy: 79.3%, Avg loss: 1.009204 

Epoch 18
-------------------------------
loss: 0.061388  [    0/50000]
loss: 0.029671  [ 6400/50000]
loss: 0.009052  [12800/50000]
loss: 0.007853  [19200/50000]
loss: 0.016204  [25600/50000]
loss: 0.215271  [32000/50000]
loss: 0.040983  [38400/50000]
loss: 0.008833  [44800/50000]
Test Error: 
 Accuracy: 80.6%, Avg loss: 0.995010 

Epoch 19
-------------------------------
loss: 0.007623  [    0/50000]
loss: 0.031762  [ 6400/50000]
loss: 0.005793  [12800/50000]
loss: 0.030322  [19200/50000]
loss: 0.044772  [25600/50000]
loss: 0.021152  [32000/50000]
loss: 0.050356  [38400/50000]
loss: 0.120319  [44800/50000]
Test Error: 
 Accuracy: 80.2%, Avg loss: 1.053983 

Epoch 20
-------------------------------
loss: 0.015769  [    0/50000]
loss: 0.018142  [ 6400/50000]
loss: 0.006638  [12800/50000]
loss: 0.025734  [19200/50000]
loss: 0.083119  [25600/50000]
loss: 0.009416  [32000/50000]
loss: 0.018248  [38400/50000]
loss: 0.038515  [44800/50000]
Test Error: 
 Accuracy: 79.1%, Avg loss: 1.059798 

Epoch 21
-------------------------------
loss: 0.074816  [    0/50000]
loss: 0.061634  [ 6400/50000]
loss: 0.043301  [12800/50000]
loss: 0.030609  [19200/50000]
loss: 0.006616  [25600/50000]
loss: 0.008088  [32000/50000]
loss: 0.020545  [38400/50000]
loss: 0.074108  [44800/50000]
Test Error: 
 Accuracy: 80.0%, Avg loss: 1.054747 

Epoch 22
-------------------------------
loss: 0.110629  [    0/50000]
loss: 0.079881  [ 6400/50000]
loss: 0.064985  [12800/50000]
loss: 0.012273  [19200/50000]
loss: 0.085050  [25600/50000]
loss: 0.048707  [32000/50000]
loss: 0.080896  [38400/50000]
loss: 0.014417  [44800/50000]
Test Error: 
 Accuracy: 79.5%, Avg loss: 1.126553 

Epoch 23
-------------------------------
loss: 0.009921  [    0/50000]
loss: 0.012722  [ 6400/50000]
loss: 0.002789  [12800/50000]
loss: 0.085480  [19200/50000]
loss: 0.012207  [25600/50000]
loss: 0.003737  [32000/50000]
loss: 0.001145  [38400/50000]
loss: 0.009878  [44800/50000]
Test Error: 
 Accuracy: 79.8%, Avg loss: 1.145062 

Epoch 24
-------------------------------
loss: 0.002099  [    0/50000]
loss: 0.022069  [ 6400/50000]
loss: 0.015173  [12800/50000]
loss: 0.031759  [19200/50000]
loss: 0.015198  [25600/50000]
loss: 0.079741  [32000/50000]
loss: 0.049525  [38400/50000]
loss: 0.015497  [44800/50000]
Test Error: 
 Accuracy: 79.9%, Avg loss: 1.095047 

Epoch 25
-------------------------------
loss: 0.019269  [    0/50000]
loss: 0.007746  [ 6400/50000]
loss: 0.002605  [12800/50000]
loss: 0.012850  [19200/50000]
loss: 0.171283  [25600/50000]
loss: 0.027038  [32000/50000]
loss: 0.039851  [38400/50000]
loss: 0.004346  [44800/50000]
Test Error: 
 Accuracy: 79.9%, Avg loss: 1.142658 

Epoch 26
-------------------------------
loss: 0.015459  [    0/50000]
loss: 0.022505  [ 6400/50000]
loss: 0.008700  [12800/50000]
loss: 0.042903  [19200/50000]
loss: 0.045568  [25600/50000]
loss: 0.119449  [32000/50000]
loss: 0.158283  [38400/50000]
loss: 0.163273  [44800/50000]
Test Error: 
 Accuracy: 80.2%, Avg loss: 1.087381 

Epoch 27
-------------------------------
loss: 0.128899  [    0/50000]
loss: 0.010824  [ 6400/50000]
loss: 0.003991  [12800/50000]
loss: 0.003562  [19200/50000]
loss: 0.003170  [25600/50000]
loss: 0.014132  [32000/50000]
loss: 0.048352  [38400/50000]
loss: 0.031628  [44800/50000]
Test Error: 
 Accuracy: 80.3%, Avg loss: 1.102995 

Epoch 28
-------------------------------
loss: 0.031420  [    0/50000]
loss: 0.002081  [ 6400/50000]
loss: 0.005170  [12800/50000]
loss: 0.074323  [19200/50000]
loss: 0.065597  [25600/50000]
loss: 0.014326  [32000/50000]
loss: 0.010072  [38400/50000]
loss: 0.009228  [44800/50000]
Test Error: 
 Accuracy: 79.6%, Avg loss: 1.168227 

Epoch 29
-------------------------------
loss: 0.014413  [    0/50000]
loss: 0.139866  [ 6400/50000]
loss: 0.012991  [12800/50000]
loss: 0.028908  [19200/50000]
loss: 0.008970  [25600/50000]
loss: 0.016840  [32000/50000]
loss: 0.079142  [38400/50000]
loss: 0.006822  [44800/50000]
Test Error: 
 Accuracy: 80.6%, Avg loss: 1.095153 

Epoch 30
-------------------------------
loss: 0.005488  [    0/50000]
loss: 0.052070  [ 6400/50000]
loss: 0.001962  [12800/50000]
loss: 0.002294  [19200/50000]
loss: 0.003646  [25600/50000]
loss: 0.006162  [32000/50000]
loss: 0.004979  [38400/50000]
loss: 0.196038  [44800/50000]
Test Error: 
 Accuracy: 79.5%, Avg loss: 1.291468 

Epoch 31
-------------------------------
loss: 0.007380  [    0/50000]
loss: 0.006539  [ 6400/50000]
loss: 0.010814  [12800/50000]
loss: 0.004582  [19200/50000]
loss: 0.050000  [25600/50000]
loss: 0.025871  [32000/50000]
loss: 0.013877  [38400/50000]
loss: 0.006045  [44800/50000]
Test Error: 
 Accuracy: 80.8%, Avg loss: 1.180749 

Epoch 32
-------------------------------
loss: 0.008458  [    0/50000]
loss: 0.001090  [ 6400/50000]
loss: 0.014024  [12800/50000]
loss: 0.002387  [19200/50000]
loss: 0.043789  [25600/50000]
loss: 0.001351  [32000/50000]
loss: 0.023751  [38400/50000]
loss: 0.020273  [44800/50000]
Test Error: 
 Accuracy: 80.5%, Avg loss: 1.193318 

Epoch 33
-------------------------------
loss: 0.073721  [    0/50000]
loss: 0.011515  [ 6400/50000]
loss: 0.016725  [12800/50000]
loss: 0.032981  [19200/50000]
loss: 0.009207  [25600/50000]
loss: 0.008725  [32000/50000]
loss: 0.074053  [38400/50000]
loss: 0.004349  [44800/50000]
Test Error: 
 Accuracy: 79.8%, Avg loss: 1.165917 

Epoch 34
-------------------------------
loss: 0.003395  [    0/50000]
loss: 0.020909  [ 6400/50000]
loss: 0.003145  [12800/50000]
loss: 0.009521  [19200/50000]
loss: 0.076889  [25600/50000]
loss: 0.000496  [32000/50000]
loss: 0.001479  [38400/50000]
loss: 0.000886  [44800/50000]
Test Error: 
 Accuracy: 80.4%, Avg loss: 1.146076 

Epoch 35
-------------------------------
loss: 0.013067  [    0/50000]
loss: 0.008856  [ 6400/50000]
loss: 0.002225  [12800/50000]
loss: 0.005059  [19200/50000]
loss: 0.000928  [25600/50000]
loss: 0.032695  [32000/50000]
loss: 0.010120  [38400/50000]
loss: 0.000906  [44800/50000]
Test Error: 
 Accuracy: 81.1%, Avg loss: 1.154306 

Epoch 36
-------------------------------
loss: 0.010791  [    0/50000]
loss: 0.010405  [ 6400/50000]
loss: 0.003366  [12800/50000]
loss: 0.006410  [19200/50000]
loss: 0.003846  [25600/50000]
loss: 0.005190  [32000/50000]
loss: 0.119052  [38400/50000]
loss: 0.018059  [44800/50000]
Test Error: 
 Accuracy: 80.7%, Avg loss: 1.139322 

Epoch 37
-------------------------------
loss: 0.079655  [    0/50000]
loss: 0.001410  [ 6400/50000]
loss: 0.005203  [12800/50000]
loss: 0.035264  [19200/50000]
loss: 0.003278  [25600/50000]
loss: 0.017746  [32000/50000]
loss: 0.023698  [38400/50000]
loss: 0.001665  [44800/50000]
Test Error: 
 Accuracy: 80.2%, Avg loss: 1.190354 

Epoch 38
-------------------------------
loss: 0.012279  [    0/50000]
loss: 0.005322  [ 6400/50000]
loss: 0.010749  [12800/50000]
loss: 0.006261  [19200/50000]
loss: 0.002161  [25600/50000]
loss: 0.007615  [32000/50000]
loss: 0.028716  [38400/50000]
loss: 0.020604  [44800/50000]
Test Error: 
 Accuracy: 79.8%, Avg loss: 1.268494 

Epoch 39
-------------------------------
loss: 0.014671  [    0/50000]
loss: 0.010415  [ 6400/50000]
loss: 0.022773  [12800/50000]
loss: 0.005025  [19200/50000]
loss: 0.014623  [25600/50000]
loss: 0.011177  [32000/50000]
loss: 0.011934  [38400/50000]
loss: 0.109508  [44800/50000]
Test Error: 
 Accuracy: 79.7%, Avg loss: 1.270433 

Epoch 40
-------------------------------
loss: 0.012361  [    0/50000]
loss: 0.038708  [ 6400/50000]
loss: 0.073585  [12800/50000]
loss: 0.023810  [19200/50000]
loss: 0.020472  [25600/50000]
loss: 0.005692  [32000/50000]
loss: 0.017907  [38400/50000]
loss: 0.001412  [44800/50000]
Test Error: 
 Accuracy: 80.2%, Avg loss: 1.257342 

Epoch 41
-------------------------------
loss: 0.001521  [    0/50000]
loss: 0.001769  [ 6400/50000]
loss: 0.000528  [12800/50000]
loss: 0.001801  [19200/50000]
loss: 0.019940  [25600/50000]
loss: 0.002549  [32000/50000]
loss: 0.011167  [38400/50000]
loss: 0.036961  [44800/50000]
Test Error: 
 Accuracy: 80.7%, Avg loss: 1.178828 

Epoch 42
-------------------------------
loss: 0.036256  [    0/50000]
loss: 0.000069  [ 6400/50000]
loss: 0.000145  [12800/50000]
loss: 0.047761  [19200/50000]
loss: 0.031357  [25600/50000]
loss: 0.030521  [32000/50000]
loss: 0.001950  [38400/50000]
loss: 0.003683  [44800/50000]
Test Error: 
 Accuracy: 80.5%, Avg loss: 1.265654 

Epoch 43
-------------------------------
loss: 0.005460  [    0/50000]
loss: 0.028924  [ 6400/50000]
loss: 0.002179  [12800/50000]
loss: 0.011701  [19200/50000]
loss: 0.055363  [25600/50000]
loss: 0.055519  [32000/50000]
loss: 0.015870  [38400/50000]
loss: 0.003374  [44800/50000]
Test Error: 
 Accuracy: 80.0%, Avg loss: 1.271555 

Epoch 44
-------------------------------
loss: 0.032667  [    0/50000]
loss: 0.007900  [ 6400/50000]
loss: 0.031850  [12800/50000]
loss: 0.010795  [19200/50000]
loss: 0.027092  [25600/50000]
loss: 0.001982  [32000/50000]
loss: 0.009219  [38400/50000]
loss: 0.053306  [44800/50000]
Test Error: 
 Accuracy: 81.0%, Avg loss: 1.226248 

Epoch 45
-------------------------------
loss: 0.037860  [    0/50000]
loss: 0.004366  [ 6400/50000]
loss: 0.002564  [12800/50000]
loss: 0.054515  [19200/50000]
loss: 0.003380  [25600/50000]
loss: 0.023380  [32000/50000]
loss: 0.000791  [38400/50000]
loss: 0.005898  [44800/50000]
Test Error: 
 Accuracy: 80.5%, Avg loss: 1.239624 

Epoch 46
-------------------------------
loss: 0.006992  [    0/50000]
loss: 0.001499  [ 6400/50000]
loss: 0.005358  [12800/50000]
loss: 0.012689  [19200/50000]
loss: 0.000251  [25600/50000]
loss: 0.005393  [32000/50000]
loss: 0.006070  [38400/50000]
loss: 0.057624  [44800/50000]
Test Error: 
 Accuracy: 80.0%, Avg loss: 1.259728 

Epoch 47
-------------------------------
loss: 0.010923  [    0/50000]
loss: 0.016604  [ 6400/50000]
loss: 0.006529  [12800/50000]
loss: 0.015161  [19200/50000]
loss: 0.004308  [25600/50000]
loss: 0.001670  [32000/50000]
loss: 0.010159  [38400/50000]
loss: 0.020080  [44800/50000]
Test Error: 
 Accuracy: 80.8%, Avg loss: 1.263746 

Epoch 48
-------------------------------
loss: 0.063292  [    0/50000]
loss: 0.038009  [ 6400/50000]
loss: 0.003159  [12800/50000]
loss: 0.009969  [19200/50000]
loss: 0.006490  [25600/50000]
loss: 0.001632  [32000/50000]
loss: 0.041998  [38400/50000]
loss: 0.000786  [44800/50000]
Test Error: 
 Accuracy: 80.0%, Avg loss: 1.259003 

Epoch 49
-------------------------------
loss: 0.002104  [    0/50000]
loss: 0.005058  [ 6400/50000]
loss: 0.002415  [12800/50000]
loss: 0.002019  [19200/50000]
loss: 0.016129  [25600/50000]
loss: 0.007011  [32000/50000]
loss: 0.009409  [38400/50000]
loss: 0.003096  [44800/50000]
Test Error: 
 Accuracy: 79.9%, Avg loss: 1.264127 

Epoch 50
-------------------------------
loss: 0.012480  [    0/50000]
loss: 0.020871  [ 6400/50000]
loss: 0.001605  [12800/50000]
loss: 0.000523  [19200/50000]
loss: 0.002491  [25600/50000]
loss: 0.000666  [32000/50000]
loss: 0.032511  [38400/50000]
loss: 0.000998  [44800/50000]
Test Error: 
 Accuracy: 80.6%, Avg loss: 1.285736 

Done!
