number of parameters 4891722
Epoch 1
-------------------------------
loss: 2.380336  [    0/200000]
loss: 2.291869  [ 6400/200000]
loss: 2.284736  [12800/200000]
loss: 2.270445  [19200/200000]
loss: 2.205654  [25600/200000]
loss: 2.209066  [32000/200000]
loss: 2.209301  [38400/200000]
loss: 2.295937  [44800/200000]
loss: 2.219609  [51200/200000]
loss: 2.207216  [57600/200000]
loss: 2.164309  [64000/200000]
loss: 2.145742  [70400/200000]
loss: 2.100671  [76800/200000]
loss: 2.168437  [83200/200000]
loss: 2.113523  [89600/200000]
loss: 2.074866  [96000/200000]
loss: 2.182622  [102400/200000]
loss: 2.126012  [108800/200000]
loss: 2.022887  [115200/200000]
loss: 2.099096  [121600/200000]
loss: 2.100562  [128000/200000]
loss: 2.141897  [134400/200000]
loss: 2.114166  [140800/200000]
loss: 2.229914  [147200/200000]
loss: 2.173810  [153600/200000]
loss: 2.081891  [160000/200000]
loss: 1.967557  [166400/200000]
loss: 2.099732  [172800/200000]
loss: 2.000106  [179200/200000]
loss: 2.177744  [185600/200000]
loss: 1.966046  [192000/200000]
loss: 2.069637  [198400/200000]
Test Error: 
 Accuracy: 43.9%, Avg loss: 1.524970 

Epoch 2
-------------------------------
loss: 1.983279  [    0/200000]
loss: 1.974133  [ 6400/200000]
loss: 1.955354  [12800/200000]
loss: 1.920930  [19200/200000]
loss: 1.941662  [25600/200000]
loss: 2.006114  [32000/200000]
loss: 2.058984  [38400/200000]
loss: 2.025513  [44800/200000]
loss: 1.891033  [51200/200000]
loss: 2.110731  [57600/200000]
loss: 1.996395  [64000/200000]
loss: 2.003783  [70400/200000]
loss: 2.025498  [76800/200000]
loss: 1.948622  [83200/200000]
loss: 1.967792  [89600/200000]
loss: 2.134592  [96000/200000]
loss: 2.028152  [102400/200000]
loss: 2.106162  [108800/200000]
loss: 1.977280  [115200/200000]
loss: 2.113667  [121600/200000]
loss: 2.092384  [128000/200000]
loss: 2.055030  [134400/200000]
loss: 1.876067  [140800/200000]
loss: 2.084619  [147200/200000]
loss: 2.026553  [153600/200000]
loss: 2.003973  [160000/200000]
loss: 1.907223  [166400/200000]
loss: 2.033774  [172800/200000]
loss: 2.066916  [179200/200000]
loss: 2.020833  [185600/200000]
loss: 1.989458  [192000/200000]
loss: 1.926368  [198400/200000]
Test Error: 
 Accuracy: 51.6%, Avg loss: 1.311051 

Epoch 3
-------------------------------
loss: 2.024278  [    0/200000]
loss: 2.031884  [ 6400/200000]
loss: 1.895112  [12800/200000]
loss: 1.950054  [19200/200000]
loss: 2.031823  [25600/200000]
loss: 2.156158  [32000/200000]
loss: 2.084820  [38400/200000]
loss: 1.973777  [44800/200000]
loss: 2.042087  [51200/200000]
loss: 1.934868  [57600/200000]
loss: 2.025980  [64000/200000]
loss: 1.976845  [70400/200000]
loss: 1.934747  [76800/200000]
loss: 2.225906  [83200/200000]
loss: 1.873811  [89600/200000]
loss: 1.994173  [96000/200000]
loss: 1.951067  [102400/200000]
loss: 1.948700  [108800/200000]
loss: 1.811545  [115200/200000]
loss: 1.880399  [121600/200000]
loss: 2.084868  [128000/200000]
loss: 2.016689  [134400/200000]
loss: 1.749627  [140800/200000]
loss: 1.914952  [147200/200000]
loss: 1.961158  [153600/200000]
loss: 1.981903  [160000/200000]
loss: 1.987021  [166400/200000]
loss: 1.939829  [172800/200000]
loss: 2.037381  [179200/200000]
loss: 1.959229  [185600/200000]
loss: 2.057147  [192000/200000]
loss: 1.953189  [198400/200000]
Test Error: 
 Accuracy: 58.6%, Avg loss: 1.162470 

Epoch 4
-------------------------------
loss: 1.937663  [    0/200000]
loss: 1.816100  [ 6400/200000]
loss: 1.997645  [12800/200000]
loss: 1.792997  [19200/200000]
loss: 1.689762  [25600/200000]
loss: 2.050118  [32000/200000]
loss: 1.801476  [38400/200000]
loss: 1.781906  [44800/200000]
loss: 1.872431  [51200/200000]
loss: 1.887429  [57600/200000]
loss: 1.958256  [64000/200000]
loss: 1.882971  [70400/200000]
loss: 1.818106  [76800/200000]
loss: 1.900436  [83200/200000]
loss: 1.834571  [89600/200000]
loss: 1.903809  [96000/200000]
loss: 1.838461  [102400/200000]
loss: 2.132241  [108800/200000]
loss: 2.011666  [115200/200000]
loss: 1.880421  [121600/200000]
loss: 2.063913  [128000/200000]
loss: 1.947406  [134400/200000]
loss: 1.954308  [140800/200000]
loss: 1.716741  [147200/200000]
loss: 1.834157  [153600/200000]
loss: 1.671659  [160000/200000]
loss: 1.929810  [166400/200000]
loss: 1.909673  [172800/200000]
loss: 2.027225  [179200/200000]
loss: 2.040310  [185600/200000]
loss: 1.708586  [192000/200000]
loss: 1.909926  [198400/200000]
Test Error: 
 Accuracy: 63.5%, Avg loss: 1.024677 

Epoch 5
-------------------------------
loss: 1.943177  [    0/200000]
loss: 1.914333  [ 6400/200000]
loss: 1.888425  [12800/200000]
loss: 2.038055  [19200/200000]
loss: 2.047853  [25600/200000]
loss: 1.992904  [32000/200000]
loss: 1.902428  [38400/200000]
loss: 1.824752  [44800/200000]
loss: 1.914484  [51200/200000]
loss: 1.826722  [57600/200000]
loss: 1.900519  [64000/200000]
loss: 1.911640  [70400/200000]
loss: 1.932620  [76800/200000]
loss: 1.879917  [83200/200000]
loss: 1.999464  [89600/200000]
loss: 1.809971  [96000/200000]
loss: 1.971373  [102400/200000]
loss: 1.786479  [108800/200000]
loss: 1.864691  [115200/200000]
loss: 1.833096  [121600/200000]
loss: 1.679565  [128000/200000]
loss: 2.008006  [134400/200000]
loss: 1.733869  [140800/200000]
loss: 1.895768  [147200/200000]
loss: 2.068535  [153600/200000]
loss: 1.848418  [160000/200000]
loss: 1.889107  [166400/200000]
loss: 1.965558  [172800/200000]
loss: 1.823034  [179200/200000]
loss: 1.914933  [185600/200000]
loss: 1.878041  [192000/200000]
loss: 1.831839  [198400/200000]
Test Error: 
 Accuracy: 63.3%, Avg loss: 1.056572 

Epoch 6
-------------------------------
loss: 1.697563  [    0/200000]
loss: 1.793947  [ 6400/200000]
loss: 1.886872  [12800/200000]
loss: 1.718236  [19200/200000]
loss: 1.867206  [25600/200000]
loss: 1.959454  [32000/200000]
loss: 1.930873  [38400/200000]
loss: 1.795372  [44800/200000]
loss: 1.947859  [51200/200000]
loss: 1.767575  [57600/200000]
loss: 1.756665  [64000/200000]
loss: 1.790642  [70400/200000]
loss: 1.974028  [76800/200000]
loss: 1.692457  [83200/200000]
loss: 1.793091  [89600/200000]
loss: 1.746624  [96000/200000]
loss: 2.094078  [102400/200000]
loss: 1.875176  [108800/200000]
loss: 1.735853  [115200/200000]
loss: 1.675451  [121600/200000]
loss: 1.771416  [128000/200000]
loss: 1.962256  [134400/200000]
loss: 2.049185  [140800/200000]
loss: 1.742132  [147200/200000]
loss: 1.797083  [153600/200000]
loss: 1.848242  [160000/200000]
loss: 1.710243  [166400/200000]
loss: 1.705089  [172800/200000]
loss: 1.866083  [179200/200000]
loss: 2.093782  [185600/200000]
loss: 1.829191  [192000/200000]
loss: 1.872903  [198400/200000]
Test Error: 
 Accuracy: 68.9%, Avg loss: 0.880758 

Epoch 7
-------------------------------
loss: 1.914145  [    0/200000]
loss: 1.841639  [ 6400/200000]
loss: 1.761202  [12800/200000]
loss: 1.710175  [19200/200000]
loss: 1.779719  [25600/200000]
loss: 1.754286  [32000/200000]
loss: 1.822483  [38400/200000]
loss: 1.895687  [44800/200000]
loss: 1.810568  [51200/200000]
loss: 1.855710  [57600/200000]
loss: 1.686494  [64000/200000]
loss: 1.823974  [70400/200000]
loss: 1.697988  [76800/200000]
loss: 1.627372  [83200/200000]
loss: 1.824115  [89600/200000]
loss: 1.657721  [96000/200000]
loss: 1.897217  [102400/200000]
loss: 1.921627  [108800/200000]
loss: 1.956690  [115200/200000]
loss: 1.764242  [121600/200000]
loss: 1.975792  [128000/200000]
loss: 1.713760  [134400/200000]
loss: 1.691655  [140800/200000]
loss: 1.568350  [147200/200000]
loss: 1.732756  [153600/200000]
loss: 1.704963  [160000/200000]
loss: 1.713397  [166400/200000]
loss: 1.656992  [172800/200000]
loss: 1.837456  [179200/200000]
loss: 1.824483  [185600/200000]
loss: 1.852733  [192000/200000]
loss: 1.708023  [198400/200000]
Test Error: 
 Accuracy: 69.1%, Avg loss: 0.868598 

Epoch 8
-------------------------------
loss: 1.682298  [    0/200000]
loss: 1.799507  [ 6400/200000]
loss: 1.657037  [12800/200000]
loss: 1.946248  [19200/200000]
loss: 1.721977  [25600/200000]
loss: 1.546074  [32000/200000]
loss: 1.814274  [38400/200000]
loss: 1.552475  [44800/200000]
loss: 1.695590  [51200/200000]
loss: 1.791689  [57600/200000]
loss: 1.800961  [64000/200000]
loss: 1.600276  [70400/200000]
loss: 1.563339  [76800/200000]
loss: 1.831240  [83200/200000]
loss: 1.836367  [89600/200000]
loss: 1.628987  [96000/200000]
loss: 1.606052  [102400/200000]
loss: 1.867344  [108800/200000]
loss: 1.764864  [115200/200000]
loss: 1.681144  [121600/200000]
loss: 1.868961  [128000/200000]
loss: 1.875365  [134400/200000]
loss: 1.557235  [140800/200000]
loss: 1.799518  [147200/200000]
loss: 1.774215  [153600/200000]
loss: 1.618755  [160000/200000]
loss: 1.770873  [166400/200000]
loss: 1.580086  [172800/200000]
loss: 1.789706  [179200/200000]
loss: 1.873067  [185600/200000]
loss: 1.815792  [192000/200000]
loss: 1.859590  [198400/200000]
Test Error: 
 Accuracy: 69.5%, Avg loss: 0.871266 

Epoch 9
-------------------------------
loss: 1.236074  [    0/200000]
loss: 1.590117  [ 6400/200000]
loss: 1.711861  [12800/200000]
loss: 1.520310  [19200/200000]
loss: 1.645924  [25600/200000]
loss: 1.873282  [32000/200000]
loss: 1.540949  [38400/200000]
loss: 1.531820  [44800/200000]
loss: 1.536998  [51200/200000]
loss: 1.663388  [57600/200000]
loss: 1.569067  [64000/200000]
loss: 1.680576  [70400/200000]
loss: 1.599989  [76800/200000]
loss: 1.629233  [83200/200000]
loss: 1.631944  [89600/200000]
loss: 1.495224  [96000/200000]
loss: 1.724605  [102400/200000]
loss: 1.701895  [108800/200000]
loss: 1.662240  [115200/200000]
loss: 1.692641  [121600/200000]
loss: 1.590021  [128000/200000]
loss: 1.582584  [134400/200000]
loss: 1.446512  [140800/200000]
loss: 1.723382  [147200/200000]
loss: 1.507365  [153600/200000]
loss: 1.520281  [160000/200000]
loss: 1.623405  [166400/200000]
loss: 1.768542  [172800/200000]
loss: 1.825420  [179200/200000]
loss: 1.634227  [185600/200000]
loss: 1.623200  [192000/200000]
loss: 1.454360  [198400/200000]
Test Error: 
 Accuracy: 71.4%, Avg loss: 0.825502 

Epoch 10
-------------------------------
loss: 1.320583  [    0/200000]
loss: 1.558318  [ 6400/200000]
loss: 1.589386  [12800/200000]
loss: 1.337221  [19200/200000]
loss: 1.388055  [25600/200000]
loss: 1.513811  [32000/200000]
loss: 1.715604  [38400/200000]
loss: 1.530748  [44800/200000]
loss: 1.696492  [51200/200000]
loss: 1.565083  [57600/200000]
loss: 1.432167  [64000/200000]
loss: 1.727217  [70400/200000]
loss: 1.774609  [76800/200000]
loss: 1.463122  [83200/200000]
loss: 1.557790  [89600/200000]
loss: 1.597290  [96000/200000]
loss: 1.794287  [102400/200000]
loss: 1.577030  [108800/200000]
loss: 1.484766  [115200/200000]
loss: 1.697727  [121600/200000]
loss: 1.535131  [128000/200000]
loss: 1.694632  [134400/200000]
loss: 1.583784  [140800/200000]
loss: 1.585546  [147200/200000]
loss: 1.352228  [153600/200000]
loss: 1.805852  [160000/200000]
loss: 1.446447  [166400/200000]
loss: 1.508328  [172800/200000]
loss: 1.614957  [179200/200000]
loss: 1.546746  [185600/200000]
loss: 1.591750  [192000/200000]
loss: 1.641870  [198400/200000]
Test Error: 
 Accuracy: 72.0%, Avg loss: 0.796661 

Epoch 11
-------------------------------
loss: 1.522437  [    0/200000]
loss: 1.470984  [ 6400/200000]
loss: 1.330316  [12800/200000]
loss: 1.565078  [19200/200000]
loss: 1.364023  [25600/200000]
loss: 1.569518  [32000/200000]
loss: 1.452290  [38400/200000]
loss: 1.394421  [44800/200000]
loss: 1.188809  [51200/200000]
loss: 1.180046  [57600/200000]
loss: 1.136022  [64000/200000]
loss: 1.274377  [70400/200000]
loss: 1.347512  [76800/200000]
loss: 1.630309  [83200/200000]
loss: 1.644959  [89600/200000]
loss: 1.694340  [96000/200000]
loss: 1.738183  [102400/200000]
loss: 1.576285  [108800/200000]
loss: 1.594201  [115200/200000]
loss: 1.612329  [121600/200000]
loss: 1.721927  [128000/200000]
loss: 1.232090  [134400/200000]
loss: 1.561580  [140800/200000]
loss: 1.532526  [147200/200000]
loss: 1.537080  [153600/200000]
loss: 1.515990  [160000/200000]
loss: 1.454514  [166400/200000]
loss: 1.534805  [172800/200000]
loss: 1.610937  [179200/200000]
loss: 1.491807  [185600/200000]
loss: 1.394503  [192000/200000]
loss: 1.635114  [198400/200000]
Test Error: 
 Accuracy: 73.7%, Avg loss: 0.763247 

Epoch 12
-------------------------------
loss: 1.322650  [    0/200000]
loss: 1.429255  [ 6400/200000]
loss: 1.569803  [12800/200000]
loss: 1.351554  [19200/200000]
loss: 1.390680  [25600/200000]
loss: 1.446162  [32000/200000]
loss: 1.542636  [38400/200000]
loss: 1.149782  [44800/200000]
loss: 1.334286  [51200/200000]
loss: 1.263022  [57600/200000]
loss: 1.251315  [64000/200000]
loss: 1.430272  [70400/200000]
loss: 1.326534  [76800/200000]
loss: 1.499897  [83200/200000]
loss: 1.363460  [89600/200000]
loss: 1.475013  [96000/200000]
loss: 1.307525  [102400/200000]
loss: 1.374791  [108800/200000]
loss: 1.382362  [115200/200000]
loss: 1.417480  [121600/200000]
loss: 1.586722  [128000/200000]
loss: 1.336852  [134400/200000]
loss: 1.356375  [140800/200000]
loss: 1.289375  [147200/200000]
loss: 1.593234  [153600/200000]
loss: 1.682112  [160000/200000]
loss: 1.559669  [166400/200000]
loss: 1.536211  [172800/200000]
loss: 1.188609  [179200/200000]
loss: 1.405505  [185600/200000]
loss: 1.364998  [192000/200000]
loss: 1.483873  [198400/200000]
Test Error: 
 Accuracy: 72.0%, Avg loss: 0.809297 

Epoch 13
-------------------------------
loss: 1.376413  [    0/200000]
loss: 1.251824  [ 6400/200000]
loss: 1.139161  [12800/200000]
loss: 1.396404  [19200/200000]
loss: 1.137881  [25600/200000]
loss: 1.412104  [32000/200000]
loss: 1.486440  [38400/200000]
loss: 1.247955  [44800/200000]
loss: 1.372605  [51200/200000]
loss: 1.370172  [57600/200000]
loss: 1.353230  [64000/200000]
loss: 1.435859  [70400/200000]
loss: 1.046685  [76800/200000]
loss: 1.463001  [83200/200000]
loss: 1.178844  [89600/200000]
loss: 1.284267  [96000/200000]
loss: 1.272442  [102400/200000]
loss: 1.439780  [108800/200000]
loss: 1.831343  [115200/200000]
loss: 1.488065  [121600/200000]
loss: 1.237273  [128000/200000]
loss: 1.388067  [134400/200000]
loss: 1.328760  [140800/200000]
loss: 1.396415  [147200/200000]
loss: 1.322164  [153600/200000]
loss: 1.457078  [160000/200000]
loss: 1.377475  [166400/200000]
loss: 1.614211  [172800/200000]
loss: 1.437627  [179200/200000]
loss: 1.208668  [185600/200000]
loss: 1.246701  [192000/200000]
loss: 1.277651  [198400/200000]
Test Error: 
 Accuracy: 71.2%, Avg loss: 0.878667 

Epoch 14
-------------------------------
loss: 1.233559  [    0/200000]
loss: 1.306247  [ 6400/200000]
loss: 1.123244  [12800/200000]
loss: 1.100674  [19200/200000]
loss: 1.213346  [25600/200000]
loss: 1.369247  [32000/200000]
loss: 1.170738  [38400/200000]
loss: 1.032553  [44800/200000]
loss: 1.210373  [51200/200000]
loss: 1.163062  [57600/200000]
loss: 1.364786  [64000/200000]
loss: 1.265839  [70400/200000]
loss: 1.139281  [76800/200000]
loss: 1.166634  [83200/200000]
loss: 1.231744  [89600/200000]
loss: 1.230955  [96000/200000]
loss: 1.288643  [102400/200000]
loss: 1.008317  [108800/200000]
loss: 1.134948  [115200/200000]
loss: 1.464537  [121600/200000]
loss: 1.364907  [128000/200000]
loss: 1.130858  [134400/200000]
loss: 1.382110  [140800/200000]
loss: 1.233966  [147200/200000]
loss: 1.423131  [153600/200000]
loss: 1.196289  [160000/200000]
loss: 1.472838  [166400/200000]
loss: 1.389160  [172800/200000]
loss: 1.227686  [179200/200000]
loss: 1.236379  [185600/200000]
loss: 1.335036  [192000/200000]
loss: 1.356898  [198400/200000]
Test Error: 
 Accuracy: 73.0%, Avg loss: 0.803188 

Epoch 15
-------------------------------
loss: 1.116099  [    0/200000]
loss: 1.036173  [ 6400/200000]
loss: 0.848051  [12800/200000]
loss: 1.156135  [19200/200000]
loss: 1.026540  [25600/200000]
loss: 1.116701  [32000/200000]
loss: 0.982518  [38400/200000]
loss: 1.024950  [44800/200000]
loss: 1.232488  [51200/200000]
loss: 0.932400  [57600/200000]
loss: 1.024693  [64000/200000]
loss: 1.166193  [70400/200000]
loss: 1.077023  [76800/200000]
loss: 1.262378  [83200/200000]
loss: 1.200022  [89600/200000]
loss: 1.394228  [96000/200000]
loss: 1.264248  [102400/200000]
loss: 1.158127  [108800/200000]
loss: 1.187615  [115200/200000]
loss: 1.602043  [121600/200000]
loss: 1.263623  [128000/200000]
loss: 1.232127  [134400/200000]
loss: 1.099162  [140800/200000]
loss: 1.080561  [147200/200000]
loss: 1.140499  [153600/200000]
loss: 1.176006  [160000/200000]
loss: 1.220247  [166400/200000]
loss: 1.197905  [172800/200000]
loss: 1.277755  [179200/200000]
loss: 0.860707  [185600/200000]
loss: 1.247177  [192000/200000]
loss: 1.311729  [198400/200000]
Test Error: 
 Accuracy: 71.9%, Avg loss: 0.875337 

Epoch 16
-------------------------------
loss: 0.968090  [    0/200000]
loss: 0.792840  [ 6400/200000]
loss: 0.769368  [12800/200000]
loss: 1.012709  [19200/200000]
loss: 0.957049  [25600/200000]
loss: 0.770360  [32000/200000]
loss: 0.992996  [38400/200000]
loss: 1.082260  [44800/200000]
loss: 0.996841  [51200/200000]
loss: 1.048141  [57600/200000]
loss: 0.932920  [64000/200000]
loss: 1.106335  [70400/200000]
loss: 1.206786  [76800/200000]
loss: 1.039830  [83200/200000]
loss: 0.970209  [89600/200000]
loss: 1.130380  [96000/200000]
loss: 1.204197  [102400/200000]
loss: 1.090169  [108800/200000]
loss: 1.654179  [115200/200000]
loss: 1.266531  [121600/200000]
loss: 1.054744  [128000/200000]
loss: 1.004841  [134400/200000]
loss: 1.105117  [140800/200000]
loss: 1.161949  [147200/200000]
loss: 0.922221  [153600/200000]
loss: 1.066047  [160000/200000]
loss: 1.014205  [166400/200000]
loss: 1.058239  [172800/200000]
loss: 0.972750  [179200/200000]
loss: 1.305938  [185600/200000]
loss: 1.494169  [192000/200000]
loss: 1.266658  [198400/200000]
Test Error: 
 Accuracy: 71.2%, Avg loss: 0.873092 

Epoch 17
-------------------------------
loss: 0.851005  [    0/200000]
loss: 1.090044  [ 6400/200000]
loss: 1.169683  [12800/200000]
loss: 0.957675  [19200/200000]
loss: 0.792787  [25600/200000]
loss: 0.761881  [32000/200000]
loss: 0.929730  [38400/200000]
loss: 0.889988  [44800/200000]
loss: 0.963366  [51200/200000]
loss: 0.896096  [57600/200000]
loss: 0.916501  [64000/200000]
loss: 0.991135  [70400/200000]
loss: 1.200985  [76800/200000]
loss: 0.989210  [83200/200000]
loss: 0.929015  [89600/200000]
loss: 1.120947  [96000/200000]
loss: 0.978015  [102400/200000]
loss: 0.893320  [108800/200000]
loss: 1.089546  [115200/200000]
loss: 0.919923  [121600/200000]
loss: 1.075043  [128000/200000]
loss: 0.984251  [134400/200000]
loss: 1.239809  [140800/200000]
loss: 1.090845  [147200/200000]
loss: 1.093989  [153600/200000]
loss: 1.072095  [160000/200000]
loss: 0.966972  [166400/200000]
loss: 1.275622  [172800/200000]
loss: 1.102203  [179200/200000]
loss: 1.069190  [185600/200000]
loss: 1.094129  [192000/200000]
loss: 1.133427  [198400/200000]
Test Error: 
 Accuracy: 70.6%, Avg loss: 0.888527 

Epoch 18
-------------------------------
loss: 0.641865  [    0/200000]
loss: 0.660644  [ 6400/200000]
loss: 0.720080  [12800/200000]
loss: 0.695646  [19200/200000]
loss: 0.637863  [25600/200000]
loss: 0.926956  [32000/200000]
loss: 0.843164  [38400/200000]
loss: 0.880943  [44800/200000]
loss: 0.860783  [51200/200000]
loss: 0.866237  [57600/200000]
loss: 0.828657  [64000/200000]
loss: 0.991805  [70400/200000]
loss: 0.911195  [76800/200000]
loss: 1.040186  [83200/200000]
loss: 0.955813  [89600/200000]
loss: 0.798823  [96000/200000]
loss: 0.858842  [102400/200000]
loss: 1.000647  [108800/200000]
loss: 0.852445  [115200/200000]
loss: 0.987962  [121600/200000]
loss: 1.158743  [128000/200000]
loss: 1.108341  [134400/200000]
loss: 1.006937  [140800/200000]
loss: 0.795334  [147200/200000]
loss: 1.243291  [153600/200000]
loss: 1.147903  [160000/200000]
loss: 0.971716  [166400/200000]
loss: 1.021970  [172800/200000]
loss: 0.844831  [179200/200000]
loss: 0.933553  [185600/200000]
loss: 1.246386  [192000/200000]
loss: 1.001600  [198400/200000]
Test Error: 
 Accuracy: 73.5%, Avg loss: 0.797337 

Epoch 19
-------------------------------
loss: 0.740451  [    0/200000]
loss: 0.692317  [ 6400/200000]
loss: 0.690330  [12800/200000]
loss: 0.625869  [19200/200000]
loss: 0.576655  [25600/200000]
loss: 0.833263  [32000/200000]
loss: 0.640983  [38400/200000]
loss: 0.703042  [44800/200000]
loss: 0.876837  [51200/200000]
loss: 0.680483  [57600/200000]
loss: 0.557871  [64000/200000]
loss: 0.832197  [70400/200000]
loss: 0.744425  [76800/200000]
loss: 0.815724  [83200/200000]
loss: 0.864954  [89600/200000]
loss: 0.905750  [96000/200000]
loss: 0.605927  [102400/200000]
loss: 1.034931  [108800/200000]
loss: 0.672410  [115200/200000]
loss: 0.930614  [121600/200000]
loss: 0.914381  [128000/200000]
loss: 0.676472  [134400/200000]
loss: 0.958524  [140800/200000]
loss: 0.716892  [147200/200000]
loss: 0.983760  [153600/200000]
loss: 0.900376  [160000/200000]
loss: 1.048653  [166400/200000]
loss: 1.090565  [172800/200000]
loss: 0.704866  [179200/200000]
loss: 0.786932  [185600/200000]
loss: 0.993210  [192000/200000]
loss: 1.245453  [198400/200000]
Test Error: 
 Accuracy: 67.5%, Avg loss: 1.072873 

Epoch 20
-------------------------------
loss: 0.601088  [    0/200000]
loss: 0.824352  [ 6400/200000]
loss: 0.440462  [12800/200000]
loss: 0.590183  [19200/200000]
loss: 0.706292  [25600/200000]
loss: 0.474064  [32000/200000]
loss: 0.528974  [38400/200000]
loss: 0.718982  [44800/200000]
loss: 0.646296  [51200/200000]
loss: 0.649412  [57600/200000]
loss: 0.624041  [64000/200000]
loss: 0.698317  [70400/200000]
loss: 0.728209  [76800/200000]
loss: 0.857803  [83200/200000]
loss: 0.634398  [89600/200000]
loss: 0.788859  [96000/200000]
loss: 0.514901  [102400/200000]
loss: 0.543704  [108800/200000]
loss: 0.909610  [115200/200000]
loss: 0.787212  [121600/200000]
loss: 0.542134  [128000/200000]
loss: 1.166713  [134400/200000]
loss: 1.163354  [140800/200000]
loss: 0.698855  [147200/200000]
loss: 1.065991  [153600/200000]
loss: 0.734376  [160000/200000]
loss: 0.805216  [166400/200000]
loss: 0.862462  [172800/200000]
loss: 1.048965  [179200/200000]
loss: 0.643946  [185600/200000]
loss: 0.840450  [192000/200000]
loss: 0.864869  [198400/200000]
Test Error: 
 Accuracy: 73.6%, Avg loss: 0.822579 

Epoch 21
-------------------------------
loss: 0.625518  [    0/200000]
loss: 0.607176  [ 6400/200000]
loss: 0.377543  [12800/200000]
loss: 0.448011  [19200/200000]
loss: 0.636820  [25600/200000]
loss: 0.569457  [32000/200000]
loss: 0.506096  [38400/200000]
loss: 0.749066  [44800/200000]
loss: 0.666922  [51200/200000]
loss: 0.507795  [57600/200000]
loss: 0.589429  [64000/200000]
loss: 0.498305  [70400/200000]
loss: 0.565316  [76800/200000]
loss: 0.801578  [83200/200000]
loss: 0.588810  [89600/200000]
loss: 0.553680  [96000/200000]
loss: 0.459696  [102400/200000]
loss: 0.596434  [108800/200000]
loss: 0.416427  [115200/200000]
loss: 0.871032  [121600/200000]
loss: 0.841766  [128000/200000]
loss: 0.888619  [134400/200000]
loss: 0.824117  [140800/200000]
loss: 0.785541  [147200/200000]
loss: 0.771184  [153600/200000]
loss: 0.627812  [160000/200000]
loss: 0.672483  [166400/200000]
loss: 0.975036  [172800/200000]
loss: 0.686392  [179200/200000]
loss: 0.822745  [185600/200000]
loss: 0.716812  [192000/200000]
loss: 0.888285  [198400/200000]
Test Error: 
 Accuracy: 72.7%, Avg loss: 0.848749 

Epoch 22
-------------------------------
loss: 0.514510  [    0/200000]
loss: 0.708322  [ 6400/200000]
loss: 0.426024  [12800/200000]
loss: 0.604997  [19200/200000]
loss: 0.397864  [25600/200000]
loss: 0.575982  [32000/200000]
loss: 0.304484  [38400/200000]
loss: 0.628231  [44800/200000]
loss: 0.534493  [51200/200000]
loss: 0.512879  [57600/200000]
loss: 0.406941  [64000/200000]
loss: 0.539823  [70400/200000]
loss: 0.605508  [76800/200000]
loss: 0.626656  [83200/200000]
loss: 0.629119  [89600/200000]
loss: 0.468291  [96000/200000]
loss: 0.702006  [102400/200000]
loss: 0.571577  [108800/200000]
loss: 0.521351  [115200/200000]
loss: 0.517895  [121600/200000]
loss: 0.624958  [128000/200000]
loss: 0.585495  [134400/200000]
loss: 0.743074  [140800/200000]
loss: 0.617068  [147200/200000]
loss: 0.719206  [153600/200000]
loss: 0.626134  [160000/200000]
loss: 0.853937  [166400/200000]
loss: 0.707660  [172800/200000]
loss: 0.698032  [179200/200000]
loss: 0.848774  [185600/200000]
loss: 0.735768  [192000/200000]
loss: 0.810953  [198400/200000]
Test Error: 
 Accuracy: 72.2%, Avg loss: 0.908467 

Epoch 23
-------------------------------
loss: 0.442040  [    0/200000]
loss: 0.405663  [ 6400/200000]
loss: 0.396739  [12800/200000]
loss: 0.498813  [19200/200000]
loss: 0.390331  [25600/200000]
loss: 0.468169  [32000/200000]
loss: 0.297023  [38400/200000]
loss: 0.373000  [44800/200000]
loss: 0.398979  [51200/200000]
loss: 0.498619  [57600/200000]
loss: 0.363744  [64000/200000]
loss: 0.605353  [70400/200000]
loss: 0.435656  [76800/200000]
loss: 0.422461  [83200/200000]
loss: 0.496792  [89600/200000]
loss: 0.392573  [96000/200000]
loss: 0.479257  [102400/200000]
loss: 0.597729  [108800/200000]
loss: 0.743776  [115200/200000]
loss: 0.453520  [121600/200000]
loss: 0.500285  [128000/200000]
loss: 0.551170  [134400/200000]
loss: 0.371767  [140800/200000]
loss: 0.705278  [147200/200000]
loss: 0.599411  [153600/200000]
loss: 0.771259  [160000/200000]
loss: 0.688080  [166400/200000]
loss: 0.581784  [172800/200000]
loss: 0.756189  [179200/200000]
loss: 0.760331  [185600/200000]
loss: 0.605968  [192000/200000]
loss: 0.716560  [198400/200000]
Test Error: 
 Accuracy: 72.6%, Avg loss: 0.904616 

Epoch 24
-------------------------------
loss: 0.337964  [    0/200000]
loss: 0.496176  [ 6400/200000]
loss: 0.441086  [12800/200000]
loss: 0.597770  [19200/200000]
loss: 0.341299  [25600/200000]
loss: 0.249694  [32000/200000]
loss: 0.337926  [38400/200000]
loss: 0.395761  [44800/200000]
loss: 0.268332  [51200/200000]
loss: 0.453580  [57600/200000]
loss: 0.368449  [64000/200000]
loss: 0.470630  [70400/200000]
loss: 0.451417  [76800/200000]
loss: 0.393743  [83200/200000]
loss: 0.485406  [89600/200000]
loss: 0.353760  [96000/200000]
loss: 0.451127  [102400/200000]
loss: 0.659588  [108800/200000]
loss: 0.600908  [115200/200000]
loss: 0.595057  [121600/200000]
loss: 0.403925  [128000/200000]
loss: 0.560297  [134400/200000]
loss: 0.470333  [140800/200000]
loss: 0.618938  [147200/200000]
loss: 0.592692  [153600/200000]
loss: 0.700809  [160000/200000]
loss: 0.587148  [166400/200000]
loss: 0.672981  [172800/200000]
loss: 0.552594  [179200/200000]
loss: 0.558249  [185600/200000]
loss: 0.689882  [192000/200000]
loss: 0.608483  [198400/200000]
Test Error: 
 Accuracy: 72.5%, Avg loss: 0.890742 

Epoch 25
-------------------------------
loss: 0.517419  [    0/200000]
loss: 0.436516  [ 6400/200000]
loss: 0.355039  [12800/200000]
loss: 0.257526  [19200/200000]
loss: 0.388180  [25600/200000]
loss: 0.420335  [32000/200000]
loss: 0.397932  [38400/200000]
loss: 0.408280  [44800/200000]
loss: 0.369992  [51200/200000]
loss: 0.191810  [57600/200000]
loss: 0.506351  [64000/200000]
loss: 0.540801  [70400/200000]
loss: 0.364653  [76800/200000]
loss: 0.512807  [83200/200000]
loss: 0.309978  [89600/200000]
loss: 0.409763  [96000/200000]
loss: 0.300083  [102400/200000]
loss: 0.484656  [108800/200000]
loss: 0.337069  [115200/200000]
loss: 0.697136  [121600/200000]
loss: 0.355835  [128000/200000]
loss: 0.362963  [134400/200000]
loss: 0.310899  [140800/200000]
loss: 0.406338  [147200/200000]
loss: 0.353185  [153600/200000]
loss: 0.723370  [160000/200000]
loss: 0.477820  [166400/200000]
loss: 0.608374  [172800/200000]
loss: 0.678644  [179200/200000]
loss: 0.492215  [185600/200000]
loss: 0.484080  [192000/200000]
loss: 0.438493  [198400/200000]
Test Error: 
 Accuracy: 74.1%, Avg loss: 0.865638 

Epoch 26
-------------------------------
loss: 0.402115  [    0/200000]
loss: 0.312384  [ 6400/200000]
loss: 0.231392  [12800/200000]
loss: 0.166201  [19200/200000]
loss: 0.306376  [25600/200000]
loss: 0.346975  [32000/200000]
loss: 0.216825  [38400/200000]
loss: 0.327342  [44800/200000]
loss: 0.342223  [51200/200000]
loss: 0.213011  [57600/200000]
loss: 0.334891  [64000/200000]
loss: 0.352202  [70400/200000]
loss: 0.208555  [76800/200000]
loss: 0.331503  [83200/200000]
loss: 0.387779  [89600/200000]
loss: 0.344055  [96000/200000]
loss: 0.404071  [102400/200000]
loss: 0.247485  [108800/200000]
loss: 0.402863  [115200/200000]
loss: 0.433837  [121600/200000]
loss: 0.646215  [128000/200000]
loss: 0.418133  [134400/200000]
loss: 0.521143  [140800/200000]
loss: 0.422010  [147200/200000]
loss: 0.406701  [153600/200000]
loss: 0.446493  [160000/200000]
loss: 0.291066  [166400/200000]
loss: 0.568181  [172800/200000]
loss: 0.531321  [179200/200000]
loss: 0.521193  [185600/200000]
loss: 0.496013  [192000/200000]
loss: 0.626023  [198400/200000]
Test Error: 
 Accuracy: 73.3%, Avg loss: 0.880524 

Epoch 27
-------------------------------
loss: 0.320280  [    0/200000]
loss: 0.235269  [ 6400/200000]
loss: 0.244514  [12800/200000]
loss: 0.285338  [19200/200000]
loss: 0.205701  [25600/200000]
loss: 0.297228  [32000/200000]
loss: 0.252373  [38400/200000]
loss: 0.174021  [44800/200000]
loss: 0.221398  [51200/200000]
loss: 0.241469  [57600/200000]
loss: 0.292860  [64000/200000]
loss: 0.328657  [70400/200000]
loss: 0.159788  [76800/200000]
loss: 0.258223  [83200/200000]
loss: 0.308344  [89600/200000]
loss: 0.351538  [96000/200000]
loss: 0.370100  [102400/200000]
loss: 0.286283  [108800/200000]
loss: 0.253565  [115200/200000]
loss: 0.270008  [121600/200000]
loss: 0.365467  [128000/200000]
loss: 0.177231  [134400/200000]
loss: 0.204653  [140800/200000]
loss: 0.409207  [147200/200000]
loss: 0.423697  [153600/200000]
loss: 0.347683  [160000/200000]
loss: 0.261575  [166400/200000]
loss: 0.419666  [172800/200000]
loss: 0.431210  [179200/200000]
loss: 0.586796  [185600/200000]
loss: 0.408164  [192000/200000]
loss: 0.543852  [198400/200000]
Test Error: 
 Accuracy: 73.6%, Avg loss: 0.900398 

Epoch 28
-------------------------------
loss: 0.304355  [    0/200000]
loss: 0.211022  [ 6400/200000]
loss: 0.275135  [12800/200000]
loss: 0.194368  [19200/200000]
loss: 0.266602  [25600/200000]
loss: 0.176133  [32000/200000]
loss: 0.350184  [38400/200000]
loss: 0.296616  [44800/200000]
loss: 0.282511  [51200/200000]
loss: 0.118933  [57600/200000]
loss: 0.266790  [64000/200000]
loss: 0.488730  [70400/200000]
loss: 0.313514  [76800/200000]
loss: 0.266875  [83200/200000]
loss: 0.315539  [89600/200000]
loss: 0.256872  [96000/200000]
loss: 0.199892  [102400/200000]
loss: 0.227254  [108800/200000]
loss: 0.239707  [115200/200000]
loss: 0.198644  [121600/200000]
loss: 0.287689  [128000/200000]
loss: 0.351767  [134400/200000]
loss: 0.350523  [140800/200000]
loss: 0.347428  [147200/200000]
loss: 0.421557  [153600/200000]
loss: 0.524204  [160000/200000]
loss: 0.534880  [166400/200000]
loss: 0.248962  [172800/200000]
loss: 0.401988  [179200/200000]
loss: 0.286723  [185600/200000]
loss: 0.304802  [192000/200000]
loss: 0.352025  [198400/200000]
Test Error: 
 Accuracy: 72.7%, Avg loss: 0.946737 

Epoch 29
-------------------------------
loss: 0.338800  [    0/200000]
loss: 0.359831  [ 6400/200000]
loss: 0.197257  [12800/200000]
loss: 0.180182  [19200/200000]
loss: 0.138429  [25600/200000]
loss: 0.408793  [32000/200000]
loss: 0.142188  [38400/200000]
loss: 0.143510  [44800/200000]
loss: 0.145295  [51200/200000]
loss: 0.213690  [57600/200000]
loss: 0.237302  [64000/200000]
loss: 0.211131  [70400/200000]
loss: 0.180473  [76800/200000]
loss: 0.188695  [83200/200000]
loss: 0.226641  [89600/200000]
loss: 0.267607  [96000/200000]
loss: 0.168083  [102400/200000]
loss: 0.201827  [108800/200000]
loss: 0.200220  [115200/200000]
loss: 0.195182  [121600/200000]
loss: 0.355145  [128000/200000]
loss: 0.319252  [134400/200000]
loss: 0.286283  [140800/200000]
loss: 0.223345  [147200/200000]
loss: 0.345826  [153600/200000]
loss: 0.154648  [160000/200000]
loss: 0.405142  [166400/200000]
loss: 0.389602  [172800/200000]
loss: 0.488689  [179200/200000]
loss: 0.329773  [185600/200000]
loss: 0.542841  [192000/200000]
loss: 0.287831  [198400/200000]
Test Error: 
 Accuracy: 73.8%, Avg loss: 0.912041 

Epoch 30
-------------------------------
loss: 0.167334  [    0/200000]
loss: 0.155219  [ 6400/200000]
loss: 0.268421  [12800/200000]
loss: 0.311826  [19200/200000]
loss: 0.182625  [25600/200000]
loss: 0.316639  [32000/200000]
loss: 0.119653  [38400/200000]
loss: 0.173507  [44800/200000]
loss: 0.202642  [51200/200000]
loss: 0.134131  [57600/200000]
loss: 0.260551  [64000/200000]
loss: 0.181991  [70400/200000]
loss: 0.358488  [76800/200000]
loss: 0.275122  [83200/200000]
loss: 0.276054  [89600/200000]
loss: 0.144302  [96000/200000]
loss: 0.152728  [102400/200000]
loss: 0.175965  [108800/200000]
loss: 0.253514  [115200/200000]
loss: 0.097281  [121600/200000]
loss: 0.220271  [128000/200000]
loss: 0.256179  [134400/200000]
loss: 0.135271  [140800/200000]
loss: 0.312371  [147200/200000]
loss: 0.310634  [153600/200000]
loss: 0.142908  [160000/200000]
loss: 0.217798  [166400/200000]
loss: 0.334480  [172800/200000]
loss: 0.351195  [179200/200000]
loss: 0.126340  [185600/200000]
loss: 0.289916  [192000/200000]
loss: 0.406074  [198400/200000]
Test Error: 
 Accuracy: 71.3%, Avg loss: 1.057274 

Done!
max accuracy 74.08
average accuracy 72.36099999999999
