number of parameters 4891722
Epoch 1
-------------------------------
loss: 2.525711  [    0/50000]
loss: 1.670983  [ 6400/50000]
loss: 1.520966  [12800/50000]
loss: 1.477941  [19200/50000]
loss: 1.557453  [25600/50000]
loss: 1.484393  [32000/50000]
loss: 1.612385  [38400/50000]
loss: 1.356696  [44800/50000]
Test Error: 
 Accuracy: 26.6%, Avg loss: 2.383777 

Epoch 2
-------------------------------
loss: 1.539796  [    0/50000]
loss: 1.577494  [ 6400/50000]
loss: 1.479396  [12800/50000]
loss: 1.274346  [19200/50000]
loss: 1.265309  [25600/50000]
loss: 1.382161  [32000/50000]
loss: 1.473568  [38400/50000]
loss: 1.233570  [44800/50000]
Test Error: 
 Accuracy: 39.0%, Avg loss: 1.666652 

Epoch 3
-------------------------------
loss: 1.288876  [    0/50000]
loss: 1.135492  [ 6400/50000]
loss: 1.014134  [12800/50000]
loss: 1.276174  [19200/50000]
loss: 1.180957  [25600/50000]
loss: 1.379637  [32000/50000]
loss: 1.264504  [38400/50000]
loss: 1.034345  [44800/50000]
Test Error: 
 Accuracy: 53.9%, Avg loss: 1.277012 

Epoch 4
-------------------------------
loss: 1.042637  [    0/50000]
loss: 1.006704  [ 6400/50000]
loss: 1.219568  [12800/50000]
loss: 1.115022  [19200/50000]
loss: 0.927102  [25600/50000]
loss: 1.042870  [32000/50000]
loss: 1.104429  [38400/50000]
loss: 1.029190  [44800/50000]
Test Error: 
 Accuracy: 55.8%, Avg loss: 1.219681 

Epoch 5
-------------------------------
loss: 1.358940  [    0/50000]
loss: 1.372147  [ 6400/50000]
loss: 1.120090  [12800/50000]
loss: 0.894759  [19200/50000]
loss: 1.023675  [25600/50000]
loss: 1.062170  [32000/50000]
loss: 1.017643  [38400/50000]
loss: 0.880387  [44800/50000]
Test Error: 
 Accuracy: 49.8%, Avg loss: 1.511099 

Epoch 6
-------------------------------
loss: 1.240041  [    0/50000]
loss: 1.271808  [ 6400/50000]
loss: 0.887257  [12800/50000]
loss: 1.065147  [19200/50000]
loss: 0.862362  [25600/50000]
loss: 1.196115  [32000/50000]
loss: 0.910333  [38400/50000]
loss: 1.158453  [44800/50000]
Test Error: 
 Accuracy: 48.9%, Avg loss: 1.470551 

Epoch 7
-------------------------------
loss: 1.053006  [    0/50000]
loss: 0.886837  [ 6400/50000]
loss: 1.058334  [12800/50000]
loss: 1.023749  [19200/50000]
loss: 0.961073  [25600/50000]
loss: 0.864422  [32000/50000]
loss: 0.938931  [38400/50000]
loss: 1.196400  [44800/50000]
Test Error: 
 Accuracy: 58.7%, Avg loss: 1.186304 

Epoch 8
-------------------------------
loss: 0.734558  [    0/50000]
loss: 0.989196  [ 6400/50000]
loss: 1.027345  [12800/50000]
loss: 0.976700  [19200/50000]
loss: 1.004767  [25600/50000]
loss: 1.237146  [32000/50000]
loss: 0.991378  [38400/50000]
loss: 0.895641  [44800/50000]
Test Error: 
 Accuracy: 52.3%, Avg loss: 1.400591 

Epoch 9
-------------------------------
loss: 1.075560  [    0/50000]
loss: 0.760313  [ 6400/50000]
loss: 1.173796  [12800/50000]
loss: 1.008908  [19200/50000]
loss: 0.935223  [25600/50000]
loss: 0.824625  [32000/50000]
loss: 0.833705  [38400/50000]
loss: 1.081148  [44800/50000]
Test Error: 
 Accuracy: 61.5%, Avg loss: 1.094392 

Epoch 10
-------------------------------
loss: 0.941426  [    0/50000]
loss: 1.040376  [ 6400/50000]
loss: 0.835259  [12800/50000]
loss: 1.040866  [19200/50000]
loss: 0.833165  [25600/50000]
loss: 1.002476  [32000/50000]
loss: 1.028651  [38400/50000]
loss: 0.947084  [44800/50000]
Test Error: 
 Accuracy: 62.7%, Avg loss: 1.058548 

Epoch 11
-------------------------------
loss: 0.900323  [    0/50000]
loss: 1.024905  [ 6400/50000]
loss: 0.843019  [12800/50000]
loss: 0.964147  [19200/50000]
loss: 1.109322  [25600/50000]
loss: 1.050979  [32000/50000]
loss: 1.258930  [38400/50000]
loss: 1.031928  [44800/50000]
Test Error: 
 Accuracy: 63.1%, Avg loss: 1.030984 

Epoch 12
-------------------------------
loss: 0.723766  [    0/50000]
loss: 0.883538  [ 6400/50000]
loss: 0.904019  [12800/50000]
loss: 0.838322  [19200/50000]
loss: 0.985818  [25600/50000]
loss: 0.758485  [32000/50000]
loss: 0.786709  [38400/50000]
loss: 0.909052  [44800/50000]
Test Error: 
 Accuracy: 51.3%, Avg loss: 1.388159 

Epoch 13
-------------------------------
loss: 0.820847  [    0/50000]
loss: 0.908651  [ 6400/50000]
loss: 0.994751  [12800/50000]
loss: 0.911527  [19200/50000]
loss: 1.021973  [25600/50000]
loss: 0.958573  [32000/50000]
loss: 0.759781  [38400/50000]
loss: 0.739434  [44800/50000]
Test Error: 
 Accuracy: 60.9%, Avg loss: 1.124243 

Epoch 14
-------------------------------
loss: 0.995850  [    0/50000]
loss: 0.839363  [ 6400/50000]
loss: 0.946579  [12800/50000]
loss: 0.929834  [19200/50000]
loss: 0.731015  [25600/50000]
loss: 0.807664  [32000/50000]
loss: 1.064095  [38400/50000]
loss: 0.577811  [44800/50000]
Test Error: 
 Accuracy: 55.5%, Avg loss: 1.270103 

Epoch 15
-------------------------------
loss: 1.088590  [    0/50000]
loss: 0.959110  [ 6400/50000]
loss: 1.029683  [12800/50000]
loss: 0.945379  [19200/50000]
loss: 1.268408  [25600/50000]
loss: 0.729759  [32000/50000]
loss: 0.817549  [38400/50000]
loss: 0.946401  [44800/50000]
Test Error: 
 Accuracy: 56.0%, Avg loss: 1.246867 

Epoch 16
-------------------------------
loss: 0.782794  [    0/50000]
loss: 0.936659  [ 6400/50000]
loss: 0.818542  [12800/50000]
loss: 0.760938  [19200/50000]
loss: 1.014018  [25600/50000]
loss: 1.053218  [32000/50000]
loss: 0.653822  [38400/50000]
loss: 1.013070  [44800/50000]
Test Error: 
 Accuracy: 65.7%, Avg loss: 0.960861 

Epoch 17
-------------------------------
loss: 0.799398  [    0/50000]
loss: 0.809694  [ 6400/50000]
loss: 0.850780  [12800/50000]
loss: 0.905463  [19200/50000]
loss: 0.863388  [25600/50000]
loss: 1.058396  [32000/50000]
loss: 0.740696  [38400/50000]
loss: 0.719693  [44800/50000]
Test Error: 
 Accuracy: 63.0%, Avg loss: 1.025909 

Epoch 18
-------------------------------
loss: 0.885710  [    0/50000]
loss: 0.735044  [ 6400/50000]
loss: 0.868267  [12800/50000]
loss: 0.786757  [19200/50000]
loss: 0.780257  [25600/50000]
loss: 0.837125  [32000/50000]
loss: 0.812863  [38400/50000]
loss: 0.882711  [44800/50000]
Test Error: 
 Accuracy: 65.0%, Avg loss: 1.010674 

Epoch 19
-------------------------------
loss: 0.863560  [    0/50000]
loss: 0.738599  [ 6400/50000]
loss: 0.732071  [12800/50000]
loss: 0.643382  [19200/50000]
loss: 0.691882  [25600/50000]
loss: 1.073119  [32000/50000]
loss: 0.978832  [38400/50000]
loss: 1.101523  [44800/50000]
Test Error: 
 Accuracy: 60.1%, Avg loss: 1.138028 

Epoch 20
-------------------------------
loss: 0.907285  [    0/50000]
loss: 0.738950  [ 6400/50000]
loss: 0.764690  [12800/50000]
loss: 0.975644  [19200/50000]
loss: 0.779025  [25600/50000]
loss: 0.705551  [32000/50000]
loss: 1.007071  [38400/50000]
loss: 0.713650  [44800/50000]
Test Error: 
 Accuracy: 60.6%, Avg loss: 1.142078 

Epoch 21
-------------------------------
loss: 0.854163  [    0/50000]
loss: 0.915248  [ 6400/50000]
loss: 0.813952  [12800/50000]
loss: 0.699949  [19200/50000]
loss: 0.933812  [25600/50000]
loss: 0.780519  [32000/50000]
loss: 0.843618  [38400/50000]
loss: 0.810280  [44800/50000]
Test Error: 
 Accuracy: 60.2%, Avg loss: 1.132646 

Epoch 22
-------------------------------
loss: 0.966729  [    0/50000]
loss: 0.807718  [ 6400/50000]
loss: 0.817813  [12800/50000]
loss: 0.649709  [19200/50000]
loss: 0.691837  [25600/50000]
loss: 0.747067  [32000/50000]
loss: 0.824693  [38400/50000]
loss: 0.730716  [44800/50000]
Test Error: 
 Accuracy: 40.7%, Avg loss: 2.001556 

Epoch 23
-------------------------------
loss: 1.175859  [    0/50000]
loss: 0.530388  [ 6400/50000]
loss: 0.719767  [12800/50000]
loss: 0.896979  [19200/50000]
loss: 0.924269  [25600/50000]
loss: 0.766920  [32000/50000]
loss: 0.956232  [38400/50000]
loss: 0.784709  [44800/50000]
Test Error: 
 Accuracy: 50.6%, Avg loss: 1.547970 

Epoch 24
-------------------------------
loss: 0.789185  [    0/50000]
loss: 0.854841  [ 6400/50000]
loss: 0.757866  [12800/50000]
loss: 0.838275  [19200/50000]
loss: 0.825111  [25600/50000]
loss: 0.882735  [32000/50000]
loss: 0.855143  [38400/50000]
loss: 0.813665  [44800/50000]
Test Error: 
 Accuracy: 64.8%, Avg loss: 1.008317 

Epoch 25
-------------------------------
loss: 0.770329  [    0/50000]
loss: 0.821963  [ 6400/50000]
loss: 0.931889  [12800/50000]
loss: 0.833863  [19200/50000]
loss: 0.908959  [25600/50000]
loss: 0.767729  [32000/50000]
loss: 0.971783  [38400/50000]
loss: 0.972747  [44800/50000]
Test Error: 
 Accuracy: 51.1%, Avg loss: 1.365084 

Epoch 26
-------------------------------
loss: 0.818517  [    0/50000]
loss: 0.807226  [ 6400/50000]
loss: 0.665343  [12800/50000]
loss: 0.748484  [19200/50000]
loss: 0.756552  [25600/50000]
loss: 0.802597  [32000/50000]
loss: 0.807545  [38400/50000]
loss: 0.834591  [44800/50000]
Test Error: 
 Accuracy: 62.5%, Avg loss: 1.070022 

Epoch 27
-------------------------------
loss: 0.791571  [    0/50000]
loss: 0.860540  [ 6400/50000]
loss: 0.819743  [12800/50000]
loss: 0.804571  [19200/50000]
loss: 0.736058  [25600/50000]
loss: 0.782012  [32000/50000]
loss: 0.734756  [38400/50000]
loss: 0.891522  [44800/50000]
Test Error: 
 Accuracy: 66.8%, Avg loss: 0.947603 

Epoch 28
-------------------------------
loss: 0.658009  [    0/50000]
loss: 0.655568  [ 6400/50000]
loss: 0.776539  [12800/50000]
loss: 0.906881  [19200/50000]
loss: 0.893408  [25600/50000]
loss: 0.992204  [32000/50000]
loss: 0.661031  [38400/50000]
loss: 0.908815  [44800/50000]
Test Error: 
 Accuracy: 60.6%, Avg loss: 1.148877 

Epoch 29
-------------------------------
loss: 0.862128  [    0/50000]
loss: 0.810467  [ 6400/50000]
loss: 0.850560  [12800/50000]
loss: 0.951253  [19200/50000]
loss: 0.704870  [25600/50000]
loss: 0.812517  [32000/50000]
loss: 0.829595  [38400/50000]
loss: 0.822980  [44800/50000]
Test Error: 
 Accuracy: 53.1%, Avg loss: 1.320469 

Epoch 30
-------------------------------
loss: 0.821776  [    0/50000]
loss: 0.862247  [ 6400/50000]
loss: 0.664996  [12800/50000]
loss: 0.882426  [19200/50000]
loss: 0.819872  [25600/50000]
loss: 0.886441  [32000/50000]
loss: 0.790054  [38400/50000]
loss: 0.723653  [44800/50000]
Test Error: 
 Accuracy: 65.3%, Avg loss: 0.967367 

Done!
max accuracy 66.79
average accuracy 58.84349999999999
