number of parameters 4891722
Epoch 1
-------------------------------
loss: 2.385034  [    0/50000]
loss: 1.678802  [ 6400/50000]
loss: 1.871863  [12800/50000]
loss: 1.372887  [19200/50000]
loss: 1.529388  [25600/50000]
loss: 1.339040  [32000/50000]
loss: 1.275530  [38400/50000]
loss: 1.023098  [44800/50000]
Test Error: 
 Accuracy: 53.3%, Avg loss: 1.296996 

Epoch 2
-------------------------------
loss: 1.174989  [    0/50000]
loss: 1.117293  [ 6400/50000]
loss: 1.129126  [12800/50000]
loss: 0.954892  [19200/50000]
loss: 0.875776  [25600/50000]
loss: 0.932915  [32000/50000]
loss: 1.394924  [38400/50000]
loss: 0.653718  [44800/50000]
Test Error: 
 Accuracy: 64.3%, Avg loss: 0.997738 

Epoch 3
-------------------------------
loss: 0.684940  [    0/50000]
loss: 0.757597  [ 6400/50000]
loss: 0.857069  [12800/50000]
loss: 0.824587  [19200/50000]
loss: 0.657816  [25600/50000]
loss: 0.728710  [32000/50000]
loss: 0.633890  [38400/50000]
loss: 0.459506  [44800/50000]
Test Error: 
 Accuracy: 74.4%, Avg loss: 0.734342 

Epoch 4
-------------------------------
loss: 0.861143  [    0/50000]
loss: 0.628467  [ 6400/50000]
loss: 0.578262  [12800/50000]
loss: 0.677853  [19200/50000]
loss: 0.574118  [25600/50000]
loss: 0.418756  [32000/50000]
loss: 0.532404  [38400/50000]
loss: 0.782658  [44800/50000]
Test Error: 
 Accuracy: 76.3%, Avg loss: 0.676519 

Epoch 5
-------------------------------
loss: 0.557883  [    0/50000]
loss: 0.393554  [ 6400/50000]
loss: 0.485312  [12800/50000]
loss: 0.768729  [19200/50000]
loss: 0.352974  [25600/50000]
loss: 0.566533  [32000/50000]
loss: 0.389680  [38400/50000]
loss: 0.649625  [44800/50000]
Test Error: 
 Accuracy: 80.3%, Avg loss: 0.576577 

Epoch 6
-------------------------------
loss: 0.341943  [    0/50000]
loss: 0.370720  [ 6400/50000]
loss: 0.411347  [12800/50000]
loss: 0.384112  [19200/50000]
loss: 0.348921  [25600/50000]
loss: 0.529187  [32000/50000]
loss: 0.300450  [38400/50000]
loss: 0.449747  [44800/50000]
Test Error: 
 Accuracy: 81.8%, Avg loss: 0.554755 

Epoch 7
-------------------------------
loss: 0.330336  [    0/50000]
loss: 0.326337  [ 6400/50000]
loss: 0.537152  [12800/50000]
loss: 0.344056  [19200/50000]
loss: 0.458941  [25600/50000]
loss: 0.594999  [32000/50000]
loss: 0.366893  [38400/50000]
loss: 0.373955  [44800/50000]
Test Error: 
 Accuracy: 83.5%, Avg loss: 0.489835 

Epoch 8
-------------------------------
loss: 0.360777  [    0/50000]
loss: 0.352315  [ 6400/50000]
loss: 0.224190  [12800/50000]
loss: 0.347659  [19200/50000]
loss: 0.336320  [25600/50000]
loss: 0.449876  [32000/50000]
loss: 0.358397  [38400/50000]
loss: 0.337646  [44800/50000]
Test Error: 
 Accuracy: 82.8%, Avg loss: 0.551331 

Epoch 9
-------------------------------
loss: 0.252063  [    0/50000]
loss: 0.268366  [ 6400/50000]
loss: 0.131110  [12800/50000]
loss: 0.268760  [19200/50000]
loss: 0.160727  [25600/50000]
loss: 0.141360  [32000/50000]
loss: 0.139690  [38400/50000]
loss: 0.418521  [44800/50000]
Test Error: 
 Accuracy: 84.5%, Avg loss: 0.482407 

Epoch 10
-------------------------------
loss: 0.266429  [    0/50000]
loss: 0.123491  [ 6400/50000]
loss: 0.223747  [12800/50000]
loss: 0.210888  [19200/50000]
loss: 0.130000  [25600/50000]
loss: 0.321312  [32000/50000]
loss: 0.359244  [38400/50000]
loss: 0.164951  [44800/50000]
Test Error: 
 Accuracy: 85.5%, Avg loss: 0.469726 

Epoch 11
-------------------------------
loss: 0.347048  [    0/50000]
loss: 0.142893  [ 6400/50000]
loss: 0.150364  [12800/50000]
loss: 0.391985  [19200/50000]
loss: 0.170682  [25600/50000]
loss: 0.089272  [32000/50000]
loss: 0.177153  [38400/50000]
loss: 0.091495  [44800/50000]
Test Error: 
 Accuracy: 84.7%, Avg loss: 0.500672 

Epoch 12
-------------------------------
loss: 0.095776  [    0/50000]
loss: 0.172535  [ 6400/50000]
loss: 0.113632  [12800/50000]
loss: 0.066551  [19200/50000]
loss: 0.055939  [25600/50000]
loss: 0.175338  [32000/50000]
loss: 0.178259  [38400/50000]
loss: 0.171923  [44800/50000]
Test Error: 
 Accuracy: 85.9%, Avg loss: 0.470109 

Epoch 13
-------------------------------
loss: 0.053904  [    0/50000]
loss: 0.121322  [ 6400/50000]
loss: 0.095790  [12800/50000]
loss: 0.081992  [19200/50000]
loss: 0.049051  [25600/50000]
loss: 0.056799  [32000/50000]
loss: 0.098470  [38400/50000]
loss: 0.069844  [44800/50000]
Test Error: 
 Accuracy: 86.0%, Avg loss: 0.520576 

Epoch 14
-------------------------------
loss: 0.031833  [    0/50000]
loss: 0.072900  [ 6400/50000]
loss: 0.081655  [12800/50000]
loss: 0.177197  [19200/50000]
loss: 0.123014  [25600/50000]
loss: 0.139667  [32000/50000]
loss: 0.046144  [38400/50000]
loss: 0.186521  [44800/50000]
Test Error: 
 Accuracy: 86.9%, Avg loss: 0.471097 

Epoch 15
-------------------------------
loss: 0.041779  [    0/50000]
loss: 0.098390  [ 6400/50000]
loss: 0.055206  [12800/50000]
loss: 0.039898  [19200/50000]
loss: 0.085260  [25600/50000]
loss: 0.156981  [32000/50000]
loss: 0.076979  [38400/50000]
loss: 0.138956  [44800/50000]
Test Error: 
 Accuracy: 85.1%, Avg loss: 0.576299 

Epoch 16
-------------------------------
loss: 0.047341  [    0/50000]
loss: 0.073806  [ 6400/50000]
loss: 0.109568  [12800/50000]
loss: 0.115652  [19200/50000]
loss: 0.151952  [25600/50000]
loss: 0.126708  [32000/50000]
loss: 0.137784  [38400/50000]
loss: 0.108838  [44800/50000]
Test Error: 
 Accuracy: 85.6%, Avg loss: 0.564407 

Epoch 17
-------------------------------
loss: 0.068960  [    0/50000]
loss: 0.076828  [ 6400/50000]
loss: 0.120570  [12800/50000]
loss: 0.083262  [19200/50000]
loss: 0.066506  [25600/50000]
loss: 0.038855  [32000/50000]
loss: 0.071854  [38400/50000]
loss: 0.037729  [44800/50000]
Test Error: 
 Accuracy: 85.0%, Avg loss: 0.622677 

Epoch 18
-------------------------------
loss: 0.082574  [    0/50000]
loss: 0.028144  [ 6400/50000]
loss: 0.002985  [12800/50000]
loss: 0.090564  [19200/50000]
loss: 0.151977  [25600/50000]
loss: 0.068587  [32000/50000]
loss: 0.112456  [38400/50000]
loss: 0.080373  [44800/50000]
Test Error: 
 Accuracy: 84.8%, Avg loss: 0.696233 

Epoch 19
-------------------------------
loss: 0.047449  [    0/50000]
loss: 0.011108  [ 6400/50000]
loss: 0.046760  [12800/50000]
loss: 0.038636  [19200/50000]
loss: 0.114678  [25600/50000]
loss: 0.007470  [32000/50000]
loss: 0.118060  [38400/50000]
loss: 0.028329  [44800/50000]
Test Error: 
 Accuracy: 86.8%, Avg loss: 0.557426 

Epoch 20
-------------------------------
loss: 0.089032  [    0/50000]
loss: 0.025499  [ 6400/50000]
loss: 0.038573  [12800/50000]
loss: 0.016492  [19200/50000]
loss: 0.014705  [25600/50000]
loss: 0.026448  [32000/50000]
loss: 0.022887  [38400/50000]
loss: 0.029239  [44800/50000]
Test Error: 
 Accuracy: 87.5%, Avg loss: 0.572384 

Epoch 21
-------------------------------
loss: 0.035651  [    0/50000]
loss: 0.013168  [ 6400/50000]
loss: 0.057331  [12800/50000]
loss: 0.019418  [19200/50000]
loss: 0.093273  [25600/50000]
loss: 0.057196  [32000/50000]
loss: 0.049796  [38400/50000]
loss: 0.080095  [44800/50000]
Test Error: 
 Accuracy: 86.6%, Avg loss: 0.610545 

Epoch 22
-------------------------------
loss: 0.015891  [    0/50000]
loss: 0.016071  [ 6400/50000]
loss: 0.004094  [12800/50000]
loss: 0.010087  [19200/50000]
loss: 0.013894  [25600/50000]
loss: 0.021211  [32000/50000]
loss: 0.008054  [38400/50000]
loss: 0.065715  [44800/50000]
Test Error: 
 Accuracy: 86.6%, Avg loss: 0.601812 

Epoch 23
-------------------------------
loss: 0.002877  [    0/50000]
loss: 0.022480  [ 6400/50000]
loss: 0.004919  [12800/50000]
loss: 0.063156  [19200/50000]
loss: 0.038176  [25600/50000]
loss: 0.092992  [32000/50000]
loss: 0.092835  [38400/50000]
loss: 0.007511  [44800/50000]
Test Error: 
 Accuracy: 85.9%, Avg loss: 0.667851 

Epoch 24
-------------------------------
loss: 0.003067  [    0/50000]
loss: 0.010130  [ 6400/50000]
loss: 0.016200  [12800/50000]
loss: 0.043222  [19200/50000]
loss: 0.050630  [25600/50000]
loss: 0.044205  [32000/50000]
loss: 0.030356  [38400/50000]
loss: 0.040827  [44800/50000]
Test Error: 
 Accuracy: 85.7%, Avg loss: 0.669643 

Epoch 25
-------------------------------
loss: 0.068727  [    0/50000]
loss: 0.032306  [ 6400/50000]
loss: 0.035686  [12800/50000]
loss: 0.023594  [19200/50000]
loss: 0.008422  [25600/50000]
loss: 0.014723  [32000/50000]
loss: 0.005254  [38400/50000]
loss: 0.030996  [44800/50000]
Test Error: 
 Accuracy: 85.8%, Avg loss: 0.670003 

Epoch 26
-------------------------------
loss: 0.011531  [    0/50000]
loss: 0.054862  [ 6400/50000]
loss: 0.002630  [12800/50000]
loss: 0.035695  [19200/50000]
loss: 0.042409  [25600/50000]
loss: 0.048691  [32000/50000]
loss: 0.016351  [38400/50000]
loss: 0.064164  [44800/50000]
Test Error: 
 Accuracy: 87.1%, Avg loss: 0.626383 

Epoch 27
-------------------------------
loss: 0.034951  [    0/50000]
loss: 0.006750  [ 6400/50000]
loss: 0.038200  [12800/50000]
loss: 0.025872  [19200/50000]
loss: 0.012277  [25600/50000]
loss: 0.003705  [32000/50000]
loss: 0.013688  [38400/50000]
loss: 0.010121  [44800/50000]
Test Error: 
 Accuracy: 86.8%, Avg loss: 0.660315 

Epoch 28
-------------------------------
loss: 0.007583  [    0/50000]
loss: 0.009265  [ 6400/50000]
loss: 0.040066  [12800/50000]
loss: 0.007813  [19200/50000]
loss: 0.030031  [25600/50000]
loss: 0.006283  [32000/50000]
loss: 0.035948  [38400/50000]
loss: 0.009602  [44800/50000]
Test Error: 
 Accuracy: 86.4%, Avg loss: 0.679424 

Epoch 29
-------------------------------
loss: 0.005203  [    0/50000]
loss: 0.059254  [ 6400/50000]
loss: 0.086465  [12800/50000]
loss: 0.002128  [19200/50000]
loss: 0.003965  [25600/50000]
loss: 0.135758  [32000/50000]
loss: 0.005106  [38400/50000]
loss: 0.011845  [44800/50000]
Test Error: 
 Accuracy: 87.7%, Avg loss: 0.616477 

Epoch 30
-------------------------------
loss: 0.009719  [    0/50000]
loss: 0.004999  [ 6400/50000]
loss: 0.002905  [12800/50000]
loss: 0.074497  [19200/50000]
loss: 0.006875  [25600/50000]
loss: 0.001684  [32000/50000]
loss: 0.001832  [38400/50000]
loss: 0.002996  [44800/50000]
Test Error: 
 Accuracy: 88.2%, Avg loss: 0.588683 

Done!
max accuracy 88.19
average accuracy 86.24749999999999
