number of parameters 4891722
Epoch 1
-------------------------------
loss: 2.390715  [    0/50000]
loss: 2.083398  [ 6400/50000]
loss: 1.936936  [12800/50000]
loss: 1.845969  [19200/50000]
loss: 1.720482  [25600/50000]
loss: 1.725672  [32000/50000]
loss: 1.691440  [38400/50000]
loss: 1.662988  [44800/50000]
Test Error: 
 Accuracy: 40.9%, Avg loss: 1.592231 

Epoch 2
-------------------------------
loss: 1.659839  [    0/50000]
loss: 1.498609  [ 6400/50000]
loss: 1.614274  [12800/50000]
loss: 1.584286  [19200/50000]
loss: 1.400151  [25600/50000]
loss: 1.358231  [32000/50000]
loss: 1.205874  [38400/50000]
loss: 1.303187  [44800/50000]
Test Error: 
 Accuracy: 47.6%, Avg loss: 1.426999 

Epoch 3
-------------------------------
loss: 1.320374  [    0/50000]
loss: 1.332015  [ 6400/50000]
loss: 1.428313  [12800/50000]
loss: 1.122207  [19200/50000]
loss: 1.162372  [25600/50000]
loss: 1.304365  [32000/50000]
loss: 1.238835  [38400/50000]
loss: 1.370405  [44800/50000]
Test Error: 
 Accuracy: 43.5%, Avg loss: 1.688427 

Epoch 4
-------------------------------
loss: 1.144052  [    0/50000]
loss: 1.178147  [ 6400/50000]
loss: 1.046324  [12800/50000]
loss: 1.001022  [19200/50000]
loss: 0.927546  [25600/50000]
loss: 0.899939  [32000/50000]
loss: 0.995817  [38400/50000]
loss: 1.043963  [44800/50000]
Test Error: 
 Accuracy: 56.8%, Avg loss: 1.198578 

Epoch 5
-------------------------------
loss: 0.891060  [    0/50000]
loss: 0.782373  [ 6400/50000]
loss: 1.068019  [12800/50000]
loss: 0.919803  [19200/50000]
loss: 1.006424  [25600/50000]
loss: 0.940197  [32000/50000]
loss: 0.808621  [38400/50000]
loss: 1.093805  [44800/50000]
Test Error: 
 Accuracy: 56.2%, Avg loss: 1.219755 

Epoch 6
-------------------------------
loss: 0.719752  [    0/50000]
loss: 0.820263  [ 6400/50000]
loss: 0.877090  [12800/50000]
loss: 0.881938  [19200/50000]
loss: 0.892097  [25600/50000]
loss: 0.816981  [32000/50000]
loss: 0.853262  [38400/50000]
loss: 0.919121  [44800/50000]
Test Error: 
 Accuracy: 49.4%, Avg loss: 1.510720 

Epoch 7
-------------------------------
loss: 0.779739  [    0/50000]
loss: 0.690921  [ 6400/50000]
loss: 0.929863  [12800/50000]
loss: 0.773615  [19200/50000]
loss: 0.859645  [25600/50000]
loss: 0.948974  [32000/50000]
loss: 0.994035  [38400/50000]
loss: 0.850757  [44800/50000]
Test Error: 
 Accuracy: 55.3%, Avg loss: 1.331054 

Epoch 8
-------------------------------
loss: 0.667524  [    0/50000]
loss: 0.650727  [ 6400/50000]
loss: 0.684404  [12800/50000]
loss: 0.743161  [19200/50000]
loss: 0.658812  [25600/50000]
loss: 0.918268  [32000/50000]
loss: 0.635658  [38400/50000]
loss: 0.734289  [44800/50000]
Test Error: 
 Accuracy: 61.4%, Avg loss: 1.161889 

Epoch 9
-------------------------------
loss: 0.638696  [    0/50000]
loss: 0.598682  [ 6400/50000]
loss: 1.034363  [12800/50000]
loss: 0.620636  [19200/50000]
loss: 0.592048  [25600/50000]
loss: 0.709234  [32000/50000]
loss: 0.659543  [38400/50000]
loss: 0.559787  [44800/50000]
Test Error: 
 Accuracy: 63.9%, Avg loss: 1.068372 

Epoch 10
-------------------------------
loss: 0.510446  [    0/50000]
loss: 0.425181  [ 6400/50000]
loss: 0.603877  [12800/50000]
loss: 0.721771  [19200/50000]
loss: 0.658358  [25600/50000]
loss: 0.641273  [32000/50000]
loss: 0.411825  [38400/50000]
loss: 0.632067  [44800/50000]
Test Error: 
 Accuracy: 56.3%, Avg loss: 1.408558 

Epoch 11
-------------------------------
loss: 0.609659  [    0/50000]
loss: 0.628820  [ 6400/50000]
loss: 0.562539  [12800/50000]
loss: 0.657205  [19200/50000]
loss: 0.598782  [25600/50000]
loss: 0.577341  [32000/50000]
loss: 0.894270  [38400/50000]
loss: 0.415800  [44800/50000]
Test Error: 
 Accuracy: 60.3%, Avg loss: 1.324593 

Epoch 12
-------------------------------
loss: 0.618866  [    0/50000]
loss: 0.548283  [ 6400/50000]
loss: 0.557581  [12800/50000]
loss: 0.508777  [19200/50000]
loss: 0.362035  [25600/50000]
loss: 0.454323  [32000/50000]
loss: 0.712152  [38400/50000]
loss: 0.556609  [44800/50000]
Test Error: 
 Accuracy: 70.1%, Avg loss: 0.899014 

Epoch 13
-------------------------------
loss: 0.544778  [    0/50000]
loss: 0.527763  [ 6400/50000]
loss: 0.413872  [12800/50000]
loss: 0.571599  [19200/50000]
loss: 0.493264  [25600/50000]
loss: 0.488629  [32000/50000]
loss: 0.347292  [38400/50000]
loss: 0.421914  [44800/50000]
Test Error: 
 Accuracy: 40.5%, Avg loss: 2.614133 

Epoch 14
-------------------------------
loss: 0.311827  [    0/50000]
loss: 0.263948  [ 6400/50000]
loss: 0.309858  [12800/50000]
loss: 0.319207  [19200/50000]
loss: 0.605801  [25600/50000]
loss: 0.555178  [32000/50000]
loss: 0.410110  [38400/50000]
loss: 0.402014  [44800/50000]
Test Error: 
 Accuracy: 61.5%, Avg loss: 1.374522 

Epoch 15
-------------------------------
loss: 0.335609  [    0/50000]
loss: 0.377998  [ 6400/50000]
loss: 0.344382  [12800/50000]
loss: 0.440340  [19200/50000]
loss: 0.323318  [25600/50000]
loss: 0.513229  [32000/50000]
loss: 0.258262  [38400/50000]
loss: 0.384198  [44800/50000]
Test Error: 
 Accuracy: 44.9%, Avg loss: 2.778706 

Epoch 16
-------------------------------
loss: 0.652533  [    0/50000]
loss: 0.264004  [ 6400/50000]
loss: 0.334577  [12800/50000]
loss: 0.281213  [19200/50000]
loss: 0.347474  [25600/50000]
loss: 0.310248  [32000/50000]
loss: 0.300491  [38400/50000]
loss: 0.293439  [44800/50000]
Test Error: 
 Accuracy: 55.9%, Avg loss: 2.137311 

Epoch 17
-------------------------------
loss: 0.345617  [    0/50000]
loss: 0.280239  [ 6400/50000]
loss: 0.226204  [12800/50000]
loss: 0.262791  [19200/50000]
loss: 0.210471  [25600/50000]
loss: 0.314279  [32000/50000]
loss: 0.194634  [38400/50000]
loss: 0.412240  [44800/50000]
Test Error: 
 Accuracy: 66.5%, Avg loss: 1.235045 

Epoch 18
-------------------------------
loss: 0.270541  [    0/50000]
loss: 0.180698  [ 6400/50000]
loss: 0.266528  [12800/50000]
loss: 0.317402  [19200/50000]
loss: 0.257165  [25600/50000]
loss: 0.196195  [32000/50000]
loss: 0.214162  [38400/50000]
loss: 0.213358  [44800/50000]
Test Error: 
 Accuracy: 52.5%, Avg loss: 2.436679 

Epoch 19
-------------------------------
loss: 0.351542  [    0/50000]
loss: 0.140376  [ 6400/50000]
loss: 0.133163  [12800/50000]
loss: 0.149275  [19200/50000]
loss: 0.060349  [25600/50000]
loss: 0.203219  [32000/50000]
loss: 0.180694  [38400/50000]
loss: 0.118126  [44800/50000]
Test Error: 
 Accuracy: 62.0%, Avg loss: 1.590076 

Epoch 20
-------------------------------
loss: 0.185765  [    0/50000]
loss: 0.135932  [ 6400/50000]
loss: 0.205858  [12800/50000]
loss: 0.119254  [19200/50000]
loss: 0.230139  [25600/50000]
loss: 0.169038  [32000/50000]
loss: 0.224357  [38400/50000]
loss: 0.237204  [44800/50000]
Test Error: 
 Accuracy: 61.5%, Avg loss: 1.717466 

Epoch 21
-------------------------------
loss: 0.282878  [    0/50000]
loss: 0.136043  [ 6400/50000]
loss: 0.137701  [12800/50000]
loss: 0.149641  [19200/50000]
loss: 0.217581  [25600/50000]
loss: 0.119510  [32000/50000]
loss: 0.129928  [38400/50000]
loss: 0.256540  [44800/50000]
Test Error: 
 Accuracy: 72.1%, Avg loss: 0.988591 

Epoch 22
-------------------------------
loss: 0.176912  [    0/50000]
loss: 0.039218  [ 6400/50000]
loss: 0.151624  [12800/50000]
loss: 0.093562  [19200/50000]
loss: 0.133444  [25600/50000]
loss: 0.180690  [32000/50000]
loss: 0.092609  [38400/50000]
loss: 0.129140  [44800/50000]
Test Error: 
 Accuracy: 47.3%, Avg loss: 2.980728 

Epoch 23
-------------------------------
loss: 0.233772  [    0/50000]
loss: 0.084193  [ 6400/50000]
loss: 0.063121  [12800/50000]
loss: 0.164007  [19200/50000]
loss: 0.106488  [25600/50000]
loss: 0.068230  [32000/50000]
loss: 0.050910  [38400/50000]
loss: 0.313622  [44800/50000]
Test Error: 
 Accuracy: 65.6%, Avg loss: 1.503388 

Epoch 24
-------------------------------
loss: 0.046593  [    0/50000]
loss: 0.071783  [ 6400/50000]
loss: 0.033043  [12800/50000]
loss: 0.074653  [19200/50000]
loss: 0.051027  [25600/50000]
loss: 0.048010  [32000/50000]
loss: 0.029485  [38400/50000]
loss: 0.067182  [44800/50000]
Test Error: 
 Accuracy: 61.5%, Avg loss: 2.146592 

Epoch 25
-------------------------------
loss: 0.089856  [    0/50000]
loss: 0.076970  [ 6400/50000]
loss: 0.030568  [12800/50000]
loss: 0.040798  [19200/50000]
loss: 0.119266  [25600/50000]
loss: 0.019601  [32000/50000]
loss: 0.024054  [38400/50000]
loss: 0.087008  [44800/50000]
Test Error: 
 Accuracy: 55.4%, Avg loss: 2.586286 

Epoch 26
-------------------------------
loss: 0.066789  [    0/50000]
loss: 0.041800  [ 6400/50000]
loss: 0.101708  [12800/50000]
loss: 0.045741  [19200/50000]
loss: 0.088541  [25600/50000]
loss: 0.064455  [32000/50000]
loss: 0.047651  [38400/50000]
loss: 0.131411  [44800/50000]
Test Error: 
 Accuracy: 75.9%, Avg loss: 0.919132 

Epoch 27
-------------------------------
loss: 0.049301  [    0/50000]
loss: 0.015388  [ 6400/50000]
loss: 0.032274  [12800/50000]
loss: 0.040752  [19200/50000]
loss: 0.089603  [25600/50000]
loss: 0.026641  [32000/50000]
loss: 0.045896  [38400/50000]
loss: 0.147828  [44800/50000]
Test Error: 
 Accuracy: 69.3%, Avg loss: 1.325331 

Epoch 28
-------------------------------
loss: 0.047277  [    0/50000]
loss: 0.017721  [ 6400/50000]
loss: 0.030341  [12800/50000]
loss: 0.106918  [19200/50000]
loss: 0.048296  [25600/50000]
loss: 0.058267  [32000/50000]
loss: 0.006738  [38400/50000]
loss: 0.066672  [44800/50000]
Test Error: 
 Accuracy: 52.7%, Avg loss: 2.873514 

Epoch 29
-------------------------------
loss: 0.076887  [    0/50000]
loss: 0.027309  [ 6400/50000]
loss: 0.024871  [12800/50000]
loss: 0.051255  [19200/50000]
loss: 0.021308  [25600/50000]
loss: 0.036796  [32000/50000]
loss: 0.061258  [38400/50000]
loss: 0.021734  [44800/50000]
Test Error: 
 Accuracy: 67.8%, Avg loss: 1.611442 

Epoch 30
-------------------------------
loss: 0.244515  [    0/50000]
loss: 0.023358  [ 6400/50000]
loss: 0.043083  [12800/50000]
loss: 0.014204  [19200/50000]
loss: 0.019926  [25600/50000]
loss: 0.014165  [32000/50000]
loss: 0.055377  [38400/50000]
loss: 0.072366  [44800/50000]
Test Error: 
 Accuracy: 67.3%, Avg loss: 1.539410 

Done!
max accuracy 75.87
average accuracy 60.522000000000006
