number of parameters 4891722
Epoch 1
-------------------------------
loss: 2.422856  [    0/50000]
loss: 2.157887  [ 6400/50000]
loss: 1.985853  [12800/50000]
loss: 1.879328  [19200/50000]
loss: 1.724828  [25600/50000]
loss: 1.789528  [32000/50000]
loss: 1.623899  [38400/50000]
loss: 1.509045  [44800/50000]
Test Error: 
 Accuracy: 42.9%, Avg loss: 1.568193 

Epoch 2
-------------------------------
loss: 1.540786  [    0/50000]
loss: 1.556070  [ 6400/50000]
loss: 1.640178  [12800/50000]
loss: 1.407879  [19200/50000]
loss: 1.356395  [25600/50000]
loss: 1.590644  [32000/50000]
loss: 1.331756  [38400/50000]
loss: 1.338889  [44800/50000]
Test Error: 
 Accuracy: 40.6%, Avg loss: 1.670820 

Epoch 3
-------------------------------
loss: 1.372025  [    0/50000]
loss: 1.183791  [ 6400/50000]
loss: 1.250350  [12800/50000]
loss: 1.500540  [19200/50000]
loss: 1.030667  [25600/50000]
loss: 1.180979  [32000/50000]
loss: 1.121812  [38400/50000]
loss: 1.160416  [44800/50000]
Test Error: 
 Accuracy: 45.3%, Avg loss: 1.482265 

Epoch 4
-------------------------------
loss: 1.113110  [    0/50000]
loss: 1.206902  [ 6400/50000]
loss: 1.348628  [12800/50000]
loss: 1.232266  [19200/50000]
loss: 0.965740  [25600/50000]
loss: 0.929278  [32000/50000]
loss: 1.081158  [38400/50000]
loss: 0.941167  [44800/50000]
Test Error: 
 Accuracy: 52.5%, Avg loss: 1.350221 

Epoch 5
-------------------------------
loss: 1.087945  [    0/50000]
loss: 0.983377  [ 6400/50000]
loss: 0.844991  [12800/50000]
loss: 0.974245  [19200/50000]
loss: 0.874118  [25600/50000]
loss: 1.028240  [32000/50000]
loss: 1.049986  [38400/50000]
loss: 0.892503  [44800/50000]
Test Error: 
 Accuracy: 52.2%, Avg loss: 1.448245 

Epoch 6
-------------------------------
loss: 0.941399  [    0/50000]
loss: 0.804448  [ 6400/50000]
loss: 0.815736  [12800/50000]
loss: 0.896795  [19200/50000]
loss: 0.965804  [25600/50000]
loss: 0.873123  [32000/50000]
loss: 0.967810  [38400/50000]
loss: 0.738036  [44800/50000]
Test Error: 
 Accuracy: 65.2%, Avg loss: 0.978844 

Epoch 7
-------------------------------
loss: 0.864322  [    0/50000]
loss: 0.804430  [ 6400/50000]
loss: 0.708510  [12800/50000]
loss: 0.900237  [19200/50000]
loss: 0.663652  [25600/50000]
loss: 0.764328  [32000/50000]
loss: 1.086324  [38400/50000]
loss: 0.842200  [44800/50000]
Test Error: 
 Accuracy: 52.0%, Avg loss: 1.480711 

Epoch 8
-------------------------------
loss: 0.762675  [    0/50000]
loss: 0.719249  [ 6400/50000]
loss: 0.895622  [12800/50000]
loss: 0.750980  [19200/50000]
loss: 0.770048  [25600/50000]
loss: 0.518778  [32000/50000]
loss: 0.493446  [38400/50000]
loss: 0.660646  [44800/50000]
Test Error: 
 Accuracy: 68.7%, Avg loss: 0.884899 

Epoch 9
-------------------------------
loss: 0.738582  [    0/50000]
loss: 0.716018  [ 6400/50000]
loss: 0.854329  [12800/50000]
loss: 0.605775  [19200/50000]
loss: 0.517817  [25600/50000]
loss: 0.600188  [32000/50000]
loss: 0.591573  [38400/50000]
loss: 0.727654  [44800/50000]
Test Error: 
 Accuracy: 64.1%, Avg loss: 1.055744 

Epoch 10
-------------------------------
loss: 0.593337  [    0/50000]
loss: 0.574600  [ 6400/50000]
loss: 0.566373  [12800/50000]
loss: 0.828867  [19200/50000]
loss: 0.786896  [25600/50000]
loss: 0.543776  [32000/50000]
loss: 0.581038  [38400/50000]
loss: 0.639090  [44800/50000]
Test Error: 
 Accuracy: 54.2%, Avg loss: 1.538156 

Epoch 11
-------------------------------
loss: 0.664337  [    0/50000]
loss: 0.459280  [ 6400/50000]
loss: 0.552857  [12800/50000]
loss: 0.366284  [19200/50000]
loss: 0.668425  [25600/50000]
loss: 0.597006  [32000/50000]
loss: 0.756469  [38400/50000]
loss: 0.420799  [44800/50000]
Test Error: 
 Accuracy: 68.2%, Avg loss: 0.943188 

Epoch 12
-------------------------------
loss: 0.566122  [    0/50000]
loss: 0.403059  [ 6400/50000]
loss: 0.417299  [12800/50000]
loss: 0.424940  [19200/50000]
loss: 0.422479  [25600/50000]
loss: 0.567840  [32000/50000]
loss: 0.400831  [38400/50000]
loss: 0.401803  [44800/50000]
Test Error: 
 Accuracy: 62.2%, Avg loss: 1.224440 

Epoch 13
-------------------------------
loss: 0.515158  [    0/50000]
loss: 0.305220  [ 6400/50000]
loss: 0.503603  [12800/50000]
loss: 0.558592  [19200/50000]
loss: 0.384006  [25600/50000]
loss: 0.309125  [32000/50000]
loss: 0.447557  [38400/50000]
loss: 0.541415  [44800/50000]
Test Error: 
 Accuracy: 74.4%, Avg loss: 0.778166 

Epoch 14
-------------------------------
loss: 0.589403  [    0/50000]
loss: 0.552635  [ 6400/50000]
loss: 0.348277  [12800/50000]
loss: 0.297715  [19200/50000]
loss: 0.316401  [25600/50000]
loss: 0.389945  [32000/50000]
loss: 0.398958  [38400/50000]
loss: 0.439946  [44800/50000]
Test Error: 
 Accuracy: 69.5%, Avg loss: 0.986152 

Epoch 15
-------------------------------
loss: 0.459469  [    0/50000]
loss: 0.347439  [ 6400/50000]
loss: 0.429200  [12800/50000]
loss: 0.457684  [19200/50000]
loss: 0.432973  [25600/50000]
loss: 0.567330  [32000/50000]
loss: 0.271443  [38400/50000]
loss: 0.453562  [44800/50000]
Test Error: 
 Accuracy: 63.8%, Avg loss: 1.233139 

Epoch 16
-------------------------------
loss: 0.314400  [    0/50000]
loss: 0.209644  [ 6400/50000]
loss: 0.250217  [12800/50000]
loss: 0.307124  [19200/50000]
loss: 0.429068  [25600/50000]
loss: 0.323580  [32000/50000]
loss: 0.339772  [38400/50000]
loss: 0.287832  [44800/50000]
Test Error: 
 Accuracy: 56.1%, Avg loss: 2.229246 

Epoch 17
-------------------------------
loss: 0.254924  [    0/50000]
loss: 0.282173  [ 6400/50000]
loss: 0.245048  [12800/50000]
loss: 0.218256  [19200/50000]
loss: 0.208851  [25600/50000]
loss: 0.231590  [32000/50000]
loss: 0.162544  [38400/50000]
loss: 0.206125  [44800/50000]
Test Error: 
 Accuracy: 62.0%, Avg loss: 1.334624 

Epoch 18
-------------------------------
loss: 0.217415  [    0/50000]
loss: 0.193717  [ 6400/50000]
loss: 0.228019  [12800/50000]
loss: 0.305411  [19200/50000]
loss: 0.203927  [25600/50000]
loss: 0.228643  [32000/50000]
loss: 0.301790  [38400/50000]
loss: 0.200096  [44800/50000]
Test Error: 
 Accuracy: 54.3%, Avg loss: 2.029795 

Epoch 19
-------------------------------
loss: 0.371604  [    0/50000]
loss: 0.260598  [ 6400/50000]
loss: 0.120545  [12800/50000]
loss: 0.148381  [19200/50000]
loss: 0.176244  [25600/50000]
loss: 0.219315  [32000/50000]
loss: 0.139273  [38400/50000]
loss: 0.434265  [44800/50000]
Test Error: 
 Accuracy: 62.5%, Avg loss: 1.489807 

Epoch 20
-------------------------------
loss: 0.198105  [    0/50000]
loss: 0.175851  [ 6400/50000]
loss: 0.157484  [12800/50000]
loss: 0.146045  [19200/50000]
loss: 0.175952  [25600/50000]
loss: 0.193215  [32000/50000]
loss: 0.203636  [38400/50000]
loss: 0.189430  [44800/50000]
Test Error: 
 Accuracy: 73.5%, Avg loss: 0.901905 

Epoch 21
-------------------------------
loss: 0.299737  [    0/50000]
loss: 0.114128  [ 6400/50000]
loss: 0.057716  [12800/50000]
loss: 0.130035  [19200/50000]
loss: 0.171627  [25600/50000]
loss: 0.115292  [32000/50000]
loss: 0.116328  [38400/50000]
loss: 0.180498  [44800/50000]
Test Error: 
 Accuracy: 71.9%, Avg loss: 0.991051 

Epoch 22
-------------------------------
loss: 0.082435  [    0/50000]
loss: 0.128332  [ 6400/50000]
loss: 0.169070  [12800/50000]
loss: 0.156266  [19200/50000]
loss: 0.100067  [25600/50000]
loss: 0.078084  [32000/50000]
loss: 0.133918  [38400/50000]
loss: 0.135313  [44800/50000]
Test Error: 
 Accuracy: 71.8%, Avg loss: 1.045755 

Epoch 23
-------------------------------
loss: 0.179098  [    0/50000]
loss: 0.043576  [ 6400/50000]
loss: 0.115023  [12800/50000]
loss: 0.092808  [19200/50000]
loss: 0.153698  [25600/50000]
loss: 0.132090  [32000/50000]
loss: 0.062553  [38400/50000]
loss: 0.129546  [44800/50000]
Test Error: 
 Accuracy: 67.1%, Avg loss: 1.422867 

Epoch 24
-------------------------------
loss: 0.061791  [    0/50000]
loss: 0.031230  [ 6400/50000]
loss: 0.149121  [12800/50000]
loss: 0.106486  [19200/50000]
loss: 0.219871  [25600/50000]
loss: 0.122399  [32000/50000]
loss: 0.091722  [38400/50000]
loss: 0.084423  [44800/50000]
Test Error: 
 Accuracy: 69.1%, Avg loss: 1.314353 

Epoch 25
-------------------------------
loss: 0.099392  [    0/50000]
loss: 0.091638  [ 6400/50000]
loss: 0.048229  [12800/50000]
loss: 0.055837  [19200/50000]
loss: 0.062242  [25600/50000]
loss: 0.097196  [32000/50000]
loss: 0.119896  [38400/50000]
loss: 0.112352  [44800/50000]
Test Error: 
 Accuracy: 65.0%, Avg loss: 1.448547 

Epoch 26
-------------------------------
loss: 0.217659  [    0/50000]
loss: 0.033658  [ 6400/50000]
loss: 0.030225  [12800/50000]
loss: 0.020362  [19200/50000]
loss: 0.032565  [25600/50000]
loss: 0.087208  [32000/50000]
loss: 0.039980  [38400/50000]
loss: 0.170348  [44800/50000]
Test Error: 
 Accuracy: 62.6%, Avg loss: 1.504209 

Epoch 27
-------------------------------
loss: 0.017888  [    0/50000]
loss: 0.026154  [ 6400/50000]
loss: 0.040100  [12800/50000]
loss: 0.040106  [19200/50000]
loss: 0.077586  [25600/50000]
loss: 0.083961  [32000/50000]
loss: 0.020578  [38400/50000]
loss: 0.016804  [44800/50000]
Test Error: 
 Accuracy: 65.8%, Avg loss: 1.621286 

Epoch 28
-------------------------------
loss: 0.022673  [    0/50000]
loss: 0.018568  [ 6400/50000]
loss: 0.028871  [12800/50000]
loss: 0.034140  [19200/50000]
loss: 0.017923  [25600/50000]
loss: 0.015937  [32000/50000]
loss: 0.023375  [38400/50000]
loss: 0.027146  [44800/50000]
Test Error: 
 Accuracy: 76.9%, Avg loss: 0.863285 

Epoch 29
-------------------------------
loss: 0.032321  [    0/50000]
loss: 0.021436  [ 6400/50000]
loss: 0.023885  [12800/50000]
loss: 0.042494  [19200/50000]
loss: 0.048726  [25600/50000]
loss: 0.072816  [32000/50000]
loss: 0.026039  [38400/50000]
loss: 0.077843  [44800/50000]
Test Error: 
 Accuracy: 78.2%, Avg loss: 0.819876 

Epoch 30
-------------------------------
loss: 0.036147  [    0/50000]
loss: 0.021210  [ 6400/50000]
loss: 0.015315  [12800/50000]
loss: 0.018180  [19200/50000]
loss: 0.025259  [25600/50000]
loss: 0.019652  [32000/50000]
loss: 0.031190  [38400/50000]
loss: 0.079581  [44800/50000]
Test Error: 
 Accuracy: 71.5%, Avg loss: 1.247499 

Done!
max accuracy 78.23
average accuracy 67.31400000000001
