command config
N= 3
B= [4, 1, 4]
C1= 64
F= [3, 3, 3]
K= [1, 1, 1]
P= 8
number of parameters 4991562
Epoch 1
-------------------------------
loss: 2.369098  [    0/50000]
loss: 1.884949  [ 6400/50000]
loss: 1.537187  [12800/50000]
loss: 1.418385  [19200/50000]
loss: 1.119706  [25600/50000]
loss: 1.130769  [32000/50000]
loss: 1.010445  [38400/50000]
loss: 1.374194  [44800/50000]
Test Error: 
 Accuracy: 50.7%, Avg loss: 1.432375 

Epoch 2
-------------------------------
loss: 1.147457  [    0/50000]
loss: 1.104785  [ 6400/50000]
loss: 1.050821  [12800/50000]
loss: 0.725389  [19200/50000]
loss: 1.007213  [25600/50000]
loss: 0.666102  [32000/50000]
loss: 0.846082  [38400/50000]
loss: 0.818420  [44800/50000]
Test Error: 
 Accuracy: 67.3%, Avg loss: 0.927713 

Epoch 3
-------------------------------
loss: 0.610955  [    0/50000]
loss: 0.753937  [ 6400/50000]
loss: 0.845098  [12800/50000]
loss: 0.769548  [19200/50000]
loss: 0.580405  [25600/50000]
loss: 0.637387  [32000/50000]
loss: 0.543773  [38400/50000]
loss: 0.757425  [44800/50000]
Test Error: 
 Accuracy: 75.2%, Avg loss: 0.725651 

Epoch 4
-------------------------------
loss: 0.412903  [    0/50000]
loss: 0.551796  [ 6400/50000]
loss: 0.465152  [12800/50000]
loss: 0.667787  [19200/50000]
loss: 0.510100  [25600/50000]
loss: 0.586038  [32000/50000]
loss: 0.401509  [38400/50000]
loss: 0.543767  [44800/50000]
Test Error: 
 Accuracy: 80.9%, Avg loss: 0.548084 

Epoch 5
-------------------------------
loss: 0.450250  [    0/50000]
loss: 0.430830  [ 6400/50000]
loss: 0.316042  [12800/50000]
loss: 0.591107  [19200/50000]
loss: 0.427849  [25600/50000]
loss: 0.304903  [32000/50000]
loss: 0.202923  [38400/50000]
loss: 0.313817  [44800/50000]
Test Error: 
 Accuracy: 79.8%, Avg loss: 0.602597 

Epoch 6
-------------------------------
loss: 0.343237  [    0/50000]
loss: 0.258355  [ 6400/50000]
loss: 0.266506  [12800/50000]
loss: 0.298690  [19200/50000]
loss: 0.396430  [25600/50000]
loss: 0.225232  [32000/50000]
loss: 0.612432  [38400/50000]
loss: 0.235861  [44800/50000]
Test Error: 
 Accuracy: 81.7%, Avg loss: 0.572462 

Epoch 7
-------------------------------
loss: 0.177579  [    0/50000]
loss: 0.170722  [ 6400/50000]
loss: 0.226826  [12800/50000]
loss: 0.126391  [19200/50000]
loss: 0.406471  [25600/50000]
loss: 0.479190  [32000/50000]
loss: 0.348695  [38400/50000]
loss: 0.419397  [44800/50000]
Test Error: 
 Accuracy: 83.7%, Avg loss: 0.504157 

Epoch 8
-------------------------------
loss: 0.142011  [    0/50000]
loss: 0.185363  [ 6400/50000]
loss: 0.172983  [12800/50000]
loss: 0.298041  [19200/50000]
loss: 0.235893  [25600/50000]
loss: 0.196626  [32000/50000]
loss: 0.318660  [38400/50000]
loss: 0.239125  [44800/50000]
Test Error: 
 Accuracy: 82.7%, Avg loss: 0.567359 

Epoch 9
-------------------------------
loss: 0.149491  [    0/50000]
loss: 0.114514  [ 6400/50000]
loss: 0.105960  [12800/50000]
loss: 0.175695  [19200/50000]
loss: 0.090210  [25600/50000]
loss: 0.219108  [32000/50000]
loss: 0.340793  [38400/50000]
loss: 0.227732  [44800/50000]
Test Error: 
 Accuracy: 82.7%, Avg loss: 0.616707 

Epoch 10
-------------------------------
loss: 0.069188  [    0/50000]
loss: 0.089343  [ 6400/50000]
loss: 0.145632  [12800/50000]
loss: 0.092834  [19200/50000]
loss: 0.181148  [25600/50000]
loss: 0.052969  [32000/50000]
loss: 0.180503  [38400/50000]
loss: 0.108577  [44800/50000]
Test Error: 
 Accuracy: 84.5%, Avg loss: 0.550891 

Epoch 11
-------------------------------
loss: 0.155222  [    0/50000]
loss: 0.035773  [ 6400/50000]
loss: 0.148889  [12800/50000]
loss: 0.047195  [19200/50000]
loss: 0.108144  [25600/50000]
loss: 0.148531  [32000/50000]
loss: 0.085880  [38400/50000]
loss: 0.154976  [44800/50000]
Test Error: 
 Accuracy: 84.7%, Avg loss: 0.624842 

Epoch 12
-------------------------------
loss: 0.094698  [    0/50000]
loss: 0.081990  [ 6400/50000]
loss: 0.118560  [12800/50000]
loss: 0.007098  [19200/50000]
loss: 0.026513  [25600/50000]
loss: 0.134490  [32000/50000]
loss: 0.147019  [38400/50000]
loss: 0.084066  [44800/50000]
Test Error: 
 Accuracy: 83.0%, Avg loss: 0.733362 

Epoch 13
-------------------------------
loss: 0.075865  [    0/50000]
loss: 0.036070  [ 6400/50000]
loss: 0.054774  [12800/50000]
loss: 0.034154  [19200/50000]
loss: 0.075892  [25600/50000]
loss: 0.109152  [32000/50000]
loss: 0.070386  [38400/50000]
loss: 0.083577  [44800/50000]
Test Error: 
 Accuracy: 84.3%, Avg loss: 0.648389 

Epoch 14
-------------------------------
loss: 0.088718  [    0/50000]
loss: 0.009988  [ 6400/50000]
loss: 0.019294  [12800/50000]
loss: 0.016907  [19200/50000]
loss: 0.122032  [25600/50000]
loss: 0.080554  [32000/50000]
loss: 0.080440  [38400/50000]
loss: 0.039649  [44800/50000]
Test Error: 
 Accuracy: 85.4%, Avg loss: 0.637938 

Epoch 15
-------------------------------
loss: 0.022158  [    0/50000]
loss: 0.014968  [ 6400/50000]
loss: 0.009748  [12800/50000]
loss: 0.007690  [19200/50000]
loss: 0.058191  [25600/50000]
loss: 0.135814  [32000/50000]
loss: 0.139835  [38400/50000]
loss: 0.055403  [44800/50000]
Test Error: 
 Accuracy: 84.5%, Avg loss: 0.668746 

Epoch 16
-------------------------------
loss: 0.015496  [    0/50000]
loss: 0.073163  [ 6400/50000]
loss: 0.012769  [12800/50000]
loss: 0.028095  [19200/50000]
loss: 0.017774  [25600/50000]
loss: 0.102046  [32000/50000]
loss: 0.132299  [38400/50000]
loss: 0.093481  [44800/50000]
Test Error: 
 Accuracy: 84.8%, Avg loss: 0.690419 

Epoch 17
-------------------------------
loss: 0.044573  [    0/50000]
loss: 0.043158  [ 6400/50000]
loss: 0.025429  [12800/50000]
loss: 0.034542  [19200/50000]
loss: 0.008381  [25600/50000]
loss: 0.038779  [32000/50000]
loss: 0.051286  [38400/50000]
loss: 0.022727  [44800/50000]
Test Error: 
 Accuracy: 84.4%, Avg loss: 0.716354 

Epoch 18
-------------------------------
loss: 0.007543  [    0/50000]
loss: 0.045437  [ 6400/50000]
loss: 0.024462  [12800/50000]
loss: 0.051163  [19200/50000]
loss: 0.032899  [25600/50000]
loss: 0.017467  [32000/50000]
loss: 0.011699  [38400/50000]
loss: 0.088673  [44800/50000]
Test Error: 
 Accuracy: 86.2%, Avg loss: 0.653601 

Epoch 19
-------------------------------
loss: 0.039673  [    0/50000]
loss: 0.007291  [ 6400/50000]
loss: 0.046670  [12800/50000]
loss: 0.028938  [19200/50000]
loss: 0.017227  [25600/50000]
loss: 0.010274  [32000/50000]
loss: 0.018874  [38400/50000]
loss: 0.014030  [44800/50000]
Test Error: 
 Accuracy: 85.1%, Avg loss: 0.704898 

Epoch 20
-------------------------------
loss: 0.033767  [    0/50000]
loss: 0.112862  [ 6400/50000]
loss: 0.010808  [12800/50000]
loss: 0.006950  [19200/50000]
loss: 0.074180  [25600/50000]
loss: 0.005292  [32000/50000]
loss: 0.071933  [38400/50000]
loss: 0.014046  [44800/50000]
Test Error: 
 Accuracy: 84.0%, Avg loss: 0.788453 

Epoch 21
-------------------------------
loss: 0.057085  [    0/50000]
loss: 0.019729  [ 6400/50000]
loss: 0.022704  [12800/50000]
loss: 0.009451  [19200/50000]
loss: 0.020581  [25600/50000]
loss: 0.024577  [32000/50000]
loss: 0.052994  [38400/50000]
loss: 0.017582  [44800/50000]
Test Error: 
 Accuracy: 83.9%, Avg loss: 0.802579 

Epoch 22
-------------------------------
loss: 0.013518  [    0/50000]
loss: 0.000465  [ 6400/50000]
loss: 0.026787  [12800/50000]
loss: 0.055083  [19200/50000]
loss: 0.035373  [25600/50000]
loss: 0.039996  [32000/50000]
loss: 0.044581  [38400/50000]
loss: 0.035197  [44800/50000]
Test Error: 
 Accuracy: 84.9%, Avg loss: 0.693147 

Epoch 23
-------------------------------
loss: 0.030223  [    0/50000]
loss: 0.135888  [ 6400/50000]
loss: 0.000325  [12800/50000]
loss: 0.013949  [19200/50000]
loss: 0.092651  [25600/50000]
loss: 0.028819  [32000/50000]
loss: 0.015862  [38400/50000]
loss: 0.075993  [44800/50000]
Test Error: 
 Accuracy: 85.2%, Avg loss: 0.765200 

Epoch 24
-------------------------------
loss: 0.019317  [    0/50000]
loss: 0.003112  [ 6400/50000]
loss: 0.047328  [12800/50000]
loss: 0.009340  [19200/50000]
loss: 0.010229  [25600/50000]
loss: 0.034752  [32000/50000]
loss: 0.029447  [38400/50000]
loss: 0.006926  [44800/50000]
Test Error: 
 Accuracy: 85.3%, Avg loss: 0.727334 

Epoch 25
-------------------------------
loss: 0.020418  [    0/50000]
loss: 0.030594  [ 6400/50000]
loss: 0.007197  [12800/50000]
loss: 0.025110  [19200/50000]
loss: 0.037311  [25600/50000]
loss: 0.002263  [32000/50000]
loss: 0.019523  [38400/50000]
loss: 0.015069  [44800/50000]
Test Error: 
 Accuracy: 84.7%, Avg loss: 0.809818 

Epoch 26
-------------------------------
loss: 0.005494  [    0/50000]
loss: 0.106158  [ 6400/50000]
loss: 0.003909  [12800/50000]
loss: 0.006953  [19200/50000]
loss: 0.001629  [25600/50000]
loss: 0.021379  [32000/50000]
loss: 0.046012  [38400/50000]
loss: 0.003375  [44800/50000]
Test Error: 
 Accuracy: 84.6%, Avg loss: 0.876970 

Epoch 27
-------------------------------
loss: 0.000577  [    0/50000]
loss: 0.005155  [ 6400/50000]
loss: 0.003697  [12800/50000]
loss: 0.008157  [19200/50000]
loss: 0.004558  [25600/50000]
loss: 0.034264  [32000/50000]
loss: 0.020517  [38400/50000]
loss: 0.024698  [44800/50000]
Test Error: 
 Accuracy: 86.3%, Avg loss: 0.689112 

Epoch 28
-------------------------------
loss: 0.003439  [    0/50000]
loss: 0.009513  [ 6400/50000]
loss: 0.008795  [12800/50000]
loss: 0.010972  [19200/50000]
loss: 0.018938  [25600/50000]
loss: 0.011111  [32000/50000]
loss: 0.007534  [38400/50000]
loss: 0.019799  [44800/50000]
Test Error: 
 Accuracy: 84.8%, Avg loss: 0.807999 

Epoch 29
-------------------------------
loss: 0.009090  [    0/50000]
loss: 0.032869  [ 6400/50000]
loss: 0.017695  [12800/50000]
loss: 0.006701  [19200/50000]
loss: 0.014593  [25600/50000]
loss: 0.103820  [32000/50000]
loss: 0.034036  [38400/50000]
loss: 0.005900  [44800/50000]
Test Error: 
 Accuracy: 85.4%, Avg loss: 0.805081 

Epoch 30
-------------------------------
loss: 0.002155  [    0/50000]
loss: 0.004356  [ 6400/50000]
loss: 0.007550  [12800/50000]
loss: 0.011655  [19200/50000]
loss: 0.011658  [25600/50000]
loss: 0.001737  [32000/50000]
loss: 0.069923  [38400/50000]
loss: 0.003765  [44800/50000]
Test Error: 
 Accuracy: 86.2%, Avg loss: 0.743540 

Done!
