command config
N= 3
B= [4, 4, 1]
C1= 64
F= [5, 3, 5]
K= [5, 1, 3]
P= 7
number of parameters 4695114
Epoch 1
-------------------------------
loss: 2.359854  [    0/50000]
loss: 1.867067  [ 6400/50000]
loss: 1.379210  [12800/50000]
loss: 1.354861  [19200/50000]
loss: 1.522032  [25600/50000]
loss: 1.522388  [32000/50000]
loss: 1.196736  [38400/50000]
loss: 1.010943  [44800/50000]
Test Error: 
 Accuracy: 51.2%, Avg loss: 1.487524 

Epoch 2
-------------------------------
loss: 1.164036  [    0/50000]
loss: 0.874490  [ 6400/50000]
loss: 0.974130  [12800/50000]
loss: 0.862894  [19200/50000]
loss: 1.073038  [25600/50000]
loss: 1.011850  [32000/50000]
loss: 0.915122  [38400/50000]
loss: 0.809720  [44800/50000]
Test Error: 
 Accuracy: 63.4%, Avg loss: 1.037880 

Epoch 3
-------------------------------
loss: 0.834100  [    0/50000]
loss: 0.729296  [ 6400/50000]
loss: 0.763525  [12800/50000]
loss: 0.665866  [19200/50000]
loss: 0.730097  [25600/50000]
loss: 0.863310  [32000/50000]
loss: 0.740231  [38400/50000]
loss: 0.793268  [44800/50000]
Test Error: 
 Accuracy: 71.0%, Avg loss: 0.846632 

Epoch 4
-------------------------------
loss: 0.761013  [    0/50000]
loss: 0.466836  [ 6400/50000]
loss: 0.433639  [12800/50000]
loss: 0.579023  [19200/50000]
loss: 0.628710  [25600/50000]
loss: 0.525318  [32000/50000]
loss: 0.518136  [38400/50000]
loss: 0.817723  [44800/50000]
Test Error: 
 Accuracy: 73.7%, Avg loss: 0.752956 

Epoch 5
-------------------------------
loss: 0.697498  [    0/50000]
loss: 0.595862  [ 6400/50000]
loss: 0.528542  [12800/50000]
loss: 0.457002  [19200/50000]
loss: 0.587401  [25600/50000]
loss: 0.597559  [32000/50000]
loss: 0.263209  [38400/50000]
loss: 0.727949  [44800/50000]
Test Error: 
 Accuracy: 80.2%, Avg loss: 0.575514 

Epoch 6
-------------------------------
loss: 0.393719  [    0/50000]
loss: 0.437330  [ 6400/50000]
loss: 0.438082  [12800/50000]
loss: 0.371185  [19200/50000]
loss: 0.383267  [25600/50000]
loss: 0.572984  [32000/50000]
loss: 0.562118  [38400/50000]
loss: 0.598041  [44800/50000]
Test Error: 
 Accuracy: 79.8%, Avg loss: 0.585493 

Epoch 7
-------------------------------
loss: 0.355029  [    0/50000]
loss: 0.388008  [ 6400/50000]
loss: 0.491906  [12800/50000]
loss: 0.407802  [19200/50000]
loss: 0.245369  [25600/50000]
loss: 0.431191  [32000/50000]
loss: 0.392204  [38400/50000]
loss: 0.496181  [44800/50000]
Test Error: 
 Accuracy: 81.1%, Avg loss: 0.549831 

Epoch 8
-------------------------------
loss: 0.225336  [    0/50000]
loss: 0.332457  [ 6400/50000]
loss: 0.181647  [12800/50000]
loss: 0.228835  [19200/50000]
loss: 0.323207  [25600/50000]
loss: 0.336833  [32000/50000]
loss: 0.335749  [38400/50000]
loss: 0.334217  [44800/50000]
Test Error: 
 Accuracy: 81.3%, Avg loss: 0.562389 

Epoch 9
-------------------------------
loss: 0.220893  [    0/50000]
loss: 0.408176  [ 6400/50000]
loss: 0.426194  [12800/50000]
loss: 0.309740  [19200/50000]
loss: 0.248678  [25600/50000]
loss: 0.340701  [32000/50000]
loss: 0.263800  [38400/50000]
loss: 0.372881  [44800/50000]
Test Error: 
 Accuracy: 83.8%, Avg loss: 0.497939 

Epoch 10
-------------------------------
loss: 0.193824  [    0/50000]
loss: 0.169413  [ 6400/50000]
loss: 0.160684  [12800/50000]
loss: 0.118419  [19200/50000]
loss: 0.083660  [25600/50000]
loss: 0.182337  [32000/50000]
loss: 0.219515  [38400/50000]
loss: 0.189012  [44800/50000]
Test Error: 
 Accuracy: 85.0%, Avg loss: 0.481591 

Epoch 11
-------------------------------
loss: 0.083594  [    0/50000]
loss: 0.125832  [ 6400/50000]
loss: 0.090769  [12800/50000]
loss: 0.156682  [19200/50000]
loss: 0.262562  [25600/50000]
loss: 0.237970  [32000/50000]
loss: 0.078805  [38400/50000]
loss: 0.199423  [44800/50000]
Test Error: 
 Accuracy: 82.9%, Avg loss: 0.562144 

Epoch 12
-------------------------------
loss: 0.102615  [    0/50000]
loss: 0.125257  [ 6400/50000]
loss: 0.123478  [12800/50000]
loss: 0.057051  [19200/50000]
loss: 0.110961  [25600/50000]
loss: 0.150676  [32000/50000]
loss: 0.072452  [38400/50000]
loss: 0.139394  [44800/50000]
Test Error: 
 Accuracy: 85.0%, Avg loss: 0.542483 

Epoch 13
-------------------------------
loss: 0.265265  [    0/50000]
loss: 0.048333  [ 6400/50000]
loss: 0.030576  [12800/50000]
loss: 0.094107  [19200/50000]
loss: 0.054111  [25600/50000]
loss: 0.096924  [32000/50000]
loss: 0.081330  [38400/50000]
loss: 0.143682  [44800/50000]
Test Error: 
 Accuracy: 83.7%, Avg loss: 0.606877 

Epoch 14
-------------------------------
loss: 0.071076  [    0/50000]
loss: 0.014670  [ 6400/50000]
loss: 0.112139  [12800/50000]
loss: 0.179040  [19200/50000]
loss: 0.099914  [25600/50000]
loss: 0.041520  [32000/50000]
loss: 0.099307  [38400/50000]
loss: 0.065600  [44800/50000]
Test Error: 
 Accuracy: 84.7%, Avg loss: 0.603718 

Epoch 15
-------------------------------
loss: 0.040614  [    0/50000]
loss: 0.072559  [ 6400/50000]
loss: 0.045470  [12800/50000]
loss: 0.073478  [19200/50000]
loss: 0.053546  [25600/50000]
loss: 0.017007  [32000/50000]
loss: 0.123698  [38400/50000]
loss: 0.054064  [44800/50000]
Test Error: 
 Accuracy: 83.8%, Avg loss: 0.676842 

Epoch 16
-------------------------------
loss: 0.025257  [    0/50000]
loss: 0.049822  [ 6400/50000]
loss: 0.060787  [12800/50000]
loss: 0.034671  [19200/50000]
loss: 0.071902  [25600/50000]
loss: 0.018569  [32000/50000]
loss: 0.054009  [38400/50000]
loss: 0.007013  [44800/50000]
Test Error: 
 Accuracy: 83.6%, Avg loss: 0.674402 

Epoch 17
-------------------------------
loss: 0.105217  [    0/50000]
loss: 0.142361  [ 6400/50000]
loss: 0.052403  [12800/50000]
loss: 0.036313  [19200/50000]
loss: 0.012985  [25600/50000]
loss: 0.026314  [32000/50000]
loss: 0.148093  [38400/50000]
loss: 0.121188  [44800/50000]
Test Error: 
 Accuracy: 83.6%, Avg loss: 0.698865 

Epoch 18
-------------------------------
loss: 0.032076  [    0/50000]
loss: 0.042238  [ 6400/50000]
loss: 0.008585  [12800/50000]
loss: 0.031933  [19200/50000]
loss: 0.029022  [25600/50000]
loss: 0.173904  [32000/50000]
loss: 0.041893  [38400/50000]
loss: 0.070907  [44800/50000]
Test Error: 
 Accuracy: 84.9%, Avg loss: 0.614585 

Epoch 19
-------------------------------
loss: 0.013955  [    0/50000]
loss: 0.013980  [ 6400/50000]
loss: 0.003588  [12800/50000]
loss: 0.025820  [19200/50000]
loss: 0.014164  [25600/50000]
loss: 0.035057  [32000/50000]
loss: 0.028916  [38400/50000]
loss: 0.015048  [44800/50000]
Test Error: 
 Accuracy: 84.9%, Avg loss: 0.672681 

Epoch 20
-------------------------------
loss: 0.131865  [    0/50000]
loss: 0.026620  [ 6400/50000]
loss: 0.007509  [12800/50000]
loss: 0.080213  [19200/50000]
loss: 0.006576  [25600/50000]
loss: 0.053018  [32000/50000]
loss: 0.013622  [38400/50000]
loss: 0.034582  [44800/50000]
Test Error: 
 Accuracy: 85.3%, Avg loss: 0.652002 

Epoch 21
-------------------------------
loss: 0.009054  [    0/50000]
loss: 0.015587  [ 6400/50000]
loss: 0.003227  [12800/50000]
loss: 0.049673  [19200/50000]
loss: 0.082046  [25600/50000]
loss: 0.088816  [32000/50000]
loss: 0.003553  [38400/50000]
loss: 0.063114  [44800/50000]
Test Error: 
 Accuracy: 83.6%, Avg loss: 0.783603 

Epoch 22
-------------------------------
loss: 0.015745  [    0/50000]
loss: 0.039373  [ 6400/50000]
loss: 0.027223  [12800/50000]
loss: 0.011760  [19200/50000]
loss: 0.014744  [25600/50000]
loss: 0.006917  [32000/50000]
loss: 0.008120  [38400/50000]
loss: 0.021442  [44800/50000]
Test Error: 
 Accuracy: 84.7%, Avg loss: 0.705015 

Epoch 23
-------------------------------
loss: 0.077591  [    0/50000]
loss: 0.056762  [ 6400/50000]
loss: 0.004223  [12800/50000]
loss: 0.091687  [19200/50000]
loss: 0.016233  [25600/50000]
loss: 0.073758  [32000/50000]
loss: 0.109744  [38400/50000]
loss: 0.022497  [44800/50000]
Test Error: 
 Accuracy: 84.7%, Avg loss: 0.772253 

Epoch 24
-------------------------------
loss: 0.050324  [    0/50000]
loss: 0.063840  [ 6400/50000]
loss: 0.025486  [12800/50000]
loss: 0.002904  [19200/50000]
loss: 0.023616  [25600/50000]
loss: 0.004704  [32000/50000]
loss: 0.028976  [38400/50000]
loss: 0.037285  [44800/50000]
Test Error: 
 Accuracy: 84.1%, Avg loss: 0.761760 

Epoch 25
-------------------------------
loss: 0.009800  [    0/50000]
loss: 0.017588  [ 6400/50000]
loss: 0.022655  [12800/50000]
loss: 0.032054  [19200/50000]
loss: 0.098661  [25600/50000]
loss: 0.088015  [32000/50000]
loss: 0.006896  [38400/50000]
loss: 0.009461  [44800/50000]
Test Error: 
 Accuracy: 85.7%, Avg loss: 0.700262 

Epoch 26
-------------------------------
loss: 0.011051  [    0/50000]
loss: 0.000949  [ 6400/50000]
loss: 0.035426  [12800/50000]
loss: 0.007281  [19200/50000]
loss: 0.021178  [25600/50000]
loss: 0.058360  [32000/50000]
loss: 0.024677  [38400/50000]
loss: 0.151971  [44800/50000]
Test Error: 
 Accuracy: 85.2%, Avg loss: 0.738978 

Epoch 27
-------------------------------
loss: 0.037003  [    0/50000]
loss: 0.013763  [ 6400/50000]
loss: 0.002162  [12800/50000]
loss: 0.043230  [19200/50000]
loss: 0.002598  [25600/50000]
loss: 0.003462  [32000/50000]
loss: 0.016570  [38400/50000]
loss: 0.013844  [44800/50000]
Test Error: 
 Accuracy: 85.0%, Avg loss: 0.730080 

Epoch 28
-------------------------------
loss: 0.007170  [    0/50000]
loss: 0.011115  [ 6400/50000]
loss: 0.006238  [12800/50000]
loss: 0.027975  [19200/50000]
loss: 0.003312  [25600/50000]
loss: 0.017294  [32000/50000]
loss: 0.014154  [38400/50000]
loss: 0.097993  [44800/50000]
Test Error: 
 Accuracy: 85.2%, Avg loss: 0.735435 

Epoch 29
-------------------------------
loss: 0.014565  [    0/50000]
loss: 0.018600  [ 6400/50000]
loss: 0.000863  [12800/50000]
loss: 0.052141  [19200/50000]
loss: 0.000252  [25600/50000]
loss: 0.106934  [32000/50000]
loss: 0.030280  [38400/50000]
loss: 0.071387  [44800/50000]
Test Error: 
 Accuracy: 84.5%, Avg loss: 0.765549 

Epoch 30
-------------------------------
loss: 0.009748  [    0/50000]
loss: 0.001237  [ 6400/50000]
loss: 0.019639  [12800/50000]
loss: 0.020191  [19200/50000]
loss: 0.015597  [25600/50000]
loss: 0.027986  [32000/50000]
loss: 0.062882  [38400/50000]
loss: 0.019487  [44800/50000]
Test Error: 
 Accuracy: 84.7%, Avg loss: 0.778422 

Done!
