command config
N= 3
B= [1, 2, 3]
C1= 64
F= [3, 5, 3]
K= [1, 3, 1]
P= 8
number of parameters 4867402
Epoch 1
-------------------------------
loss: 2.299951  [    0/50000]
loss: 1.556339  [ 6400/50000]
loss: 1.366297  [12800/50000]
loss: 1.195564  [19200/50000]
loss: 1.198944  [25600/50000]
loss: 1.028591  [32000/50000]
loss: 0.826509  [38400/50000]
loss: 1.288293  [44800/50000]
Test Error: 
 Accuracy: 60.2%, Avg loss: 1.133405 

Epoch 2
-------------------------------
loss: 1.091977  [    0/50000]
loss: 1.049013  [ 6400/50000]
loss: 0.671928  [12800/50000]
loss: 0.673091  [19200/50000]
loss: 1.035039  [25600/50000]
loss: 0.731213  [32000/50000]
loss: 0.674131  [38400/50000]
loss: 0.703745  [44800/50000]
Test Error: 
 Accuracy: 71.8%, Avg loss: 0.803698 

Epoch 3
-------------------------------
loss: 0.717009  [    0/50000]
loss: 0.714011  [ 6400/50000]
loss: 0.513823  [12800/50000]
loss: 0.598517  [19200/50000]
loss: 0.692616  [25600/50000]
loss: 0.826080  [32000/50000]
loss: 0.840820  [38400/50000]
loss: 0.531266  [44800/50000]
Test Error: 
 Accuracy: 78.7%, Avg loss: 0.613266 

Epoch 4
-------------------------------
loss: 0.406268  [    0/50000]
loss: 0.553556  [ 6400/50000]
loss: 0.457968  [12800/50000]
loss: 0.531667  [19200/50000]
loss: 0.472702  [25600/50000]
loss: 0.335960  [32000/50000]
loss: 0.471347  [38400/50000]
loss: 0.383540  [44800/50000]
Test Error: 
 Accuracy: 79.2%, Avg loss: 0.590302 

Epoch 5
-------------------------------
loss: 0.555812  [    0/50000]
loss: 0.365447  [ 6400/50000]
loss: 0.405722  [12800/50000]
loss: 0.410299  [19200/50000]
loss: 0.545448  [25600/50000]
loss: 0.432544  [32000/50000]
loss: 0.448327  [38400/50000]
loss: 0.344225  [44800/50000]
Test Error: 
 Accuracy: 83.5%, Avg loss: 0.482108 

Epoch 6
-------------------------------
loss: 0.352763  [    0/50000]
loss: 0.431307  [ 6400/50000]
loss: 0.337093  [12800/50000]
loss: 0.306763  [19200/50000]
loss: 0.178881  [25600/50000]
loss: 0.350328  [32000/50000]
loss: 0.475582  [38400/50000]
loss: 0.251056  [44800/50000]
Test Error: 
 Accuracy: 79.7%, Avg loss: 0.648740 

Epoch 7
-------------------------------
loss: 0.313618  [    0/50000]
loss: 0.130785  [ 6400/50000]
loss: 0.203434  [12800/50000]
loss: 0.242304  [19200/50000]
loss: 0.461752  [25600/50000]
loss: 0.152268  [32000/50000]
loss: 0.286585  [38400/50000]
loss: 0.156891  [44800/50000]
Test Error: 
 Accuracy: 81.8%, Avg loss: 0.592480 

Epoch 8
-------------------------------
loss: 0.213804  [    0/50000]
loss: 0.199334  [ 6400/50000]
loss: 0.314098  [12800/50000]
loss: 0.262625  [19200/50000]
loss: 0.127249  [25600/50000]
loss: 0.124186  [32000/50000]
loss: 0.190162  [38400/50000]
loss: 0.344968  [44800/50000]
Test Error: 
 Accuracy: 82.8%, Avg loss: 0.566371 

Epoch 9
-------------------------------
loss: 0.059899  [    0/50000]
loss: 0.114323  [ 6400/50000]
loss: 0.135434  [12800/50000]
loss: 0.120206  [19200/50000]
loss: 0.238619  [25600/50000]
loss: 0.284560  [32000/50000]
loss: 0.228525  [38400/50000]
loss: 0.139794  [44800/50000]
Test Error: 
 Accuracy: 84.4%, Avg loss: 0.527468 

Epoch 10
-------------------------------
loss: 0.157352  [    0/50000]
loss: 0.096265  [ 6400/50000]
loss: 0.148927  [12800/50000]
loss: 0.166338  [19200/50000]
loss: 0.102147  [25600/50000]
loss: 0.141277  [32000/50000]
loss: 0.090421  [38400/50000]
loss: 0.171154  [44800/50000]
Test Error: 
 Accuracy: 83.7%, Avg loss: 0.587654 

Epoch 11
-------------------------------
loss: 0.088317  [    0/50000]
loss: 0.051746  [ 6400/50000]
loss: 0.141810  [12800/50000]
loss: 0.071799  [19200/50000]
loss: 0.049492  [25600/50000]
loss: 0.020276  [32000/50000]
loss: 0.113908  [38400/50000]
loss: 0.284438  [44800/50000]
Test Error: 
 Accuracy: 84.1%, Avg loss: 0.596431 

Epoch 12
-------------------------------
loss: 0.072555  [    0/50000]
loss: 0.142087  [ 6400/50000]
loss: 0.035329  [12800/50000]
loss: 0.144839  [19200/50000]
loss: 0.042455  [25600/50000]
loss: 0.108633  [32000/50000]
loss: 0.060724  [38400/50000]
loss: 0.038609  [44800/50000]
Test Error: 
 Accuracy: 85.3%, Avg loss: 0.590485 

Epoch 13
-------------------------------
loss: 0.013031  [    0/50000]
loss: 0.142238  [ 6400/50000]
loss: 0.132102  [12800/50000]
loss: 0.061335  [19200/50000]
loss: 0.096453  [25600/50000]
loss: 0.177460  [32000/50000]
loss: 0.079295  [38400/50000]
loss: 0.052644  [44800/50000]
Test Error: 
 Accuracy: 85.2%, Avg loss: 0.586841 

Epoch 14
-------------------------------
loss: 0.037486  [    0/50000]
loss: 0.021269  [ 6400/50000]
loss: 0.022282  [12800/50000]
loss: 0.024538  [19200/50000]
loss: 0.090322  [25600/50000]
loss: 0.123047  [32000/50000]
loss: 0.058727  [38400/50000]
loss: 0.061298  [44800/50000]
Test Error: 
 Accuracy: 84.0%, Avg loss: 0.657410 

Epoch 15
-------------------------------
loss: 0.029635  [    0/50000]
loss: 0.046689  [ 6400/50000]
loss: 0.011399  [12800/50000]
loss: 0.051848  [19200/50000]
loss: 0.069558  [25600/50000]
loss: 0.106010  [32000/50000]
loss: 0.016477  [38400/50000]
loss: 0.024522  [44800/50000]
Test Error: 
 Accuracy: 85.8%, Avg loss: 0.611439 

Epoch 16
-------------------------------
loss: 0.016383  [    0/50000]
loss: 0.064944  [ 6400/50000]
loss: 0.015271  [12800/50000]
loss: 0.015979  [19200/50000]
loss: 0.010563  [25600/50000]
loss: 0.017631  [32000/50000]
loss: 0.176353  [38400/50000]
loss: 0.022556  [44800/50000]
Test Error: 
 Accuracy: 83.7%, Avg loss: 0.736129 

Epoch 17
-------------------------------
loss: 0.007149  [    0/50000]
loss: 0.088638  [ 6400/50000]
loss: 0.021240  [12800/50000]
loss: 0.035759  [19200/50000]
loss: 0.018243  [25600/50000]
loss: 0.027172  [32000/50000]
loss: 0.006655  [38400/50000]
loss: 0.200287  [44800/50000]
Test Error: 
 Accuracy: 85.3%, Avg loss: 0.653045 

Epoch 18
-------------------------------
loss: 0.004481  [    0/50000]
loss: 0.008706  [ 6400/50000]
loss: 0.025741  [12800/50000]
loss: 0.009525  [19200/50000]
loss: 0.018961  [25600/50000]
loss: 0.054772  [32000/50000]
loss: 0.065383  [38400/50000]
loss: 0.067598  [44800/50000]
Test Error: 
 Accuracy: 84.3%, Avg loss: 0.725493 

Epoch 19
-------------------------------
loss: 0.010298  [    0/50000]
loss: 0.087175  [ 6400/50000]
loss: 0.016345  [12800/50000]
loss: 0.002415  [19200/50000]
loss: 0.031762  [25600/50000]
loss: 0.013307  [32000/50000]
loss: 0.062526  [38400/50000]
loss: 0.038338  [44800/50000]
Test Error: 
 Accuracy: 85.4%, Avg loss: 0.690719 

Epoch 20
-------------------------------
loss: 0.003945  [    0/50000]
loss: 0.122229  [ 6400/50000]
loss: 0.059438  [12800/50000]
loss: 0.011079  [19200/50000]
loss: 0.020889  [25600/50000]
loss: 0.030549  [32000/50000]
loss: 0.061201  [38400/50000]
loss: 0.016410  [44800/50000]
Test Error: 
 Accuracy: 86.4%, Avg loss: 0.672874 

Epoch 21
-------------------------------
loss: 0.036870  [    0/50000]
loss: 0.004987  [ 6400/50000]
loss: 0.003165  [12800/50000]
loss: 0.004656  [19200/50000]
loss: 0.057773  [25600/50000]
loss: 0.049299  [32000/50000]
loss: 0.014951  [38400/50000]
loss: 0.065111  [44800/50000]
Test Error: 
 Accuracy: 84.3%, Avg loss: 0.717767 

Epoch 22
-------------------------------
loss: 0.102725  [    0/50000]
loss: 0.001821  [ 6400/50000]
loss: 0.002468  [12800/50000]
loss: 0.039393  [19200/50000]
loss: 0.013689  [25600/50000]
loss: 0.009736  [32000/50000]
loss: 0.080564  [38400/50000]
loss: 0.019461  [44800/50000]
Test Error: 
 Accuracy: 85.8%, Avg loss: 0.695791 

Epoch 23
-------------------------------
loss: 0.015864  [    0/50000]
loss: 0.003032  [ 6400/50000]
loss: 0.040747  [12800/50000]
loss: 0.013675  [19200/50000]
loss: 0.034599  [25600/50000]
loss: 0.001990  [32000/50000]
loss: 0.006987  [38400/50000]
loss: 0.015229  [44800/50000]
Test Error: 
 Accuracy: 86.4%, Avg loss: 0.675137 

Epoch 24
-------------------------------
loss: 0.003611  [    0/50000]
loss: 0.001307  [ 6400/50000]
loss: 0.005199  [12800/50000]
loss: 0.029054  [19200/50000]
loss: 0.041515  [25600/50000]
loss: 0.051439  [32000/50000]
loss: 0.025376  [38400/50000]
loss: 0.003597  [44800/50000]
Test Error: 
 Accuracy: 84.7%, Avg loss: 0.754557 

Epoch 25
-------------------------------
loss: 0.103636  [    0/50000]
loss: 0.129472  [ 6400/50000]
loss: 0.014142  [12800/50000]
loss: 0.008159  [19200/50000]
loss: 0.013880  [25600/50000]
loss: 0.045686  [32000/50000]
loss: 0.031304  [38400/50000]
loss: 0.012681  [44800/50000]
Test Error: 
 Accuracy: 85.5%, Avg loss: 0.757463 

Epoch 26
-------------------------------
loss: 0.075313  [    0/50000]
loss: 0.034129  [ 6400/50000]
loss: 0.004382  [12800/50000]
loss: 0.021003  [19200/50000]
loss: 0.002093  [25600/50000]
loss: 0.023792  [32000/50000]
loss: 0.003271  [38400/50000]
loss: 0.008254  [44800/50000]
Test Error: 
 Accuracy: 84.6%, Avg loss: 0.818186 

Epoch 27
-------------------------------
loss: 0.014720  [    0/50000]
loss: 0.007987  [ 6400/50000]
loss: 0.024973  [12800/50000]
loss: 0.006104  [19200/50000]
loss: 0.002248  [25600/50000]
loss: 0.038203  [32000/50000]
loss: 0.026196  [38400/50000]
loss: 0.024245  [44800/50000]
Test Error: 
 Accuracy: 86.8%, Avg loss: 0.658146 

Epoch 28
-------------------------------
loss: 0.014200  [    0/50000]
loss: 0.001589  [ 6400/50000]
loss: 0.006681  [12800/50000]
loss: 0.037892  [19200/50000]
loss: 0.097382  [25600/50000]
loss: 0.008558  [32000/50000]
loss: 0.034441  [38400/50000]
loss: 0.016689  [44800/50000]
Test Error: 
 Accuracy: 85.2%, Avg loss: 0.813034 

Epoch 29
-------------------------------
loss: 0.010507  [    0/50000]
loss: 0.002788  [ 6400/50000]
loss: 0.001494  [12800/50000]
loss: 0.018172  [19200/50000]
loss: 0.016264  [25600/50000]
loss: 0.039289  [32000/50000]
loss: 0.008347  [38400/50000]
loss: 0.002799  [44800/50000]
Test Error: 
 Accuracy: 84.4%, Avg loss: 0.808706 

Epoch 30
-------------------------------
loss: 0.005435  [    0/50000]
loss: 0.004524  [ 6400/50000]
loss: 0.001284  [12800/50000]
loss: 0.028439  [19200/50000]
loss: 0.006470  [25600/50000]
loss: 0.019749  [32000/50000]
loss: 0.022110  [38400/50000]
loss: 0.000623  [44800/50000]
Test Error: 
 Accuracy: 86.2%, Avg loss: 0.715393 

Done!
