command config
N= 2
B= [3, 2]
C1= 128
F= [5, 3]
K= [5, 1]
P= 16
number of parameters 4565130
Epoch 1
-------------------------------
loss: 2.392414  [    0/50000]
loss: 1.826513  [ 6400/50000]
loss: 1.609233  [12800/50000]
loss: 1.369518  [19200/50000]
loss: 1.689125  [25600/50000]
loss: 1.419017  [32000/50000]
loss: 1.310750  [38400/50000]
loss: 1.012422  [44800/50000]
Test Error: 
 Accuracy: 50.7%, Avg loss: 1.437927 

Epoch 2
-------------------------------
loss: 1.056401  [    0/50000]
loss: 1.156651  [ 6400/50000]
loss: 0.789924  [12800/50000]
loss: 0.914837  [19200/50000]
loss: 1.109799  [25600/50000]
loss: 0.984580  [32000/50000]
loss: 0.753583  [38400/50000]
loss: 1.172077  [44800/50000]
Test Error: 
 Accuracy: 62.7%, Avg loss: 1.046111 

Epoch 3
-------------------------------
loss: 0.918599  [    0/50000]
loss: 0.713849  [ 6400/50000]
loss: 0.775739  [12800/50000]
loss: 0.851496  [19200/50000]
loss: 0.728426  [25600/50000]
loss: 0.814695  [32000/50000]
loss: 0.675534  [38400/50000]
loss: 0.829150  [44800/50000]
Test Error: 
 Accuracy: 71.3%, Avg loss: 0.803071 

Epoch 4
-------------------------------
loss: 0.547398  [    0/50000]
loss: 0.738959  [ 6400/50000]
loss: 0.577097  [12800/50000]
loss: 0.637485  [19200/50000]
loss: 0.610867  [25600/50000]
loss: 0.678269  [32000/50000]
loss: 0.587928  [38400/50000]
loss: 0.462414  [44800/50000]
Test Error: 
 Accuracy: 73.8%, Avg loss: 0.747216 

Epoch 5
-------------------------------
loss: 0.656766  [    0/50000]
loss: 0.432406  [ 6400/50000]
loss: 0.641644  [12800/50000]
loss: 0.546006  [19200/50000]
loss: 0.911646  [25600/50000]
loss: 0.526033  [32000/50000]
loss: 0.480832  [38400/50000]
loss: 0.460518  [44800/50000]
Test Error: 
 Accuracy: 73.4%, Avg loss: 0.800262 

Epoch 6
-------------------------------
loss: 0.643573  [    0/50000]
loss: 0.417612  [ 6400/50000]
loss: 0.344202  [12800/50000]
loss: 0.363687  [19200/50000]
loss: 0.609083  [25600/50000]
loss: 0.672068  [32000/50000]
loss: 0.462327  [38400/50000]
loss: 0.498153  [44800/50000]
Test Error: 
 Accuracy: 79.2%, Avg loss: 0.627088 

Epoch 7
-------------------------------
loss: 0.468557  [    0/50000]
loss: 0.474496  [ 6400/50000]
loss: 0.375297  [12800/50000]
loss: 0.291040  [19200/50000]
loss: 0.311083  [25600/50000]
loss: 0.405052  [32000/50000]
loss: 0.388657  [38400/50000]
loss: 0.540727  [44800/50000]
Test Error: 
 Accuracy: 76.8%, Avg loss: 0.735174 

Epoch 8
-------------------------------
loss: 0.219483  [    0/50000]
loss: 0.267475  [ 6400/50000]
loss: 0.442520  [12800/50000]
loss: 0.246384  [19200/50000]
loss: 0.374676  [25600/50000]
loss: 0.368784  [32000/50000]
loss: 0.415885  [38400/50000]
loss: 0.389440  [44800/50000]
Test Error: 
 Accuracy: 82.2%, Avg loss: 0.521840 

Epoch 9
-------------------------------
loss: 0.233922  [    0/50000]
loss: 0.389088  [ 6400/50000]
loss: 0.287273  [12800/50000]
loss: 0.229630  [19200/50000]
loss: 0.392006  [25600/50000]
loss: 0.369388  [32000/50000]
loss: 0.290789  [38400/50000]
loss: 0.295618  [44800/50000]
Test Error: 
 Accuracy: 82.6%, Avg loss: 0.529384 

Epoch 10
-------------------------------
loss: 0.229646  [    0/50000]
loss: 0.221856  [ 6400/50000]
loss: 0.312343  [12800/50000]
loss: 0.282542  [19200/50000]
loss: 0.426455  [25600/50000]
loss: 0.263824  [32000/50000]
loss: 0.427020  [38400/50000]
loss: 0.212202  [44800/50000]
Test Error: 
 Accuracy: 83.7%, Avg loss: 0.510163 

Epoch 11
-------------------------------
loss: 0.310345  [    0/50000]
loss: 0.205552  [ 6400/50000]
loss: 0.244920  [12800/50000]
loss: 0.212075  [19200/50000]
loss: 0.349580  [25600/50000]
loss: 0.170190  [32000/50000]
loss: 0.285872  [38400/50000]
loss: 0.467865  [44800/50000]
Test Error: 
 Accuracy: 81.5%, Avg loss: 0.577549 

Epoch 12
-------------------------------
loss: 0.264038  [    0/50000]
loss: 0.211530  [ 6400/50000]
loss: 0.096624  [12800/50000]
loss: 0.196047  [19200/50000]
loss: 0.215953  [25600/50000]
loss: 0.093536  [32000/50000]
loss: 0.380816  [38400/50000]
loss: 0.474653  [44800/50000]
Test Error: 
 Accuracy: 83.4%, Avg loss: 0.537595 

Epoch 13
-------------------------------
loss: 0.165637  [    0/50000]
loss: 0.408139  [ 6400/50000]
loss: 0.157434  [12800/50000]
loss: 0.069940  [19200/50000]
loss: 0.368312  [25600/50000]
loss: 0.203479  [32000/50000]
loss: 0.126609  [38400/50000]
loss: 0.278054  [44800/50000]
Test Error: 
 Accuracy: 84.9%, Avg loss: 0.496912 

Epoch 14
-------------------------------
loss: 0.133579  [    0/50000]
loss: 0.190565  [ 6400/50000]
loss: 0.071274  [12800/50000]
loss: 0.092271  [19200/50000]
loss: 0.304517  [25600/50000]
loss: 0.157359  [32000/50000]
loss: 0.236766  [38400/50000]
loss: 0.049090  [44800/50000]
Test Error: 
 Accuracy: 84.8%, Avg loss: 0.514942 

Epoch 15
-------------------------------
loss: 0.089011  [    0/50000]
loss: 0.242304  [ 6400/50000]
loss: 0.115575  [12800/50000]
loss: 0.152178  [19200/50000]
loss: 0.285690  [25600/50000]
loss: 0.212879  [32000/50000]
loss: 0.128337  [38400/50000]
loss: 0.111736  [44800/50000]
Test Error: 
 Accuracy: 85.5%, Avg loss: 0.506790 

Epoch 16
-------------------------------
loss: 0.100319  [    0/50000]
loss: 0.006546  [ 6400/50000]
loss: 0.060721  [12800/50000]
loss: 0.098221  [19200/50000]
loss: 0.136040  [25600/50000]
loss: 0.049986  [32000/50000]
loss: 0.106897  [38400/50000]
loss: 0.149181  [44800/50000]
Test Error: 
 Accuracy: 84.7%, Avg loss: 0.543970 

Epoch 17
-------------------------------
loss: 0.157774  [    0/50000]
loss: 0.102340  [ 6400/50000]
loss: 0.098444  [12800/50000]
loss: 0.176501  [19200/50000]
loss: 0.069636  [25600/50000]
loss: 0.144313  [32000/50000]
loss: 0.269049  [38400/50000]
loss: 0.093997  [44800/50000]
Test Error: 
 Accuracy: 85.6%, Avg loss: 0.527636 

Epoch 18
-------------------------------
loss: 0.021293  [    0/50000]
loss: 0.148558  [ 6400/50000]
loss: 0.028193  [12800/50000]
loss: 0.084886  [19200/50000]
loss: 0.195268  [25600/50000]
loss: 0.044354  [32000/50000]
loss: 0.111238  [38400/50000]
loss: 0.066883  [44800/50000]
Test Error: 
 Accuracy: 84.3%, Avg loss: 0.589901 

Epoch 19
-------------------------------
loss: 0.035665  [    0/50000]
loss: 0.148149  [ 6400/50000]
loss: 0.056551  [12800/50000]
loss: 0.143127  [19200/50000]
loss: 0.059024  [25600/50000]
loss: 0.082229  [32000/50000]
loss: 0.090775  [38400/50000]
loss: 0.179858  [44800/50000]
Test Error: 
 Accuracy: 86.5%, Avg loss: 0.517816 

Epoch 20
-------------------------------
loss: 0.072291  [    0/50000]
loss: 0.072059  [ 6400/50000]
loss: 0.049178  [12800/50000]
loss: 0.055914  [19200/50000]
loss: 0.073104  [25600/50000]
loss: 0.077035  [32000/50000]
loss: 0.104491  [38400/50000]
loss: 0.115577  [44800/50000]
Test Error: 
 Accuracy: 86.2%, Avg loss: 0.550847 

Epoch 21
-------------------------------
loss: 0.022733  [    0/50000]
loss: 0.022177  [ 6400/50000]
loss: 0.098096  [12800/50000]
loss: 0.055911  [19200/50000]
loss: 0.141957  [25600/50000]
loss: 0.082434  [32000/50000]
loss: 0.047476  [38400/50000]
loss: 0.160857  [44800/50000]
Test Error: 
 Accuracy: 87.2%, Avg loss: 0.518697 

Epoch 22
-------------------------------
loss: 0.108460  [    0/50000]
loss: 0.026123  [ 6400/50000]
loss: 0.076699  [12800/50000]
loss: 0.024921  [19200/50000]
loss: 0.142862  [25600/50000]
loss: 0.011123  [32000/50000]
loss: 0.106853  [38400/50000]
loss: 0.027384  [44800/50000]
Test Error: 
 Accuracy: 84.8%, Avg loss: 0.672308 

Epoch 23
-------------------------------
loss: 0.039883  [    0/50000]
loss: 0.030546  [ 6400/50000]
loss: 0.057957  [12800/50000]
loss: 0.022369  [19200/50000]
loss: 0.005698  [25600/50000]
loss: 0.105994  [32000/50000]
loss: 0.051643  [38400/50000]
loss: 0.013936  [44800/50000]
Test Error: 
 Accuracy: 86.4%, Avg loss: 0.566398 

Epoch 24
-------------------------------
loss: 0.061069  [    0/50000]
loss: 0.070721  [ 6400/50000]
loss: 0.024880  [12800/50000]
loss: 0.054546  [19200/50000]
loss: 0.055387  [25600/50000]
loss: 0.023475  [32000/50000]
loss: 0.020948  [38400/50000]
loss: 0.020426  [44800/50000]
Test Error: 
 Accuracy: 86.8%, Avg loss: 0.579285 

Epoch 25
-------------------------------
loss: 0.034568  [    0/50000]
loss: 0.031255  [ 6400/50000]
loss: 0.046037  [12800/50000]
loss: 0.021250  [19200/50000]
loss: 0.010788  [25600/50000]
loss: 0.156917  [32000/50000]
loss: 0.070561  [38400/50000]
loss: 0.137457  [44800/50000]
Test Error: 
 Accuracy: 84.7%, Avg loss: 0.679203 

Epoch 26
-------------------------------
loss: 0.057807  [    0/50000]
loss: 0.141589  [ 6400/50000]
loss: 0.047738  [12800/50000]
loss: 0.115425  [19200/50000]
loss: 0.039956  [25600/50000]
loss: 0.037682  [32000/50000]
loss: 0.032017  [38400/50000]
loss: 0.067556  [44800/50000]
Test Error: 
 Accuracy: 86.4%, Avg loss: 0.599262 

Epoch 27
-------------------------------
loss: 0.003222  [    0/50000]
loss: 0.032330  [ 6400/50000]
loss: 0.022549  [12800/50000]
loss: 0.012313  [19200/50000]
loss: 0.005972  [25600/50000]
loss: 0.069049  [32000/50000]
loss: 0.131087  [38400/50000]
loss: 0.026991  [44800/50000]
Test Error: 
 Accuracy: 85.5%, Avg loss: 0.645302 

Epoch 28
-------------------------------
loss: 0.040349  [    0/50000]
loss: 0.122042  [ 6400/50000]
loss: 0.059380  [12800/50000]
loss: 0.011631  [19200/50000]
loss: 0.082255  [25600/50000]
loss: 0.062653  [32000/50000]
loss: 0.088501  [38400/50000]
loss: 0.022932  [44800/50000]
Test Error: 
 Accuracy: 87.0%, Avg loss: 0.582538 

Epoch 29
-------------------------------
loss: 0.046680  [    0/50000]
loss: 0.007684  [ 6400/50000]
loss: 0.025044  [12800/50000]
loss: 0.012995  [19200/50000]
loss: 0.010757  [25600/50000]
loss: 0.046529  [32000/50000]
loss: 0.055322  [38400/50000]
loss: 0.021291  [44800/50000]
Test Error: 
 Accuracy: 85.4%, Avg loss: 0.658950 

Epoch 30
-------------------------------
loss: 0.004713  [    0/50000]
loss: 0.005956  [ 6400/50000]
loss: 0.025186  [12800/50000]
loss: 0.027609  [19200/50000]
loss: 0.096948  [25600/50000]
loss: 0.048482  [32000/50000]
loss: 0.005127  [38400/50000]
loss: 0.042764  [44800/50000]
Test Error: 
 Accuracy: 87.1%, Avg loss: 0.631647 

Done!
