command config
N= 3
B= [1, 3, 1]
C1= 64
F= [3, 5, 5]
K= [1, 3, 2]
P= 7
number of parameters 4996938
Epoch 1
-------------------------------
loss: 2.375222  [    0/50000]
loss: 1.589745  [ 6400/50000]
loss: 1.493468  [12800/50000]
loss: 1.175441  [19200/50000]
loss: 1.143488  [25600/50000]
loss: 1.135050  [32000/50000]
loss: 0.937085  [38400/50000]
loss: 0.780464  [44800/50000]
Test Error: 
 Accuracy: 64.5%, Avg loss: 1.005976 

Epoch 2
-------------------------------
loss: 0.856619  [    0/50000]
loss: 0.766672  [ 6400/50000]
loss: 0.910051  [12800/50000]
loss: 0.954599  [19200/50000]
loss: 0.971976  [25600/50000]
loss: 0.582643  [32000/50000]
loss: 0.683705  [38400/50000]
loss: 0.837143  [44800/50000]
Test Error: 
 Accuracy: 72.7%, Avg loss: 0.779460 

Epoch 3
-------------------------------
loss: 0.655646  [    0/50000]
loss: 0.545599  [ 6400/50000]
loss: 0.703045  [12800/50000]
loss: 0.682949  [19200/50000]
loss: 0.618598  [25600/50000]
loss: 0.637818  [32000/50000]
loss: 0.341147  [38400/50000]
loss: 0.506465  [44800/50000]
Test Error: 
 Accuracy: 80.3%, Avg loss: 0.574912 

Epoch 4
-------------------------------
loss: 0.491330  [    0/50000]
loss: 0.552947  [ 6400/50000]
loss: 0.364245  [12800/50000]
loss: 0.408835  [19200/50000]
loss: 0.451849  [25600/50000]
loss: 0.717451  [32000/50000]
loss: 0.702232  [38400/50000]
loss: 0.601354  [44800/50000]
Test Error: 
 Accuracy: 80.3%, Avg loss: 0.581037 

Epoch 5
-------------------------------
loss: 0.274724  [    0/50000]
loss: 0.373378  [ 6400/50000]
loss: 0.290493  [12800/50000]
loss: 0.382307  [19200/50000]
loss: 0.243471  [25600/50000]
loss: 0.537537  [32000/50000]
loss: 0.282952  [38400/50000]
loss: 0.423061  [44800/50000]
Test Error: 
 Accuracy: 82.4%, Avg loss: 0.519834 

Epoch 6
-------------------------------
loss: 0.288150  [    0/50000]
loss: 0.252666  [ 6400/50000]
loss: 0.226603  [12800/50000]
loss: 0.467776  [19200/50000]
loss: 0.390146  [25600/50000]
loss: 0.263661  [32000/50000]
loss: 0.465302  [38400/50000]
loss: 0.524318  [44800/50000]
Test Error: 
 Accuracy: 84.1%, Avg loss: 0.475159 

Epoch 7
-------------------------------
loss: 0.172944  [    0/50000]
loss: 0.160860  [ 6400/50000]
loss: 0.114246  [12800/50000]
loss: 0.158655  [19200/50000]
loss: 0.236434  [25600/50000]
loss: 0.213555  [32000/50000]
loss: 0.351402  [38400/50000]
loss: 0.135991  [44800/50000]
Test Error: 
 Accuracy: 82.1%, Avg loss: 0.577657 

Epoch 8
-------------------------------
loss: 0.143539  [    0/50000]
loss: 0.116465  [ 6400/50000]
loss: 0.129960  [12800/50000]
loss: 0.082446  [19200/50000]
loss: 0.219506  [25600/50000]
loss: 0.168612  [32000/50000]
loss: 0.104282  [38400/50000]
loss: 0.314579  [44800/50000]
Test Error: 
 Accuracy: 84.8%, Avg loss: 0.489826 

Epoch 9
-------------------------------
loss: 0.146293  [    0/50000]
loss: 0.247819  [ 6400/50000]
loss: 0.019650  [12800/50000]
loss: 0.218741  [19200/50000]
loss: 0.121491  [25600/50000]
loss: 0.120302  [32000/50000]
loss: 0.114657  [38400/50000]
loss: 0.239087  [44800/50000]
Test Error: 
 Accuracy: 85.8%, Avg loss: 0.466621 

Epoch 10
-------------------------------
loss: 0.189253  [    0/50000]
loss: 0.107561  [ 6400/50000]
loss: 0.049137  [12800/50000]
loss: 0.196418  [19200/50000]
loss: 0.047806  [25600/50000]
loss: 0.052784  [32000/50000]
loss: 0.168966  [38400/50000]
loss: 0.167114  [44800/50000]
Test Error: 
 Accuracy: 85.9%, Avg loss: 0.487750 

Epoch 11
-------------------------------
loss: 0.091941  [    0/50000]
loss: 0.147115  [ 6400/50000]
loss: 0.100039  [12800/50000]
loss: 0.064198  [19200/50000]
loss: 0.054692  [25600/50000]
loss: 0.067134  [32000/50000]
loss: 0.038173  [38400/50000]
loss: 0.115085  [44800/50000]
Test Error: 
 Accuracy: 86.4%, Avg loss: 0.523965 

Epoch 12
-------------------------------
loss: 0.016611  [    0/50000]
loss: 0.065195  [ 6400/50000]
loss: 0.100281  [12800/50000]
loss: 0.056609  [19200/50000]
loss: 0.015820  [25600/50000]
loss: 0.105187  [32000/50000]
loss: 0.095176  [38400/50000]
loss: 0.086948  [44800/50000]
Test Error: 
 Accuracy: 81.5%, Avg loss: 0.754704 

Epoch 13
-------------------------------
loss: 0.065453  [    0/50000]
loss: 0.093658  [ 6400/50000]
loss: 0.038709  [12800/50000]
loss: 0.007369  [19200/50000]
loss: 0.029084  [25600/50000]
loss: 0.074932  [32000/50000]
loss: 0.033639  [38400/50000]
loss: 0.130898  [44800/50000]
Test Error: 
 Accuracy: 85.3%, Avg loss: 0.577785 

Epoch 14
-------------------------------
loss: 0.058589  [    0/50000]
loss: 0.019261  [ 6400/50000]
loss: 0.116557  [12800/50000]
loss: 0.046933  [19200/50000]
loss: 0.010292  [25600/50000]
loss: 0.010629  [32000/50000]
loss: 0.133563  [38400/50000]
loss: 0.035507  [44800/50000]
Test Error: 
 Accuracy: 85.6%, Avg loss: 0.619531 

Epoch 15
-------------------------------
loss: 0.065366  [    0/50000]
loss: 0.006019  [ 6400/50000]
loss: 0.040153  [12800/50000]
loss: 0.041391  [19200/50000]
loss: 0.003808  [25600/50000]
loss: 0.081836  [32000/50000]
loss: 0.020336  [38400/50000]
loss: 0.106191  [44800/50000]
Test Error: 
 Accuracy: 84.1%, Avg loss: 0.711527 

Epoch 16
-------------------------------
loss: 0.053833  [    0/50000]
loss: 0.052826  [ 6400/50000]
loss: 0.048584  [12800/50000]
loss: 0.024406  [19200/50000]
loss: 0.105567  [25600/50000]
loss: 0.070563  [32000/50000]
loss: 0.097180  [38400/50000]
loss: 0.026768  [44800/50000]
Test Error: 
 Accuracy: 85.5%, Avg loss: 0.651663 

Epoch 17
-------------------------------
loss: 0.001029  [    0/50000]
loss: 0.010083  [ 6400/50000]
loss: 0.029143  [12800/50000]
loss: 0.030858  [19200/50000]
loss: 0.098822  [25600/50000]
loss: 0.040772  [32000/50000]
loss: 0.087037  [38400/50000]
loss: 0.023023  [44800/50000]
Test Error: 
 Accuracy: 86.1%, Avg loss: 0.608975 

Epoch 18
-------------------------------
loss: 0.050655  [    0/50000]
loss: 0.044783  [ 6400/50000]
loss: 0.018703  [12800/50000]
loss: 0.008966  [19200/50000]
loss: 0.006108  [25600/50000]
loss: 0.022207  [32000/50000]
loss: 0.093176  [38400/50000]
loss: 0.041546  [44800/50000]
Test Error: 
 Accuracy: 85.2%, Avg loss: 0.735665 

Epoch 19
-------------------------------
loss: 0.021771  [    0/50000]
loss: 0.026997  [ 6400/50000]
loss: 0.118939  [12800/50000]
loss: 0.066324  [19200/50000]
loss: 0.017976  [25600/50000]
loss: 0.007053  [32000/50000]
loss: 0.031005  [38400/50000]
loss: 0.028668  [44800/50000]
Test Error: 
 Accuracy: 86.7%, Avg loss: 0.637796 

Epoch 20
-------------------------------
loss: 0.002780  [    0/50000]
loss: 0.008761  [ 6400/50000]
loss: 0.008509  [12800/50000]
loss: 0.020506  [19200/50000]
loss: 0.020199  [25600/50000]
loss: 0.017321  [32000/50000]
loss: 0.002137  [38400/50000]
loss: 0.039837  [44800/50000]
Test Error: 
 Accuracy: 85.5%, Avg loss: 0.760473 

Epoch 21
-------------------------------
loss: 0.030379  [    0/50000]
loss: 0.048620  [ 6400/50000]
loss: 0.003598  [12800/50000]
loss: 0.016351  [19200/50000]
loss: 0.015339  [25600/50000]
loss: 0.100169  [32000/50000]
loss: 0.047160  [38400/50000]
loss: 0.045121  [44800/50000]
Test Error: 
 Accuracy: 86.2%, Avg loss: 0.665775 

Epoch 22
-------------------------------
loss: 0.021340  [    0/50000]
loss: 0.012246  [ 6400/50000]
loss: 0.002199  [12800/50000]
loss: 0.030128  [19200/50000]
loss: 0.049860  [25600/50000]
loss: 0.002433  [32000/50000]
loss: 0.081621  [38400/50000]
loss: 0.052984  [44800/50000]
Test Error: 
 Accuracy: 86.7%, Avg loss: 0.620397 

Epoch 23
-------------------------------
loss: 0.005419  [    0/50000]
loss: 0.012457  [ 6400/50000]
loss: 0.000475  [12800/50000]
loss: 0.001726  [19200/50000]
loss: 0.042682  [25600/50000]
loss: 0.004859  [32000/50000]
loss: 0.008974  [38400/50000]
loss: 0.069506  [44800/50000]
Test Error: 
 Accuracy: 87.2%, Avg loss: 0.618089 

Epoch 24
-------------------------------
loss: 0.002733  [    0/50000]
loss: 0.003198  [ 6400/50000]
loss: 0.009453  [12800/50000]
loss: 0.033820  [19200/50000]
loss: 0.002564  [25600/50000]
loss: 0.007292  [32000/50000]
loss: 0.012819  [38400/50000]
loss: 0.008704  [44800/50000]
Test Error: 
 Accuracy: 87.1%, Avg loss: 0.633983 

Epoch 25
-------------------------------
loss: 0.002310  [    0/50000]
loss: 0.003296  [ 6400/50000]
loss: 0.011153  [12800/50000]
loss: 0.040989  [19200/50000]
loss: 0.032261  [25600/50000]
loss: 0.024877  [32000/50000]
loss: 0.008585  [38400/50000]
loss: 0.001269  [44800/50000]
Test Error: 
 Accuracy: 87.9%, Avg loss: 0.646141 

Epoch 26
-------------------------------
loss: 0.005276  [    0/50000]
loss: 0.002515  [ 6400/50000]
loss: 0.020762  [12800/50000]
loss: 0.023190  [19200/50000]
loss: 0.008708  [25600/50000]
loss: 0.022026  [32000/50000]
loss: 0.037110  [38400/50000]
loss: 0.024446  [44800/50000]
Test Error: 
 Accuracy: 86.4%, Avg loss: 0.687180 

Epoch 27
-------------------------------
loss: 0.002005  [    0/50000]
loss: 0.028052  [ 6400/50000]
loss: 0.031101  [12800/50000]
loss: 0.049695  [19200/50000]
loss: 0.034297  [25600/50000]
loss: 0.053875  [32000/50000]
loss: 0.001429  [38400/50000]
loss: 0.060872  [44800/50000]
Test Error: 
 Accuracy: 85.0%, Avg loss: 0.779318 

Epoch 28
-------------------------------
loss: 0.036572  [    0/50000]
loss: 0.000800  [ 6400/50000]
loss: 0.013892  [12800/50000]
loss: 0.035171  [19200/50000]
loss: 0.008454  [25600/50000]
loss: 0.015058  [32000/50000]
loss: 0.057717  [38400/50000]
loss: 0.009591  [44800/50000]
Test Error: 
 Accuracy: 86.5%, Avg loss: 0.655236 

Epoch 29
-------------------------------
loss: 0.019470  [    0/50000]
loss: 0.198222  [ 6400/50000]
loss: 0.009142  [12800/50000]
loss: 0.001722  [19200/50000]
loss: 0.000529  [25600/50000]
loss: 0.013591  [32000/50000]
loss: 0.031454  [38400/50000]
loss: 0.000180  [44800/50000]
Test Error: 
 Accuracy: 86.8%, Avg loss: 0.703926 

Epoch 30
-------------------------------
loss: 0.001533  [    0/50000]
loss: 0.020523  [ 6400/50000]
loss: 0.003876  [12800/50000]
loss: 0.024660  [19200/50000]
loss: 0.002891  [25600/50000]
loss: 0.003700  [32000/50000]
loss: 0.034165  [38400/50000]
loss: 0.013768  [44800/50000]
Test Error: 
 Accuracy: 84.5%, Avg loss: 0.858304 

Done!
