command config
N= 3
B= [2, 4, 3]
C1= 64
F= [3, 3, 3]
K= [1, 1, 1]
P= 8
number of parameters 4549194
Epoch 1
-------------------------------
loss: 2.371116  [    0/50000]
loss: 1.571301  [ 6400/50000]
loss: 1.461432  [12800/50000]
loss: 1.270817  [19200/50000]
loss: 1.431407  [25600/50000]
loss: 0.982874  [32000/50000]
loss: 1.009856  [38400/50000]
loss: 1.014107  [44800/50000]
Test Error: 
 Accuracy: 57.9%, Avg loss: 1.221572 

Epoch 2
-------------------------------
loss: 0.847673  [    0/50000]
loss: 1.013920  [ 6400/50000]
loss: 0.905377  [12800/50000]
loss: 1.058954  [19200/50000]
loss: 0.774408  [25600/50000]
loss: 0.805152  [32000/50000]
loss: 1.101645  [38400/50000]
loss: 0.837302  [44800/50000]
Test Error: 
 Accuracy: 66.0%, Avg loss: 0.974400 

Epoch 3
-------------------------------
loss: 0.674558  [    0/50000]
loss: 0.609040  [ 6400/50000]
loss: 0.502853  [12800/50000]
loss: 0.713140  [19200/50000]
loss: 0.389295  [25600/50000]
loss: 0.443224  [32000/50000]
loss: 0.622921  [38400/50000]
loss: 0.773397  [44800/50000]
Test Error: 
 Accuracy: 77.6%, Avg loss: 0.647819 

Epoch 4
-------------------------------
loss: 0.618335  [    0/50000]
loss: 0.526584  [ 6400/50000]
loss: 0.435084  [12800/50000]
loss: 0.703747  [19200/50000]
loss: 0.635171  [25600/50000]
loss: 0.371901  [32000/50000]
loss: 0.527605  [38400/50000]
loss: 0.556785  [44800/50000]
Test Error: 
 Accuracy: 80.0%, Avg loss: 0.580062 

Epoch 5
-------------------------------
loss: 0.512855  [    0/50000]
loss: 0.430553  [ 6400/50000]
loss: 0.356384  [12800/50000]
loss: 0.319174  [19200/50000]
loss: 0.438677  [25600/50000]
loss: 0.607996  [32000/50000]
loss: 0.383292  [38400/50000]
loss: 0.242617  [44800/50000]
Test Error: 
 Accuracy: 81.4%, Avg loss: 0.543176 

Epoch 6
-------------------------------
loss: 0.420442  [    0/50000]
loss: 0.234180  [ 6400/50000]
loss: 0.539112  [12800/50000]
loss: 0.285194  [19200/50000]
loss: 0.416360  [25600/50000]
loss: 0.429528  [32000/50000]
loss: 0.229143  [38400/50000]
loss: 0.350486  [44800/50000]
Test Error: 
 Accuracy: 82.1%, Avg loss: 0.529855 

Epoch 7
-------------------------------
loss: 0.429082  [    0/50000]
loss: 0.412401  [ 6400/50000]
loss: 0.268546  [12800/50000]
loss: 0.172448  [19200/50000]
loss: 0.219531  [25600/50000]
loss: 0.342715  [32000/50000]
loss: 0.399905  [38400/50000]
loss: 0.315626  [44800/50000]
Test Error: 
 Accuracy: 82.3%, Avg loss: 0.528600 

Epoch 8
-------------------------------
loss: 0.205911  [    0/50000]
loss: 0.350269  [ 6400/50000]
loss: 0.202657  [12800/50000]
loss: 0.193972  [19200/50000]
loss: 0.197534  [25600/50000]
loss: 0.263804  [32000/50000]
loss: 0.249155  [38400/50000]
loss: 0.202061  [44800/50000]
Test Error: 
 Accuracy: 84.5%, Avg loss: 0.484960 

Epoch 9
-------------------------------
loss: 0.221043  [    0/50000]
loss: 0.126260  [ 6400/50000]
loss: 0.176338  [12800/50000]
loss: 0.132751  [19200/50000]
loss: 0.180784  [25600/50000]
loss: 0.212653  [32000/50000]
loss: 0.415287  [38400/50000]
loss: 0.205392  [44800/50000]
Test Error: 
 Accuracy: 82.9%, Avg loss: 0.553822 

Epoch 10
-------------------------------
loss: 0.159644  [    0/50000]
loss: 0.132601  [ 6400/50000]
loss: 0.022966  [12800/50000]
loss: 0.111142  [19200/50000]
loss: 0.188613  [25600/50000]
loss: 0.210521  [32000/50000]
loss: 0.362871  [38400/50000]
loss: 0.199814  [44800/50000]
Test Error: 
 Accuracy: 83.4%, Avg loss: 0.576876 

Epoch 11
-------------------------------
loss: 0.097574  [    0/50000]
loss: 0.115409  [ 6400/50000]
loss: 0.125711  [12800/50000]
loss: 0.043923  [19200/50000]
loss: 0.111100  [25600/50000]
loss: 0.056501  [32000/50000]
loss: 0.188361  [38400/50000]
loss: 0.164735  [44800/50000]
Test Error: 
 Accuracy: 85.4%, Avg loss: 0.488249 

Epoch 12
-------------------------------
loss: 0.058683  [    0/50000]
loss: 0.138646  [ 6400/50000]
loss: 0.051020  [12800/50000]
loss: 0.091090  [19200/50000]
loss: 0.127746  [25600/50000]
loss: 0.201506  [32000/50000]
loss: 0.057934  [38400/50000]
loss: 0.036486  [44800/50000]
Test Error: 
 Accuracy: 83.7%, Avg loss: 0.626751 

Epoch 13
-------------------------------
loss: 0.114474  [    0/50000]
loss: 0.102514  [ 6400/50000]
loss: 0.034115  [12800/50000]
loss: 0.023548  [19200/50000]
loss: 0.042161  [25600/50000]
loss: 0.156528  [32000/50000]
loss: 0.086110  [38400/50000]
loss: 0.145584  [44800/50000]
Test Error: 
 Accuracy: 85.7%, Avg loss: 0.570892 

Epoch 14
-------------------------------
loss: 0.017198  [    0/50000]
loss: 0.019828  [ 6400/50000]
loss: 0.024085  [12800/50000]
loss: 0.024302  [19200/50000]
loss: 0.100687  [25600/50000]
loss: 0.059006  [32000/50000]
loss: 0.053275  [38400/50000]
loss: 0.064287  [44800/50000]
Test Error: 
 Accuracy: 85.4%, Avg loss: 0.584194 

Epoch 15
-------------------------------
loss: 0.038357  [    0/50000]
loss: 0.044367  [ 6400/50000]
loss: 0.030389  [12800/50000]
loss: 0.026806  [19200/50000]
loss: 0.153603  [25600/50000]
loss: 0.110017  [32000/50000]
loss: 0.069395  [38400/50000]
loss: 0.063198  [44800/50000]
Test Error: 
 Accuracy: 83.9%, Avg loss: 0.708278 

Epoch 16
-------------------------------
loss: 0.051812  [    0/50000]
loss: 0.047111  [ 6400/50000]
loss: 0.023330  [12800/50000]
loss: 0.012556  [19200/50000]
loss: 0.053919  [25600/50000]
loss: 0.118308  [32000/50000]
loss: 0.110415  [38400/50000]
loss: 0.092434  [44800/50000]
Test Error: 
 Accuracy: 86.1%, Avg loss: 0.549975 

Epoch 17
-------------------------------
loss: 0.006716  [    0/50000]
loss: 0.051712  [ 6400/50000]
loss: 0.173165  [12800/50000]
loss: 0.028559  [19200/50000]
loss: 0.045196  [25600/50000]
loss: 0.024982  [32000/50000]
loss: 0.020700  [38400/50000]
loss: 0.135389  [44800/50000]
Test Error: 
 Accuracy: 86.1%, Avg loss: 0.582595 

Epoch 18
-------------------------------
loss: 0.021623  [    0/50000]
loss: 0.047373  [ 6400/50000]
loss: 0.090678  [12800/50000]
loss: 0.006456  [19200/50000]
loss: 0.015038  [25600/50000]
loss: 0.081313  [32000/50000]
loss: 0.012581  [38400/50000]
loss: 0.094775  [44800/50000]
Test Error: 
 Accuracy: 85.8%, Avg loss: 0.665433 

Epoch 19
-------------------------------
loss: 0.049545  [    0/50000]
loss: 0.055576  [ 6400/50000]
loss: 0.055493  [12800/50000]
loss: 0.005414  [19200/50000]
loss: 0.010560  [25600/50000]
loss: 0.062989  [32000/50000]
loss: 0.052635  [38400/50000]
loss: 0.049528  [44800/50000]
Test Error: 
 Accuracy: 85.7%, Avg loss: 0.644626 

Epoch 20
-------------------------------
loss: 0.025234  [    0/50000]
loss: 0.022910  [ 6400/50000]
loss: 0.045265  [12800/50000]
loss: 0.003145  [19200/50000]
loss: 0.014536  [25600/50000]
loss: 0.041989  [32000/50000]
loss: 0.035510  [38400/50000]
loss: 0.071487  [44800/50000]
Test Error: 
 Accuracy: 83.7%, Avg loss: 0.776210 

Epoch 21
-------------------------------
loss: 0.067943  [    0/50000]
loss: 0.048563  [ 6400/50000]
loss: 0.028797  [12800/50000]
loss: 0.034451  [19200/50000]
loss: 0.040604  [25600/50000]
loss: 0.005669  [32000/50000]
loss: 0.039045  [38400/50000]
loss: 0.048771  [44800/50000]
Test Error: 
 Accuracy: 85.0%, Avg loss: 0.735034 

Epoch 22
-------------------------------
loss: 0.151415  [    0/50000]
loss: 0.010894  [ 6400/50000]
loss: 0.008406  [12800/50000]
loss: 0.070227  [19200/50000]
loss: 0.045810  [25600/50000]
loss: 0.061109  [32000/50000]
loss: 0.091800  [38400/50000]
loss: 0.052322  [44800/50000]
Test Error: 
 Accuracy: 85.4%, Avg loss: 0.692307 

Epoch 23
-------------------------------
loss: 0.024272  [    0/50000]
loss: 0.021298  [ 6400/50000]
loss: 0.056648  [12800/50000]
loss: 0.004012  [19200/50000]
loss: 0.008088  [25600/50000]
loss: 0.003343  [32000/50000]
loss: 0.010819  [38400/50000]
loss: 0.063749  [44800/50000]
Test Error: 
 Accuracy: 84.3%, Avg loss: 0.755272 

Epoch 24
-------------------------------
loss: 0.052517  [    0/50000]
loss: 0.051660  [ 6400/50000]
loss: 0.073233  [12800/50000]
loss: 0.016954  [19200/50000]
loss: 0.015626  [25600/50000]
loss: 0.044902  [32000/50000]
loss: 0.058242  [38400/50000]
loss: 0.087223  [44800/50000]
Test Error: 
 Accuracy: 84.9%, Avg loss: 0.781528 

Epoch 25
-------------------------------
loss: 0.031430  [    0/50000]
loss: 0.008869  [ 6400/50000]
loss: 0.021258  [12800/50000]
loss: 0.008005  [19200/50000]
loss: 0.016165  [25600/50000]
loss: 0.007972  [32000/50000]
loss: 0.006426  [38400/50000]
loss: 0.028634  [44800/50000]
Test Error: 
 Accuracy: 86.1%, Avg loss: 0.678743 

Epoch 26
-------------------------------
loss: 0.034236  [    0/50000]
loss: 0.007710  [ 6400/50000]
loss: 0.026673  [12800/50000]
loss: 0.028948  [19200/50000]
loss: 0.017412  [25600/50000]
loss: 0.272864  [32000/50000]
loss: 0.018650  [38400/50000]
loss: 0.004733  [44800/50000]
Test Error: 
 Accuracy: 85.0%, Avg loss: 0.792506 

Epoch 27
-------------------------------
loss: 0.053333  [    0/50000]
loss: 0.009653  [ 6400/50000]
loss: 0.020430  [12800/50000]
loss: 0.024833  [19200/50000]
loss: 0.002261  [25600/50000]
loss: 0.033308  [32000/50000]
loss: 0.009031  [38400/50000]
loss: 0.005031  [44800/50000]
Test Error: 
 Accuracy: 85.4%, Avg loss: 0.789799 

Epoch 28
-------------------------------
loss: 0.002356  [    0/50000]
loss: 0.056434  [ 6400/50000]
loss: 0.051967  [12800/50000]
loss: 0.053710  [19200/50000]
loss: 0.002360  [25600/50000]
loss: 0.006908  [32000/50000]
loss: 0.067000  [38400/50000]
loss: 0.076875  [44800/50000]
Test Error: 
 Accuracy: 86.0%, Avg loss: 0.708939 

Epoch 29
-------------------------------
loss: 0.060531  [    0/50000]
loss: 0.007106  [ 6400/50000]
loss: 0.002943  [12800/50000]
loss: 0.007405  [19200/50000]
loss: 0.015229  [25600/50000]
loss: 0.008666  [32000/50000]
loss: 0.210287  [38400/50000]
loss: 0.001899  [44800/50000]
Test Error: 
 Accuracy: 86.4%, Avg loss: 0.679704 

Epoch 30
-------------------------------
loss: 0.053117  [    0/50000]
loss: 0.057851  [ 6400/50000]
loss: 0.004371  [12800/50000]
loss: 0.016413  [19200/50000]
loss: 0.010766  [25600/50000]
loss: 0.032861  [32000/50000]
loss: 0.024721  [38400/50000]
loss: 0.057038  [44800/50000]
Test Error: 
 Accuracy: 86.1%, Avg loss: 0.737590 

Done!
