command config
N= 4
B= [2, 1, 1, 1]
C1= 64
F= [3, 3, 3, 3]
K= [1, 1, 1, 1]
P= 4
number of parameters 4977226
Epoch 1
-------------------------------
loss: 2.335254  [    0/50000]
loss: 1.631169  [ 6400/50000]
loss: 1.398854  [12800/50000]
loss: 1.316433  [19200/50000]
loss: 1.143847  [25600/50000]
loss: 1.263278  [32000/50000]
loss: 1.272648  [38400/50000]
loss: 1.083183  [44800/50000]
Test Error: 
 Accuracy: 66.6%, Avg loss: 0.959592 

Epoch 2
-------------------------------
loss: 0.753986  [    0/50000]
loss: 0.814459  [ 6400/50000]
loss: 0.894793  [12800/50000]
loss: 0.846414  [19200/50000]
loss: 0.885293  [25600/50000]
loss: 0.712055  [32000/50000]
loss: 0.780875  [38400/50000]
loss: 0.739542  [44800/50000]
Test Error: 
 Accuracy: 73.8%, Avg loss: 0.759683 

Epoch 3
-------------------------------
loss: 0.556439  [    0/50000]
loss: 0.456858  [ 6400/50000]
loss: 0.637134  [12800/50000]
loss: 0.657593  [19200/50000]
loss: 0.422847  [25600/50000]
loss: 0.576323  [32000/50000]
loss: 0.690132  [38400/50000]
loss: 0.459007  [44800/50000]
Test Error: 
 Accuracy: 75.4%, Avg loss: 0.707092 

Epoch 4
-------------------------------
loss: 0.594008  [    0/50000]
loss: 0.582412  [ 6400/50000]
loss: 0.599847  [12800/50000]
loss: 0.581225  [19200/50000]
loss: 0.538674  [25600/50000]
loss: 0.330760  [32000/50000]
loss: 0.324839  [38400/50000]
loss: 0.396326  [44800/50000]
Test Error: 
 Accuracy: 80.3%, Avg loss: 0.581747 

Epoch 5
-------------------------------
loss: 0.243150  [    0/50000]
loss: 0.236995  [ 6400/50000]
loss: 0.314570  [12800/50000]
loss: 0.260719  [19200/50000]
loss: 0.373056  [25600/50000]
loss: 0.492146  [32000/50000]
loss: 0.254609  [38400/50000]
loss: 0.198687  [44800/50000]
Test Error: 
 Accuracy: 80.8%, Avg loss: 0.591415 

Epoch 6
-------------------------------
loss: 0.221940  [    0/50000]
loss: 0.101979  [ 6400/50000]
loss: 0.249946  [12800/50000]
loss: 0.311603  [19200/50000]
loss: 0.331861  [25600/50000]
loss: 0.305719  [32000/50000]
loss: 0.318071  [38400/50000]
loss: 0.300638  [44800/50000]
Test Error: 
 Accuracy: 78.4%, Avg loss: 0.732978 

Epoch 7
-------------------------------
loss: 0.154907  [    0/50000]
loss: 0.145096  [ 6400/50000]
loss: 0.159641  [12800/50000]
loss: 0.308599  [19200/50000]
loss: 0.150520  [25600/50000]
loss: 0.122172  [32000/50000]
loss: 0.163416  [38400/50000]
loss: 0.067931  [44800/50000]
Test Error: 
 Accuracy: 82.8%, Avg loss: 0.624005 

Epoch 8
-------------------------------
loss: 0.063390  [    0/50000]
loss: 0.098256  [ 6400/50000]
loss: 0.075068  [12800/50000]
loss: 0.119958  [19200/50000]
loss: 0.126043  [25600/50000]
loss: 0.157031  [32000/50000]
loss: 0.132835  [38400/50000]
loss: 0.171229  [44800/50000]
Test Error: 
 Accuracy: 81.0%, Avg loss: 0.701773 

Epoch 9
-------------------------------
loss: 0.046591  [    0/50000]
loss: 0.071056  [ 6400/50000]
loss: 0.049238  [12800/50000]
loss: 0.078566  [19200/50000]
loss: 0.065592  [25600/50000]
loss: 0.115171  [32000/50000]
loss: 0.105601  [38400/50000]
loss: 0.136963  [44800/50000]
Test Error: 
 Accuracy: 81.6%, Avg loss: 0.772092 

Epoch 10
-------------------------------
loss: 0.069721  [    0/50000]
loss: 0.019510  [ 6400/50000]
loss: 0.049426  [12800/50000]
loss: 0.032132  [19200/50000]
loss: 0.072355  [25600/50000]
loss: 0.074558  [32000/50000]
loss: 0.079649  [38400/50000]
loss: 0.244395  [44800/50000]
Test Error: 
 Accuracy: 81.6%, Avg loss: 0.774899 

Epoch 11
-------------------------------
loss: 0.041127  [    0/50000]
loss: 0.077586  [ 6400/50000]
loss: 0.029705  [12800/50000]
loss: 0.013604  [19200/50000]
loss: 0.057105  [25600/50000]
loss: 0.224606  [32000/50000]
loss: 0.153329  [38400/50000]
loss: 0.115773  [44800/50000]
Test Error: 
 Accuracy: 82.1%, Avg loss: 0.757950 

Epoch 12
-------------------------------
loss: 0.076390  [    0/50000]
loss: 0.053913  [ 6400/50000]
loss: 0.028099  [12800/50000]
loss: 0.044988  [19200/50000]
loss: 0.067480  [25600/50000]
loss: 0.034606  [32000/50000]
loss: 0.083493  [38400/50000]
loss: 0.058185  [44800/50000]
Test Error: 
 Accuracy: 82.7%, Avg loss: 0.823838 

Epoch 13
-------------------------------
loss: 0.096668  [    0/50000]
loss: 0.151171  [ 6400/50000]
loss: 0.061566  [12800/50000]
loss: 0.008617  [19200/50000]
loss: 0.006007  [25600/50000]
loss: 0.056859  [32000/50000]
loss: 0.080436  [38400/50000]
loss: 0.117679  [44800/50000]
Test Error: 
 Accuracy: 83.3%, Avg loss: 0.775344 

Epoch 14
-------------------------------
loss: 0.016395  [    0/50000]
loss: 0.008292  [ 6400/50000]
loss: 0.033876  [12800/50000]
loss: 0.037940  [19200/50000]
loss: 0.013840  [25600/50000]
loss: 0.001065  [32000/50000]
loss: 0.030320  [38400/50000]
loss: 0.067612  [44800/50000]
Test Error: 
 Accuracy: 82.4%, Avg loss: 0.815193 

Epoch 15
-------------------------------
loss: 0.003262  [    0/50000]
loss: 0.005146  [ 6400/50000]
loss: 0.029662  [12800/50000]
loss: 0.033409  [19200/50000]
loss: 0.037188  [25600/50000]
loss: 0.063458  [32000/50000]
loss: 0.108964  [38400/50000]
loss: 0.203050  [44800/50000]
Test Error: 
 Accuracy: 81.9%, Avg loss: 0.878907 

Epoch 16
-------------------------------
loss: 0.014796  [    0/50000]
loss: 0.006648  [ 6400/50000]
loss: 0.007617  [12800/50000]
loss: 0.056820  [19200/50000]
loss: 0.021513  [25600/50000]
loss: 0.031889  [32000/50000]
loss: 0.003037  [38400/50000]
loss: 0.138834  [44800/50000]
Test Error: 
 Accuracy: 82.6%, Avg loss: 0.873878 

Epoch 17
-------------------------------
loss: 0.043325  [    0/50000]
loss: 0.013971  [ 6400/50000]
loss: 0.061584  [12800/50000]
loss: 0.020587  [19200/50000]
loss: 0.055813  [25600/50000]
loss: 0.131924  [32000/50000]
loss: 0.023612  [38400/50000]
loss: 0.035171  [44800/50000]
Test Error: 
 Accuracy: 82.5%, Avg loss: 0.851675 

Epoch 18
-------------------------------
loss: 0.007876  [    0/50000]
loss: 0.016370  [ 6400/50000]
loss: 0.022464  [12800/50000]
loss: 0.007577  [19200/50000]
loss: 0.011590  [25600/50000]
loss: 0.077346  [32000/50000]
loss: 0.041253  [38400/50000]
loss: 0.033046  [44800/50000]
Test Error: 
 Accuracy: 82.7%, Avg loss: 0.901226 

Epoch 19
-------------------------------
loss: 0.002924  [    0/50000]
loss: 0.001799  [ 6400/50000]
loss: 0.005449  [12800/50000]
loss: 0.006902  [19200/50000]
loss: 0.060145  [25600/50000]
loss: 0.042550  [32000/50000]
loss: 0.091378  [38400/50000]
loss: 0.015533  [44800/50000]
Test Error: 
 Accuracy: 83.7%, Avg loss: 0.855713 

Epoch 20
-------------------------------
loss: 0.012100  [    0/50000]
loss: 0.002021  [ 6400/50000]
loss: 0.000490  [12800/50000]
loss: 0.001123  [19200/50000]
loss: 0.018546  [25600/50000]
loss: 0.022418  [32000/50000]
loss: 0.022226  [38400/50000]
loss: 0.011623  [44800/50000]
Test Error: 
 Accuracy: 82.6%, Avg loss: 0.940145 

Epoch 21
-------------------------------
loss: 0.009223  [    0/50000]
loss: 0.136617  [ 6400/50000]
loss: 0.024840  [12800/50000]
loss: 0.009713  [19200/50000]
loss: 0.028906  [25600/50000]
loss: 0.014239  [32000/50000]
loss: 0.037116  [38400/50000]
loss: 0.062338  [44800/50000]
Test Error: 
 Accuracy: 83.4%, Avg loss: 0.861889 

Epoch 22
-------------------------------
loss: 0.004650  [    0/50000]
loss: 0.020390  [ 6400/50000]
loss: 0.046637  [12800/50000]
loss: 0.025464  [19200/50000]
loss: 0.006162  [25600/50000]
loss: 0.031726  [32000/50000]
loss: 0.003188  [38400/50000]
loss: 0.081123  [44800/50000]
Test Error: 
 Accuracy: 83.2%, Avg loss: 0.941074 

Epoch 23
-------------------------------
loss: 0.001032  [    0/50000]
loss: 0.022401  [ 6400/50000]
loss: 0.002895  [12800/50000]
loss: 0.002080  [19200/50000]
loss: 0.014577  [25600/50000]
loss: 0.008231  [32000/50000]
loss: 0.019786  [38400/50000]
loss: 0.017296  [44800/50000]
Test Error: 
 Accuracy: 82.4%, Avg loss: 0.947511 

Epoch 24
-------------------------------
loss: 0.040877  [    0/50000]
loss: 0.033950  [ 6400/50000]
loss: 0.008201  [12800/50000]
loss: 0.027163  [19200/50000]
loss: 0.004529  [25600/50000]
loss: 0.004556  [32000/50000]
loss: 0.004706  [38400/50000]
loss: 0.003639  [44800/50000]
Test Error: 
 Accuracy: 82.9%, Avg loss: 0.958286 

Epoch 25
-------------------------------
loss: 0.012237  [    0/50000]
loss: 0.051181  [ 6400/50000]
loss: 0.013926  [12800/50000]
loss: 0.013660  [19200/50000]
loss: 0.001921  [25600/50000]
loss: 0.005290  [32000/50000]
loss: 0.001712  [38400/50000]
loss: 0.092577  [44800/50000]
Test Error: 
 Accuracy: 83.2%, Avg loss: 0.982188 

Epoch 26
-------------------------------
loss: 0.007590  [    0/50000]
loss: 0.056207  [ 6400/50000]
loss: 0.086147  [12800/50000]
loss: 0.108002  [19200/50000]
loss: 0.029228  [25600/50000]
loss: 0.026542  [32000/50000]
loss: 0.047131  [38400/50000]
loss: 0.007268  [44800/50000]
Test Error: 
 Accuracy: 83.2%, Avg loss: 0.962918 

Epoch 27
-------------------------------
loss: 0.001161  [    0/50000]
loss: 0.048254  [ 6400/50000]
loss: 0.003150  [12800/50000]
loss: 0.001064  [19200/50000]
loss: 0.116217  [25600/50000]
loss: 0.004666  [32000/50000]
loss: 0.059932  [38400/50000]
loss: 0.000373  [44800/50000]
Test Error: 
 Accuracy: 83.5%, Avg loss: 0.903619 

Epoch 28
-------------------------------
loss: 0.016027  [    0/50000]
loss: 0.005156  [ 6400/50000]
loss: 0.003788  [12800/50000]
loss: 0.010998  [19200/50000]
loss: 0.010791  [25600/50000]
loss: 0.018910  [32000/50000]
loss: 0.004735  [38400/50000]
loss: 0.025833  [44800/50000]
Test Error: 
 Accuracy: 83.0%, Avg loss: 1.008239 

Epoch 29
-------------------------------
loss: 0.001780  [    0/50000]
loss: 0.039063  [ 6400/50000]
loss: 0.006259  [12800/50000]
loss: 0.002759  [19200/50000]
loss: 0.039112  [25600/50000]
loss: 0.000737  [32000/50000]
loss: 0.006526  [38400/50000]
loss: 0.005403  [44800/50000]
Test Error: 
 Accuracy: 82.8%, Avg loss: 0.944050 

Epoch 30
-------------------------------
loss: 0.000719  [    0/50000]
loss: 0.000977  [ 6400/50000]
loss: 0.032217  [12800/50000]
loss: 0.014434  [19200/50000]
loss: 0.045921  [25600/50000]
loss: 0.015243  [32000/50000]
loss: 0.133054  [38400/50000]
loss: 0.014277  [44800/50000]
Test Error: 
 Accuracy: 83.2%, Avg loss: 0.979149 

Done!
