command config
N= 2
B= [1, 4]
C1= 128
F= [3, 3]
K= [1, 1]
P= 16
number of parameters 4762762
Epoch 1
-------------------------------
loss: 2.799038  [    0/50000]
loss: 1.820630  [ 6400/50000]
loss: 1.354700  [12800/50000]
loss: 1.494357  [19200/50000]
loss: 1.302431  [25600/50000]
loss: 1.066199  [32000/50000]
loss: 1.325896  [38400/50000]
loss: 0.998233  [44800/50000]
Test Error: 
 Accuracy: 48.3%, Avg loss: 1.526368 

Epoch 2
-------------------------------
loss: 0.880825  [    0/50000]
loss: 1.073792  [ 6400/50000]
loss: 0.927573  [12800/50000]
loss: 0.853020  [19200/50000]
loss: 1.025247  [25600/50000]
loss: 0.887478  [32000/50000]
loss: 0.716128  [38400/50000]
loss: 1.094875  [44800/50000]
Test Error: 
 Accuracy: 63.8%, Avg loss: 1.063774 

Epoch 3
-------------------------------
loss: 0.745245  [    0/50000]
loss: 0.684307  [ 6400/50000]
loss: 0.833503  [12800/50000]
loss: 0.657455  [19200/50000]
loss: 0.572150  [25600/50000]
loss: 0.557390  [32000/50000]
loss: 0.879461  [38400/50000]
loss: 1.007571  [44800/50000]
Test Error: 
 Accuracy: 72.9%, Avg loss: 0.831934 

Epoch 4
-------------------------------
loss: 0.565272  [    0/50000]
loss: 0.671899  [ 6400/50000]
loss: 0.546992  [12800/50000]
loss: 0.790294  [19200/50000]
loss: 0.420904  [25600/50000]
loss: 0.621015  [32000/50000]
loss: 0.647381  [38400/50000]
loss: 0.705217  [44800/50000]
Test Error: 
 Accuracy: 78.7%, Avg loss: 0.631872 

Epoch 5
-------------------------------
loss: 0.515815  [    0/50000]
loss: 0.667399  [ 6400/50000]
loss: 0.415132  [12800/50000]
loss: 0.519029  [19200/50000]
loss: 0.494567  [25600/50000]
loss: 0.536920  [32000/50000]
loss: 0.454213  [38400/50000]
loss: 0.412409  [44800/50000]
Test Error: 
 Accuracy: 76.9%, Avg loss: 0.687600 

Epoch 6
-------------------------------
loss: 0.519139  [    0/50000]
loss: 0.391240  [ 6400/50000]
loss: 0.352500  [12800/50000]
loss: 0.344599  [19200/50000]
loss: 0.338068  [25600/50000]
loss: 1.011146  [32000/50000]
loss: 0.598044  [38400/50000]
loss: 0.407074  [44800/50000]
Test Error: 
 Accuracy: 80.6%, Avg loss: 0.561450 

Epoch 7
-------------------------------
loss: 0.340974  [    0/50000]
loss: 0.301808  [ 6400/50000]
loss: 0.332154  [12800/50000]
loss: 0.491732  [19200/50000]
loss: 0.280451  [25600/50000]
loss: 0.409249  [32000/50000]
loss: 0.188785  [38400/50000]
loss: 0.477265  [44800/50000]
Test Error: 
 Accuracy: 82.2%, Avg loss: 0.541942 

Epoch 8
-------------------------------
loss: 0.284393  [    0/50000]
loss: 0.374996  [ 6400/50000]
loss: 0.603169  [12800/50000]
loss: 0.191906  [19200/50000]
loss: 0.284134  [25600/50000]
loss: 0.382334  [32000/50000]
loss: 0.411327  [38400/50000]
loss: 0.575708  [44800/50000]
Test Error: 
 Accuracy: 83.5%, Avg loss: 0.516985 

Epoch 9
-------------------------------
loss: 0.295477  [    0/50000]
loss: 0.197828  [ 6400/50000]
loss: 0.238900  [12800/50000]
loss: 0.327849  [19200/50000]
loss: 0.190164  [25600/50000]
loss: 0.253130  [32000/50000]
loss: 0.231495  [38400/50000]
loss: 0.349159  [44800/50000]
Test Error: 
 Accuracy: 79.0%, Avg loss: 0.687684 

Epoch 10
-------------------------------
loss: 0.177926  [    0/50000]
loss: 0.222661  [ 6400/50000]
loss: 0.207512  [12800/50000]
loss: 0.110986  [19200/50000]
loss: 0.179912  [25600/50000]
loss: 0.352499  [32000/50000]
loss: 0.247003  [38400/50000]
loss: 0.282392  [44800/50000]
Test Error: 
 Accuracy: 85.8%, Avg loss: 0.451000 

Epoch 11
-------------------------------
loss: 0.255586  [    0/50000]
loss: 0.259800  [ 6400/50000]
loss: 0.058408  [12800/50000]
loss: 0.061210  [19200/50000]
loss: 0.227378  [25600/50000]
loss: 0.137767  [32000/50000]
loss: 0.080612  [38400/50000]
loss: 0.144499  [44800/50000]
Test Error: 
 Accuracy: 83.5%, Avg loss: 0.533358 

Epoch 12
-------------------------------
loss: 0.056070  [    0/50000]
loss: 0.087205  [ 6400/50000]
loss: 0.098830  [12800/50000]
loss: 0.187735  [19200/50000]
loss: 0.075693  [25600/50000]
loss: 0.074962  [32000/50000]
loss: 0.185967  [38400/50000]
loss: 0.071846  [44800/50000]
Test Error: 
 Accuracy: 82.0%, Avg loss: 0.695346 

Epoch 13
-------------------------------
loss: 0.102480  [    0/50000]
loss: 0.084043  [ 6400/50000]
loss: 0.189058  [12800/50000]
loss: 0.073313  [19200/50000]
loss: 0.107356  [25600/50000]
loss: 0.083305  [32000/50000]
loss: 0.074957  [38400/50000]
loss: 0.283397  [44800/50000]
Test Error: 
 Accuracy: 85.9%, Avg loss: 0.505913 

Epoch 14
-------------------------------
loss: 0.115967  [    0/50000]
loss: 0.157316  [ 6400/50000]
loss: 0.079712  [12800/50000]
loss: 0.128473  [19200/50000]
loss: 0.033810  [25600/50000]
loss: 0.040444  [32000/50000]
loss: 0.049122  [38400/50000]
loss: 0.231127  [44800/50000]
Test Error: 
 Accuracy: 85.1%, Avg loss: 0.571976 

Epoch 15
-------------------------------
loss: 0.036683  [    0/50000]
loss: 0.050550  [ 6400/50000]
loss: 0.022002  [12800/50000]
loss: 0.058169  [19200/50000]
loss: 0.034606  [25600/50000]
loss: 0.091546  [32000/50000]
loss: 0.048420  [38400/50000]
loss: 0.039325  [44800/50000]
Test Error: 
 Accuracy: 86.2%, Avg loss: 0.560572 

Epoch 16
-------------------------------
loss: 0.154172  [    0/50000]
loss: 0.115465  [ 6400/50000]
loss: 0.028784  [12800/50000]
loss: 0.054147  [19200/50000]
loss: 0.111909  [25600/50000]
loss: 0.059786  [32000/50000]
loss: 0.041921  [38400/50000]
loss: 0.157005  [44800/50000]
Test Error: 
 Accuracy: 86.1%, Avg loss: 0.560972 

Epoch 17
-------------------------------
loss: 0.100921  [    0/50000]
loss: 0.108621  [ 6400/50000]
loss: 0.021726  [12800/50000]
loss: 0.103633  [19200/50000]
loss: 0.051381  [25600/50000]
loss: 0.067403  [32000/50000]
loss: 0.028027  [38400/50000]
loss: 0.070165  [44800/50000]
Test Error: 
 Accuracy: 86.3%, Avg loss: 0.557891 

Epoch 18
-------------------------------
loss: 0.083625  [    0/50000]
loss: 0.067186  [ 6400/50000]
loss: 0.033007  [12800/50000]
loss: 0.030456  [19200/50000]
loss: 0.063660  [25600/50000]
loss: 0.065856  [32000/50000]
loss: 0.050039  [38400/50000]
loss: 0.021399  [44800/50000]
Test Error: 
 Accuracy: 85.0%, Avg loss: 0.680318 

Epoch 19
-------------------------------
loss: 0.064657  [    0/50000]
loss: 0.005661  [ 6400/50000]
loss: 0.031892  [12800/50000]
loss: 0.015723  [19200/50000]
loss: 0.112062  [25600/50000]
loss: 0.071397  [32000/50000]
loss: 0.020865  [38400/50000]
loss: 0.009626  [44800/50000]
Test Error: 
 Accuracy: 85.6%, Avg loss: 0.609503 

Epoch 20
-------------------------------
loss: 0.046490  [    0/50000]
loss: 0.062259  [ 6400/50000]
loss: 0.081592  [12800/50000]
loss: 0.031353  [19200/50000]
loss: 0.020246  [25600/50000]
loss: 0.019202  [32000/50000]
loss: 0.025573  [38400/50000]
loss: 0.049763  [44800/50000]
Test Error: 
 Accuracy: 84.8%, Avg loss: 0.680481 

Epoch 21
-------------------------------
loss: 0.098112  [    0/50000]
loss: 0.009321  [ 6400/50000]
loss: 0.080205  [12800/50000]
loss: 0.005375  [19200/50000]
loss: 0.027052  [25600/50000]
loss: 0.028709  [32000/50000]
loss: 0.021703  [38400/50000]
loss: 0.137203  [44800/50000]
Test Error: 
 Accuracy: 86.5%, Avg loss: 0.623254 

Epoch 22
-------------------------------
loss: 0.024946  [    0/50000]
loss: 0.104307  [ 6400/50000]
loss: 0.068237  [12800/50000]
loss: 0.074915  [19200/50000]
loss: 0.010333  [25600/50000]
loss: 0.046324  [32000/50000]
loss: 0.143752  [38400/50000]
loss: 0.056873  [44800/50000]
Test Error: 
 Accuracy: 86.7%, Avg loss: 0.606650 

Epoch 23
-------------------------------
loss: 0.072861  [    0/50000]
loss: 0.003662  [ 6400/50000]
loss: 0.000741  [12800/50000]
loss: 0.022483  [19200/50000]
loss: 0.022393  [25600/50000]
loss: 0.036344  [32000/50000]
loss: 0.028375  [38400/50000]
loss: 0.070176  [44800/50000]
Test Error: 
 Accuracy: 87.0%, Avg loss: 0.562044 

Epoch 24
-------------------------------
loss: 0.047555  [    0/50000]
loss: 0.006249  [ 6400/50000]
loss: 0.059372  [12800/50000]
loss: 0.006878  [19200/50000]
loss: 0.017589  [25600/50000]
loss: 0.005174  [32000/50000]
loss: 0.057903  [38400/50000]
loss: 0.005639  [44800/50000]
Test Error: 
 Accuracy: 87.5%, Avg loss: 0.609082 

Epoch 25
-------------------------------
loss: 0.080436  [    0/50000]
loss: 0.025702  [ 6400/50000]
loss: 0.040511  [12800/50000]
loss: 0.002492  [19200/50000]
loss: 0.020246  [25600/50000]
loss: 0.022897  [32000/50000]
loss: 0.059383  [38400/50000]
loss: 0.027593  [44800/50000]
Test Error: 
 Accuracy: 82.4%, Avg loss: 0.955726 

Epoch 26
-------------------------------
loss: 0.039330  [    0/50000]
loss: 0.007482  [ 6400/50000]
loss: 0.045527  [12800/50000]
loss: 0.002124  [19200/50000]
loss: 0.071346  [25600/50000]
loss: 0.075025  [32000/50000]
loss: 0.038711  [38400/50000]
loss: 0.101046  [44800/50000]
Test Error: 
 Accuracy: 85.4%, Avg loss: 0.715759 

Epoch 27
-------------------------------
loss: 0.027033  [    0/50000]
loss: 0.037489  [ 6400/50000]
loss: 0.062347  [12800/50000]
loss: 0.019106  [19200/50000]
loss: 0.027544  [25600/50000]
loss: 0.023938  [32000/50000]
loss: 0.050349  [38400/50000]
loss: 0.033290  [44800/50000]
Test Error: 
 Accuracy: 86.5%, Avg loss: 0.632961 

Epoch 28
-------------------------------
loss: 0.040851  [    0/50000]
loss: 0.023628  [ 6400/50000]
loss: 0.009022  [12800/50000]
loss: 0.000152  [19200/50000]
loss: 0.006522  [25600/50000]
loss: 0.008075  [32000/50000]
loss: 0.036309  [38400/50000]
loss: 0.052743  [44800/50000]
Test Error: 
 Accuracy: 85.4%, Avg loss: 0.759172 

Epoch 29
-------------------------------
loss: 0.007966  [    0/50000]
loss: 0.004290  [ 6400/50000]
loss: 0.008280  [12800/50000]
loss: 0.003487  [19200/50000]
loss: 0.023451  [25600/50000]
loss: 0.132201  [32000/50000]
loss: 0.010075  [38400/50000]
loss: 0.054901  [44800/50000]
Test Error: 
 Accuracy: 85.1%, Avg loss: 0.748029 

Epoch 30
-------------------------------
loss: 0.002076  [    0/50000]
loss: 0.010947  [ 6400/50000]
loss: 0.007734  [12800/50000]
loss: 0.002960  [19200/50000]
loss: 0.016904  [25600/50000]
loss: 0.006840  [32000/50000]
loss: 0.034409  [38400/50000]
loss: 0.076901  [44800/50000]
Test Error: 
 Accuracy: 87.4%, Avg loss: 0.622697 

Done!
