command config
N= 3
B= [2, 2, 1]
C1= 64
F= [5, 5, 5]
K= [5, 3, 2]
P= 7
number of parameters 4513354
Epoch 1
-------------------------------
loss: 2.419534  [    0/50000]
loss: 1.625716  [ 6400/50000]
loss: 1.714893  [12800/50000]
loss: 1.259741  [19200/50000]
loss: 1.192173  [25600/50000]
loss: 1.245657  [32000/50000]
loss: 1.036819  [38400/50000]
loss: 0.879712  [44800/50000]
Test Error: 
 Accuracy: 61.1%, Avg loss: 1.097059 

Epoch 2
-------------------------------
loss: 0.943960  [    0/50000]
loss: 1.104910  [ 6400/50000]
loss: 0.848539  [12800/50000]
loss: 0.747062  [19200/50000]
loss: 0.912024  [25600/50000]
loss: 0.656482  [32000/50000]
loss: 0.701189  [38400/50000]
loss: 1.005392  [44800/50000]
Test Error: 
 Accuracy: 64.9%, Avg loss: 1.009343 

Epoch 3
-------------------------------
loss: 0.836434  [    0/50000]
loss: 0.770524  [ 6400/50000]
loss: 0.735560  [12800/50000]
loss: 0.727924  [19200/50000]
loss: 0.434070  [25600/50000]
loss: 0.617789  [32000/50000]
loss: 0.688944  [38400/50000]
loss: 0.766731  [44800/50000]
Test Error: 
 Accuracy: 70.6%, Avg loss: 0.879838 

Epoch 4
-------------------------------
loss: 0.690057  [    0/50000]
loss: 0.590638  [ 6400/50000]
loss: 0.550509  [12800/50000]
loss: 0.568686  [19200/50000]
loss: 0.335086  [25600/50000]
loss: 0.446560  [32000/50000]
loss: 0.526760  [38400/50000]
loss: 0.386871  [44800/50000]
Test Error: 
 Accuracy: 76.0%, Avg loss: 0.696157 

Epoch 5
-------------------------------
loss: 0.509408  [    0/50000]
loss: 0.467698  [ 6400/50000]
loss: 0.272417  [12800/50000]
loss: 0.519786  [19200/50000]
loss: 0.536322  [25600/50000]
loss: 0.487628  [32000/50000]
loss: 0.526585  [38400/50000]
loss: 0.338193  [44800/50000]
Test Error: 
 Accuracy: 81.1%, Avg loss: 0.544484 

Epoch 6
-------------------------------
loss: 0.391230  [    0/50000]
loss: 0.324352  [ 6400/50000]
loss: 0.252061  [12800/50000]
loss: 0.314578  [19200/50000]
loss: 0.427876  [25600/50000]
loss: 0.550814  [32000/50000]
loss: 0.360565  [38400/50000]
loss: 0.250743  [44800/50000]
Test Error: 
 Accuracy: 82.1%, Avg loss: 0.526779 

Epoch 7
-------------------------------
loss: 0.321932  [    0/50000]
loss: 0.323512  [ 6400/50000]
loss: 0.452909  [12800/50000]
loss: 0.254059  [19200/50000]
loss: 0.335055  [25600/50000]
loss: 0.353479  [32000/50000]
loss: 0.208574  [38400/50000]
loss: 0.313796  [44800/50000]
Test Error: 
 Accuracy: 81.2%, Avg loss: 0.544914 

Epoch 8
-------------------------------
loss: 0.169638  [    0/50000]
loss: 0.183016  [ 6400/50000]
loss: 0.134989  [12800/50000]
loss: 0.301882  [19200/50000]
loss: 0.365731  [25600/50000]
loss: 0.243969  [32000/50000]
loss: 0.232759  [38400/50000]
loss: 0.336398  [44800/50000]
Test Error: 
 Accuracy: 84.8%, Avg loss: 0.468771 

Epoch 9
-------------------------------
loss: 0.166888  [    0/50000]
loss: 0.092237  [ 6400/50000]
loss: 0.146423  [12800/50000]
loss: 0.126876  [19200/50000]
loss: 0.131287  [25600/50000]
loss: 0.267966  [32000/50000]
loss: 0.246667  [38400/50000]
loss: 0.178986  [44800/50000]
Test Error: 
 Accuracy: 85.1%, Avg loss: 0.487576 

Epoch 10
-------------------------------
loss: 0.062101  [    0/50000]
loss: 0.089389  [ 6400/50000]
loss: 0.180009  [12800/50000]
loss: 0.192336  [19200/50000]
loss: 0.103071  [25600/50000]
loss: 0.239031  [32000/50000]
loss: 0.314008  [38400/50000]
loss: 0.105022  [44800/50000]
Test Error: 
 Accuracy: 85.6%, Avg loss: 0.470517 

Epoch 11
-------------------------------
loss: 0.189480  [    0/50000]
loss: 0.093926  [ 6400/50000]
loss: 0.046414  [12800/50000]
loss: 0.131752  [19200/50000]
loss: 0.063926  [25600/50000]
loss: 0.087892  [32000/50000]
loss: 0.133450  [38400/50000]
loss: 0.128061  [44800/50000]
Test Error: 
 Accuracy: 84.9%, Avg loss: 0.542780 

Epoch 12
-------------------------------
loss: 0.059712  [    0/50000]
loss: 0.072653  [ 6400/50000]
loss: 0.056900  [12800/50000]
loss: 0.069477  [19200/50000]
loss: 0.067762  [25600/50000]
loss: 0.080877  [32000/50000]
loss: 0.069362  [38400/50000]
loss: 0.111902  [44800/50000]
Test Error: 
 Accuracy: 85.9%, Avg loss: 0.513331 

Epoch 13
-------------------------------
loss: 0.089233  [    0/50000]
loss: 0.051976  [ 6400/50000]
loss: 0.017582  [12800/50000]
loss: 0.025348  [19200/50000]
loss: 0.105659  [25600/50000]
loss: 0.038328  [32000/50000]
loss: 0.146179  [38400/50000]
loss: 0.131298  [44800/50000]
Test Error: 
 Accuracy: 85.5%, Avg loss: 0.586710 

Epoch 14
-------------------------------
loss: 0.055945  [    0/50000]
loss: 0.037233  [ 6400/50000]
loss: 0.130168  [12800/50000]
loss: 0.118735  [19200/50000]
loss: 0.034194  [25600/50000]
loss: 0.053080  [32000/50000]
loss: 0.058442  [38400/50000]
loss: 0.082414  [44800/50000]
Test Error: 
 Accuracy: 86.4%, Avg loss: 0.569929 

Epoch 15
-------------------------------
loss: 0.097047  [    0/50000]
loss: 0.088390  [ 6400/50000]
loss: 0.062992  [12800/50000]
loss: 0.103333  [19200/50000]
loss: 0.123102  [25600/50000]
loss: 0.108427  [32000/50000]
loss: 0.043912  [38400/50000]
loss: 0.088284  [44800/50000]
Test Error: 
 Accuracy: 84.4%, Avg loss: 0.676035 

Epoch 16
-------------------------------
loss: 0.072371  [    0/50000]
loss: 0.023516  [ 6400/50000]
loss: 0.006732  [12800/50000]
loss: 0.086576  [19200/50000]
loss: 0.037096  [25600/50000]
loss: 0.120301  [32000/50000]
loss: 0.095331  [38400/50000]
loss: 0.020011  [44800/50000]
Test Error: 
 Accuracy: 86.0%, Avg loss: 0.606421 

Epoch 17
-------------------------------
loss: 0.020670  [    0/50000]
loss: 0.005556  [ 6400/50000]
loss: 0.014401  [12800/50000]
loss: 0.129690  [19200/50000]
loss: 0.088280  [25600/50000]
loss: 0.013800  [32000/50000]
loss: 0.031954  [38400/50000]
loss: 0.010903  [44800/50000]
Test Error: 
 Accuracy: 85.5%, Avg loss: 0.626757 

Epoch 18
-------------------------------
loss: 0.029370  [    0/50000]
loss: 0.037723  [ 6400/50000]
loss: 0.057278  [12800/50000]
loss: 0.093889  [19200/50000]
loss: 0.014503  [25600/50000]
loss: 0.057208  [32000/50000]
loss: 0.061231  [38400/50000]
loss: 0.021037  [44800/50000]
Test Error: 
 Accuracy: 85.7%, Avg loss: 0.637426 

Epoch 19
-------------------------------
loss: 0.072426  [    0/50000]
loss: 0.004705  [ 6400/50000]
loss: 0.038802  [12800/50000]
loss: 0.177946  [19200/50000]
loss: 0.017197  [25600/50000]
loss: 0.026570  [32000/50000]
loss: 0.009901  [38400/50000]
loss: 0.083843  [44800/50000]
Test Error: 
 Accuracy: 85.8%, Avg loss: 0.652885 

Epoch 20
-------------------------------
loss: 0.069875  [    0/50000]
loss: 0.020596  [ 6400/50000]
loss: 0.034471  [12800/50000]
loss: 0.021543  [19200/50000]
loss: 0.033572  [25600/50000]
loss: 0.034698  [32000/50000]
loss: 0.059090  [38400/50000]
loss: 0.014208  [44800/50000]
Test Error: 
 Accuracy: 86.1%, Avg loss: 0.670145 

Epoch 21
-------------------------------
loss: 0.012030  [    0/50000]
loss: 0.054485  [ 6400/50000]
loss: 0.002984  [12800/50000]
loss: 0.012455  [19200/50000]
loss: 0.021072  [25600/50000]
loss: 0.016910  [32000/50000]
loss: 0.011915  [38400/50000]
loss: 0.084908  [44800/50000]
Test Error: 
 Accuracy: 85.4%, Avg loss: 0.713638 

Epoch 22
-------------------------------
loss: 0.043722  [    0/50000]
loss: 0.083507  [ 6400/50000]
loss: 0.025829  [12800/50000]
loss: 0.014453  [19200/50000]
loss: 0.044294  [25600/50000]
loss: 0.073434  [32000/50000]
loss: 0.003867  [38400/50000]
loss: 0.004980  [44800/50000]
Test Error: 
 Accuracy: 86.1%, Avg loss: 0.690363 

Epoch 23
-------------------------------
loss: 0.005960  [    0/50000]
loss: 0.028289  [ 6400/50000]
loss: 0.015603  [12800/50000]
loss: 0.107169  [19200/50000]
loss: 0.064191  [25600/50000]
loss: 0.006840  [32000/50000]
loss: 0.020679  [38400/50000]
loss: 0.007237  [44800/50000]
Test Error: 
 Accuracy: 85.7%, Avg loss: 0.712590 

Epoch 24
-------------------------------
loss: 0.020156  [    0/50000]
loss: 0.010921  [ 6400/50000]
loss: 0.174135  [12800/50000]
loss: 0.002553  [19200/50000]
loss: 0.021854  [25600/50000]
loss: 0.000946  [32000/50000]
loss: 0.004219  [38400/50000]
loss: 0.015324  [44800/50000]
Test Error: 
 Accuracy: 86.7%, Avg loss: 0.673797 

Epoch 25
-------------------------------
loss: 0.175609  [    0/50000]
loss: 0.028098  [ 6400/50000]
loss: 0.043757  [12800/50000]
loss: 0.036111  [19200/50000]
loss: 0.026993  [25600/50000]
loss: 0.030740  [32000/50000]
loss: 0.099778  [38400/50000]
loss: 0.037221  [44800/50000]
Test Error: 
 Accuracy: 86.5%, Avg loss: 0.681766 

Epoch 26
-------------------------------
loss: 0.020775  [    0/50000]
loss: 0.006972  [ 6400/50000]
loss: 0.014174  [12800/50000]
loss: 0.006487  [19200/50000]
loss: 0.023775  [25600/50000]
loss: 0.196679  [32000/50000]
loss: 0.009675  [38400/50000]
loss: 0.019822  [44800/50000]
Test Error: 
 Accuracy: 86.8%, Avg loss: 0.701448 

Epoch 27
-------------------------------
loss: 0.001565  [    0/50000]
loss: 0.004532  [ 6400/50000]
loss: 0.041394  [12800/50000]
loss: 0.021048  [19200/50000]
loss: 0.005752  [25600/50000]
loss: 0.005886  [32000/50000]
loss: 0.016125  [38400/50000]
loss: 0.003970  [44800/50000]
Test Error: 
 Accuracy: 86.8%, Avg loss: 0.696485 

Epoch 28
-------------------------------
loss: 0.003286  [    0/50000]
loss: 0.005542  [ 6400/50000]
loss: 0.003819  [12800/50000]
loss: 0.017692  [19200/50000]
loss: 0.021141  [25600/50000]
loss: 0.006981  [32000/50000]
loss: 0.011345  [38400/50000]
loss: 0.007006  [44800/50000]
Test Error: 
 Accuracy: 87.5%, Avg loss: 0.631199 

Epoch 29
-------------------------------
loss: 0.002960  [    0/50000]
loss: 0.070950  [ 6400/50000]
loss: 0.010672  [12800/50000]
loss: 0.030492  [19200/50000]
loss: 0.036253  [25600/50000]
loss: 0.004905  [32000/50000]
loss: 0.009786  [38400/50000]
loss: 0.015457  [44800/50000]
Test Error: 
 Accuracy: 86.8%, Avg loss: 0.696504 

Epoch 30
-------------------------------
loss: 0.018484  [    0/50000]
loss: 0.002666  [ 6400/50000]
loss: 0.008823  [12800/50000]
loss: 0.031833  [19200/50000]
loss: 0.001256  [25600/50000]
loss: 0.003957  [32000/50000]
loss: 0.004210  [38400/50000]
loss: 0.015078  [44800/50000]
Test Error: 
 Accuracy: 87.2%, Avg loss: 0.652499 

Done!
