command config
N= 3
B= [3, 3, 3]
C1= 64
F= [5, 3, 3]
K= [5, 1, 1]
P= 8
number of parameters 4720970
Epoch 1
-------------------------------
loss: 2.346914  [    0/50000]
loss: 1.429957  [ 6400/50000]
loss: 1.564379  [12800/50000]
loss: 1.677679  [19200/50000]
loss: 1.264609  [25600/50000]
loss: 1.358656  [32000/50000]
loss: 1.399553  [38400/50000]
loss: 1.349199  [44800/50000]
Test Error: 
 Accuracy: 43.6%, Avg loss: 1.815260 

Epoch 2
-------------------------------
loss: 0.915131  [    0/50000]
loss: 0.756140  [ 6400/50000]
loss: 0.946851  [12800/50000]
loss: 0.657881  [19200/50000]
loss: 1.087257  [25600/50000]
loss: 0.911125  [32000/50000]
loss: 0.871292  [38400/50000]
loss: 0.644192  [44800/50000]
Test Error: 
 Accuracy: 69.4%, Avg loss: 0.885101 

Epoch 3
-------------------------------
loss: 0.895056  [    0/50000]
loss: 0.920195  [ 6400/50000]
loss: 0.939119  [12800/50000]
loss: 0.688523  [19200/50000]
loss: 0.650054  [25600/50000]
loss: 0.815007  [32000/50000]
loss: 0.878849  [38400/50000]
loss: 0.873147  [44800/50000]
Test Error: 
 Accuracy: 70.2%, Avg loss: 0.881439 

Epoch 4
-------------------------------
loss: 0.695227  [    0/50000]
loss: 0.646012  [ 6400/50000]
loss: 0.571984  [12800/50000]
loss: 0.709702  [19200/50000]
loss: 0.680338  [25600/50000]
loss: 0.567433  [32000/50000]
loss: 0.558786  [38400/50000]
loss: 0.389142  [44800/50000]
Test Error: 
 Accuracy: 77.5%, Avg loss: 0.658151 

Epoch 5
-------------------------------
loss: 0.428847  [    0/50000]
loss: 0.335128  [ 6400/50000]
loss: 0.580112  [12800/50000]
loss: 0.493059  [19200/50000]
loss: 0.497886  [25600/50000]
loss: 0.451438  [32000/50000]
loss: 0.347323  [38400/50000]
loss: 0.695558  [44800/50000]
Test Error: 
 Accuracy: 79.4%, Avg loss: 0.625144 

Epoch 6
-------------------------------
loss: 0.393022  [    0/50000]
loss: 0.327312  [ 6400/50000]
loss: 0.517909  [12800/50000]
loss: 0.665792  [19200/50000]
loss: 0.442223  [25600/50000]
loss: 0.260273  [32000/50000]
loss: 0.712222  [38400/50000]
loss: 0.520845  [44800/50000]
Test Error: 
 Accuracy: 82.4%, Avg loss: 0.516881 

Epoch 7
-------------------------------
loss: 0.361275  [    0/50000]
loss: 0.448932  [ 6400/50000]
loss: 0.390177  [12800/50000]
loss: 0.429485  [19200/50000]
loss: 0.209714  [25600/50000]
loss: 0.359794  [32000/50000]
loss: 0.348646  [38400/50000]
loss: 0.319244  [44800/50000]
Test Error: 
 Accuracy: 82.5%, Avg loss: 0.525156 

Epoch 8
-------------------------------
loss: 0.206796  [    0/50000]
loss: 0.321960  [ 6400/50000]
loss: 0.194893  [12800/50000]
loss: 0.209341  [19200/50000]
loss: 0.279948  [25600/50000]
loss: 0.255312  [32000/50000]
loss: 0.214049  [38400/50000]
loss: 0.432272  [44800/50000]
Test Error: 
 Accuracy: 82.5%, Avg loss: 0.536935 

Epoch 9
-------------------------------
loss: 0.293031  [    0/50000]
loss: 0.492171  [ 6400/50000]
loss: 0.188331  [12800/50000]
loss: 0.285048  [19200/50000]
loss: 0.345912  [25600/50000]
loss: 0.149257  [32000/50000]
loss: 0.209215  [38400/50000]
loss: 0.184157  [44800/50000]
Test Error: 
 Accuracy: 83.5%, Avg loss: 0.520251 

Epoch 10
-------------------------------
loss: 0.314531  [    0/50000]
loss: 0.198372  [ 6400/50000]
loss: 0.226956  [12800/50000]
loss: 0.131722  [19200/50000]
loss: 0.218369  [25600/50000]
loss: 0.096082  [32000/50000]
loss: 0.080629  [38400/50000]
loss: 0.052331  [44800/50000]
Test Error: 
 Accuracy: 80.6%, Avg loss: 0.656841 

Epoch 11
-------------------------------
loss: 0.155650  [    0/50000]
loss: 0.302112  [ 6400/50000]
loss: 0.063406  [12800/50000]
loss: 0.106607  [19200/50000]
loss: 0.123962  [25600/50000]
loss: 0.227067  [32000/50000]
loss: 0.250424  [38400/50000]
loss: 0.229232  [44800/50000]
Test Error: 
 Accuracy: 82.5%, Avg loss: 0.606122 

Epoch 12
-------------------------------
loss: 0.168034  [    0/50000]
loss: 0.074938  [ 6400/50000]
loss: 0.238221  [12800/50000]
loss: 0.099607  [19200/50000]
loss: 0.067792  [25600/50000]
loss: 0.138282  [32000/50000]
loss: 0.162927  [38400/50000]
loss: 0.108839  [44800/50000]
Test Error: 
 Accuracy: 83.8%, Avg loss: 0.625521 

Epoch 13
-------------------------------
loss: 0.026317  [    0/50000]
loss: 0.052391  [ 6400/50000]
loss: 0.061360  [12800/50000]
loss: 0.071874  [19200/50000]
loss: 0.118948  [25600/50000]
loss: 0.066705  [32000/50000]
loss: 0.069856  [38400/50000]
loss: 0.120151  [44800/50000]
Test Error: 
 Accuracy: 84.4%, Avg loss: 0.588484 

Epoch 14
-------------------------------
loss: 0.066983  [    0/50000]
loss: 0.062125  [ 6400/50000]
loss: 0.019651  [12800/50000]
loss: 0.025530  [19200/50000]
loss: 0.130613  [25600/50000]
loss: 0.067431  [32000/50000]
loss: 0.066449  [38400/50000]
loss: 0.027968  [44800/50000]
Test Error: 
 Accuracy: 84.3%, Avg loss: 0.644221 

Epoch 15
-------------------------------
loss: 0.054279  [    0/50000]
loss: 0.041940  [ 6400/50000]
loss: 0.016662  [12800/50000]
loss: 0.127714  [19200/50000]
loss: 0.106670  [25600/50000]
loss: 0.102962  [32000/50000]
loss: 0.125989  [38400/50000]
loss: 0.082621  [44800/50000]
Test Error: 
 Accuracy: 84.1%, Avg loss: 0.675049 

Epoch 16
-------------------------------
loss: 0.080632  [    0/50000]
loss: 0.071533  [ 6400/50000]
loss: 0.030065  [12800/50000]
loss: 0.096089  [19200/50000]
loss: 0.051660  [25600/50000]
loss: 0.135768  [32000/50000]
loss: 0.032714  [38400/50000]
loss: 0.074338  [44800/50000]
Test Error: 
 Accuracy: 84.1%, Avg loss: 0.684783 

Epoch 17
-------------------------------
loss: 0.023881  [    0/50000]
loss: 0.073112  [ 6400/50000]
loss: 0.034919  [12800/50000]
loss: 0.047285  [19200/50000]
loss: 0.044609  [25600/50000]
loss: 0.014616  [32000/50000]
loss: 0.036361  [38400/50000]
loss: 0.016628  [44800/50000]
Test Error: 
 Accuracy: 83.5%, Avg loss: 0.818338 

Epoch 18
-------------------------------
loss: 0.016144  [    0/50000]
loss: 0.013972  [ 6400/50000]
loss: 0.007892  [12800/50000]
loss: 0.128974  [19200/50000]
loss: 0.015594  [25600/50000]
loss: 0.049632  [32000/50000]
loss: 0.024100  [38400/50000]
loss: 0.059482  [44800/50000]
Test Error: 
 Accuracy: 82.9%, Avg loss: 0.770974 

Epoch 19
-------------------------------
loss: 0.030362  [    0/50000]
loss: 0.081535  [ 6400/50000]
loss: 0.005341  [12800/50000]
loss: 0.158584  [19200/50000]
loss: 0.120721  [25600/50000]
loss: 0.049630  [32000/50000]
loss: 0.047200  [38400/50000]
loss: 0.015885  [44800/50000]
Test Error: 
 Accuracy: 84.8%, Avg loss: 0.677007 

Epoch 20
-------------------------------
loss: 0.006865  [    0/50000]
loss: 0.034919  [ 6400/50000]
loss: 0.067355  [12800/50000]
loss: 0.044810  [19200/50000]
loss: 0.021283  [25600/50000]
loss: 0.094503  [32000/50000]
loss: 0.113488  [38400/50000]
loss: 0.070489  [44800/50000]
Test Error: 
 Accuracy: 84.8%, Avg loss: 0.745937 

Epoch 21
-------------------------------
loss: 0.104179  [    0/50000]
loss: 0.064386  [ 6400/50000]
loss: 0.029007  [12800/50000]
loss: 0.014115  [19200/50000]
loss: 0.003567  [25600/50000]
loss: 0.016302  [32000/50000]
loss: 0.057583  [38400/50000]
loss: 0.102653  [44800/50000]
Test Error: 
 Accuracy: 84.5%, Avg loss: 0.741035 

Epoch 22
-------------------------------
loss: 0.046433  [    0/50000]
loss: 0.012293  [ 6400/50000]
loss: 0.019218  [12800/50000]
loss: 0.021009  [19200/50000]
loss: 0.007162  [25600/50000]
loss: 0.207382  [32000/50000]
loss: 0.066683  [38400/50000]
loss: 0.172849  [44800/50000]
Test Error: 
 Accuracy: 86.3%, Avg loss: 0.654390 

Epoch 23
-------------------------------
loss: 0.017212  [    0/50000]
loss: 0.026059  [ 6400/50000]
loss: 0.125256  [12800/50000]
loss: 0.010560  [19200/50000]
loss: 0.016411  [25600/50000]
loss: 0.078952  [32000/50000]
loss: 0.038401  [38400/50000]
loss: 0.011771  [44800/50000]
Test Error: 
 Accuracy: 84.8%, Avg loss: 0.710217 

Epoch 24
-------------------------------
loss: 0.008179  [    0/50000]
loss: 0.141536  [ 6400/50000]
loss: 0.037030  [12800/50000]
loss: 0.018288  [19200/50000]
loss: 0.091744  [25600/50000]
loss: 0.010106  [32000/50000]
loss: 0.051591  [38400/50000]
loss: 0.158456  [44800/50000]
Test Error: 
 Accuracy: 84.8%, Avg loss: 0.800771 

Epoch 25
-------------------------------
loss: 0.010201  [    0/50000]
loss: 0.033923  [ 6400/50000]
loss: 0.006315  [12800/50000]
loss: 0.033843  [19200/50000]
loss: 0.005091  [25600/50000]
loss: 0.018382  [32000/50000]
loss: 0.051282  [38400/50000]
loss: 0.024852  [44800/50000]
Test Error: 
 Accuracy: 85.1%, Avg loss: 0.757599 

Epoch 26
-------------------------------
loss: 0.032978  [    0/50000]
loss: 0.004374  [ 6400/50000]
loss: 0.010622  [12800/50000]
loss: 0.040106  [19200/50000]
loss: 0.012706  [25600/50000]
loss: 0.010129  [32000/50000]
loss: 0.121886  [38400/50000]
loss: 0.029468  [44800/50000]
Test Error: 
 Accuracy: 84.9%, Avg loss: 0.808993 

Epoch 27
-------------------------------
loss: 0.007732  [    0/50000]
loss: 0.035219  [ 6400/50000]
loss: 0.005874  [12800/50000]
loss: 0.016177  [19200/50000]
loss: 0.011175  [25600/50000]
loss: 0.006105  [32000/50000]
loss: 0.006042  [38400/50000]
loss: 0.003976  [44800/50000]
Test Error: 
 Accuracy: 85.9%, Avg loss: 0.723082 

Epoch 28
-------------------------------
loss: 0.007923  [    0/50000]
loss: 0.028086  [ 6400/50000]
loss: 0.009579  [12800/50000]
loss: 0.025705  [19200/50000]
loss: 0.007587  [25600/50000]
loss: 0.002325  [32000/50000]
loss: 0.009025  [38400/50000]
loss: 0.004985  [44800/50000]
Test Error: 
 Accuracy: 85.5%, Avg loss: 0.730515 

Epoch 29
-------------------------------
loss: 0.056609  [    0/50000]
loss: 0.025470  [ 6400/50000]
loss: 0.021677  [12800/50000]
loss: 0.012504  [19200/50000]
loss: 0.008306  [25600/50000]
loss: 0.089485  [32000/50000]
loss: 0.011719  [38400/50000]
loss: 0.036476  [44800/50000]
Test Error: 
 Accuracy: 85.6%, Avg loss: 0.737307 

Epoch 30
-------------------------------
loss: 0.061274  [    0/50000]
loss: 0.023030  [ 6400/50000]
loss: 0.068433  [12800/50000]
loss: 0.006428  [19200/50000]
loss: 0.022338  [25600/50000]
loss: 0.016316  [32000/50000]
loss: 0.005334  [38400/50000]
loss: 0.010266  [44800/50000]
Test Error: 
 Accuracy: 85.3%, Avg loss: 0.771787 

Done!
