command config
N= 3
B= [3, 1, 3]
C1= 64
F= [5, 5, 3]
K= [5, 3, 1]
P= 8
number of parameters 4588874
Epoch 1
-------------------------------
loss: 2.407961  [    0/50000]
loss: 1.715564  [ 6400/50000]
loss: 1.459364  [12800/50000]
loss: 1.263541  [19200/50000]
loss: 1.237932  [25600/50000]
loss: 1.296681  [32000/50000]
loss: 0.980245  [38400/50000]
loss: 1.074863  [44800/50000]
Test Error: 
 Accuracy: 45.9%, Avg loss: 1.655469 

Epoch 2
-------------------------------
loss: 0.959771  [    0/50000]
loss: 0.853318  [ 6400/50000]
loss: 1.122955  [12800/50000]
loss: 0.827223  [19200/50000]
loss: 0.904212  [25600/50000]
loss: 0.788456  [32000/50000]
loss: 1.065261  [38400/50000]
loss: 0.692185  [44800/50000]
Test Error: 
 Accuracy: 70.3%, Avg loss: 0.836860 

Epoch 3
-------------------------------
loss: 0.757402  [    0/50000]
loss: 0.733747  [ 6400/50000]
loss: 0.847980  [12800/50000]
loss: 0.974965  [19200/50000]
loss: 0.510759  [25600/50000]
loss: 0.920294  [32000/50000]
loss: 0.493707  [38400/50000]
loss: 0.666519  [44800/50000]
Test Error: 
 Accuracy: 70.1%, Avg loss: 0.914040 

Epoch 4
-------------------------------
loss: 0.677826  [    0/50000]
loss: 0.508068  [ 6400/50000]
loss: 0.598034  [12800/50000]
loss: 0.678092  [19200/50000]
loss: 0.430463  [25600/50000]
loss: 0.721427  [32000/50000]
loss: 0.544787  [38400/50000]
loss: 0.591449  [44800/50000]
Test Error: 
 Accuracy: 75.9%, Avg loss: 0.710340 

Epoch 5
-------------------------------
loss: 0.704748  [    0/50000]
loss: 0.500383  [ 6400/50000]
loss: 0.675753  [12800/50000]
loss: 0.550264  [19200/50000]
loss: 0.391413  [25600/50000]
loss: 0.765763  [32000/50000]
loss: 0.730635  [38400/50000]
loss: 0.422857  [44800/50000]
Test Error: 
 Accuracy: 80.9%, Avg loss: 0.555972 

Epoch 6
-------------------------------
loss: 0.420912  [    0/50000]
loss: 0.347192  [ 6400/50000]
loss: 0.357557  [12800/50000]
loss: 0.515643  [19200/50000]
loss: 0.354957  [25600/50000]
loss: 0.569532  [32000/50000]
loss: 0.371552  [38400/50000]
loss: 0.256697  [44800/50000]
Test Error: 
 Accuracy: 81.3%, Avg loss: 0.549215 

Epoch 7
-------------------------------
loss: 0.390561  [    0/50000]
loss: 0.300047  [ 6400/50000]
loss: 0.248943  [12800/50000]
loss: 0.294236  [19200/50000]
loss: 0.281042  [25600/50000]
loss: 0.375636  [32000/50000]
loss: 0.397902  [38400/50000]
loss: 0.455715  [44800/50000]
Test Error: 
 Accuracy: 83.6%, Avg loss: 0.489563 

Epoch 8
-------------------------------
loss: 0.189489  [    0/50000]
loss: 0.155932  [ 6400/50000]
loss: 0.206739  [12800/50000]
loss: 0.213177  [19200/50000]
loss: 0.327450  [25600/50000]
loss: 0.169863  [32000/50000]
loss: 0.265807  [38400/50000]
loss: 0.267053  [44800/50000]
Test Error: 
 Accuracy: 82.0%, Avg loss: 0.582581 

Epoch 9
-------------------------------
loss: 0.184464  [    0/50000]
loss: 0.167824  [ 6400/50000]
loss: 0.078103  [12800/50000]
loss: 0.202162  [19200/50000]
loss: 0.244241  [25600/50000]
loss: 0.281899  [32000/50000]
loss: 0.394193  [38400/50000]
loss: 0.246744  [44800/50000]
Test Error: 
 Accuracy: 83.9%, Avg loss: 0.524916 

Epoch 10
-------------------------------
loss: 0.281151  [    0/50000]
loss: 0.072909  [ 6400/50000]
loss: 0.268390  [12800/50000]
loss: 0.117885  [19200/50000]
loss: 0.106401  [25600/50000]
loss: 0.237320  [32000/50000]
loss: 0.333694  [38400/50000]
loss: 0.203685  [44800/50000]
Test Error: 
 Accuracy: 83.7%, Avg loss: 0.541845 

Epoch 11
-------------------------------
loss: 0.176158  [    0/50000]
loss: 0.165131  [ 6400/50000]
loss: 0.052874  [12800/50000]
loss: 0.071778  [19200/50000]
loss: 0.155558  [25600/50000]
loss: 0.037920  [32000/50000]
loss: 0.115248  [38400/50000]
loss: 0.108892  [44800/50000]
Test Error: 
 Accuracy: 84.0%, Avg loss: 0.569235 

Epoch 12
-------------------------------
loss: 0.100479  [    0/50000]
loss: 0.072412  [ 6400/50000]
loss: 0.160420  [12800/50000]
loss: 0.064987  [19200/50000]
loss: 0.067889  [25600/50000]
loss: 0.127791  [32000/50000]
loss: 0.131026  [38400/50000]
loss: 0.282289  [44800/50000]
Test Error: 
 Accuracy: 83.0%, Avg loss: 0.664680 

Epoch 13
-------------------------------
loss: 0.084902  [    0/50000]
loss: 0.024341  [ 6400/50000]
loss: 0.098061  [12800/50000]
loss: 0.132149  [19200/50000]
loss: 0.046534  [25600/50000]
loss: 0.116036  [32000/50000]
loss: 0.077297  [38400/50000]
loss: 0.113558  [44800/50000]
Test Error: 
 Accuracy: 84.5%, Avg loss: 0.621272 

Epoch 14
-------------------------------
loss: 0.060171  [    0/50000]
loss: 0.021029  [ 6400/50000]
loss: 0.121534  [12800/50000]
loss: 0.095361  [19200/50000]
loss: 0.094339  [25600/50000]
loss: 0.069459  [32000/50000]
loss: 0.263281  [38400/50000]
loss: 0.124041  [44800/50000]
Test Error: 
 Accuracy: 82.6%, Avg loss: 0.699882 

Epoch 15
-------------------------------
loss: 0.006935  [    0/50000]
loss: 0.081533  [ 6400/50000]
loss: 0.039875  [12800/50000]
loss: 0.160702  [19200/50000]
loss: 0.051779  [25600/50000]
loss: 0.101163  [32000/50000]
loss: 0.021693  [38400/50000]
loss: 0.015664  [44800/50000]
Test Error: 
 Accuracy: 84.5%, Avg loss: 0.659764 

Epoch 16
-------------------------------
loss: 0.137261  [    0/50000]
loss: 0.023485  [ 6400/50000]
loss: 0.151512  [12800/50000]
loss: 0.108299  [19200/50000]
loss: 0.030565  [25600/50000]
loss: 0.041690  [32000/50000]
loss: 0.066968  [38400/50000]
loss: 0.181646  [44800/50000]
Test Error: 
 Accuracy: 84.9%, Avg loss: 0.685202 

Epoch 17
-------------------------------
loss: 0.015549  [    0/50000]
loss: 0.048276  [ 6400/50000]
loss: 0.125884  [12800/50000]
loss: 0.040602  [19200/50000]
loss: 0.024898  [25600/50000]
loss: 0.035470  [32000/50000]
loss: 0.068897  [38400/50000]
loss: 0.057528  [44800/50000]
Test Error: 
 Accuracy: 85.0%, Avg loss: 0.685666 

Epoch 18
-------------------------------
loss: 0.146058  [    0/50000]
loss: 0.014162  [ 6400/50000]
loss: 0.042114  [12800/50000]
loss: 0.036762  [19200/50000]
loss: 0.020133  [25600/50000]
loss: 0.089664  [32000/50000]
loss: 0.024111  [38400/50000]
loss: 0.123100  [44800/50000]
Test Error: 
 Accuracy: 84.9%, Avg loss: 0.719313 

Epoch 19
-------------------------------
loss: 0.009832  [    0/50000]
loss: 0.012034  [ 6400/50000]
loss: 0.001345  [12800/50000]
loss: 0.067121  [19200/50000]
loss: 0.036949  [25600/50000]
loss: 0.035177  [32000/50000]
loss: 0.024112  [38400/50000]
loss: 0.039656  [44800/50000]
Test Error: 
 Accuracy: 85.0%, Avg loss: 0.697407 

Epoch 20
-------------------------------
loss: 0.042990  [    0/50000]
loss: 0.008274  [ 6400/50000]
loss: 0.048175  [12800/50000]
loss: 0.015004  [19200/50000]
loss: 0.086839  [25600/50000]
loss: 0.051093  [32000/50000]
loss: 0.031466  [38400/50000]
loss: 0.045956  [44800/50000]
Test Error: 
 Accuracy: 83.9%, Avg loss: 0.845724 

Epoch 21
-------------------------------
loss: 0.039410  [    0/50000]
loss: 0.015703  [ 6400/50000]
loss: 0.021526  [12800/50000]
loss: 0.032079  [19200/50000]
loss: 0.006545  [25600/50000]
loss: 0.087300  [32000/50000]
loss: 0.004754  [38400/50000]
loss: 0.017521  [44800/50000]
Test Error: 
 Accuracy: 85.2%, Avg loss: 0.695459 

Epoch 22
-------------------------------
loss: 0.007213  [    0/50000]
loss: 0.003381  [ 6400/50000]
loss: 0.016910  [12800/50000]
loss: 0.084735  [19200/50000]
loss: 0.067015  [25600/50000]
loss: 0.009130  [32000/50000]
loss: 0.085256  [38400/50000]
loss: 0.044894  [44800/50000]
Test Error: 
 Accuracy: 84.6%, Avg loss: 0.747692 

Epoch 23
-------------------------------
loss: 0.067861  [    0/50000]
loss: 0.033489  [ 6400/50000]
loss: 0.046567  [12800/50000]
loss: 0.068445  [19200/50000]
loss: 0.035249  [25600/50000]
loss: 0.165665  [32000/50000]
loss: 0.062703  [38400/50000]
loss: 0.047398  [44800/50000]
Test Error: 
 Accuracy: 85.6%, Avg loss: 0.685959 

Epoch 24
-------------------------------
loss: 0.007768  [    0/50000]
loss: 0.002565  [ 6400/50000]
loss: 0.012231  [12800/50000]
loss: 0.003966  [19200/50000]
loss: 0.057626  [25600/50000]
loss: 0.010406  [32000/50000]
loss: 0.053455  [38400/50000]
loss: 0.012920  [44800/50000]
Test Error: 
 Accuracy: 86.2%, Avg loss: 0.711171 

Epoch 25
-------------------------------
loss: 0.000678  [    0/50000]
loss: 0.029013  [ 6400/50000]
loss: 0.021541  [12800/50000]
loss: 0.004051  [19200/50000]
loss: 0.032954  [25600/50000]
loss: 0.009399  [32000/50000]
loss: 0.094680  [38400/50000]
loss: 0.029996  [44800/50000]
Test Error: 
 Accuracy: 85.4%, Avg loss: 0.731379 

Epoch 26
-------------------------------
loss: 0.003546  [    0/50000]
loss: 0.040421  [ 6400/50000]
loss: 0.019608  [12800/50000]
loss: 0.013083  [19200/50000]
loss: 0.002073  [25600/50000]
loss: 0.085270  [32000/50000]
loss: 0.063533  [38400/50000]
loss: 0.129648  [44800/50000]
Test Error: 
 Accuracy: 84.4%, Avg loss: 0.800405 

Epoch 27
-------------------------------
loss: 0.010574  [    0/50000]
loss: 0.009196  [ 6400/50000]
loss: 0.009980  [12800/50000]
loss: 0.012061  [19200/50000]
loss: 0.026303  [25600/50000]
loss: 0.013516  [32000/50000]
loss: 0.042107  [38400/50000]
loss: 0.012920  [44800/50000]
Test Error: 
 Accuracy: 84.5%, Avg loss: 0.864073 

Epoch 28
-------------------------------
loss: 0.085716  [    0/50000]
loss: 0.004575  [ 6400/50000]
loss: 0.051321  [12800/50000]
loss: 0.062947  [19200/50000]
loss: 0.028460  [25600/50000]
loss: 0.014556  [32000/50000]
loss: 0.014704  [38400/50000]
loss: 0.075031  [44800/50000]
Test Error: 
 Accuracy: 85.5%, Avg loss: 0.792284 

Epoch 29
-------------------------------
loss: 0.002787  [    0/50000]
loss: 0.022599  [ 6400/50000]
loss: 0.071358  [12800/50000]
loss: 0.007069  [19200/50000]
loss: 0.041437  [25600/50000]
loss: 0.002854  [32000/50000]
loss: 0.026523  [38400/50000]
loss: 0.008655  [44800/50000]
Test Error: 
 Accuracy: 83.5%, Avg loss: 0.907342 

Epoch 30
-------------------------------
loss: 0.016052  [    0/50000]
loss: 0.043306  [ 6400/50000]
loss: 0.017319  [12800/50000]
loss: 0.067571  [19200/50000]
loss: 0.022889  [25600/50000]
loss: 0.005122  [32000/50000]
loss: 0.003775  [38400/50000]
loss: 0.003802  [44800/50000]
Test Error: 
 Accuracy: 85.2%, Avg loss: 0.802081 

Done!
