command config
N= 3
B= [4, 3, 3]
C1= 64
F= [5, 3, 3]
K= [5, 1, 1]
P= 8
number of parameters 4926026
Epoch 1
-------------------------------
loss: 2.425056  [    0/50000]
loss: 1.923490  [ 6400/50000]
loss: 1.718406  [12800/50000]
loss: 1.432571  [19200/50000]
loss: 1.587936  [25600/50000]
loss: 1.388352  [32000/50000]
loss: 1.411008  [38400/50000]
loss: 1.413636  [44800/50000]
Test Error: 
 Accuracy: 50.3%, Avg loss: 1.345963 

Epoch 2
-------------------------------
loss: 1.205138  [    0/50000]
loss: 1.236654  [ 6400/50000]
loss: 0.852376  [12800/50000]
loss: 1.220063  [19200/50000]
loss: 0.811682  [25600/50000]
loss: 0.959336  [32000/50000]
loss: 0.896815  [38400/50000]
loss: 1.176440  [44800/50000]
Test Error: 
 Accuracy: 64.3%, Avg loss: 0.995050 

Epoch 3
-------------------------------
loss: 0.901435  [    0/50000]
loss: 0.892649  [ 6400/50000]
loss: 0.591087  [12800/50000]
loss: 0.791493  [19200/50000]
loss: 1.098420  [25600/50000]
loss: 0.736145  [32000/50000]
loss: 0.689510  [38400/50000]
loss: 0.749712  [44800/50000]
Test Error: 
 Accuracy: 72.6%, Avg loss: 0.803337 

Epoch 4
-------------------------------
loss: 0.448687  [    0/50000]
loss: 0.717319  [ 6400/50000]
loss: 0.790552  [12800/50000]
loss: 0.633092  [19200/50000]
loss: 0.312891  [25600/50000]
loss: 0.585534  [32000/50000]
loss: 0.549676  [38400/50000]
loss: 0.562493  [44800/50000]
Test Error: 
 Accuracy: 75.4%, Avg loss: 0.713989 

Epoch 5
-------------------------------
loss: 0.542031  [    0/50000]
loss: 0.766867  [ 6400/50000]
loss: 0.832807  [12800/50000]
loss: 0.535071  [19200/50000]
loss: 0.529610  [25600/50000]
loss: 0.436570  [32000/50000]
loss: 0.481818  [38400/50000]
loss: 0.421929  [44800/50000]
Test Error: 
 Accuracy: 73.3%, Avg loss: 0.817259 

Epoch 6
-------------------------------
loss: 0.415031  [    0/50000]
loss: 0.431904  [ 6400/50000]
loss: 0.407339  [12800/50000]
loss: 0.528014  [19200/50000]
loss: 0.297309  [25600/50000]
loss: 0.457700  [32000/50000]
loss: 0.504861  [38400/50000]
loss: 0.440541  [44800/50000]
Test Error: 
 Accuracy: 81.3%, Avg loss: 0.553095 

Epoch 7
-------------------------------
loss: 0.431685  [    0/50000]
loss: 0.562184  [ 6400/50000]
loss: 0.289834  [12800/50000]
loss: 0.532129  [19200/50000]
loss: 0.302852  [25600/50000]
loss: 0.298068  [32000/50000]
loss: 0.396738  [38400/50000]
loss: 0.549628  [44800/50000]
Test Error: 
 Accuracy: 80.8%, Avg loss: 0.583006 

Epoch 8
-------------------------------
loss: 0.425401  [    0/50000]
loss: 0.316625  [ 6400/50000]
loss: 0.267736  [12800/50000]
loss: 0.249378  [19200/50000]
loss: 0.497221  [25600/50000]
loss: 0.460556  [32000/50000]
loss: 0.439629  [38400/50000]
loss: 0.489617  [44800/50000]
Test Error: 
 Accuracy: 79.6%, Avg loss: 0.631739 

Epoch 9
-------------------------------
loss: 0.422121  [    0/50000]
loss: 0.118148  [ 6400/50000]
loss: 0.285653  [12800/50000]
loss: 0.315833  [19200/50000]
loss: 0.384437  [25600/50000]
loss: 0.250512  [32000/50000]
loss: 0.144389  [38400/50000]
loss: 0.534075  [44800/50000]
Test Error: 
 Accuracy: 82.6%, Avg loss: 0.534907 

Epoch 10
-------------------------------
loss: 0.234647  [    0/50000]
loss: 0.347901  [ 6400/50000]
loss: 0.305207  [12800/50000]
loss: 0.194275  [19200/50000]
loss: 0.216927  [25600/50000]
loss: 0.318309  [32000/50000]
loss: 0.271900  [38400/50000]
loss: 0.188059  [44800/50000]
Test Error: 
 Accuracy: 84.9%, Avg loss: 0.474431 

Epoch 11
-------------------------------
loss: 0.192191  [    0/50000]
loss: 0.246040  [ 6400/50000]
loss: 0.151964  [12800/50000]
loss: 0.222414  [19200/50000]
loss: 0.283684  [25600/50000]
loss: 0.260111  [32000/50000]
loss: 0.299309  [38400/50000]
loss: 0.192549  [44800/50000]
Test Error: 
 Accuracy: 84.7%, Avg loss: 0.531660 

Epoch 12
-------------------------------
loss: 0.176842  [    0/50000]
loss: 0.069361  [ 6400/50000]
loss: 0.122267  [12800/50000]
loss: 0.115990  [19200/50000]
loss: 0.028316  [25600/50000]
loss: 0.228696  [32000/50000]
loss: 0.128310  [38400/50000]
loss: 0.159055  [44800/50000]
Test Error: 
 Accuracy: 83.8%, Avg loss: 0.564203 

Epoch 13
-------------------------------
loss: 0.145944  [    0/50000]
loss: 0.082485  [ 6400/50000]
loss: 0.082275  [12800/50000]
loss: 0.157633  [19200/50000]
loss: 0.062790  [25600/50000]
loss: 0.113473  [32000/50000]
loss: 0.120804  [38400/50000]
loss: 0.108195  [44800/50000]
Test Error: 
 Accuracy: 82.7%, Avg loss: 0.652008 

Epoch 14
-------------------------------
loss: 0.060817  [    0/50000]
loss: 0.048709  [ 6400/50000]
loss: 0.115745  [12800/50000]
loss: 0.044888  [19200/50000]
loss: 0.029410  [25600/50000]
loss: 0.084327  [32000/50000]
loss: 0.108926  [38400/50000]
loss: 0.117292  [44800/50000]
Test Error: 
 Accuracy: 82.5%, Avg loss: 0.715269 

Epoch 15
-------------------------------
loss: 0.126153  [    0/50000]
loss: 0.068875  [ 6400/50000]
loss: 0.072182  [12800/50000]
loss: 0.051183  [19200/50000]
loss: 0.020767  [25600/50000]
loss: 0.087248  [32000/50000]
loss: 0.038720  [38400/50000]
loss: 0.128932  [44800/50000]
Test Error: 
 Accuracy: 85.0%, Avg loss: 0.587899 

Epoch 16
-------------------------------
loss: 0.065940  [    0/50000]
loss: 0.068053  [ 6400/50000]
loss: 0.176924  [12800/50000]
loss: 0.074627  [19200/50000]
loss: 0.053241  [25600/50000]
loss: 0.054036  [32000/50000]
loss: 0.229098  [38400/50000]
loss: 0.132814  [44800/50000]
Test Error: 
 Accuracy: 85.1%, Avg loss: 0.592413 

Epoch 17
-------------------------------
loss: 0.017983  [    0/50000]
loss: 0.100172  [ 6400/50000]
loss: 0.031869  [12800/50000]
loss: 0.063354  [19200/50000]
loss: 0.014113  [25600/50000]
loss: 0.127331  [32000/50000]
loss: 0.183616  [38400/50000]
loss: 0.014245  [44800/50000]
Test Error: 
 Accuracy: 85.2%, Avg loss: 0.597021 

Epoch 18
-------------------------------
loss: 0.020765  [    0/50000]
loss: 0.085667  [ 6400/50000]
loss: 0.050303  [12800/50000]
loss: 0.060250  [19200/50000]
loss: 0.157341  [25600/50000]
loss: 0.118018  [32000/50000]
loss: 0.141272  [38400/50000]
loss: 0.034527  [44800/50000]
Test Error: 
 Accuracy: 85.2%, Avg loss: 0.666303 

Epoch 19
-------------------------------
loss: 0.030485  [    0/50000]
loss: 0.052786  [ 6400/50000]
loss: 0.024215  [12800/50000]
loss: 0.030681  [19200/50000]
loss: 0.099721  [25600/50000]
loss: 0.081193  [32000/50000]
loss: 0.058982  [38400/50000]
loss: 0.016324  [44800/50000]
Test Error: 
 Accuracy: 84.5%, Avg loss: 0.666147 

Epoch 20
-------------------------------
loss: 0.059881  [    0/50000]
loss: 0.009051  [ 6400/50000]
loss: 0.011530  [12800/50000]
loss: 0.213613  [19200/50000]
loss: 0.039308  [25600/50000]
loss: 0.023109  [32000/50000]
loss: 0.029970  [38400/50000]
loss: 0.016261  [44800/50000]
Test Error: 
 Accuracy: 85.2%, Avg loss: 0.639281 

Epoch 21
-------------------------------
loss: 0.009607  [    0/50000]
loss: 0.073925  [ 6400/50000]
loss: 0.059494  [12800/50000]
loss: 0.129462  [19200/50000]
loss: 0.019414  [25600/50000]
loss: 0.100068  [32000/50000]
loss: 0.046512  [38400/50000]
loss: 0.024720  [44800/50000]
Test Error: 
 Accuracy: 85.4%, Avg loss: 0.670012 

Epoch 22
-------------------------------
loss: 0.037587  [    0/50000]
loss: 0.024806  [ 6400/50000]
loss: 0.006636  [12800/50000]
loss: 0.007835  [19200/50000]
loss: 0.052414  [25600/50000]
loss: 0.052177  [32000/50000]
loss: 0.006914  [38400/50000]
loss: 0.022056  [44800/50000]
Test Error: 
 Accuracy: 85.3%, Avg loss: 0.675467 

Epoch 23
-------------------------------
loss: 0.110290  [    0/50000]
loss: 0.003402  [ 6400/50000]
loss: 0.017279  [12800/50000]
loss: 0.011828  [19200/50000]
loss: 0.011833  [25600/50000]
loss: 0.030161  [32000/50000]
loss: 0.065253  [38400/50000]
loss: 0.083864  [44800/50000]
Test Error: 
 Accuracy: 86.3%, Avg loss: 0.638613 

Epoch 24
-------------------------------
loss: 0.033049  [    0/50000]
loss: 0.004463  [ 6400/50000]
loss: 0.016303  [12800/50000]
loss: 0.074342  [19200/50000]
loss: 0.063979  [25600/50000]
loss: 0.024675  [32000/50000]
loss: 0.022851  [38400/50000]
loss: 0.023833  [44800/50000]
Test Error: 
 Accuracy: 84.4%, Avg loss: 0.728048 

Epoch 25
-------------------------------
loss: 0.000963  [    0/50000]
loss: 0.009156  [ 6400/50000]
loss: 0.087993  [12800/50000]
loss: 0.043057  [19200/50000]
loss: 0.014997  [25600/50000]
loss: 0.018371  [32000/50000]
loss: 0.081514  [38400/50000]
loss: 0.083163  [44800/50000]
Test Error: 
 Accuracy: 85.4%, Avg loss: 0.713421 

Epoch 26
-------------------------------
loss: 0.052288  [    0/50000]
loss: 0.030391  [ 6400/50000]
loss: 0.160037  [12800/50000]
loss: 0.031963  [19200/50000]
loss: 0.035834  [25600/50000]
loss: 0.002684  [32000/50000]
loss: 0.032445  [38400/50000]
loss: 0.096200  [44800/50000]
Test Error: 
 Accuracy: 84.4%, Avg loss: 0.803190 

Epoch 27
-------------------------------
loss: 0.035688  [    0/50000]
loss: 0.115998  [ 6400/50000]
loss: 0.088685  [12800/50000]
loss: 0.028179  [19200/50000]
loss: 0.008081  [25600/50000]
loss: 0.033788  [32000/50000]
loss: 0.001359  [38400/50000]
loss: 0.013730  [44800/50000]
Test Error: 
 Accuracy: 84.6%, Avg loss: 0.776533 

Epoch 28
-------------------------------
loss: 0.031127  [    0/50000]
loss: 0.031781  [ 6400/50000]
loss: 0.012316  [12800/50000]
loss: 0.018211  [19200/50000]
loss: 0.015938  [25600/50000]
loss: 0.087590  [32000/50000]
loss: 0.026705  [38400/50000]
loss: 0.033229  [44800/50000]
Test Error: 
 Accuracy: 83.5%, Avg loss: 0.907157 

Epoch 29
-------------------------------
loss: 0.079332  [    0/50000]
loss: 0.015599  [ 6400/50000]
loss: 0.003289  [12800/50000]
loss: 0.067047  [19200/50000]
loss: 0.007395  [25600/50000]
loss: 0.077417  [32000/50000]
loss: 0.021707  [38400/50000]
loss: 0.048638  [44800/50000]
Test Error: 
 Accuracy: 86.4%, Avg loss: 0.688049 

Epoch 30
-------------------------------
loss: 0.007473  [    0/50000]
loss: 0.014332  [ 6400/50000]
loss: 0.013879  [12800/50000]
loss: 0.025686  [19200/50000]
loss: 0.037273  [25600/50000]
loss: 0.183509  [32000/50000]
loss: 0.041934  [38400/50000]
loss: 0.001615  [44800/50000]
Test Error: 
 Accuracy: 85.8%, Avg loss: 0.781153 

Done!
