command config
N= 2
B= [2, 3]
C1= 128
F= [5, 3]
K= [5, 1]
P= 16
number of parameters 4926090
Epoch 1
-------------------------------
loss: 2.554056  [    0/50000]
loss: 1.569028  [ 6400/50000]
loss: 1.275918  [12800/50000]
loss: 1.388033  [19200/50000]
loss: 1.429765  [25600/50000]
loss: 1.186941  [32000/50000]
loss: 1.289425  [38400/50000]
loss: 1.156046  [44800/50000]
Test Error: 
 Accuracy: 55.7%, Avg loss: 1.247605 

Epoch 2
-------------------------------
loss: 1.133526  [    0/50000]
loss: 1.014209  [ 6400/50000]
loss: 0.979512  [12800/50000]
loss: 0.754497  [19200/50000]
loss: 0.899720  [25600/50000]
loss: 0.832053  [32000/50000]
loss: 0.823810  [38400/50000]
loss: 0.764964  [44800/50000]
Test Error: 
 Accuracy: 62.3%, Avg loss: 1.103133 

Epoch 3
-------------------------------
loss: 0.858097  [    0/50000]
loss: 0.841766  [ 6400/50000]
loss: 0.917263  [12800/50000]
loss: 0.825860  [19200/50000]
loss: 0.753136  [25600/50000]
loss: 0.777426  [32000/50000]
loss: 1.109577  [38400/50000]
loss: 0.804866  [44800/50000]
Test Error: 
 Accuracy: 66.7%, Avg loss: 0.964412 

Epoch 4
-------------------------------
loss: 0.615095  [    0/50000]
loss: 0.621504  [ 6400/50000]
loss: 0.899952  [12800/50000]
loss: 0.682297  [19200/50000]
loss: 0.683444  [25600/50000]
loss: 0.629773  [32000/50000]
loss: 0.482871  [38400/50000]
loss: 0.619592  [44800/50000]
Test Error: 
 Accuracy: 74.8%, Avg loss: 0.735711 

Epoch 5
-------------------------------
loss: 0.585044  [    0/50000]
loss: 0.666325  [ 6400/50000]
loss: 0.489556  [12800/50000]
loss: 0.440467  [19200/50000]
loss: 0.568476  [25600/50000]
loss: 0.767883  [32000/50000]
loss: 0.484110  [38400/50000]
loss: 0.483646  [44800/50000]
Test Error: 
 Accuracy: 78.1%, Avg loss: 0.655215 

Epoch 6
-------------------------------
loss: 0.610570  [    0/50000]
loss: 0.592643  [ 6400/50000]
loss: 0.417812  [12800/50000]
loss: 0.500099  [19200/50000]
loss: 0.494681  [25600/50000]
loss: 0.401688  [32000/50000]
loss: 0.600531  [38400/50000]
loss: 0.500243  [44800/50000]
Test Error: 
 Accuracy: 78.4%, Avg loss: 0.621601 

Epoch 7
-------------------------------
loss: 0.405497  [    0/50000]
loss: 0.275939  [ 6400/50000]
loss: 0.365086  [12800/50000]
loss: 0.420466  [19200/50000]
loss: 0.385889  [25600/50000]
loss: 0.423281  [32000/50000]
loss: 0.581081  [38400/50000]
loss: 0.361123  [44800/50000]
Test Error: 
 Accuracy: 77.1%, Avg loss: 0.706075 

Epoch 8
-------------------------------
loss: 0.291249  [    0/50000]
loss: 0.532665  [ 6400/50000]
loss: 0.318967  [12800/50000]
loss: 0.232004  [19200/50000]
loss: 0.312337  [25600/50000]
loss: 0.347494  [32000/50000]
loss: 0.415585  [38400/50000]
loss: 0.530507  [44800/50000]
Test Error: 
 Accuracy: 82.4%, Avg loss: 0.527068 

Epoch 9
-------------------------------
loss: 0.270776  [    0/50000]
loss: 0.318487  [ 6400/50000]
loss: 0.546613  [12800/50000]
loss: 0.529466  [19200/50000]
loss: 0.436175  [25600/50000]
loss: 0.245564  [32000/50000]
loss: 0.329857  [38400/50000]
loss: 0.300776  [44800/50000]
Test Error: 
 Accuracy: 81.7%, Avg loss: 0.575750 

Epoch 10
-------------------------------
loss: 0.308983  [    0/50000]
loss: 0.273451  [ 6400/50000]
loss: 0.322245  [12800/50000]
loss: 0.270502  [19200/50000]
loss: 0.375736  [25600/50000]
loss: 0.383219  [32000/50000]
loss: 0.415778  [38400/50000]
loss: 0.461073  [44800/50000]
Test Error: 
 Accuracy: 84.9%, Avg loss: 0.462611 

Epoch 11
-------------------------------
loss: 0.126986  [    0/50000]
loss: 0.241987  [ 6400/50000]
loss: 0.301822  [12800/50000]
loss: 0.313165  [19200/50000]
loss: 0.422417  [25600/50000]
loss: 0.484744  [32000/50000]
loss: 0.315342  [38400/50000]
loss: 0.162553  [44800/50000]
Test Error: 
 Accuracy: 78.5%, Avg loss: 0.704511 

Epoch 12
-------------------------------
loss: 0.304312  [    0/50000]
loss: 0.310032  [ 6400/50000]
loss: 0.160157  [12800/50000]
loss: 0.419900  [19200/50000]
loss: 0.311972  [25600/50000]
loss: 0.316191  [32000/50000]
loss: 0.341490  [38400/50000]
loss: 0.227801  [44800/50000]
Test Error: 
 Accuracy: 83.7%, Avg loss: 0.510069 

Epoch 13
-------------------------------
loss: 0.208259  [    0/50000]
loss: 0.162949  [ 6400/50000]
loss: 0.185996  [12800/50000]
loss: 0.346189  [19200/50000]
loss: 0.325790  [25600/50000]
loss: 0.270776  [32000/50000]
loss: 0.280948  [38400/50000]
loss: 0.270867  [44800/50000]
Test Error: 
 Accuracy: 85.9%, Avg loss: 0.468404 

Epoch 14
-------------------------------
loss: 0.087024  [    0/50000]
loss: 0.142627  [ 6400/50000]
loss: 0.115532  [12800/50000]
loss: 0.267397  [19200/50000]
loss: 0.149024  [25600/50000]
loss: 0.286061  [32000/50000]
loss: 0.151042  [38400/50000]
loss: 0.239828  [44800/50000]
Test Error: 
 Accuracy: 84.4%, Avg loss: 0.525258 

Epoch 15
-------------------------------
loss: 0.233156  [    0/50000]
loss: 0.174928  [ 6400/50000]
loss: 0.183711  [12800/50000]
loss: 0.140330  [19200/50000]
loss: 0.124868  [25600/50000]
loss: 0.108746  [32000/50000]
loss: 0.126006  [38400/50000]
loss: 0.114492  [44800/50000]
Test Error: 
 Accuracy: 85.3%, Avg loss: 0.497015 

Epoch 16
-------------------------------
loss: 0.114877  [    0/50000]
loss: 0.091347  [ 6400/50000]
loss: 0.060920  [12800/50000]
loss: 0.153973  [19200/50000]
loss: 0.091898  [25600/50000]
loss: 0.127240  [32000/50000]
loss: 0.034740  [38400/50000]
loss: 0.330097  [44800/50000]
Test Error: 
 Accuracy: 84.4%, Avg loss: 0.561738 

Epoch 17
-------------------------------
loss: 0.183178  [    0/50000]
loss: 0.106167  [ 6400/50000]
loss: 0.124890  [12800/50000]
loss: 0.072845  [19200/50000]
loss: 0.189366  [25600/50000]
loss: 0.149221  [32000/50000]
loss: 0.034074  [38400/50000]
loss: 0.087132  [44800/50000]
Test Error: 
 Accuracy: 84.8%, Avg loss: 0.618097 

Epoch 18
-------------------------------
loss: 0.078904  [    0/50000]
loss: 0.037680  [ 6400/50000]
loss: 0.057925  [12800/50000]
loss: 0.297067  [19200/50000]
loss: 0.161548  [25600/50000]
loss: 0.080977  [32000/50000]
loss: 0.088645  [38400/50000]
loss: 0.081429  [44800/50000]
Test Error: 
 Accuracy: 83.6%, Avg loss: 0.652937 

Epoch 19
-------------------------------
loss: 0.085018  [    0/50000]
loss: 0.144394  [ 6400/50000]
loss: 0.051279  [12800/50000]
loss: 0.075520  [19200/50000]
loss: 0.168032  [25600/50000]
loss: 0.018608  [32000/50000]
loss: 0.223858  [38400/50000]
loss: 0.102207  [44800/50000]
Test Error: 
 Accuracy: 85.4%, Avg loss: 0.595870 

Epoch 20
-------------------------------
loss: 0.110604  [    0/50000]
loss: 0.036425  [ 6400/50000]
loss: 0.031454  [12800/50000]
loss: 0.060467  [19200/50000]
loss: 0.212390  [25600/50000]
loss: 0.120210  [32000/50000]
loss: 0.128922  [38400/50000]
loss: 0.106432  [44800/50000]
Test Error: 
 Accuracy: 86.5%, Avg loss: 0.532282 

Epoch 21
-------------------------------
loss: 0.053424  [    0/50000]
loss: 0.041308  [ 6400/50000]
loss: 0.067432  [12800/50000]
loss: 0.057001  [19200/50000]
loss: 0.106374  [25600/50000]
loss: 0.109757  [32000/50000]
loss: 0.050714  [38400/50000]
loss: 0.171224  [44800/50000]
Test Error: 
 Accuracy: 84.4%, Avg loss: 0.669399 

Epoch 22
-------------------------------
loss: 0.021699  [    0/50000]
loss: 0.032989  [ 6400/50000]
loss: 0.050301  [12800/50000]
loss: 0.041915  [19200/50000]
loss: 0.061326  [25600/50000]
loss: 0.047846  [32000/50000]
loss: 0.036336  [38400/50000]
loss: 0.043223  [44800/50000]
Test Error: 
 Accuracy: 85.6%, Avg loss: 0.664642 

Epoch 23
-------------------------------
loss: 0.031646  [    0/50000]
loss: 0.050629  [ 6400/50000]
loss: 0.046271  [12800/50000]
loss: 0.004333  [19200/50000]
loss: 0.082171  [25600/50000]
loss: 0.040975  [32000/50000]
loss: 0.073752  [38400/50000]
loss: 0.102185  [44800/50000]
Test Error: 
 Accuracy: 83.5%, Avg loss: 0.718476 

Epoch 24
-------------------------------
loss: 0.021588  [    0/50000]
loss: 0.033551  [ 6400/50000]
loss: 0.006245  [12800/50000]
loss: 0.014561  [19200/50000]
loss: 0.039716  [25600/50000]
loss: 0.027343  [32000/50000]
loss: 0.046477  [38400/50000]
loss: 0.107551  [44800/50000]
Test Error: 
 Accuracy: 86.4%, Avg loss: 0.609282 

Epoch 25
-------------------------------
loss: 0.030106  [    0/50000]
loss: 0.009499  [ 6400/50000]
loss: 0.013819  [12800/50000]
loss: 0.041862  [19200/50000]
loss: 0.082132  [25600/50000]
loss: 0.062424  [32000/50000]
loss: 0.050823  [38400/50000]
loss: 0.152993  [44800/50000]
Test Error: 
 Accuracy: 85.6%, Avg loss: 0.675524 

Epoch 26
-------------------------------
loss: 0.088378  [    0/50000]
loss: 0.075619  [ 6400/50000]
loss: 0.069786  [12800/50000]
loss: 0.173862  [19200/50000]
loss: 0.011026  [25600/50000]
loss: 0.008290  [32000/50000]
loss: 0.010134  [38400/50000]
loss: 0.056517  [44800/50000]
Test Error: 
 Accuracy: 85.8%, Avg loss: 0.675440 

Epoch 27
-------------------------------
loss: 0.041357  [    0/50000]
loss: 0.054395  [ 6400/50000]
loss: 0.053441  [12800/50000]
loss: 0.040794  [19200/50000]
loss: 0.024367  [25600/50000]
loss: 0.024887  [32000/50000]
loss: 0.011581  [38400/50000]
loss: 0.008235  [44800/50000]
Test Error: 
 Accuracy: 86.2%, Avg loss: 0.626999 

Epoch 28
-------------------------------
loss: 0.028493  [    0/50000]
loss: 0.005388  [ 6400/50000]
loss: 0.004728  [12800/50000]
loss: 0.043708  [19200/50000]
loss: 0.048154  [25600/50000]
loss: 0.082692  [32000/50000]
loss: 0.011701  [38400/50000]
loss: 0.006062  [44800/50000]
Test Error: 
 Accuracy: 87.1%, Avg loss: 0.584268 

Epoch 29
-------------------------------
loss: 0.144133  [    0/50000]
loss: 0.017916  [ 6400/50000]
loss: 0.036069  [12800/50000]
loss: 0.031861  [19200/50000]
loss: 0.042953  [25600/50000]
loss: 0.032345  [32000/50000]
loss: 0.012141  [38400/50000]
loss: 0.072007  [44800/50000]
Test Error: 
 Accuracy: 87.2%, Avg loss: 0.612249 

Epoch 30
-------------------------------
loss: 0.035852  [    0/50000]
loss: 0.009317  [ 6400/50000]
loss: 0.018955  [12800/50000]
loss: 0.026860  [19200/50000]
loss: 0.018121  [25600/50000]
loss: 0.021431  [32000/50000]
loss: 0.010570  [38400/50000]
loss: 0.078838  [44800/50000]
Test Error: 
 Accuracy: 87.4%, Avg loss: 0.579628 

Done!
