command config
N= 3
B= [4, 3, 2]
C1= 64
F= [3, 5, 3]
K= [1, 3, 1]
P= 8
number of parameters 4728394
Epoch 1
-------------------------------
loss: 2.396573  [    0/50000]
loss: 1.531782  [ 6400/50000]
loss: 1.515839  [12800/50000]
loss: 1.314940  [19200/50000]
loss: 1.240077  [25600/50000]
loss: 0.935504  [32000/50000]
loss: 1.267075  [38400/50000]
loss: 0.971117  [44800/50000]
Test Error: 
 Accuracy: 63.6%, Avg loss: 1.003617 

Epoch 2
-------------------------------
loss: 1.065699  [    0/50000]
loss: 1.104302  [ 6400/50000]
loss: 0.971177  [12800/50000]
loss: 1.019639  [19200/50000]
loss: 0.977541  [25600/50000]
loss: 0.852513  [32000/50000]
loss: 0.615243  [38400/50000]
loss: 0.623869  [44800/50000]
Test Error: 
 Accuracy: 73.5%, Avg loss: 0.757881 

Epoch 3
-------------------------------
loss: 0.817271  [    0/50000]
loss: 0.677579  [ 6400/50000]
loss: 0.696228  [12800/50000]
loss: 0.488761  [19200/50000]
loss: 0.799245  [25600/50000]
loss: 0.595778  [32000/50000]
loss: 0.595438  [38400/50000]
loss: 0.548649  [44800/50000]
Test Error: 
 Accuracy: 74.4%, Avg loss: 0.732218 

Epoch 4
-------------------------------
loss: 0.493876  [    0/50000]
loss: 0.303629  [ 6400/50000]
loss: 0.468049  [12800/50000]
loss: 0.480153  [19200/50000]
loss: 0.512866  [25600/50000]
loss: 0.536833  [32000/50000]
loss: 0.427790  [38400/50000]
loss: 0.505663  [44800/50000]
Test Error: 
 Accuracy: 79.7%, Avg loss: 0.593707 

Epoch 5
-------------------------------
loss: 0.429780  [    0/50000]
loss: 0.833662  [ 6400/50000]
loss: 0.419055  [12800/50000]
loss: 0.354959  [19200/50000]
loss: 0.782122  [25600/50000]
loss: 0.300022  [32000/50000]
loss: 0.298121  [38400/50000]
loss: 0.442115  [44800/50000]
Test Error: 
 Accuracy: 81.8%, Avg loss: 0.536120 

Epoch 6
-------------------------------
loss: 0.390814  [    0/50000]
loss: 0.218681  [ 6400/50000]
loss: 0.468406  [12800/50000]
loss: 0.455194  [19200/50000]
loss: 0.226334  [25600/50000]
loss: 0.458214  [32000/50000]
loss: 0.376886  [38400/50000]
loss: 0.251455  [44800/50000]
Test Error: 
 Accuracy: 83.6%, Avg loss: 0.490157 

Epoch 7
-------------------------------
loss: 0.142317  [    0/50000]
loss: 0.164558  [ 6400/50000]
loss: 0.203448  [12800/50000]
loss: 0.367416  [19200/50000]
loss: 0.233435  [25600/50000]
loss: 0.222225  [32000/50000]
loss: 0.302373  [38400/50000]
loss: 0.298060  [44800/50000]
Test Error: 
 Accuracy: 83.1%, Avg loss: 0.519093 

Epoch 8
-------------------------------
loss: 0.230862  [    0/50000]
loss: 0.216944  [ 6400/50000]
loss: 0.049759  [12800/50000]
loss: 0.195845  [19200/50000]
loss: 0.310654  [25600/50000]
loss: 0.138856  [32000/50000]
loss: 0.146363  [38400/50000]
loss: 0.295543  [44800/50000]
Test Error: 
 Accuracy: 84.1%, Avg loss: 0.535712 

Epoch 9
-------------------------------
loss: 0.206304  [    0/50000]
loss: 0.088988  [ 6400/50000]
loss: 0.177580  [12800/50000]
loss: 0.078157  [19200/50000]
loss: 0.329423  [25600/50000]
loss: 0.173729  [32000/50000]
loss: 0.239890  [38400/50000]
loss: 0.167253  [44800/50000]
Test Error: 
 Accuracy: 82.2%, Avg loss: 0.630090 

Epoch 10
-------------------------------
loss: 0.085984  [    0/50000]
loss: 0.104597  [ 6400/50000]
loss: 0.092610  [12800/50000]
loss: 0.163556  [19200/50000]
loss: 0.075306  [25600/50000]
loss: 0.052232  [32000/50000]
loss: 0.173407  [38400/50000]
loss: 0.181690  [44800/50000]
Test Error: 
 Accuracy: 86.0%, Avg loss: 0.497291 

Epoch 11
-------------------------------
loss: 0.130482  [    0/50000]
loss: 0.039668  [ 6400/50000]
loss: 0.054258  [12800/50000]
loss: 0.032491  [19200/50000]
loss: 0.139295  [25600/50000]
loss: 0.078587  [32000/50000]
loss: 0.070188  [38400/50000]
loss: 0.199043  [44800/50000]
Test Error: 
 Accuracy: 84.2%, Avg loss: 0.605545 

Epoch 12
-------------------------------
loss: 0.097306  [    0/50000]
loss: 0.094274  [ 6400/50000]
loss: 0.055513  [12800/50000]
loss: 0.105762  [19200/50000]
loss: 0.064870  [25600/50000]
loss: 0.029688  [32000/50000]
loss: 0.075937  [38400/50000]
loss: 0.133173  [44800/50000]
Test Error: 
 Accuracy: 85.4%, Avg loss: 0.616750 

Epoch 13
-------------------------------
loss: 0.086861  [    0/50000]
loss: 0.039882  [ 6400/50000]
loss: 0.141618  [12800/50000]
loss: 0.032545  [19200/50000]
loss: 0.094944  [25600/50000]
loss: 0.029346  [32000/50000]
loss: 0.142992  [38400/50000]
loss: 0.040602  [44800/50000]
Test Error: 
 Accuracy: 85.6%, Avg loss: 0.572592 

Epoch 14
-------------------------------
loss: 0.036377  [    0/50000]
loss: 0.022331  [ 6400/50000]
loss: 0.025104  [12800/50000]
loss: 0.026558  [19200/50000]
loss: 0.053462  [25600/50000]
loss: 0.004417  [32000/50000]
loss: 0.105692  [38400/50000]
loss: 0.050817  [44800/50000]
Test Error: 
 Accuracy: 85.2%, Avg loss: 0.606848 

Epoch 15
-------------------------------
loss: 0.026201  [    0/50000]
loss: 0.045542  [ 6400/50000]
loss: 0.023946  [12800/50000]
loss: 0.007433  [19200/50000]
loss: 0.136198  [25600/50000]
loss: 0.053641  [32000/50000]
loss: 0.053226  [38400/50000]
loss: 0.067117  [44800/50000]
Test Error: 
 Accuracy: 82.5%, Avg loss: 0.799884 

Epoch 16
-------------------------------
loss: 0.012403  [    0/50000]
loss: 0.030591  [ 6400/50000]
loss: 0.008296  [12800/50000]
loss: 0.013196  [19200/50000]
loss: 0.014720  [25600/50000]
loss: 0.033615  [32000/50000]
loss: 0.009534  [38400/50000]
loss: 0.010687  [44800/50000]
Test Error: 
 Accuracy: 84.4%, Avg loss: 0.747487 

Epoch 17
-------------------------------
loss: 0.033923  [    0/50000]
loss: 0.086170  [ 6400/50000]
loss: 0.010557  [12800/50000]
loss: 0.020398  [19200/50000]
loss: 0.045831  [25600/50000]
loss: 0.005422  [32000/50000]
loss: 0.017625  [38400/50000]
loss: 0.058304  [44800/50000]
Test Error: 
 Accuracy: 85.0%, Avg loss: 0.667442 

Epoch 18
-------------------------------
loss: 0.009336  [    0/50000]
loss: 0.005759  [ 6400/50000]
loss: 0.030988  [12800/50000]
loss: 0.009987  [19200/50000]
loss: 0.029963  [25600/50000]
loss: 0.027992  [32000/50000]
loss: 0.032059  [38400/50000]
loss: 0.009318  [44800/50000]
Test Error: 
 Accuracy: 86.8%, Avg loss: 0.617036 

Epoch 19
-------------------------------
loss: 0.010982  [    0/50000]
loss: 0.034497  [ 6400/50000]
loss: 0.024506  [12800/50000]
loss: 0.072586  [19200/50000]
loss: 0.105101  [25600/50000]
loss: 0.001034  [32000/50000]
loss: 0.018645  [38400/50000]
loss: 0.070277  [44800/50000]
Test Error: 
 Accuracy: 85.9%, Avg loss: 0.670631 

Epoch 20
-------------------------------
loss: 0.019686  [    0/50000]
loss: 0.016100  [ 6400/50000]
loss: 0.015704  [12800/50000]
loss: 0.003990  [19200/50000]
loss: 0.053848  [25600/50000]
loss: 0.048169  [32000/50000]
loss: 0.051980  [38400/50000]
loss: 0.038501  [44800/50000]
Test Error: 
 Accuracy: 87.5%, Avg loss: 0.578601 

Epoch 21
-------------------------------
loss: 0.075031  [    0/50000]
loss: 0.074479  [ 6400/50000]
loss: 0.021352  [12800/50000]
loss: 0.028221  [19200/50000]
loss: 0.012229  [25600/50000]
loss: 0.081953  [32000/50000]
loss: 0.000690  [38400/50000]
loss: 0.016285  [44800/50000]
Test Error: 
 Accuracy: 86.9%, Avg loss: 0.636438 

Epoch 22
-------------------------------
loss: 0.012839  [    0/50000]
loss: 0.001364  [ 6400/50000]
loss: 0.053461  [12800/50000]
loss: 0.006057  [19200/50000]
loss: 0.025620  [25600/50000]
loss: 0.022214  [32000/50000]
loss: 0.039870  [38400/50000]
loss: 0.053976  [44800/50000]
Test Error: 
 Accuracy: 87.2%, Avg loss: 0.609708 

Epoch 23
-------------------------------
loss: 0.011997  [    0/50000]
loss: 0.011912  [ 6400/50000]
loss: 0.002894  [12800/50000]
loss: 0.071084  [19200/50000]
loss: 0.022228  [25600/50000]
loss: 0.009178  [32000/50000]
loss: 0.018992  [38400/50000]
loss: 0.161471  [44800/50000]
Test Error: 
 Accuracy: 85.7%, Avg loss: 0.723689 

Epoch 24
-------------------------------
loss: 0.001325  [    0/50000]
loss: 0.011624  [ 6400/50000]
loss: 0.021337  [12800/50000]
loss: 0.071287  [19200/50000]
loss: 0.049444  [25600/50000]
loss: 0.014054  [32000/50000]
loss: 0.031270  [38400/50000]
loss: 0.002551  [44800/50000]
Test Error: 
 Accuracy: 87.0%, Avg loss: 0.652977 

Epoch 25
-------------------------------
loss: 0.040914  [    0/50000]
loss: 0.019761  [ 6400/50000]
loss: 0.011338  [12800/50000]
loss: 0.025132  [19200/50000]
loss: 0.012912  [25600/50000]
loss: 0.051234  [32000/50000]
loss: 0.010343  [38400/50000]
loss: 0.050288  [44800/50000]
Test Error: 
 Accuracy: 87.3%, Avg loss: 0.630399 

Epoch 26
-------------------------------
loss: 0.046542  [    0/50000]
loss: 0.010207  [ 6400/50000]
loss: 0.014275  [12800/50000]
loss: 0.044910  [19200/50000]
loss: 0.024248  [25600/50000]
loss: 0.007571  [32000/50000]
loss: 0.006487  [38400/50000]
loss: 0.066113  [44800/50000]
Test Error: 
 Accuracy: 84.7%, Avg loss: 0.827270 

Epoch 27
-------------------------------
loss: 0.022797  [    0/50000]
loss: 0.048971  [ 6400/50000]
loss: 0.042188  [12800/50000]
loss: 0.013730  [19200/50000]
loss: 0.017791  [25600/50000]
loss: 0.000754  [32000/50000]
loss: 0.003858  [38400/50000]
loss: 0.005551  [44800/50000]
Test Error: 
 Accuracy: 87.1%, Avg loss: 0.655871 

Epoch 28
-------------------------------
loss: 0.020336  [    0/50000]
loss: 0.064387  [ 6400/50000]
loss: 0.002617  [12800/50000]
loss: 0.070338  [19200/50000]
loss: 0.001165  [25600/50000]
loss: 0.000978  [32000/50000]
loss: 0.044055  [38400/50000]
loss: 0.026281  [44800/50000]
Test Error: 
 Accuracy: 87.1%, Avg loss: 0.689615 

Epoch 29
-------------------------------
loss: 0.010942  [    0/50000]
loss: 0.003858  [ 6400/50000]
loss: 0.021116  [12800/50000]
loss: 0.001570  [19200/50000]
loss: 0.004851  [25600/50000]
loss: 0.005868  [32000/50000]
loss: 0.004315  [38400/50000]
loss: 0.024377  [44800/50000]
Test Error: 
 Accuracy: 86.0%, Avg loss: 0.708914 

Epoch 30
-------------------------------
loss: 0.003019  [    0/50000]
loss: 0.009172  [ 6400/50000]
loss: 0.000743  [12800/50000]
loss: 0.003747  [19200/50000]
loss: 0.007704  [25600/50000]
loss: 0.006254  [32000/50000]
loss: 0.082915  [38400/50000]
loss: 0.038813  [44800/50000]
Test Error: 
 Accuracy: 86.9%, Avg loss: 0.664119 

Done!
