command config
N= 3
B= [4, 2, 3]
C1= 64
F= [5, 3, 3]
K= [5, 1, 1]
P= 8
number of parameters 4630602
Epoch 1
-------------------------------
loss: 2.552193  [    0/50000]
loss: 1.635791  [ 6400/50000]
loss: 1.352849  [12800/50000]
loss: 1.449621  [19200/50000]
loss: 1.318464  [25600/50000]
loss: 1.395638  [32000/50000]
loss: 1.281051  [38400/50000]
loss: 1.214082  [44800/50000]
Test Error: 
 Accuracy: 55.6%, Avg loss: 1.248129 

Epoch 2
-------------------------------
loss: 1.221364  [    0/50000]
loss: 1.132090  [ 6400/50000]
loss: 0.764505  [12800/50000]
loss: 1.043572  [19200/50000]
loss: 1.030691  [25600/50000]
loss: 1.071295  [32000/50000]
loss: 0.988093  [38400/50000]
loss: 0.835154  [44800/50000]
Test Error: 
 Accuracy: 64.3%, Avg loss: 1.016507 

Epoch 3
-------------------------------
loss: 0.648968  [    0/50000]
loss: 0.799747  [ 6400/50000]
loss: 0.717050  [12800/50000]
loss: 0.653545  [19200/50000]
loss: 0.623928  [25600/50000]
loss: 0.746643  [32000/50000]
loss: 0.511716  [38400/50000]
loss: 0.605274  [44800/50000]
Test Error: 
 Accuracy: 73.4%, Avg loss: 0.755192 

Epoch 4
-------------------------------
loss: 0.533514  [    0/50000]
loss: 0.577824  [ 6400/50000]
loss: 0.773799  [12800/50000]
loss: 0.662686  [19200/50000]
loss: 0.603798  [25600/50000]
loss: 0.683780  [32000/50000]
loss: 0.746721  [38400/50000]
loss: 0.609446  [44800/50000]
Test Error: 
 Accuracy: 78.2%, Avg loss: 0.633285 

Epoch 5
-------------------------------
loss: 0.672823  [    0/50000]
loss: 0.794386  [ 6400/50000]
loss: 0.562933  [12800/50000]
loss: 0.681120  [19200/50000]
loss: 0.497083  [25600/50000]
loss: 0.378739  [32000/50000]
loss: 0.624225  [38400/50000]
loss: 0.524164  [44800/50000]
Test Error: 
 Accuracy: 74.5%, Avg loss: 0.779589 

Epoch 6
-------------------------------
loss: 0.574573  [    0/50000]
loss: 0.380255  [ 6400/50000]
loss: 0.284683  [12800/50000]
loss: 0.545688  [19200/50000]
loss: 0.357776  [25600/50000]
loss: 0.456681  [32000/50000]
loss: 0.802687  [38400/50000]
loss: 0.293698  [44800/50000]
Test Error: 
 Accuracy: 79.9%, Avg loss: 0.602780 

Epoch 7
-------------------------------
loss: 0.293744  [    0/50000]
loss: 0.431760  [ 6400/50000]
loss: 0.385038  [12800/50000]
loss: 0.452401  [19200/50000]
loss: 0.338880  [25600/50000]
loss: 0.364941  [32000/50000]
loss: 0.438561  [38400/50000]
loss: 0.351032  [44800/50000]
Test Error: 
 Accuracy: 81.4%, Avg loss: 0.563209 

Epoch 8
-------------------------------
loss: 0.249647  [    0/50000]
loss: 0.269441  [ 6400/50000]
loss: 0.185851  [12800/50000]
loss: 0.396663  [19200/50000]
loss: 0.258220  [25600/50000]
loss: 0.321285  [32000/50000]
loss: 0.327445  [38400/50000]
loss: 0.374750  [44800/50000]
Test Error: 
 Accuracy: 82.7%, Avg loss: 0.535648 

Epoch 9
-------------------------------
loss: 0.206516  [    0/50000]
loss: 0.164377  [ 6400/50000]
loss: 0.274910  [12800/50000]
loss: 0.267840  [19200/50000]
loss: 0.226803  [25600/50000]
loss: 0.165918  [32000/50000]
loss: 0.498210  [38400/50000]
loss: 0.185660  [44800/50000]
Test Error: 
 Accuracy: 82.7%, Avg loss: 0.536946 

Epoch 10
-------------------------------
loss: 0.280397  [    0/50000]
loss: 0.218603  [ 6400/50000]
loss: 0.151480  [12800/50000]
loss: 0.228164  [19200/50000]
loss: 0.243270  [25600/50000]
loss: 0.115307  [32000/50000]
loss: 0.316777  [38400/50000]
loss: 0.119796  [44800/50000]
Test Error: 
 Accuracy: 82.2%, Avg loss: 0.576790 

Epoch 11
-------------------------------
loss: 0.126191  [    0/50000]
loss: 0.156278  [ 6400/50000]
loss: 0.183037  [12800/50000]
loss: 0.183727  [19200/50000]
loss: 0.239033  [25600/50000]
loss: 0.151678  [32000/50000]
loss: 0.208024  [38400/50000]
loss: 0.113197  [44800/50000]
Test Error: 
 Accuracy: 81.3%, Avg loss: 0.649573 

Epoch 12
-------------------------------
loss: 0.065567  [    0/50000]
loss: 0.146080  [ 6400/50000]
loss: 0.092824  [12800/50000]
loss: 0.105523  [19200/50000]
loss: 0.148016  [25600/50000]
loss: 0.151986  [32000/50000]
loss: 0.213747  [38400/50000]
loss: 0.181190  [44800/50000]
Test Error: 
 Accuracy: 82.1%, Avg loss: 0.666593 

Epoch 13
-------------------------------
loss: 0.046575  [    0/50000]
loss: 0.057631  [ 6400/50000]
loss: 0.055061  [12800/50000]
loss: 0.133071  [19200/50000]
loss: 0.110727  [25600/50000]
loss: 0.109166  [32000/50000]
loss: 0.136093  [38400/50000]
loss: 0.248374  [44800/50000]
Test Error: 
 Accuracy: 83.8%, Avg loss: 0.590351 

Epoch 14
-------------------------------
loss: 0.099503  [    0/50000]
loss: 0.051042  [ 6400/50000]
loss: 0.106390  [12800/50000]
loss: 0.024664  [19200/50000]
loss: 0.132845  [25600/50000]
loss: 0.070669  [32000/50000]
loss: 0.130180  [38400/50000]
loss: 0.049663  [44800/50000]
Test Error: 
 Accuracy: 82.8%, Avg loss: 0.716179 

Epoch 15
-------------------------------
loss: 0.053200  [    0/50000]
loss: 0.137397  [ 6400/50000]
loss: 0.038113  [12800/50000]
loss: 0.086675  [19200/50000]
loss: 0.086486  [25600/50000]
loss: 0.154609  [32000/50000]
loss: 0.030675  [38400/50000]
loss: 0.061023  [44800/50000]
Test Error: 
 Accuracy: 84.0%, Avg loss: 0.688810 

Epoch 16
-------------------------------
loss: 0.098667  [    0/50000]
loss: 0.024993  [ 6400/50000]
loss: 0.063496  [12800/50000]
loss: 0.076881  [19200/50000]
loss: 0.071245  [25600/50000]
loss: 0.072200  [32000/50000]
loss: 0.112475  [38400/50000]
loss: 0.058220  [44800/50000]
Test Error: 
 Accuracy: 83.9%, Avg loss: 0.697858 

Epoch 17
-------------------------------
loss: 0.158623  [    0/50000]
loss: 0.163649  [ 6400/50000]
loss: 0.078556  [12800/50000]
loss: 0.034593  [19200/50000]
loss: 0.016471  [25600/50000]
loss: 0.103076  [32000/50000]
loss: 0.025093  [38400/50000]
loss: 0.041367  [44800/50000]
Test Error: 
 Accuracy: 84.9%, Avg loss: 0.734616 

Epoch 18
-------------------------------
loss: 0.053187  [    0/50000]
loss: 0.023671  [ 6400/50000]
loss: 0.103350  [12800/50000]
loss: 0.060019  [19200/50000]
loss: 0.168425  [25600/50000]
loss: 0.032820  [32000/50000]
loss: 0.027219  [38400/50000]
loss: 0.098013  [44800/50000]
Test Error: 
 Accuracy: 83.6%, Avg loss: 0.750214 

Epoch 19
-------------------------------
loss: 0.029594  [    0/50000]
loss: 0.009531  [ 6400/50000]
loss: 0.042361  [12800/50000]
loss: 0.027447  [19200/50000]
loss: 0.022822  [25600/50000]
loss: 0.018269  [32000/50000]
loss: 0.053144  [38400/50000]
loss: 0.010008  [44800/50000]
Test Error: 
 Accuracy: 83.6%, Avg loss: 0.776488 

Epoch 20
-------------------------------
loss: 0.012872  [    0/50000]
loss: 0.036469  [ 6400/50000]
loss: 0.012882  [12800/50000]
loss: 0.098890  [19200/50000]
loss: 0.002931  [25600/50000]
loss: 0.006902  [32000/50000]
loss: 0.090558  [38400/50000]
loss: 0.057925  [44800/50000]
Test Error: 
 Accuracy: 83.8%, Avg loss: 0.770640 

Epoch 21
-------------------------------
loss: 0.010378  [    0/50000]
loss: 0.144714  [ 6400/50000]
loss: 0.054873  [12800/50000]
loss: 0.093053  [19200/50000]
loss: 0.145073  [25600/50000]
loss: 0.018440  [32000/50000]
loss: 0.076297  [38400/50000]
loss: 0.018155  [44800/50000]
Test Error: 
 Accuracy: 85.3%, Avg loss: 0.708384 

Epoch 22
-------------------------------
loss: 0.021376  [    0/50000]
loss: 0.011241  [ 6400/50000]
loss: 0.019958  [12800/50000]
loss: 0.028556  [19200/50000]
loss: 0.110069  [25600/50000]
loss: 0.144649  [32000/50000]
loss: 0.030971  [38400/50000]
loss: 0.051287  [44800/50000]
Test Error: 
 Accuracy: 82.9%, Avg loss: 0.804934 

Epoch 23
-------------------------------
loss: 0.026251  [    0/50000]
loss: 0.018930  [ 6400/50000]
loss: 0.011735  [12800/50000]
loss: 0.012622  [19200/50000]
loss: 0.116002  [25600/50000]
loss: 0.006990  [32000/50000]
loss: 0.017928  [38400/50000]
loss: 0.028510  [44800/50000]
Test Error: 
 Accuracy: 83.3%, Avg loss: 0.831287 

Epoch 24
-------------------------------
loss: 0.014882  [    0/50000]
loss: 0.021145  [ 6400/50000]
loss: 0.041154  [12800/50000]
loss: 0.036756  [19200/50000]
loss: 0.037392  [25600/50000]
loss: 0.014610  [32000/50000]
loss: 0.094837  [38400/50000]
loss: 0.040057  [44800/50000]
Test Error: 
 Accuracy: 84.9%, Avg loss: 0.705152 

Epoch 25
-------------------------------
loss: 0.006500  [    0/50000]
loss: 0.001660  [ 6400/50000]
loss: 0.100858  [12800/50000]
loss: 0.018591  [19200/50000]
loss: 0.026911  [25600/50000]
loss: 0.030694  [32000/50000]
loss: 0.013026  [38400/50000]
loss: 0.037523  [44800/50000]
Test Error: 
 Accuracy: 83.9%, Avg loss: 0.827127 

Epoch 26
-------------------------------
loss: 0.058430  [    0/50000]
loss: 0.002343  [ 6400/50000]
loss: 0.015465  [12800/50000]
loss: 0.011466  [19200/50000]
loss: 0.010732  [25600/50000]
loss: 0.117469  [32000/50000]
loss: 0.014550  [38400/50000]
loss: 0.090388  [44800/50000]
Test Error: 
 Accuracy: 83.9%, Avg loss: 0.837041 

Epoch 27
-------------------------------
loss: 0.098205  [    0/50000]
loss: 0.037719  [ 6400/50000]
loss: 0.008315  [12800/50000]
loss: 0.050366  [19200/50000]
loss: 0.001949  [25600/50000]
loss: 0.016254  [32000/50000]
loss: 0.090975  [38400/50000]
loss: 0.007326  [44800/50000]
Test Error: 
 Accuracy: 84.9%, Avg loss: 0.745794 

Epoch 28
-------------------------------
loss: 0.002978  [    0/50000]
loss: 0.015769  [ 6400/50000]
loss: 0.004371  [12800/50000]
loss: 0.007508  [19200/50000]
loss: 0.034675  [25600/50000]
loss: 0.095343  [32000/50000]
loss: 0.017021  [38400/50000]
loss: 0.026000  [44800/50000]
Test Error: 
 Accuracy: 85.7%, Avg loss: 0.674737 

Epoch 29
-------------------------------
loss: 0.003367  [    0/50000]
loss: 0.058056  [ 6400/50000]
loss: 0.031999  [12800/50000]
loss: 0.010431  [19200/50000]
loss: 0.013234  [25600/50000]
loss: 0.052394  [32000/50000]
loss: 0.106889  [38400/50000]
loss: 0.047720  [44800/50000]
Test Error: 
 Accuracy: 85.7%, Avg loss: 0.713781 

Epoch 30
-------------------------------
loss: 0.015032  [    0/50000]
loss: 0.091010  [ 6400/50000]
loss: 0.011256  [12800/50000]
loss: 0.060477  [19200/50000]
loss: 0.024390  [25600/50000]
loss: 0.031669  [32000/50000]
loss: 0.039011  [38400/50000]
loss: 0.018535  [44800/50000]
Test Error: 
 Accuracy: 84.4%, Avg loss: 0.817974 

Done!
