command config
N= 3
B= [2, 3, 2]
C1= 64
F= [5, 5, 3]
K= [5, 3, 1]
P= 8
number of parameters 4842570
Epoch 1
-------------------------------
loss: 2.333158  [    0/50000]
loss: 1.831876  [ 6400/50000]
loss: 1.535398  [12800/50000]
loss: 1.549185  [19200/50000]
loss: 1.234324  [25600/50000]
loss: 1.279498  [32000/50000]
loss: 1.389745  [38400/50000]
loss: 1.174104  [44800/50000]
Test Error: 
 Accuracy: 60.1%, Avg loss: 1.112639 

Epoch 2
-------------------------------
loss: 1.102326  [    0/50000]
loss: 1.043352  [ 6400/50000]
loss: 0.910651  [12800/50000]
loss: 1.145087  [19200/50000]
loss: 1.151273  [25600/50000]
loss: 0.700290  [32000/50000]
loss: 0.811715  [38400/50000]
loss: 0.905904  [44800/50000]
Test Error: 
 Accuracy: 63.5%, Avg loss: 1.055841 

Epoch 3
-------------------------------
loss: 0.879157  [    0/50000]
loss: 0.837533  [ 6400/50000]
loss: 0.907429  [12800/50000]
loss: 0.838707  [19200/50000]
loss: 0.716296  [25600/50000]
loss: 0.704321  [32000/50000]
loss: 0.452952  [38400/50000]
loss: 0.783350  [44800/50000]
Test Error: 
 Accuracy: 75.8%, Avg loss: 0.689441 

Epoch 4
-------------------------------
loss: 0.582877  [    0/50000]
loss: 0.547506  [ 6400/50000]
loss: 0.435949  [12800/50000]
loss: 0.379097  [19200/50000]
loss: 0.690590  [25600/50000]
loss: 0.611969  [32000/50000]
loss: 0.539247  [38400/50000]
loss: 0.422037  [44800/50000]
Test Error: 
 Accuracy: 79.5%, Avg loss: 0.613342 

Epoch 5
-------------------------------
loss: 0.383204  [    0/50000]
loss: 0.456264  [ 6400/50000]
loss: 0.525170  [12800/50000]
loss: 0.323396  [19200/50000]
loss: 0.421437  [25600/50000]
loss: 0.813440  [32000/50000]
loss: 0.644028  [38400/50000]
loss: 0.496400  [44800/50000]
Test Error: 
 Accuracy: 80.4%, Avg loss: 0.581173 

Epoch 6
-------------------------------
loss: 0.285490  [    0/50000]
loss: 0.366019  [ 6400/50000]
loss: 0.351250  [12800/50000]
loss: 0.443431  [19200/50000]
loss: 0.369851  [25600/50000]
loss: 0.284914  [32000/50000]
loss: 0.499592  [38400/50000]
loss: 0.262160  [44800/50000]
Test Error: 
 Accuracy: 82.0%, Avg loss: 0.513715 

Epoch 7
-------------------------------
loss: 0.406988  [    0/50000]
loss: 0.183448  [ 6400/50000]
loss: 0.276850  [12800/50000]
loss: 0.248190  [19200/50000]
loss: 0.529292  [25600/50000]
loss: 0.282473  [32000/50000]
loss: 0.293422  [38400/50000]
loss: 0.313643  [44800/50000]
Test Error: 
 Accuracy: 81.9%, Avg loss: 0.559692 

Epoch 8
-------------------------------
loss: 0.364420  [    0/50000]
loss: 0.195385  [ 6400/50000]
loss: 0.166688  [12800/50000]
loss: 0.317943  [19200/50000]
loss: 0.343435  [25600/50000]
loss: 0.432112  [32000/50000]
loss: 0.337332  [38400/50000]
loss: 0.361287  [44800/50000]
Test Error: 
 Accuracy: 85.1%, Avg loss: 0.456740 

Epoch 9
-------------------------------
loss: 0.157650  [    0/50000]
loss: 0.214399  [ 6400/50000]
loss: 0.281414  [12800/50000]
loss: 0.209906  [19200/50000]
loss: 0.279385  [25600/50000]
loss: 0.276368  [32000/50000]
loss: 0.355922  [38400/50000]
loss: 0.469309  [44800/50000]
Test Error: 
 Accuracy: 82.1%, Avg loss: 0.606180 

Epoch 10
-------------------------------
loss: 0.252851  [    0/50000]
loss: 0.227217  [ 6400/50000]
loss: 0.119683  [12800/50000]
loss: 0.170638  [19200/50000]
loss: 0.174273  [25600/50000]
loss: 0.161283  [32000/50000]
loss: 0.123014  [38400/50000]
loss: 0.325914  [44800/50000]
Test Error: 
 Accuracy: 85.7%, Avg loss: 0.460144 

Epoch 11
-------------------------------
loss: 0.103909  [    0/50000]
loss: 0.070121  [ 6400/50000]
loss: 0.191063  [12800/50000]
loss: 0.071099  [19200/50000]
loss: 0.175593  [25600/50000]
loss: 0.241283  [32000/50000]
loss: 0.312922  [38400/50000]
loss: 0.116242  [44800/50000]
Test Error: 
 Accuracy: 86.1%, Avg loss: 0.488040 

Epoch 12
-------------------------------
loss: 0.054898  [    0/50000]
loss: 0.083978  [ 6400/50000]
loss: 0.082754  [12800/50000]
loss: 0.122620  [19200/50000]
loss: 0.098435  [25600/50000]
loss: 0.096137  [32000/50000]
loss: 0.165421  [38400/50000]
loss: 0.091232  [44800/50000]
Test Error: 
 Accuracy: 84.5%, Avg loss: 0.549718 

Epoch 13
-------------------------------
loss: 0.228065  [    0/50000]
loss: 0.096581  [ 6400/50000]
loss: 0.114379  [12800/50000]
loss: 0.055420  [19200/50000]
loss: 0.075374  [25600/50000]
loss: 0.087822  [32000/50000]
loss: 0.089843  [38400/50000]
loss: 0.032371  [44800/50000]
Test Error: 
 Accuracy: 85.3%, Avg loss: 0.569010 

Epoch 14
-------------------------------
loss: 0.040182  [    0/50000]
loss: 0.062888  [ 6400/50000]
loss: 0.061088  [12800/50000]
loss: 0.103146  [19200/50000]
loss: 0.026704  [25600/50000]
loss: 0.052306  [32000/50000]
loss: 0.104506  [38400/50000]
loss: 0.103683  [44800/50000]
Test Error: 
 Accuracy: 85.9%, Avg loss: 0.578269 

Epoch 15
-------------------------------
loss: 0.056828  [    0/50000]
loss: 0.060206  [ 6400/50000]
loss: 0.085425  [12800/50000]
loss: 0.028212  [19200/50000]
loss: 0.032882  [25600/50000]
loss: 0.018894  [32000/50000]
loss: 0.071962  [38400/50000]
loss: 0.068188  [44800/50000]
Test Error: 
 Accuracy: 85.2%, Avg loss: 0.590097 

Epoch 16
-------------------------------
loss: 0.054214  [    0/50000]
loss: 0.085228  [ 6400/50000]
loss: 0.112143  [12800/50000]
loss: 0.025491  [19200/50000]
loss: 0.071651  [25600/50000]
loss: 0.064903  [32000/50000]
loss: 0.183035  [38400/50000]
loss: 0.116306  [44800/50000]
Test Error: 
 Accuracy: 85.5%, Avg loss: 0.640568 

Epoch 17
-------------------------------
loss: 0.079614  [    0/50000]
loss: 0.051428  [ 6400/50000]
loss: 0.016416  [12800/50000]
loss: 0.067764  [19200/50000]
loss: 0.007033  [25600/50000]
loss: 0.069257  [32000/50000]
loss: 0.029940  [38400/50000]
loss: 0.012956  [44800/50000]
Test Error: 
 Accuracy: 86.3%, Avg loss: 0.604497 

Epoch 18
-------------------------------
loss: 0.027680  [    0/50000]
loss: 0.040674  [ 6400/50000]
loss: 0.144074  [12800/50000]
loss: 0.087544  [19200/50000]
loss: 0.117934  [25600/50000]
loss: 0.071696  [32000/50000]
loss: 0.040356  [38400/50000]
loss: 0.069327  [44800/50000]
Test Error: 
 Accuracy: 85.6%, Avg loss: 0.645439 

Epoch 19
-------------------------------
loss: 0.042505  [    0/50000]
loss: 0.005097  [ 6400/50000]
loss: 0.008069  [12800/50000]
loss: 0.018706  [19200/50000]
loss: 0.042957  [25600/50000]
loss: 0.019297  [32000/50000]
loss: 0.019385  [38400/50000]
loss: 0.012990  [44800/50000]
Test Error: 
 Accuracy: 86.2%, Avg loss: 0.640145 

Epoch 20
-------------------------------
loss: 0.061079  [    0/50000]
loss: 0.068759  [ 6400/50000]
loss: 0.004382  [12800/50000]
loss: 0.005934  [19200/50000]
loss: 0.059912  [25600/50000]
loss: 0.102289  [32000/50000]
loss: 0.031004  [38400/50000]
loss: 0.036846  [44800/50000]
Test Error: 
 Accuracy: 85.6%, Avg loss: 0.638565 

Epoch 21
-------------------------------
loss: 0.089215  [    0/50000]
loss: 0.011734  [ 6400/50000]
loss: 0.032543  [12800/50000]
loss: 0.019491  [19200/50000]
loss: 0.008259  [25600/50000]
loss: 0.026920  [32000/50000]
loss: 0.003038  [38400/50000]
loss: 0.045772  [44800/50000]
Test Error: 
 Accuracy: 86.4%, Avg loss: 0.617522 

Epoch 22
-------------------------------
loss: 0.003667  [    0/50000]
loss: 0.018591  [ 6400/50000]
loss: 0.072649  [12800/50000]
loss: 0.046660  [19200/50000]
loss: 0.001834  [25600/50000]
loss: 0.117737  [32000/50000]
loss: 0.011403  [38400/50000]
loss: 0.073184  [44800/50000]
Test Error: 
 Accuracy: 86.5%, Avg loss: 0.664319 

Epoch 23
-------------------------------
loss: 0.034471  [    0/50000]
loss: 0.005184  [ 6400/50000]
loss: 0.042515  [12800/50000]
loss: 0.016191  [19200/50000]
loss: 0.005667  [25600/50000]
loss: 0.117229  [32000/50000]
loss: 0.026409  [38400/50000]
loss: 0.084578  [44800/50000]
Test Error: 
 Accuracy: 87.1%, Avg loss: 0.632815 

Epoch 24
-------------------------------
loss: 0.006059  [    0/50000]
loss: 0.055411  [ 6400/50000]
loss: 0.031532  [12800/50000]
loss: 0.084478  [19200/50000]
loss: 0.215049  [25600/50000]
loss: 0.020013  [32000/50000]
loss: 0.009295  [38400/50000]
loss: 0.148306  [44800/50000]
Test Error: 
 Accuracy: 86.4%, Avg loss: 0.646617 

Epoch 25
-------------------------------
loss: 0.008055  [    0/50000]
loss: 0.007508  [ 6400/50000]
loss: 0.017052  [12800/50000]
loss: 0.008108  [19200/50000]
loss: 0.007167  [25600/50000]
loss: 0.005817  [32000/50000]
loss: 0.016792  [38400/50000]
loss: 0.003843  [44800/50000]
Test Error: 
 Accuracy: 86.2%, Avg loss: 0.728043 

Epoch 26
-------------------------------
loss: 0.015922  [    0/50000]
loss: 0.038772  [ 6400/50000]
loss: 0.004754  [12800/50000]
loss: 0.263799  [19200/50000]
loss: 0.013431  [25600/50000]
loss: 0.009445  [32000/50000]
loss: 0.041896  [38400/50000]
loss: 0.075556  [44800/50000]
Test Error: 
 Accuracy: 86.4%, Avg loss: 0.675776 

Epoch 27
-------------------------------
loss: 0.006416  [    0/50000]
loss: 0.063881  [ 6400/50000]
loss: 0.005302  [12800/50000]
loss: 0.005009  [19200/50000]
loss: 0.003400  [25600/50000]
loss: 0.028552  [32000/50000]
loss: 0.007756  [38400/50000]
loss: 0.071069  [44800/50000]
Test Error: 
 Accuracy: 86.9%, Avg loss: 0.672211 

Epoch 28
-------------------------------
loss: 0.002286  [    0/50000]
loss: 0.031490  [ 6400/50000]
loss: 0.004447  [12800/50000]
loss: 0.022237  [19200/50000]
loss: 0.002063  [25600/50000]
loss: 0.039130  [32000/50000]
loss: 0.001485  [38400/50000]
loss: 0.009064  [44800/50000]
Test Error: 
 Accuracy: 86.9%, Avg loss: 0.672591 

Epoch 29
-------------------------------
loss: 0.000507  [    0/50000]
loss: 0.011994  [ 6400/50000]
loss: 0.023107  [12800/50000]
loss: 0.039145  [19200/50000]
loss: 0.003604  [25600/50000]
loss: 0.003807  [32000/50000]
loss: 0.061123  [38400/50000]
loss: 0.004547  [44800/50000]
Test Error: 
 Accuracy: 86.2%, Avg loss: 0.710245 

Epoch 30
-------------------------------
loss: 0.063884  [    0/50000]
loss: 0.028582  [ 6400/50000]
loss: 0.050376  [12800/50000]
loss: 0.008084  [19200/50000]
loss: 0.102937  [25600/50000]
loss: 0.016624  [32000/50000]
loss: 0.003208  [38400/50000]
loss: 0.029197  [44800/50000]
Test Error: 
 Accuracy: 87.2%, Avg loss: 0.655389 

Done!
