command config
N= 3
B= [2, 4, 3]
C1= 64
F= [5, 3, 3]
K= [5, 1, 1]
P= 8
number of parameters 4811338
Epoch 1
-------------------------------
loss: 2.465022  [    0/50000]
loss: 1.620460  [ 6400/50000]
loss: 1.548557  [12800/50000]
loss: 1.369337  [19200/50000]
loss: 1.394858  [25600/50000]
loss: 1.196567  [32000/50000]
loss: 1.125235  [38400/50000]
loss: 1.079046  [44800/50000]
Test Error: 
 Accuracy: 53.1%, Avg loss: 1.324217 

Epoch 2
-------------------------------
loss: 1.083070  [    0/50000]
loss: 1.059749  [ 6400/50000]
loss: 0.992726  [12800/50000]
loss: 0.971722  [19200/50000]
loss: 1.141017  [25600/50000]
loss: 0.806847  [32000/50000]
loss: 0.866755  [38400/50000]
loss: 0.881485  [44800/50000]
Test Error: 
 Accuracy: 66.6%, Avg loss: 0.934609 

Epoch 3
-------------------------------
loss: 0.640907  [    0/50000]
loss: 0.874574  [ 6400/50000]
loss: 0.797079  [12800/50000]
loss: 0.633471  [19200/50000]
loss: 0.903892  [25600/50000]
loss: 0.677103  [32000/50000]
loss: 0.732858  [38400/50000]
loss: 0.615511  [44800/50000]
Test Error: 
 Accuracy: 70.3%, Avg loss: 0.848167 

Epoch 4
-------------------------------
loss: 0.946348  [    0/50000]
loss: 0.662935  [ 6400/50000]
loss: 0.717470  [12800/50000]
loss: 0.804320  [19200/50000]
loss: 0.808915  [25600/50000]
loss: 0.633593  [32000/50000]
loss: 0.613852  [38400/50000]
loss: 0.956247  [44800/50000]
Test Error: 
 Accuracy: 76.0%, Avg loss: 0.696607 

Epoch 5
-------------------------------
loss: 0.579826  [    0/50000]
loss: 0.593476  [ 6400/50000]
loss: 0.429087  [12800/50000]
loss: 0.417193  [19200/50000]
loss: 0.529289  [25600/50000]
loss: 0.391087  [32000/50000]
loss: 0.542316  [38400/50000]
loss: 0.538068  [44800/50000]
Test Error: 
 Accuracy: 77.8%, Avg loss: 0.651987 

Epoch 6
-------------------------------
loss: 0.446679  [    0/50000]
loss: 0.392632  [ 6400/50000]
loss: 0.462987  [12800/50000]
loss: 0.395143  [19200/50000]
loss: 0.516420  [25600/50000]
loss: 0.280878  [32000/50000]
loss: 0.512877  [38400/50000]
loss: 0.306184  [44800/50000]
Test Error: 
 Accuracy: 70.3%, Avg loss: 0.952443 

Epoch 7
-------------------------------
loss: 0.479177  [    0/50000]
loss: 0.370490  [ 6400/50000]
loss: 0.593127  [12800/50000]
loss: 0.408520  [19200/50000]
loss: 0.177106  [25600/50000]
loss: 0.408581  [32000/50000]
loss: 0.407594  [38400/50000]
loss: 0.504262  [44800/50000]
Test Error: 
 Accuracy: 81.8%, Avg loss: 0.535740 

Epoch 8
-------------------------------
loss: 0.201355  [    0/50000]
loss: 0.229471  [ 6400/50000]
loss: 0.232936  [12800/50000]
loss: 0.188955  [19200/50000]
loss: 0.260770  [25600/50000]
loss: 0.214875  [32000/50000]
loss: 0.102862  [38400/50000]
loss: 0.271123  [44800/50000]
Test Error: 
 Accuracy: 83.7%, Avg loss: 0.495906 

Epoch 9
-------------------------------
loss: 0.333830  [    0/50000]
loss: 0.253236  [ 6400/50000]
loss: 0.174404  [12800/50000]
loss: 0.231932  [19200/50000]
loss: 0.192575  [25600/50000]
loss: 0.165876  [32000/50000]
loss: 0.476829  [38400/50000]
loss: 0.125461  [44800/50000]
Test Error: 
 Accuracy: 84.2%, Avg loss: 0.491398 

Epoch 10
-------------------------------
loss: 0.128695  [    0/50000]
loss: 0.217554  [ 6400/50000]
loss: 0.157884  [12800/50000]
loss: 0.378323  [19200/50000]
loss: 0.181435  [25600/50000]
loss: 0.241997  [32000/50000]
loss: 0.313503  [38400/50000]
loss: 0.264146  [44800/50000]
Test Error: 
 Accuracy: 81.8%, Avg loss: 0.648419 

Epoch 11
-------------------------------
loss: 0.264539  [    0/50000]
loss: 0.104302  [ 6400/50000]
loss: 0.239929  [12800/50000]
loss: 0.211915  [19200/50000]
loss: 0.144324  [25600/50000]
loss: 0.134118  [32000/50000]
loss: 0.148477  [38400/50000]
loss: 0.148136  [44800/50000]
Test Error: 
 Accuracy: 84.5%, Avg loss: 0.533458 

Epoch 12
-------------------------------
loss: 0.086466  [    0/50000]
loss: 0.141079  [ 6400/50000]
loss: 0.088551  [12800/50000]
loss: 0.183355  [19200/50000]
loss: 0.248430  [25600/50000]
loss: 0.145604  [32000/50000]
loss: 0.117667  [38400/50000]
loss: 0.220238  [44800/50000]
Test Error: 
 Accuracy: 82.2%, Avg loss: 0.655245 

Epoch 13
-------------------------------
loss: 0.023585  [    0/50000]
loss: 0.056765  [ 6400/50000]
loss: 0.034056  [12800/50000]
loss: 0.073882  [19200/50000]
loss: 0.079393  [25600/50000]
loss: 0.077400  [32000/50000]
loss: 0.142059  [38400/50000]
loss: 0.165724  [44800/50000]
Test Error: 
 Accuracy: 83.7%, Avg loss: 0.623290 

Epoch 14
-------------------------------
loss: 0.235106  [    0/50000]
loss: 0.060840  [ 6400/50000]
loss: 0.027834  [12800/50000]
loss: 0.027132  [19200/50000]
loss: 0.100781  [25600/50000]
loss: 0.062326  [32000/50000]
loss: 0.044015  [38400/50000]
loss: 0.041817  [44800/50000]
Test Error: 
 Accuracy: 83.7%, Avg loss: 0.656916 

Epoch 15
-------------------------------
loss: 0.093375  [    0/50000]
loss: 0.047404  [ 6400/50000]
loss: 0.027475  [12800/50000]
loss: 0.136537  [19200/50000]
loss: 0.056059  [25600/50000]
loss: 0.088166  [32000/50000]
loss: 0.089818  [38400/50000]
loss: 0.104839  [44800/50000]
Test Error: 
 Accuracy: 82.4%, Avg loss: 0.820533 

Epoch 16
-------------------------------
loss: 0.219915  [    0/50000]
loss: 0.055826  [ 6400/50000]
loss: 0.141001  [12800/50000]
loss: 0.021159  [19200/50000]
loss: 0.062597  [25600/50000]
loss: 0.109000  [32000/50000]
loss: 0.115025  [38400/50000]
loss: 0.011719  [44800/50000]
Test Error: 
 Accuracy: 83.3%, Avg loss: 0.781550 

Epoch 17
-------------------------------
loss: 0.030115  [    0/50000]
loss: 0.114907  [ 6400/50000]
loss: 0.076697  [12800/50000]
loss: 0.006811  [19200/50000]
loss: 0.061015  [25600/50000]
loss: 0.063829  [32000/50000]
loss: 0.028159  [38400/50000]
loss: 0.040688  [44800/50000]
Test Error: 
 Accuracy: 85.7%, Avg loss: 0.629689 

Epoch 18
-------------------------------
loss: 0.099607  [    0/50000]
loss: 0.022524  [ 6400/50000]
loss: 0.070844  [12800/50000]
loss: 0.015696  [19200/50000]
loss: 0.094147  [25600/50000]
loss: 0.008556  [32000/50000]
loss: 0.072060  [38400/50000]
loss: 0.031662  [44800/50000]
Test Error: 
 Accuracy: 84.4%, Avg loss: 0.706687 

Epoch 19
-------------------------------
loss: 0.068609  [    0/50000]
loss: 0.027765  [ 6400/50000]
loss: 0.010708  [12800/50000]
loss: 0.001988  [19200/50000]
loss: 0.028188  [25600/50000]
loss: 0.173301  [32000/50000]
loss: 0.090881  [38400/50000]
loss: 0.082330  [44800/50000]
Test Error: 
 Accuracy: 85.0%, Avg loss: 0.670730 

Epoch 20
-------------------------------
loss: 0.053758  [    0/50000]
loss: 0.013111  [ 6400/50000]
loss: 0.110766  [12800/50000]
loss: 0.012952  [19200/50000]
loss: 0.011082  [25600/50000]
loss: 0.029724  [32000/50000]
loss: 0.013883  [38400/50000]
loss: 0.111686  [44800/50000]
Test Error: 
 Accuracy: 84.7%, Avg loss: 0.716381 

Epoch 21
-------------------------------
loss: 0.020140  [    0/50000]
loss: 0.049895  [ 6400/50000]
loss: 0.068735  [12800/50000]
loss: 0.022698  [19200/50000]
loss: 0.009568  [25600/50000]
loss: 0.018953  [32000/50000]
loss: 0.017538  [38400/50000]
loss: 0.073330  [44800/50000]
Test Error: 
 Accuracy: 84.5%, Avg loss: 0.685630 

Epoch 22
-------------------------------
loss: 0.020585  [    0/50000]
loss: 0.007522  [ 6400/50000]
loss: 0.062107  [12800/50000]
loss: 0.013553  [19200/50000]
loss: 0.038363  [25600/50000]
loss: 0.007001  [32000/50000]
loss: 0.021347  [38400/50000]
loss: 0.029812  [44800/50000]
Test Error: 
 Accuracy: 85.0%, Avg loss: 0.725189 

Epoch 23
-------------------------------
loss: 0.009453  [    0/50000]
loss: 0.029585  [ 6400/50000]
loss: 0.013063  [12800/50000]
loss: 0.003965  [19200/50000]
loss: 0.046499  [25600/50000]
loss: 0.021220  [32000/50000]
loss: 0.116965  [38400/50000]
loss: 0.052477  [44800/50000]
Test Error: 
 Accuracy: 84.9%, Avg loss: 0.735626 

Epoch 24
-------------------------------
loss: 0.035111  [    0/50000]
loss: 0.019012  [ 6400/50000]
loss: 0.008021  [12800/50000]
loss: 0.059112  [19200/50000]
loss: 0.020680  [25600/50000]
loss: 0.014132  [32000/50000]
loss: 0.003131  [38400/50000]
loss: 0.013950  [44800/50000]
Test Error: 
 Accuracy: 85.0%, Avg loss: 0.754263 

Epoch 25
-------------------------------
loss: 0.025453  [    0/50000]
loss: 0.024168  [ 6400/50000]
loss: 0.002038  [12800/50000]
loss: 0.005034  [19200/50000]
loss: 0.011875  [25600/50000]
loss: 0.008732  [32000/50000]
loss: 0.036876  [38400/50000]
loss: 0.015332  [44800/50000]
Test Error: 
 Accuracy: 85.5%, Avg loss: 0.729752 

Epoch 26
-------------------------------
loss: 0.025887  [    0/50000]
loss: 0.018127  [ 6400/50000]
loss: 0.023484  [12800/50000]
loss: 0.045048  [19200/50000]
loss: 0.135065  [25600/50000]
loss: 0.026860  [32000/50000]
loss: 0.112514  [38400/50000]
loss: 0.087047  [44800/50000]
Test Error: 
 Accuracy: 84.9%, Avg loss: 0.717599 

Epoch 27
-------------------------------
loss: 0.004643  [    0/50000]
loss: 0.012591  [ 6400/50000]
loss: 0.007665  [12800/50000]
loss: 0.002262  [19200/50000]
loss: 0.001593  [25600/50000]
loss: 0.020612  [32000/50000]
loss: 0.086208  [38400/50000]
loss: 0.119560  [44800/50000]
Test Error: 
 Accuracy: 82.7%, Avg loss: 0.935418 

Epoch 28
-------------------------------
loss: 0.004611  [    0/50000]
loss: 0.032617  [ 6400/50000]
loss: 0.009046  [12800/50000]
loss: 0.004086  [19200/50000]
loss: 0.010482  [25600/50000]
loss: 0.233950  [32000/50000]
loss: 0.009209  [38400/50000]
loss: 0.022523  [44800/50000]
Test Error: 
 Accuracy: 85.9%, Avg loss: 0.713015 

Epoch 29
-------------------------------
loss: 0.023486  [    0/50000]
loss: 0.006542  [ 6400/50000]
loss: 0.025647  [12800/50000]
loss: 0.035010  [19200/50000]
loss: 0.020491  [25600/50000]
loss: 0.004312  [32000/50000]
loss: 0.114545  [38400/50000]
loss: 0.045607  [44800/50000]
Test Error: 
 Accuracy: 85.9%, Avg loss: 0.699105 

Epoch 30
-------------------------------
loss: 0.005932  [    0/50000]
loss: 0.025818  [ 6400/50000]
loss: 0.014613  [12800/50000]
loss: 0.006201  [19200/50000]
loss: 0.017663  [25600/50000]
loss: 0.009137  [32000/50000]
loss: 0.059996  [38400/50000]
loss: 0.011818  [44800/50000]
Test Error: 
 Accuracy: 85.7%, Avg loss: 0.774300 

Done!
