command config
N= 3
B= [1, 3, 2]
C1= 64
F= [3, 5, 3]
K= [1, 3, 1]
P= 8
number of parameters 4506442
Epoch 1
-------------------------------
loss: 2.305073  [    0/50000]
loss: 1.645935  [ 6400/50000]
loss: 1.376381  [12800/50000]
loss: 1.463162  [19200/50000]
loss: 1.271857  [25600/50000]
loss: 1.250408  [32000/50000]
loss: 1.165115  [38400/50000]
loss: 1.181666  [44800/50000]
Test Error: 
 Accuracy: 35.7%, Avg loss: 2.239463 

Epoch 2
-------------------------------
loss: 0.922856  [    0/50000]
loss: 1.161497  [ 6400/50000]
loss: 1.006989  [12800/50000]
loss: 0.870990  [19200/50000]
loss: 0.855695  [25600/50000]
loss: 0.690193  [32000/50000]
loss: 0.704158  [38400/50000]
loss: 0.555285  [44800/50000]
Test Error: 
 Accuracy: 71.5%, Avg loss: 0.820644 

Epoch 3
-------------------------------
loss: 0.750441  [    0/50000]
loss: 0.625420  [ 6400/50000]
loss: 0.436443  [12800/50000]
loss: 0.638832  [19200/50000]
loss: 0.663577  [25600/50000]
loss: 0.586583  [32000/50000]
loss: 0.599830  [38400/50000]
loss: 0.646565  [44800/50000]
Test Error: 
 Accuracy: 77.7%, Avg loss: 0.644768 

Epoch 4
-------------------------------
loss: 0.602036  [    0/50000]
loss: 0.646126  [ 6400/50000]
loss: 0.474271  [12800/50000]
loss: 0.649248  [19200/50000]
loss: 0.598868  [25600/50000]
loss: 0.461133  [32000/50000]
loss: 0.488632  [38400/50000]
loss: 0.298087  [44800/50000]
Test Error: 
 Accuracy: 78.0%, Avg loss: 0.648779 

Epoch 5
-------------------------------
loss: 0.443136  [    0/50000]
loss: 0.409161  [ 6400/50000]
loss: 0.460051  [12800/50000]
loss: 0.396094  [19200/50000]
loss: 0.374071  [25600/50000]
loss: 0.644869  [32000/50000]
loss: 0.305632  [38400/50000]
loss: 0.482710  [44800/50000]
Test Error: 
 Accuracy: 82.4%, Avg loss: 0.522066 

Epoch 6
-------------------------------
loss: 0.255051  [    0/50000]
loss: 0.476184  [ 6400/50000]
loss: 0.353948  [12800/50000]
loss: 0.338507  [19200/50000]
loss: 0.289910  [25600/50000]
loss: 0.253457  [32000/50000]
loss: 0.306631  [38400/50000]
loss: 0.390471  [44800/50000]
Test Error: 
 Accuracy: 80.8%, Avg loss: 0.599471 

Epoch 7
-------------------------------
loss: 0.213304  [    0/50000]
loss: 0.259673  [ 6400/50000]
loss: 0.261125  [12800/50000]
loss: 0.182661  [19200/50000]
loss: 0.178708  [25600/50000]
loss: 0.424009  [32000/50000]
loss: 0.356541  [38400/50000]
loss: 0.392135  [44800/50000]
Test Error: 
 Accuracy: 83.7%, Avg loss: 0.495801 

Epoch 8
-------------------------------
loss: 0.386894  [    0/50000]
loss: 0.147654  [ 6400/50000]
loss: 0.342331  [12800/50000]
loss: 0.422647  [19200/50000]
loss: 0.290621  [25600/50000]
loss: 0.271933  [32000/50000]
loss: 0.228975  [38400/50000]
loss: 0.268202  [44800/50000]
Test Error: 
 Accuracy: 83.8%, Avg loss: 0.525222 

Epoch 9
-------------------------------
loss: 0.149246  [    0/50000]
loss: 0.077778  [ 6400/50000]
loss: 0.191873  [12800/50000]
loss: 0.169614  [19200/50000]
loss: 0.084776  [25600/50000]
loss: 0.287675  [32000/50000]
loss: 0.226081  [38400/50000]
loss: 0.268925  [44800/50000]
Test Error: 
 Accuracy: 83.4%, Avg loss: 0.532844 

Epoch 10
-------------------------------
loss: 0.146035  [    0/50000]
loss: 0.137524  [ 6400/50000]
loss: 0.183912  [12800/50000]
loss: 0.123359  [19200/50000]
loss: 0.185788  [25600/50000]
loss: 0.287972  [32000/50000]
loss: 0.313973  [38400/50000]
loss: 0.113912  [44800/50000]
Test Error: 
 Accuracy: 83.3%, Avg loss: 0.606015 

Epoch 11
-------------------------------
loss: 0.111400  [    0/50000]
loss: 0.071161  [ 6400/50000]
loss: 0.087364  [12800/50000]
loss: 0.146631  [19200/50000]
loss: 0.145074  [25600/50000]
loss: 0.129452  [32000/50000]
loss: 0.171280  [38400/50000]
loss: 0.262597  [44800/50000]
Test Error: 
 Accuracy: 84.4%, Avg loss: 0.541298 

Epoch 12
-------------------------------
loss: 0.067504  [    0/50000]
loss: 0.085137  [ 6400/50000]
loss: 0.040042  [12800/50000]
loss: 0.039028  [19200/50000]
loss: 0.044914  [25600/50000]
loss: 0.126178  [32000/50000]
loss: 0.079674  [38400/50000]
loss: 0.121839  [44800/50000]
Test Error: 
 Accuracy: 83.9%, Avg loss: 0.628393 

Epoch 13
-------------------------------
loss: 0.038191  [    0/50000]
loss: 0.045468  [ 6400/50000]
loss: 0.063393  [12800/50000]
loss: 0.103107  [19200/50000]
loss: 0.167183  [25600/50000]
loss: 0.046176  [32000/50000]
loss: 0.033859  [38400/50000]
loss: 0.106163  [44800/50000]
Test Error: 
 Accuracy: 85.5%, Avg loss: 0.616418 

Epoch 14
-------------------------------
loss: 0.024319  [    0/50000]
loss: 0.056844  [ 6400/50000]
loss: 0.074163  [12800/50000]
loss: 0.058837  [19200/50000]
loss: 0.061719  [25600/50000]
loss: 0.090162  [32000/50000]
loss: 0.076987  [38400/50000]
loss: 0.023333  [44800/50000]
Test Error: 
 Accuracy: 85.4%, Avg loss: 0.631614 

Epoch 15
-------------------------------
loss: 0.114537  [    0/50000]
loss: 0.027518  [ 6400/50000]
loss: 0.118077  [12800/50000]
loss: 0.007500  [19200/50000]
loss: 0.046544  [25600/50000]
loss: 0.030214  [32000/50000]
loss: 0.008841  [38400/50000]
loss: 0.053570  [44800/50000]
Test Error: 
 Accuracy: 86.3%, Avg loss: 0.560604 

Epoch 16
-------------------------------
loss: 0.018422  [    0/50000]
loss: 0.067749  [ 6400/50000]
loss: 0.083270  [12800/50000]
loss: 0.009192  [19200/50000]
loss: 0.029920  [25600/50000]
loss: 0.026012  [32000/50000]
loss: 0.041896  [38400/50000]
loss: 0.034820  [44800/50000]
Test Error: 
 Accuracy: 82.2%, Avg loss: 0.903237 

Epoch 17
-------------------------------
loss: 0.022545  [    0/50000]
loss: 0.074190  [ 6400/50000]
loss: 0.036179  [12800/50000]
loss: 0.044513  [19200/50000]
loss: 0.058456  [25600/50000]
loss: 0.028012  [32000/50000]
loss: 0.113265  [38400/50000]
loss: 0.107569  [44800/50000]
Test Error: 
 Accuracy: 83.0%, Avg loss: 0.835664 

Epoch 18
-------------------------------
loss: 0.051065  [    0/50000]
loss: 0.006106  [ 6400/50000]
loss: 0.008876  [12800/50000]
loss: 0.007057  [19200/50000]
loss: 0.009279  [25600/50000]
loss: 0.100028  [32000/50000]
loss: 0.119405  [38400/50000]
loss: 0.055532  [44800/50000]
Test Error: 
 Accuracy: 85.5%, Avg loss: 0.679176 

Epoch 19
-------------------------------
loss: 0.042315  [    0/50000]
loss: 0.098573  [ 6400/50000]
loss: 0.022758  [12800/50000]
loss: 0.025224  [19200/50000]
loss: 0.015512  [25600/50000]
loss: 0.054132  [32000/50000]
loss: 0.026244  [38400/50000]
loss: 0.093892  [44800/50000]
Test Error: 
 Accuracy: 86.3%, Avg loss: 0.640787 

Epoch 20
-------------------------------
loss: 0.002529  [    0/50000]
loss: 0.012556  [ 6400/50000]
loss: 0.020909  [12800/50000]
loss: 0.011811  [19200/50000]
loss: 0.028196  [25600/50000]
loss: 0.053086  [32000/50000]
loss: 0.052694  [38400/50000]
loss: 0.088908  [44800/50000]
Test Error: 
 Accuracy: 86.6%, Avg loss: 0.618899 

Epoch 21
-------------------------------
loss: 0.035361  [    0/50000]
loss: 0.027540  [ 6400/50000]
loss: 0.033294  [12800/50000]
loss: 0.003400  [19200/50000]
loss: 0.025594  [25600/50000]
loss: 0.054292  [32000/50000]
loss: 0.124651  [38400/50000]
loss: 0.190980  [44800/50000]
Test Error: 
 Accuracy: 84.5%, Avg loss: 0.756088 

Epoch 22
-------------------------------
loss: 0.009186  [    0/50000]
loss: 0.017073  [ 6400/50000]
loss: 0.016202  [12800/50000]
loss: 0.128291  [19200/50000]
loss: 0.016627  [25600/50000]
loss: 0.009912  [32000/50000]
loss: 0.002057  [38400/50000]
loss: 0.006041  [44800/50000]
Test Error: 
 Accuracy: 83.5%, Avg loss: 0.862183 

Epoch 23
-------------------------------
loss: 0.021510  [    0/50000]
loss: 0.017210  [ 6400/50000]
loss: 0.137292  [12800/50000]
loss: 0.046492  [19200/50000]
loss: 0.009256  [25600/50000]
loss: 0.018788  [32000/50000]
loss: 0.121145  [38400/50000]
loss: 0.001794  [44800/50000]
Test Error: 
 Accuracy: 85.9%, Avg loss: 0.657940 

Epoch 24
-------------------------------
loss: 0.044879  [    0/50000]
loss: 0.061468  [ 6400/50000]
loss: 0.016822  [12800/50000]
loss: 0.148235  [19200/50000]
loss: 0.009526  [25600/50000]
loss: 0.022287  [32000/50000]
loss: 0.011700  [38400/50000]
loss: 0.021460  [44800/50000]
Test Error: 
 Accuracy: 86.7%, Avg loss: 0.649815 

Epoch 25
-------------------------------
loss: 0.004416  [    0/50000]
loss: 0.053072  [ 6400/50000]
loss: 0.032353  [12800/50000]
loss: 0.032168  [19200/50000]
loss: 0.004056  [25600/50000]
loss: 0.006795  [32000/50000]
loss: 0.008230  [38400/50000]
loss: 0.003304  [44800/50000]
Test Error: 
 Accuracy: 87.5%, Avg loss: 0.635550 

Epoch 26
-------------------------------
loss: 0.000725  [    0/50000]
loss: 0.048414  [ 6400/50000]
loss: 0.022958  [12800/50000]
loss: 0.021698  [19200/50000]
loss: 0.010880  [25600/50000]
loss: 0.068568  [32000/50000]
loss: 0.016680  [38400/50000]
loss: 0.034886  [44800/50000]
Test Error: 
 Accuracy: 86.8%, Avg loss: 0.670044 

Epoch 27
-------------------------------
loss: 0.001509  [    0/50000]
loss: 0.041925  [ 6400/50000]
loss: 0.001741  [12800/50000]
loss: 0.007895  [19200/50000]
loss: 0.045890  [25600/50000]
loss: 0.012204  [32000/50000]
loss: 0.065551  [38400/50000]
loss: 0.011816  [44800/50000]
Test Error: 
 Accuracy: 85.5%, Avg loss: 0.729789 

Epoch 28
-------------------------------
loss: 0.037477  [    0/50000]
loss: 0.034198  [ 6400/50000]
loss: 0.032911  [12800/50000]
loss: 0.002656  [19200/50000]
loss: 0.007380  [25600/50000]
loss: 0.045200  [32000/50000]
loss: 0.153115  [38400/50000]
loss: 0.014526  [44800/50000]
Test Error: 
 Accuracy: 85.4%, Avg loss: 0.781363 

Epoch 29
-------------------------------
loss: 0.011216  [    0/50000]
loss: 0.009432  [ 6400/50000]
loss: 0.045631  [12800/50000]
loss: 0.028664  [19200/50000]
loss: 0.004248  [25600/50000]
loss: 0.018048  [32000/50000]
loss: 0.020652  [38400/50000]
loss: 0.006264  [44800/50000]
Test Error: 
 Accuracy: 87.2%, Avg loss: 0.696984 

Epoch 30
-------------------------------
loss: 0.002716  [    0/50000]
loss: 0.006654  [ 6400/50000]
loss: 0.014946  [12800/50000]
loss: 0.001100  [19200/50000]
loss: 0.000719  [25600/50000]
loss: 0.066584  [32000/50000]
loss: 0.000401  [38400/50000]
loss: 0.017040  [44800/50000]
Test Error: 
 Accuracy: 86.8%, Avg loss: 0.713610 

Done!
