command config
N= 5
B= [3, 3, 3, 3, 3]
C1= 16
F= [3, 5, 5, 3, 3]
K= [1, 3, 2, 1, 1]
P= 2
number of parameters 4836570
Epoch 1
-------------------------------
loss: 2.544882  [    0/50000]
loss: 1.879634  [ 6400/50000]
loss: 1.424353  [12800/50000]
loss: 1.517549  [19200/50000]
loss: 1.312831  [25600/50000]
loss: 1.283041  [32000/50000]
loss: 1.334172  [38400/50000]
loss: 0.908528  [44800/50000]
Test Error: 
 Accuracy: 62.1%, Avg loss: 1.064777 

Epoch 2
-------------------------------
loss: 0.968291  [    0/50000]
loss: 0.851736  [ 6400/50000]
loss: 1.130307  [12800/50000]
loss: 0.645008  [19200/50000]
loss: 0.846147  [25600/50000]
loss: 0.636863  [32000/50000]
loss: 0.791461  [38400/50000]
loss: 0.579488  [44800/50000]
Test Error: 
 Accuracy: 70.7%, Avg loss: 0.852519 

Epoch 3
-------------------------------
loss: 0.507050  [    0/50000]
loss: 0.807411  [ 6400/50000]
loss: 0.549912  [12800/50000]
loss: 0.551566  [19200/50000]
loss: 0.556030  [25600/50000]
loss: 0.630168  [32000/50000]
loss: 0.467632  [38400/50000]
loss: 0.692024  [44800/50000]
Test Error: 
 Accuracy: 76.1%, Avg loss: 0.701577 

Epoch 4
-------------------------------
loss: 0.555981  [    0/50000]
loss: 0.772076  [ 6400/50000]
loss: 0.334782  [12800/50000]
loss: 0.516665  [19200/50000]
loss: 0.714478  [25600/50000]
loss: 0.483098  [32000/50000]
loss: 0.415414  [38400/50000]
loss: 0.467383  [44800/50000]
Test Error: 
 Accuracy: 77.0%, Avg loss: 0.674629 

Epoch 5
-------------------------------
loss: 0.424660  [    0/50000]
loss: 0.428268  [ 6400/50000]
loss: 0.387874  [12800/50000]
loss: 0.357203  [19200/50000]
loss: 0.505556  [25600/50000]
loss: 0.474857  [32000/50000]
loss: 0.460039  [38400/50000]
loss: 0.409331  [44800/50000]
Test Error: 
 Accuracy: 78.3%, Avg loss: 0.651261 

Epoch 6
-------------------------------
loss: 0.259825  [    0/50000]
loss: 0.248955  [ 6400/50000]
loss: 0.519960  [12800/50000]
loss: 0.394042  [19200/50000]
loss: 0.434174  [25600/50000]
loss: 0.571990  [32000/50000]
loss: 0.371759  [38400/50000]
loss: 0.632168  [44800/50000]
Test Error: 
 Accuracy: 78.3%, Avg loss: 0.665856 

Epoch 7
-------------------------------
loss: 0.462400  [    0/50000]
loss: 0.387949  [ 6400/50000]
loss: 0.207660  [12800/50000]
loss: 0.339276  [19200/50000]
loss: 0.350607  [25600/50000]
loss: 0.476228  [32000/50000]
loss: 0.322714  [38400/50000]
loss: 0.147846  [44800/50000]
Test Error: 
 Accuracy: 81.0%, Avg loss: 0.591004 

Epoch 8
-------------------------------
loss: 0.251262  [    0/50000]
loss: 0.424430  [ 6400/50000]
loss: 0.242924  [12800/50000]
loss: 0.373269  [19200/50000]
loss: 0.141337  [25600/50000]
loss: 0.241906  [32000/50000]
loss: 0.263005  [38400/50000]
loss: 0.301679  [44800/50000]
Test Error: 
 Accuracy: 80.2%, Avg loss: 0.623921 

Epoch 9
-------------------------------
loss: 0.136983  [    0/50000]
loss: 0.252901  [ 6400/50000]
loss: 0.211711  [12800/50000]
loss: 0.105593  [19200/50000]
loss: 0.204610  [25600/50000]
loss: 0.284608  [32000/50000]
loss: 0.207747  [38400/50000]
loss: 0.300252  [44800/50000]
Test Error: 
 Accuracy: 79.8%, Avg loss: 0.673241 

Epoch 10
-------------------------------
loss: 0.113418  [    0/50000]
loss: 0.109740  [ 6400/50000]
loss: 0.140168  [12800/50000]
loss: 0.179628  [19200/50000]
loss: 0.254208  [25600/50000]
loss: 0.143542  [32000/50000]
loss: 0.231589  [38400/50000]
loss: 0.300423  [44800/50000]
Test Error: 
 Accuracy: 79.3%, Avg loss: 0.747051 

Epoch 11
-------------------------------
loss: 0.113390  [    0/50000]
loss: 0.064502  [ 6400/50000]
loss: 0.122846  [12800/50000]
loss: 0.178375  [19200/50000]
loss: 0.079845  [25600/50000]
loss: 0.268473  [32000/50000]
loss: 0.195747  [38400/50000]
loss: 0.267452  [44800/50000]
Test Error: 
 Accuracy: 79.5%, Avg loss: 0.786670 

Epoch 12
-------------------------------
loss: 0.176337  [    0/50000]
loss: 0.082752  [ 6400/50000]
loss: 0.111531  [12800/50000]
loss: 0.109578  [19200/50000]
loss: 0.099495  [25600/50000]
loss: 0.017913  [32000/50000]
loss: 0.126476  [38400/50000]
loss: 0.100841  [44800/50000]
Test Error: 
 Accuracy: 80.8%, Avg loss: 0.795484 

Epoch 13
-------------------------------
loss: 0.063310  [    0/50000]
loss: 0.149074  [ 6400/50000]
loss: 0.069977  [12800/50000]
loss: 0.088846  [19200/50000]
loss: 0.041418  [25600/50000]
loss: 0.064833  [32000/50000]
loss: 0.094993  [38400/50000]
loss: 0.052893  [44800/50000]
Test Error: 
 Accuracy: 80.6%, Avg loss: 0.825667 

Epoch 14
-------------------------------
loss: 0.067549  [    0/50000]
loss: 0.070134  [ 6400/50000]
loss: 0.105241  [12800/50000]
loss: 0.079985  [19200/50000]
loss: 0.031502  [25600/50000]
loss: 0.108174  [32000/50000]
loss: 0.107239  [38400/50000]
loss: 0.072413  [44800/50000]
Test Error: 
 Accuracy: 80.5%, Avg loss: 0.869116 

Epoch 15
-------------------------------
loss: 0.043618  [    0/50000]
loss: 0.022955  [ 6400/50000]
loss: 0.041876  [12800/50000]
loss: 0.246301  [19200/50000]
loss: 0.025818  [25600/50000]
loss: 0.034885  [32000/50000]
loss: 0.080217  [38400/50000]
loss: 0.027319  [44800/50000]
Test Error: 
 Accuracy: 80.6%, Avg loss: 0.872781 

Epoch 16
-------------------------------
loss: 0.161486  [    0/50000]
loss: 0.039592  [ 6400/50000]
loss: 0.031974  [12800/50000]
loss: 0.090897  [19200/50000]
loss: 0.014152  [25600/50000]
loss: 0.108715  [32000/50000]
loss: 0.074489  [38400/50000]
loss: 0.143765  [44800/50000]
Test Error: 
 Accuracy: 80.0%, Avg loss: 0.914481 

Epoch 17
-------------------------------
loss: 0.097993  [    0/50000]
loss: 0.017951  [ 6400/50000]
loss: 0.016949  [12800/50000]
loss: 0.027708  [19200/50000]
loss: 0.105099  [25600/50000]
loss: 0.077291  [32000/50000]
loss: 0.032439  [38400/50000]
loss: 0.182186  [44800/50000]
Test Error: 
 Accuracy: 80.1%, Avg loss: 0.960446 

Epoch 18
-------------------------------
loss: 0.017730  [    0/50000]
loss: 0.037713  [ 6400/50000]
loss: 0.059327  [12800/50000]
loss: 0.013032  [19200/50000]
loss: 0.070003  [25600/50000]
loss: 0.139663  [32000/50000]
loss: 0.095547  [38400/50000]
loss: 0.025624  [44800/50000]
Test Error: 
 Accuracy: 81.1%, Avg loss: 0.937044 

Epoch 19
-------------------------------
loss: 0.032726  [    0/50000]
loss: 0.050068  [ 6400/50000]
loss: 0.006427  [12800/50000]
loss: 0.024666  [19200/50000]
loss: 0.138675  [25600/50000]
loss: 0.113586  [32000/50000]
loss: 0.052497  [38400/50000]
loss: 0.032137  [44800/50000]
Test Error: 
 Accuracy: 80.8%, Avg loss: 0.944203 

Epoch 20
-------------------------------
loss: 0.068116  [    0/50000]
loss: 0.022493  [ 6400/50000]
loss: 0.029137  [12800/50000]
loss: 0.032538  [19200/50000]
loss: 0.016334  [25600/50000]
loss: 0.217446  [32000/50000]
loss: 0.010405  [38400/50000]
loss: 0.030612  [44800/50000]
Test Error: 
 Accuracy: 81.1%, Avg loss: 0.935459 

Epoch 21
-------------------------------
loss: 0.039473  [    0/50000]
loss: 0.018368  [ 6400/50000]
loss: 0.127474  [12800/50000]
loss: 0.071966  [19200/50000]
loss: 0.008829  [25600/50000]
loss: 0.040719  [32000/50000]
loss: 0.064851  [38400/50000]
loss: 0.009374  [44800/50000]
Test Error: 
 Accuracy: 80.1%, Avg loss: 0.999316 

Epoch 22
-------------------------------
loss: 0.045419  [    0/50000]
loss: 0.064863  [ 6400/50000]
loss: 0.023839  [12800/50000]
loss: 0.014294  [19200/50000]
loss: 0.198737  [25600/50000]
loss: 0.073679  [32000/50000]
loss: 0.065189  [38400/50000]
loss: 0.070411  [44800/50000]
Test Error: 
 Accuracy: 81.1%, Avg loss: 0.981270 

Epoch 23
-------------------------------
loss: 0.021658  [    0/50000]
loss: 0.031716  [ 6400/50000]
loss: 0.005799  [12800/50000]
loss: 0.037227  [19200/50000]
loss: 0.075634  [25600/50000]
loss: 0.099194  [32000/50000]
loss: 0.046329  [38400/50000]
loss: 0.008643  [44800/50000]
Test Error: 
 Accuracy: 81.6%, Avg loss: 0.970723 

Epoch 24
-------------------------------
loss: 0.032657  [    0/50000]
loss: 0.005860  [ 6400/50000]
loss: 0.003967  [12800/50000]
loss: 0.051364  [19200/50000]
loss: 0.070050  [25600/50000]
loss: 0.040573  [32000/50000]
loss: 0.006226  [38400/50000]
loss: 0.031219  [44800/50000]
Test Error: 
 Accuracy: 81.0%, Avg loss: 1.021472 

Epoch 25
-------------------------------
loss: 0.054369  [    0/50000]
loss: 0.037789  [ 6400/50000]
loss: 0.033913  [12800/50000]
loss: 0.019734  [19200/50000]
loss: 0.010954  [25600/50000]
loss: 0.053942  [32000/50000]
loss: 0.001978  [38400/50000]
loss: 0.068848  [44800/50000]
Test Error: 
 Accuracy: 81.3%, Avg loss: 0.999415 

Epoch 26
-------------------------------
loss: 0.004943  [    0/50000]
loss: 0.043704  [ 6400/50000]
loss: 0.034767  [12800/50000]
loss: 0.035079  [19200/50000]
loss: 0.024420  [25600/50000]
loss: 0.003818  [32000/50000]
loss: 0.015063  [38400/50000]
loss: 0.071475  [44800/50000]
Test Error: 
 Accuracy: 81.5%, Avg loss: 0.973171 

Epoch 27
-------------------------------
loss: 0.008686  [    0/50000]
loss: 0.018912  [ 6400/50000]
loss: 0.061073  [12800/50000]
loss: 0.003659  [19200/50000]
loss: 0.034406  [25600/50000]
loss: 0.004167  [32000/50000]
loss: 0.099874  [38400/50000]
loss: 0.016962  [44800/50000]
Test Error: 
 Accuracy: 81.3%, Avg loss: 1.020766 

Epoch 28
-------------------------------
loss: 0.006428  [    0/50000]
loss: 0.025227  [ 6400/50000]
loss: 0.011700  [12800/50000]
loss: 0.014071  [19200/50000]
loss: 0.066809  [25600/50000]
loss: 0.004979  [32000/50000]
loss: 0.002032  [38400/50000]
loss: 0.005851  [44800/50000]
Test Error: 
 Accuracy: 80.8%, Avg loss: 1.061666 

Epoch 29
-------------------------------
loss: 0.069134  [    0/50000]
loss: 0.013142  [ 6400/50000]
loss: 0.013177  [12800/50000]
loss: 0.004728  [19200/50000]
loss: 0.037902  [25600/50000]
loss: 0.094351  [32000/50000]
loss: 0.022062  [38400/50000]
loss: 0.063114  [44800/50000]
Test Error: 
 Accuracy: 80.8%, Avg loss: 1.053475 

Epoch 30
-------------------------------
loss: 0.005709  [    0/50000]
loss: 0.003437  [ 6400/50000]
loss: 0.001780  [12800/50000]
loss: 0.002796  [19200/50000]
loss: 0.176294  [25600/50000]
loss: 0.012726  [32000/50000]
loss: 0.016323  [38400/50000]
loss: 0.088429  [44800/50000]
Test Error: 
 Accuracy: 80.8%, Avg loss: 1.069219 

Epoch 31
-------------------------------
loss: 0.004718  [    0/50000]
loss: 0.004707  [ 6400/50000]
loss: 0.022951  [12800/50000]
loss: 0.001928  [19200/50000]
loss: 0.020329  [25600/50000]
loss: 0.047152  [32000/50000]
loss: 0.049165  [38400/50000]
loss: 0.034066  [44800/50000]
Test Error: 
 Accuracy: 80.9%, Avg loss: 1.092554 

Epoch 32
-------------------------------
loss: 0.016369  [    0/50000]
loss: 0.074341  [ 6400/50000]
loss: 0.093623  [12800/50000]
loss: 0.025767  [19200/50000]
loss: 0.004462  [25600/50000]
loss: 0.010492  [32000/50000]
loss: 0.014410  [38400/50000]
loss: 0.011143  [44800/50000]
Test Error: 
 Accuracy: 81.7%, Avg loss: 1.082078 

Epoch 33
-------------------------------
loss: 0.005189  [    0/50000]
loss: 0.018008  [ 6400/50000]
loss: 0.008950  [12800/50000]
loss: 0.021493  [19200/50000]
loss: 0.030624  [25600/50000]
loss: 0.002868  [32000/50000]
loss: 0.003949  [38400/50000]
loss: 0.000525  [44800/50000]
Test Error: 
 Accuracy: 81.8%, Avg loss: 1.057480 

Epoch 34
-------------------------------
loss: 0.017263  [    0/50000]
loss: 0.002625  [ 6400/50000]
loss: 0.042671  [12800/50000]
loss: 0.001929  [19200/50000]
loss: 0.034031  [25600/50000]
loss: 0.025605  [32000/50000]
loss: 0.055435  [38400/50000]
loss: 0.014035  [44800/50000]
Test Error: 
 Accuracy: 80.5%, Avg loss: 1.102824 

Epoch 35
-------------------------------
loss: 0.014737  [    0/50000]
loss: 0.031930  [ 6400/50000]
loss: 0.039074  [12800/50000]
loss: 0.009046  [19200/50000]
loss: 0.002772  [25600/50000]
loss: 0.016291  [32000/50000]
loss: 0.005967  [38400/50000]
loss: 0.114209  [44800/50000]
Test Error: 
 Accuracy: 81.4%, Avg loss: 1.183673 

Epoch 36
-------------------------------
loss: 0.037683  [    0/50000]
loss: 0.006662  [ 6400/50000]
loss: 0.011018  [12800/50000]
loss: 0.004988  [19200/50000]
loss: 0.025345  [25600/50000]
loss: 0.007680  [32000/50000]
loss: 0.019263  [38400/50000]
loss: 0.024554  [44800/50000]
Test Error: 
 Accuracy: 81.3%, Avg loss: 1.149122 

Epoch 37
-------------------------------
loss: 0.000859  [    0/50000]
loss: 0.015122  [ 6400/50000]
loss: 0.014496  [12800/50000]
loss: 0.003109  [19200/50000]
loss: 0.054260  [25600/50000]
loss: 0.039821  [32000/50000]
loss: 0.005154  [38400/50000]
loss: 0.051629  [44800/50000]
Test Error: 
 Accuracy: 80.8%, Avg loss: 1.115253 

Epoch 38
-------------------------------
loss: 0.029253  [    0/50000]
loss: 0.090846  [ 6400/50000]
loss: 0.012816  [12800/50000]
loss: 0.003426  [19200/50000]
loss: 0.050828  [25600/50000]
loss: 0.002203  [32000/50000]
loss: 0.062419  [38400/50000]
loss: 0.045229  [44800/50000]
Test Error: 
 Accuracy: 81.3%, Avg loss: 1.082119 

Epoch 39
-------------------------------
loss: 0.018246  [    0/50000]
loss: 0.021592  [ 6400/50000]
loss: 0.005051  [12800/50000]
loss: 0.016791  [19200/50000]
loss: 0.034243  [25600/50000]
loss: 0.003121  [32000/50000]
loss: 0.046539  [38400/50000]
loss: 0.061882  [44800/50000]
Test Error: 
 Accuracy: 81.4%, Avg loss: 1.122936 

Epoch 40
-------------------------------
loss: 0.008442  [    0/50000]
loss: 0.045407  [ 6400/50000]
loss: 0.006142  [12800/50000]
loss: 0.005258  [19200/50000]
loss: 0.003082  [25600/50000]
loss: 0.014149  [32000/50000]
loss: 0.004268  [38400/50000]
loss: 0.124281  [44800/50000]
Test Error: 
 Accuracy: 81.0%, Avg loss: 1.136832 

Epoch 41
-------------------------------
loss: 0.003735  [    0/50000]
loss: 0.006416  [ 6400/50000]
loss: 0.004058  [12800/50000]
loss: 0.001832  [19200/50000]
loss: 0.000696  [25600/50000]
loss: 0.007029  [32000/50000]
loss: 0.022584  [38400/50000]
loss: 0.003693  [44800/50000]
Test Error: 
 Accuracy: 81.6%, Avg loss: 1.089470 

Epoch 42
-------------------------------
loss: 0.007960  [    0/50000]
loss: 0.026041  [ 6400/50000]
loss: 0.005549  [12800/50000]
loss: 0.004804  [19200/50000]
loss: 0.001114  [25600/50000]
loss: 0.013180  [32000/50000]
loss: 0.000323  [38400/50000]
loss: 0.101143  [44800/50000]
Test Error: 
 Accuracy: 80.7%, Avg loss: 1.182024 

Epoch 43
-------------------------------
loss: 0.012446  [    0/50000]
loss: 0.001075  [ 6400/50000]
loss: 0.004751  [12800/50000]
loss: 0.004159  [19200/50000]
loss: 0.018702  [25600/50000]
loss: 0.009227  [32000/50000]
loss: 0.027438  [38400/50000]
loss: 0.011745  [44800/50000]
Test Error: 
 Accuracy: 80.5%, Avg loss: 1.241679 

Epoch 44
-------------------------------
loss: 0.026658  [    0/50000]
loss: 0.014334  [ 6400/50000]
loss: 0.004301  [12800/50000]
loss: 0.004888  [19200/50000]
loss: 0.009718  [25600/50000]
loss: 0.005171  [32000/50000]
loss: 0.000194  [38400/50000]
loss: 0.060708  [44800/50000]
Test Error: 
 Accuracy: 82.0%, Avg loss: 1.131694 

Epoch 45
-------------------------------
loss: 0.058277  [    0/50000]
loss: 0.032025  [ 6400/50000]
loss: 0.002737  [12800/50000]
loss: 0.000686  [19200/50000]
loss: 0.000644  [25600/50000]
loss: 0.070581  [32000/50000]
loss: 0.059057  [38400/50000]
loss: 0.006328  [44800/50000]
Test Error: 
 Accuracy: 80.6%, Avg loss: 1.216038 

Epoch 46
-------------------------------
loss: 0.000877  [    0/50000]
loss: 0.001917  [ 6400/50000]
loss: 0.064650  [12800/50000]
loss: 0.004001  [19200/50000]
loss: 0.005409  [25600/50000]
loss: 0.022985  [32000/50000]
loss: 0.003660  [38400/50000]
loss: 0.014656  [44800/50000]
Test Error: 
 Accuracy: 81.2%, Avg loss: 1.221240 

Epoch 47
-------------------------------
loss: 0.000473  [    0/50000]
loss: 0.010236  [ 6400/50000]
loss: 0.000503  [12800/50000]
loss: 0.005130  [19200/50000]
loss: 0.001113  [25600/50000]
loss: 0.012141  [32000/50000]
loss: 0.001955  [38400/50000]
loss: 0.121709  [44800/50000]
Test Error: 
 Accuracy: 81.3%, Avg loss: 1.236550 

Epoch 48
-------------------------------
loss: 0.001654  [    0/50000]
loss: 0.027107  [ 6400/50000]
loss: 0.000559  [12800/50000]
loss: 0.005003  [19200/50000]
loss: 0.002209  [25600/50000]
loss: 0.008178  [32000/50000]
loss: 0.000511  [38400/50000]
loss: 0.017327  [44800/50000]
Test Error: 
 Accuracy: 81.4%, Avg loss: 1.112877 

Epoch 49
-------------------------------
loss: 0.000698  [    0/50000]
loss: 0.006256  [ 6400/50000]
loss: 0.038360  [12800/50000]
loss: 0.003009  [19200/50000]
loss: 0.014910  [25600/50000]
loss: 0.011799  [32000/50000]
loss: 0.005374  [38400/50000]
loss: 0.006834  [44800/50000]
Test Error: 
 Accuracy: 81.5%, Avg loss: 1.165964 

Epoch 50
-------------------------------
loss: 0.005190  [    0/50000]
loss: 0.000131  [ 6400/50000]
loss: 0.004713  [12800/50000]
loss: 0.002635  [19200/50000]
loss: 0.004264  [25600/50000]
loss: 0.005441  [32000/50000]
loss: 0.028040  [38400/50000]
loss: 0.001505  [44800/50000]
Test Error: 
 Accuracy: 81.5%, Avg loss: 1.167071 

Done!
