command config
N= 4
B= [2, 2, 3, 2]
C1= 32
F= [3, 5, 5, 3]
K= [1, 3, 2, 1]
P= 4
number of parameters 4805162
Epoch 1
-------------------------------
loss: 2.374835  [    0/50000]
loss: 1.743932  [ 6400/50000]
loss: 1.455062  [12800/50000]
loss: 1.542292  [19200/50000]
loss: 1.182396  [25600/50000]
loss: 1.130617  [32000/50000]
loss: 1.145139  [38400/50000]
loss: 0.836376  [44800/50000]
Test Error: 
 Accuracy: 62.5%, Avg loss: 1.078642 

Epoch 2
-------------------------------
loss: 0.845155  [    0/50000]
loss: 0.893699  [ 6400/50000]
loss: 0.648103  [12800/50000]
loss: 0.637054  [19200/50000]
loss: 0.927676  [25600/50000]
loss: 0.779056  [32000/50000]
loss: 0.824146  [38400/50000]
loss: 0.636242  [44800/50000]
Test Error: 
 Accuracy: 68.7%, Avg loss: 0.915277 

Epoch 3
-------------------------------
loss: 0.739782  [    0/50000]
loss: 0.664826  [ 6400/50000]
loss: 0.598595  [12800/50000]
loss: 0.566858  [19200/50000]
loss: 0.721047  [25600/50000]
loss: 0.553811  [32000/50000]
loss: 0.328878  [38400/50000]
loss: 0.710206  [44800/50000]
Test Error: 
 Accuracy: 76.4%, Avg loss: 0.691950 

Epoch 4
-------------------------------
loss: 0.555222  [    0/50000]
loss: 0.364611  [ 6400/50000]
loss: 0.567610  [12800/50000]
loss: 0.652466  [19200/50000]
loss: 0.443482  [25600/50000]
loss: 0.373891  [32000/50000]
loss: 0.702472  [38400/50000]
loss: 0.456405  [44800/50000]
Test Error: 
 Accuracy: 79.0%, Avg loss: 0.634381 

Epoch 5
-------------------------------
loss: 0.307598  [    0/50000]
loss: 0.307162  [ 6400/50000]
loss: 0.354695  [12800/50000]
loss: 0.206681  [19200/50000]
loss: 0.485655  [25600/50000]
loss: 0.313392  [32000/50000]
loss: 0.268548  [38400/50000]
loss: 0.341946  [44800/50000]
Test Error: 
 Accuracy: 81.2%, Avg loss: 0.577731 

Epoch 6
-------------------------------
loss: 0.515277  [    0/50000]
loss: 0.199180  [ 6400/50000]
loss: 0.164066  [12800/50000]
loss: 0.257912  [19200/50000]
loss: 0.430958  [25600/50000]
loss: 0.381076  [32000/50000]
loss: 0.382826  [38400/50000]
loss: 0.219069  [44800/50000]
Test Error: 
 Accuracy: 83.5%, Avg loss: 0.523869 

Epoch 7
-------------------------------
loss: 0.252173  [    0/50000]
loss: 0.145581  [ 6400/50000]
loss: 0.200817  [12800/50000]
loss: 0.157693  [19200/50000]
loss: 0.116254  [25600/50000]
loss: 0.389384  [32000/50000]
loss: 0.197811  [38400/50000]
loss: 0.145460  [44800/50000]
Test Error: 
 Accuracy: 82.1%, Avg loss: 0.607522 

Epoch 8
-------------------------------
loss: 0.154263  [    0/50000]
loss: 0.116712  [ 6400/50000]
loss: 0.121650  [12800/50000]
loss: 0.158704  [19200/50000]
loss: 0.121241  [25600/50000]
loss: 0.219336  [32000/50000]
loss: 0.080466  [38400/50000]
loss: 0.095129  [44800/50000]
Test Error: 
 Accuracy: 84.1%, Avg loss: 0.538888 

Epoch 9
-------------------------------
loss: 0.086438  [    0/50000]
loss: 0.162856  [ 6400/50000]
loss: 0.094730  [12800/50000]
loss: 0.082404  [19200/50000]
loss: 0.100232  [25600/50000]
loss: 0.244231  [32000/50000]
loss: 0.150870  [38400/50000]
loss: 0.085423  [44800/50000]
Test Error: 
 Accuracy: 83.5%, Avg loss: 0.598104 

Epoch 10
-------------------------------
loss: 0.032397  [    0/50000]
loss: 0.080354  [ 6400/50000]
loss: 0.053222  [12800/50000]
loss: 0.129820  [19200/50000]
loss: 0.099572  [25600/50000]
loss: 0.070840  [32000/50000]
loss: 0.028259  [38400/50000]
loss: 0.127131  [44800/50000]
Test Error: 
 Accuracy: 83.0%, Avg loss: 0.686004 

Epoch 11
-------------------------------
loss: 0.051130  [    0/50000]
loss: 0.077625  [ 6400/50000]
loss: 0.036223  [12800/50000]
loss: 0.058929  [19200/50000]
loss: 0.043151  [25600/50000]
loss: 0.137008  [32000/50000]
loss: 0.047619  [38400/50000]
loss: 0.205380  [44800/50000]
Test Error: 
 Accuracy: 82.6%, Avg loss: 0.744566 

Epoch 12
-------------------------------
loss: 0.060102  [    0/50000]
loss: 0.028600  [ 6400/50000]
loss: 0.053798  [12800/50000]
loss: 0.032589  [19200/50000]
loss: 0.009637  [25600/50000]
loss: 0.135621  [32000/50000]
loss: 0.138663  [38400/50000]
loss: 0.041323  [44800/50000]
Test Error: 
 Accuracy: 83.8%, Avg loss: 0.700473 

Epoch 13
-------------------------------
loss: 0.061950  [    0/50000]
loss: 0.043621  [ 6400/50000]
loss: 0.014077  [12800/50000]
loss: 0.026193  [19200/50000]
loss: 0.058317  [25600/50000]
loss: 0.033544  [32000/50000]
loss: 0.114969  [38400/50000]
loss: 0.015856  [44800/50000]
Test Error: 
 Accuracy: 84.1%, Avg loss: 0.710491 

Epoch 14
-------------------------------
loss: 0.060271  [    0/50000]
loss: 0.004646  [ 6400/50000]
loss: 0.021618  [12800/50000]
loss: 0.020496  [19200/50000]
loss: 0.026892  [25600/50000]
loss: 0.196807  [32000/50000]
loss: 0.022953  [38400/50000]
loss: 0.042806  [44800/50000]
Test Error: 
 Accuracy: 84.1%, Avg loss: 0.710879 

Epoch 15
-------------------------------
loss: 0.039625  [    0/50000]
loss: 0.043145  [ 6400/50000]
loss: 0.027771  [12800/50000]
loss: 0.087311  [19200/50000]
loss: 0.069087  [25600/50000]
loss: 0.020165  [32000/50000]
loss: 0.139256  [38400/50000]
loss: 0.071790  [44800/50000]
Test Error: 
 Accuracy: 84.4%, Avg loss: 0.748202 

Epoch 16
-------------------------------
loss: 0.090316  [    0/50000]
loss: 0.041758  [ 6400/50000]
loss: 0.049680  [12800/50000]
loss: 0.095222  [19200/50000]
loss: 0.064849  [25600/50000]
loss: 0.017132  [32000/50000]
loss: 0.073243  [38400/50000]
loss: 0.057090  [44800/50000]
Test Error: 
 Accuracy: 84.2%, Avg loss: 0.739516 

Epoch 17
-------------------------------
loss: 0.012086  [    0/50000]
loss: 0.029297  [ 6400/50000]
loss: 0.055712  [12800/50000]
loss: 0.110244  [19200/50000]
loss: 0.061276  [25600/50000]
loss: 0.075748  [32000/50000]
loss: 0.157243  [38400/50000]
loss: 0.045653  [44800/50000]
Test Error: 
 Accuracy: 84.6%, Avg loss: 0.808535 

Epoch 18
-------------------------------
loss: 0.002720  [    0/50000]
loss: 0.060560  [ 6400/50000]
loss: 0.001823  [12800/50000]
loss: 0.009923  [19200/50000]
loss: 0.067244  [25600/50000]
loss: 0.046494  [32000/50000]
loss: 0.009032  [38400/50000]
loss: 0.050815  [44800/50000]
Test Error: 
 Accuracy: 83.6%, Avg loss: 0.814180 

Epoch 19
-------------------------------
loss: 0.005084  [    0/50000]
loss: 0.017326  [ 6400/50000]
loss: 0.036906  [12800/50000]
loss: 0.052620  [19200/50000]
loss: 0.007587  [25600/50000]
loss: 0.034332  [32000/50000]
loss: 0.168949  [38400/50000]
loss: 0.089871  [44800/50000]
Test Error: 
 Accuracy: 84.2%, Avg loss: 0.768960 

Epoch 20
-------------------------------
loss: 0.016007  [    0/50000]
loss: 0.009219  [ 6400/50000]
loss: 0.039660  [12800/50000]
loss: 0.004671  [19200/50000]
loss: 0.011821  [25600/50000]
loss: 0.010699  [32000/50000]
loss: 0.002881  [38400/50000]
loss: 0.064724  [44800/50000]
Test Error: 
 Accuracy: 83.9%, Avg loss: 0.844650 

Epoch 21
-------------------------------
loss: 0.003715  [    0/50000]
loss: 0.003427  [ 6400/50000]
loss: 0.057926  [12800/50000]
loss: 0.033766  [19200/50000]
loss: 0.012649  [25600/50000]
loss: 0.016699  [32000/50000]
loss: 0.002807  [38400/50000]
loss: 0.051544  [44800/50000]
Test Error: 
 Accuracy: 84.7%, Avg loss: 0.784652 

Epoch 22
-------------------------------
loss: 0.014196  [    0/50000]
loss: 0.009797  [ 6400/50000]
loss: 0.008015  [12800/50000]
loss: 0.012960  [19200/50000]
loss: 0.011973  [25600/50000]
loss: 0.042088  [32000/50000]
loss: 0.015116  [38400/50000]
loss: 0.001738  [44800/50000]
Test Error: 
 Accuracy: 84.3%, Avg loss: 0.812434 

Epoch 23
-------------------------------
loss: 0.005815  [    0/50000]
loss: 0.003954  [ 6400/50000]
loss: 0.039282  [12800/50000]
loss: 0.047432  [19200/50000]
loss: 0.013232  [25600/50000]
loss: 0.156049  [32000/50000]
loss: 0.099717  [38400/50000]
loss: 0.044743  [44800/50000]
Test Error: 
 Accuracy: 84.2%, Avg loss: 0.794324 

Epoch 24
-------------------------------
loss: 0.015394  [    0/50000]
loss: 0.032653  [ 6400/50000]
loss: 0.003332  [12800/50000]
loss: 0.017529  [19200/50000]
loss: 0.003100  [25600/50000]
loss: 0.001352  [32000/50000]
loss: 0.091739  [38400/50000]
loss: 0.051925  [44800/50000]
Test Error: 
 Accuracy: 84.3%, Avg loss: 0.822126 

Epoch 25
-------------------------------
loss: 0.006279  [    0/50000]
loss: 0.018935  [ 6400/50000]
loss: 0.032759  [12800/50000]
loss: 0.003864  [19200/50000]
loss: 0.063060  [25600/50000]
loss: 0.071835  [32000/50000]
loss: 0.004158  [38400/50000]
loss: 0.017241  [44800/50000]
Test Error: 
 Accuracy: 84.3%, Avg loss: 0.847956 

Epoch 26
-------------------------------
loss: 0.106499  [    0/50000]
loss: 0.002654  [ 6400/50000]
loss: 0.003085  [12800/50000]
loss: 0.057880  [19200/50000]
loss: 0.008132  [25600/50000]
loss: 0.001368  [32000/50000]
loss: 0.010613  [38400/50000]
loss: 0.051624  [44800/50000]
Test Error: 
 Accuracy: 83.9%, Avg loss: 0.935528 

Epoch 27
-------------------------------
loss: 0.036796  [    0/50000]
loss: 0.068079  [ 6400/50000]
loss: 0.006868  [12800/50000]
loss: 0.014931  [19200/50000]
loss: 0.070186  [25600/50000]
loss: 0.096255  [32000/50000]
loss: 0.012255  [38400/50000]
loss: 0.003175  [44800/50000]
Test Error: 
 Accuracy: 84.9%, Avg loss: 0.817954 

Epoch 28
-------------------------------
loss: 0.000776  [    0/50000]
loss: 0.001496  [ 6400/50000]
loss: 0.002032  [12800/50000]
loss: 0.042591  [19200/50000]
loss: 0.004986  [25600/50000]
loss: 0.007739  [32000/50000]
loss: 0.002227  [38400/50000]
loss: 0.040994  [44800/50000]
Test Error: 
 Accuracy: 84.7%, Avg loss: 0.850367 

Epoch 29
-------------------------------
loss: 0.012677  [    0/50000]
loss: 0.015522  [ 6400/50000]
loss: 0.006755  [12800/50000]
loss: 0.000711  [19200/50000]
loss: 0.037802  [25600/50000]
loss: 0.011411  [32000/50000]
loss: 0.025240  [38400/50000]
loss: 0.030967  [44800/50000]
Test Error: 
 Accuracy: 85.1%, Avg loss: 0.847045 

Epoch 30
-------------------------------
loss: 0.006011  [    0/50000]
loss: 0.042946  [ 6400/50000]
loss: 0.001940  [12800/50000]
loss: 0.003936  [19200/50000]
loss: 0.003560  [25600/50000]
loss: 0.032967  [32000/50000]
loss: 0.009193  [38400/50000]
loss: 0.002999  [44800/50000]
Test Error: 
 Accuracy: 84.1%, Avg loss: 0.903038 

Epoch 31
-------------------------------
loss: 0.019785  [    0/50000]
loss: 0.047647  [ 6400/50000]
loss: 0.017299  [12800/50000]
loss: 0.011334  [19200/50000]
loss: 0.002358  [25600/50000]
loss: 0.041569  [32000/50000]
loss: 0.002593  [38400/50000]
loss: 0.014391  [44800/50000]
Test Error: 
 Accuracy: 84.5%, Avg loss: 0.917910 

Epoch 32
-------------------------------
loss: 0.026482  [    0/50000]
loss: 0.010691  [ 6400/50000]
loss: 0.032136  [12800/50000]
loss: 0.003524  [19200/50000]
loss: 0.074006  [25600/50000]
loss: 0.042420  [32000/50000]
loss: 0.001145  [38400/50000]
loss: 0.062650  [44800/50000]
Test Error: 
 Accuracy: 84.8%, Avg loss: 0.909133 

Epoch 33
-------------------------------
loss: 0.009184  [    0/50000]
loss: 0.013042  [ 6400/50000]
loss: 0.029407  [12800/50000]
loss: 0.002228  [19200/50000]
loss: 0.001503  [25600/50000]
loss: 0.000601  [32000/50000]
loss: 0.007708  [38400/50000]
loss: 0.018447  [44800/50000]
Test Error: 
 Accuracy: 84.4%, Avg loss: 0.915926 

Epoch 34
-------------------------------
loss: 0.068128  [    0/50000]
loss: 0.001196  [ 6400/50000]
loss: 0.001554  [12800/50000]
loss: 0.000227  [19200/50000]
loss: 0.008609  [25600/50000]
loss: 0.001693  [32000/50000]
loss: 0.052195  [38400/50000]
loss: 0.051279  [44800/50000]
Test Error: 
 Accuracy: 83.5%, Avg loss: 0.927429 

Epoch 35
-------------------------------
loss: 0.007426  [    0/50000]
loss: 0.001199  [ 6400/50000]
loss: 0.044944  [12800/50000]
loss: 0.003181  [19200/50000]
loss: 0.001638  [25600/50000]
loss: 0.109261  [32000/50000]
loss: 0.046680  [38400/50000]
loss: 0.080310  [44800/50000]
Test Error: 
 Accuracy: 83.8%, Avg loss: 0.933475 

Epoch 36
-------------------------------
loss: 0.029029  [    0/50000]
loss: 0.014079  [ 6400/50000]
loss: 0.003299  [12800/50000]
loss: 0.002265  [19200/50000]
loss: 0.000394  [25600/50000]
loss: 0.000434  [32000/50000]
loss: 0.052923  [38400/50000]
loss: 0.002934  [44800/50000]
Test Error: 
 Accuracy: 84.3%, Avg loss: 0.918564 

Epoch 37
-------------------------------
loss: 0.030370  [    0/50000]
loss: 0.014755  [ 6400/50000]
loss: 0.008292  [12800/50000]
loss: 0.012829  [19200/50000]
loss: 0.000610  [25600/50000]
loss: 0.011393  [32000/50000]
loss: 0.027731  [38400/50000]
loss: 0.017732  [44800/50000]
Test Error: 
 Accuracy: 84.1%, Avg loss: 0.962191 

Epoch 38
-------------------------------
loss: 0.074555  [    0/50000]
loss: 0.084023  [ 6400/50000]
loss: 0.010324  [12800/50000]
loss: 0.000642  [19200/50000]
loss: 0.000977  [25600/50000]
loss: 0.063198  [32000/50000]
loss: 0.000276  [38400/50000]
loss: 0.002413  [44800/50000]
Test Error: 
 Accuracy: 84.2%, Avg loss: 0.958855 

Epoch 39
-------------------------------
loss: 0.004884  [    0/50000]
loss: 0.048867  [ 6400/50000]
loss: 0.011600  [12800/50000]
loss: 0.029523  [19200/50000]
loss: 0.001613  [25600/50000]
loss: 0.001615  [32000/50000]
loss: 0.006612  [38400/50000]
loss: 0.005863  [44800/50000]
Test Error: 
 Accuracy: 84.8%, Avg loss: 0.900637 

Epoch 40
-------------------------------
loss: 0.000534  [    0/50000]
loss: 0.002674  [ 6400/50000]
loss: 0.002638  [12800/50000]
loss: 0.020574  [19200/50000]
loss: 0.004526  [25600/50000]
loss: 0.000458  [32000/50000]
loss: 0.006745  [38400/50000]
loss: 0.001919  [44800/50000]
Test Error: 
 Accuracy: 85.0%, Avg loss: 0.884304 

Epoch 41
-------------------------------
loss: 0.001542  [    0/50000]
loss: 0.001709  [ 6400/50000]
loss: 0.001804  [12800/50000]
loss: 0.000870  [19200/50000]
loss: 0.009126  [25600/50000]
loss: 0.016406  [32000/50000]
loss: 0.015420  [38400/50000]
loss: 0.005308  [44800/50000]
Test Error: 
 Accuracy: 84.2%, Avg loss: 0.927280 

Epoch 42
-------------------------------
loss: 0.001177  [    0/50000]
loss: 0.001319  [ 6400/50000]
loss: 0.005274  [12800/50000]
loss: 0.000219  [19200/50000]
loss: 0.020639  [25600/50000]
loss: 0.042641  [32000/50000]
loss: 0.004308  [38400/50000]
loss: 0.011917  [44800/50000]
Test Error: 
 Accuracy: 84.6%, Avg loss: 0.930846 

Epoch 43
-------------------------------
loss: 0.000545  [    0/50000]
loss: 0.002237  [ 6400/50000]
loss: 0.020329  [12800/50000]
loss: 0.000804  [19200/50000]
loss: 0.017534  [25600/50000]
loss: 0.000361  [32000/50000]
loss: 0.000122  [38400/50000]
loss: 0.022414  [44800/50000]
Test Error: 
 Accuracy: 84.9%, Avg loss: 0.944503 

Epoch 44
-------------------------------
loss: 0.043075  [    0/50000]
loss: 0.000988  [ 6400/50000]
loss: 0.002761  [12800/50000]
loss: 0.032573  [19200/50000]
loss: 0.006069  [25600/50000]
loss: 0.000872  [32000/50000]
loss: 0.003035  [38400/50000]
loss: 0.000409  [44800/50000]
Test Error: 
 Accuracy: 84.4%, Avg loss: 0.941786 

Epoch 45
-------------------------------
loss: 0.000791  [    0/50000]
loss: 0.005892  [ 6400/50000]
loss: 0.000896  [12800/50000]
loss: 0.007928  [19200/50000]
loss: 0.005175  [25600/50000]
loss: 0.006029  [32000/50000]
loss: 0.028537  [38400/50000]
loss: 0.000170  [44800/50000]
Test Error: 
 Accuracy: 84.8%, Avg loss: 0.941034 

Epoch 46
-------------------------------
loss: 0.002092  [    0/50000]
loss: 0.005025  [ 6400/50000]
loss: 0.002328  [12800/50000]
loss: 0.001496  [19200/50000]
loss: 0.000117  [25600/50000]
loss: 0.005403  [32000/50000]
loss: 0.039086  [38400/50000]
loss: 0.023201  [44800/50000]
Test Error: 
 Accuracy: 84.9%, Avg loss: 0.973850 

Epoch 47
-------------------------------
loss: 0.004246  [    0/50000]
loss: 0.001080  [ 6400/50000]
loss: 0.000859  [12800/50000]
loss: 0.001832  [19200/50000]
loss: 0.000228  [25600/50000]
loss: 0.003739  [32000/50000]
loss: 0.002341  [38400/50000]
loss: 0.058639  [44800/50000]
Test Error: 
 Accuracy: 85.0%, Avg loss: 0.939622 

Epoch 48
-------------------------------
loss: 0.000734  [    0/50000]
loss: 0.035115  [ 6400/50000]
loss: 0.007733  [12800/50000]
loss: 0.000870  [19200/50000]
loss: 0.028841  [25600/50000]
loss: 0.013801  [32000/50000]
loss: 0.011452  [38400/50000]
loss: 0.001724  [44800/50000]
Test Error: 
 Accuracy: 84.9%, Avg loss: 0.947449 

Epoch 49
-------------------------------
loss: 0.117791  [    0/50000]
loss: 0.015033  [ 6400/50000]
loss: 0.003499  [12800/50000]
loss: 0.000559  [19200/50000]
loss: 0.017362  [25600/50000]
loss: 0.000085  [32000/50000]
loss: 0.039135  [38400/50000]
loss: 0.004731  [44800/50000]
Test Error: 
 Accuracy: 84.9%, Avg loss: 0.950310 

Epoch 50
-------------------------------
loss: 0.004643  [    0/50000]
loss: 0.002092  [ 6400/50000]
loss: 0.061109  [12800/50000]
loss: 0.006979  [19200/50000]
loss: 0.006589  [25600/50000]
loss: 0.037104  [32000/50000]
loss: 0.001076  [38400/50000]
loss: 0.001026  [44800/50000]
Test Error: 
 Accuracy: 84.8%, Avg loss: 1.050871 

Done!
