command config
N= 5
B= [2, 2, 2, 3, 2]
C1= 16
F= [5, 3, 5, 5, 3]
K= [5, 1, 3, 2, 1]
P= 2
number of parameters 4826394
Epoch 1
-------------------------------
loss: 2.393838  [    0/50000]
loss: 1.559082  [ 6400/50000]
loss: 1.619700  [12800/50000]
loss: 1.463182  [19200/50000]
loss: 1.257528  [25600/50000]
loss: 1.002625  [32000/50000]
loss: 1.264636  [38400/50000]
loss: 1.044566  [44800/50000]
Test Error: 
 Accuracy: 54.8%, Avg loss: 1.293938 

Epoch 2
-------------------------------
loss: 1.179354  [    0/50000]
loss: 0.993282  [ 6400/50000]
loss: 0.991654  [12800/50000]
loss: 0.902115  [19200/50000]
loss: 1.016569  [25600/50000]
loss: 0.855772  [32000/50000]
loss: 0.844332  [38400/50000]
loss: 0.712894  [44800/50000]
Test Error: 
 Accuracy: 69.8%, Avg loss: 0.862067 

Epoch 3
-------------------------------
loss: 0.714807  [    0/50000]
loss: 0.943963  [ 6400/50000]
loss: 0.634552  [12800/50000]
loss: 0.662931  [19200/50000]
loss: 0.760567  [25600/50000]
loss: 0.900404  [32000/50000]
loss: 0.573454  [38400/50000]
loss: 0.726195  [44800/50000]
Test Error: 
 Accuracy: 75.4%, Avg loss: 0.704119 

Epoch 4
-------------------------------
loss: 0.554478  [    0/50000]
loss: 0.545252  [ 6400/50000]
loss: 0.623408  [12800/50000]
loss: 0.502734  [19200/50000]
loss: 0.492459  [25600/50000]
loss: 0.747875  [32000/50000]
loss: 0.601745  [38400/50000]
loss: 0.688244  [44800/50000]
Test Error: 
 Accuracy: 75.0%, Avg loss: 0.725077 

Epoch 5
-------------------------------
loss: 0.301099  [    0/50000]
loss: 0.304963  [ 6400/50000]
loss: 0.655070  [12800/50000]
loss: 0.363582  [19200/50000]
loss: 0.449240  [25600/50000]
loss: 0.408675  [32000/50000]
loss: 0.359432  [38400/50000]
loss: 0.467686  [44800/50000]
Test Error: 
 Accuracy: 78.2%, Avg loss: 0.650322 

Epoch 6
-------------------------------
loss: 0.363040  [    0/50000]
loss: 0.190953  [ 6400/50000]
loss: 0.286695  [12800/50000]
loss: 0.252180  [19200/50000]
loss: 0.556389  [25600/50000]
loss: 0.405396  [32000/50000]
loss: 0.335470  [38400/50000]
loss: 0.277849  [44800/50000]
Test Error: 
 Accuracy: 76.7%, Avg loss: 0.758566 

Epoch 7
-------------------------------
loss: 0.291702  [    0/50000]
loss: 0.175443  [ 6400/50000]
loss: 0.236594  [12800/50000]
loss: 0.316850  [19200/50000]
loss: 0.328514  [25600/50000]
loss: 0.193572  [32000/50000]
loss: 0.287227  [38400/50000]
loss: 0.274432  [44800/50000]
Test Error: 
 Accuracy: 79.9%, Avg loss: 0.693794 

Epoch 8
-------------------------------
loss: 0.108083  [    0/50000]
loss: 0.288607  [ 6400/50000]
loss: 0.207715  [12800/50000]
loss: 0.096538  [19200/50000]
loss: 0.202229  [25600/50000]
loss: 0.303372  [32000/50000]
loss: 0.201132  [38400/50000]
loss: 0.225001  [44800/50000]
Test Error: 
 Accuracy: 79.1%, Avg loss: 0.757829 

Epoch 9
-------------------------------
loss: 0.057130  [    0/50000]
loss: 0.085123  [ 6400/50000]
loss: 0.355338  [12800/50000]
loss: 0.076561  [19200/50000]
loss: 0.067370  [25600/50000]
loss: 0.150611  [32000/50000]
loss: 0.107088  [38400/50000]
loss: 0.260307  [44800/50000]
Test Error: 
 Accuracy: 77.2%, Avg loss: 0.951038 

Epoch 10
-------------------------------
loss: 0.165525  [    0/50000]
loss: 0.151414  [ 6400/50000]
loss: 0.153407  [12800/50000]
loss: 0.190542  [19200/50000]
loss: 0.140643  [25600/50000]
loss: 0.159714  [32000/50000]
loss: 0.037412  [38400/50000]
loss: 0.107228  [44800/50000]
Test Error: 
 Accuracy: 78.2%, Avg loss: 0.915401 

Epoch 11
-------------------------------
loss: 0.207238  [    0/50000]
loss: 0.054581  [ 6400/50000]
loss: 0.057982  [12800/50000]
loss: 0.040004  [19200/50000]
loss: 0.156786  [25600/50000]
loss: 0.149019  [32000/50000]
loss: 0.129751  [38400/50000]
loss: 0.127172  [44800/50000]
Test Error: 
 Accuracy: 79.1%, Avg loss: 0.930329 

Epoch 12
-------------------------------
loss: 0.013116  [    0/50000]
loss: 0.048185  [ 6400/50000]
loss: 0.020721  [12800/50000]
loss: 0.053730  [19200/50000]
loss: 0.113289  [25600/50000]
loss: 0.087533  [32000/50000]
loss: 0.048977  [38400/50000]
loss: 0.100335  [44800/50000]
Test Error: 
 Accuracy: 77.6%, Avg loss: 1.007521 

Epoch 13
-------------------------------
loss: 0.046890  [    0/50000]
loss: 0.045855  [ 6400/50000]
loss: 0.072329  [12800/50000]
loss: 0.149616  [19200/50000]
loss: 0.007908  [25600/50000]
loss: 0.030577  [32000/50000]
loss: 0.017436  [38400/50000]
loss: 0.077998  [44800/50000]
Test Error: 
 Accuracy: 79.4%, Avg loss: 0.950030 

Epoch 14
-------------------------------
loss: 0.015486  [    0/50000]
loss: 0.085971  [ 6400/50000]
loss: 0.019089  [12800/50000]
loss: 0.028389  [19200/50000]
loss: 0.127670  [25600/50000]
loss: 0.043317  [32000/50000]
loss: 0.052669  [38400/50000]
loss: 0.008117  [44800/50000]
Test Error: 
 Accuracy: 78.4%, Avg loss: 1.045827 

Epoch 15
-------------------------------
loss: 0.042198  [    0/50000]
loss: 0.068455  [ 6400/50000]
loss: 0.036472  [12800/50000]
loss: 0.064429  [19200/50000]
loss: 0.028500  [25600/50000]
loss: 0.121208  [32000/50000]
loss: 0.066145  [38400/50000]
loss: 0.087321  [44800/50000]
Test Error: 
 Accuracy: 78.2%, Avg loss: 1.144081 

Epoch 16
-------------------------------
loss: 0.054362  [    0/50000]
loss: 0.016159  [ 6400/50000]
loss: 0.013997  [12800/50000]
loss: 0.072216  [19200/50000]
loss: 0.027049  [25600/50000]
loss: 0.096406  [32000/50000]
loss: 0.026993  [38400/50000]
loss: 0.055043  [44800/50000]
Test Error: 
 Accuracy: 78.8%, Avg loss: 1.121289 

Epoch 17
-------------------------------
loss: 0.003195  [    0/50000]
loss: 0.005914  [ 6400/50000]
loss: 0.003449  [12800/50000]
loss: 0.043219  [19200/50000]
loss: 0.022530  [25600/50000]
loss: 0.048968  [32000/50000]
loss: 0.022840  [38400/50000]
loss: 0.058062  [44800/50000]
Test Error: 
 Accuracy: 79.1%, Avg loss: 1.140926 

Epoch 18
-------------------------------
loss: 0.008627  [    0/50000]
loss: 0.025629  [ 6400/50000]
loss: 0.099140  [12800/50000]
loss: 0.026391  [19200/50000]
loss: 0.024053  [25600/50000]
loss: 0.059974  [32000/50000]
loss: 0.057440  [38400/50000]
loss: 0.052869  [44800/50000]
Test Error: 
 Accuracy: 79.0%, Avg loss: 1.094355 

Epoch 19
-------------------------------
loss: 0.033310  [    0/50000]
loss: 0.032034  [ 6400/50000]
loss: 0.075545  [12800/50000]
loss: 0.053719  [19200/50000]
loss: 0.032043  [25600/50000]
loss: 0.044111  [32000/50000]
loss: 0.028443  [38400/50000]
loss: 0.012275  [44800/50000]
Test Error: 
 Accuracy: 77.6%, Avg loss: 1.230363 

Epoch 20
-------------------------------
loss: 0.003022  [    0/50000]
loss: 0.028028  [ 6400/50000]
loss: 0.009330  [12800/50000]
loss: 0.007881  [19200/50000]
loss: 0.002772  [25600/50000]
loss: 0.022053  [32000/50000]
loss: 0.072001  [38400/50000]
loss: 0.022469  [44800/50000]
Test Error: 
 Accuracy: 79.2%, Avg loss: 1.112285 

Epoch 21
-------------------------------
loss: 0.022744  [    0/50000]
loss: 0.003539  [ 6400/50000]
loss: 0.001726  [12800/50000]
loss: 0.007938  [19200/50000]
loss: 0.044383  [25600/50000]
loss: 0.026820  [32000/50000]
loss: 0.022094  [38400/50000]
loss: 0.016863  [44800/50000]
Test Error: 
 Accuracy: 78.6%, Avg loss: 1.168192 

Epoch 22
-------------------------------
loss: 0.004114  [    0/50000]
loss: 0.005611  [ 6400/50000]
loss: 0.008754  [12800/50000]
loss: 0.026679  [19200/50000]
loss: 0.016088  [25600/50000]
loss: 0.046779  [32000/50000]
loss: 0.042812  [38400/50000]
loss: 0.173867  [44800/50000]
Test Error: 
 Accuracy: 80.5%, Avg loss: 1.075205 

Epoch 23
-------------------------------
loss: 0.037987  [    0/50000]
loss: 0.004959  [ 6400/50000]
loss: 0.013791  [12800/50000]
loss: 0.013337  [19200/50000]
loss: 0.025927  [25600/50000]
loss: 0.047811  [32000/50000]
loss: 0.056868  [38400/50000]
loss: 0.077128  [44800/50000]
Test Error: 
 Accuracy: 78.5%, Avg loss: 1.145687 

Epoch 24
-------------------------------
loss: 0.039759  [    0/50000]
loss: 0.060020  [ 6400/50000]
loss: 0.035865  [12800/50000]
loss: 0.001023  [19200/50000]
loss: 0.018984  [25600/50000]
loss: 0.042731  [32000/50000]
loss: 0.063372  [38400/50000]
loss: 0.055441  [44800/50000]
Test Error: 
 Accuracy: 79.6%, Avg loss: 1.112611 

Epoch 25
-------------------------------
loss: 0.026575  [    0/50000]
loss: 0.002107  [ 6400/50000]
loss: 0.019970  [12800/50000]
loss: 0.038462  [19200/50000]
loss: 0.041892  [25600/50000]
loss: 0.015622  [32000/50000]
loss: 0.003411  [38400/50000]
loss: 0.005382  [44800/50000]
Test Error: 
 Accuracy: 80.0%, Avg loss: 1.161052 

Epoch 26
-------------------------------
loss: 0.004142  [    0/50000]
loss: 0.005655  [ 6400/50000]
loss: 0.067024  [12800/50000]
loss: 0.034991  [19200/50000]
loss: 0.028340  [25600/50000]
loss: 0.029730  [32000/50000]
loss: 0.070906  [38400/50000]
loss: 0.031622  [44800/50000]
Test Error: 
 Accuracy: 79.3%, Avg loss: 1.163239 

Epoch 27
-------------------------------
loss: 0.008338  [    0/50000]
loss: 0.008246  [ 6400/50000]
loss: 0.061046  [12800/50000]
loss: 0.008603  [19200/50000]
loss: 0.061401  [25600/50000]
loss: 0.042178  [32000/50000]
loss: 0.028862  [38400/50000]
loss: 0.043514  [44800/50000]
Test Error: 
 Accuracy: 78.6%, Avg loss: 1.206151 

Epoch 28
-------------------------------
loss: 0.035340  [    0/50000]
loss: 0.001416  [ 6400/50000]
loss: 0.008951  [12800/50000]
loss: 0.006094  [19200/50000]
loss: 0.017494  [25600/50000]
loss: 0.084053  [32000/50000]
loss: 0.096234  [38400/50000]
loss: 0.003319  [44800/50000]
Test Error: 
 Accuracy: 79.5%, Avg loss: 1.177154 

Epoch 29
-------------------------------
loss: 0.021884  [    0/50000]
loss: 0.001242  [ 6400/50000]
loss: 0.034118  [12800/50000]
loss: 0.003407  [19200/50000]
loss: 0.006693  [25600/50000]
loss: 0.092724  [32000/50000]
loss: 0.038575  [38400/50000]
loss: 0.007875  [44800/50000]
Test Error: 
 Accuracy: 80.0%, Avg loss: 1.179281 

Epoch 30
-------------------------------
loss: 0.033385  [    0/50000]
loss: 0.129584  [ 6400/50000]
loss: 0.038231  [12800/50000]
loss: 0.003382  [19200/50000]
loss: 0.024651  [25600/50000]
loss: 0.019613  [32000/50000]
loss: 0.011872  [38400/50000]
loss: 0.051538  [44800/50000]
Test Error: 
 Accuracy: 79.8%, Avg loss: 1.204064 

Epoch 31
-------------------------------
loss: 0.009893  [    0/50000]
loss: 0.007570  [ 6400/50000]
loss: 0.009641  [12800/50000]
loss: 0.002230  [19200/50000]
loss: 0.003657  [25600/50000]
loss: 0.028860  [32000/50000]
loss: 0.009218  [38400/50000]
loss: 0.156406  [44800/50000]
Test Error: 
 Accuracy: 79.1%, Avg loss: 1.264359 

Epoch 32
-------------------------------
loss: 0.146658  [    0/50000]
loss: 0.035096  [ 6400/50000]
loss: 0.018657  [12800/50000]
loss: 0.030792  [19200/50000]
loss: 0.001654  [25600/50000]
loss: 0.082848  [32000/50000]
loss: 0.044731  [38400/50000]
loss: 0.002163  [44800/50000]
Test Error: 
 Accuracy: 80.3%, Avg loss: 1.121474 

Epoch 33
-------------------------------
loss: 0.000487  [    0/50000]
loss: 0.011885  [ 6400/50000]
loss: 0.004678  [12800/50000]
loss: 0.068053  [19200/50000]
loss: 0.026948  [25600/50000]
loss: 0.001293  [32000/50000]
loss: 0.129427  [38400/50000]
loss: 0.002196  [44800/50000]
Test Error: 
 Accuracy: 79.6%, Avg loss: 1.287507 

Epoch 34
-------------------------------
loss: 0.008259  [    0/50000]
loss: 0.015092  [ 6400/50000]
loss: 0.006393  [12800/50000]
loss: 0.002917  [19200/50000]
loss: 0.024435  [25600/50000]
loss: 0.085100  [32000/50000]
loss: 0.014522  [38400/50000]
loss: 0.000467  [44800/50000]
Test Error: 
 Accuracy: 77.8%, Avg loss: 1.402586 

Epoch 35
-------------------------------
loss: 0.113316  [    0/50000]
loss: 0.010514  [ 6400/50000]
loss: 0.002184  [12800/50000]
loss: 0.052562  [19200/50000]
loss: 0.038168  [25600/50000]
loss: 0.065696  [32000/50000]
loss: 0.018841  [38400/50000]
loss: 0.005441  [44800/50000]
Test Error: 
 Accuracy: 79.7%, Avg loss: 1.237510 

Epoch 36
-------------------------------
loss: 0.001842  [    0/50000]
loss: 0.007941  [ 6400/50000]
loss: 0.001754  [12800/50000]
loss: 0.029861  [19200/50000]
loss: 0.067420  [25600/50000]
loss: 0.027656  [32000/50000]
loss: 0.012735  [38400/50000]
loss: 0.001006  [44800/50000]
Test Error: 
 Accuracy: 79.5%, Avg loss: 1.274026 

Epoch 37
-------------------------------
loss: 0.006764  [    0/50000]
loss: 0.005248  [ 6400/50000]
loss: 0.007058  [12800/50000]
loss: 0.031185  [19200/50000]
loss: 0.001556  [25600/50000]
loss: 0.001664  [32000/50000]
loss: 0.008242  [38400/50000]
loss: 0.005271  [44800/50000]
Test Error: 
 Accuracy: 78.5%, Avg loss: 1.305683 

Epoch 38
-------------------------------
loss: 0.006054  [    0/50000]
loss: 0.003217  [ 6400/50000]
loss: 0.004928  [12800/50000]
loss: 0.014520  [19200/50000]
loss: 0.053557  [25600/50000]
loss: 0.032311  [32000/50000]
loss: 0.041092  [38400/50000]
loss: 0.028968  [44800/50000]
Test Error: 
 Accuracy: 79.5%, Avg loss: 1.263492 

Epoch 39
-------------------------------
loss: 0.024128  [    0/50000]
loss: 0.011033  [ 6400/50000]
loss: 0.103536  [12800/50000]
loss: 0.001306  [19200/50000]
loss: 0.008479  [25600/50000]
loss: 0.006877  [32000/50000]
loss: 0.035240  [38400/50000]
loss: 0.002969  [44800/50000]
Test Error: 
 Accuracy: 79.2%, Avg loss: 1.234964 

Epoch 40
-------------------------------
loss: 0.018286  [    0/50000]
loss: 0.006289  [ 6400/50000]
loss: 0.010371  [12800/50000]
loss: 0.076012  [19200/50000]
loss: 0.034728  [25600/50000]
loss: 0.005516  [32000/50000]
loss: 0.009105  [38400/50000]
loss: 0.010358  [44800/50000]
Test Error: 
 Accuracy: 79.9%, Avg loss: 1.243748 

Epoch 41
-------------------------------
loss: 0.007113  [    0/50000]
loss: 0.003892  [ 6400/50000]
loss: 0.044104  [12800/50000]
loss: 0.003546  [19200/50000]
loss: 0.002139  [25600/50000]
loss: 0.000811  [32000/50000]
loss: 0.060174  [38400/50000]
loss: 0.068430  [44800/50000]
Test Error: 
 Accuracy: 80.1%, Avg loss: 1.281156 

Epoch 42
-------------------------------
loss: 0.162805  [    0/50000]
loss: 0.015515  [ 6400/50000]
loss: 0.004421  [12800/50000]
loss: 0.000600  [19200/50000]
loss: 0.013221  [25600/50000]
loss: 0.006493  [32000/50000]
loss: 0.016730  [38400/50000]
loss: 0.006799  [44800/50000]
Test Error: 
 Accuracy: 80.4%, Avg loss: 1.266201 

Epoch 43
-------------------------------
loss: 0.003932  [    0/50000]
loss: 0.017842  [ 6400/50000]
loss: 0.005782  [12800/50000]
loss: 0.016343  [19200/50000]
loss: 0.000733  [25600/50000]
loss: 0.007525  [32000/50000]
loss: 0.002616  [38400/50000]
loss: 0.007656  [44800/50000]
Test Error: 
 Accuracy: 79.9%, Avg loss: 1.307046 

Epoch 44
-------------------------------
loss: 0.000611  [    0/50000]
loss: 0.036651  [ 6400/50000]
loss: 0.018531  [12800/50000]
loss: 0.003447  [19200/50000]
loss: 0.007710  [25600/50000]
loss: 0.123065  [32000/50000]
loss: 0.021028  [38400/50000]
loss: 0.008098  [44800/50000]
Test Error: 
 Accuracy: 80.0%, Avg loss: 1.247520 

Epoch 45
-------------------------------
loss: 0.014561  [    0/50000]
loss: 0.002245  [ 6400/50000]
loss: 0.019551  [12800/50000]
loss: 0.001696  [19200/50000]
loss: 0.006926  [25600/50000]
loss: 0.004005  [32000/50000]
loss: 0.002020  [38400/50000]
loss: 0.016600  [44800/50000]
Test Error: 
 Accuracy: 80.4%, Avg loss: 1.269192 

Epoch 46
-------------------------------
loss: 0.013923  [    0/50000]
loss: 0.000076  [ 6400/50000]
loss: 0.022790  [12800/50000]
loss: 0.007795  [19200/50000]
loss: 0.000345  [25600/50000]
loss: 0.067157  [32000/50000]
loss: 0.003852  [38400/50000]
loss: 0.197249  [44800/50000]
Test Error: 
 Accuracy: 79.6%, Avg loss: 1.317738 

Epoch 47
-------------------------------
loss: 0.105841  [    0/50000]
loss: 0.057052  [ 6400/50000]
loss: 0.002063  [12800/50000]
loss: 0.001627  [19200/50000]
loss: 0.003465  [25600/50000]
loss: 0.032422  [32000/50000]
loss: 0.062208  [38400/50000]
loss: 0.051384  [44800/50000]
Test Error: 
 Accuracy: 79.8%, Avg loss: 1.294930 

Epoch 48
-------------------------------
loss: 0.036709  [    0/50000]
loss: 0.003930  [ 6400/50000]
loss: 0.012977  [12800/50000]
loss: 0.009865  [19200/50000]
loss: 0.079167  [25600/50000]
loss: 0.014745  [32000/50000]
loss: 0.010146  [38400/50000]
loss: 0.077194  [44800/50000]
Test Error: 
 Accuracy: 80.3%, Avg loss: 1.273224 

Epoch 49
-------------------------------
loss: 0.003064  [    0/50000]
loss: 0.123192  [ 6400/50000]
loss: 0.018902  [12800/50000]
loss: 0.005532  [19200/50000]
loss: 0.002955  [25600/50000]
loss: 0.003878  [32000/50000]
loss: 0.000772  [38400/50000]
loss: 0.002940  [44800/50000]
Test Error: 
 Accuracy: 79.7%, Avg loss: 1.327391 

Epoch 50
-------------------------------
loss: 0.002528  [    0/50000]
loss: 0.028636  [ 6400/50000]
loss: 0.000754  [12800/50000]
loss: 0.033625  [19200/50000]
loss: 0.007680  [25600/50000]
loss: 0.000408  [32000/50000]
loss: 0.003141  [38400/50000]
loss: 0.003327  [44800/50000]
Test Error: 
 Accuracy: 79.8%, Avg loss: 1.271072 

Done!
