command config
N= 3
B= [2, 3, 2]
C1= 64
F= [5, 5, 3]
K= [5, 3, 1]
P= 8
number of parameters 4842570
Epoch 1
-------------------------------
loss: 2.380585  [    0/50000]
loss: 1.746464  [ 6400/50000]
loss: 1.553084  [12800/50000]
loss: 1.570390  [19200/50000]
loss: 1.260780  [25600/50000]
loss: 0.984305  [32000/50000]
loss: 1.195704  [38400/50000]
loss: 1.013727  [44800/50000]
Test Error: 
 Accuracy: 54.0%, Avg loss: 1.314542 

Epoch 2
-------------------------------
loss: 1.179419  [    0/50000]
loss: 1.028895  [ 6400/50000]
loss: 1.166119  [12800/50000]
loss: 0.874391  [19200/50000]
loss: 0.738105  [25600/50000]
loss: 0.753901  [32000/50000]
loss: 0.934734  [38400/50000]
loss: 0.672213  [44800/50000]
Test Error: 
 Accuracy: 67.6%, Avg loss: 0.934446 

Epoch 3
-------------------------------
loss: 0.733571  [    0/50000]
loss: 0.771011  [ 6400/50000]
loss: 0.691642  [12800/50000]
loss: 0.614873  [19200/50000]
loss: 0.943856  [25600/50000]
loss: 0.680130  [32000/50000]
loss: 0.557366  [38400/50000]
loss: 0.666304  [44800/50000]
Test Error: 
 Accuracy: 74.8%, Avg loss: 0.735412 

Epoch 4
-------------------------------
loss: 0.450418  [    0/50000]
loss: 0.382331  [ 6400/50000]
loss: 0.543762  [12800/50000]
loss: 0.564806  [19200/50000]
loss: 0.505206  [25600/50000]
loss: 0.491560  [32000/50000]
loss: 0.657136  [38400/50000]
loss: 0.497814  [44800/50000]
Test Error: 
 Accuracy: 77.4%, Avg loss: 0.658203 

Epoch 5
-------------------------------
loss: 0.533992  [    0/50000]
loss: 0.376265  [ 6400/50000]
loss: 0.658174  [12800/50000]
loss: 0.612058  [19200/50000]
loss: 0.502176  [25600/50000]
loss: 0.328115  [32000/50000]
loss: 0.340977  [38400/50000]
loss: 0.459778  [44800/50000]
Test Error: 
 Accuracy: 79.4%, Avg loss: 0.614264 

Epoch 6
-------------------------------
loss: 0.326533  [    0/50000]
loss: 0.537595  [ 6400/50000]
loss: 0.510815  [12800/50000]
loss: 0.429121  [19200/50000]
loss: 0.474319  [25600/50000]
loss: 0.366745  [32000/50000]
loss: 0.355932  [38400/50000]
loss: 0.524200  [44800/50000]
Test Error: 
 Accuracy: 82.8%, Avg loss: 0.512596 

Epoch 7
-------------------------------
loss: 0.387128  [    0/50000]
loss: 0.489132  [ 6400/50000]
loss: 0.411383  [12800/50000]
loss: 0.599675  [19200/50000]
loss: 0.234038  [25600/50000]
loss: 0.628463  [32000/50000]
loss: 0.334326  [38400/50000]
loss: 0.407172  [44800/50000]
Test Error: 
 Accuracy: 81.9%, Avg loss: 0.549781 

Epoch 8
-------------------------------
loss: 0.402155  [    0/50000]
loss: 0.304728  [ 6400/50000]
loss: 0.197161  [12800/50000]
loss: 0.261345  [19200/50000]
loss: 0.161993  [25600/50000]
loss: 0.417676  [32000/50000]
loss: 0.329563  [38400/50000]
loss: 0.289510  [44800/50000]
Test Error: 
 Accuracy: 84.2%, Avg loss: 0.494662 

Epoch 9
-------------------------------
loss: 0.267971  [    0/50000]
loss: 0.173058  [ 6400/50000]
loss: 0.227848  [12800/50000]
loss: 0.160546  [19200/50000]
loss: 0.282504  [25600/50000]
loss: 0.177238  [32000/50000]
loss: 0.213056  [38400/50000]
loss: 0.214794  [44800/50000]
Test Error: 
 Accuracy: 84.6%, Avg loss: 0.474943 

Epoch 10
-------------------------------
loss: 0.212838  [    0/50000]
loss: 0.126301  [ 6400/50000]
loss: 0.100094  [12800/50000]
loss: 0.400378  [19200/50000]
loss: 0.185737  [25600/50000]
loss: 0.288716  [32000/50000]
loss: 0.227983  [38400/50000]
loss: 0.236304  [44800/50000]
Test Error: 
 Accuracy: 85.4%, Avg loss: 0.483435 

Epoch 11
-------------------------------
loss: 0.100950  [    0/50000]
loss: 0.040288  [ 6400/50000]
loss: 0.081024  [12800/50000]
loss: 0.103027  [19200/50000]
loss: 0.155841  [25600/50000]
loss: 0.110849  [32000/50000]
loss: 0.202235  [38400/50000]
loss: 0.165863  [44800/50000]
Test Error: 
 Accuracy: 85.7%, Avg loss: 0.478500 

Epoch 12
-------------------------------
loss: 0.046173  [    0/50000]
loss: 0.078317  [ 6400/50000]
loss: 0.078680  [12800/50000]
loss: 0.096916  [19200/50000]
loss: 0.146090  [25600/50000]
loss: 0.158121  [32000/50000]
loss: 0.072731  [38400/50000]
loss: 0.210759  [44800/50000]
Test Error: 
 Accuracy: 84.2%, Avg loss: 0.568002 

Epoch 13
-------------------------------
loss: 0.104144  [    0/50000]
loss: 0.048463  [ 6400/50000]
loss: 0.053307  [12800/50000]
loss: 0.161421  [19200/50000]
loss: 0.070865  [25600/50000]
loss: 0.102230  [32000/50000]
loss: 0.208073  [38400/50000]
loss: 0.069195  [44800/50000]
Test Error: 
 Accuracy: 85.2%, Avg loss: 0.519375 

Epoch 14
-------------------------------
loss: 0.037868  [    0/50000]
loss: 0.084015  [ 6400/50000]
loss: 0.136154  [12800/50000]
loss: 0.021167  [19200/50000]
loss: 0.126362  [25600/50000]
loss: 0.041971  [32000/50000]
loss: 0.114163  [38400/50000]
loss: 0.074299  [44800/50000]
Test Error: 
 Accuracy: 84.8%, Avg loss: 0.599443 

Epoch 15
-------------------------------
loss: 0.057709  [    0/50000]
loss: 0.091266  [ 6400/50000]
loss: 0.025449  [12800/50000]
loss: 0.028623  [19200/50000]
loss: 0.149955  [25600/50000]
loss: 0.113179  [32000/50000]
loss: 0.129350  [38400/50000]
loss: 0.037923  [44800/50000]
Test Error: 
 Accuracy: 85.7%, Avg loss: 0.584726 

Epoch 16
-------------------------------
loss: 0.180686  [    0/50000]
loss: 0.065671  [ 6400/50000]
loss: 0.094162  [12800/50000]
loss: 0.067005  [19200/50000]
loss: 0.061069  [25600/50000]
loss: 0.150550  [32000/50000]
loss: 0.031464  [38400/50000]
loss: 0.126707  [44800/50000]
Test Error: 
 Accuracy: 86.1%, Avg loss: 0.568547 

Epoch 17
-------------------------------
loss: 0.081027  [    0/50000]
loss: 0.005762  [ 6400/50000]
loss: 0.078146  [12800/50000]
loss: 0.006218  [19200/50000]
loss: 0.025874  [25600/50000]
loss: 0.042494  [32000/50000]
loss: 0.005570  [38400/50000]
loss: 0.094386  [44800/50000]
Test Error: 
 Accuracy: 85.3%, Avg loss: 0.614051 

Epoch 18
-------------------------------
loss: 0.035205  [    0/50000]
loss: 0.008424  [ 6400/50000]
loss: 0.032039  [12800/50000]
loss: 0.030108  [19200/50000]
loss: 0.020291  [25600/50000]
loss: 0.062237  [32000/50000]
loss: 0.048066  [38400/50000]
loss: 0.188652  [44800/50000]
Test Error: 
 Accuracy: 86.1%, Avg loss: 0.631507 

Epoch 19
-------------------------------
loss: 0.096127  [    0/50000]
loss: 0.009837  [ 6400/50000]
loss: 0.024406  [12800/50000]
loss: 0.034439  [19200/50000]
loss: 0.009217  [25600/50000]
loss: 0.115871  [32000/50000]
loss: 0.052918  [38400/50000]
loss: 0.141375  [44800/50000]
Test Error: 
 Accuracy: 85.9%, Avg loss: 0.625226 

Epoch 20
-------------------------------
loss: 0.039987  [    0/50000]
loss: 0.015993  [ 6400/50000]
loss: 0.041791  [12800/50000]
loss: 0.016880  [19200/50000]
loss: 0.054183  [25600/50000]
loss: 0.090777  [32000/50000]
loss: 0.060366  [38400/50000]
loss: 0.095151  [44800/50000]
Test Error: 
 Accuracy: 86.0%, Avg loss: 0.666673 

Epoch 21
-------------------------------
loss: 0.081485  [    0/50000]
loss: 0.057874  [ 6400/50000]
loss: 0.008881  [12800/50000]
loss: 0.006730  [19200/50000]
loss: 0.010938  [25600/50000]
loss: 0.040003  [32000/50000]
loss: 0.053627  [38400/50000]
loss: 0.005835  [44800/50000]
Test Error: 
 Accuracy: 85.3%, Avg loss: 0.706350 

Epoch 22
-------------------------------
loss: 0.039609  [    0/50000]
loss: 0.047231  [ 6400/50000]
loss: 0.038841  [12800/50000]
loss: 0.028819  [19200/50000]
loss: 0.006050  [25600/50000]
loss: 0.031225  [32000/50000]
loss: 0.172789  [38400/50000]
loss: 0.117941  [44800/50000]
Test Error: 
 Accuracy: 85.8%, Avg loss: 0.661956 

Epoch 23
-------------------------------
loss: 0.024084  [    0/50000]
loss: 0.002553  [ 6400/50000]
loss: 0.027412  [12800/50000]
loss: 0.034128  [19200/50000]
loss: 0.091661  [25600/50000]
loss: 0.002590  [32000/50000]
loss: 0.083704  [38400/50000]
loss: 0.025167  [44800/50000]
Test Error: 
 Accuracy: 85.6%, Avg loss: 0.723489 

Epoch 24
-------------------------------
loss: 0.008720  [    0/50000]
loss: 0.020111  [ 6400/50000]
loss: 0.034032  [12800/50000]
loss: 0.030670  [19200/50000]
loss: 0.037781  [25600/50000]
loss: 0.015322  [32000/50000]
loss: 0.100940  [38400/50000]
loss: 0.085064  [44800/50000]
Test Error: 
 Accuracy: 86.7%, Avg loss: 0.647548 

Epoch 25
-------------------------------
loss: 0.022945  [    0/50000]
loss: 0.035453  [ 6400/50000]
loss: 0.024373  [12800/50000]
loss: 0.011707  [19200/50000]
loss: 0.029073  [25600/50000]
loss: 0.005116  [32000/50000]
loss: 0.001779  [38400/50000]
loss: 0.020783  [44800/50000]
Test Error: 
 Accuracy: 86.9%, Avg loss: 0.641535 

Epoch 26
-------------------------------
loss: 0.002291  [    0/50000]
loss: 0.060817  [ 6400/50000]
loss: 0.025191  [12800/50000]
loss: 0.016808  [19200/50000]
loss: 0.014040  [25600/50000]
loss: 0.005921  [32000/50000]
loss: 0.009876  [38400/50000]
loss: 0.001421  [44800/50000]
Test Error: 
 Accuracy: 86.8%, Avg loss: 0.673094 

Epoch 27
-------------------------------
loss: 0.007571  [    0/50000]
loss: 0.003493  [ 6400/50000]
loss: 0.077683  [12800/50000]
loss: 0.055725  [19200/50000]
loss: 0.018769  [25600/50000]
loss: 0.004136  [32000/50000]
loss: 0.155533  [38400/50000]
loss: 0.026732  [44800/50000]
Test Error: 
 Accuracy: 86.2%, Avg loss: 0.756143 

Epoch 28
-------------------------------
loss: 0.004909  [    0/50000]
loss: 0.173490  [ 6400/50000]
loss: 0.068923  [12800/50000]
loss: 0.002881  [19200/50000]
loss: 0.034898  [25600/50000]
loss: 0.000927  [32000/50000]
loss: 0.001447  [38400/50000]
loss: 0.005554  [44800/50000]
Test Error: 
 Accuracy: 87.1%, Avg loss: 0.661036 

Epoch 29
-------------------------------
loss: 0.006047  [    0/50000]
loss: 0.008841  [ 6400/50000]
loss: 0.005253  [12800/50000]
loss: 0.033630  [19200/50000]
loss: 0.015711  [25600/50000]
loss: 0.010649  [32000/50000]
loss: 0.035429  [38400/50000]
loss: 0.155095  [44800/50000]
Test Error: 
 Accuracy: 87.2%, Avg loss: 0.656869 

Epoch 30
-------------------------------
loss: 0.039444  [    0/50000]
loss: 0.042827  [ 6400/50000]
loss: 0.010365  [12800/50000]
loss: 0.029834  [19200/50000]
loss: 0.002248  [25600/50000]
loss: 0.011759  [32000/50000]
loss: 0.009336  [38400/50000]
loss: 0.004672  [44800/50000]
Test Error: 
 Accuracy: 85.9%, Avg loss: 0.751419 

Epoch 31
-------------------------------
loss: 0.007542  [    0/50000]
loss: 0.003994  [ 6400/50000]
loss: 0.004255  [12800/50000]
loss: 0.010767  [19200/50000]
loss: 0.002383  [25600/50000]
loss: 0.014471  [32000/50000]
loss: 0.007666  [38400/50000]
loss: 0.001472  [44800/50000]
Test Error: 
 Accuracy: 87.4%, Avg loss: 0.645540 

Epoch 32
-------------------------------
loss: 0.059810  [    0/50000]
loss: 0.011728  [ 6400/50000]
loss: 0.014060  [12800/50000]
loss: 0.060310  [19200/50000]
loss: 0.003874  [25600/50000]
loss: 0.026324  [32000/50000]
loss: 0.041347  [38400/50000]
loss: 0.011722  [44800/50000]
Test Error: 
 Accuracy: 86.7%, Avg loss: 0.679927 

Epoch 33
-------------------------------
loss: 0.004853  [    0/50000]
loss: 0.022577  [ 6400/50000]
loss: 0.008717  [12800/50000]
loss: 0.000984  [19200/50000]
loss: 0.012847  [25600/50000]
loss: 0.003806  [32000/50000]
loss: 0.072767  [38400/50000]
loss: 0.001877  [44800/50000]
Test Error: 
 Accuracy: 86.7%, Avg loss: 0.709165 

Epoch 34
-------------------------------
loss: 0.039597  [    0/50000]
loss: 0.021276  [ 6400/50000]
loss: 0.081598  [12800/50000]
loss: 0.005012  [19200/50000]
loss: 0.014330  [25600/50000]
loss: 0.008092  [32000/50000]
loss: 0.018498  [38400/50000]
loss: 0.023103  [44800/50000]
Test Error: 
 Accuracy: 86.2%, Avg loss: 0.722130 

Epoch 35
-------------------------------
loss: 0.035766  [    0/50000]
loss: 0.001169  [ 6400/50000]
loss: 0.003140  [12800/50000]
loss: 0.069075  [19200/50000]
loss: 0.003872  [25600/50000]
loss: 0.001699  [32000/50000]
loss: 0.053735  [38400/50000]
loss: 0.052784  [44800/50000]
Test Error: 
 Accuracy: 87.4%, Avg loss: 0.698097 

Epoch 36
-------------------------------
loss: 0.062935  [    0/50000]
loss: 0.048330  [ 6400/50000]
loss: 0.004262  [12800/50000]
loss: 0.002451  [19200/50000]
loss: 0.000404  [25600/50000]
loss: 0.002990  [32000/50000]
loss: 0.023162  [38400/50000]
loss: 0.067970  [44800/50000]
Test Error: 
 Accuracy: 87.5%, Avg loss: 0.660556 

Epoch 37
-------------------------------
loss: 0.021772  [    0/50000]
loss: 0.006149  [ 6400/50000]
loss: 0.017322  [12800/50000]
loss: 0.009243  [19200/50000]
loss: 0.010907  [25600/50000]
loss: 0.001631  [32000/50000]
loss: 0.014098  [38400/50000]
loss: 0.016700  [44800/50000]
Test Error: 
 Accuracy: 87.0%, Avg loss: 0.710476 

Epoch 38
-------------------------------
loss: 0.002774  [    0/50000]
loss: 0.014996  [ 6400/50000]
loss: 0.009118  [12800/50000]
loss: 0.011562  [19200/50000]
loss: 0.023251  [25600/50000]
loss: 0.003737  [32000/50000]
loss: 0.013308  [38400/50000]
loss: 0.047695  [44800/50000]
Test Error: 
 Accuracy: 86.9%, Avg loss: 0.749177 

Epoch 39
-------------------------------
loss: 0.001055  [    0/50000]
loss: 0.000180  [ 6400/50000]
loss: 0.003403  [12800/50000]
loss: 0.013761  [19200/50000]
loss: 0.004528  [25600/50000]
loss: 0.010897  [32000/50000]
loss: 0.007829  [38400/50000]
loss: 0.057361  [44800/50000]
Test Error: 
 Accuracy: 85.9%, Avg loss: 0.823932 

Epoch 40
-------------------------------
loss: 0.045706  [    0/50000]
loss: 0.011125  [ 6400/50000]
loss: 0.051613  [12800/50000]
loss: 0.019738  [19200/50000]
loss: 0.010286  [25600/50000]
loss: 0.018086  [32000/50000]
loss: 0.006371  [38400/50000]
loss: 0.003970  [44800/50000]
Test Error: 
 Accuracy: 86.9%, Avg loss: 0.706921 

Epoch 41
-------------------------------
loss: 0.002090  [    0/50000]
loss: 0.010945  [ 6400/50000]
loss: 0.000220  [12800/50000]
loss: 0.000283  [19200/50000]
loss: 0.117567  [25600/50000]
loss: 0.001817  [32000/50000]
loss: 0.002230  [38400/50000]
loss: 0.046319  [44800/50000]
Test Error: 
 Accuracy: 86.7%, Avg loss: 0.774428 

Epoch 42
-------------------------------
loss: 0.001101  [    0/50000]
loss: 0.006221  [ 6400/50000]
loss: 0.030574  [12800/50000]
loss: 0.017545  [19200/50000]
loss: 0.003018  [25600/50000]
loss: 0.012831  [32000/50000]
loss: 0.092489  [38400/50000]
loss: 0.005720  [44800/50000]
Test Error: 
 Accuracy: 86.9%, Avg loss: 0.758851 

Epoch 43
-------------------------------
loss: 0.021819  [    0/50000]
loss: 0.005023  [ 6400/50000]
loss: 0.017668  [12800/50000]
loss: 0.003112  [19200/50000]
loss: 0.000714  [25600/50000]
loss: 0.012435  [32000/50000]
loss: 0.019254  [38400/50000]
loss: 0.030238  [44800/50000]
Test Error: 
 Accuracy: 86.3%, Avg loss: 0.839590 

Epoch 44
-------------------------------
loss: 0.003107  [    0/50000]
loss: 0.004767  [ 6400/50000]
loss: 0.000694  [12800/50000]
loss: 0.072728  [19200/50000]
loss: 0.003438  [25600/50000]
loss: 0.005050  [32000/50000]
loss: 0.002633  [38400/50000]
loss: 0.006554  [44800/50000]
Test Error: 
 Accuracy: 87.7%, Avg loss: 0.689278 

Epoch 45
-------------------------------
loss: 0.002685  [    0/50000]
loss: 0.002452  [ 6400/50000]
loss: 0.000613  [12800/50000]
loss: 0.019803  [19200/50000]
loss: 0.017453  [25600/50000]
loss: 0.003552  [32000/50000]
loss: 0.003254  [38400/50000]
loss: 0.078063  [44800/50000]
Test Error: 
 Accuracy: 87.4%, Avg loss: 0.704035 

Epoch 46
-------------------------------
loss: 0.000288  [    0/50000]
loss: 0.000900  [ 6400/50000]
loss: 0.029530  [12800/50000]
loss: 0.008466  [19200/50000]
loss: 0.000194  [25600/50000]
loss: 0.011582  [32000/50000]
loss: 0.137792  [38400/50000]
loss: 0.066117  [44800/50000]
Test Error: 
 Accuracy: 87.5%, Avg loss: 0.730893 

Epoch 47
-------------------------------
loss: 0.009154  [    0/50000]
loss: 0.007304  [ 6400/50000]
loss: 0.002583  [12800/50000]
loss: 0.000132  [19200/50000]
loss: 0.003442  [25600/50000]
loss: 0.000416  [32000/50000]
loss: 0.000658  [38400/50000]
loss: 0.001348  [44800/50000]
Test Error: 
 Accuracy: 86.3%, Avg loss: 0.813514 

Epoch 48
-------------------------------
loss: 0.051296  [    0/50000]
loss: 0.003005  [ 6400/50000]
loss: 0.002421  [12800/50000]
loss: 0.012803  [19200/50000]
loss: 0.027743  [25600/50000]
loss: 0.080505  [32000/50000]
loss: 0.000705  [38400/50000]
loss: 0.009810  [44800/50000]
Test Error: 
 Accuracy: 87.4%, Avg loss: 0.719370 

Epoch 49
-------------------------------
loss: 0.015833  [    0/50000]
loss: 0.007940  [ 6400/50000]
loss: 0.023406  [12800/50000]
loss: 0.011269  [19200/50000]
loss: 0.013972  [25600/50000]
loss: 0.018332  [32000/50000]
loss: 0.065330  [38400/50000]
loss: 0.007396  [44800/50000]
Test Error: 
 Accuracy: 87.5%, Avg loss: 0.723162 

Epoch 50
-------------------------------
loss: 0.000941  [    0/50000]
loss: 0.032780  [ 6400/50000]
loss: 0.007820  [12800/50000]
loss: 0.001274  [19200/50000]
loss: 0.011597  [25600/50000]
loss: 0.001912  [32000/50000]
loss: 0.057395  [38400/50000]
loss: 0.001670  [44800/50000]
Test Error: 
 Accuracy: 86.5%, Avg loss: 0.793624 

Done!
