command config
N= 4
B= [2, 3, 3, 2]
C1= 32
F= [5, 3, 5, 3]
K= [5, 1, 3, 1]
P= 4
number of parameters 4739882
Epoch 1
-------------------------------
loss: 2.316486  [    0/50000]
loss: 1.943819  [ 6400/50000]
loss: 1.540436  [12800/50000]
loss: 1.087761  [19200/50000]
loss: 1.361009  [25600/50000]
loss: 1.514518  [32000/50000]
loss: 1.159206  [38400/50000]
loss: 0.995442  [44800/50000]
Test Error: 
 Accuracy: 61.3%, Avg loss: 1.093093 

Epoch 2
-------------------------------
loss: 1.038629  [    0/50000]
loss: 0.866343  [ 6400/50000]
loss: 0.577768  [12800/50000]
loss: 1.053026  [19200/50000]
loss: 0.869280  [25600/50000]
loss: 0.902785  [32000/50000]
loss: 0.796848  [38400/50000]
loss: 0.708267  [44800/50000]
Test Error: 
 Accuracy: 65.9%, Avg loss: 0.981958 

Epoch 3
-------------------------------
loss: 0.545444  [    0/50000]
loss: 0.838392  [ 6400/50000]
loss: 0.613293  [12800/50000]
loss: 0.623271  [19200/50000]
loss: 0.920060  [25600/50000]
loss: 0.584619  [32000/50000]
loss: 0.635018  [38400/50000]
loss: 0.584411  [44800/50000]
Test Error: 
 Accuracy: 76.3%, Avg loss: 0.687730 

Epoch 4
-------------------------------
loss: 0.473565  [    0/50000]
loss: 0.422912  [ 6400/50000]
loss: 0.492588  [12800/50000]
loss: 0.651557  [19200/50000]
loss: 0.562810  [25600/50000]
loss: 0.341989  [32000/50000]
loss: 0.699168  [38400/50000]
loss: 0.369112  [44800/50000]
Test Error: 
 Accuracy: 79.7%, Avg loss: 0.597662 

Epoch 5
-------------------------------
loss: 0.586849  [    0/50000]
loss: 0.525383  [ 6400/50000]
loss: 0.291324  [12800/50000]
loss: 0.363669  [19200/50000]
loss: 0.232029  [25600/50000]
loss: 0.325262  [32000/50000]
loss: 0.244567  [38400/50000]
loss: 0.438901  [44800/50000]
Test Error: 
 Accuracy: 80.9%, Avg loss: 0.558210 

Epoch 6
-------------------------------
loss: 0.149982  [    0/50000]
loss: 0.310581  [ 6400/50000]
loss: 0.286751  [12800/50000]
loss: 0.243913  [19200/50000]
loss: 0.254975  [25600/50000]
loss: 0.334781  [32000/50000]
loss: 0.410158  [38400/50000]
loss: 0.451053  [44800/50000]
Test Error: 
 Accuracy: 80.5%, Avg loss: 0.599025 

Epoch 7
-------------------------------
loss: 0.170359  [    0/50000]
loss: 0.162325  [ 6400/50000]
loss: 0.341169  [12800/50000]
loss: 0.336090  [19200/50000]
loss: 0.498621  [25600/50000]
loss: 0.206482  [32000/50000]
loss: 0.319440  [38400/50000]
loss: 0.211375  [44800/50000]
Test Error: 
 Accuracy: 82.6%, Avg loss: 0.555812 

Epoch 8
-------------------------------
loss: 0.087820  [    0/50000]
loss: 0.144693  [ 6400/50000]
loss: 0.139529  [12800/50000]
loss: 0.037675  [19200/50000]
loss: 0.150875  [25600/50000]
loss: 0.077812  [32000/50000]
loss: 0.229531  [38400/50000]
loss: 0.151363  [44800/50000]
Test Error: 
 Accuracy: 82.3%, Avg loss: 0.633032 

Epoch 9
-------------------------------
loss: 0.076839  [    0/50000]
loss: 0.072083  [ 6400/50000]
loss: 0.092772  [12800/50000]
loss: 0.175564  [19200/50000]
loss: 0.141272  [25600/50000]
loss: 0.042219  [32000/50000]
loss: 0.142170  [38400/50000]
loss: 0.148457  [44800/50000]
Test Error: 
 Accuracy: 82.7%, Avg loss: 0.652833 

Epoch 10
-------------------------------
loss: 0.043729  [    0/50000]
loss: 0.047812  [ 6400/50000]
loss: 0.093260  [12800/50000]
loss: 0.174983  [19200/50000]
loss: 0.124384  [25600/50000]
loss: 0.042909  [32000/50000]
loss: 0.115525  [38400/50000]
loss: 0.065850  [44800/50000]
Test Error: 
 Accuracy: 81.9%, Avg loss: 0.728612 

Epoch 11
-------------------------------
loss: 0.097947  [    0/50000]
loss: 0.069955  [ 6400/50000]
loss: 0.089813  [12800/50000]
loss: 0.068669  [19200/50000]
loss: 0.076270  [25600/50000]
loss: 0.122421  [32000/50000]
loss: 0.108413  [38400/50000]
loss: 0.131678  [44800/50000]
Test Error: 
 Accuracy: 81.7%, Avg loss: 0.764773 

Epoch 12
-------------------------------
loss: 0.019783  [    0/50000]
loss: 0.021702  [ 6400/50000]
loss: 0.036362  [12800/50000]
loss: 0.047990  [19200/50000]
loss: 0.079192  [25600/50000]
loss: 0.056661  [32000/50000]
loss: 0.038993  [38400/50000]
loss: 0.050179  [44800/50000]
Test Error: 
 Accuracy: 81.6%, Avg loss: 0.825781 

Epoch 13
-------------------------------
loss: 0.034113  [    0/50000]
loss: 0.030654  [ 6400/50000]
loss: 0.053236  [12800/50000]
loss: 0.042286  [19200/50000]
loss: 0.082763  [25600/50000]
loss: 0.047999  [32000/50000]
loss: 0.040998  [38400/50000]
loss: 0.008149  [44800/50000]
Test Error: 
 Accuracy: 82.3%, Avg loss: 0.788266 

Epoch 14
-------------------------------
loss: 0.034543  [    0/50000]
loss: 0.028811  [ 6400/50000]
loss: 0.043098  [12800/50000]
loss: 0.015145  [19200/50000]
loss: 0.071293  [25600/50000]
loss: 0.014617  [32000/50000]
loss: 0.163338  [38400/50000]
loss: 0.004204  [44800/50000]
Test Error: 
 Accuracy: 82.0%, Avg loss: 0.842764 

Epoch 15
-------------------------------
loss: 0.019793  [    0/50000]
loss: 0.044079  [ 6400/50000]
loss: 0.060081  [12800/50000]
loss: 0.091170  [19200/50000]
loss: 0.092815  [25600/50000]
loss: 0.075178  [32000/50000]
loss: 0.028160  [38400/50000]
loss: 0.119235  [44800/50000]
Test Error: 
 Accuracy: 82.6%, Avg loss: 0.815173 

Epoch 16
-------------------------------
loss: 0.021551  [    0/50000]
loss: 0.108749  [ 6400/50000]
loss: 0.021100  [12800/50000]
loss: 0.009052  [19200/50000]
loss: 0.031407  [25600/50000]
loss: 0.096395  [32000/50000]
loss: 0.046340  [38400/50000]
loss: 0.108848  [44800/50000]
Test Error: 
 Accuracy: 82.2%, Avg loss: 0.862924 

Epoch 17
-------------------------------
loss: 0.006778  [    0/50000]
loss: 0.005219  [ 6400/50000]
loss: 0.012570  [12800/50000]
loss: 0.028634  [19200/50000]
loss: 0.004386  [25600/50000]
loss: 0.012961  [32000/50000]
loss: 0.007128  [38400/50000]
loss: 0.046516  [44800/50000]
Test Error: 
 Accuracy: 83.3%, Avg loss: 0.854437 

Epoch 18
-------------------------------
loss: 0.085757  [    0/50000]
loss: 0.016071  [ 6400/50000]
loss: 0.001084  [12800/50000]
loss: 0.035066  [19200/50000]
loss: 0.038609  [25600/50000]
loss: 0.007838  [32000/50000]
loss: 0.067046  [38400/50000]
loss: 0.124378  [44800/50000]
Test Error: 
 Accuracy: 82.5%, Avg loss: 0.898560 

Epoch 19
-------------------------------
loss: 0.006603  [    0/50000]
loss: 0.013347  [ 6400/50000]
loss: 0.019460  [12800/50000]
loss: 0.024522  [19200/50000]
loss: 0.058468  [25600/50000]
loss: 0.025198  [32000/50000]
loss: 0.043668  [38400/50000]
loss: 0.120028  [44800/50000]
Test Error: 
 Accuracy: 82.1%, Avg loss: 0.896191 

Epoch 20
-------------------------------
loss: 0.042589  [    0/50000]
loss: 0.017611  [ 6400/50000]
loss: 0.009804  [12800/50000]
loss: 0.062363  [19200/50000]
loss: 0.006999  [25600/50000]
loss: 0.010047  [32000/50000]
loss: 0.057087  [38400/50000]
loss: 0.019254  [44800/50000]
Test Error: 
 Accuracy: 83.1%, Avg loss: 0.900181 

Epoch 21
-------------------------------
loss: 0.013090  [    0/50000]
loss: 0.006790  [ 6400/50000]
loss: 0.005001  [12800/50000]
loss: 0.014952  [19200/50000]
loss: 0.002120  [25600/50000]
loss: 0.002803  [32000/50000]
loss: 0.068713  [38400/50000]
loss: 0.006975  [44800/50000]
Test Error: 
 Accuracy: 83.6%, Avg loss: 0.874635 

Epoch 22
-------------------------------
loss: 0.052140  [    0/50000]
loss: 0.006128  [ 6400/50000]
loss: 0.003920  [12800/50000]
loss: 0.030539  [19200/50000]
loss: 0.014334  [25600/50000]
loss: 0.007175  [32000/50000]
loss: 0.016438  [38400/50000]
loss: 0.098862  [44800/50000]
Test Error: 
 Accuracy: 83.4%, Avg loss: 0.891479 

Epoch 23
-------------------------------
loss: 0.002238  [    0/50000]
loss: 0.015585  [ 6400/50000]
loss: 0.032582  [12800/50000]
loss: 0.002997  [19200/50000]
loss: 0.003163  [25600/50000]
loss: 0.039136  [32000/50000]
loss: 0.004689  [38400/50000]
loss: 0.052207  [44800/50000]
Test Error: 
 Accuracy: 83.3%, Avg loss: 0.856331 

Epoch 24
-------------------------------
loss: 0.011779  [    0/50000]
loss: 0.063552  [ 6400/50000]
loss: 0.003741  [12800/50000]
loss: 0.017671  [19200/50000]
loss: 0.030680  [25600/50000]
loss: 0.046074  [32000/50000]
loss: 0.008389  [38400/50000]
loss: 0.008205  [44800/50000]
Test Error: 
 Accuracy: 82.1%, Avg loss: 0.956302 

Epoch 25
-------------------------------
loss: 0.034933  [    0/50000]
loss: 0.001146  [ 6400/50000]
loss: 0.018605  [12800/50000]
loss: 0.010378  [19200/50000]
loss: 0.027836  [25600/50000]
loss: 0.004580  [32000/50000]
loss: 0.119582  [38400/50000]
loss: 0.026855  [44800/50000]
Test Error: 
 Accuracy: 82.5%, Avg loss: 0.998132 

Epoch 26
-------------------------------
loss: 0.013399  [    0/50000]
loss: 0.006827  [ 6400/50000]
loss: 0.012478  [12800/50000]
loss: 0.094584  [19200/50000]
loss: 0.013790  [25600/50000]
loss: 0.011185  [32000/50000]
loss: 0.012757  [38400/50000]
loss: 0.002698  [44800/50000]
Test Error: 
 Accuracy: 82.6%, Avg loss: 0.999365 

Epoch 27
-------------------------------
loss: 0.021183  [    0/50000]
loss: 0.048343  [ 6400/50000]
loss: 0.015884  [12800/50000]
loss: 0.059478  [19200/50000]
loss: 0.034896  [25600/50000]
loss: 0.044744  [32000/50000]
loss: 0.019219  [38400/50000]
loss: 0.000598  [44800/50000]
Test Error: 
 Accuracy: 83.2%, Avg loss: 0.928216 

Epoch 28
-------------------------------
loss: 0.004233  [    0/50000]
loss: 0.017131  [ 6400/50000]
loss: 0.030541  [12800/50000]
loss: 0.027804  [19200/50000]
loss: 0.013571  [25600/50000]
loss: 0.000304  [32000/50000]
loss: 0.008702  [38400/50000]
loss: 0.010425  [44800/50000]
Test Error: 
 Accuracy: 82.5%, Avg loss: 1.007697 

Epoch 29
-------------------------------
loss: 0.000662  [    0/50000]
loss: 0.023947  [ 6400/50000]
loss: 0.017458  [12800/50000]
loss: 0.013572  [19200/50000]
loss: 0.029121  [25600/50000]
loss: 0.004475  [32000/50000]
loss: 0.036915  [38400/50000]
loss: 0.046089  [44800/50000]
Test Error: 
 Accuracy: 82.5%, Avg loss: 0.970766 

Epoch 30
-------------------------------
loss: 0.002139  [    0/50000]
loss: 0.003736  [ 6400/50000]
loss: 0.037140  [12800/50000]
loss: 0.000660  [19200/50000]
loss: 0.010285  [25600/50000]
loss: 0.004856  [32000/50000]
loss: 0.014615  [38400/50000]
loss: 0.068475  [44800/50000]
Test Error: 
 Accuracy: 83.0%, Avg loss: 0.949145 

Epoch 31
-------------------------------
loss: 0.026603  [    0/50000]
loss: 0.000279  [ 6400/50000]
loss: 0.009155  [12800/50000]
loss: 0.018033  [19200/50000]
loss: 0.001011  [25600/50000]
loss: 0.040136  [32000/50000]
loss: 0.025425  [38400/50000]
loss: 0.050806  [44800/50000]
Test Error: 
 Accuracy: 83.0%, Avg loss: 0.961553 

Epoch 32
-------------------------------
loss: 0.001139  [    0/50000]
loss: 0.000347  [ 6400/50000]
loss: 0.005383  [12800/50000]
loss: 0.000502  [19200/50000]
loss: 0.002472  [25600/50000]
loss: 0.005331  [32000/50000]
loss: 0.002650  [38400/50000]
loss: 0.015676  [44800/50000]
Test Error: 
 Accuracy: 83.4%, Avg loss: 0.964018 

Epoch 33
-------------------------------
loss: 0.002449  [    0/50000]
loss: 0.029425  [ 6400/50000]
loss: 0.005468  [12800/50000]
loss: 0.007786  [19200/50000]
loss: 0.000708  [25600/50000]
loss: 0.001289  [32000/50000]
loss: 0.002890  [38400/50000]
loss: 0.110517  [44800/50000]
Test Error: 
 Accuracy: 82.9%, Avg loss: 1.018985 

Epoch 34
-------------------------------
loss: 0.009669  [    0/50000]
loss: 0.017835  [ 6400/50000]
loss: 0.001173  [12800/50000]
loss: 0.000679  [19200/50000]
loss: 0.019325  [25600/50000]
loss: 0.000937  [32000/50000]
loss: 0.021468  [38400/50000]
loss: 0.027320  [44800/50000]
Test Error: 
 Accuracy: 83.6%, Avg loss: 0.959275 

Epoch 35
-------------------------------
loss: 0.003148  [    0/50000]
loss: 0.047341  [ 6400/50000]
loss: 0.036364  [12800/50000]
loss: 0.002829  [19200/50000]
loss: 0.008896  [25600/50000]
loss: 0.013253  [32000/50000]
loss: 0.041981  [38400/50000]
loss: 0.005581  [44800/50000]
Test Error: 
 Accuracy: 83.2%, Avg loss: 0.988885 

Epoch 36
-------------------------------
loss: 0.018286  [    0/50000]
loss: 0.004906  [ 6400/50000]
loss: 0.058693  [12800/50000]
loss: 0.001292  [19200/50000]
loss: 0.009275  [25600/50000]
loss: 0.006541  [32000/50000]
loss: 0.029473  [38400/50000]
loss: 0.001444  [44800/50000]
Test Error: 
 Accuracy: 82.9%, Avg loss: 0.978588 

Epoch 37
-------------------------------
loss: 0.007994  [    0/50000]
loss: 0.006396  [ 6400/50000]
loss: 0.007739  [12800/50000]
loss: 0.006770  [19200/50000]
loss: 0.021438  [25600/50000]
loss: 0.011739  [32000/50000]
loss: 0.000517  [38400/50000]
loss: 0.003958  [44800/50000]
Test Error: 
 Accuracy: 82.9%, Avg loss: 1.003432 

Epoch 38
-------------------------------
loss: 0.001884  [    0/50000]
loss: 0.036916  [ 6400/50000]
loss: 0.048252  [12800/50000]
loss: 0.006172  [19200/50000]
loss: 0.007257  [25600/50000]
loss: 0.004695  [32000/50000]
loss: 0.012882  [38400/50000]
loss: 0.006548  [44800/50000]
Test Error: 
 Accuracy: 83.8%, Avg loss: 0.947063 

Epoch 39
-------------------------------
loss: 0.002530  [    0/50000]
loss: 0.051451  [ 6400/50000]
loss: 0.004056  [12800/50000]
loss: 0.001429  [19200/50000]
loss: 0.000137  [25600/50000]
loss: 0.003545  [32000/50000]
loss: 0.002234  [38400/50000]
loss: 0.058736  [44800/50000]
Test Error: 
 Accuracy: 82.9%, Avg loss: 0.973455 

Epoch 40
-------------------------------
loss: 0.000199  [    0/50000]
loss: 0.016778  [ 6400/50000]
loss: 0.003204  [12800/50000]
loss: 0.000275  [19200/50000]
loss: 0.021824  [25600/50000]
loss: 0.002784  [32000/50000]
loss: 0.004465  [38400/50000]
loss: 0.022645  [44800/50000]
Test Error: 
 Accuracy: 82.8%, Avg loss: 1.028414 

Epoch 41
-------------------------------
loss: 0.004362  [    0/50000]
loss: 0.030888  [ 6400/50000]
loss: 0.000645  [12800/50000]
loss: 0.002898  [19200/50000]
loss: 0.002223  [25600/50000]
loss: 0.000904  [32000/50000]
loss: 0.000334  [38400/50000]
loss: 0.002097  [44800/50000]
Test Error: 
 Accuracy: 83.3%, Avg loss: 1.038134 

Epoch 42
-------------------------------
loss: 0.010956  [    0/50000]
loss: 0.001114  [ 6400/50000]
loss: 0.000136  [12800/50000]
loss: 0.000865  [19200/50000]
loss: 0.002394  [25600/50000]
loss: 0.005722  [32000/50000]
loss: 0.014482  [38400/50000]
loss: 0.178018  [44800/50000]
Test Error: 
 Accuracy: 83.0%, Avg loss: 1.026318 

Epoch 43
-------------------------------
loss: 0.000764  [    0/50000]
loss: 0.000845  [ 6400/50000]
loss: 0.001036  [12800/50000]
loss: 0.011181  [19200/50000]
loss: 0.003850  [25600/50000]
loss: 0.000803  [32000/50000]
loss: 0.000297  [38400/50000]
loss: 0.076139  [44800/50000]
Test Error: 
 Accuracy: 83.5%, Avg loss: 0.972199 

Epoch 44
-------------------------------
loss: 0.008875  [    0/50000]
loss: 0.002659  [ 6400/50000]
loss: 0.002639  [12800/50000]
loss: 0.001835  [19200/50000]
loss: 0.004138  [25600/50000]
loss: 0.024523  [32000/50000]
loss: 0.001355  [38400/50000]
loss: 0.030325  [44800/50000]
Test Error: 
 Accuracy: 82.9%, Avg loss: 1.044197 

Epoch 45
-------------------------------
loss: 0.001239  [    0/50000]
loss: 0.009683  [ 6400/50000]
loss: 0.000208  [12800/50000]
loss: 0.000104  [19200/50000]
loss: 0.003358  [25600/50000]
loss: 0.001011  [32000/50000]
loss: 0.042360  [38400/50000]
loss: 0.002552  [44800/50000]
Test Error: 
 Accuracy: 83.8%, Avg loss: 0.999712 

Epoch 46
-------------------------------
loss: 0.000170  [    0/50000]
loss: 0.005004  [ 6400/50000]
loss: 0.041251  [12800/50000]
loss: 0.000196  [19200/50000]
loss: 0.000994  [25600/50000]
loss: 0.000741  [32000/50000]
loss: 0.010252  [38400/50000]
loss: 0.001107  [44800/50000]
Test Error: 
 Accuracy: 83.0%, Avg loss: 1.038757 

Epoch 47
-------------------------------
loss: 0.011050  [    0/50000]
loss: 0.003681  [ 6400/50000]
loss: 0.001485  [12800/50000]
loss: 0.002900  [19200/50000]
loss: 0.000335  [25600/50000]
loss: 0.080568  [32000/50000]
loss: 0.002983  [38400/50000]
loss: 0.002062  [44800/50000]
Test Error: 
 Accuracy: 84.0%, Avg loss: 0.978785 

Epoch 48
-------------------------------
loss: 0.002564  [    0/50000]
loss: 0.001876  [ 6400/50000]
loss: 0.005117  [12800/50000]
loss: 0.005590  [19200/50000]
loss: 0.006982  [25600/50000]
loss: 0.000267  [32000/50000]
loss: 0.000234  [38400/50000]
loss: 0.012163  [44800/50000]
Test Error: 
 Accuracy: 83.2%, Avg loss: 0.992775 

Epoch 49
-------------------------------
loss: 0.002045  [    0/50000]
loss: 0.001382  [ 6400/50000]
loss: 0.022036  [12800/50000]
loss: 0.033593  [19200/50000]
loss: 0.013809  [25600/50000]
loss: 0.001459  [32000/50000]
loss: 0.010884  [38400/50000]
loss: 0.052787  [44800/50000]
Test Error: 
 Accuracy: 84.1%, Avg loss: 0.968542 

Epoch 50
-------------------------------
loss: 0.001728  [    0/50000]
loss: 0.001517  [ 6400/50000]
loss: 0.002269  [12800/50000]
loss: 0.001185  [19200/50000]
loss: 0.010596  [25600/50000]
loss: 0.000408  [32000/50000]
loss: 0.038696  [38400/50000]
loss: 0.004402  [44800/50000]
Test Error: 
 Accuracy: 84.3%, Avg loss: 1.023419 

Done!
