command config
N= 4
B= [3, 3, 3, 3]
C1= 32
F= [3, 5, 3, 3]
K= [1, 3, 1, 1]
P= 4
number of parameters 4743082
Epoch 1
-------------------------------
loss: 2.507298  [    0/50000]
loss: 1.665728  [ 6400/50000]
loss: 1.353851  [12800/50000]
loss: 1.515441  [19200/50000]
loss: 1.360391  [25600/50000]
loss: 1.053076  [32000/50000]
loss: 1.405213  [38400/50000]
loss: 0.775538  [44800/50000]
Test Error: 
 Accuracy: 60.5%, Avg loss: 1.112908 

Epoch 2
-------------------------------
loss: 1.018782  [    0/50000]
loss: 1.045839  [ 6400/50000]
loss: 0.831430  [12800/50000]
loss: 0.695409  [19200/50000]
loss: 0.796828  [25600/50000]
loss: 0.796549  [32000/50000]
loss: 0.658069  [38400/50000]
loss: 0.608241  [44800/50000]
Test Error: 
 Accuracy: 72.0%, Avg loss: 0.823015 

Epoch 3
-------------------------------
loss: 0.642909  [    0/50000]
loss: 0.769276  [ 6400/50000]
loss: 0.464426  [12800/50000]
loss: 0.607830  [19200/50000]
loss: 0.741119  [25600/50000]
loss: 0.736073  [32000/50000]
loss: 0.755946  [38400/50000]
loss: 0.394590  [44800/50000]
Test Error: 
 Accuracy: 77.2%, Avg loss: 0.664963 

Epoch 4
-------------------------------
loss: 0.432376  [    0/50000]
loss: 0.381371  [ 6400/50000]
loss: 0.643753  [12800/50000]
loss: 0.784474  [19200/50000]
loss: 0.683133  [25600/50000]
loss: 0.533110  [32000/50000]
loss: 0.446309  [38400/50000]
loss: 0.544737  [44800/50000]
Test Error: 
 Accuracy: 80.2%, Avg loss: 0.581876 

Epoch 5
-------------------------------
loss: 0.306612  [    0/50000]
loss: 0.439131  [ 6400/50000]
loss: 0.455893  [12800/50000]
loss: 0.488071  [19200/50000]
loss: 0.232665  [25600/50000]
loss: 0.407429  [32000/50000]
loss: 0.440981  [38400/50000]
loss: 0.293373  [44800/50000]
Test Error: 
 Accuracy: 81.8%, Avg loss: 0.546127 

Epoch 6
-------------------------------
loss: 0.343481  [    0/50000]
loss: 0.215260  [ 6400/50000]
loss: 0.176557  [12800/50000]
loss: 0.264183  [19200/50000]
loss: 0.340580  [25600/50000]
loss: 0.437722  [32000/50000]
loss: 0.337557  [38400/50000]
loss: 0.228170  [44800/50000]
Test Error: 
 Accuracy: 82.5%, Avg loss: 0.527749 

Epoch 7
-------------------------------
loss: 0.274135  [    0/50000]
loss: 0.196899  [ 6400/50000]
loss: 0.418021  [12800/50000]
loss: 0.245683  [19200/50000]
loss: 0.305030  [25600/50000]
loss: 0.257916  [32000/50000]
loss: 0.335308  [38400/50000]
loss: 0.351646  [44800/50000]
Test Error: 
 Accuracy: 83.3%, Avg loss: 0.525185 

Epoch 8
-------------------------------
loss: 0.310247  [    0/50000]
loss: 0.106047  [ 6400/50000]
loss: 0.136287  [12800/50000]
loss: 0.085363  [19200/50000]
loss: 0.165204  [25600/50000]
loss: 0.161211  [32000/50000]
loss: 0.156781  [38400/50000]
loss: 0.213620  [44800/50000]
Test Error: 
 Accuracy: 82.5%, Avg loss: 0.579517 

Epoch 9
-------------------------------
loss: 0.194160  [    0/50000]
loss: 0.082846  [ 6400/50000]
loss: 0.234598  [12800/50000]
loss: 0.051526  [19200/50000]
loss: 0.097026  [25600/50000]
loss: 0.263089  [32000/50000]
loss: 0.138403  [38400/50000]
loss: 0.150832  [44800/50000]
Test Error: 
 Accuracy: 83.0%, Avg loss: 0.602139 

Epoch 10
-------------------------------
loss: 0.203794  [    0/50000]
loss: 0.116160  [ 6400/50000]
loss: 0.119628  [12800/50000]
loss: 0.081863  [19200/50000]
loss: 0.072418  [25600/50000]
loss: 0.093521  [32000/50000]
loss: 0.062077  [38400/50000]
loss: 0.064633  [44800/50000]
Test Error: 
 Accuracy: 82.3%, Avg loss: 0.667769 

Epoch 11
-------------------------------
loss: 0.189511  [    0/50000]
loss: 0.013525  [ 6400/50000]
loss: 0.017318  [12800/50000]
loss: 0.023491  [19200/50000]
loss: 0.051359  [25600/50000]
loss: 0.179996  [32000/50000]
loss: 0.066700  [38400/50000]
loss: 0.047502  [44800/50000]
Test Error: 
 Accuracy: 83.3%, Avg loss: 0.656757 

Epoch 12
-------------------------------
loss: 0.046952  [    0/50000]
loss: 0.085171  [ 6400/50000]
loss: 0.111725  [12800/50000]
loss: 0.026671  [19200/50000]
loss: 0.094082  [25600/50000]
loss: 0.036620  [32000/50000]
loss: 0.066943  [38400/50000]
loss: 0.064128  [44800/50000]
Test Error: 
 Accuracy: 82.2%, Avg loss: 0.777540 

Epoch 13
-------------------------------
loss: 0.048134  [    0/50000]
loss: 0.040505  [ 6400/50000]
loss: 0.039507  [12800/50000]
loss: 0.050155  [19200/50000]
loss: 0.048422  [25600/50000]
loss: 0.050815  [32000/50000]
loss: 0.132447  [38400/50000]
loss: 0.088196  [44800/50000]
Test Error: 
 Accuracy: 83.7%, Avg loss: 0.697341 

Epoch 14
-------------------------------
loss: 0.030107  [    0/50000]
loss: 0.049695  [ 6400/50000]
loss: 0.022603  [12800/50000]
loss: 0.040807  [19200/50000]
loss: 0.029885  [25600/50000]
loss: 0.231993  [32000/50000]
loss: 0.118816  [38400/50000]
loss: 0.032133  [44800/50000]
Test Error: 
 Accuracy: 83.3%, Avg loss: 0.769453 

Epoch 15
-------------------------------
loss: 0.099908  [    0/50000]
loss: 0.050158  [ 6400/50000]
loss: 0.020280  [12800/50000]
loss: 0.093086  [19200/50000]
loss: 0.048044  [25600/50000]
loss: 0.031644  [32000/50000]
loss: 0.059106  [38400/50000]
loss: 0.046749  [44800/50000]
Test Error: 
 Accuracy: 84.2%, Avg loss: 0.694915 

Epoch 16
-------------------------------
loss: 0.005336  [    0/50000]
loss: 0.023635  [ 6400/50000]
loss: 0.060520  [12800/50000]
loss: 0.041947  [19200/50000]
loss: 0.073999  [25600/50000]
loss: 0.036260  [32000/50000]
loss: 0.085151  [38400/50000]
loss: 0.042270  [44800/50000]
Test Error: 
 Accuracy: 82.8%, Avg loss: 0.832771 

Epoch 17
-------------------------------
loss: 0.006075  [    0/50000]
loss: 0.053043  [ 6400/50000]
loss: 0.057555  [12800/50000]
loss: 0.087512  [19200/50000]
loss: 0.052429  [25600/50000]
loss: 0.049541  [32000/50000]
loss: 0.004894  [38400/50000]
loss: 0.044678  [44800/50000]
Test Error: 
 Accuracy: 84.3%, Avg loss: 0.739718 

Epoch 18
-------------------------------
loss: 0.083895  [    0/50000]
loss: 0.060039  [ 6400/50000]
loss: 0.006334  [12800/50000]
loss: 0.020375  [19200/50000]
loss: 0.044267  [25600/50000]
loss: 0.086937  [32000/50000]
loss: 0.064242  [38400/50000]
loss: 0.073270  [44800/50000]
Test Error: 
 Accuracy: 83.7%, Avg loss: 0.800059 

Epoch 19
-------------------------------
loss: 0.015077  [    0/50000]
loss: 0.034350  [ 6400/50000]
loss: 0.102501  [12800/50000]
loss: 0.012719  [19200/50000]
loss: 0.004905  [25600/50000]
loss: 0.003811  [32000/50000]
loss: 0.068488  [38400/50000]
loss: 0.046415  [44800/50000]
Test Error: 
 Accuracy: 83.8%, Avg loss: 0.784473 

Epoch 20
-------------------------------
loss: 0.004252  [    0/50000]
loss: 0.021188  [ 6400/50000]
loss: 0.055357  [12800/50000]
loss: 0.029571  [19200/50000]
loss: 0.042066  [25600/50000]
loss: 0.021837  [32000/50000]
loss: 0.109583  [38400/50000]
loss: 0.046497  [44800/50000]
Test Error: 
 Accuracy: 84.0%, Avg loss: 0.765470 

Epoch 21
-------------------------------
loss: 0.002662  [    0/50000]
loss: 0.020933  [ 6400/50000]
loss: 0.005488  [12800/50000]
loss: 0.041302  [19200/50000]
loss: 0.010991  [25600/50000]
loss: 0.025482  [32000/50000]
loss: 0.016065  [38400/50000]
loss: 0.011662  [44800/50000]
Test Error: 
 Accuracy: 83.0%, Avg loss: 0.885054 

Epoch 22
-------------------------------
loss: 0.028259  [    0/50000]
loss: 0.061832  [ 6400/50000]
loss: 0.023541  [12800/50000]
loss: 0.103118  [19200/50000]
loss: 0.009765  [25600/50000]
loss: 0.096193  [32000/50000]
loss: 0.015171  [38400/50000]
loss: 0.006995  [44800/50000]
Test Error: 
 Accuracy: 83.9%, Avg loss: 0.797710 

Epoch 23
-------------------------------
loss: 0.009228  [    0/50000]
loss: 0.030791  [ 6400/50000]
loss: 0.037936  [12800/50000]
loss: 0.066628  [19200/50000]
loss: 0.042635  [25600/50000]
loss: 0.001304  [32000/50000]
loss: 0.003005  [38400/50000]
loss: 0.031936  [44800/50000]
Test Error: 
 Accuracy: 84.2%, Avg loss: 0.795299 

Epoch 24
-------------------------------
loss: 0.059902  [    0/50000]
loss: 0.037747  [ 6400/50000]
loss: 0.003975  [12800/50000]
loss: 0.000999  [19200/50000]
loss: 0.089375  [25600/50000]
loss: 0.011742  [32000/50000]
loss: 0.002820  [38400/50000]
loss: 0.041086  [44800/50000]
Test Error: 
 Accuracy: 83.8%, Avg loss: 0.851100 

Epoch 25
-------------------------------
loss: 0.003044  [    0/50000]
loss: 0.004220  [ 6400/50000]
loss: 0.002910  [12800/50000]
loss: 0.044939  [19200/50000]
loss: 0.009511  [25600/50000]
loss: 0.011330  [32000/50000]
loss: 0.005428  [38400/50000]
loss: 0.004874  [44800/50000]
Test Error: 
 Accuracy: 83.2%, Avg loss: 0.898408 

Epoch 26
-------------------------------
loss: 0.022183  [    0/50000]
loss: 0.007237  [ 6400/50000]
loss: 0.044816  [12800/50000]
loss: 0.066457  [19200/50000]
loss: 0.005921  [25600/50000]
loss: 0.098813  [32000/50000]
loss: 0.025913  [38400/50000]
loss: 0.056471  [44800/50000]
Test Error: 
 Accuracy: 84.6%, Avg loss: 0.786395 

Epoch 27
-------------------------------
loss: 0.030086  [    0/50000]
loss: 0.030279  [ 6400/50000]
loss: 0.071863  [12800/50000]
loss: 0.150980  [19200/50000]
loss: 0.006213  [25600/50000]
loss: 0.005918  [32000/50000]
loss: 0.093848  [38400/50000]
loss: 0.017023  [44800/50000]
Test Error: 
 Accuracy: 84.4%, Avg loss: 0.803440 

Epoch 28
-------------------------------
loss: 0.011882  [    0/50000]
loss: 0.035340  [ 6400/50000]
loss: 0.033031  [12800/50000]
loss: 0.055884  [19200/50000]
loss: 0.002929  [25600/50000]
loss: 0.005087  [32000/50000]
loss: 0.004224  [38400/50000]
loss: 0.008321  [44800/50000]
Test Error: 
 Accuracy: 83.5%, Avg loss: 0.901526 

Epoch 29
-------------------------------
loss: 0.009861  [    0/50000]
loss: 0.005365  [ 6400/50000]
loss: 0.032412  [12800/50000]
loss: 0.003802  [19200/50000]
loss: 0.074248  [25600/50000]
loss: 0.020528  [32000/50000]
loss: 0.008832  [38400/50000]
loss: 0.037173  [44800/50000]
Test Error: 
 Accuracy: 83.6%, Avg loss: 0.868268 

Epoch 30
-------------------------------
loss: 0.014868  [    0/50000]
loss: 0.008803  [ 6400/50000]
loss: 0.001373  [12800/50000]
loss: 0.005614  [19200/50000]
loss: 0.046557  [25600/50000]
loss: 0.071422  [32000/50000]
loss: 0.006909  [38400/50000]
loss: 0.003605  [44800/50000]
Test Error: 
 Accuracy: 83.8%, Avg loss: 0.871289 

Epoch 31
-------------------------------
loss: 0.035835  [    0/50000]
loss: 0.002617  [ 6400/50000]
loss: 0.002922  [12800/50000]
loss: 0.032114  [19200/50000]
loss: 0.005320  [25600/50000]
loss: 0.050129  [32000/50000]
loss: 0.031601  [38400/50000]
loss: 0.039173  [44800/50000]
Test Error: 
 Accuracy: 83.6%, Avg loss: 0.898461 

Epoch 32
-------------------------------
loss: 0.006610  [    0/50000]
loss: 0.006635  [ 6400/50000]
loss: 0.006717  [12800/50000]
loss: 0.008790  [19200/50000]
loss: 0.038658  [25600/50000]
loss: 0.013820  [32000/50000]
loss: 0.003422  [38400/50000]
loss: 0.004094  [44800/50000]
Test Error: 
 Accuracy: 84.4%, Avg loss: 0.848318 

Epoch 33
-------------------------------
loss: 0.001667  [    0/50000]
loss: 0.045587  [ 6400/50000]
loss: 0.026437  [12800/50000]
loss: 0.006954  [19200/50000]
loss: 0.003074  [25600/50000]
loss: 0.002999  [32000/50000]
loss: 0.040612  [38400/50000]
loss: 0.052558  [44800/50000]
Test Error: 
 Accuracy: 84.8%, Avg loss: 0.881175 

Epoch 34
-------------------------------
loss: 0.019846  [    0/50000]
loss: 0.022584  [ 6400/50000]
loss: 0.024359  [12800/50000]
loss: 0.003864  [19200/50000]
loss: 0.000152  [25600/50000]
loss: 0.059599  [32000/50000]
loss: 0.015284  [38400/50000]
loss: 0.140127  [44800/50000]
Test Error: 
 Accuracy: 84.5%, Avg loss: 0.873911 

Epoch 35
-------------------------------
loss: 0.009977  [    0/50000]
loss: 0.000436  [ 6400/50000]
loss: 0.000586  [12800/50000]
loss: 0.000755  [19200/50000]
loss: 0.001240  [25600/50000]
loss: 0.016568  [32000/50000]
loss: 0.064256  [38400/50000]
loss: 0.047735  [44800/50000]
Test Error: 
 Accuracy: 84.8%, Avg loss: 0.859817 

Epoch 36
-------------------------------
loss: 0.000520  [    0/50000]
loss: 0.011195  [ 6400/50000]
loss: 0.032519  [12800/50000]
loss: 0.059652  [19200/50000]
loss: 0.009237  [25600/50000]
loss: 0.053930  [32000/50000]
loss: 0.001306  [38400/50000]
loss: 0.004232  [44800/50000]
Test Error: 
 Accuracy: 83.7%, Avg loss: 0.917590 

Epoch 37
-------------------------------
loss: 0.005846  [    0/50000]
loss: 0.005925  [ 6400/50000]
loss: 0.005128  [12800/50000]
loss: 0.000848  [19200/50000]
loss: 0.044652  [25600/50000]
loss: 0.019443  [32000/50000]
loss: 0.008577  [38400/50000]
loss: 0.038031  [44800/50000]
Test Error: 
 Accuracy: 83.9%, Avg loss: 0.916554 

Epoch 38
-------------------------------
loss: 0.010393  [    0/50000]
loss: 0.055288  [ 6400/50000]
loss: 0.005233  [12800/50000]
loss: 0.059571  [19200/50000]
loss: 0.008073  [25600/50000]
loss: 0.024728  [32000/50000]
loss: 0.137689  [38400/50000]
loss: 0.028535  [44800/50000]
Test Error: 
 Accuracy: 83.9%, Avg loss: 0.915509 

Epoch 39
-------------------------------
loss: 0.006227  [    0/50000]
loss: 0.004246  [ 6400/50000]
loss: 0.028926  [12800/50000]
loss: 0.002406  [19200/50000]
loss: 0.002161  [25600/50000]
loss: 0.036917  [32000/50000]
loss: 0.024949  [38400/50000]
loss: 0.016389  [44800/50000]
Test Error: 
 Accuracy: 84.2%, Avg loss: 0.886630 

Epoch 40
-------------------------------
loss: 0.019914  [    0/50000]
loss: 0.006597  [ 6400/50000]
loss: 0.003954  [12800/50000]
loss: 0.072589  [19200/50000]
loss: 0.002704  [25600/50000]
loss: 0.011425  [32000/50000]
loss: 0.000273  [38400/50000]
loss: 0.014987  [44800/50000]
Test Error: 
 Accuracy: 84.1%, Avg loss: 0.890659 

Epoch 41
-------------------------------
loss: 0.004651  [    0/50000]
loss: 0.007374  [ 6400/50000]
loss: 0.006942  [12800/50000]
loss: 0.000860  [19200/50000]
loss: 0.011896  [25600/50000]
loss: 0.001599  [32000/50000]
loss: 0.067847  [38400/50000]
loss: 0.008636  [44800/50000]
Test Error: 
 Accuracy: 84.8%, Avg loss: 0.852015 

Epoch 42
-------------------------------
loss: 0.051722  [    0/50000]
loss: 0.006497  [ 6400/50000]
loss: 0.001711  [12800/50000]
loss: 0.017322  [19200/50000]
loss: 0.011007  [25600/50000]
loss: 0.011034  [32000/50000]
loss: 0.000764  [38400/50000]
loss: 0.076571  [44800/50000]
Test Error: 
 Accuracy: 83.9%, Avg loss: 0.921231 

Epoch 43
-------------------------------
loss: 0.026532  [    0/50000]
loss: 0.037411  [ 6400/50000]
loss: 0.001216  [12800/50000]
loss: 0.003764  [19200/50000]
loss: 0.000041  [25600/50000]
loss: 0.009103  [32000/50000]
loss: 0.072245  [38400/50000]
loss: 0.005985  [44800/50000]
Test Error: 
 Accuracy: 84.1%, Avg loss: 0.907870 

Epoch 44
-------------------------------
loss: 0.013487  [    0/50000]
loss: 0.002434  [ 6400/50000]
loss: 0.001641  [12800/50000]
loss: 0.002224  [19200/50000]
loss: 0.085385  [25600/50000]
loss: 0.000539  [32000/50000]
loss: 0.036615  [38400/50000]
loss: 0.010667  [44800/50000]
Test Error: 
 Accuracy: 83.7%, Avg loss: 0.965540 

Epoch 45
-------------------------------
loss: 0.024821  [    0/50000]
loss: 0.007015  [ 6400/50000]
loss: 0.045100  [12800/50000]
loss: 0.000717  [19200/50000]
loss: 0.014029  [25600/50000]
loss: 0.001254  [32000/50000]
loss: 0.002609  [38400/50000]
loss: 0.002337  [44800/50000]
Test Error: 
 Accuracy: 85.0%, Avg loss: 0.870099 

Epoch 46
-------------------------------
loss: 0.004036  [    0/50000]
loss: 0.011502  [ 6400/50000]
loss: 0.011403  [12800/50000]
loss: 0.001793  [19200/50000]
loss: 0.001150  [25600/50000]
loss: 0.003701  [32000/50000]
loss: 0.004337  [38400/50000]
loss: 0.025158  [44800/50000]
Test Error: 
 Accuracy: 85.1%, Avg loss: 0.892748 

Epoch 47
-------------------------------
loss: 0.052750  [    0/50000]
loss: 0.003450  [ 6400/50000]
loss: 0.001056  [12800/50000]
loss: 0.008251  [19200/50000]
loss: 0.004035  [25600/50000]
loss: 0.001193  [32000/50000]
loss: 0.001002  [38400/50000]
loss: 0.000896  [44800/50000]
Test Error: 
 Accuracy: 85.0%, Avg loss: 0.916244 

Epoch 48
-------------------------------
loss: 0.017305  [    0/50000]
loss: 0.000771  [ 6400/50000]
loss: 0.003432  [12800/50000]
loss: 0.001203  [19200/50000]
loss: 0.008718  [25600/50000]
loss: 0.000758  [32000/50000]
loss: 0.002567  [38400/50000]
loss: 0.001445  [44800/50000]
Test Error: 
 Accuracy: 83.8%, Avg loss: 0.949080 

Epoch 49
-------------------------------
loss: 0.013382  [    0/50000]
loss: 0.002511  [ 6400/50000]
loss: 0.009022  [12800/50000]
loss: 0.005560  [19200/50000]
loss: 0.006486  [25600/50000]
loss: 0.013502  [32000/50000]
loss: 0.002063  [38400/50000]
loss: 0.022187  [44800/50000]
Test Error: 
 Accuracy: 85.0%, Avg loss: 0.933834 

Epoch 50
-------------------------------
loss: 0.000892  [    0/50000]
loss: 0.000161  [ 6400/50000]
loss: 0.000379  [12800/50000]
loss: 0.037323  [19200/50000]
loss: 0.000320  [25600/50000]
loss: 0.000898  [32000/50000]
loss: 0.006927  [38400/50000]
loss: 0.018657  [44800/50000]
Test Error: 
 Accuracy: 83.9%, Avg loss: 1.024779 

Done!
